Fallout 4 v1.10.163
Buffout 4 v1.26.2

Unhandled exception "EXCEPTION_ACCESS_VIOLATION" at 0x7FF622F8C7AF Fallout4.exe+1DDC7AF

	[Compatibility]
		F4EE: false
	[Fixes]
		ActorIsHostileToActor: true
		CellInit: true
		CreateD3DAndSwapChain: true
		EncounterZoneReset: true
		GreyMovies: true
		MagicEffectApplyEvent: true
		MovementPlanner: true
		PackageAllocateLocation: true
		SafeExit: true
		TESObjectREFRGetEncounterZone: true
		UnalignedLoad: true
		UtilityShader: true
	[Patches]
		Achievements: true
		BSMTAManager: true
		BSPreCulledObjects: true
		BSTextureStreamerLocalHeap: true
		HavokMemorySystem: true
		INISettingCollection: true
		InputSwitch: false
		MaxStdIO: -1
		MemoryManager: true
		MemoryManagerDebug: false
		ScaleformAllocator: true
		SmallBlockAllocator: true
		WorkshopMenu: true
	[Warnings]
		CreateTexture2D: true
		ImageSpaceAdapter: true

SYSTEM SPECS:
	OS: Microsoft Windows 11 Pro v10.0.22621
	CPU: AuthenticAMD AMD Ryzen 5 3600 6-Core Processor              
	GPU #1: Nvidia TU116 [GeForce GTX 1660]
	GPU #2: Microsoft Basic Render Driver
	PHYSICAL MEMORY: 13.15 GB/15.95 GB

PROBABLE CALL STACK:
	[ 0] 0x7FF622F8C7AF      Fallout4.exe+1DDC7AF -> 147842+0xF
	[ 1] 0x7FF622F5B60B      Fallout4.exe+1DAB60B -> 548924+0x21B
	[ 2] 0x7FF622F56AAE      Fallout4.exe+1DA6AAE -> 1470471+0x21E
	[ 3] 0x7FF622F5AEBE      Fallout4.exe+1DAAEBE -> 1322043+0x8E
	[ 4] 0x7FF621840857      Fallout4.exe+0690857 -> 288620+0x67
	[ 5] 0x7FF62183E34C      Fallout4.exe+068E34C -> 224610+0x13C
	[ 6] 0x7FF62182B13B      Fallout4.exe+067B13B -> 389929+0x37B
	[ 7] 0x7FF62201CFA7      Fallout4.exe+0E6CFA7 -> 685791+0x187
	[ 8] 0x7FF621F12C8F      Fallout4.exe+0D62C8F -> 1546751+0x284F
	[ 9] 0x7FF621F080DB      Fallout4.exe+0D580DB -> 882638+0x13B
	[10] 0x7FFFD54A65AC f4se_1_10_163.dll+00165AC
	[11] 0x7FF621EEB503      Fallout4.exe+0D3B503 -> 338354+0x23
	[12] 0x7FF622D00F26      Fallout4.exe+1B50F26 -> 329005+0xC6
	[13] 0x7FF622D01432      Fallout4.exe+1B51432 -> 194800+0x202
	[14] 0x7FF622D03F67      Fallout4.exe+1B53F67 -> 1492866+0x67
	[15] 0x7FF622CCCFED      Fallout4.exe+1B1CFED -> 1079791+0x3D
	[16] 0x7FF85B2A26BD      KERNEL32.DLL+00126BD
	[17] 0x7FF85BDADFB8         ntdll.dll+005DFB8

REGISTERS:
	RAX 0x2F743BF1E0       (void*)
	RCX 0x155624B1720      (hclClothInstance*)
	RDX 0x0                (size_t)
	RBX 0x0                (size_t)
	RSP 0x2F743BEF80       (void*)
	RBP 0x2F743BF009       (void*)
	RSI 0x0                (size_t)
	RDI 0x82               (size_t)
	R8  0x0                (size_t)
	R9  0x3                (size_t)
	R10 0xFEFEFEFEFEFEFEFF (size_t)
	R11 0x8080808080808080 (size_t)
	R12 0x156F65691A8      (void*)
	R13 0x2F743BF170       (BSClothUtils::BSInstantiationUtil*)
	R14 0x156F65691A8      (void*)
	R15 0x0                (size_t)

STACK:
	[RSP+0   ] 0x0                (size_t)
	[RSP+8   ] 0x156265A5B80      (hclClothData*)
	[RSP+10  ] 0x15537A2DD48      (void*)
	[RSP+18  ] 0x0                (size_t)
	[RSP+20  ] 0x82               (size_t)
	[RSP+28  ] 0x7FF622F5B60B     (void* -> Fallout4.exe+1DAB60B)
	[RSP+30  ] 0x0                (size_t)
	[RSP+38  ] 0x0                (size_t)
	[RSP+40  ] 0x0                (size_t)
	[RSP+48  ] 0x0                (size_t)
	[RSP+50  ] 0x0                (size_t)
	[RSP+58  ] 0x0                (size_t)
	[RSP+60  ] 0x0                (size_t)
	[RSP+68  ] 0x0                (size_t)
	[RSP+70  ] 0x2F743BF078       (void*)
	[RSP+78  ] 0x155DA597610      (char*) "Root Transforms"
	[RSP+80  ] 0x15538C09000      (char*) "z"
	[RSP+88  ] 0x8000001400000009 (size_t)
	[RSP+90  ] 0x15538C09000      (char*) "z"
	[RSP+98  ] 0x15500000014      (void*)
	[RSP+A0  ] 0x15537A5DA30      (void*)
	[RSP+A8  ] 0x15537A5DA60      (void*)
	[RSP+B0  ] 0x155624B1720      (hclClothInstance*)
	[RSP+B8  ] 0x15537A2DD48      (void*)
	[RSP+C0  ] 0x2F743BF3A0       (void*)
	[RSP+C8  ] 0x15537A5DA30      (void*)
	[RSP+D0  ] 0x156265A5B80      (hclClothData*)
	[RSP+D8  ] 0x15537A2DD40      (void*)
	[RSP+E0  ] 0x2F743BF170       (BSClothUtils::BSInstantiationUtil*)
	[RSP+E8  ] 0x7FF622F56AAE     (void* -> Fallout4.exe+1DA6AAE)
	[RSP+F0  ] 0x15500000000      (void*)
	[RSP+F8  ] 0x156694693A0      (hkaSkeleton*)
	[RSP+100 ] 0x0                (size_t)
	[RSP+108 ] 0x2F743BEFF0       (void*)
	[RSP+110 ] 0x2F743BF3A0       (void*)
	[RSP+118 ] 0x156265A6518      (void*)
	[RSP+120 ] 0x15537A2DD40      (void*)
	[RSP+128 ] 0x7FF600000032     (size_t)
	[RSP+130 ] 0x15500000000      (void*)
	[RSP+138 ] 0x3F800000         (size_t)
	[RSP+140 ] 0x0                (size_t)
	[RSP+148 ] 0x156265A4780      (void*)
	[RSP+150 ] 0x154F2448AB8      (void*)
	[RSP+158 ] 0x154B9B24D20      (void*)
	[RSP+160 ] 0x4674DF98471C7CCD (size_t)
	[RSP+168 ] 0x440EDC3D         (size_t)
	[RSP+170 ] 0x0                (size_t)
	[RSP+178 ] 0x3F80000000000000 (size_t)
	[RSP+180 ] 0x3F7AE1483F7AE148 (size_t)
	[RSP+188 ] 0x3F7AE1483F7AE148 (size_t)
	[RSP+190 ] 0x10100000000      (size_t)
	[RSP+198 ] 0x0                (size_t)
	[RSP+1A0 ] 0x3F800000         (size_t)
	[RSP+1A8 ] 0x0                (size_t)
	[RSP+1B0 ] 0x3F80000000000000 (size_t)
	[RSP+1B8 ] 0x0                (size_t)
	[RSP+1C0 ] 0x0                (size_t)
	[RSP+1C8 ] 0x3F800000         (size_t)
	[RSP+1D0 ] 0x4674DF98471C7CCD (size_t)
	[RSP+1D8 ] 0x440EDC3D         (size_t)
	[RSP+1E0 ] 0x3F8000003F800000 (size_t)
	[RSP+1E8 ] 0x3F8000003F800000 (size_t)
	[RSP+1F0 ] 0x7FF623FF30B8     (void* -> Fallout4.exe+2E430B8)
	[RSP+1F8 ] 0x7FFFFFFF0001     (size_t)
	[RSP+200 ] 0x2F743BF1E0       (void*)
	[RSP+208 ] 0x2F743BF0B0       (void*)
	[RSP+210 ] 0x155DA547200      (BSDynamicTriShape*)
		Name: "Sleepwalker2"
	[RSP+218 ] 0x154B9B25640      (ScrapHeap*)
	[RSP+220 ] 0x0                (size_t)
	[RSP+228 ] 0x2F743BF1A0       (void*)
	[RSP+230 ] 0x0                (size_t)
	[RSP+238 ] 0x0                (size_t)
	[RSP+240 ] 0x0                (size_t)
	[RSP+248 ] 0x0                (size_t)
	[RSP+250 ] 0x15400000000      (size_t)
	[RSP+258 ] 0x7FF622D44BBB     (void* -> Fallout4.exe+1B94BBB)
	[RSP+260 ] 0x155624B1720      (hclClothInstance*)
	[RSP+268 ] 0x0                (size_t)
	[RSP+270 ] 0x15537A5DA30      (void*)
	[RSP+278 ] 0x7FF622D47268     (void* -> Fallout4.exe+1B97268)
	[RSP+280 ] 0x3F800000         (size_t)
	[RSP+288 ] 0x0                (size_t)
	[RSP+290 ] 0x3F80000000000000 (size_t)
	[RSP+298 ] 0x0                (size_t)
	[RSP+2A0 ] 0x0                (size_t)
	[RSP+2A8 ] 0x3F800000         (size_t)
	[RSP+2B0 ] 0x4674DF98471C7CCD (size_t)
	[RSP+2B8 ] 0x3F7AE148440EDC3D (size_t)
	[RSP+2C0 ] 0x7FF623DFA948     (void* -> Fallout4.exe+2C4A948)
	[RSP+2C8 ] 0x2F743BF3A0       (void*)
	[RSP+2D0 ] 0x0                (size_t)
	[RSP+2D8 ] 0x0                (size_t)
	[RSP+2E0 ] 0x154B9B256E0      (char*) "2"
	[RSP+2E8 ] 0x56               (size_t)
	[RSP+2F0 ] 0x1554A286400      (Actor*)
		Object Reference: 
			File: "3DNPC_FO4.esp"
			Flags: 0x00040008
			Form ID: 0x190030BA
			Form Type: 45
		File: "3DNPC_FO4.esp"
		Flags: 0x00400408
		Form ID: 0x19004320
		Form Type: 65
	[RSP+2F8 ] 0x15537A5DA00      (BSClothExtraData*)
	[RSP+300 ] 0x155DA547200      (BSDynamicTriShape*)
		Name: "Sleepwalker2"
	[RSP+308 ] 0x7FF622F5AEBE     (void* -> Fallout4.exe+1DAAEBE)
	[RSP+310 ] 0x15537A5DA00      (BSClothExtraData*)
	[RSP+318 ] 0x155DA547200      (BSDynamicTriShape*)
		Name: "Sleepwalker2"
	[RSP+320 ] 0x2F743BF3A0       (void*)
	[RSP+328 ] 0x0                (size_t)
	[RSP+330 ] 0x1555548BF70      (void*)
	[RSP+338 ] 0x7FF621769120     (void* -> Fallout4.exe+05B9120)
	[RSP+340 ] 0x0                (size_t)
	[RSP+348 ] 0x1554A286400      (Actor*)
		Object Reference: 
			File: "3DNPC_FO4.esp"
			Flags: 0x00040008
			Form ID: 0x190030BA
			Form Type: 45
		File: "3DNPC_FO4.esp"
		Flags: 0x00400408
		Form ID: 0x19004320
		Form Type: 65
	[RSP+350 ] 0x1                (size_t)
	[RSP+358 ] 0x7FF621840857     (void* -> Fallout4.exe+0690857)
	[RSP+360 ] 0x15557223700      (BGSHeadPart*)
		File: "KSHairdos.esp"
		Flags: 0x00000008
		Form ID: 0xE70008C7
		Form Type: 15
		Full Name: "Sleepwalker Alt"
	[RSP+368 ] 0x2F743BF380       (void*)
	[RSP+370 ] 0x155DA547200      (BSDynamicTriShape*)
		Name: "Sleepwalker2"
	[RSP+378 ] 0x155F0637100      (AIProcess::PendingActorHeadData*)
	[RSP+380 ] 0x1562BB18B60      (BSTEventSink<BSAnimationGraphEvent>*)
	[RSP+388 ] 0x7FF62183E34C     (void* -> Fallout4.exe+068E34C)
	[RSP+390 ] 0x2F743BF3A9       (void*)
	[RSP+398 ] 0x1562BB18B48      (void*)
	[RSP+3A0 ] 0x0                (size_t)
	[RSP+3A8 ] 0x154B9B256E0      (char*) "2"
	[RSP+3B0 ] 0x0                (size_t)
	[RSP+3B8 ] 0x7FF621F93F9F     (void* -> Fallout4.exe+0DE3F9F)
	[RSP+3C0 ] 0x154B9B25640      (ScrapHeap*)
	[RSP+3C8 ] 0x1562BB18B00      (void*)
	[RSP+3D0 ] 0x15600000020      (void*)
	[RSP+3D8 ] 0x7FF60000000C     (size_t)
	[RSP+3E0 ] 0x7FF623DF9DB8     (void* -> Fallout4.exe+2C49DB8)
	[RSP+3E8 ] 0x2F743BF340       (void*)
	[RSP+3F0 ] 0x156DDB64100      (void*)
	[RSP+3F8 ] 0x7FFFD4FBA2E9     (void* -> Buffout4.dll+004A2E9)
	[RSP+400 ] 0x2F743BF418       (void*)
	[RSP+408 ] 0x2F743BF3A0       (void*)
	[RSP+410 ] 0x2F743BF330       (void*)
	[RSP+418 ] 0x2F743BF420       (void*)
	[RSP+420 ] 0x3F800000         (size_t)
	[RSP+428 ] 0x0                (size_t)
	[RSP+430 ] 0x3F80000000000000 (size_t)
	[RSP+438 ] 0x0                (size_t)
	[RSP+440 ] 0x0                (size_t)
	[RSP+448 ] 0x3F800000         (size_t)
	[RSP+450 ] 0x4674DF98471C7CCD (size_t)
	[RSP+458 ] 0x3F7AE148440EDC3D (size_t)
	[RSP+460 ] 0xFFFFFFFF         (size_t)
	[RSP+468 ] 0x1554A286400      (Actor*)
		Object Reference: 
			File: "3DNPC_FO4.esp"
			Flags: 0x00040008
			Form ID: 0x190030BA
			Form Type: 45
		File: "3DNPC_FO4.esp"
		Flags: 0x00400408
		Form ID: 0x19004320
		Form Type: 65
	[RSP+470 ] 0x155F0637100      (AIProcess::PendingActorHeadData*)
	[RSP+478 ] 0x0                (size_t)
	[RSP+480 ] 0x2F743BF459       (void*)
	[RSP+488 ] 0x7FF62182B13B     (void* -> Fallout4.exe+067B13B)
	[RSP+490 ] 0x0                (size_t)
	[RSP+498 ] 0x155D9D21D00      (BSFaceGenNiNode*)
		Name: "BSFaceGenNiNodeSkinned"
	[RSP+4A0 ] 0x1554A286400      (Actor*)
		Object Reference: 
			File: "3DNPC_FO4.esp"
			Flags: 0x00040008
			Form ID: 0x190030BA
			Form Type: 45
		File: "3DNPC_FO4.esp"
		Flags: 0x00400408
		Form ID: 0x19004320
		Form Type: 65
	[RSP+4A8 ] 0x0                (size_t)
	[RSP+4B0 ] 0x1555ADD1E00      (void*)
	[RSP+4B8 ] 0x0                (size_t)
	[RSP+4C0 ] 0x156C1AFB580      (BSFaceGenNiNode*)
		Name: "BSFaceGenNiNodeSkinned"
	[RSP+4C8 ] 0x0                (size_t)
	[RSP+4D0 ] 0x0                (size_t)
	[RSP+4D8 ] 0x7FF600000000     (size_t)
	[RSP+4E0 ] 0x0                (size_t)
	[RSP+4E8 ] 0xE00080000        (size_t)
	[RSP+4F0 ] 0x0                (size_t)
	[RSP+4F8 ] 0x1552EF1E080      (void*)
	[RSP+500 ] 0x155F0637100      (AIProcess::PendingActorHeadData*)
	[RSP+508 ] 0x39B29B59E        (size_t)
	[RSP+510 ] 0x2F743BFA20       (char*) "l"
	[RSP+518 ] 0x0                (size_t)
	[RSP+520 ] 0x1554A421300      (void*)
	[RSP+528 ] 0x1554A286400      (Actor*)
		Object Reference: 
			File: "3DNPC_FO4.esp"
			Flags: 0x00040008
			Form ID: 0x190030BA
			Form Type: 45
		File: "3DNPC_FO4.esp"
		Flags: 0x00400408
		Form ID: 0x19004320
		Form Type: 65
	[RSP+530 ] 0xFFFFFFFF         (size_t)
	[RSP+538 ] 0x7FF62201CFA7     (void* -> Fallout4.exe+0E6CFA7)
	[RSP+540 ] 0x15400000000      (size_t)
	[RSP+548 ] 0x1554A286400      (Actor*)
		Object Reference: 
			File: "3DNPC_FO4.esp"
			Flags: 0x00040008
			Form ID: 0x190030BA
			Form Type: 45
		File: "3DNPC_FO4.esp"
		Flags: 0x00400408
		Form ID: 0x19004320
		Form Type: 65
	[RSP+550 ] 0x28BC8F           (size_t)
	[RSP+558 ] 0x2F743BF610       (void*)
	[RSP+560 ] 0x154B9B24D20      (void*)
	[RSP+568 ] 0x2                (size_t)
	[RSP+570 ] 0x0                (size_t)
	[RSP+578 ] 0x7FF6211B0000     (void*)
	[RSP+580 ] 0x155F0637100      (AIProcess::PendingActorHeadData*)
	[RSP+588 ] 0x7FF621F12C8F     (void* -> Fallout4.exe+0D62C8F)
	[RSP+590 ] 0x1540022578E      (size_t)
	[RSP+598 ] 0x154F2357E58      (BSTCommonScrapHeapMessageQueue<BSPackedTask>*)
	[RSP+5A0 ] 0x1554A286400      (Actor*)
		Object Reference: 
			File: "3DNPC_FO4.esp"
			Flags: 0x00040008
			Form ID: 0x190030BA
			Form Type: 45
		File: "3DNPC_FO4.esp"
		Flags: 0x00400408
		Form ID: 0x19004320
		Form Type: 65
	[RSP+5A8 ] 0x2F743BF610       (void*)
	[RSP+5B0 ] 0x0                (size_t)
	[RSP+5B8 ] 0x0                (size_t)
	[RSP+5C0 ] 0x2F743BF660       (void*)
	[RSP+5C8 ] 0x1553D2A6C00      (TESObjectREFR*)
		Object Reference: 
			File: "Fallout4.esm"
			Flags: 0x00800009
			Form ID: 0x0000003B
			Form Type: 36
		File: "Fallout4.esm"
		Flags: 0x00000409
		Form ID: 0x001A43EE
		Form Type: 64
	[RSP+5D0 ] 0x1553F3AFA00      (TESQuest*)
		File: "Fallout4.esm"
		Flags: 0x00400009
		Form ID: 0x0012221F
		Form Type: 80
		Full Name: "Prep School"
	[RSP+5D8 ] 0x7FF6218DCD4C     (void* -> Fallout4.exe+072CD4C)
	[RSP+5E0 ] 0x154B9B24D20      (void*)
	[RSP+5E8 ] 0x15500000001      (void*)
	[RSP+5F0 ] 0x1551C368100      (BSScript::Internal::VirtualMachine*)
	[RSP+5F8 ] 0xFFFF0006B500     (size_t)
	[RSP+600 ] 0x15531023040      (PlayerCharacter*)
		Object Reference: 
			File: "UniquePlayer.esp"
			Flags: 0x00040009
			Form ID: 0x00000007
			Form Type: 45
		File: ""
		Flags: 0x00440448
		Form ID: 0x00000014
		Form Type: 65
	[RSP+608 ] 0x0                (size_t)
	[RSP+610 ] 0x2F743BF560       (void*)
	[RSP+618 ] 0x1553DF89BC0      (TESObjectREFR*)
		Object Reference: 
			File: "Fallout4.esm"
			Flags: 0x00800009
			Form ID: 0x00000010
			Form Type: 36
		File: "Fallout4.esm"
		Flags: 0x00400409
		Form ID: 0x0002A4BB
		Form Type: 64
	[RSP+620 ] 0x0                (size_t)
	[RSP+628 ] 0x7FF626C13510     (BSTValueEventSink<VATSCommandTargetEvent>*)
	[RSP+630 ] 0x1566ED82314      (void*)
	[RSP+638 ] 0x0                (size_t)
	[RSP+640 ] 0x800000006        (size_t)
	[RSP+648 ] 0x7FF623651E25     (void* -> Fallout4.exe+24A1E25)
	[RSP+650 ] 0x155A74B4800      (Actor*)
		Object Reference: 
			File: ""
			Flags: 0x00000008
			Form ID: 0xFF00B9B4
			Form Type: 45
		File: "Fallout4.esm"
		Flags: 0x00400409
		Form ID: 0x0006B505
		Form Type: 65
	[RSP+658 ] 0x0                (size_t)
	[RSP+660 ] 0x1553ED99300      (TESQuest*)
		File: "Fallout4.esm"
		Flags: 0x00400009
		Form ID: 0x0006B500
		Form Type: 80
		Full Name: "The Glowing Sea"
	[RSP+668 ] 0x0                (size_t)
	[RSP+670 ] 0x464AAE2D46CF7928 (size_t)
	[RSP+678 ] 0x444F6C3F         (size_t)
	[RSP+680 ] 0x464AA63646CF7BE0 (size_t)
	[RSP+688 ] 0x444F1ED8         (size_t)
	[RSP+690 ] 0x2829BF46CC83CB   (size_t)
	[RSP+698 ] 0x4491C5D8         (size_t)
	[RSP+6A0 ] 0x3CCCCCCD         (size_t)
	[RSP+6A8 ] 0x0                (size_t)
	[RSP+6B0 ] 0x0                (size_t)
	[RSP+6B8 ] 0x0                (size_t)
	[RSP+6C0 ] 0x0                (size_t)
	[RSP+6C8 ] 0x20000000000000   (size_t)
	[RSP+6D0 ] 0x0                (size_t)
	[RSP+6D8 ] 0x0                (size_t)
	[RSP+6E0 ] 0x0                (size_t)
	[RSP+6E8 ] 0x0                (size_t)
	[RSP+6F0 ] 0x0                (size_t)
	[RSP+6F8 ] 0x0                (size_t)
	[RSP+700 ] 0x0                (size_t)
	[RSP+708 ] 0x0                (size_t)
	[RSP+710 ] 0x2031BF00000000   (size_t)
	[RSP+718 ] 0x0                (size_t)
	[RSP+720 ] 0x0                (size_t)
	[RSP+728 ] 0x3E4A21E3403F475B (size_t)
	[RSP+730 ] 0x3CCCCCCD         (size_t)
	[RSP+738 ] 0x0                (size_t)
	[RSP+740 ] 0x0                (size_t)
	[RSP+748 ] 0x0                (size_t)
	[RSP+750 ] 0x0                (size_t)
	[RSP+758 ] 0x0                (size_t)
	[RSP+760 ] 0x80000000         (size_t)
	[RSP+768 ] 0x0                (size_t)
	[RSP+770 ] 0x0                (size_t)
	[RSP+778 ] 0x1553C049D00      (Actor*)
		Object Reference: 
			File: ""
			Flags: 0x00000008
			Form ID: 0xFF00BAC2
			Form Type: 45
		File: "Fallout4.esm"
		Flags: 0x00500449
		Form ID: 0x00102249
		Form Type: 65
	[RSP+780 ] 0x0                (size_t)
	[RSP+788 ] 0x0                (size_t)
	[RSP+790 ] 0x0                (size_t)
	[RSP+798 ] 0x0                (size_t)
	[RSP+7A0 ] 0x0                (size_t)
	[RSP+7A8 ] 0x0                (size_t)
	[RSP+7B0 ] 0x3FADD37EBFE0AC7C (size_t)
	[RSP+7B8 ] 0x40F92C76         (size_t)
	[RSP+7C0 ] 0x41DEDB74         (size_t)
	[RSP+7C8 ] 0x0                (size_t)
	[RSP+7D0 ] 0x2F743BF9C8       (void*)
	[RSP+7D8 ] 0x7FF622D61156     (void* -> Fallout4.exe+1BB1156)
	[RSP+7E0 ] 0x15500000000      (void*)
	[RSP+7E8 ] 0x2F00000000       (size_t)
	[RSP+7F0 ] 0x15600000000      (void*)
	[RSP+7F8 ] 0x0                (size_t)
	[RSP+800 ] 0xBE1F12C5BF7819FC (size_t)
	[RSP+808 ] 0x41DEDB74BE43F6D8 (size_t)
	[RSP+810 ] 0xBF7CDC453E18E4FC (size_t)
	[RSP+818 ] 0x156D6E6A200      (Hazard*)
		Object Reference: 
			File: "Fallout4.esm"
			Flags: 0x00000009
			Form ID: 0x00195909
			Form Type: 52
		File: "Fallout4.esm"
		Flags: 0x00000009
		Form ID: 0x000D811C
		Form Type: 73
	[RSP+820 ] 0x2F743BF920       (void*)
	[RSP+828 ] 0x7FF622D4967A     (void* -> Fallout4.exe+1B9967A)
	[RSP+830 ] 0x0                (size_t)
	[RSP+838 ] 0x0                (size_t)
	[RSP+840 ] 0x0                (size_t)
	[RSP+848 ] 0x0                (size_t)
	[RSP+850 ] 0x2F743BF920       (void*)
	[RSP+858 ] 0x7FF622D4968E     (void* -> Fallout4.exe+1B9968E)
	[RSP+860 ] 0x154F2332800      (SceneGraph*)
		Name: "WorldRoot Node"
	[RSP+868 ] 0x0                (size_t)
	[RSP+870 ] 0x2F743BF920       (void*)
	[RSP+878 ] 0x7FF622D53F08     (void* -> Fallout4.exe+1BA3F08)
	[RSP+880 ] 0x2F743BF920       (void*)
	[RSP+888 ] 0x7FF622CC093F     (void* -> Fallout4.exe+1B1093F)
	[RSP+890 ] 0x154F231E780      (ShadowSceneNode*)
		Name: "shadow scene node"
	[RSP+898 ] 0x80000000BE43F6D8 (size_t)
	[RSP+8A0 ] 0x156F657E200      (BSTriShape*)
		Name: "MarkerX:0"
	[RSP+8A8 ] 0x7FF622D60D98     (void* -> Fallout4.exe+1BB0D98)
	[RSP+8B0 ] 0x15596CF09A0      (void*)
	[RSP+8B8 ] 0x7FF6211F36DE     (void* -> Fallout4.exe+00436DE)
	[RSP+8C0 ] 0x15596CF09C0      (void*)
	[RSP+8C8 ] 0x3F800000444F6C3F (size_t)
	[RSP+8D0 ] 0x0                (size_t)
	[RSP+8D8 ] 0x7FF622D492D2     (void* -> Fallout4.exe+1B992D2)
	[RSP+8E0 ] 0x0                (size_t)
	[RSP+8E8 ] 0x7FF62123C4C7     (void* -> Fallout4.exe+008C4C7)
	[RSP+8F0 ] 0x2F743BF900       (void*)
	[RSP+8F8 ] 0x15596CF09A0      (void*)
	[RSP+900 ] 0x0                (size_t)
	[RSP+908 ] 0x0                (size_t)
	[RSP+910 ] 0x156FC4CA240      (BSFadeNode*)
		Name: "MarkerX"
	[RSP+918 ] 0x7FF621632284     (void* -> Fallout4.exe+0482284)
	[RSP+920 ] 0x15596CF09C0      (void*)
	[RSP+928 ] 0x2F743BF9C9       (void*)
	[RSP+930 ] 0x15596CD20C0      (TESObjectREFR*)
		Object Reference: 
			File: "Fallout4.esm"
			Flags: 0x00800009
			Form ID: 0x0000003B
			Form Type: 36
		File: ""
		Flags: 0x00400508
		Form ID: 0xFF00463F
		Form Type: 64
	[RSP+938 ] 0x15596CD20C0      (TESObjectREFR*)
		Object Reference: 
			File: "Fallout4.esm"
			Flags: 0x00800009
			Form ID: 0x0000003B
			Form Type: 36
		File: ""
		Flags: 0x00400508
		Form ID: 0xFF00463F
		Form Type: 64
	[RSP+940 ] 0x156FC4CA240      (BSFadeNode*)
		Name: "MarkerX"
	[RSP+948 ] 0x7FF62123B4B0     (void* -> Fallout4.exe+008B4B0)
	[RSP+950 ] 0x2F743BF980       (void*)
	[RSP+958 ] 0x0                (size_t)
	[RSP+960 ] 0x155BE1BEC20      (void*)
	[RSP+968 ] 0x0                (size_t)
	[RSP+970 ] 0x0                (size_t)
	[RSP+978 ] 0x7FF62159E3FB     (void* -> Fallout4.exe+03EE3FB)
	[RSP+980 ] 0x0                (size_t)
	[RSP+988 ] 0x15596CD20C0      (TESObjectREFR*)
		Object Reference: 
			File: "Fallout4.esm"
			Flags: 0x00800009
			Form ID: 0x0000003B
			Form Type: 36
		File: ""
		Flags: 0x00400508
		Form ID: 0xFF00463F
		Form Type: 64
	[RSP+990 ] 0x0                (size_t)
	[RSP+998 ] 0x1552FB0AB00      (TESWorldSpace*)
		File: "Sanctuary-estates-clean-BOS.esp"
		Flags: 0x0000000B
		Form ID: 0x0000003C
		Form Type: 74
		Full Name: "Commonwealth"
	[RSP+9A0 ] 0x2F00000000       (size_t)
	[RSP+9A8 ] 0x0                (size_t)
	[RSP+9B0 ] 0x100080100        (size_t)
	[RSP+9B8 ] 0x7FFFD4FB9E2E     (void* -> Buffout4.dll+0049E2E)
	[RSP+9C0 ] 0xBE1F12C5BF7819FC (size_t)
	[RSP+9C8 ] 0x7FF62121697A     (void* -> Fallout4.exe+006697A)
	[RSP+9D0 ] 0x0                (size_t)
	[RSP+9D8 ] 0x3D3AF8FC         (size_t)
	[RSP+9E0 ] 0x7FFFD51D2510     (void* -> Buffout4.dll+0262510)
	[RSP+9E8 ] 0x7FFFD4FBA2E9     (void* -> Buffout4.dll+004A2E9)
	[RSP+9F0 ] 0x1565155C0E0      (void*)
	[RSP+9F8 ] 0x0                (size_t)
	[RSP+A00 ] 0x156A9E21D60      (void*)
	[RSP+A08 ] 0x2F44EF0868       (size_t)
	[RSP+A10 ] 0x1                (size_t)
	[RSP+A18 ] 0x7FF621EFCF36     (void* -> Fallout4.exe+0D4CF36)
	[RSP+A20 ] 0x40A00000         (size_t)
	[RSP+A28 ] 0x0                (size_t)
	[RSP+A30 ] 0x2                (size_t)
	[RSP+A38 ] 0x0                (size_t)
	[RSP+A40 ] 0x39B29B59E        (size_t)
	[RSP+A48 ] 0x154F2357E58      (BSTCommonScrapHeapMessageQueue<BSPackedTask>*)
	[RSP+A50 ] 0x154F2318160      (void*)
	[RSP+A58 ] 0x8                (size_t)
	[RSP+A60 ] 0x1F98             (size_t)
	[RSP+A68 ] 0x0                (size_t)
	[RSP+A70 ] 0x0                (size_t)
	[RSP+A78 ] 0x7FF621F080DB     (void* -> Fallout4.exe+0D580DB)
	[RSP+A80 ] 0x154F2357E58      (BSTCommonScrapHeapMessageQueue<BSPackedTask>*)
	[RSP+A88 ] 0x1562F410530      (void*)
	[RSP+A90 ] 0x7FF626D98088     (void* -> Fallout4.exe+5BE8088)
	[RSP+A98 ] 0x0                (size_t)
	[RSP+AA0 ] 0x6C               (size_t)
	[RSP+AA8 ] 0x155F0637100      (AIProcess::PendingActorHeadData*)
	[RSP+AB0 ] 0x0                (size_t)
	[RSP+AB8 ] 0x0                (size_t)
	[RSP+AC0 ] 0x0                (size_t)
	[RSP+AC8 ] 0x0                (size_t)
	[RSP+AD0 ] 0x0                (size_t)
	[RSP+AD8 ] 0x0                (size_t)
	[RSP+AE0 ] 0x0                (size_t)
	[RSP+AE8 ] 0x0                (size_t)
	[RSP+AF0 ] 0x0                (size_t)
	[RSP+AF8 ] 0x0                (size_t)
	[RSP+B00 ] 0x0                (size_t)
	[RSP+B08 ] 0x0                (size_t)
	[RSP+B10 ] 0x0                (size_t)
	[RSP+B18 ] 0x0                (size_t)
	[RSP+B20 ] 0x0                (size_t)
	[RSP+B28 ] 0x0                (size_t)
	[RSP+B30 ] 0x7FF626D98084     (void* -> Fallout4.exe+5BE8084)
	[RSP+B38 ] 0x1                (size_t)
	[RSP+B40 ] 0x7FF626D98080     (void* -> Fallout4.exe+5BE8080)
	[RSP+B48 ] 0x7FF626D98088     (void* -> Fallout4.exe+5BE8088)
	[RSP+B50 ] 0x154F233D520      (void*)
	[RSP+B58 ] 0x0                (size_t)
	[RSP+B60 ] 0x0                (size_t)
	[RSP+B68 ] 0x7FFFD54A65AC     (void* -> f4se_1_10_163.dll+00165AC)
	[RSP+B70 ] 0xC350             (size_t)
	[RSP+B78 ] 0x154F2357D80      (Main*)
	[RSP+B80 ] 0x15400000008      (size_t)
	[RSP+B88 ] 0x0                (size_t)
	[RSP+B90 ] 0x154F233D520      (void*)
	[RSP+B98 ] 0x7FF621EEB503     (void* -> Fallout4.exe+0D3B503)
	[RSP+BA0 ] 0x154F233D520      (void*)
	[RSP+BA8 ] 0x7FF626D99610     (void* -> Fallout4.exe+5BE9610)
	[RSP+BB0 ] 0x0                (size_t)
	[RSP+BB8 ] 0x0                (size_t)
	[RSP+BC0 ] 0x7FF626D99610     (void* -> Fallout4.exe+5BE9610)
	[RSP+BC8 ] 0x7FF622D00F26     (void* -> Fallout4.exe+1B50F26)
	[RSP+BD0 ] 0x7FF626D99610     (void* -> Fallout4.exe+5BE9610)
	[RSP+BD8 ] 0x7FF626D995C0     (BSJobs::JobThread*)
	[RSP+BE0 ] 0x7FF626D995C0     (BSJobs::JobThread*)
	[RSP+BE8 ] 0x7FF85955B8CD     (void* -> KERNELBASE.dll+006B8CD)
	[RSP+BF0 ] 0x0                (size_t)
	[RSP+BF8 ] 0x0                (size_t)
	[RSP+C00 ] 0x11               (size_t)
	[RSP+C08 ] 0x0                (size_t)
	[RSP+C10 ] 0x7FF626D995C0     (BSJobs::JobThread*)
	[RSP+C18 ] 0x7FF622D01432     (void* -> Fallout4.exe+1B51432)
	[RSP+C20 ] 0x0                (size_t)
	[RSP+C28 ] 0x7FF626D995C0     (BSJobs::JobThread*)
	[RSP+C30 ] 0x0                (size_t)
	[RSP+C38 ] 0x2F743BFC10       (void*)
	[RSP+C40 ] 0x0                (size_t)
	[RSP+C48 ] 0x0                (size_t)
	[RSP+C50 ] 0x0                (size_t)
	[RSP+C58 ] 0x7FF622D03F67     (void* -> Fallout4.exe+1B53F67)
	[RSP+C60 ] 0x7FF626D995C0     (BSJobs::JobThread*)
	[RSP+C68 ] 0x0                (size_t)
	[RSP+C70 ] 0x0                (size_t)
	[RSP+C78 ] 0x0                (size_t)
	[RSP+C80 ] 0x7FF626D995C0     (BSJobs::JobThread*)
	[RSP+C88 ] 0x7FF622CCCFED     (void* -> Fallout4.exe+1B1CFED)
	[RSP+C90 ] 0x4890             (size_t)
	[RSP+C98 ] 0x2F743BFC30       (void*)
	[RSP+CA0 ] 0x154F231BC90      (void*)
	[RSP+CA8 ] 0x0                (size_t)
	[RSP+CB0 ] 0x7FF626D995C0     (BSJobs::JobThread*)
	[RSP+CB8 ] 0x0                (size_t)
	[RSP+CC0 ] 0x0                (size_t)
	[RSP+CC8 ] 0x7FF85B2A26BD     (void* -> KERNEL32.DLL+00126BD)
	[RSP+CD0 ] 0x0                (size_t)
	[RSP+CD8 ] 0x0                (size_t)
	[RSP+CE0 ] 0x0                (size_t)
	[RSP+CE8 ] 0x0                (size_t)
	[RSP+CF0 ] 0x0                (size_t)
	[RSP+CF8 ] 0x7FF85BDADFB8     (void* -> ntdll.dll+005DFB8)
	[RSP+D00 ] 0x0                (size_t)
	[RSP+D08 ] 0x0                (size_t)
	[RSP+D10 ] 0x0                (size_t)
	[RSP+D18 ] 0x0                (size_t)
	[RSP+D20 ] 0x0                (size_t)
	[RSP+D28 ] 0x0                (size_t)
	[RSP+D30 ] 0x4190D55500000000 (size_t)
	[RSP+D38 ] 0x0                (size_t)
	[RSP+D40 ] 0x4F0FFFFFB30      (size_t)
	[RSP+D48 ] 0x7FF859646980     (void* -> KERNELBASE.dll+0156980)
	[RSP+D50 ] 0x2F743BE0C0       (void*)
	[RSP+D58 ] 0xA5E6A80003FFC0C7 (size_t)
	[RSP+D60 ] 0x7FF818F4BCD5     (size_t)
	[RSP+D68 ] 0x2F743BE0C0       (void*)
	[RSP+D70 ] 0x0                (size_t)
	[RSP+D78 ] 0x0                (size_t)
	[RSP+D80 ] 0x0                (size_t)
	[RSP+D88 ] 0x0                (size_t)
	[RSP+D90 ] 0x0                (size_t)
	[RSP+D98 ] 0x0                (size_t)
	[RSP+DA0 ] 0x0                (size_t)
	[RSP+DA8 ] 0x0                (size_t)
	[RSP+DB0 ] 0x0                (size_t)
	[RSP+DB8 ] 0x0                (size_t)
	[RSP+DC0 ] 0x0                (size_t)
	[RSP+DC8 ] 0x0                (size_t)
	[RSP+DD0 ] 0x0                (size_t)
	[RSP+DD8 ] 0x0                (size_t)
	[RSP+DE0 ] 0x0                (size_t)
	[RSP+DE8 ] 0x0                (size_t)
	[RSP+DF0 ] 0x0                (size_t)
	[RSP+DF8 ] 0x0                (size_t)
	[RSP+E00 ] 0x0                (size_t)
	[RSP+E08 ] 0x0                (size_t)
	[RSP+E10 ] 0x0                (size_t)
	[RSP+E18 ] 0x0                (size_t)
	[RSP+E20 ] 0x0                (size_t)
	[RSP+E28 ] 0x0                (size_t)
	[RSP+E30 ] 0x0                (size_t)
	[RSP+E38 ] 0x0                (size_t)
	[RSP+E40 ] 0x0                (size_t)
	[RSP+E48 ] 0x0                (size_t)
	[RSP+E50 ] 0x0                (size_t)
	[RSP+E58 ] 0x0                (size_t)
	[RSP+E60 ] 0x0                (size_t)
	[RSP+E68 ] 0x0                (size_t)
	[RSP+E70 ] 0x0                (size_t)
	[RSP+E78 ] 0x0                (size_t)
	[RSP+E80 ] 0x0                (size_t)
	[RSP+E88 ] 0x0                (size_t)
	[RSP+E90 ] 0x0                (size_t)
	[RSP+E98 ] 0x0                (size_t)
	[RSP+EA0 ] 0x0                (size_t)
	[RSP+EA8 ] 0x0                (size_t)
	[RSP+EB0 ] 0x0                (size_t)
	[RSP+EB8 ] 0x0                (size_t)
	[RSP+EC0 ] 0x0                (size_t)
	[RSP+EC8 ] 0x0                (size_t)
	[RSP+ED0 ] 0x0                (size_t)
	[RSP+ED8 ] 0x0                (size_t)
	[RSP+EE0 ] 0x0                (size_t)
	[RSP+EE8 ] 0x0                (size_t)
	[RSP+EF0 ] 0x0                (size_t)
	[RSP+EF8 ] 0x0                (size_t)
	[RSP+F00 ] 0x0                (size_t)
	[RSP+F08 ] 0x0                (size_t)
	[RSP+F10 ] 0x0                (size_t)
	[RSP+F18 ] 0x0                (size_t)
	[RSP+F20 ] 0x0                (size_t)
	[RSP+F28 ] 0x0                (size_t)
	[RSP+F30 ] 0x0                (size_t)
	[RSP+F38 ] 0x0                (size_t)
	[RSP+F40 ] 0x0                (size_t)
	[RSP+F48 ] 0x0                (size_t)
	[RSP+F50 ] 0x0                (size_t)
	[RSP+F58 ] 0x0                (size_t)
	[RSP+F60 ] 0x0                (size_t)
	[RSP+F68 ] 0x0                (size_t)
	[RSP+F70 ] 0x0                (size_t)
	[RSP+F78 ] 0x0                (size_t)
	[RSP+F80 ] 0x0                (size_t)
	[RSP+F88 ] 0x0                (size_t)
	[RSP+F90 ] 0x0                (size_t)
	[RSP+F98 ] 0x0                (size_t)
	[RSP+FA0 ] 0x0                (size_t)
	[RSP+FA8 ] 0x0                (size_t)
	[RSP+FB0 ] 0x0                (size_t)
	[RSP+FB8 ] 0x0                (size_t)
	[RSP+FC0 ] 0x0                (size_t)
	[RSP+FC8 ] 0x0                (size_t)
	[RSP+FD0 ] 0x0                (size_t)
	[RSP+FD8 ] 0x0                (size_t)
	[RSP+FE0 ] 0x0                (size_t)
	[RSP+FE8 ] 0x0                (size_t)
	[RSP+FF0 ] 0x0                (size_t)
	[RSP+FF8 ] 0x0                (size_t)
	[RSP+1000] 0x0                (size_t)
	[RSP+1008] 0x0                (size_t)
	[RSP+1010] 0x0                (size_t)
	[RSP+1018] 0x0                (size_t)
	[RSP+1020] 0x0                (size_t)
	[RSP+1028] 0x0                (size_t)
	[RSP+1030] 0x0                (size_t)
	[RSP+1038] 0x0                (size_t)
	[RSP+1040] 0x0                (size_t)
	[RSP+1048] 0x0                (size_t)
	[RSP+1050] 0x0                (size_t)
	[RSP+1058] 0x0                (size_t)
	[RSP+1060] 0x0                (size_t)
	[RSP+1068] 0x0                (size_t)
	[RSP+1070] 0x0                (size_t)
	[RSP+1078] 0x0                (size_t)

MODULES:

F4SE PLUGINS:
	BakaFramework.dll v1.8
	BakaScrapHeap.dll v1.3
	BetterConsole.dll
	BodyPartsUI.dll v1
	Buffout4.dll v1.26.2
	BulletCountedReload.dll
	crafting_highlight_fix.dll
	ESPExplorer.dll
	f4ee.dll
	f4pm.dll
	FallSouls.dll
	FineZoom.dll
	FloatingDamage.dll
	Ghoulification.dll
	HighFPSPhysicsFix.dll
	hudextension.dll
	KnockoutFramework.dll v1.4
	LL_fourPlay_1_10_163.dll
	mcm.dll
	NVIDIA_Reflex.dll v1
	SUP_F4SE.dll
	UneducatedShooter.dll v1
	WeaponsFramework.dll
	WmkActiveEffects.dll
	XDI.dll

PLUGINS:
	[00]     Fallout4.esm
	[01]     DLCRobot.esm
	[02]     DLCworkshop01.esm
	[03]     DLCCoast.esm
	[04]     DLCworkshop02.esm
	[05]     DLCworkshop03.esm
	[06]     DLCNukaWorld.esm
	[07]     DLCUltraHighResolution.esm
	[08]     cczsef04001-bhouse.esm
	[09]     MutantMenagerie.esm
	[0A]     MutantMenagerie_FarHarbor.esm
	[0B]     Games.esm
	[0C]     BarstoolGames.esm
	[0D]     AAF.esm
	[0E]     XDI.esm
	[0F]     Retro_Style.esm
	[10]     TacticalReload.esm
	[11]     Knockout Framework.esm
	[12]     Arbitration - Resources.esm
	[13]     HUDFramework.esm
	[14]     ArmorKeywords.esm
	[15]     WeaponsFramework.esm
	[16]     ExtendedWeaponSystem.esm
	[17]     MutilatedDeadBodies.esp
	[18]     Raider Children.esp
	[19]     3DNPC_FO4.esp
	[1A]     ImmersiveGunnersPlazaExterior.esp
	[1B]     Minutemen Supply Caches.esp
	[1C]     3DNPC_FO4_DLC.esp
	[1D]     GlowingSeaEXPANDED.esp
	[1E]     Phase4DLC.esp
	[1F]     Pet - Call -Feed Dogmeat.esp
	[20]     Animated Drinking.esp
	[21]     Ghoulification.esp
	[22]     ClassicGhoulRace2022.esp
	[23]     BZW_MW_Mara.esp
	[24]     DWT_TrashcanCarla_and_Guards.esp
	[25]     slaveCollar.esp
	[26]     [ARRETH] FGEP.esp
	[27]     FallEvil - Complete Edition.esp
	[28]     44MBF4.esp
	[29]     Flashy_PersonalEssentials.esp
	[2A]     RailwayPistol.esp
	[2B]     Doctor Quench Soda Company 2022.esp
	[2C]     M4k4rov - MWGrenades - Replacer.esp
	[2D]     MedicalAssetPack.esp
	[2E]     LureEnemies.esp
	[2F]     Stm_DiamondCityExpansion.esp
	[30]     PlayerMarriage.esp
	[31]     Locky Bastard.esp
	[32]     Journal.esp
	[33]     QuickTrade.esp
	[34]     Crimsomrider's Taffington Boathouse.esp
	[35]     A Sensible Prydwen Overhaul.esp
	[36]     TheFridge.esp
	[37]     CartographersMapMarkers Commonwealth.esp
	[38]     CartographersMapMarkers FarHarbor.esp
	[39]     CartographersMapMarkers NukaWorld.esp
	[3A]     SettlementGarageSale.esp
	[3B]     STEALTH AND DETECTION SYSTEM(base).esp
	[3C]     VLPad.esp
	[3D]     SettlementMenuManager.esp
	[3E]     ImmersiveLoversEmbraceMagnolia.esp
	[3F]     AAF_UniquePlayer_Patch.esp
	[40]     Atomic Lust.esp
	[41]     ConnectableTelephonePoles.esp
	[42]     ConnectableTelephonePoles - ConstrOnly.esp
	[43]     XReplacerBigMac.2740E.esp
	[44]     XReplacerDanse.esp
	[45]     XReplacerX6-88.esp
	[46]     Animated Normal Toilet - Static Replacer.esp
	[47]     PIP-Pad_LMCC.esp
	[48]     PIP-Pad.esp
	[49]     SolarSensorSwitch.esp
	[4A]     Flashy_CrimeAndPunishment.esp
	[4B]     DX Commonwealth Mini Dresses.esp
	[4C]     AWNF04Overalls.esp
	[4D]     Casio_W59.esp
	[4E]     Minigun.esp
	[4F]     ButcherMeatRack.esp
	[50]     OfficeOutfitVariations.esp
	[51]     DarkerNights.esp
	[52]     Codsworth2Human.esp
	[53]     LooksMirror.esp
	[54]     Zenit.esp
	[55]     Winters_Taq-56.esp
	[56]     STI2011DVC.esp
	[57]     STREETSWEEPER.esp
	[58]     SV-98.esp
	[59]     SteyrAUGnv.esp
	[5A]     AKeVolk.esp
	[5B]     Kbar-32.esp
	[5C]     UZK50gi.esp
	[5D]     HsProduktVhs2.esp
	[5E]     WastelandWideWarehouse.esp
	[5F]     XM2010_SniperRifle_by_tooun.esp
	[60]     HK XM8.esp
	[61]     Kilo-141.esp
	[62]     M1A.esp
	[63]     SG550.esp
	[64]     MWRam7.esp
	[65]     MWStriker.esp
	[66]     PL-14.esp
	[67]     RPD.esp
	[68]     QBZ191.esp
	[69]     RU556.esp
	[6A]     RealThrowingWeapons.esp
	[6B]     Tactical ACR.esp
	[6C]     RemingtonM11.esp
	[6D]     RugerMini14.esp
	[6E]     RussianAssaultPack.esp
	[6F]     ReconPack.esp
	[70]     SA80.esp
	[71]     SigMCX.esp
	[72]     ehtyeci_MPX.esp
	[73]     Schotel22.esp
	[74]     MWPP19.esp
	[75]     MWM91.esp
	[76]     MWM19.esp
	[77]     MWAN94.esp
	[78]     MWEagle.esp
	[79]     Mossberg500.esp
	[7A]     MK18.esp
	[7B]     BOS_overhaul.esp
	[7C]     HRP_Mk23.esp
	[7D]     MCXREDACTED.esp
	[7E]     MA37.esp
	[7F]     M203.esp
	[80]     M2Agency.esp
	[81]     M1014.esp
	[82]     Krebs.esp
	[83]     NV4.esp
	[84]     KrissVector.esp
	[85]     AAlpha12.esp
	[86]     Karma-45.esp
	[87]     ImiUzi.esp
	[88]     HoneyBadger.esp
	[89]     G3A3.esp
	[8A]     G3Family.esp
	[8B]     MP7.esp
	[8C]     HK_UMP.esp
	[8D]     ImiGalil.esp
	[8E]     Glock19x.esp
	[8F]     HK_MP5.esp
	[90]     FnScar.esp
	[91]     FOrigin12.esp
	[92]     Quad_Fusillade.esp
	[93]     G36Complex.esp
	[94]     GIAT_FAMAS.esp
	[95]     P90.esp
	[96]     Wana_SA58.esp
	[97]     FineZoom.esp
	[98]     Escape from Boston - SRSA2.esp
	[99]     Escape from Boston - Springfield M14.esp
	[9A]     APC9.esp
	[9B]     WZXM4.esp
	[9C]     CombinedArmsNV.esp
	[9D]     DesertEagleNV.esp
	[9E]     EM2.esp
	[9F]     ASH127.esp
	[A0]     MWvalpha.esp
	[A1]     AKMnv.esp
	[A2]     AK74M.esp
	[A3]     Ak5C.esp
	[A4]     AER15.esp
	[A5]     L96A1.esp
	[A6]     AA12.esp
	[A7]     Winters_WaltherQ5.esp
	[A8]     PhotoMode.esp
	[A9]     MogomraPAMs.esp
	[AA]     PowerArmorRelay.esp
	[AB]     T-51C Power Armor.esp
	[AC]     WmkActiveEffects.esp
	[AD]     MK_Agony.esp
	[AE]     Orphans.esp
	[AF]     ChildrenofGoodneighbor.esp
	[B0]     ChildrenofBunkerHill.esp
	[B1]     LooksMenu Customization Compendium.esp
	[B2]     MDXC-01.esp
	[B3]     MadRock-999-01.esp
	[B4]     MoreCookingStations - Reg&Prewar.esp
	[B5]     SalvageBeacons.esp
	[B6]     Snappy_HouseK.esp
	[B7]     SST-SunshineTidings-Overhaul.esp
	[B8]     WorkshopRearranged.esp
	[B9]     TheEyesOfBeauty.esp
	[BA]     The Eyes Of Beauty.esp
	[BB]     UniquePlayer.esp
	[BC]     County Crossing.esp
	[BD]     NA-FortAbernathy.esp
	[BE]     CastleWallsRepaired 3.esp
	[BF]     JokerineFO4VeggieFood.esp
	[C0]     UrbanFoodExpanded.esp
	[C1]     MREs.esp
	[C2]     GlowstickRedux_survival_200.esp
	[C3]     Canned Goods Crafting.esp
	[C4]     SKKSettlementAttackSystem.esp
	[C5]     SKKRESystemManager.esp
	[C6]     SKKFeralNights.esp
	[C7]     ManualReload.esp
	[C8]     Jetpack Overhaul.esp
	[C9]     CompanionStatus.esp
	[CA]     AmazingFollowerTweaks.esp
	[CB]     OfficeOutfit.esp
	[CC]     Ev_CPA10.esp
	[CD]     US_Rangers.esp
	[CE]     [BOCW] Portnova.esp
	[CF]     DX_Banshee_Recon_Armor.esp
	[D0]     IWMercury.esp
	[D1]     MS Ranger Outfit.esp
	[D2]     MW-Krueger.esp
	[D3]     PMC Operators Pack.esp
	[D4]     BZW_SWAT.esp
	[D5]     IWSynaptic.esp
	[D6]     GR123 West Tek Tactical Gloves.esp
	[D7]     Elzee Human Grab Attacks.esp
	[D8]     AnimChemRedux.esp
	[D9]     Thematic and Practical.esp
	[DA]     Crimsomrider's Illusive Man's Eyes.esp
	[DB]     personalradio2.esp
	[DC]     Crimsomrider's Unique Furniture.esp
	[DD]     humburger.esp
	[DE]     OCDecorator.esp
	[DF]     OCDecoratorDLC.esp
	[E0]     Motivational Posters.esp
	[E1]     Settlement_Markers.esp
	[E2]     Immersive Waiting.esp
	[E3]     hammerfan.esp
	[E4]     go4_dogmeat_changer_xb_sp0ckrates.esp
	[E5]     3dscopes.esp
	[E6]     3dscopes-framework.esp
	[E7]     KSHairdos.esp
	[E8]     KSHairsFemsheppingRadbeetle.esp
	[E9]     512StandaloneHairColors.esp
	[EA]     nordhagen-02.esp
	[EB]     CraftingFramework.esp
	[EC]     VAFS Redux.esp
	[ED]     VAFS Redux DLC Patch.esp
	[EE]     agnisnikacola01.esp
	[EF]     beastwhisperer.esp
	[F0]     spectaclesurprise-01.esp
	[F1]     Flashy_CrimeAndPunishment_GunForHire_Addon.esp
	[F2]     borderlandsshieldsystem.esp
	[F3]     mk14.esp
	[F4]     llamaCompanionHeatherv2.esp
	[F5]     FCOM.esp
	[F6]     Female Deathclaws - Seperate Actors.esp
	[F7]     z'ssuperfoods.esp
	[F8]     Sanctuary-estates-clean-BOS.esp
	[F9]     Immersive HUD.esp
	[FA]     ESPExplorerFO4.esp
	[FB]     D.E.C.A.Y.esp
	[FE:000] ccbgsfo4018-gaussrifleprototype.esl
	[FE:001] ccbgsfo4019-chinesestealtharmor.esl
	[FE:002] ccfsvfo4001-modularmilitarybackpack.esl
	[FE:003] ccbgsfo4045-advarccab.esl
	[FE:004] ccbgsfo4055-dghusk.esl
	[FE:005] ccbgsfo4061-dgshiinu.esl
	[FE:006] ccbgsfo4036-trnsdg.esl
	[FE:007] cckgjfo4001-bastion.esl
	[FE:008] ccqdrfo4001_powerarmorai.esl
	[FE:009] ccbgsfo4115-x02.esl
	[FE:00A] ccrzrfo4002-disintegrate.esl
	[FE:00B] ccacxfo4001-vsuit.esl
	[FE:00C] ccbgsfo4040-vrworkshop01.esl
	[FE:00D] ccfsvfo4005-vrdesertisland.esl
	[FE:00E] ccfsvfo4006-vrwasteland.esl
	[FE:00F] ChemsLabCrates.esl
	[FE:010] BakaFramework.esm
	[FE:011] Bighorner.esl
	[FE:012] ClimbableLadders.esl
	[FE:013] M4k4rov - MWGrenades - Replacer.esl
	[FE:014] Dogs can grab player.esl
	[FE:015] RealReadableBooks.esl
	[FE:016] Quick_Modification_Weapon_by_tooun.esl
	[FE:017] F4MS.esl
	[FE:018] TeslaHeavyGun.esl
	[FE:019] M84FlashBang.esl
	[FE:01A] HiPolyFacesCompanionPlugin.esl
	[FE:01B] NISTRONElevatorFramework.esl
	[FE:01C] NPSShopping.esl
	[FE:01D] tooun_Animationpack.esl
	[FE:01E] IceStormsSeekerMine.esl
	[FE:01F] IceStormsCombatDrone.esl
	[FE:020] aes_snappingcab.esl
	[FE:021] KillTips_by_tooun.esl
	[FE:022] Quick_Change_Armor_by_tooun.esl
	[FE:023] Elzee Jolly Item Sounds.esp
	[FE:024] Elzee Breathe.esp
	[FE:025] Stimpaks help you breathe.esp
	[FE:026] DiverseBodies.esp
	[FE:027] [ARRETH] FGEP SKK Feral Nights Patch.esp
	[FE:028] [ARRETH] FGEP - DECAY Patch.esp
	[FE:029] Improved - Animated Accessible Backpack.esp
	[FE:02A] TERANurseUniform.esp
	[FE:02B] WhoIsTheGeneral.esp
	[FE:02C] Winters_FlashBang_Replacer.esp
	[FE:02D] Elzee Cough.esp
	[FE:02E] Jump Grunt.esp
	[FE:02F] Deathclaw Grab Skills.esp
	[FE:030] Wet Effects.esp
	[FE:031] Feral Ghoul Bite Skills.esp
	[FE:032] Assaultron Grab Skills.esp
	[FE:033] Yaoguai grab skill.esp
	[FE:034] Better Ceiling Fan Light.esp
	[FE:035] Radstag Grab Skill.esp
	[FE:036] Radscorpion Stab Skill.esp
	[FE:037] DD_Spiral_staircases.esp
	[FE:038] Small blur Crafting screen background.esp
	[FE:039] ParkCoventry.esp
	[FE:03A] NISTRONLiveSettlementMaps.esp
	[FE:03B] ImmersiveLoversEmbraceRemastered.esp
	[FE:03C] JessicaChildCompanion.esp
	[FE:03D] aBitBetterGunnerFaces.esp
	[FE:03E] HighTechDesk.esp
	[FE:03F] HHrailwayRiflerEPLACER.esp
	[FE:040] SigMCX_MaterialPack.esp
	[FE:041] BAM-BetterArmoryMod.esp
	[FE:042] JUMod_Outfit_Chef.esp
	[FE:043] JUMod_Outfit_PrisonerUniform.esp
	[FE:044] BoS Alt Uniforms.esp
	[FE:045] IncreasedSettlerPopulation50.esp
	[FE:046] LooksMenu.esp
	[FE:047] DarkerNightsDetection.esp
	[FE:048] WheelMenu.esp
	[FE:049] ValdacilsItemSorting-00-ValsPicks-DLCVersion-VanillaWeight.esp
	[FE:04A] Tri-Companion 3 AIO.esp
	[FE:04B] Tri-Companion 3 AIO U.esp
	[FE:04C] Zenit_TacticalReloadPatch.esp
	[FE:04D] Winters_Taq-56_TR.esp
	[FE:04E] Winters_Taq-56_LL.esp
	[FE:04F] XR92_Rifle.esp
	[FE:050] VanBuren_223.esp
	[FE:051] NV_LMG.esp
	[FE:052] Mike32.esp
	[FE:053] Laugo Alien.esp
	[FE:054] InstitutePlasmaRifle.esp
	[FE:055] InstitutePhaser.esp
	[FE:056] InstituteHeavyAssaultLaser.esp
	[FE:057] USP .45_by_tooun.esp
	[FE:058] OP_GerberDownrangeTomahawk.esp
	[FE:059] P90NPC.esp
	[FE:05A] BRN-180.esp
	[FE:05B] APC9_LeveledListPatch.esp
	[FE:05C] APC9_TacticalReloadPatch.esp
	[FE:05D] tumbajamba Advanced Engineering.esp
	[FE:05E] combat_PA.esp
	[FE:05F] combat_PA - tAE - AWKCR.esp
	[FE:060] PA-Quick Animations.esp
	[FE:061] Power Armor HUD Switcher.esp
	[FE:062] Suit Up.esp
	[FE:063] MK_Agony_VIS Patch.esp
	[FE:064] IWSynaptic - Shank Outfit.esp
	[FE:065] DD_Wasteland_Children_done_right.esp
	[FE:066] HiPolyFaces.esp
	[FE:067] MisfitInk.esp
	[FE:068] Killable Children.esp
	[FE:069] Killable Children - Nuka World.esp
	[FE:06A] Killable Children - Far Harbor.esp
	[FE:06B] More Power Armour Mods.esp
	[FE:06C] Loot Detector.esp
	[FE:06D] Knockout Framework - Legacy Patch.esp
	[FE:06E] BobbleGirl.esp
	[FE:06F] Male Face Preset 15 Replacement.esp
	[FE:070] EV_CPA10_LL.esp
	[FE:071] ArmA 3 Crisis Troop Equipment.esp
	[FE:072] CROSS_CoA.esp
	[FE:073] CROSS_InstituteExpeditionarySuit.esp
	[FE:074] MwOtter.esp
	[FE:075] Mongrel Outfit.esp
	[FE:076] Nexus_PMC.esp
	[FE:077] Nox Outfit.esp
	[FE:078] PMC_extended.esp
	[FE:079] Arbitration - Button Lowered Weapons - Auto Raise from Cover.esp
	[FE:07A] OCDispenser.esp
	[FE:07B] Mozenrath - Picture Frame Desktop.esp
	[FE:07C] M8rDisablePipboyEffects.esp
	[FE:07D] FIS-Naming-Weap-Armo-EN.esp
	[FE:07E] WeaponWallRacks.esp
	[FE:07F] PA increases your speed.esp
	[FE:080] PowerArmorAutopilot.esp
	[FE:081] Human Strong.esp
	[FE:082] CapsWidget.esp
	[FE:083] MoreWeapMods.esp
	[FE:084] LMBTOverlays.esp
	[FE:085] CBBE.esp
	[FE:086] AzarPonytailHairstyles.esp
	[FE:087] cigarettecard.esp
	[FE:088] shipmentofeverything.esp
	[FE:089] k9tacticalharness.esp
	[FE:08A] CraftingFrameworkAWKCR2.esp
	[FE:08B] CraftingFramework_ChipLoot.esp
	[FE:08C] CraftingFramework_Free.esp
	[FE:08D] CraftingFramework_LME.esp
	[FE:08E] CraftingFramework_MLM.esp
	[FE:08F] QuickGunModification.esp
	[FE:090] HAL5051.esp
	[FE:091] coapowerarmor.esp
	[FE:092] MortalYouths.esp
	[FE:093] Replacer Pack - SWAT Armor - DC Guard Armor.esp
	[FE:094] rebalance project - healthier commonwealth.esp
	[FE:095] conquerormapmarkers.esp
	[FE:096] CustomCamera.esp
	[FE:097] MogomraPAMs_MPAM.esp
	[FE:098] BLD_Barricades.esp
