Fallout 4 v1.10.163
Buffout 4 v1.28.6

Unhandled exception "EXCEPTION_ACCESS_VIOLATION" at 0x7FF77D995CC0 Fallout4.exe+09E5CC0

	[Compatibility]
		F4EE: false
	[Crashlog]
		AutoOpen: true
		PromptUpload: true
	[Fixes]
		ActorIsHostileToActor: true
		CellInit: true
		CreateD3DAndSwapChain: true
		EncounterZoneReset: true
		GreyMovies: true
		MagicEffectApplyEvent: true
		MovementPlanner: true
		PackageAllocateLocation: true
		SafeExit: true
		TESObjectREFRGetEncounterZone: true
		UnalignedLoad: true
		UtilityShader: true
	[Patches]
		Achievements: true
		ArchiveLimit: false
		BSMTAManager: true
		BSPreCulledObjects: true
		BSTextureStreamerLocalHeap: false
		HavokMemorySystem: true
		INISettingCollection: true
		InputSwitch: false
		MaxStdIO: -1
		MemoryManager: true
		MemoryManagerDebug: false
		ScaleformAllocator: true
		SmallBlockAllocator: true
		WorkshopMenu: true
	[Warnings]
		CreateTexture2D: true
		ImageSpaceAdapter: true

SYSTEM SPECS:
	OS: Microsoft Windows 11 Home v10.0.22631
	CPU: GenuineIntel 12th Gen Intel(R) Core(TM) i5-12400F
	GPU #1: Intel DG2 [Arc A770]
	GPU #2: Microsoft Basic Render Driver
	PHYSICAL MEMORY: 15.36 GB/47.84 GB

PROBABLE CALL STACK:
	[0] 0x7FF77D995CC0 Fallout4.exe+09E5CC0 -> 28088+0x30
	[1] 0x7FF77D9959E5 Fallout4.exe+09E59E5 -> 947232+0x95
	[2] 0x7FF77DCECF4F Fallout4.exe+0D3CF4F -> 1525013+0x13F
	[3] 0x7FF77DCE6A6E Fallout4.exe+0D36A6E -> 665510+0x9CE
	[4] 0x7FF77DCE5947 Fallout4.exe+0D35947 -> 668528+0x17
	[5] 0x7FF77F8E7157 Fallout4.exe+2937157 -> 1104651+0x143
	[6] 0x7FFC9410257D KERNEL32.DLL+001257D
	[7] 0x7FFC94C8AA48    ntdll.dll+005AA48

REGISTERS:
	RAX 0x1                (size_t)
	RCX 0x0                (size_t)
	RDX 0x66696E6E2B8BF2   (size_t)
	RBX 0x7FF782A6C110     (void* -> Fallout4.exe+5ABC110)
	RSP 0x53984FFB30       (void*)
	RBP 0x0                (size_t)
	RSI 0x0                (size_t)
	RDI 0x1777F3D7E60      (char*) "B"
	R8  0xFFFFFFFF         (size_t)
	R9  0x0                (size_t)
	R10 0xA                (size_t)
	R11 0xB                (size_t)
	R12 0x0                (size_t)
	R13 0x0                (size_t)
	R14 0x9C0              (size_t)
	R15 0x0                (size_t)

STACK:
	[RSP+0  ] 0x9C0              (size_t)
	[RSP+8  ] 0x7FF783527CB0     (void* -> Fallout4.exe+6577CB0)
	[RSP+10 ] 0x1776D827D80      (void*)
	[RSP+18 ] 0x7FF77DA95AA5     (void* -> Fallout4.exe+0AE5AA5)
	[RSP+20 ] 0x0                (size_t)
	[RSP+28 ] 0x0                (size_t)
	[RSP+30 ] 0x1                (size_t)
	[RSP+38 ] 0x7FF77EFFCAEB     (void* -> Fallout4.exe+204CAEB)
	[RSP+40 ] 0x7FF77FBFA948     (void* -> Fallout4.exe+2C4A948)
	[RSP+48 ] 0x53984FFA70       (char*) "meshes\Interface/Objects/LoadScreen/LoadScreenTranslucent.nif"
	[RSP+50 ] 0x0                (size_t)
	[RSP+58 ] 0x9C0              (size_t)
	[RSP+60 ] 0x1777F3D7E60      (char*) "B"
	[RSP+68 ] 0x7FF77D9959E5     (void* -> Fallout4.exe+09E59E5)
	[RSP+70 ] 0x2                (size_t)
	[RSP+78 ] 0x2                (size_t)
	[RSP+80 ] 0x7FF782A6C110     (void* -> Fallout4.exe+5ABC110)
	[RSP+88 ] 0x2                (size_t)
	[RSP+90 ] 0x0                (size_t)
	[RSP+98 ] 0x3D               (size_t)
	[RSP+A0 ] 0x1777F3D7E60      (char*) "B"
	[RSP+A8 ] 0x7FF77DCECF4F     (void* -> Fallout4.exe+0D3CF4F)
	[RSP+B0 ] 0x2                (size_t)
	[RSP+B8 ] 0x53984FFD20       (void*)
	[RSP+C0 ] 0xA                (size_t)
	[RSP+C8 ] 0xA                (size_t)
	[RSP+D0 ] 0x1777F3D74A0      (void*)
	[RSP+D8 ] 0xA                (size_t)
	[RSP+E0 ] 0x1777F3D74A0      (void*)
	[RSP+E8 ] 0x7FF77DCE6A6E     (void* -> Fallout4.exe+0D36A6E)
	[RSP+F0 ] 0xE50              (size_t)
	[RSP+F8 ] 0xE50              (size_t)
	[RSP+100] 0x0                (size_t)
	[RSP+108] 0x0                (size_t)
	[RSP+110] 0x0                (size_t)
	[RSP+118] 0x17706E30200      (void*)
	[RSP+120] 0x0                (size_t)
	[RSP+128] 0x0                (size_t)
	[RSP+130] 0x73726573555C3A43 (size_t)
	[RSP+138] 0x445C6E61676F6C5C (size_t)
	[RSP+140] 0x73746E656D75636F (size_t)
	[RSP+148] 0x656D614720794D5C (size_t)
	[RSP+150] 0x756F6C6C61465C73 (size_t)
	[RSP+158] 0x6F6C6C61465C3474 (size_t)
	[RSP+160] 0x7366657250347475 (size_t)
	[RSP+168] 0x696E692E         (size_t)
	[RSP+170] 0x7FF77FBBBD60     (void* -> Fallout4.exe+2C0BD60)
	[RSP+178] 0x17000            (size_t)
	[RSP+180] 0x0                (size_t)
	[RSP+188] 0x7FFC921F3D4B     (void* -> KERNELBASE.dll+0023D4B)
	[RSP+190] 0x0                (size_t)
	[RSP+198] 0x7FF77FBC8670     (void* -> Fallout4.exe+2C18670)
	[RSP+1A0] 0xF47618989830     (size_t)
	[RSP+1A8] 0x0                (size_t)
	[RSP+1B0] 0x53984FFDA0       (void*)
	[RSP+1B8] 0x7FFC59AF43B8     (void* -> MSVCR110.dll+00243B8)
	[RSP+1C0] 0x17700000000      (void*)
	[RSP+1C8] 0x1777F42CC00      (void*)
	[RSP+1D0] 0x53984FFDB0       (void*)
	[RSP+1D8] 0x0                (size_t)
	[RSP+1E0] 0x4                (size_t)
	[RSP+1E8] 0x7FFC59AF432B     (void* -> MSVCR110.dll+002432B)
	[RSP+1F0] 0x53984FFDA0       (void*)
	[RSP+1F8] 0x7FFC579A7600     (void* -> Buffout4.dll+0187600)
	[RSP+200] 0x17706E000B0      (void*)
	[RSP+208] 0x301E0            (size_t)
	[RSP+210] 0x53984FFDA0       (void*)
	[RSP+218] 0x7FFC59B0CF7F     (void* -> MSVCR110.dll+003CF7F)
	[RSP+220] 0x17706E000B0      (void*)
	[RSP+228] 0x7FFC578EE9D8     (void* -> Buffout4.dll+00CE9D8)
	[RSP+230] 0x17706E000B0      (void*)
	[RSP+238] 0x5300000000       (size_t)
	[RSP+240] 0x0                (size_t)
	[RSP+248] 0xA                (size_t)
	[RSP+250] 0x0                (size_t)
	[RSP+258] 0x0                (size_t)
	[RSP+260] 0x0                (size_t)
	[RSP+268] 0x7FF77DCE5947     (void* -> Fallout4.exe+0D35947)
	[RSP+270] 0x17700000000      (void*)
	[RSP+278] 0x6CB08FE          (size_t)
	[RSP+280] 0x6642D3BA         (size_t)
	[RSP+288] 0x1777F3DB3CA      (void*)
	[RSP+290] 0x0                (size_t)
	[RSP+298] 0x7FF77F8E7157     (void* -> Fallout4.exe+2937157)
	[RSP+2A0] 0x1777F3DB3C9      (char*) """
	[RSP+2A8] 0xA                (size_t)
	[RSP+2B0] 0x0                (size_t)
	[RSP+2B8] 0xA                (size_t)
	[RSP+2C0] 0x0                (size_t)
	[RSP+2C8] 0x1777F3DB3CA      (void*)
	[RSP+2D0] 0x0                (size_t)
	[RSP+2D8] 0x7FFC9410257D     (void* -> KERNEL32.DLL+001257D)
	[RSP+2E0] 0x0                (size_t)
	[RSP+2E8] 0x0                (size_t)
	[RSP+2F0] 0x0                (size_t)
	[RSP+2F8] 0x0                (size_t)
	[RSP+300] 0x0                (size_t)
	[RSP+308] 0x7FFC94C8AA48     (void* -> ntdll.dll+005AA48)
	[RSP+310] 0x0                (size_t)
	[RSP+318] 0x0                (size_t)
	[RSP+320] 0x0                (size_t)
	[RSP+328] 0x0                (size_t)
	[RSP+330] 0x0                (size_t)
	[RSP+338] 0x0                (size_t)
	[RSP+340] 0xF38C98A200000000 (size_t)
	[RSP+348] 0x0                (size_t)
	[RSP+350] 0x4F0FFFFFB30      (size_t)
	[RSP+358] 0x7FFC9232C880     (void* -> KERNELBASE.dll+015C880)
	[RSP+360] 0x53984FEC40       (void*)
	[RSP+368] 0x186F940880001FFF (size_t)
	[RSP+370] 0x7FFC61BE5022     (size_t)
	[RSP+378] 0x53984FEC40       (void*)
	[RSP+380] 0x0                (size_t)
	[RSP+388] 0x0                (size_t)
	[RSP+390] 0x0                (size_t)
	[RSP+398] 0x0                (size_t)
	[RSP+3A0] 0x0                (size_t)
	[RSP+3A8] 0x0                (size_t)
	[RSP+3B0] 0x0                (size_t)
	[RSP+3B8] 0x0                (size_t)
	[RSP+3C0] 0x0                (size_t)
	[RSP+3C8] 0x0                (size_t)
	[RSP+3D0] 0x0                (size_t)
	[RSP+3D8] 0x0                (size_t)
	[RSP+3E0] 0x0                (size_t)
	[RSP+3E8] 0x0                (size_t)
	[RSP+3F0] 0x0                (size_t)
	[RSP+3F8] 0x0                (size_t)
	[RSP+400] 0x0                (size_t)
	[RSP+408] 0x0                (size_t)
	[RSP+410] 0x0                (size_t)
	[RSP+418] 0x0                (size_t)
	[RSP+420] 0x0                (size_t)
	[RSP+428] 0x0                (size_t)
	[RSP+430] 0x0                (size_t)
	[RSP+438] 0x0                (size_t)
	[RSP+440] 0x0                (size_t)
	[RSP+448] 0x0                (size_t)
	[RSP+450] 0x0                (size_t)
	[RSP+458] 0x0                (size_t)
	[RSP+460] 0x0                (size_t)
	[RSP+468] 0x0                (size_t)
	[RSP+470] 0x0                (size_t)
	[RSP+478] 0x0                (size_t)
	[RSP+480] 0x0                (size_t)
	[RSP+488] 0x0                (size_t)
	[RSP+490] 0x0                (size_t)
	[RSP+498] 0x0                (size_t)
	[RSP+4A0] 0x0                (size_t)
	[RSP+4A8] 0x0                (size_t)
	[RSP+4B0] 0x0                (size_t)
	[RSP+4B8] 0x0                (size_t)
	[RSP+4C0] 0x0                (size_t)
	[RSP+4C8] 0x0                (size_t)

MODULES:
	XINPUT1_3.dll                 0x000000400000
	X3DAudio1_7.dll               0x000077620000
	steam_api64.dll               0x000077630000
	Fallout4.exe                  0x7FF77CFB0000
	igdml64.dll                   0x7FFBE6D00000
	igd10umt64xe.DLL              0x7FFBF4FD0000
	ControlLib.dll                0x7FFBF68A0000
	steamclient64.dll             0x7FFBFC480000
	XAudio2_7.dll                 0x7FFC06A30000
	igvkMedia64.dll               0x7FFC06AC0000
	gameoverlayrenderer64.dll     0x7FFC06C00000
	IPHLPAPI.DLL                  0x7FFC06DA0000
	media_bin_64.dll              0x7FFC20E60000
	igddxvacommon64.dll           0x7FFC22B90000
	XDI.dll                       0x7FFC269C0000
	wsfw_identifier.dll           0x7FFC26BD0000
	SSW.dll                       0x7FFC26CD0000
	RobCo_Patcher.dll             0x7FFC26D30000
	ProjectMojave.dll             0x7FFC26E10000
	place.dll                     0x7FFC2D0A0000
	PowerGridTools.dll            0x7FFC34280000
	mcm.dll                       0x7FFC34FF0000
	FavoritesMenuEx.dll           0x7FFC35090000
	MSIMG32.dll                   0x7FFC573C0000
	f4ee.dll                      0x7FFC57710000
	Buffout4.dll                  0x7FFC57820000
	Oleacc.dll                    0x7FFC581E0000
	ALR.dll                       0x7FFC59810000
	f4se_1_10_163.dll             0x7FFC59900000
	cudart64_75.dll               0x7FFC599E0000
	GFSDK_GodraysLib.x64.dll      0x7FFC59A40000
	MSVCR110.dll                  0x7FFC59AD0000
	flexRelease_x64.dll           0x7FFC59BB0000
	GFSDK_SSAO_D3D11.win64.dll    0x7FFC5A6A0000
	MSVCP110.dll                  0x7FFC5A730000
	bink2w64.dll                  0x7FFC5A7E0000
	UnlimitedSurvivalMode.dll     0x7FFC5AA90000
	vstdlib_s64.dll               0x7FFC5AAC0000
	tier0_s64.dll                 0x7FFC5AB80000
	def_ui.dll                    0x7FFC5AD80000
	flexExtRelease_x64.dll        0x7FFC5AFB0000
	achievements.dll              0x7FFC5BF50000
	f4se_steam_loader.dll         0x7FFC5C020000
	MSVCP140.dll                  0x7FFC60C10000
	VCRUNTIME140.dll              0x7FFC63A40000
	COMCTL32.dll                  0x7FFC646D0000
	WINSPOOL.DRV                  0x7FFC676B0000
	SprintStutteringFix.dll       0x7FFC67B70000
	VCRUNTIME140_1.dll            0x7FFC76720000
	nvToolsExt64_1.dll            0x7FFC768E0000
	VERSION.dll                   0x7FFC79E80000
	DbgHelp.dll                   0x7FFC79E90000
	PhotoMetadataHandler.dll      0x7FFC7B9A0000
	AUDIOSES.DLL                  0x7FFC7C3B0000
	OneCoreCommonProxyStub.dll    0x7FFC7D1E0000
	igc64.dll                     0x7FFC7EB40000
	igdgmm64.dll                  0x7FFC83070000
	IntelControlLib.dll           0x7FFC83630000
	igd10iumd64.dll               0x7FFC84EE0000
	Windows.UI.dll                0x7FFC865A0000
	MMDevApi.dll                  0x7FFC87460000
	OneCoreUAPCommonProxyStub.dll 0x7FFC87500000
	textinputframework.dll        0x7FFC88E70000
	SilentProtagonistF4SE.dll     0x7FFC89090000
	WINMM.dll                     0x7FFC8A560000
	CoreUIComponents.dll          0x7FFC8A5A0000
	avrt.dll                      0x7FFC8AE60000
	directxdatabasehelper.dll     0x7FFC8B1A0000
	WINHTTP.dll                   0x7FFC8BD70000
	PROPSYS.dll                   0x7FFC8CEF0000
	windowscodecs.dll             0x7FFC8D770000
	d3d11.dll                     0x7FFC8E040000
	dcomp.dll                     0x7FFC8E890000
	CoreMessaging.dll             0x7FFC8EF00000
	apphelp.dll                   0x7FFC8F300000
	UxTheme.dll                   0x7FFC8F4A0000
	dxcore.dll                    0x7FFC8F5D0000
	dxgi.dll                      0x7FFC8F610000
	dwmapi.dll                    0x7FFC8F730000
	resourcepolicyclient.dll      0x7FFC8FA60000
	wintypes.dll                  0x7FFC8FD70000
	windows.storage.dll           0x7FFC8FEB0000
	HID.DLL                       0x7FFC907B0000
	IpHlpAPI.dll                  0x7FFC90A10000
	Secur32.dll                   0x7FFC90D70000
	kernel.appcore.dll            0x7FFC90F90000
	SSPICLI.DLL                   0x7FFC91260000
	MSWSOCK.dll                   0x7FFC91470000
	UMPDC.dll                     0x7FFC91580000
	powrprof.dll                  0x7FFC915D0000
	CRYPTBASE.DLL                 0x7FFC91770000
	MSASN1.dll                    0x7FFC917B0000
	CFGMGR32.dll                  0x7FFC91C10000
	DEVOBJ.dll                    0x7FFC91C60000
	profapi.dll                   0x7FFC91E80000
	gdi32full.dll                 0x7FFC91F50000
	msvcp_win.dll                 0x7FFC92130000
	KERNELBASE.dll                0x7FFC921D0000
	ucrtbase.dll                  0x7FFC92580000
	bcrypt.dll                    0x7FFC926A0000
	bcryptPrimitives.dll          0x7FFC926D0000
	CRYPT32.dll                   0x7FFC92750000
	WINTRUST.dll                  0x7FFC928C0000
	win32u.dll                    0x7FFC92930000
	RPCRT4.dll                    0x7FFC92960000
	IMM32.DLL                     0x7FFC92A80000
	combase.dll                   0x7FFC92AC0000
	shcore.dll                    0x7FFC92E50000
	OLEAUT32.dll                  0x7FFC92FC0000
	SETUPAPI.dll                  0x7FFC930A0000
	ADVAPI32.dll                  0x7FFC93520000
	msvcrt.dll                    0x7FFC93630000
	SHELL32.dll                   0x7FFC936E0000
	ole32.dll                     0x7FFC93F40000
	KERNEL32.DLL                  0x7FFC940F0000
	imagehlp.dll                  0x7FFC941D0000
	MSCTF.dll                     0x7FFC94260000
	GDI32.dll                     0x7FFC94470000
	COMDLG32.dll                  0x7FFC944A0000
	WS2_32.dll                    0x7FFC94760000
	PSAPI.DLL                     0x7FFC94870000
	sechost.dll                   0x7FFC94880000
	clbcatq.dll                   0x7FFC94930000
	SHLWAPI.dll                   0x7FFC949E0000
	USER32.dll                    0x7FFC94A40000
	ntdll.dll                     0x7FFC94C30000

F4SE PLUGINS:
	achievements.dll
	ALR.dll
	Buffout4.dll v1.28.6
	def_ui.dll
	f4ee.dll
	FavoritesMenuEx.dll
	mcm.dll
	place.dll
	PowerGridTools.dll
	ProjectMojave.dll
	RobCo_Patcher.dll v3.6
	SilentProtagonistF4SE.dll
	SprintStutteringFix.dll
	SSW.dll
	UnlimitedSurvivalMode.dll
	wsfw_identifier.dll
	XDI.dll

PLUGINS:
