Fallout 4 v1.10.163
Buffout 4 v1.26.2

Unhandled exception "EXCEPTION_ACCESS_VIOLATION" at 0x7FF771DCC7AF Fallout4.exe+1DDC7AF

	[Compatibility]
		F4EE: true
	[Fixes]
		ActorIsHostileToActor: true
		CellInit: true
		CreateD3DAndSwapChain: true
		EncounterZoneReset: true
		GreyMovies: true
		MagicEffectApplyEvent: true
		MovementPlanner: true
		PackageAllocateLocation: true
		SafeExit: true
		TESObjectREFRGetEncounterZone: true
		UnalignedLoad: true
		UtilityShader: true
	[Patches]
		Achievements: true
		BSMTAManager: true
		BSPreCulledObjects: true
		BSTextureStreamerLocalHeap: true
		HavokMemorySystem: true
		INISettingCollection: true
		InputSwitch: false
		MaxStdIO: -1
		MemoryManager: false
		MemoryManagerDebug: false
		ScaleformAllocator: true
		SmallBlockAllocator: true
		WorkshopMenu: true
	[Warnings]
		CreateTexture2D: true
		ImageSpaceAdapter: true

SYSTEM SPECS:
	OS: Microsoft Windows 11 Home Single Language v10.0.22621
	CPU: GenuineIntel 11th Gen Intel(R) Core(TM) i5-11300H @ 3.10GHz
	GPU #1: Nvidia GA107M [GeForce RTX 3050 Mobile]
	GPU #2: Intel TigerLake-LP GT2 [Iris Xe Graphics]
	GPU #3: Microsoft Basic Render Driver
	PHYSICAL MEMORY: 11.48 GB/15.70 GB

PROBABLE CALL STACK:
	[ 0] 0x7FF771DCC7AF      Fallout4.exe+1DDC7AF -> 147842+0xF
	[ 1] 0x7FF771D9B60B      Fallout4.exe+1DAB60B -> 548924+0x21B
	[ 2] 0x7FF771D96AAE      Fallout4.exe+1DA6AAE -> 1470471+0x21E
	[ 3] 0x7FF771D9AEBE      Fallout4.exe+1DAAEBE -> 1322043+0x8E
	[ 4] 0x7FF770680857      Fallout4.exe+0690857 -> 288620+0x67
	[ 5] 0x7FF77067E34C      Fallout4.exe+068E34C -> 224610+0x13C
	[ 6] 0x7FF77066B13B      Fallout4.exe+067B13B -> 389929+0x37B
	[ 7] 0x7FF7700D6184      Fallout4.exe+00E6184 -> 614187+0x54
	[ 8] 0x7FF7700D611C      Fallout4.exe+00E611C -> 1927+0x3C
	[ 9] 0x7FF7700EAB7E      Fallout4.exe+00FAB7E -> 452881+0xBE
	[10] 0x7FF7700D2300      Fallout4.exe+00E2300 -> 786803+0x240
	[11] 0x7FF771C938C2      Fallout4.exe+1CA38C2 -> 1338062+0xF2
	[12] 0x7FF771C93C1C      Fallout4.exe+1CA3C1C -> 1310667+0x20C
	[13] 0x7FF770CCC3EC      Fallout4.exe+0CDC3EC -> 1370961+0x16C
	[14] 0x7FF770CCF476      Fallout4.exe+0CDF476 -> 1328347+0xA86
	[15] 0x7FFEBEF4EDC5 f4se_1_10_163.dll+000EDC5
	[16] 0x7FF770CDDA7D      Fallout4.exe+0CEDA7D -> 540706+0x38D
	[17] 0x7FF770CE3A4D      Fallout4.exe+0CF3A4D -> 646554+0x2D
	[18] 0x7FF771B40F26      Fallout4.exe+1B50F26 -> 329005+0xC6
	[19] 0x7FF771B41432      Fallout4.exe+1B51432 -> 194800+0x202
	[20] 0x7FF771B43F67      Fallout4.exe+1B53F67 -> 1492866+0x67
	[21] 0x7FF771B0CFED      Fallout4.exe+1B1CFED -> 1079791+0x3D
	[22] 0x7FFF0F3126BD      KERNEL32.DLL+00126BD
	[23] 0x7FFF108EA9F8         ntdll.dll+005A9F8

REGISTERS:
	RAX 0xF72CE5E8B0       (void*)
	RCX 0x2E483815BC0      (hclClothInstance*)
	RDX 0x0                (size_t)
	RBX 0x0                (size_t)
	RSP 0xF72CE5E650       (void*)
	RBP 0xF72CE5E6D9       (void*)
	RSI 0x0                (size_t)
	RDI 0x82               (size_t)
	R8  0x0                (size_t)
	R9  0x3                (size_t)
	R10 0xFEFEFEFEFEFEFEFF (size_t)
	R11 0x8080808080808080 (size_t)
	R12 0x2E4840D65C8      (void*)
	R13 0xF72CE5E840       (BSClothUtils::BSInstantiationUtil*)
	R14 0x2E4840D65C8      (void*)
	R15 0x0                (size_t)

STACK:
	[RSP+0   ] 0x2E4840C9800      (hclClothData*)
	[RSP+8   ] 0x8                (size_t)
	[RSP+10  ] 0x2E484E1A2E8      (void*)
	[RSP+18  ] 0x0                (size_t)
	[RSP+20  ] 0x82               (size_t)
	[RSP+28  ] 0x7FF771D9B60B     (void* -> Fallout4.exe+1DAB60B)
	[RSP+30  ] 0x0                (size_t)
	[RSP+38  ] 0x0                (size_t)
	[RSP+40  ] 0x0                (size_t)
	[RSP+48  ] 0x0                (size_t)
	[RSP+50  ] 0x0                (size_t)
	[RSP+58  ] 0x0                (size_t)
	[RSP+60  ] 0x0                (size_t)
	[RSP+68  ] 0x0                (size_t)
	[RSP+70  ] 0xF72CE5E748       (void*)
	[RSP+78  ] 0x2E4840F52D0      (char*) "Root Transforms"
	[RSP+80  ] 0x2E3DBB28980      (char*) "z"
	[RSP+88  ] 0x8000001400000009 (size_t)
	[RSP+90  ] 0x2E3DBB28980      (char*) "z"
	[RSP+98  ] 0x2E400000014      (size_t)
	[RSP+A0  ] 0x2E484E1F5B0      (void*)
	[RSP+A8  ] 0x2E484E1F5E0      (void*)
	[RSP+B0  ] 0x2E483815BC0      (hclClothInstance*)
	[RSP+B8  ] 0x2E484E1A2E8      (void*)
	[RSP+C0  ] 0xF72CE5EA70       (void*)
	[RSP+C8  ] 0x2E484E1F5B0      (void*)
	[RSP+D0  ] 0x2E4840C9800      (hclClothData*)
	[RSP+D8  ] 0x2E484E1A2E0      (void*)
	[RSP+E0  ] 0xF72CE5E840       (BSClothUtils::BSInstantiationUtil*)
	[RSP+E8  ] 0x7FF771D96AAE     (void* -> Fallout4.exe+1DA6AAE)
	[RSP+F0  ] 0x2E400000000      (size_t)
	[RSP+F8  ] 0x2E483EB45A0      (hkaSkeleton*)
	[RSP+100 ] 0x0                (size_t)
	[RSP+108 ] 0xF72CE5E6C0       (void*)
	[RSP+110 ] 0xF72CE5EA70       (void*)
	[RSP+118 ] 0x1800             (size_t)
	[RSP+120 ] 0x2E484E1A2E0      (void*)
	[RSP+128 ] 0x7FF700000032     (size_t)
	[RSP+130 ] 0x0                (size_t)
	[RSP+138 ] 0x3F33BF6F         (size_t)
	[RSP+140 ] 0xBF36483300000000 (size_t)
	[RSP+148 ] 0x2E3BC1EAD10      (MemoryHeap*)
	[RSP+150 ] 0x7FF775B49A00     (void* -> Fallout4.exe+5B59A00)
	[RSP+158 ] 0x2E4EA71AF50      (void*)
	[RSP+160 ] 0x4789704246F2C2FB (size_t)
	[RSP+168 ] 0x4516AFD8         (size_t)
	[RSP+170 ] 0x0                (size_t)
	[RSP+178 ] 0x3F33BF6DBF364831 (size_t)
	[RSP+180 ] 0x3F7AE1483F7AE148 (size_t)
	[RSP+188 ] 0x3F7AE1483F7AE148 (size_t)
	[RSP+190 ] 0x7F0100000000     (size_t)
	[RSP+198 ] 0x0                (size_t)
	[RSP+1A0 ] 0xBF7FF98FBC655D00 (size_t)
	[RSP+1A8 ] 0x8000000080000000 (size_t)
	[RSP+1B0 ] 0xBC655D003F7FF98F (size_t)
	[RSP+1B8 ] 0x0                (size_t)
	[RSP+1C0 ] 0x8000000000000000 (size_t)
	[RSP+1C8 ] 0x3F800000         (size_t)
	[RSP+1D0 ] 0x4789704246F2C2FB (size_t)
	[RSP+1D8 ] 0x4516AFD8         (size_t)
	[RSP+1E0 ] 0x3F8000013F800001 (size_t)
	[RSP+1E8 ] 0x3F8000013F800001 (size_t)
	[RSP+1F0 ] 0x7FF772E330B8     (void* -> Fallout4.exe+2E430B8)
	[RSP+1F8 ] 0xFFFF0001         (size_t)
	[RSP+200 ] 0xF72CE5E8B0       (void*)
	[RSP+208 ] 0xF72CE5E780       (void*)
	[RSP+210 ] 0x2E484CBB950      (BSDynamicTriShape*)
		Name: "HairFemale21"
	[RSP+218 ] 0x2E4EA71B870      (ScrapHeap*)
	[RSP+220 ] 0x0                (size_t)
	[RSP+228 ] 0xF72CE5E870       (void*)
	[RSP+230 ] 0x0                (size_t)
	[RSP+238 ] 0x0                (size_t)
	[RSP+240 ] 0x0                (size_t)
	[RSP+248 ] 0x0                (size_t)
	[RSP+250 ] 0x0                (size_t)
	[RSP+258 ] 0x0                (size_t)
	[RSP+260 ] 0x2E483815BC0      (hclClothInstance*)
	[RSP+268 ] 0x0                (size_t)
	[RSP+270 ] 0x2E484E1F5B0      (void*)
	[RSP+278 ] 0x7FF771B87268     (void* -> Fallout4.exe+1B97268)
	[RSP+280 ] 0xBF7FF995BC655D80 (size_t)
	[RSP+288 ] 0x0                (size_t)
	[RSP+290 ] 0xBC655D803F7FF995 (size_t)
	[RSP+298 ] 0x0                (size_t)
	[RSP+2A0 ] 0x0                (size_t)
	[RSP+2A8 ] 0x3F800000         (size_t)
	[RSP+2B0 ] 0x4789704246F2C2FB (size_t)
	[RSP+2B8 ] 0x3F7AE1484516AFD8 (size_t)
	[RSP+2C0 ] 0x7FF772C3A948     (void* -> Fallout4.exe+2C4A948)
	[RSP+2C8 ] 0xF72CE5EA70       (void*)
	[RSP+2D0 ] 0x0                (size_t)
	[RSP+2D8 ] 0x0                (size_t)
	[RSP+2E0 ] 0x2E4EA71B910      (char*) "2"
	[RSP+2E8 ] 0x65               (size_t)
	[RSP+2F0 ] 0x2E3E5683270      (Actor*)
		Object Reference: 
			File: ""
			Flags: 0x00000008
			Form ID: 0xFF0351F0
			Form Type: 45
		File: ""
		Flags: 0x00600548
		Form ID: 0xFF03571B
		Form Type: 65
	[RSP+2F8 ] 0x2E484E1F580      (BSClothExtraData*)
	[RSP+300 ] 0x2E484CBB950      (BSDynamicTriShape*)
		Name: "HairFemale21"
	[RSP+308 ] 0x7FF771D9AEBE     (void* -> Fallout4.exe+1DAAEBE)
	[RSP+310 ] 0x2E484E1F580      (BSClothExtraData*)
	[RSP+318 ] 0x2E484CBB950      (BSDynamicTriShape*)
		Name: "HairFemale21"
	[RSP+320 ] 0xF72CE5EA70       (void*)
	[RSP+328 ] 0x0                (size_t)
	[RSP+330 ] 0x2E47B2A09F0      (void*)
	[RSP+338 ] 0x7FF7705A9120     (void* -> Fallout4.exe+05B9120)
	[RSP+340 ] 0x0                (size_t)
	[RSP+348 ] 0x2E3E5683270      (Actor*)
		Object Reference: 
			File: ""
			Flags: 0x00000008
			Form ID: 0xFF0351F0
			Form Type: 45
		File: ""
		Flags: 0x00600548
		Form ID: 0xFF03571B
		Form Type: 65
	[RSP+350 ] 0x1                (size_t)
	[RSP+358 ] 0x7FF770680857     (void* -> Fallout4.exe+0690857)
	[RSP+360 ] 0x2E46AD3FD60      (BGSHeadPart*)
		File: "Fallout4.esm"
		Flags: 0x00000009
		Form ID: 0x001C2078
		Form Type: 15
		Full Name: "Rough Nite"
	[RSP+368 ] 0xF72CE5EA50       (void*)
	[RSP+370 ] 0x2E484CBB950      (BSDynamicTriShape*)
		Name: "HairFemale21"
	[RSP+378 ] 0x2E482B8B560      (QueuedHead*)
	[RSP+380 ] 0x2E5AE692B70      (void*)
	[RSP+388 ] 0x7FF77067E34C     (void* -> Fallout4.exe+068E34C)
	[RSP+390 ] 0xF72CE5EA79       (void*)
	[RSP+398 ] 0x2E5AE692B18      (void*)
	[RSP+3A0 ] 0x0                (size_t)
	[RSP+3A8 ] 0x0                (size_t)
	[RSP+3B0 ] 0x0                (size_t)
	[RSP+3B8 ] 0x0                (size_t)
	[RSP+3C0 ] 0x2E4EA71B870      (ScrapHeap*)
	[RSP+3C8 ] 0x2E5AE692B18      (void*)
	[RSP+3D0 ] 0x2E400000020      (size_t)
	[RSP+3D8 ] 0x2E30000000B      (size_t)
	[RSP+3E0 ] 0x7FF772C39DB8     (void* -> Fallout4.exe+2C49DB8)
	[RSP+3E8 ] 0xF72CE5EA10       (void*)
	[RSP+3F0 ] 0x1                (size_t)
	[RSP+3F8 ] 0x2E3F16E1BE0      (void*)
	[RSP+400 ] 0xF72CE5EAE8       (void*)
	[RSP+408 ] 0xF72CE5EA70       (void*)
	[RSP+410 ] 0xF72CE5EA00       (void*)
	[RSP+418 ] 0xF72CE5EAF0       (void*)
	[RSP+420 ] 0xBF7FF995BC655D80 (size_t)
	[RSP+428 ] 0x0                (size_t)
	[RSP+430 ] 0xBC655D803F7FF995 (size_t)
	[RSP+438 ] 0x0                (size_t)
	[RSP+440 ] 0x0                (size_t)
	[RSP+448 ] 0x3F800000         (size_t)
	[RSP+450 ] 0x4789704246F2C2FB (size_t)
	[RSP+458 ] 0x3F7AE1484516AFD8 (size_t)
	[RSP+460 ] 0xFFFFFFFF         (size_t)
	[RSP+468 ] 0x2E3E5683270      (Actor*)
		Object Reference: 
			File: ""
			Flags: 0x00000008
			Form ID: 0xFF0351F0
			Form Type: 45
		File: ""
		Flags: 0x00600548
		Form ID: 0xFF03571B
		Form Type: 65
	[RSP+470 ] 0x2E482B8B560      (QueuedHead*)
	[RSP+478 ] 0x0                (size_t)
	[RSP+480 ] 0xF72CE5EB29       (void*)
	[RSP+488 ] 0x7FF77066B13B     (void* -> Fallout4.exe+067B13B)
	[RSP+490 ] 0x2E3E5683270      (Actor*)
		Object Reference: 
			File: ""
			Flags: 0x00000008
			Form ID: 0xFF0351F0
			Form Type: 45
		File: ""
		Flags: 0x00600548
		Form ID: 0xFF03571B
		Form Type: 65
	[RSP+498 ] 0x2E484CB5900      (BSFaceGenNiNode*)
		Name: "BSFaceGenNiNodeSkinned"
	[RSP+4A0 ] 0x2E3E5683270      (Actor*)
		Object Reference: 
			File: ""
			Flags: 0x00000008
			Form ID: 0xFF0351F0
			Form Type: 45
		File: ""
		Flags: 0x00600548
		Form ID: 0xFF03571B
		Form Type: 65
	[RSP+4A8 ] 0x2E3F17D7E30      (QueuedCharacter*)
	[RSP+4B0 ] 0x0                (size_t)
	[RSP+4B8 ] 0x7FF771B0C503     (void* -> Fallout4.exe+1B1C503)
	[RSP+4C0 ] 0x1                (size_t)
	[RSP+4C8 ] 0x7FF770D7C7DA     (void* -> Fallout4.exe+0D8C7DA)
	[RSP+4D0 ] 0x7FF775B49B20     (void* -> Fallout4.exe+5B59B20)
	[RSP+4D8 ] 0x2E48392E020      (void*)
	[RSP+4E0 ] 0x0                (size_t)
	[RSP+4E8 ] 0x7FF771B0C503     (void* -> Fallout4.exe+1B1C503)
	[RSP+4F0 ] 0x2E3E5683270      (Actor*)
		Object Reference: 
			File: ""
			Flags: 0x00000008
			Form ID: 0xFF0351F0
			Form Type: 45
		File: ""
		Flags: 0x00600548
		Form ID: 0xFF03571B
		Form Type: 65
	[RSP+4F8 ] 0x7FF770D7C0A8     (void* -> Fallout4.exe+0D8C0A8)
	[RSP+500 ] 0x2E3E5683328      (void*)
	[RSP+508 ] 0x9B120A0CF        (size_t)
	[RSP+510 ] 0x1E               (size_t)
	[RSP+518 ] 0x0                (size_t)
	[RSP+520 ] 0x2D               (size_t)
	[RSP+528 ] 0x0                (size_t)
	[RSP+530 ] 0x2E477E8C780      (TESObjectCELL*)
		File: "PRP.esp"
		Flags: 0x0024000B
		Form ID: 0x0000DA0B
		Form Type: 63
		Full Name: ""
	[RSP+538 ] 0x7FF7700D6184     (void* -> Fallout4.exe+00E6184)
	[RSP+540 ] 0x2D               (size_t)
	[RSP+548 ] 0x2E3E5683270      (Actor*)
		Object Reference: 
			File: ""
			Flags: 0x00000008
			Form ID: 0xFF0351F0
			Form Type: 45
		File: ""
		Flags: 0x00600548
		Form ID: 0xFF03571B
		Form Type: 65
	[RSP+550 ] 0x2E477E8C780      (TESObjectCELL*)
		File: "PRP.esp"
		Flags: 0x0024000B
		Form ID: 0x0000DA0B
		Form Type: 63
		Full Name: ""
	[RSP+558 ] 0x2E3F17D7E30      (QueuedCharacter*)
	[RSP+560 ] 0x2E477E8C780      (TESObjectCELL*)
		File: "PRP.esp"
		Flags: 0x0024000B
		Form ID: 0x0000DA0B
		Form Type: 63
		Full Name: ""
	[RSP+568 ] 0x7FF770D5FA4D     (void* -> Fallout4.exe+0D6FA4D)
	[RSP+570 ] 0x2E4EA71B910      (char*) "2"
	[RSP+578 ] 0x7FF7700D611C     (void* -> Fallout4.exe+00E611C)
	[RSP+580 ] 0x227435           (size_t)
	[RSP+588 ] 0x2E3E5683270      (Actor*)
		Object Reference: 
			File: ""
			Flags: 0x00000008
			Form ID: 0xFF0351F0
			Form Type: 45
		File: ""
		Flags: 0x00600548
		Form ID: 0xFF03571B
		Form Type: 65
	[RSP+590 ] 0x65               (size_t)
	[RSP+598 ] 0x2E3F17D7E30      (QueuedCharacter*)
	[RSP+5A0 ] 0x0                (size_t)
	[RSP+5A8 ] 0x7FF7700EAB7E     (void* -> Fallout4.exe+00FAB7E)
	[RSP+5B0 ] 0x2E3E5683270      (Actor*)
		Object Reference: 
			File: ""
			Flags: 0x00000008
			Form ID: 0xFF0351F0
			Form Type: 45
		File: ""
		Flags: 0x00600548
		Form ID: 0xFF03571B
		Form Type: 65
	[RSP+5B8 ] 0x2E3BC1EAD00      (void*)
	[RSP+5C0 ] 0x2E3E5683270      (Actor*)
		Object Reference: 
			File: ""
			Flags: 0x00000008
			Form ID: 0xFF0351F0
			Form Type: 45
		File: ""
		Flags: 0x00600548
		Form ID: 0xFF03571B
		Form Type: 65
	[RSP+5C8 ] 0xE                (size_t)
	[RSP+5D0 ] 0xE                (size_t)
	[RSP+5D8 ] 0x7FF7700D2300     (void* -> Fallout4.exe+00E2300)
	[RSP+5E0 ] 0x2E3F17D7E30      (QueuedCharacter*)
	[RSP+5E8 ] 0x2E3E5683270      (Actor*)
		Object Reference: 
			File: ""
			Flags: 0x00000008
			Form ID: 0xFF0351F0
			Form Type: 45
		File: ""
		Flags: 0x00600548
		Form ID: 0xFF03571B
		Form Type: 65
	[RSP+5F0 ] 0x2E4EA71AF50      (void*)
	[RSP+5F8 ] 0x2E3E568337A      (void*)
	[RSP+600 ] 0x2E3F16DF000      (void*)
	[RSP+608 ] 0x0                (size_t)
	[RSP+610 ] 0x2E3E568337A      (void*)
	[RSP+618 ] 0x2E3F16DF0D0      (IOTask*)
	[RSP+620 ] 0x2E466A44C50      (void*)
	[RSP+628 ] 0x7FF771C927D2     (void* -> Fallout4.exe+1CA27D2)
	[RSP+630 ] 0x0                (size_t)
	[RSP+638 ] 0x2E466A43900      (IOManager*)
	[RSP+640 ] 0x2E3F16DF0D0      (IOTask*)
	[RSP+648 ] 0x7FF771B05908     (void* -> Fallout4.exe+1B15908)
	[RSP+650 ] 0x2E4EA71AF50      (void*)
	[RSP+658 ] 0x2E3F17D7E30      (QueuedCharacter*)
	[RSP+660 ] 0x65               (size_t)
	[RSP+668 ] 0x1                (size_t)
	[RSP+670 ] 0x58               (size_t)
	[RSP+678 ] 0x7FF771C938C2     (void* -> Fallout4.exe+1CA38C2)
	[RSP+680 ] 0x227435           (size_t)
	[RSP+688 ] 0x0                (size_t)
	[RSP+690 ] 0x227502           (size_t)
	[RSP+698 ] 0x2E3E5683270      (Actor*)
		Object Reference: 
			File: ""
			Flags: 0x00000008
			Form ID: 0xFF0351F0
			Form Type: 45
		File: ""
		Flags: 0x00600548
		Form ID: 0xFF03571B
		Form Type: 65
	[RSP+6A0 ] 0x32               (size_t)
	[RSP+6A8 ] 0x1E               (size_t)
	[RSP+6B0 ] 0x2E46A55ED00      (IOManagerThread*)
	[RSP+6B8 ] 0x1CE3             (size_t)
	[RSP+6C0 ] 0x442D             (size_t)
	[RSP+6C8 ] 0x1                (size_t)
	[RSP+6D0 ] 0x2E466A43900      (IOManager*)
	[RSP+6D8 ] 0x7FF771C93C1C     (void* -> Fallout4.exe+1CA3C1C)
	[RSP+6E0 ] 0x65               (size_t)
	[RSP+6E8 ] 0xF700000000       (size_t)
	[RSP+6F0 ] 0x2E3F17D7E30      (QueuedCharacter*)
	[RSP+6F8 ] 0x30D40            (size_t)
	[RSP+700 ] 0x0                (size_t)
	[RSP+708 ] 0x0                (size_t)
	[RSP+710 ] 0x2E4EA71B80C      (void*)
	[RSP+718 ] 0x0                (size_t)
	[RSP+720 ] 0x2E3CEEFF500      (void*)
	[RSP+728 ] 0x305B7            (size_t)
	[RSP+730 ] 0x2E480C33A18      (void*)
	[RSP+738 ] 0x7FF770CCC3EC     (void* -> Fallout4.exe+0CDC3EC)
	[RSP+740 ] 0x2E400000001      (size_t)
	[RSP+748 ] 0x1                (size_t)
	[RSP+750 ] 0x2E3CEEFF500      (void*)
	[RSP+758 ] 0x1                (size_t)
	[RSP+760 ] 0x7FF772C46C68     (void* -> Fallout4.exe+2C56C68)
	[RSP+768 ] 0x0                (size_t)
	[RSP+770 ] 0x0                (size_t)
	[RSP+778 ] 0x7FF700000000     (size_t)
	[RSP+780 ] 0x0                (size_t)
	[RSP+788 ] 0x4DFF03A372       (size_t)
	[RSP+790 ] 0x0                (size_t)
	[RSP+798 ] 0x2E480C2D430      (TESObjectREFR*)
		Object Reference: 
			File: "SS2.esm"
			Flags: 0x10402019
			Form ID: 0x0B0129E1
			Form Type: 42
		File: ""
		Flags: 0x00600508
		Form ID: 0xFF03A372
		Form Type: 64
	[RSP+7A0 ] 0x80000543         (size_t)
	[RSP+7A8 ] 0x44000000         (size_t)
	[RSP+7B0 ] 0x182DB0           (size_t)
	[RSP+7B8 ] 0x2E3CEEFF838      (void*)
	[RSP+7C0 ] 0x2E47D25F3B0      (char*) "Autosave1_B8255FD4_4269674368756E677573_Commonwealth_080458_20230328164925_109_2"
	[RSP+7C8 ] 0x58               (size_t)
	[RSP+7D0 ] 0x0                (size_t)
	[RSP+7D8 ] 0x7FF770CCF476     (void* -> Fallout4.exe+0CDF476)
	[RSP+7E0 ] 0x2E480C33A18      (void*)
	[RSP+7E8 ] 0x2E480C33A18      (void*)
	[RSP+7F0 ] 0xF72CE5EF30       (void*)
	[RSP+7F8 ] 0x2E3CEEFF838      (void*)
	[RSP+800 ] 0xF700000001       (size_t)
	[RSP+808 ] 0xB0               (size_t)
	[RSP+810 ] 0x0                (size_t)
	[RSP+818 ] 0x305B7            (size_t)
	[RSP+820 ] 0x182DB0           (size_t)
	[RSP+828 ] 0x2E482C3C2D0      (void*)
	[RSP+830 ] 0x58               (size_t)
	[RSP+838 ] 0x0                (size_t)
	[RSP+840 ] 0x7FF700000403     (size_t)
	[RSP+848 ] 0x2E482C3C2D0      (void*)
	[RSP+850 ] 0x7FF772C46C68     (void* -> Fallout4.exe+2C56C68)
	[RSP+858 ] 0x0                (size_t)
	[RSP+860 ] 0x0                (size_t)
	[RSP+868 ] 0x0                (size_t)
	[RSP+870 ] 0x0                (size_t)
	[RSP+878 ] 0x4DFF03A372       (size_t)
	[RSP+880 ] 0x0                (size_t)
	[RSP+888 ] 0x2E480C2D430      (TESObjectREFR*)
		Object Reference: 
			File: "SS2.esm"
			Flags: 0x10402019
			Form ID: 0x0B0129E1
			Form Type: 42
		File: ""
		Flags: 0x00600508
		Form ID: 0xFF03A372
		Form Type: 64
	[RSP+890 ] 0x80000543         (size_t)
	[RSP+898 ] 0x44000000         (size_t)
	[RSP+8A0 ] 0x2E4EA71B910      (char*) "2"
	[RSP+8A8 ] 0x2E4EA71B80C      (void*)
	[RSP+8B0 ] 0x0                (size_t)
	[RSP+8B8 ] 0x7FFE00000000     (size_t)
	[RSP+8C0 ] 0x2E300000000      (size_t)
	[RSP+8C8 ] 0x0                (size_t)
	[RSP+8D0 ] 0x0                (size_t)
	[RSP+8D8 ] 0x7FFE00000000     (size_t)
	[RSP+8E0 ] 0x57A8FC10571FEB9  (size_t)
	[RSP+8E8 ] 0x19AC2D000F2BAC   (size_t)
	[RSP+8F0 ] 0x1730038001CA506  (size_t)
	[RSP+8F8 ] 0xE0000000C        (size_t)
	[RSP+900 ] 0x305B700000008    (size_t)
	[RSP+908 ] 0x0                (size_t)
	[RSP+910 ] 0x0                (size_t)
	[RSP+918 ] 0x0                (size_t)
	[RSP+920 ] 0x0                (size_t)
	[RSP+928 ] 0x0                (size_t)
	[RSP+930 ] 0x0                (size_t)
	[RSP+938 ] 0x0                (size_t)
	[RSP+940 ] 0x0                (size_t)
	[RSP+948 ] 0x0                (size_t)
	[RSP+950 ] 0xFFFFFFFF         (size_t)
	[RSP+958 ] 0xBC1BCC20         (size_t)
	[RSP+960 ] 0x0                (size_t)
	[RSP+968 ] 0x7FF7736BDAD4     (void* -> Fallout4.exe+36CDAD4)
	[RSP+970 ] 0x2E3BC1BCC20      (char*) "
ull save path: D:\OneDrive\Documents\My Games\Fallout4\Saves\\Autosave1_B8255FD4_4269674368756E677573_Commonwealth_080458_20230328164925_109_2.f4setlylyctly"
	[RSP+978 ] 0x0                (size_t)
	[RSP+980 ] 0x3                (size_t)
	[RSP+988 ] 0xBEFBDABE         (size_t)
	[RSP+990 ] 0x0                (size_t)
	[RSP+998 ] 0x7FF7736BDAD4     (void* -> Fallout4.exe+36CDAD4)
	[RSP+9A0 ] 0x7FFEBF0040E8     (void* -> f4se_1_10_163.dll+00C40E8)
	[RSP+9A8 ] 0x0                (size_t)
	[RSP+9B0 ] 0x49D100000001     (size_t)
	[RSP+9B8 ] 0x7FFEBEFB2F7D     (void* -> f4se_1_10_163.dll+0072F7D)
	[RSP+9C0 ] 0x657661736F747541 (size_t)
	[RSP+9C8 ] 0x4635353238425F31 (size_t)
	[RSP+9D0 ] 0x36393632345F3444 (size_t)
	[RSP+9D8 ] 0x3635373836333437 (size_t)
	[RSP+9E0 ] 0x5F33373537373645 (size_t)
	[RSP+9E8 ] 0x65776E6F6D6D6F43 (size_t)
	[RSP+9F0 ] 0x3038305F68746C61 (size_t)
	[RSP+9F8 ] 0x333230325F383534 (size_t)
	[RSP+A00 ] 0x3934363138323330 (size_t)
	[RSP+A08 ] 0x325F3930315F3532 (size_t)
	[RSP+A10 ] 0x7F00736F662E     (size_t)
	[RSP+A18 ] 0x7FFEBEFB2BDC     (void* -> f4se_1_10_163.dll+0072BDC)
	[RSP+A20 ] 0x2E3BC14CB30      (void*)
	[RSP+A28 ] 0xF72CE5F0D0       (void*)
	[RSP+A30 ] 0xF72CE5F1F8       (void*)
	[RSP+A38 ] 0x7FFEBEFB2E18     (void* -> f4se_1_10_163.dll+0072E18)
	[RSP+A40 ] 0x0                (size_t)
	[RSP+A48 ] 0xA                (size_t)
	[RSP+A50 ] 0x2E3BC14CB00      (void*)
	[RSP+A58 ] 0x7FFEBF004270     (void* -> f4se_1_10_163.dll+00C4270)
	[RSP+A60 ] 0x2E3B8922A30      (void*)
	[RSP+A68 ] 0x2E3BC14CB01      (void*)
	[RSP+A70 ] 0xF72CE5F000       (void*)
	[RSP+A78 ] 0xF72CE5F000       (void*)
	[RSP+A80 ] 0x7FFEBF0040E8     (void* -> f4se_1_10_163.dll+00C40E8)
	[RSP+A88 ] 0x7FFEBF0040E8     (void* -> f4se_1_10_163.dll+00C40E8)
	[RSP+A90 ] 0xF72CE5F130       (char*) "09:41:45, EXE Version: 1.10.163.0, Save Version 15.68"
	[RSP+A98 ] 0xF72CE5F090       (void*)
	[RSP+AA0 ] 0xF72CE5F138       (char*) ", EXE Version: 1.10.163.0, Save Version 15.68"
	[RSP+AA8 ] 0xF72CE5F140       (char*) "rsion: 1.10.163.0, Save Version 15.68"
	[RSP+AB0 ] 0xF72CE5F148       (char*) ".10.163.0, Save Version 15.68"
	[RSP+AB8 ] 0x7FFEBEFB2CBD     (void* -> f4se_1_10_163.dll+0072CBD)
	[RSP+AC0 ] 0x7FFEBEFD1A70     (char*) "%s
"
	[RSP+AC8 ] 0x7FFEBF0040E8     (void* -> f4se_1_10_163.dll+00C40E8)
	[RSP+AD0 ] 0x34202D2073757341 (size_t)
	[RSP+AD8 ] 0x20333230322F322F (size_t)
	[RSP+AE0 ] 0x35343A31343A3930 (size_t)
	[RSP+AE8 ] 0x655620455845202C (size_t)
	[RSP+AF0 ] 0x31203A6E6F697372 (size_t)
	[RSP+AF8 ] 0x2E3336312E30312E (size_t)
	[RSP+B00 ] 0x2065766153202C30 (size_t)
	[RSP+B08 ] 0x206E6F6973726556 (size_t)
	[RSP+B10 ] 0xCCCC0038362E3531 (size_t)
	[RSP+B18 ] 0xCCCCCCCCCCCCCCCC (size_t)
	[RSP+B20 ] 0xCCCCCCCCCCCCCCCC (size_t)
	[RSP+B28 ] 0xCCCCCCCC00000002 (size_t)
	[RSP+B30 ] 0xCCCCCCCCCCCCCCCC (size_t)
	[RSP+B38 ] 0xCCCCCCCCCCCCCCCC (size_t)
	[RSP+B40 ] 0xFFFFFFFFFFFFFFFE (size_t)
	[RSP+B48 ] 0xFFFFFFFFFFFFFFFE (size_t)
	[RSP+B50 ] 0xCCCCCCCCCCCCCCCC (size_t)
	[RSP+B58 ] 0x7FFEC3FD8F25     (void* -> FloatingDamage.dll+0008F25)
	[RSP+B60 ] 0xCCCCCCCCCCCCCCCC (size_t)
	[RSP+B68 ] 0xCCCCCCCCCCCCCCCC (size_t)
	[RSP+B70 ] 0xCCCCCCCCCCCCCCCC (size_t)
	[RSP+B78 ] 0x50               (size_t)
	[RSP+B80 ] 0xFFFFFFFFFFFFFFFE (size_t)
	[RSP+B88 ] 0x288              (size_t)
	[RSP+B90 ] 0x2E3BC6674D0      (void*)
	[RSP+B98 ] 0x7FFE99F0E014     (void* -> NVIDIA_Reflex.dll+003E014)
	[RSP+BA0 ] 0x7FFEBEFE52B8     (char*) "F4SE"
	[RSP+BA8 ] 0x7FFEBEF9B371     (void* -> f4se_1_10_163.dll+005B371)
	[RSP+BB0 ] 0xF72CE5F220       (void*)
	[RSP+BB8 ] 0x2E3BAC308E0      (char*) "	"
	[RSP+BC0 ] 0x2E3BAC30900      (void*)
	[RSP+BC8 ] 0x8                (size_t)
	[RSP+BD0 ] 0x7FFEBEFE52B8     (char*) "F4SE"
	[RSP+BD8 ] 0x5000000002       (size_t)
	[RSP+BE0 ] 0x2E47D25F3B0      (char*) "Autosave1_B8255FD4_4269674368756E677573_Commonwealth_080458_20230328164925_109_2"
	[RSP+BE8 ] 0x7FF775A634C0     (char*) "Autosave1_B8255FD4_4269674368756E677573_Commonwealth_080458_20230328164925_109_2"
	[RSP+BF0 ] 0xFFFFFF00         (size_t)
	[RSP+BF8 ] 0x0                (size_t)
	[RSP+C00 ] 0xF72CE5F320       (void*)
	[RSP+C08 ] 0x1                (size_t)
	[RSP+C10 ] 0x2E3CEEFF500      (void*)
	[RSP+C18 ] 0x7FFEBEF4EDC5     (void* -> f4se_1_10_163.dll+000EDC5)
	[RSP+C20 ] 0x2E47D25F301      (void*)
	[RSP+C28 ] 0x2E47D25F3B0      (char*) "Autosave1_B8255FD4_4269674368756E677573_Commonwealth_080458_20230328164925_109_2"
	[RSP+C30 ] 0x2E47D25F3B0      (char*) "Autosave1_B8255FD4_4269674368756E677573_Commonwealth_080458_20230328164925_109_2"
	[RSP+C38 ] 0x0                (size_t)
	[RSP+C40 ] 0x0                (size_t)
	[RSP+C48 ] 0x0                (size_t)
	[RSP+C50 ] 0x0                (size_t)
	[RSP+C58 ] 0x0                (size_t)
	[RSP+C60 ] 0x0                (size_t)
	[RSP+C68 ] 0x0                (size_t)
	[RSP+C70 ] 0x2                (size_t)
	[RSP+C78 ] 0x7FF770CDDA7D     (void* -> Fallout4.exe+0CEDA7D)
	[RSP+C80 ] 0x1                (size_t)
	[RSP+C88 ] 0xF72CE5F3D0       (void*)
	[RSP+C90 ] 0x2E4668509C0      (BGSSaveLoadManager*)
	[RSP+C98 ] 0x2                (size_t)
	[RSP+CA0 ] 0x746300000006     (size_t)
	[RSP+CA8 ] 0x0                (size_t)
	[RSP+CB0 ] 0x0                (size_t)
	[RSP+CB8 ] 0x0                (size_t)
	[RSP+CC0 ] 0x2E482F274A0      (BSGFxShaderFXTarget*)
	[RSP+CC8 ] 0xA900A8           (size_t)
	[RSP+CD0 ] 0x2E4EA71B870      (ScrapHeap*)
	[RSP+CD8 ] 0x2E5AE692AF8      (void*)
	[RSP+CE0 ] 0x7FFF00000002     (void*)
	[RSP+CE8 ] 0xF700000002       (size_t)
	[RSP+CF0 ] 0x2E4EA71B910      (char*) "2"
	[RSP+CF8 ] 0x7FFF10903E6F     (void* -> ntdll.dll+0073E6F)
	[RSP+D00 ] 0x657661736F747541 (size_t)
	[RSP+D08 ] 0x4635353238425F31 (size_t)
	[RSP+D10 ] 0x36393632345F3444 (size_t)
	[RSP+D18 ] 0x3635373836333437 (size_t)
	[RSP+D20 ] 0x5F33373537373645 (size_t)
	[RSP+D28 ] 0x65776E6F6D6D6F43 (size_t)
	[RSP+D30 ] 0x3038305F68746C61 (size_t)
	[RSP+D38 ] 0x333230325F383534 (size_t)
	[RSP+D40 ] 0x3934363138323330 (size_t)
	[RSP+D48 ] 0x325F3930315F3532 (size_t)
	[RSP+D50 ] 0x0                (size_t)
	[RSP+D58 ] 0x0                (size_t)
	[RSP+D60 ] 0x0                (size_t)
	[RSP+D68 ] 0x0                (size_t)
	[RSP+D70 ] 0x0                (size_t)
	[RSP+D78 ] 0x0                (size_t)
	[RSP+D80 ] 0x0                (size_t)
	[RSP+D88 ] 0x0                (size_t)
	[RSP+D90 ] 0x0                (size_t)
	[RSP+D98 ] 0x0                (size_t)
	[RSP+DA0 ] 0x0                (size_t)
	[RSP+DA8 ] 0x0                (size_t)
	[RSP+DB0 ] 0x0                (size_t)
	[RSP+DB8 ] 0x0                (size_t)
	[RSP+DC0 ] 0x0                (size_t)
	[RSP+DC8 ] 0x0                (size_t)
	[RSP+DD0 ] 0x0                (size_t)
	[RSP+DD8 ] 0x0                (size_t)
	[RSP+DE0 ] 0x0                (size_t)
	[RSP+DE8 ] 0x0                (size_t)
	[RSP+DF0 ] 0x0                (size_t)
	[RSP+DF8 ] 0x0                (size_t)
	[RSP+E00 ] 0x2E400000000      (size_t)
	[RSP+E08 ] 0x2E4EF1DC9A0      (void*)
	[RSP+E10 ] 0x6D               (size_t)
	[RSP+E18 ] 0x100000002        (size_t)
	[RSP+E20 ] 0xB8255FD4         (size_t)
	[RSP+E28 ] 0x0                (size_t)
	[RSP+E30 ] 0x2E40015000A      (size_t)
	[RSP+E38 ] 0x0                (size_t)
	[RSP+E40 ] 0x2E4000D000C      (size_t)
	[RSP+E48 ] 0x0                (size_t)
	[RSP+E50 ] 0x2E400070006      (size_t)
	[RSP+E58 ] 0x20000000101      (size_t)
	[RSP+E60 ] 0x7244656E4F5C3A44 (size_t)
	[RSP+E68 ] 0x75636F445C657669 (size_t)
	[RSP+E70 ] 0x794D5C73746E656D (size_t)
	[RSP+E78 ] 0x465C73656D614720 (size_t)
	[RSP+E80 ] 0x5C3474756F6C6C61 (size_t)
	[RSP+E88 ] 0x75415C7365766153 (size_t)
	[RSP+E90 ] 0x5F31657661736F74 (size_t)
	[RSP+E98 ] 0x3444463535323842 (size_t)
	[RSP+EA0 ] 0x343736393632345F (size_t)
	[RSP+EA8 ] 0x3645363537383633 (size_t)
	[RSP+EB0 ] 0x6F435F3337353737 (size_t)
	[RSP+EB8 ] 0x6C6165776E6F6D6D (size_t)
	[RSP+EC0 ] 0x35343038305F6874 (size_t)
	[RSP+EC8 ] 0x3330333230325F38 (size_t)
	[RSP+ED0 ] 0x3532393436313832 (size_t)
	[RSP+ED8 ] 0x662E325F3930315F (size_t)
	[RSP+EE0 ] 0x2E3BC00736F      (void*)
	[RSP+EE8 ] 0x7FF771B0F31A     (void* -> Fallout4.exe+1B1F31A)
	[RSP+EF0 ] 0x2E3DECD20A0      (void*)
	[RSP+EF8 ] 0x2E3DECD20A0      (void*)
	[RSP+F00 ] 0x2E3E2CC0A10      (void*)
	[RSP+F08 ] 0x0                (size_t)
	[RSP+F10 ] 0x2E3E2CC0A10      (void*)
	[RSP+F18 ] 0x0                (size_t)
	[RSP+F20 ] 0x2E3BC1EAD10      (MemoryHeap*)
	[RSP+F28 ] 0x7FF771B0F760     (void* -> Fallout4.exe+1B1F760)
	[RSP+F30 ] 0x2E3BC1EAEC0      (void*)
	[RSP+F38 ] 0x0                (size_t)
	[RSP+F40 ] 0x600              (size_t)
	[RSP+F48 ] 0x7FF771B0F9BA     (void* -> Fallout4.exe+1B1F9BA)
	[RSP+F50 ] 0x2E3BC1EAD10      (MemoryHeap*)
	[RSP+F58 ] 0x7FF771B0F31A     (void* -> Fallout4.exe+1B1F31A)
	[RSP+F60 ] 0x0                (size_t)
	[RSP+F68 ] 0x0                (size_t)
	[RSP+F70 ] 0x657661736F747541 (size_t)
	[RSP+F78 ] 0x4635353238425F31 (size_t)
	[RSP+F80 ] 0x36393632345F3444 (size_t)
	[RSP+F88 ] 0x3635373836333437 (size_t)
	[RSP+F90 ] 0x5F33373537373645 (size_t)
	[RSP+F98 ] 0x65776E6F6D6D6F43 (size_t)
	[RSP+FA0 ] 0x3038305F68746C61 (size_t)
	[RSP+FA8 ] 0x333230325F383534 (size_t)
	[RSP+FB0 ] 0x3934363138323330 (size_t)
	[RSP+FB8 ] 0x325F3930315F3532 (size_t)
	[RSP+FC0 ] 0x1800             (size_t)
	[RSP+FC8 ] 0x7FF771B0093F     (void* -> Fallout4.exe+1B1093F)
	[RSP+FD0 ] 0x0                (size_t)
	[RSP+FD8 ] 0x2E3C7130080      (MemoryHeap*)
	[RSP+FE0 ] 0x2E3BC1EAD10      (MemoryHeap*)
	[RSP+FE8 ] 0x7FF771B0F31A     (void* -> Fallout4.exe+1B1F31A)
	[RSP+FF0 ] 0x0                (size_t)
	[RSP+FF8 ] 0x7FF772032234     (void* -> Fallout4.exe+2042234)
	[RSP+1000] 0x7FF775A56DD0     (UI*)
	[RSP+1008] 0x0                (size_t)
	[RSP+1010] 0x2E3D7748AE0      (char*) "M"
	[RSP+1018] 0x7FF771B0EE94     (void* -> Fallout4.exe+1B1EE94)
	[RSP+1020] 0x2E4673B1E00      (void*)
	[RSP+1028] 0x7FF770E8AC99     (void* -> Fallout4.exe+0E9AC99)
	[RSP+1030] 0xBBFB6EF9         (size_t)
	[RSP+1038] 0x0                (size_t)
	[RSP+1040] 0x2E3CEF817A0      (PlayerCharacter*)
		Object Reference: 
			File: "Fallout4.esm"
			Flags: 0x00240009
			Form ID: 0x00000007
			Form Type: 45
		File: ""
		Flags: 0x00600448
		Form ID: 0x00000014
		Form Type: 65
	[RSP+1048] 0x7FF775A56DD0     (UI*)
	[RSP+1050] 0x7FF7738BC980     (void* -> Fallout4.exe+38CC980)
	[RSP+1058] 0x2E47BD40D40      (void*)
	[RSP+1060] 0x2E3D7770A80      (void*)
	[RSP+1068] 0x7FF77049E17C     (void* -> Fallout4.exe+04AE17C)
	[RSP+1070] 0x2E3D7771560      (void*)
	[RSP+1078] 0x2E3D776FDC0      (void*)
	[RSP+1080] 0x657661736F747541 (size_t)
	[RSP+1088] 0x4635353238425F31 (size_t)
	[RSP+1090] 0x36393632345F3444 (size_t)
	[RSP+1098] 0x3635373836333437 (size_t)
	[RSP+10A0] 0x5F33373537373645 (size_t)
	[RSP+10A8] 0x65776E6F6D6D6F43 (size_t)
	[RSP+10B0] 0x3038305F68746C61 (size_t)
	[RSP+10B8] 0x333230325F383534 (size_t)
	[RSP+10C0] 0x3934363138323330 (size_t)
	[RSP+10C8] 0x325F3930315F3532 (size_t)
	[RSP+10D0] 0x736F662E         (size_t)
	[RSP+10D8] 0xF72CE5F778       (void*)
	[RSP+10E0] 0x2E46F5B8900      (BGSMaterialType*)
		File: "Fallout4.esm"
		Flags: 0x00000009
		Form ID: 0x002388D7
		Form Type: 102
	[RSP+10E8] 0x7FF770CCCEFE     (void* -> Fallout4.exe+0CDCEFE)
	[RSP+10F0] 0x2E3CEFE4DC0      (void*)
	[RSP+10F8] 0x7FF775BD8084     (void* -> Fallout4.exe+5BE8084)
	[RSP+1100] 0x2E4EA71B910      (char*) "2"
	[RSP+1108] 0x62               (size_t)
	[RSP+1110] 0x2E47BD40D10      (BGSImpactDataSet*)
		File: "CombinedArmsEXPack.esp"
		Flags: 0x00000008
		Form ID: 0x37008BBD
		Form Type: 104
	[RSP+1118] 0x7FF77049CDBF     (void* -> Fallout4.exe+04ACDBF)
	[RSP+1120] 0x2E3CEFE4DB8      (void*)
	[RSP+1128] 0x7FF73A3CB588     (size_t)
	[RSP+1130] 0x9FBA2FFC         (size_t)
	[RSP+1138] 0x2E46F6E2CC0      (BGSImpactData*)
		File: "Fallout4.esm"
		Flags: 0x00000009
		Form ID: 0x00021FEE
		Form Type: 103
	[RSP+1140] 0x1                (size_t)
	[RSP+1148] 0x2E47BD40D10      (BGSImpactDataSet*)
		File: "CombinedArmsEXPack.esp"
		Flags: 0x00000008
		Form ID: 0x37008BBD
		Form Type: 104
	[RSP+1150] 0x0                (size_t)
	[RSP+1158] 0x7FF770142C3C     (void* -> Fallout4.exe+0152C3C)
	[RSP+1160] 0x2E47BD40D38      (void*)
	[RSP+1168] 0x2                (size_t)
	[RSP+1170] 0x2E4EA71B910      (char*) "2"
	[RSP+1178] 0x2E47BC607B8      (BGSCollisionLayer*)
		File: "CombinedArmsNV.esp"
		Flags: 0x00000008
		Form ID: 0x360049E9
		Form Type: 136
	[RSP+1180] 0x2E47BD40D10      (BGSImpactDataSet*)
		File: "CombinedArmsEXPack.esp"
		Flags: 0x00000008
		Form ID: 0x37008BBD
		Form Type: 104
	[RSP+1188] 0x0                (size_t)
	[RSP+1190] 0x7244656E4F5C3A44 (size_t)
	[RSP+1198] 0x75636F445C657669 (size_t)
	[RSP+11A0] 0x794D5C73746E656D (size_t)
	[RSP+11A8] 0x465C73656D614720 (size_t)
	[RSP+11B0] 0x5C3474756F6C6C61 (size_t)
	[RSP+11B8] 0x5C7365766153     (size_t)
	[RSP+11C0] 0x0                (size_t)
	[RSP+11C8] 0x0                (size_t)
	[RSP+11D0] 0x0                (size_t)
	[RSP+11D8] 0x0                (size_t)
	[RSP+11E0] 0x0                (size_t)
	[RSP+11E8] 0x0                (size_t)
	[RSP+11F0] 0x0                (size_t)
	[RSP+11F8] 0x0                (size_t)
	[RSP+1200] 0x0                (size_t)
	[RSP+1208] 0x0                (size_t)
	[RSP+1210] 0x0                (size_t)
	[RSP+1218] 0x0                (size_t)
	[RSP+1220] 0x0                (size_t)
	[RSP+1228] 0x0                (size_t)
	[RSP+1230] 0x0                (size_t)
	[RSP+1238] 0x0                (size_t)
	[RSP+1240] 0x0                (size_t)
	[RSP+1248] 0x0                (size_t)
	[RSP+1250] 0x0                (size_t)
	[RSP+1258] 0x0                (size_t)
	[RSP+1260] 0x0                (size_t)
	[RSP+1268] 0x0                (size_t)
	[RSP+1270] 0x0                (size_t)
	[RSP+1278] 0x0                (size_t)
	[RSP+1280] 0x0                (size_t)
	[RSP+1288] 0x0                (size_t)
	[RSP+1290] 0x0                (size_t)
	[RSP+1298] 0x0                (size_t)
	[RSP+12A0] 0x0                (size_t)
	[RSP+12A8] 0xF72B3DF670       (void*)
	[RSP+12B0] 0x7FF775BD8084     (void* -> Fallout4.exe+5BE8084)
	[RSP+12B8] 0x1                (size_t)
	[RSP+12C0] 0x7FF775BD8080     (void* -> Fallout4.exe+5BE8080)
	[RSP+12C8] 0x7FF775BD8088     (void* -> Fallout4.exe+5BE8088)
	[RSP+12D0] 0x2E4673B1EE0      (void*)
	[RSP+12D8] 0x0                (size_t)
	[RSP+12E0] 0x0                (size_t)
	[RSP+12E8] 0x7FF770CE3A4D     (void* -> Fallout4.exe+0CF3A4D)
	[RSP+12F0] 0x1                (size_t)
	[RSP+12F8] 0x7FF775A634C0     (char*) "Autosave1_B8255FD4_4269674368756E677573_Commonwealth_080458_20230328164925_109_2"
	[RSP+1300] 0x2E3FFFFFFFF      (size_t)
	[RSP+1308] 0x0                (size_t)
	[RSP+1310] 0x7FF700000000     (size_t)
	[RSP+1318] 0x7FFF0DE29C01     (void* -> KERNELBASE.dll+0039C01)
	[RSP+1320] 0x7FF775BD8120     (void* -> Fallout4.exe+5BE8120)
	[RSP+1328] 0x7FF771B40F26     (void* -> Fallout4.exe+1B50F26)
	[RSP+1330] 0x7FF775BD8120     (void* -> Fallout4.exe+5BE8120)
	[RSP+1338] 0xA8               (size_t)
	[RSP+1340] 0x0                (size_t)
	[RSP+1348] 0x7FFF0DE5B0CD     (void* -> KERNELBASE.dll+006B0CD)
	[RSP+1350] 0x0                (size_t)
	[RSP+1358] 0x0                (size_t)
	[RSP+1360] 0x7FF775BEE780     (void* -> Fallout4.exe+5BFE780)
	[RSP+1368] 0x0                (size_t)
	[RSP+1370] 0x7FF775BD80D0     (BSJobs::JobThread*)
	[RSP+1378] 0x7FF771B41432     (void* -> Fallout4.exe+1B51432)
	[RSP+1380] 0x0                (size_t)
	[RSP+1388] 0x7FF775BD80D0     (BSJobs::JobThread*)
	[RSP+1390] 0x0                (size_t)
	[RSP+1398] 0xF72CE5FA40       (void*)
	[RSP+13A0] 0x0                (size_t)
	[RSP+13A8] 0x0                (size_t)
	[RSP+13B0] 0x0                (size_t)
	[RSP+13B8] 0x7FF771B43F67     (void* -> Fallout4.exe+1B53F67)
	[RSP+13C0] 0x7FF775BD80D0     (BSJobs::JobThread*)
	[RSP+13C8] 0x0                (size_t)
	[RSP+13D0] 0x0                (size_t)
	[RSP+13D8] 0x0                (size_t)
	[RSP+13E0] 0x7FF775BD80D0     (BSJobs::JobThread*)
	[RSP+13E8] 0x7FF771B0CFED     (void* -> Fallout4.exe+1B1CFED)
	[RSP+13F0] 0x4E10             (size_t)
	[RSP+13F8] 0xF72CE5FA60       (void*)
	[RSP+1400] 0x2E4673AEE70      (void*)
	[RSP+1408] 0x0                (size_t)
	[RSP+1410] 0x7FF775BD80D0     (BSJobs::JobThread*)
	[RSP+1418] 0x0                (size_t)
	[RSP+1420] 0x0                (size_t)
	[RSP+1428] 0x7FFF0F3126BD     (void* -> KERNEL32.DLL+00126BD)
	[RSP+1430] 0x0                (size_t)
	[RSP+1438] 0x0                (size_t)
	[RSP+1440] 0x0                (size_t)
	[RSP+1448] 0x0                (size_t)
	[RSP+1450] 0x0                (size_t)
	[RSP+1458] 0x7FFF108EA9F8     (void* -> ntdll.dll+005A9F8)
	[RSP+1460] 0x0                (size_t)
	[RSP+1468] 0x0                (size_t)
	[RSP+1470] 0x0                (size_t)
	[RSP+1478] 0x0                (size_t)
	[RSP+1480] 0x0                (size_t)
	[RSP+1488] 0x0                (size_t)
	[RSP+1490] 0xA485A2DB00000000 (size_t)
	[RSP+1498] 0x0                (size_t)
	[RSP+14A0] 0x4F0FFFFFB30      (size_t)
	[RSP+14A8] 0x7FFF0DF45D20     (void* -> KERNELBASE.dll+0155D20)
	[RSP+14B0] 0xF72CE5D140       (void*)
	[RSP+14B8] 0x2E3FFF60000FFFF5 (size_t)
	[RSP+14C0] 0x7FFFA971FFFB     (size_t)
	[RSP+14C8] 0xF72CE5D140       (void*)
	[RSP+14D0] 0x0                (size_t)
	[RSP+14D8] 0x0                (size_t)
	[RSP+14E0] 0x0                (size_t)
	[RSP+14E8] 0x0                (size_t)
	[RSP+14F0] 0x0                (size_t)
	[RSP+14F8] 0x0                (size_t)
	[RSP+1500] 0x0                (size_t)
	[RSP+1508] 0x0                (size_t)
	[RSP+1510] 0x0                (size_t)
	[RSP+1518] 0x0                (size_t)
	[RSP+1520] 0x0                (size_t)
	[RSP+1528] 0x0                (size_t)
	[RSP+1530] 0x0                (size_t)
	[RSP+1538] 0x0                (size_t)
	[RSP+1540] 0x0                (size_t)
	[RSP+1548] 0x0                (size_t)
	[RSP+1550] 0x0                (size_t)
	[RSP+1558] 0x0                (size_t)
	[RSP+1560] 0x0                (size_t)
	[RSP+1568] 0x0                (size_t)
	[RSP+1570] 0x0                (size_t)
	[RSP+1578] 0x0                (size_t)
	[RSP+1580] 0x0                (size_t)
	[RSP+1588] 0x0                (size_t)
	[RSP+1590] 0x0                (size_t)
	[RSP+1598] 0x0                (size_t)
	[RSP+15A0] 0x0                (size_t)
	[RSP+15A8] 0x0                (size_t)
	[RSP+15B0] 0x0                (size_t)
	[RSP+15B8] 0x0                (size_t)
	[RSP+15C0] 0x0                (size_t)
	[RSP+15C8] 0x0                (size_t)
	[RSP+15D0] 0x0                (size_t)
	[RSP+15D8] 0x0                (size_t)
	[RSP+15E0] 0x0                (size_t)
	[RSP+15E8] 0x0                (size_t)
	[RSP+15F0] 0x0                (size_t)
	[RSP+15F8] 0x0                (size_t)
	[RSP+1600] 0x0                (size_t)
	[RSP+1608] 0x0                (size_t)
	[RSP+1610] 0x0                (size_t)
	[RSP+1618] 0x0                (size_t)
	[RSP+1620] 0x0                (size_t)
	[RSP+1628] 0x0                (size_t)
	[RSP+1630] 0x0                (size_t)
	[RSP+1638] 0x0                (size_t)
	[RSP+1640] 0x0                (size_t)
	[RSP+1648] 0x0                (size_t)
	[RSP+1650] 0x0                (size_t)
	[RSP+1658] 0x0                (size_t)
	[RSP+1660] 0x0                (size_t)
	[RSP+1668] 0x0                (size_t)
	[RSP+1670] 0x0                (size_t)
	[RSP+1678] 0x0                (size_t)
	[RSP+1680] 0x0                (size_t)
	[RSP+1688] 0x0                (size_t)
	[RSP+1690] 0x0                (size_t)
	[RSP+1698] 0x0                (size_t)
	[RSP+16A0] 0x0                (size_t)
	[RSP+16A8] 0x0                (size_t)
	[RSP+16B0] 0x0                (size_t)
	[RSP+16B8] 0x0                (size_t)
	[RSP+16C0] 0x0                (size_t)
	[RSP+16C8] 0x0                (size_t)
	[RSP+16D0] 0x0                (size_t)
	[RSP+16D8] 0x0                (size_t)
	[RSP+16E0] 0x0                (size_t)
	[RSP+16E8] 0x0                (size_t)
	[RSP+16F0] 0x0                (size_t)
	[RSP+16F8] 0x0                (size_t)
	[RSP+1700] 0x0                (size_t)
	[RSP+1708] 0x0                (size_t)
	[RSP+1710] 0x0                (size_t)
	[RSP+1718] 0x0                (size_t)
	[RSP+1720] 0x0                (size_t)
	[RSP+1728] 0x0                (size_t)
	[RSP+1730] 0x0                (size_t)
	[RSP+1738] 0x0                (size_t)
	[RSP+1740] 0x0                (size_t)
	[RSP+1748] 0x0                (size_t)
	[RSP+1750] 0x0                (size_t)
	[RSP+1758] 0x0                (size_t)
	[RSP+1760] 0x0                (size_t)
	[RSP+1768] 0x0                (size_t)
	[RSP+1770] 0x0                (size_t)
	[RSP+1778] 0x0                (size_t)
	[RSP+1780] 0x0                (size_t)
	[RSP+1788] 0x0                (size_t)
	[RSP+1790] 0x0                (size_t)
	[RSP+1798] 0x0                (size_t)
	[RSP+17A0] 0x0                (size_t)
	[RSP+17A8] 0x0                (size_t)
	[RSP+17B0] 0x0                (size_t)
	[RSP+17B8] 0x0                (size_t)
	[RSP+17C0] 0x0                (size_t)
	[RSP+17C8] 0x0                (size_t)
	[RSP+17D0] 0x0                (size_t)
	[RSP+17D8] 0x0                (size_t)
	[RSP+17E0] 0x0                (size_t)
	[RSP+17E8] 0x0                (size_t)
	[RSP+17F0] 0x0                (size_t)
	[RSP+17F8] 0x0                (size_t)
	[RSP+1800] 0x0                (size_t)
	[RSP+1808] 0x0                (size_t)
	[RSP+1810] 0x0                (size_t)
	[RSP+1818] 0x0                (size_t)
	[RSP+1820] 0x0                (size_t)
	[RSP+1828] 0x0                (size_t)
	[RSP+1830] 0x0                (size_t)
	[RSP+1838] 0x0                (size_t)
	[RSP+1840] 0x0                (size_t)
	[RSP+1848] 0x0                (size_t)
	[RSP+1850] 0x0                (size_t)
	[RSP+1858] 0x0                (size_t)
	[RSP+1860] 0x0                (size_t)
	[RSP+1868] 0x0                (size_t)
	[RSP+1870] 0x0                (size_t)
	[RSP+1878] 0x0                (size_t)
	[RSP+1880] 0x0                (size_t)
	[RSP+1888] 0x0                (size_t)
	[RSP+1890] 0x0                (size_t)
	[RSP+1898] 0x0                (size_t)
	[RSP+18A0] 0x0                (size_t)
	[RSP+18A8] 0x0                (size_t)
	[RSP+18B0] 0x0                (size_t)
	[RSP+18B8] 0x0                (size_t)
	[RSP+18C0] 0x0                (size_t)
	[RSP+18C8] 0x0                (size_t)
	[RSP+18D0] 0x0                (size_t)
	[RSP+18D8] 0x0                (size_t)
	[RSP+18E0] 0x0                (size_t)
	[RSP+18E8] 0x0                (size_t)
	[RSP+18F0] 0x0                (size_t)
	[RSP+18F8] 0x0                (size_t)
	[RSP+1900] 0x0                (size_t)
	[RSP+1908] 0x0                (size_t)
	[RSP+1910] 0x0                (size_t)
	[RSP+1918] 0x0                (size_t)
	[RSP+1920] 0x0                (size_t)
	[RSP+1928] 0x0                (size_t)
	[RSP+1930] 0x0                (size_t)
	[RSP+1938] 0x0                (size_t)
	[RSP+1940] 0x0                (size_t)
	[RSP+1948] 0x0                (size_t)
	[RSP+1950] 0x0                (size_t)
	[RSP+1958] 0x0                (size_t)
	[RSP+1960] 0x0                (size_t)
	[RSP+1968] 0x0                (size_t)
	[RSP+1970] 0x0                (size_t)
	[RSP+1978] 0x0                (size_t)
	[RSP+1980] 0x0                (size_t)
	[RSP+1988] 0x0                (size_t)
	[RSP+1990] 0x0                (size_t)
	[RSP+1998] 0x0                (size_t)
	[RSP+19A0] 0x0                (size_t)
	[RSP+19A8] 0x0                (size_t)

MODULES:

F4SE PLUGINS:
	BakaScrapHeap.dll v1.3
	Buffout4.dll v1.26.2
	BulletCountedReload.dll
	cbp.dll
	ClassicHolsteredWeapons.dll
	crafting_highlight_fix.dll
	f4ee.dll
	FloatingDamage.dll
	HighFPSPhysicsFix.dll
	hudextension.dll
	mcm.dll
	NVIDIA_Reflex.dll v1
	po3_BaseObjectSwapperF4.dll v1
	PowerGridTools.dll
	ShadowBoostFO4.dll
	SprintStutteringFix.dll
	UnlimitedSurvivalMode.dll
	WeaponDebrisCrashFix.dll
	WmkActiveEffects.dll
	wsfw_identifier.dll
	XDI.dll

PLUGINS:
	[00]     Fallout4.esm
	[01]     DLCRobot.esm
	[02]     DLCworkshop01.esm
	[03]     DLCCoast.esm
	[04]     DLCworkshop02.esm
	[05]     DLCworkshop03.esm
	[06]     DLCNukaWorld.esm
	[07]     Unofficial Fallout 4 Patch.esp
	[08]     Fallout 4 Fixes.esm
	[09]     TacticalReload.esm
	[0A]     WorkshopFramework.esm
	[0B]     SS2.esm
	[0C]     SS2_XPAC_Chapter2.esm
	[0D]     XDI.esm
	[0E]     HUDFramework.esm
	[0F]     Fallout 4 Consistency Tweaks.esp
	[10]     Fixed Alpha Maps.esp
	[11]     Move Store and Assign Power Armor.esp
	[12]     RAW INPUT.esp
	[13]     LeverActionBCR.esp
	[14]     Reverb and Ambiance Overhaul.esp
	[15]     EveryonesBestFriend.esp
	[16]     The Collector's Guides.esp
	[17]     FO4 NPCs Travel.esp
	[18]     3dscopes-replacer.esp
	[19]     Scopes.esp
	[1A]     LongerPowerLinesInf.esp
	[1B]     SlowTime.esp
	[1C]     Commonwealth Climate.esp
	[1D]     InstitWeapPosit.esp
	[1E]     UltraInteriorLighting.esp
	[1F]     RemoveBlur.esp
	[20]     ValiusHDTextures2K.esp
	[21]     Vivid Fallout - All in One - 2k.esp
	[22]     Pip-Boy Flashlight.esp
	[23]     strongheight.esp
	[24]     JJShutUpAndTrade.esp
	[25]     CBBE.esp
	[26]     LooksMenu.esp
	[27]     LooksMenu Customization Compendium.esp
	[28]     skeletonmaleplayer.esp
	[29]     KSHairdos_oel.esp
	[2A]     The Eyes Of Beauty.esp
	[2B]     HiPolyFaces.esp
	[2C]     W.A.T.Minutemen.esp
	[2D]     DLCCoast_WorkshopDialogue_Doctor.esp
	[2E]     NPCSTRAVELFIXES.esp
	[2F]     JJRobotVendorFix.esp
	[30]     SkipHSH1_6.esp
	[31]     Nuka-World Collectable Markers.esp
	[32]     G3A3.esp
	[33]     G3A3_AnimationUpdate.esp
	[34]     G3_R91_Expansion.esp
	[35]     KrissVector.esp
	[36]     CombinedArmsNV.esp
	[37]     CombinedArmsEXPack.esp
	[38]     Schotel22.esp
	[39]     SigSauer127.esp
	[3A]     127mmSMG.esp
	[3B]     RiotShotgun.esp
	[3C]     AA12.esp
	[3D]     Bozar Fix.esp
	[3E]     ImmersiveAnimationFramework.esp
	[3F]     BF1 Animations - Double Barrel Shotgun v2.3.esp
	[40]     WD_44.esp
	[41]     BF1 Animations - Hunting Rifle v1.3.esp
	[42]     Laser Weapon Reanimated.esp
	[43]     Assault Rifle Reanimated.esp
	[44]     PA-Quick Animations.esp
	[45]     CombinedArmsMK12PowerArmorPatch.esp
	[46]     SS2Extended.esp
	[47]     MMP4APA-blue.esp
	[48]     MMP4APA.esp
	[49]     FIS-Naming-Weap-Armo-EN.esp
	[4A]     WmkActiveEffects.esp
	[4B]     SKKSettlementAttackSystem.esp
	[4C]     BossChestsHaveLegendaries.esp
	[4D]     WheelMenu.esp
	[FE:000] LegendaryDropBugfix.esl
	[FE:001] PPF.esm
	[FE:002] LIF.esl
	[FE:003] FOVSlider.esl
	[FE:004] AWHD4KFull.esl
	[FE:005] dppsychoandmedx.esl
	[FE:006] dpjetandxcell.esl
	[FE:007] HiPolyFacesCompanionPlugin.esl
	[FE:008] Legendary, rearmed.esl
	[FE:009] CanarySaveFileMonitor.esl
	[FE:00A] SS2CityPlanContest_Abernathy_GavMan_S3.esl
	[FE:00B] SS2CityPlanContest_BostonAirport_GwenstheName_S3.esl
	[FE:00C] SS2CityPlanContest_BostonAirport_NigauD_S3.esl
	[FE:00D] SS2CityPlanContest_BostonAirport_xMORIDARx_S3.esl
	[FE:00E] SS2CityPlanContest_BunkerHill_Ausplat_S2.esl
	[FE:00F] SS2CityPlanContest_BunkerHIll_Karvoc_S2.esl
	[FE:010] SS2CityPlanContest_BunkerHill_NigauD_S3.esl
	[FE:011] SS2CityPlanContest_BunkerHill_WaningGibbous_S3.esl
	[FE:012] SS2CityPlanContest_CoastalCottage_Cessori_S3.esl
	[FE:013] SS2CityPlanContest_CoastalCottage_CryingCube2_S3.esl
	[FE:014] SS2CityPlanContest_CoastalCottage_PhilTCasual_S1.esl
	[FE:015] SS2CityPlanContest_CountryCrossing_Myrmarachne_S1.esl
	[FE:016] SS2CityPlanContest_CountyCrossing_SimSatan_S3.esl
	[FE:017] SS2CityPlanContest_CountyCrossing_TTG_S1.esl
	[FE:018] SS2CityPlanContest_CountyCrossing_WaningGibbous_S3.esl
	[FE:019] SS2CityPlanContest_Covenant_GavMan_S3.esl
	[FE:01A] SS2CityPlanContest_Covenant_harkness13_S2.esl
	[FE:01B] SS2CityPlanContest_CroupManor_alan0n_S3.esl
	[FE:01C] SS2CityPlanContest_CroupManor_Gavman_S3.esl
	[FE:01D] SS2CityPlanContest_CroupManor_Karvoc_S3.esl
	[FE:01E] SS2CityPlanContest_CroupManor_NDCowdy_S1.esl
	[FE:01F] SS2CityPlanContest_CroupManor_reina_S3.esl
	[FE:020] SS2CityPlanContest_CroupManor_WaningGibbous_S3.esl
	[FE:021] SS2CityPlanContest_DaltonFarm_Choochoo1_S3.esl
	[FE:022] SS2CityPlanContest_DaltonFarm_KezzDaddy_S3.esl
	[FE:023] SS2CityPlanContest_DaltonFarm_NDCowdy_S2.esl
	[FE:024] SS2CityPlanContest_DaltonFarm_veelynnlove_S3.esl
	[FE:025] SS2CityPlanContest_EchoLakeLumber_aSemioticGhost_S2.esl
	[FE:026] SS2CityPlanContest_EchoLakeLumber_KynthiaBarnes_S2.esl
	[FE:027] SS2CityPlanContest_EchoLakeLumber_NDCowdy_S2.esl
	[FE:028] SS2CityPlanContest_EgretToursMarina_Blackbelt_S3.esl
	[FE:029] SS2CityPlanContest_EgretToursMarina_GavMan_S3.esl
	[FE:02A] SS2CityPlanContest_EgretToursMarina_NDCowdy_S1.esl
	[FE:02B] SS2CityPlanContest_FinchFarm_Gavman_S3.esl
	[FE:02C] SS2CityPlanContest_FinchFarm_Karvoc_S3.esl
	[FE:02D] SS2CityPlanContest_FinchFarm_Myrmarachne_S1.esl
	[FE:02E] SS2CityPlanContest_FinchFarm_NigauD_S3.esl
	[FE:02F] SS2CityPlanContest_Graygarden_Cessori_S3.esl
	[FE:030] SS2CityPlanContest_Graygarden_CodeNamed1_S3.esl
	[FE:031] SS2CityPlanContest_Graygarden_tate1066_S3.esl
	[FE:032] SS2CityPlanContest_Graygarden_UNDRCVRGmrLdy_S3.esl
	[FE:033] SS2CityPlanContest_GreentopNursery_altasilvapuer_S1.esl
	[FE:034] SS2CityPlanContest_GreentopNursery_Cessori_S3.esl
	[FE:035] SS2CityPlanContest_GreentopNursery_MadGax_S3.esl
	[FE:036] SS2CityPlanContest_GreentopNursery_NigauD_S3.esl
	[FE:037] SS2CityPlanContest_GreentopNursery_tate1066_S3.esl
	[FE:038] SS2CityPlanContest_GreentopNursery_UNDRCVRGmrLdy_S3.esl
	[FE:039] SS2CityPlanContest_GreentopNursery_veelynnlove_S3.esl
	[FE:03A] SS2CityPlanContest_HangmansAlley_FenPhile_S3.esl
	[FE:03B] SS2CityPlanContest_HangmansAlley_Freddrick_S3.esl
	[FE:03C] SS2CityPlanContest_HangmansAlley_NDCowdy_S1.esl
	[FE:03D] SS2CityPlanContest_HangmansAlley_Phil_T_Casual_S1.esl
	[FE:03E] SS2CityPlanContest_HangmansAlley_xMORIDARx_S3.esl
	[FE:03F] SS2CityPlanContest_JamaicaPlain_Gavman_S3.esl
	[FE:040] SS2CityPlanContest_JamaicaPlain_harkness13_S1.esl
	[FE:041] SS2CityPlanContest_JamaicaPlain_NiGaud_S3.esl
	[FE:042] SS2CityPlanContest_KingsportLighthouse_altasilvapuer_S1.esl
	[FE:043] SS2CityPlanContest_KingsportLighthouse_Carinth_S3.esl
	[FE:044] SS2CityPlanContest_KingsportLighthouse_harkness13_S1.esl
	[FE:045] SS2CityPlanContest_KingsportLighthouse_Karvoc_S3.esl
	[FE:046] SS2CityPlanContest_KingsportLighthouse_KynthiaBarnes_S1.esl
	[FE:047] SS2CityPlanContest_KingsportLighthouse_WaningGibbous_S3.esl
	[FE:048] SS2CityPlanContest_LongfellowsCabin_Ausplat_S2.esl
	[FE:049] SS2CityPlanContest_LongfellowsCabin_GavMan_S3.esl
	[FE:04A] SS2CityPlanContest_LongfellowsCabin_Kharon93_S2.esl
	[FE:04B] SS2CityPlanContest_LongfellowsCabin_KynthiaBarnes_S2.esl
	[FE:04C] SS2CityPlanContest_MechanistsLair_Karvoc_S2.esl
	[FE:04D] SS2CityPlanContest_MechanistsLair_LouAshfield_S3.esl
	[FE:04E] SS2CityPlanContest_MechanistsLair_NigauD_S3.esl
	[FE:04F] SS2CityPlanContest_MechanistsLair_tate1066_S3.esl
	[FE:050] SS2CityPlanContest_MechanistsLair_UNDRCVRGmrLdy_S3.esl
	[FE:051] SS2CityPlanContest_MechanistsLair_veelynnlove_S3.esl
	[FE:052] SS2CityPlanContest_Murkwater_Blackbelt_S3.esl
	[FE:053] SS2CityPlanContest_Murkwater_Carinth_S3.esl
	[FE:054] SS2CityPlanContest_Murkwater_GavMan_S3.esl
	[FE:055] SS2CityPlanContest_Murkwater_Karvoc_S3.esl
	[FE:056] SS2CityPlanContest_Murkwater_NDCowdy_S1.esl
	[FE:057] SS2CityPlanContest_Murkwater_Niguad_S3.esl
	[FE:058] SS2CityPlanContest_Murkwater_PyrateLV_S1.esl
	[FE:059] SS2CityPlanContest_Murkwater_WaningGibbous_S3.esl
	[FE:05A] SS2CityPlanContest_NordhagenBeach_Cessori_S3.esl
	[FE:05B] SS2CityPlanContest_NordhagenBeach_GavMan_S3.esl
	[FE:05C] SS2CityPlanContest_NordhagenBeach_Myrmarachne_S1.esl
	[FE:05D] SS2CityPlanContest_NordhagenBeach_Phil_T_Casual_S1.esl
	[FE:05E] SS2CityPlanContest_NPVCenter_Blackbelt_S3.esl
	[FE:05F] SS2CityPlanContest_NPVCenter_Carinth_S3.esl
	[FE:060] SS2CityPlanContest_NPVCenter_FEAROFCAPS_S3.esl
	[FE:061] SS2CityPlanContest_NPVCenter_Myrmarachne_S2.esl
	[FE:062] SS2CityPlanContest_NPVCenter_NDCowdy_S2.esl
	[FE:063] SS2CityPlanContest_NPVCenter_pedertl_S3.esl
	[FE:064] SS2CityPlanContest_NukaRedRocket_Myrmarachne_S1.esl
	[FE:065] SS2CityPlanContest_NukaRedRocket_NigauD_S3.esl
	[FE:066] SS2CityPlanContest_NukaRedRocket_Skywise_S3.esl
	[FE:067] SS2CityPlanContest_NukaRedRocket_tate1066_S3.esl
	[FE:068] SS2CityPlanContest_NukaRedRocket_UNDRCVRGmrLdy_S3.esl
	[FE:069] SS2CityPlanContest_NukaRedRocket_veelynnlove_S3.esl
	[FE:06A] SS2CityPlanContest_OberlandStation_CryingCube_S3.esl
	[FE:06B] SS2CityPlanContest_OberlandStation_Myrmarachne_S1.esl
	[FE:06C] SS2CityPlanContest_OberlandStation_NigauD_S3.esl
	[FE:06D] SS2CityPlanContest_OberlandStation_RowanNightstalker_S3.esl
	[FE:06E] SS2CityPlanContest_OutpostZimonja_Ausplat_S2.esl
	[FE:06F] SS2CityPlanContest_OutpostZimonja_GavMan_S3.esl
	[FE:070] SS2CityPlanContest_OutpostZimonja_Karvoc_S2.esl
	[FE:071] SS2CityPlanContest_OutpostZimonja_PhilTCasual_S2.esl
	[FE:072] SS2CityPlanContest_OutpostZimonja_WaningGibbous_S3.esl
	[FE:073] SS2CityPlanContest_OutpostZimonja_zhinjio_S3.esl
	[FE:074] SS2CityPlanContest_RedRocket_moonracer_S3.esl
	[FE:075] SS2CityPlanContest_RedRocket_NDCowdy_S1.esl
	[FE:076] SS2CityPlanContest_RedRocket_Niguad_S3.esl
	[FE:077] SS2CityPlanContest_RedRocket_Rudy_S3.esl
	[FE:078] SS2CityPlanContest_RedRocket_Tagyrit_S3.esl
	[FE:079] SS2CityPlanContest_RedRocket_xMORIDARx_S3.esl
	[FE:07A] SS2CityPlanContest_SanctuaryHills_Karvoc_S2.esl
	[FE:07B] SS2CityPlanContest_SanctuaryHills_Myrmarachne_S2.esl
	[FE:07C] SS2CityPlanContest_SanctuaryHills_SimSatan_S3.esl
	[FE:07D] SS2CityPlanContest_SanctuaryHills_WaningGibbous_S3.esl
	[FE:07E] SS2CityPlanContest_Slog_KynthiaBarnes_S1.esl
	[FE:07F] SS2CityPlanContest_Slog_NDCowdy_S1.esl
	[FE:080] SS2CityPlanContest_Slog_NigauD_S3.esl
	[FE:081] SS2CityPlanContest_Slog_WaningGibbous_S3.esl
	[FE:082] SS2CityPlanContest_Slog_xMoridarx_S1.esl
	[FE:083] SS2CityPlanContest_SomervillePlace_Ausplat_S1.esl
	[FE:084] SS2CityPlanContest_SomervillePlace_GavMan_S3.esl
	[FE:085] SS2CityPlanContest_SomervillePlace_Karvoc_S3.esl
	[FE:086] SS2CityPlanContest_SomervillePlace_tate1066_S3.esl
	[FE:087] SS2CityPlanContest_SpectacleIsland_Blackbelt_S3.esl
	[FE:088] SS2CityPlanContest_SpectacleIsland_KynthiaBarnes_S1.esl
	[FE:089] SS2CityPlanContest_SpectacleIsland_Myrmarachne_S1.esl
	[FE:08A] SS2CityPlanContest_SpectacleIsland_WaningGibbous_S3.esl
	[FE:08B] SS2CityPlanContest_StarlightDrivein_Carinth_S3.esl
	[FE:08C] SS2CityPlanContest_StarlightDrivein_Cessori_S3.esl
	[FE:08D] SS2CityPlanContest_StarlightDrivein_CryingCube2_S3.esl
	[FE:08E] SS2CityPlanContest_StarlightDrivein_FenPhile_S3.esl
	[FE:08F] SS2CityPlanContest_StarlightDrivein_Fredderick_S3.esl
	[FE:090] SS2CityPlanContest_StarlightDrivein_GavMan_S3.esl
	[FE:091] SS2CityPlanContest_StarlightDrivein_Karvoc_S3.esl
	[FE:092] SS2CityPlanContest_StarlightDrivein_Myrmarachne_S1.esl
	[FE:093] SS2CityPlanContest_StarlightDrivein_Reina_S3.esl
	[FE:094] SS2CityPlanContest_StarlightDrivein_Rudy_S1.esl
	[FE:095] SS2CityPlanContest_StarlightDrivein_tate1066_S3.esl
	[FE:096] SS2CityPlanContest_StarlightDrivein_veelynnlove_S3.esl
	[FE:097] SS2CityPlanContest_StarlightDrivein_zhinjio_S3.esl
	[FE:098] SS2CityPlanContest_SunshineTidings_Carinth_S3.esl
	[FE:099] SS2CityPlanContest_SunshineTidings_Karvoc_S3.esl
	[FE:09A] SS2CityPlanContest_SunshineTidings_NigauD_S3.esl
	[FE:09B] SS2CityPlanContest_TaffingtonBoathouse_KynthiaBarnes_S1.esl
	[FE:09C] SS2CityPlanContest_TaffingtonBoathouse_NDCowdy_S1.esl
	[FE:09D] SS2CityPlanContest_TaffingtonBoathouse_SimSatan_S3.esl
	[FE:09E] SS2CityPlanContest_TaffingtonBoathouse_xMORIDARx_S1.esl
	[FE:09F] SS2CityPlanContest_Tenpines Bluff_Carinth_S3.esl
	[FE:0A0] SS2CityPlanContest_Tenpines Bluff_Karvoc_S3.esl
	[FE:0A1] SS2CityPlanContest_TheCastle_GavMan_S3.esl
	[FE:0A2] SS2CityPlanContest_TheCastle_Karvoc_S2.esl
	[FE:0A3] SS2CityPlanContest_TheCastle_Karvoc_S3.esl
	[FE:0A4] SS2CityPlanContest_TheCastle_Tarkkh_S3.esl
	[FE:0A5] SS2CityPlanContest_TheCastle_Tori_S2.esl
	[FE:0A6] SS2CityPlanContest_TheCastle_veelynnlove_S3.esl
	[FE:0A7] SS2CityPlanContest_Vault88_Choochoo1_S3.esl
	[FE:0A8] SS2CityPlanContest_Vault88_GavMan_S3.esl
	[FE:0A9] SS2CityPlanContest_Vault88_harkness13_S2.esl
	[FE:0AA] SS2CityPlanContest_Vault88_Myrmarachne_S2.esl
	[FE:0AB] SS2CityPlanContest_Warwick_Karvoc_S3.esl
	[FE:0AC] SS2CityPlanContest_Warwick_Tarkh_S3.esl
	[FE:0AD] SS2CityPlanContest_Warwick_xMORIDARx_S3.esl
	[FE:0AE] PRP-Compat-UIL.esp
	[FE:0AF] PRP.esp
	[FE:0B0] Wetness Shader Fix.esp
	[FE:0B1] M8rDisableCreationClub.esp
	[FE:0B2] MiscAnimTweaks.esp
	[FE:0B3] Fortune Finder 4 Fix.esp
	[FE:0B4] LOST Audio Tweaks.esp
	[FE:0B5] Keep Radiants In Commonwealth.esp
	[FE:0B6] WhoIsTheGeneral.esp
	[FE:0B7] UncappedSettlementSurplus.esp
	[FE:0B8] TerrainUndersides.esp
	[FE:0B9] Stimpaks help you breathe.esp
	[FE:0BA] RussianStimpack.esp
	[FE:0BB] Enemy Footstep Overhaul.esp
	[FE:0BC] G3A3LvlListPatch.esp
	[FE:0BD] CombinedArms-DirtyPAFix.esp
	[FE:0BE] G3A3 1stP PA Footstep Fix.esp
	[FE:0BF] Riot Shotgun - Unofficial Update.esp
	[FE:0C0] BullpupBozar.esp
	[FE:0C1] Bozar - No Barrel spawn Fix.esp
	[FE:0C2] IAF - Far Harbor & Nuka World.esp
	[FE:0C3] RadRifleReload.esp
	[FE:0C4] AA12_TacticalReloadPatch.esp
	[FE:0C5] BullpupBozar_TacticalReloadPatch.esp
	[FE:0C6] CombinedArmsNV_TacticalReloadPatch.esp
	[FE:0C7] KrissVector_TacticalReloadPatch.esp
	[FE:0C8] RiotShotgun_TacticalReloadPatch.esp
	[FE:0C9] SigSauer127_TacticalReloadPatch.esp
	[FE:0CA] WD10mm_TacticalReloadPatch.esp
	[FE:0CB] SS2_DLCSettlerPatch.esp
	[FE:0CC] M8rDisablePipboyEffects.esp
	[FE:0CD] WorkshopFramework_ScriptOverride.esp
	[FE:0CE] Ownership Fixes.esp
