Fallout 4 v1.10.163
Buffout 4 v1.28.6

Unhandled exception "EXCEPTION_ACCESS_VIOLATION" at 0x7FF70A7B434D Fallout4.exe+068434D

	[Compatibility]
		F4EE: true
	[Crashlog]
		AutoOpen: true
		PromptUpload: true
	[Fixes]
		ActorIsHostileToActor: true
		CellInit: true
		CreateD3DAndSwapChain: true
		EncounterZoneReset: true
		GreyMovies: true
		MagicEffectApplyEvent: true
		MovementPlanner: true
		PackageAllocateLocation: true
		SafeExit: true
		TESObjectREFRGetEncounterZone: true
		UnalignedLoad: true
		UtilityShader: true
	[Patches]
		Achievements: true
		ArchiveLimit: false
		BSMTAManager: true
		BSPreCulledObjects: true
		BSTextureStreamerLocalHeap: false
		HavokMemorySystem: true
		INISettingCollection: true
		InputSwitch: true
		MaxStdIO: -1
		MemoryManager: false
		MemoryManagerDebug: false
		ScaleformAllocator: true
		SmallBlockAllocator: true
		WorkshopMenu: true
	[Warnings]
		CreateTexture2D: true
		ImageSpaceAdapter: true

SYSTEM SPECS:
	OS: Microsoft Windows 10 Pro v10.0.19042
	CPU: AuthenticAMD AMD Ryzen 5 5600G with Radeon Graphics         
	GPU #1: Nvidia GP106 [GeForce GTX 1060 6GB]
	GPU #2: Microsoft Basic Render Driver
	PHYSICAL MEMORY: 11.63 GB/23.79 GB

PROBABLE CALL STACK:
	[ 0] 0x7FF70A7B434D Fallout4.exe+068434D -> 940826+0x7D
	[ 1] 0x7FF70A7AEDDC Fallout4.exe+067EDDC -> 1202158+0x11C
	[ 2] 0x7FF70A7AEED8 Fallout4.exe+067EED8 -> 563130+0x28
	[ 3] 0x7FF70A7BB8FE Fallout4.exe+068B8FE -> 840416+0x21E
	[ 4] 0x7FF70A7BB202 Fallout4.exe+068B202 -> 1455012+0x242
	[ 5] 0x7FF70A7ABA78 Fallout4.exe+067BA78 -> 159356+0x108
	[ 6] 0x7FF70A7AB33F Fallout4.exe+067B33F -> 1119161+0x6F
	[ 7] 0x7FF70A223DF1 Fallout4.exe+00F3DF1 -> 391526+0x141
	[ 8] 0x7FF70BDD76EE Fallout4.exe+1CA76EE -> 1034198+0x24E
	[ 9] 0x7FF70BC4CFED Fallout4.exe+1B1CFED -> 1079791+0x3D
	[10] 0x7FFBD42B7034 KERNEL32.DLL+0017034
	[11] 0x7FFBD5C026A1    ntdll.dll+00526A1

REGISTERS:
	RAX 0x219F3C7C510      (BSDynamicTriShape*)
		Name: "BaseFemaleHead_faceBones:0"
	RCX 0x699              (size_t)
	RDX 0x80000000         (size_t)
	RBX 0x4F               (size_t)
	RSP 0xF23682E4B0       (char*) "M"
	RBP 0x10               (size_t)
	RSI 0x219F3C1EDE8      (BSFaceGenBaseMorphExtraData*)
	RDI 0x219F3C7C510      (BSDynamicTriShape*)
		Name: "BaseFemaleHead_faceBones:0"
	R8  0x3FFF             (size_t)
	R9  0x0                (size_t)
	R10 0x7FF70FC97580     (void* -> Fallout4.exe+5B67580)
	R11 0xF23682E4F0       (void*)
	R12 0x219D4B9F5F8      (char*) "Meshes\Actors\Character\CharacterAssets\Morphs\Female"
	R13 0x21949968EC0      (TESNPC*)
		File: "Fallout4.esm"
		Flags: 0x00040009
		Form ID: 0x000A7D35
		Form Type: 45
		Full Name: ""
	R14 0x21AAA692190      (char*) "P"
	R15 0x0                (size_t)

STACK:
	[RSP+0   ] 0x4D               (size_t)
	[RSP+8   ] 0x219F3C1EDE8      (BSFaceGenBaseMorphExtraData*)
	[RSP+10  ] 0x7FF70D9FC980     (void* -> Fallout4.exe+38CC980)
	[RSP+18  ] 0x0                (size_t)
	[RSP+20  ] 0x1                (size_t)
	[RSP+28  ] 0x219F3C1B518      (void*)
	[RSP+30  ] 0x4F00000000       (size_t)
	[RSP+38  ] 0x21AAA6917D0      (void*)
	[RSP+40  ] 0x0                (size_t)
	[RSP+48  ] 0x21AAA692190      (char*) "P"
	[RSP+50  ] 0x21AAA692190      (char*) "P"
	[RSP+58  ] 0xF23682E5E0       (void*)
	[RSP+60  ] 0x219F3C799A0      (BSFaceGenModel*)
	[RSP+68  ] 0x7FF70A7AEDDC     (void* -> Fallout4.exe+067EDDC)
	[RSP+70  ] 0x219D4B9F5F8      (char*) "Meshes\Actors\Character\CharacterAssets\Morphs\Female"
	[RSP+78  ] 0x0                (size_t)
	[RSP+80  ] 0x4D               (size_t)
	[RSP+88  ] 0x219F3C799A0      (BSFaceGenModel*)
	[RSP+90  ] 0x219D4B2B1A0      (BGSHeadPart*)
		File: "Fallout4.esm"
		Flags: 0x00000009
		Form ID: 0x000CFB3F
		Form Type: 15
		Full Name: "FemaleHeadHuman"
	[RSP+98  ] 0x219F3C18AF0      (BSFaceGenNiNode*)
		Name: "BSFaceGenNiNodeSkinned"
	[RSP+A0  ] 0xF23682E5E0       (void*)
	[RSP+A8  ] 0x7FF70A7AEED8     (void* -> Fallout4.exe+067EED8)
	[RSP+B0  ] 0xF23682E5F8       (void*)
	[RSP+B8  ] 0x219D4B2B2C8      (TESModelTri*)
	[RSP+C0  ] 0xF23682E5F8       (void*)
	[RSP+C8  ] 0x219F3C799A0      (BSFaceGenModel*)
	[RSP+D0  ] 0x219F3C18A00      (void*)
	[RSP+D8  ] 0x219F071ED28      (char*) "actors\character\characterassets\BaseFemaleHead_faceBones.nif"
	[RSP+E0  ] 0x21940B3C020      (TESRace*)
		File: "PIP-Pad_LMCC.esp"
		Flags: 0x00000009
		Form ID: 0x00013746
		Form Type: 17
		Full Name: "Human"
	[RSP+E8  ] 0x7FF70A7BB8FE     (void* -> Fallout4.exe+068B8FE)
	[RSP+F0  ] 0x7FF70CDE962C     (char*) "Female"
	[RSP+F8  ] 0xF23682E6A0       (void*)
	[RSP+100 ] 0x219D4B2B1D0      (BGSHeadPart*)
		File: "Fallout4.esm"
		Flags: 0x00000009
		Form ID: 0x000CFB3F
		Form Type: 15
		Full Name: "FemaleHeadHuman"
	[RSP+108 ] 0x219D4B8D5A8      (char*) "HumanRace"
	[RSP+110 ] 0x7FF73F800000     (size_t)
	[RSP+118 ] 0x0                (size_t)
	[RSP+120 ] 0x7FFBCEE98D01     (void* -> d3d11.dll+01E8D01)
	[RSP+128 ] 0x219D4B9F5F8      (char*) "Meshes\Actors\Character\CharacterAssets\Morphs\Female"
	[RSP+130 ] 0x219F3C7C510      (BSDynamicTriShape*)
		Name: "BaseFemaleHead_faceBones:0"
	[RSP+138 ] 0x219F3C799A0      (BSFaceGenModel*)
	[RSP+140 ] 0x0                (size_t)
	[RSP+148 ] 0x219F3C1EE60      (void*)
	[RSP+150 ] 0x6361526E616D7548 (size_t)
	[RSP+158 ] 0x656C616D654665   (size_t)
	[RSP+160 ] 0x21930386B00      (void*)
	[RSP+168 ] 0x7FFBCECE40AF     (void* -> d3d11.dll+00340AF)
	[RSP+170 ] 0x21B95DA1430      (void*)
	[RSP+178 ] 0xF23682E660       (void*)
	[RSP+180 ] 0x60               (size_t)
	[RSP+188 ] 0x2                (size_t)
	[RSP+190 ] 0x21B95DA1430      (void*)
	[RSP+198 ] 0x7FFBCEE9A360     (void* -> d3d11.dll+01EA360)
	[RSP+1A0 ] 0x21B96C70E40      (void*)
	[RSP+1A8 ] 0x7FFBCECEDFA4     (void* -> d3d11.dll+003DFA4)
	[RSP+1B0 ] 0x21B96C70E40      (void*)
	[RSP+1B8 ] 0x7FFBCECEDFA4     (void* -> d3d11.dll+003DFA4)
	[RSP+1C0 ] 0x0                (size_t)
	[RSP+1C8 ] 0x7FFBCECFB265     (void* -> d3d11.dll+004B265)
	[RSP+1D0 ] 0xF23682E8C0       (void*)
	[RSP+1D8 ] 0xF23682EE90       (void*)
	[RSP+1E0 ] 0x21B96C70DD0      (void*)
	[RSP+1E8 ] 0x7FFBCECFD0F9     (void* -> d3d11.dll+004D0F9)
	[RSP+1F0 ] 0x7FFBCEE87A40     (void* -> d3d11.dll+01D7A40)
	[RSP+1F8 ] 0x1                (size_t)
	[RSP+200 ] 0x21B96C70E40      (void*)
	[RSP+208 ] 0x7FFBCECEDFA4     (void* -> d3d11.dll+003DFA4)
	[RSP+210 ] 0x7FFBCEE9A370     (void* -> d3d11.dll+01EA370)
	[RSP+218 ] 0x7FFBCECFB265     (void* -> d3d11.dll+004B265)
	[RSP+220 ] 0x110              (size_t)
	[RSP+228 ] 0x4                (size_t)
	[RSP+230 ] 0x0                (size_t)
	[RSP+238 ] 0x7FFBCECFD0F9     (void* -> d3d11.dll+004D0F9)
	[RSP+240 ] 0x21B96C70E40      (void*)
	[RSP+248 ] 0x7FFBCECEDF53     (void* -> d3d11.dll+003DF53)
	[RSP+250 ] 0x7FFBCEE882C8     (void* -> d3d11.dll+01D82C8)
	[RSP+258 ] 0x1                (size_t)
	[RSP+260 ] 0x7FFBCEE9A370     (void* -> d3d11.dll+01EA370)
	[RSP+268 ] 0x21B96C70E08      (void*)
	[RSP+270 ] 0x7FFBCEE9A930     (void* -> d3d11.dll+01EA930)
	[RSP+278 ] 0x21B96C70EA0      (void*)
	[RSP+280 ] 0x21B96C70DD0      (void*)
	[RSP+288 ] 0x7FFBCECFD0F9     (void* -> d3d11.dll+004D0F9)
	[RSP+290 ] 0x7FFBCEE87A40     (void* -> d3d11.dll+01D7A40)
	[RSP+298 ] 0x1                (size_t)
	[RSP+2A0 ] 0x7FFBCEE9A370     (void* -> d3d11.dll+01EA370)
	[RSP+2A8 ] 0x21B96C70E08      (void*)
	[RSP+2B0 ] 0x21AAA6FF2B0      (void*)
	[RSP+2B8 ] 0x7FFBCECEDF53     (void* -> d3d11.dll+003DF53)
	[RSP+2C0 ] 0x21B96C70EA0      (void*)
	[RSP+2C8 ] 0x7FFBCECFDDF9     (void* -> d3d11.dll+004DDF9)
	[RSP+2D0 ] 0x21B96C70EA0      (void*)
	[RSP+2D8 ] 0xF23682E920       (void*)
	[RSP+2E0 ] 0x38               (size_t)
	[RSP+2E8 ] 0x4                (size_t)
	[RSP+2F0 ] 0x21B96C70DA0      (void*)
	[RSP+2F8 ] 0x7FFBCECE48C9     (void* -> d3d11.dll+00348C9)
	[RSP+300 ] 0x21B96C70E40      (void*)
	[RSP+308 ] 0x7FFBCECEDFA4     (void* -> d3d11.dll+003DFA4)
	[RSP+310 ] 0x7FFBCEE9A370     (void* -> d3d11.dll+01EA370)
	[RSP+318 ] 0x21B96C70E08      (void*)
	[RSP+320 ] 0x4                (size_t)
	[RSP+328 ] 0x7FFBCECEDF53     (void* -> d3d11.dll+003DF53)
	[RSP+330 ] 0xFFFFFFFFFFFFFFFE (size_t)
	[RSP+338 ] 0x21930386B58      (void*)
	[RSP+340 ] 0x21B96C70DD0      (void*)
	[RSP+348 ] 0x7FFBCECFD0F9     (void* -> d3d11.dll+004D0F9)
	[RSP+350 ] 0x7FFBCEE87A40     (void* -> d3d11.dll+01D7A40)
	[RSP+358 ] 0x1                (size_t)
	[RSP+360 ] 0x7FFBCEE9A970     (void* -> d3d11.dll+01EA970)
	[RSP+368 ] 0xF23682F518       (void*)
	[RSP+370 ] 0x21B96C70DD0      (void*)
	[RSP+378 ] 0x7FFBCECEDF53     (void* -> d3d11.dll+003DF53)
	[RSP+380 ] 0x38               (size_t)
	[RSP+388 ] 0x4                (size_t)
	[RSP+390 ] 0xFFFFFFFFFFFFFFFE (size_t)
	[RSP+398 ] 0x21930387338      (void*)
	[RSP+3A0 ] 0x21B96C70DD0      (void*)
	[RSP+3A8 ] 0xFFFFFFFFFFFFFFFE (size_t)
	[RSP+3B0 ] 0x21B96C70DA0      (void*)
	[RSP+3B8 ] 0x7FFBCECE48C9     (void* -> d3d11.dll+00348C9)
	[RSP+3C0 ] 0x7FFBCEE879A8     (void* -> d3d11.dll+01D79A8)
	[RSP+3C8 ] 0x1                (size_t)
	[RSP+3D0 ] 0x7FFBCEE9A970     (void* -> d3d11.dll+01EA970)
	[RSP+3D8 ] 0xF23682F518       (void*)
	[RSP+3E0 ] 0x0                (size_t)
	[RSP+3E8 ] 0x7FFBCECEDF53     (void* -> d3d11.dll+003DF53)
	[RSP+3F0 ] 0xF23682E960       (void*)
	[RSP+3F8 ] 0x7FFBCECBAB59     (void* -> d3d11.dll+000AB59)
	[RSP+400 ] 0x21900000000      (void*)
	[RSP+408 ] 0x4                (size_t)
	[RSP+410 ] 0x21B96C70DB8      (void*)
	[RSP+418 ] 0xF23682F518       (void*)
	[RSP+420 ] 0x21930386B00      (void*)
	[RSP+428 ] 0x7FFBCECE40AF     (void* -> d3d11.dll+00340AF)
	[RSP+430 ] 0x21B96C70DA0      (void*)
	[RSP+438 ] 0xF23682E920       (void*)
	[RSP+440 ] 0x38               (size_t)
	[RSP+448 ] 0x4                (size_t)
	[RSP+450 ] 0x21B96C70DA0      (void*)
	[RSP+458 ] 0x7FFBCEE9A360     (void* -> d3d11.dll+01EA360)
	[RSP+460 ] 0x21B96C70DB8      (void*)
	[RSP+468 ] 0x7FFBCECE3F5A     (void* -> d3d11.dll+0033F5A)
	[RSP+470 ] 0x21B96C70DC8      (void*)
	[RSP+478 ] 0x178              (size_t)
	[RSP+480 ] 0x0                (size_t)
	[RSP+488 ] 0x0                (size_t)
	[RSP+490 ] 0xF23682EC10       (void*)
	[RSP+498 ] 0x21B95DA1538      (void*)
	[RSP+4A0 ] 0xF23682EB30       (char*) "G"
	[RSP+4A8 ] 0x7FFBCECE9F73     (void* -> d3d11.dll+0039F73)
	[RSP+4B0 ] 0x21B96C70DA0      (void*)
	[RSP+4B8 ] 0x21B96C70DA0      (void*)
	[RSP+4C0 ] 0x0                (size_t)
	[RSP+4C8 ] 0x0                (size_t)
	[RSP+4D0 ] 0xF23682E900       (void*)
	[RSP+4D8 ] 0x21B96C70DA0      (void*)
	[RSP+4E0 ] 0xFFFFFFFF00000003 (size_t)
	[RSP+4E8 ] 0x1                (size_t)
	[RSP+4F0 ] 0x21930387348      (void*)
	[RSP+4F8 ] 0xFFFFFFFFFFFFFFFE (size_t)
	[RSP+500 ] 0x0                (size_t)
	[RSP+508 ] 0x0                (size_t)
	[RSP+510 ] 0x0                (size_t)
	[RSP+518 ] 0x21B96C70DA0      (void*)
	[RSP+520 ] 0x0                (size_t)
	[RSP+528 ] 0x7FFBCECD7F5C     (void* -> d3d11.dll+0027F5C)
	[RSP+530 ] 0x0                (size_t)
	[RSP+538 ] 0x21930387348      (void*)
	[RSP+540 ] 0x0                (size_t)
	[RSP+548 ] 0x7FFBD5BDB86B     (void* -> ntdll.dll+002B86B)
	[RSP+550 ] 0x0                (size_t)
	[RSP+558 ] 0x0                (size_t)
	[RSP+560 ] 0x0                (size_t)
	[RSP+568 ] 0x0                (size_t)
	[RSP+570 ] 0xB0000000B000     (size_t)
	[RSP+578 ] 0x21900000001      (void*)
	[RSP+580 ] 0x1                (size_t)
	[RSP+588 ] 0x47               (size_t)
	[RSP+590 ] 0x21930387348      (void*)
	[RSP+598 ] 0x3                (size_t)
	[RSP+5A0 ] 0x21B95DA1538      (void*)
	[RSP+5A8 ] 0xF23682EBF0       (void*)
	[RSP+5B0 ] 0xFFFFFFFFFFFFFFFE (size_t)
	[RSP+5B8 ] 0x80000000800      (size_t)
	[RSP+5C0 ] 0x10000000C        (size_t)
	[RSP+5C8 ] 0x100000047        (size_t)
	[RSP+5D0 ] 0x0                (size_t)
	[RSP+5D8 ] 0x8                (size_t)
	[RSP+5E0 ] 0xE92C5B5A08C7     (size_t)
	[RSP+5E8 ] 0xE92C5B5A0847     (size_t)
	[RSP+5F0 ] 0x21930387338      (void*)
	[RSP+5F8 ] 0xF23682F518       (void*)
	[RSP+600 ] 0x7FFBCEE9A970     (void* -> d3d11.dll+01EA970)
	[RSP+608 ] 0x0                (size_t)
	[RSP+610 ] 0x21B95DA1538      (void*)
	[RSP+618 ] 0x1                (size_t)
	[RSP+620 ] 0xF23682ED60       (void*)
	[RSP+628 ] 0x7FFBCECD868E     (void* -> d3d11.dll+002868E)
	[RSP+630 ] 0x21930386B00      (void*)
	[RSP+638 ] 0x21900000004      (void*)
	[RSP+640 ] 0xF23682EC30       (void*)
	[RSP+648 ] 0x10000000C        (size_t)
	[RSP+650 ] 0x0                (size_t)
	[RSP+658 ] 0x7FFBCEE9A970     (void* -> d3d11.dll+01EA970)
	[RSP+660 ] 0xF23682F518       (void*)
	[RSP+668 ] 0x1                (size_t)
	[RSP+670 ] 0xF23682EBF0       (void*)
	[RSP+678 ] 0x7FFBCECE9F73     (void* -> d3d11.dll+0039F73)
	[RSP+680 ] 0x400000047        (size_t)
	[RSP+688 ] 0xC00000000        (size_t)
	[RSP+690 ] 0x0                (size_t)
	[RSP+698 ] 0x0                (size_t)
	[RSP+6A0 ] 0xF23682EB98       (void*)
	[RSP+6A8 ] 0x0                (size_t)
	[RSP+6B0 ] 0x0                (size_t)
	[RSP+6B8 ] 0x0                (size_t)
	[RSP+6C0 ] 0x0                (size_t)
	[RSP+6C8 ] 0xF23682EC10       (void*)
	[RSP+6D0 ] 0x21B95DA1538      (void*)
	[RSP+6D8 ] 0xF23682EB30       (char*) "G"
	[RSP+6E0 ] 0xFFFFFFFFFFFFFFFE (size_t)
	[RSP+6E8 ] 0x0                (size_t)
	[RSP+6F0 ] 0x0                (size_t)
	[RSP+6F8 ] 0x7FF70BE67043     (void* -> Fallout4.exe+1D37043)
	[RSP+700 ] 0x21960841810      (void*)
	[RSP+708 ] 0xC                (size_t)
	[RSP+710 ] 0x2AAAB8           (size_t)
	[RSP+718 ] 0x0                (size_t)
	[RSP+720 ] 0x21960841810      (void*)
	[RSP+728 ] 0x0                (size_t)
	[RSP+730 ] 0x0                (size_t)
	[RSP+738 ] 0x7FFBCECFED01     (void* -> d3d11.dll+004ED01)
	[RSP+740 ] 0x0                (size_t)
	[RSP+748 ] 0x21A18A1C780      (void*)
	[RSP+750 ] 0x1B00000006       (size_t)
	[RSP+758 ] 0x800000000006     (size_t)
	[RSP+760 ] 0x21B5F710EE0      (void*)
	[RSP+768 ] 0x7FF70CF427E0     (void* -> Fallout4.exe+2E127E0)
	[RSP+770 ] 0x80000003F        (size_t)
	[RSP+778 ] 0x7FF70CF42820     (void* -> Fallout4.exe+2E12820)
	[RSP+780 ] 0x2                (size_t)
	[RSP+788 ] 0x0                (size_t)
	[RSP+790 ] 0x21B5F710DD8      (void*)
	[RSP+798 ] 0x21B5F710558      (char*) "/"
	[RSP+7A0 ] 0x219B0CFC46E      (void*)
	[RSP+7A8 ] 0x0                (size_t)
	[RSP+7B0 ] 0x1FF              (size_t)
	[RSP+7B8 ] 0x1B001B001B001B   (size_t)
	[RSP+7C0 ] 0x0                (size_t)
	[RSP+7C8 ] 0x0                (size_t)
	[RSP+7D0 ] 0x219B0CFA824      (void*)
	[RSP+7D8 ] 0x21B5F710010      (void*)
	[RSP+7E0 ] 0x219B0CFA710      (void*)
	[RSP+7E8 ] 0x0                (size_t)
	[RSP+7F0 ] 0x1C4B             (size_t)
	[RSP+7F8 ] 0xF23682ED40       (void*)
	[RSP+800 ] 0x1                (size_t)
	[RSP+808 ] 0x7FF70BC881B9     (void* -> Fallout4.exe+1B581B9)
	[RSP+810 ] 0x21AAA6920F0      (ScrapHeap*)
	[RSP+818 ] 0x7FF70BC44913     (void* -> Fallout4.exe+1B14913)
	[RSP+820 ] 0x0                (size_t)
	[RSP+828 ] 0x21B5F710000      (char*) "X"
	[RSP+830 ] 0x21B5F710000      (char*) "X"
	[RSP+838 ] 0x2195FFBE840      (void*)
	[RSP+840 ] 0x0                (size_t)
	[RSP+848 ] 0x7FF70BC446B3     (void* -> Fallout4.exe+1B146B3)
	[RSP+850 ] 0x21B5F710000      (char*) "X"
	[RSP+858 ] 0x21B5F710000      (char*) "X"
	[RSP+860 ] 0x21AAA6920F0      (ScrapHeap*)
	[RSP+868 ] 0x219B0CFC46F      (void*)
	[RSP+870 ] 0x200              (size_t)
	[RSP+878 ] 0x7FFB69F06480     (void* -> MSVCR110.dll+0036480)
	[RSP+880 ] 0x219B0CFA710      (void*)
	[RSP+888 ] 0x200              (size_t)
	[RSP+890 ] 0x0                (size_t)
	[RSP+898 ] 0x2195FFBE840      (void*)
	[RSP+8A0 ] 0x200              (size_t)
	[RSP+8A8 ] 0x7FF70BCA0FE5     (void* -> Fallout4.exe+1B70FE5)
	[RSP+8B0 ] 0x219F3BACC00      (BSResource::Archive2::ReaderStream*)
	[RSP+8B8 ] 0x0                (size_t)
	[RSP+8C0 ] 0x0                (size_t)
	[RSP+8C8 ] 0x21900000000      (void*)
	[RSP+8D0 ] 0x1000             (size_t)
	[RSP+8D8 ] 0x0                (size_t)
	[RSP+8E0 ] 0xF23682F308       (void*)
	[RSP+8E8 ] 0x219D0668CB0      (void*)
	[RSP+8F0 ] 0x0                (size_t)
	[RSP+8F8 ] 0x7FF70B5DE791     (void* -> Fallout4.exe+14AE791)
	[RSP+900 ] 0x0                (size_t)
	[RSP+908 ] 0xF23682F670       (void*)
	[RSP+910 ] 0x2195FFBE840      (void*)
	[RSP+918 ] 0xF23682F670       (void*)
	[RSP+920 ] 0x200              (size_t)
	[RSP+928 ] 0x7FF70B879E82     (void* -> Fallout4.exe+1749E82)
	[RSP+930 ] 0x200              (size_t)
	[RSP+938 ] 0x7FFBD5C00800     (void* -> ntdll.dll+0050800)
	[RSP+940 ] 0x200000000        (size_t)
	[RSP+948 ] 0x21AB76CD0F0      (void*)
	[RSP+950 ] 0x200              (size_t)
	[RSP+958 ] 0x7FF70B879C90     (void* -> Fallout4.exe+1749C90)
	[RSP+960 ] 0x21AAA682B01      (void*)
	[RSP+968 ] 0xF23682F690       (void*)
	[RSP+970 ] 0x0                (size_t)
	[RSP+978 ] 0x4                (size_t)
	[RSP+980 ] 0xF23682F610       (void*)
	[RSP+988 ] 0x7FF70B6345BA     (void* -> Fallout4.exe+15045BA)
	[RSP+990 ] 0x4                (size_t)
	[RSP+998 ] 0x4                (size_t)
	[RSP+9A0 ] 0xF23682F280       (void*)
	[RSP+9A8 ] 0x9                (size_t)
	[RSP+9B0 ] 0x21AA9BCEC10      (void*)
	[RSP+9B8 ] 0x7FFB0000000A     (size_t)
	[RSP+9C0 ] 0xF23682F280       (void*)
	[RSP+9C8 ] 0x7FF70B634A30     (void* -> Fallout4.exe+1504A30)
	[RSP+9D0 ] 0x4                (size_t)
	[RSP+9D8 ] 0x0                (size_t)
	[RSP+9E0 ] 0xF23682EF38       (void*)
	[RSP+9E8 ] 0x20000000001000   (size_t)
	[RSP+9F0 ] 0xF23682EF10       (void*)
	[RSP+9F8 ] 0x7FF70B6348DE     (void* -> Fallout4.exe+15048DE)
	[RSP+A00 ] 0xF23682F280       (void*)
	[RSP+A08 ] 0x1                (size_t)
	[RSP+A10 ] 0x21960AE1810      (void*)
	[RSP+A18 ] 0x800000000200     (size_t)
	[RSP+A20 ] 0xF23682F1B8       (void*)
	[RSP+A28 ] 0x7FF70BA7153D     (void* -> Fallout4.exe+194153D)
	[RSP+A30 ] 0x21960AEB801      (void*)
	[RSP+A38 ] 0x80000000080      (size_t)
	[RSP+A40 ] 0x21960AEC010      (void*)
	[RSP+A48 ] 0x20000000040      (size_t)
	[RSP+A50 ] 0xF23682F3D0       (void*)
	[RSP+A58 ] 0x7FF70B916A1A     (void* -> Fallout4.exe+17E6A1A)
	[RSP+A60 ] 0x1                (size_t)
	[RSP+A68 ] 0x7FF70BC7D1A2     (void* -> Fallout4.exe+1B4D1A2)
	[RSP+A70 ] 0x7FF70FD17E30     (void* -> Fallout4.exe+5BE7E30)
	[RSP+A78 ] 0x7FF70BC7AA0E     (void* -> Fallout4.exe+1B4AA0E)
	[RSP+A80 ] 0x7FF70FD17DE0     (BSSystemFileStreamer::Streamer*)
	[RSP+A88 ] 0x9D               (size_t)
	[RSP+A90 ] 0x9D0000           (size_t)
	[RSP+A98 ] 0x219D1B056B8      (void*)
	[RSP+AA0 ] 0x219B0D0AE92      (void*)
	[RSP+AA8 ] 0x7FF70BC7CF68     (void* -> Fallout4.exe+1B4CF68)
	[RSP+AB0 ] 0x7FF70FD17E30     (void* -> Fallout4.exe+5BE7E30)
	[RSP+AB8 ] 0x7FF70FD17DE0     (BSSystemFileStreamer::Streamer*)
	[RSP+AC0 ] 0x4D4C             (size_t)
	[RSP+AC8 ] 0x4D4C             (size_t)
	[RSP+AD0 ] 0x4D4C             (size_t)
	[RSP+AD8 ] 0x9D0000           (size_t)
	[RSP+AE0 ] 0x0                (size_t)
	[RSP+AE8 ] 0x219B0CFA794      (void*)
	[RSP+AF0 ] 0x0                (size_t)
	[RSP+AF8 ] 0x8001             (size_t)
	[RSP+B00 ] 0x219D429CB88      (char*) "T["
	[RSP+B08 ] 0x2190FBF3B80      (void*)
	[RSP+B10 ] 0x0                (size_t)
	[RSP+B18 ] 0x0                (size_t)
	[RSP+B20 ] 0x0                (size_t)
	[RSP+B28 ] 0x0                (size_t)
	[RSP+B30 ] 0x0                (size_t)
	[RSP+B38 ] 0x7FFBD38EFD7D     (void* -> KERNELBASE.dll+005FD7D)
	[RSP+B40 ] 0x219B0CFA79C      (void*)
	[RSP+B48 ] 0x219D1B056B8      (void*)
	[RSP+B50 ] 0x219B0CFA794      (void*)
	[RSP+B58 ] 0xC9F0000069A      (size_t)
	[RSP+B60 ] 0xF23682F260       (void*)
	[RSP+B68 ] 0x7FF70BC7C687     (void* -> Fallout4.exe+1B4C687)
	[RSP+B70 ] 0x7FF70FD17DE0     (BSSystemFileStreamer::Streamer*)
	[RSP+B78 ] 0x7FFBD38B306E     (void* -> KERNELBASE.dll+002306E)
	[RSP+B80 ] 0x219D1B056B8      (void*)
	[RSP+B88 ] 0x6                (size_t)
	[RSP+B90 ] 0x541E             (size_t)
	[RSP+B98 ] 0x9CF92E           (size_t)
	[RSP+BA0 ] 0x0                (size_t)
	[RSP+BA8 ] 0x219B0CFA794      (void*)
	[RSP+BB0 ] 0x48               (size_t)
	[RSP+BB8 ] 0x1                (size_t)
	[RSP+BC0 ] 0x1D00000006       (size_t)
	[RSP+BC8 ] 0x6                (size_t)
	[RSP+BD0 ] 0x21B5F710EF0      (char*) "	"
	[RSP+BD8 ] 0x7FF70CF427E0     (void* -> Fallout4.exe+2E127E0)
	[RSP+BE0 ] 0x3F               (size_t)
	[RSP+BE8 ] 0x7FF70CF42820     (void* -> Fallout4.exe+2E12820)
	[RSP+BF0 ] 0x1                (size_t)
	[RSP+BF8 ] 0x0                (size_t)
	[RSP+C00 ] 0x21B5F710DF0      (void*)
	[RSP+C08 ] 0x21B5F710558      (char*) "/"
	[RSP+C10 ] 0x219B0D1A7BF      (void*)
	[RSP+C18 ] 0x21B5F711C08      (void*)
	[RSP+C20 ] 0x1FF              (size_t)
	[RSP+C28 ] 0x1D001D001D001D   (size_t)
	[RSP+C30 ] 0x0                (size_t)
	[RSP+C38 ] 0x3                (size_t)
	[RSP+C40 ] 0x219B0D0FBD8      (void*)
	[RSP+C48 ] 0x7FF70BC88E46     (void* -> Fallout4.exe+1B58E46)
	[RSP+C50 ] 0x219B0CFA710      (void*)
	[RSP+C58 ] 0x0                (size_t)
	[RSP+C60 ] 0x6                (size_t)
	[RSP+C68 ] 0xF23682F1B0       (void*)
	[RSP+C70 ] 0x219B0CFA710      (void*)
	[RSP+C78 ] 0x7FF70BC8763D     (void* -> Fallout4.exe+1B5763D)
	[RSP+C80 ] 0x21923C97EC0      (MemoryHeap*)
	[RSP+C88 ] 0x7FF70BC4F31A     (void* -> Fallout4.exe+1B1F31A)
	[RSP+C90 ] 0x0                (size_t)
	[RSP+C98 ] 0x0                (size_t)
	[RSP+CA0 ] 0x5E0              (size_t)
	[RSP+CA8 ] 0x219609B5B40      (void*)
	[RSP+CB0 ] 0x219609B5B60      (void*)
	[RSP+CB8 ] 0x7FF70BC4EDF6     (void* -> Fallout4.exe+1B1EDF6)
	[RSP+CC0 ] 0x21923C97EC8      (void*)
	[RSP+CC8 ] 0x136190           (size_t)
	[RSP+CD0 ] 0x21923C97EC8      (void*)
	[RSP+CD8 ] 0x219609B6140      (void*)
	[RSP+CE0 ] 0x21923C980B8      (void*)
	[RSP+CE8 ] 0x5E0              (size_t)
	[RSP+CF0 ] 0x5E0              (size_t)
	[RSP+CF8 ] 0xFFFFFFFFFFFFFFF0 (size_t)
	[RSP+D00 ] 0x0                (size_t)
	[RSP+D08 ] 0x219304E0080      (MemoryHeap*)
	[RSP+D10 ] 0x0                (size_t)
	[RSP+D18 ] 0x21923C97EC0      (MemoryHeap*)
	[RSP+D20 ] 0x5DA              (size_t)
	[RSP+D28 ] 0x21AAA6917D0      (void*)
	[RSP+D30 ] 0x7FF70D9FC980     (void* -> Fallout4.exe+38CC980)
	[RSP+D38 ] 0x7FF70BC3F130     (void* -> Fallout4.exe+1B0F130)
	[RSP+D40 ] 0x21AAA6920F0      (ScrapHeap*)
	[RSP+D48 ] 0x7FF70BC44913     (void* -> Fallout4.exe+1B14913)
	[RSP+D50 ] 0x0                (size_t)
	[RSP+D58 ] 0x21B5F710000      (char*) "X"
	[RSP+D60 ] 0x21B5F710000      (char*) "X"
	[RSP+D68 ] 0x21B5F71EB50      (void*)
	[RSP+D70 ] 0x0                (size_t)
	[RSP+D78 ] 0x7FF70BC446B3     (void* -> Fallout4.exe+1B146B3)
	[RSP+D80 ] 0x21B5F710000      (char*) "X"
	[RSP+D88 ] 0x21B5F710000      (char*) "X"
	[RSP+D90 ] 0x21AAA6920F0      (ScrapHeap*)
	[RSP+D98 ] 0x21B5F721310      (void*)
	[RSP+DA0 ] 0xC9F0000069A      (size_t)
	[RSP+DA8 ] 0x7FF70BC414CA     (void* -> Fallout4.exe+1B114CA)
	[RSP+DB0 ] 0xF23682F378       (void*)
	[RSP+DB8 ] 0xF23682F390       (void*)
	[RSP+DC0 ] 0x69A              (size_t)
	[RSP+DC8 ] 0x219EB40B888      (void*)
	[RSP+DD0 ] 0xF23682F501       (void*)
	[RSP+DD8 ] 0x7FF70CA65680     (void* -> Fallout4.exe+2935680)
	[RSP+DE0 ] 0xF23682F5D0       (void*)
	[RSP+DE8 ] 0x21960B22990      (void*)
	[RSP+DF0 ] 0xF23682F390       (void*)
	[RSP+DF8 ] 0xF23682F348       (void*)
	[RSP+E00 ] 0xF23682F540       (void*)
	[RSP+E08 ] 0x3707C73F         (size_t)
	[RSP+E10 ] 0x21960B21F10      (void*)
	[RSP+E18 ] 0x623              (size_t)
	[RSP+E20 ] 0xC9F0000069A      (size_t)
	[RSP+E28 ] 0x0                (size_t)
	[RSP+E30 ] 0x69A00000000      (size_t)
	[RSP+E38 ] 0x3100000001       (size_t)
	[RSP+E40 ] 0x0                (size_t)
	[RSP+E48 ] 0x0                (size_t)
	[RSP+E50 ] 0x0                (size_t)
	[RSP+E58 ] 0x0                (size_t)
	[RSP+E60 ] 0x0                (size_t)
	[RSP+E68 ] 0x0                (size_t)
	[RSP+E70 ] 0x0                (size_t)
	[RSP+E78 ] 0x0                (size_t)
	[RSP+E80 ] 0x0                (size_t)
	[RSP+E88 ] 0x7FF700000000     (size_t)
	[RSP+E90 ] 0x21900000000      (void*)
	[RSP+E98 ] 0x15               (size_t)
	[RSP+EA0 ] 0x0                (size_t)
	[RSP+EA8 ] 0x7FF70CD796C8     (void* -> Fallout4.exe+2C496C8)
	[RSP+EB0 ] 0xF23682F308       (void*)
	[RSP+EB8 ] 0x0                (size_t)
	[RSP+EC0 ] 0x0                (size_t)
	[RSP+EC8 ] 0x0                (size_t)
	[RSP+ED0 ] 0x0                (size_t)
	[RSP+ED8 ] 0x21900000000      (void*)
	[RSP+EE0 ] 0x0                (size_t)
	[RSP+EE8 ] 0x219EB40B888      (void*)
	[RSP+EF0 ] 0x0                (size_t)
	[RSP+EF8 ] 0x0                (size_t)
	[RSP+F00 ] 0x7FF70CD796C8     (void* -> Fallout4.exe+2C496C8)
	[RSP+F08 ] 0xF23682F328       (void*)
	[RSP+F10 ] 0xFFFFFFFFFFFFFFFE (size_t)
	[RSP+F18 ] 0x0                (size_t)
	[RSP+F20 ] 0x0                (size_t)
	[RSP+F28 ] 0x7FF70BCA0FE5     (void* -> Fallout4.exe+1B70FE5)
	[RSP+F30 ] 0x65757153776F7242 (size_t)
	[RSP+F38 ] 0x657A65           (size_t)
	[RSP+F40 ] 0x0                (size_t)
	[RSP+F48 ] 0x21900000000      (void*)
	[RSP+F50 ] 0x7FF700001000     (size_t)
	[RSP+F58 ] 0x7FF70FC89900     (BSSmallBlockAllocator*)
	[RSP+F60 ] 0x0                (size_t)
	[RSP+F68 ] 0xF23682F5D8       (void*)
	[RSP+F70 ] 0xF23682F730       (void*)
	[RSP+F78 ] 0x7FF70BCC3D68     (void* -> Fallout4.exe+1B93D68)
	[RSP+F80 ] 0x219F3BAF420      (void*)
	[RSP+F88 ] 0x7FF70BC4C613     (void* -> Fallout4.exe+1B1C613)
	[RSP+F90 ] 0x219F3B6E0B0      (void*)
	[RSP+F98 ] 0x7FF70BC4C613     (void* -> Fallout4.exe+1B1C613)
	[RSP+FA0 ] 0x7FF70FC89A00     (void* -> Fallout4.exe+5B59A00)
	[RSP+FA8 ] 0x7FF70FC89900     (BSSmallBlockAllocator*)
	[RSP+FB0 ] 0x7FF70FC89900     (BSSmallBlockAllocator*)
	[RSP+FB8 ] 0x7FF70BC3F0B4     (void* -> Fallout4.exe+1B0F0B4)
	[RSP+FC0 ] 0x4D               (size_t)
	[RSP+FC8 ] 0x1C               (size_t)
	[RSP+FD0 ] 0x21AAA6920F0      (ScrapHeap*)
	[RSP+FD8 ] 0x7FF70BC44913     (void* -> Fallout4.exe+1B14913)
	[RSP+FE0 ] 0x0                (size_t)
	[RSP+FE8 ] 0x21B5F710028      (void*)
	[RSP+FF0 ] 0x21B5F710000      (char*) "X"
	[RSP+FF8 ] 0x21AAA6917D0      (void*)
	[RSP+1000] 0x21B5F710028      (void*)
	[RSP+1008] 0x7FF70BC44508     (void* -> Fallout4.exe+1B14508)
	[RSP+1010] 0x21B5F710028      (void*)
	[RSP+1018] 0x21B5F710000      (char*) "X"
	[RSP+1020] 0x219F3BAF420      (void*)
	[RSP+1028] 0x7FFB69F06480     (void* -> MSVCR110.dll+0036480)
	[RSP+1030] 0x219D429CB00      (IOManagerThread*)
	[RSP+1038] 0x4D               (size_t)
	[RSP+1040] 0x0                (size_t)
	[RSP+1048] 0x0                (size_t)
	[RSP+1050] 0xEB54             (size_t)
	[RSP+1058] 0x7FF70FB8DC80     (void* -> Fallout4.exe+5A5DC80)
	[RSP+1060] 0x21AAA6920F0      (ScrapHeap*)
	[RSP+1068] 0x7FF70BC44913     (void* -> Fallout4.exe+1B14913)
	[RSP+1070] 0x0                (size_t)
	[RSP+1078] 0x21B5F710000      (char*) "X"
	[RSP+1080] 0x21B5F710000      (char*) "X"
	[RSP+1088] 0x12D              (size_t)
	[RSP+1090] 0x21AAA6920F0      (ScrapHeap*)
	[RSP+1098] 0x7FF70BC44913     (void* -> Fallout4.exe+1B14913)
	[RSP+10A0] 0x0                (size_t)
	[RSP+10A8] 0x21B5F710068      (void*)
	[RSP+10B0] 0x21B5F710000      (char*) "X"
	[RSP+10B8] 0x0                (size_t)
	[RSP+10C0] 0x21B5F710068      (void*)
	[RSP+10C8] 0x7FF70BC44508     (void* -> Fallout4.exe+1B14508)
	[RSP+10D0] 0x21B5F710068      (void*)
	[RSP+10D8] 0x21B5F710000      (char*) "X"
	[RSP+10E0] 0x219F3C18AF0      (BSFaceGenNiNode*)
		Name: "BSFaceGenNiNodeSkinned"
	[RSP+10E8] 0x7FF70BC4C613     (void* -> Fallout4.exe+1B1C613)
	[RSP+10F0] 0x219F3C18AF0      (BSFaceGenNiNode*)
		Name: "BSFaceGenNiNodeSkinned"
	[RSP+10F8] 0x7FF70BCD4965     (void* -> Fallout4.exe+1BA4965)
	[RSP+1100] 0x21900000000      (void*)
	[RSP+1108] 0x0                (size_t)
	[RSP+1110] 0x7FF70FC89900     (BSSmallBlockAllocator*)
	[RSP+1118] 0x0                (size_t)
	[RSP+1120] 0x219F263E730      (void*)
	[RSP+1128] 0x219D429CB00      (IOManagerThread*)
	[RSP+1130] 0x219F098B6A8      (void*)
	[RSP+1138] 0x7FF70A7C1D98     (void* -> Fallout4.exe+0691D98)
	[RSP+1140] 0x8                (size_t)
	[RSP+1148] 0xF23682F6B1       (void*)
	[RSP+1150] 0x21B5F710068      (void*)
	[RSP+1158] 0x219D429CB00      (IOManagerThread*)
	[RSP+1160] 0x219F263E738      (void*)
	[RSP+1168] 0x1                (size_t)
	[RSP+1170] 0x21949968EC0      (TESNPC*)
		File: "Fallout4.esm"
		Flags: 0x00040009
		Form ID: 0x000A7D35
		Form Type: 45
		Full Name: ""
	[RSP+1178] 0x219F3C18AF0      (BSFaceGenNiNode*)
		Name: "BSFaceGenNiNodeSkinned"
	[RSP+1180] 0xF23682F6B1       (void*)
	[RSP+1188] 0x7FF70A7BB202     (void* -> Fallout4.exe+068B202)
	[RSP+1190] 0x219F3C18AF0      (BSFaceGenNiNode*)
		Name: "BSFaceGenNiNodeSkinned"
	[RSP+1198] 0x219F263E701      (void*)
	[RSP+11A0] 0x21B5F710050      (void*)
	[RSP+11A8] 0x219607B2F20      (BSFaceGenAnimationData*)
	[RSP+11B0] 0x8                (size_t)
	[RSP+11B8] 0x7FF70A8DC290     (void* -> Fallout4.exe+07AC290)
	[RSP+11C0] 0x1                (size_t)
	[RSP+11C8] 0x21AAA6920F0      (ScrapHeap*)
	[RSP+11D0] 0x21B5F710010      (void*)
	[RSP+11D8] 0x7FF70000000B     (size_t)
	[RSP+11E0] 0xB                (size_t)
	[RSP+11E8] 0x4D               (size_t)
	[RSP+11F0] 0xF23682F678       (void*)
	[RSP+11F8] 0x21B5F710010      (void*)
	[RSP+1200] 0x21AAA692190      (char*) "P"
	[RSP+1208] 0x7FF70CD79DB8     (void* -> Fallout4.exe+2C49DB8)
	[RSP+1210] 0xF23682F678       (void*)
	[RSP+1218] 0x7FF70BC72FE8     (void* -> Fallout4.exe+1B42FE8)
	[RSP+1220] 0x1                (size_t)
	[RSP+1228] 0x219F263E730      (void*)
	[RSP+1230] 0x219D429CB00      (IOManagerThread*)
	[RSP+1238] 0x40000CB84CB84    (size_t)
	[RSP+1240] 0x219F263E738      (void*)
	[RSP+1248] 0x21949968EC0      (TESNPC*)
		File: "Fallout4.esm"
		Flags: 0x00040009
		Form ID: 0x000A7D35
		Form Type: 45
		Full Name: ""
	[RSP+1250] 0x0                (size_t)
	[RSP+1258] 0x7FF70A7ABA78     (void* -> Fallout4.exe+067BA78)
	[RSP+1260] 0x21949968EC0      (TESNPC*)
		File: "Fallout4.esm"
		Flags: 0x00040009
		Form ID: 0x000A7D35
		Form Type: 45
		Full Name: ""
	[RSP+1268] 0x1                (size_t)
	[RSP+1270] 0x1                (size_t)
	[RSP+1278] 0x1                (size_t)
	[RSP+1280] 0x219F263E6C0      (QueuedHead*)
	[RSP+1288] 0x7FF70FA0BCB0     (void* -> Fallout4.exe+58DBCB0)
	[RSP+1290] 0x0                (size_t)
	[RSP+1298] 0x7FF70A271358     (void* -> Fallout4.exe+0141358)
	[RSP+12A0] 0x40000F0DDF0DD    (size_t)
	[RSP+12A8] 0x21AAA692190      (char*) "P"
	[RSP+12B0] 0x0                (size_t)
	[RSP+12B8] 0x7FF70A7AB33F     (void* -> Fallout4.exe+067B33F)
	[RSP+12C0] 0x21AAA692190      (char*) "P"
	[RSP+12C8] 0x219F263E6C0      (QueuedHead*)
	[RSP+12D0] 0x21949968EC0      (TESNPC*)
		File: "Fallout4.esm"
		Flags: 0x00040009
		Form ID: 0x000A7D35
		Form Type: 45
		Full Name: ""
	[RSP+12D8] 0x219F263E6C0      (QueuedHead*)
	[RSP+12E0] 0x40000F0DDF001    (size_t)
	[RSP+12E8] 0x219F263E6C0      (QueuedHead*)
	[RSP+12F0] 0x2                (size_t)
	[RSP+12F8] 0x7FF70A223DF1     (void* -> Fallout4.exe+00F3DF1)
	[RSP+1300] 0x219B0980360      (Actor*)
		Object Reference: 
			File: "Fallout4.esm"
			Flags: 0x00040009
			Form ID: 0x000A7D35
			Form Type: 45
		File: "MakeYourOwnSynths.esp"
		Flags: 0x00420408
		Form ID: 0x000A7D38
		Form Type: 65
	[RSP+1308] 0x219B0980360      (Actor*)
		Object Reference: 
			File: "Fallout4.esm"
			Flags: 0x00040009
			Form ID: 0x000A7D35
			Form Type: 45
		File: "MakeYourOwnSynths.esp"
		Flags: 0x00420408
		Form ID: 0x000A7D38
		Form Type: 65
	[RSP+1310] 0x3                (size_t)
	[RSP+1318] 0x7FF70BDD46EE     (void* -> Fallout4.exe+1CA46EE)
	[RSP+1320] 0x21900000000      (void*)
	[RSP+1328] 0x219D430D350      (void*)
	[RSP+1330] 0x3                (size_t)
	[RSP+1338] 0x0                (size_t)
	[RSP+1340] 0x219F263E6C0      (QueuedHead*)
	[RSP+1348] 0x1                (size_t)
	[RSP+1350] 0xFFFFFFFF         (size_t)
	[RSP+1358] 0x7FF70BDD76EE     (void* -> Fallout4.exe+1CA76EE)
	[RSP+1360] 0x219002806E0      (size_t)
	[RSP+1368] 0x219B0980360      (Actor*)
		Object Reference: 
			File: "Fallout4.esm"
			Flags: 0x00040009
			Form ID: 0x000A7D35
			Form Type: 45
		File: "MakeYourOwnSynths.esp"
		Flags: 0x00420408
		Form ID: 0x000A7D38
		Form Type: 65
	[RSP+1370] 0x3                (size_t)
	[RSP+1378] 0x0                (size_t)
	[RSP+1380] 0x219000067A8      (void*)
	[RSP+1388] 0x0                (size_t)
	[RSP+1390] 0x40000CB84CB84    (size_t)
	[RSP+1398] 0x219D430D350      (void*)
	[RSP+13A0] 0x219D430D350      (void*)
	[RSP+13A8] 0x0                (size_t)
	[RSP+13B0] 0x0                (size_t)
	[RSP+13B8] 0x0                (size_t)
	[RSP+13C0] 0x0                (size_t)
	[RSP+13C8] 0x0                (size_t)
	[RSP+13D0] 0x0                (size_t)
	[RSP+13D8] 0x0                (size_t)
	[RSP+13E0] 0x0                (size_t)
	[RSP+13E8] 0x0                (size_t)
	[RSP+13F0] 0x219D429CB00      (IOManagerThread*)
	[RSP+13F8] 0x7FF70BC4CFED     (void* -> Fallout4.exe+1B1CFED)
	[RSP+1400] 0x219D429CB00      (IOManagerThread*)
	[RSP+1408] 0xF23682F800       (void*)
	[RSP+1410] 0x219D075EE00      (void*)
	[RSP+1418] 0xFFFFFFFF         (size_t)
	[RSP+1420] 0x219D429CB00      (IOManagerThread*)
	[RSP+1428] 0x0                (size_t)
	[RSP+1430] 0x0                (size_t)
	[RSP+1438] 0x7FFBD42B7034     (void* -> KERNEL32.DLL+0017034)
	[RSP+1440] 0x0                (size_t)
	[RSP+1448] 0x0                (size_t)
	[RSP+1450] 0x0                (size_t)
	[RSP+1458] 0x0                (size_t)
	[RSP+1460] 0x0                (size_t)
	[RSP+1468] 0x7FFBD5C026A1     (void* -> ntdll.dll+00526A1)
	[RSP+1470] 0x0                (size_t)
	[RSP+1478] 0x0                (size_t)
	[RSP+1480] 0x0                (size_t)
	[RSP+1488] 0x0                (size_t)
	[RSP+1490] 0x0                (size_t)
	[RSP+1498] 0x0                (size_t)
	[RSP+14A0] 0x7923AD4800000000 (size_t)
	[RSP+14A8] 0x0                (size_t)
	[RSP+14B0] 0x0                (size_t)
	[RSP+14B8] 0x7FFBD39A0100     (void* -> KERNELBASE.dll+0110100)
	[RSP+14C0] 0xF23682D600       (void*)
	[RSP+14C8] 0x4800007FFBAAB9AC (size_t)
	[RSP+14D0] 0x7FFBAAB9AC48     (size_t)
	[RSP+14D8] 0xF23682D600       (void*)
	[RSP+14E0] 0x0                (size_t)
	[RSP+14E8] 0x0                (size_t)
	[RSP+14F0] 0x0                (size_t)
	[RSP+14F8] 0x0                (size_t)
	[RSP+1500] 0x0                (size_t)
	[RSP+1508] 0x0                (size_t)
	[RSP+1510] 0x0                (size_t)
	[RSP+1518] 0x0                (size_t)
	[RSP+1520] 0x0                (size_t)
	[RSP+1528] 0x0                (size_t)
	[RSP+1530] 0x0                (size_t)
	[RSP+1538] 0x0                (size_t)
	[RSP+1540] 0x0                (size_t)
	[RSP+1548] 0x0                (size_t)
	[RSP+1550] 0x0                (size_t)
	[RSP+1558] 0x0                (size_t)
	[RSP+1560] 0x0                (size_t)
	[RSP+1568] 0x0                (size_t)
	[RSP+1570] 0x0                (size_t)
	[RSP+1578] 0x0                (size_t)
	[RSP+1580] 0x0                (size_t)
	[RSP+1588] 0x0                (size_t)
	[RSP+1590] 0x0                (size_t)
	[RSP+1598] 0x0                (size_t)
	[RSP+15A0] 0x0                (size_t)
	[RSP+15A8] 0x0                (size_t)
	[RSP+15B0] 0x0                (size_t)
	[RSP+15B8] 0x0                (size_t)
	[RSP+15C0] 0x0                (size_t)
	[RSP+15C8] 0x0                (size_t)
	[RSP+15D0] 0x0                (size_t)
	[RSP+15D8] 0x0                (size_t)
	[RSP+15E0] 0x0                (size_t)
	[RSP+15E8] 0x0                (size_t)
	[RSP+15F0] 0x0                (size_t)
	[RSP+15F8] 0x0                (size_t)
	[RSP+1600] 0x0                (size_t)
	[RSP+1608] 0x0                (size_t)
	[RSP+1610] 0x0                (size_t)
	[RSP+1618] 0x0                (size_t)
	[RSP+1620] 0x0                (size_t)
	[RSP+1628] 0x0                (size_t)
	[RSP+1630] 0x0                (size_t)
	[RSP+1638] 0x0                (size_t)
	[RSP+1640] 0x0                (size_t)
	[RSP+1648] 0x0                (size_t)
	[RSP+1650] 0x0                (size_t)
	[RSP+1658] 0x0                (size_t)
	[RSP+1660] 0x0                (size_t)
	[RSP+1668] 0x0                (size_t)
	[RSP+1670] 0x0                (size_t)
	[RSP+1678] 0x0                (size_t)
	[RSP+1680] 0x0                (size_t)
	[RSP+1688] 0x0                (size_t)
	[RSP+1690] 0x0                (size_t)
	[RSP+1698] 0x0                (size_t)
	[RSP+16A0] 0x0                (size_t)
	[RSP+16A8] 0x0                (size_t)
	[RSP+16B0] 0x0                (size_t)
	[RSP+16B8] 0x0                (size_t)
	[RSP+16C0] 0x0                (size_t)
	[RSP+16C8] 0x0                (size_t)
	[RSP+16D0] 0x0                (size_t)
	[RSP+16D8] 0x0                (size_t)
	[RSP+16E0] 0x0                (size_t)
	[RSP+16E8] 0x0                (size_t)
	[RSP+16F0] 0x0                (size_t)
	[RSP+16F8] 0x0                (size_t)
	[RSP+1700] 0x0                (size_t)
	[RSP+1708] 0x0                (size_t)
	[RSP+1710] 0x0                (size_t)
	[RSP+1718] 0x0                (size_t)
	[RSP+1720] 0x0                (size_t)
	[RSP+1728] 0x0                (size_t)
	[RSP+1730] 0x0                (size_t)
	[RSP+1738] 0x0                (size_t)
	[RSP+1740] 0x0                (size_t)
	[RSP+1748] 0x0                (size_t)
	[RSP+1750] 0x0                (size_t)
	[RSP+1758] 0x0                (size_t)
	[RSP+1760] 0x0                (size_t)
	[RSP+1768] 0x0                (size_t)
	[RSP+1770] 0x0                (size_t)
	[RSP+1778] 0x0                (size_t)
	[RSP+1780] 0x0                (size_t)
	[RSP+1788] 0x0                (size_t)
	[RSP+1790] 0x0                (size_t)
	[RSP+1798] 0x0                (size_t)
	[RSP+17A0] 0x0                (size_t)
	[RSP+17A8] 0x0                (size_t)
	[RSP+17B0] 0x0                (size_t)
	[RSP+17B8] 0x0                (size_t)
	[RSP+17C0] 0x0                (size_t)
	[RSP+17C8] 0x0                (size_t)
	[RSP+17D0] 0x0                (size_t)
	[RSP+17D8] 0x0                (size_t)
	[RSP+17E0] 0x0                (size_t)
	[RSP+17E8] 0x0                (size_t)
	[RSP+17F0] 0x0                (size_t)
	[RSP+17F8] 0x0                (size_t)
	[RSP+1800] 0x0                (size_t)
	[RSP+1808] 0x0                (size_t)
	[RSP+1810] 0x0                (size_t)
	[RSP+1818] 0x0                (size_t)
	[RSP+1820] 0x0                (size_t)
	[RSP+1828] 0x0                (size_t)
	[RSP+1830] 0x0                (size_t)
	[RSP+1838] 0x0                (size_t)
	[RSP+1840] 0x0                (size_t)
	[RSP+1848] 0x0                (size_t)
	[RSP+1850] 0x0                (size_t)
	[RSP+1858] 0x0                (size_t)
	[RSP+1860] 0x0                (size_t)
	[RSP+1868] 0x0                (size_t)
	[RSP+1870] 0x0                (size_t)
	[RSP+1878] 0x0                (size_t)
	[RSP+1880] 0x0                (size_t)
	[RSP+1888] 0x0                (size_t)
	[RSP+1890] 0x0                (size_t)
	[RSP+1898] 0x0                (size_t)
	[RSP+18A0] 0x0                (size_t)
	[RSP+18A8] 0x0                (size_t)
	[RSP+18B0] 0x0                (size_t)
	[RSP+18B8] 0x0                (size_t)
	[RSP+18C0] 0x0                (size_t)
	[RSP+18C8] 0x0                (size_t)
	[RSP+18D0] 0x0                (size_t)
	[RSP+18D8] 0x0                (size_t)
	[RSP+18E0] 0x0                (size_t)
	[RSP+18E8] 0x0                (size_t)
	[RSP+18F0] 0x0                (size_t)
	[RSP+18F8] 0x0                (size_t)
	[RSP+1900] 0x0                (size_t)
	[RSP+1908] 0x0                (size_t)
	[RSP+1910] 0x0                (size_t)
	[RSP+1918] 0x0                (size_t)
	[RSP+1920] 0x0                (size_t)
	[RSP+1928] 0x0                (size_t)
	[RSP+1930] 0x0                (size_t)
	[RSP+1938] 0x0                (size_t)
	[RSP+1940] 0x0                (size_t)
	[RSP+1948] 0x0                (size_t)
	[RSP+1950] 0x0                (size_t)
	[RSP+1958] 0x0                (size_t)
	[RSP+1960] 0x0                (size_t)
	[RSP+1968] 0x0                (size_t)
	[RSP+1970] 0x0                (size_t)
	[RSP+1978] 0x0                (size_t)
	[RSP+1980] 0x0                (size_t)
	[RSP+1988] 0x0                (size_t)
	[RSP+1990] 0x0                (size_t)
	[RSP+1998] 0x0                (size_t)
	[RSP+19A0] 0x0                (size_t)
	[RSP+19A8] 0x0                (size_t)
	[RSP+19B0] 0x0                (size_t)
	[RSP+19B8] 0x0                (size_t)
	[RSP+19C0] 0x0                (size_t)
	[RSP+19C8] 0x0                (size_t)
	[RSP+19D0] 0x0                (size_t)
	[RSP+19D8] 0x0                (size_t)
	[RSP+19E0] 0x0                (size_t)
	[RSP+19E8] 0x0                (size_t)
	[RSP+19F0] 0x0                (size_t)
	[RSP+19F8] 0x0                (size_t)
	[RSP+1A00] 0x0                (size_t)
	[RSP+1A08] 0x0                (size_t)
	[RSP+1A10] 0x0                (size_t)
	[RSP+1A18] 0x0                (size_t)
	[RSP+1A20] 0x0                (size_t)
	[RSP+1A28] 0x0                (size_t)
	[RSP+1A30] 0x0                (size_t)
	[RSP+1A38] 0x0                (size_t)
	[RSP+1A40] 0x0                (size_t)
	[RSP+1A48] 0x0                (size_t)
	[RSP+1A50] 0x0                (size_t)
	[RSP+1A58] 0x0                (size_t)
	[RSP+1A60] 0x0                (size_t)
	[RSP+1A68] 0x0                (size_t)
	[RSP+1A70] 0x0                (size_t)
	[RSP+1A78] 0x0                (size_t)
	[RSP+1A80] 0x0                (size_t)
	[RSP+1A88] 0x0                (size_t)
	[RSP+1A90] 0x0                (size_t)
	[RSP+1A98] 0x0                (size_t)
	[RSP+1AA0] 0x0                (size_t)
	[RSP+1AA8] 0x0                (size_t)
	[RSP+1AB0] 0x0                (size_t)
	[RSP+1AB8] 0x0                (size_t)
	[RSP+1AC0] 0x0                (size_t)
	[RSP+1AC8] 0x0                (size_t)
	[RSP+1AD0] 0x0                (size_t)
	[RSP+1AD8] 0x0                (size_t)
	[RSP+1AE0] 0x0                (size_t)
	[RSP+1AE8] 0x0                (size_t)
	[RSP+1AF0] 0x0                (size_t)
	[RSP+1AF8] 0x0                (size_t)
	[RSP+1B00] 0x0                (size_t)
	[RSP+1B08] 0x0                (size_t)
	[RSP+1B10] 0x0                (size_t)
	[RSP+1B18] 0x0                (size_t)
	[RSP+1B20] 0x0                (size_t)
	[RSP+1B28] 0x0                (size_t)
	[RSP+1B30] 0x0                (size_t)
	[RSP+1B38] 0x0                (size_t)
	[RSP+1B40] 0x0                (size_t)
	[RSP+1B48] 0x0                (size_t)

MODULES:
	XINPUT1_3.dll                      0x000000400000
	X3DAudio1_7.dll                    0x000070760000
	steam_api64.dll                    0x000070770000
	BakaFramework.dll                  0x02191D9A0000
	gpapi.dll                          0x021A3A720000
	nvwgf2umx.dll                      0x021A3B900000
	Fallout4.exe                       0x7FF70A130000
	d3dcompiler_47_64.dll              0x7FFB51450000
	NvCamera64.dll                     0x7FFB51860000
	BackportedBA2Support.dll           0x7FFB520D0000
	steamclient64.dll                  0x7FFB52D90000
	XAudio2_7.dll                      0x7FFB66B40000
	gameoverlayrenderer64.dll          0x7FFB66BD0000
	XDI.dll                            0x7FFB66D70000
	transfer_settlements.dll           0x7FFB66DE0000
	wsfw_identifier.dll                0x7FFB671E0000
	TIM.dll                            0x7FFB672E0000
	terminal+.dll                      0x7FFB67340000
	SUP_F4SE.dll                       0x7FFB67490000
	ScreenArcherMenu.dll               0x7FFB676C0000
	SAF.dll                            0x7FFB67860000
	RobCo_Patcher.dll                  0x7FFB679D0000
	PRKF.dll                           0x7FFB67AC0000
	PowerGridTools.dll                 0x7FFB67B50000
	po3_SpellPerkItemDistributorF4.dll 0x7FFB67BC0000
	po3_BaseObjectSwapperF4.dll        0x7FFB67CD0000
	place.dll                          0x7FFB67DE0000
	NVIDIA_Reflex.dll                  0x7FFB67F90000
	MODExplorer.dll                    0x7FFB68060000
	mcm.dll                            0x7FFB680E0000
	LighthousePapyrusExtender.dll      0x7FFB68180000
	HighFPSPhysicsFix.dll              0x7FFB682A0000
	GardenOfEdenPapyrusExtender.dll    0x7FFB68330000
	HHS.dll                            0x7FFB68810000
	GCBugFix.dll                       0x7FFB688B0000
	F4z Ro D'oh.dll                    0x7FFB68910000
	f4pm.dll                           0x7FFB68980000
	f4ee.dll                           0x7FFB689F0000
	cbp.dll                            0x7FFB68B00000
	BulletCountedReload.dll            0x7FFB68B70000
	Buffout4.dll                       0x7FFB68C00000
	BakaScrapHeap.dll                  0x7FFB68F60000
	BakaMaxPapyrusOps.dll              0x7FFB69030000
	f4se_1_10_163.dll                  0x7FFB691D0000
	vstdlib_s64.dll                    0x7FFB692B0000
	tier0_s64.dll                      0x7FFB69370000
	GFSDK_SSAO_D3D11.win64.dll         0x7FFB69510000
	flexRelease_x64.dll                0x7FFB695A0000
	AutomatronDisassembler.dll         0x7FFB69E70000
	MSVCR110.dll                       0x7FFB69ED0000
	cudart64_75.dll                    0x7FFB6C100000
	DINPUT8.dll                        0x7FFB6C2A0000
	vertibird_jump.dll                 0x7FFB71A90000
	MSVCP110.dll                       0x7FFB71B80000
	rename_anything.dll                0x7FFB78380000
	DSOUND.DLL                         0x7FFB79000000
	nvspcap64.dll                      0x7FFB90AE0000
	WeaponDebrisCrashFix.dll           0x7FFB9C230000
	PriorityMod.dll                    0x7FFB9CFC0000
	CONCRT140.dll                      0x7FFB9DC60000
	nvppex.dll                         0x7FFB9F700000
	usvfs_x64.dll                      0x7FFBA4BB0000
	Interior-NavCut-Fix.dll            0x7FFBAB750000
	bink2w64.dll                       0x7FFBAB7A0000
	SprintStutteringFix.dll            0x7FFBABAA0000
	GFSDK_GodraysLib.x64.dll           0x7FFBABAC0000
	MessageBus.dll                     0x7FFBAC990000
	VCRUNTIME140_1.dll                 0x7FFBAF340000
	MSVCP140.dll                       0x7FFBAF350000
	VCRUNTIME140.dll                   0x7FFBAF420000
	flexExtRelease_x64.dll             0x7FFBB67E0000
	XINPUT9_1_0.dll                    0x7FFBB8010000
	textinputframework.dll             0x7FFBB85A0000
	crafting_highlight_fix.dll         0x7FFBB8FA0000
	f4se_steam_loader.dll              0x7FFBB9010000
	libdiskCacheEnabler.dll            0x7FFBB9120000
	nvToolsExt64_1.dll                 0x7FFBB91F0000
	inputhost.dll                      0x7FFBB9700000
	WININET.dll                        0x7FFBB9A50000
	Windows.UI.dll                     0x7FFBBA3A0000
	Secur32.dll                        0x7FFBBC430000
	mskeyprotect.dll                   0x7FFBBC760000
	amsi.dll                           0x7FFBBC9A0000
	ncryptsslp.dll                     0x7FFBBC9C0000
	winmmbase.dll                      0x7FFBBE130000
	COMCTL32.dll                       0x7FFBBE4F0000
	gdiplus.dll                        0x7FFBBE790000
	fwpuclnt.dll                       0x7FFBBEC00000
	rasadhlp.dll                       0x7FFBBEC80000
	webio.dll                          0x7FFBBED70000
	wbemsvc.dll                        0x7FFBBEE70000
	fastprox.dll                       0x7FFBBEFC0000
	NvMessageBus.dll                   0x7FFBC4160000
	wbemcomn.dll                       0x7FFBC44C0000
	WINHTTP.dll                        0x7FFBC4720000
	nvgpucomp64.dll                    0x7FFBC4A20000
	nvapi64.dll                        0x7FFBC6A10000
	nvldumdx.dll                       0x7FFBC7110000
	dxcore.dll                         0x7FFBC71E0000
	WINMM.dll                          0x7FFBC8070000
	wbemprox.dll                       0x7FFBC9ED0000
	drvstore.dll                       0x7FFBCA5A0000
	cryptnet.dll                       0x7FFBCA6F0000
	VERSION.dll                        0x7FFBCA820000
	WindowsCodecs.dll                  0x7FFBCB440000
	twinapi.appcore.dll                0x7FFBCBDD0000
	WindowManagementAPI.dll            0x7FFBCC320000
	dhcpcsvc.DLL                       0x7FFBCC440000
	dhcpcsvc6.DLL                      0x7FFBCC5F0000
	WINNSI.DLL                         0x7FFBCC6A0000
	MMDevApi.dll                       0x7FFBCC6B0000
	AUDIOSES.DLL                       0x7FFBCCA10000
	avrt.dll                           0x7FFBCCF90000
	PROPSYS.dll                        0x7FFBCEB30000
	d3d11.dll                          0x7FFBCECB0000
	wintypes.dll                       0x7FFBCFAC0000
	dcomp.dll                          0x7FFBCFC20000
	CoreUIComponents.dll               0x7FFBD0190000
	CoreMessaging.dll                  0x7FFBD0540000
	apphelp.dll                        0x7FFBD08A0000
	uxtheme.dll                        0x7FFBD09D0000
	resourcepolicyclient.dll           0x7FFBD0AA0000
	dwmapi.dll                         0x7FFBD0CD0000
	dbghelp.dll                        0x7FFBD1150000
	windows.storage.dll                0x7FFBD1360000
	HID.DLL                            0x7FFBD1B00000
	kernel.appcore.dll                 0x7FFBD1B10000
	dxgi.dll                           0x7FFBD1B60000
	schannel.DLL                       0x7FFBD2250000
	rsaenh.dll                         0x7FFBD2330000
	ntmarta.dll                        0x7FFBD2450000
	UMPDC.dll                          0x7FFBD2700000
	IPHLPAPI.DLL                       0x7FFBD2720000
	DNSAPI.dll                         0x7FFBD2760000
	POWRPROF.dll                       0x7FFBD2890000
	MSWSOCK.dll                        0x7FFBD2A80000
	CRYPTBASE.DLL                      0x7FFBD2C70000
	CRYPTSP.dll                        0x7FFBD2C80000
	Wldp.dll                           0x7FFBD2D20000
	NTASN1.dll                         0x7FFBD2D50000
	ncrypt.dll                         0x7FFBD2D90000
	msasn1.dll                         0x7FFBD2EB0000
	devobj.dll                         0x7FFBD3070000
	DPAPI.DLL                          0x7FFBD30C0000
	SSPICLI.DLL                        0x7FFBD31B0000
	profapi.dll                        0x7FFBD3200000
	bcryptPrimitives.dll               0x7FFBD32C0000
	gdi32full.dll                      0x7FFBD3350000
	CRYPT32.dll                        0x7FFBD3460000
	win32u.dll                         0x7FFBD35C0000
	ucrtbase.dll                       0x7FFBD36A0000
	cfgmgr32.dll                       0x7FFBD37A0000
	msvcp_win.dll                      0x7FFBD37F0000
	KERNELBASE.dll                     0x7FFBD3890000
	bcrypt.dll                         0x7FFBD3B70000
	wintrust.dll                       0x7FFBD3BA0000
	clbcatq.dll                        0x7FFBD3C70000
	sechost.dll                        0x7FFBD3DB0000
	GDI32.dll                          0x7FFBD3E50000
	imagehlp.dll                       0x7FFBD3E80000
	WS2_32.dll                         0x7FFBD3EA0000
	COMDLG32.dll                       0x7FFBD3F10000
	SHCORE.dll                         0x7FFBD3FF0000
	USER32.dll                         0x7FFBD40A0000
	KERNEL32.DLL                       0x7FFBD42A0000
	ADVAPI32.dll                       0x7FFBD4360000
	MSCTF.dll                          0x7FFBD4490000
	ole32.dll                          0x7FFBD45B0000
	IMM32.DLL                          0x7FFBD46E0000
	NSI.dll                            0x7FFBD4720000
	OLEAUT32.dll                       0x7FFBD48E0000
	SHELL32.dll                        0x7FFBD49B0000
	RPCRT4.dll                         0x7FFBD5100000
	PSAPI.DLL                          0x7FFBD5230000
	combase.dll                        0x7FFBD5240000
	SETUPAPI.dll                       0x7FFBD5600000
	shlwapi.dll                        0x7FFBD5A70000
	msvcrt.dll                         0x7FFBD5AD0000
	ntdll.dll                          0x7FFBD5BB0000

F4SE PLUGINS:
	AutomatronDisassembler.dll
	BackportedBA2Support.dll v1
	BakaFramework.dll v1.8
	BakaMaxPapyrusOps.dll v1.1
	BakaScrapHeap.dll v1.3
	Buffout4.dll v1.28.6
	BulletCountedReload.dll
	cbp.dll
	crafting_highlight_fix.dll
	f4ee.dll
	f4pm.dll
	F4z Ro D'oh.dll v0.2.4.406
	GardenOfEdenPapyrusExtender.dll v18.4
	GCBugFix.dll v1
	HHS.dll
	HighFPSPhysicsFix.dll
	Interior-NavCut-Fix.dll v1.0.3
	libdiskCacheEnabler.dll
	LighthousePapyrusExtender.dll v1.4
	mcm.dll
	MODExplorer.dll
	NVIDIA_Reflex.dll v1
	place.dll
	po3_BaseObjectSwapperF4.dll v1
	po3_SpellPerkItemDistributorF4.dll v2
	PowerGridTools.dll
	PriorityMod.dll
	PRKF.dll
	rename_anything.dll
	RobCo_Patcher.dll v3.5
	SAF.dll
	ScreenArcherMenu.dll
	SprintStutteringFix.dll
	SUP_F4SE.dll
	terminal+.dll
	TIM.dll
	transfer_settlements.dll
	vertibird_jump.dll
	WeaponDebrisCrashFix.dll
	wsfw_identifier.dll
	XDI.dll

PLUGINS:
	[00]     Fallout4.esm
	[01]     DLCRobot.esm
	[02]     DLCworkshop01.esm
	[03]     DLCCoast.esm
	[04]     DLCworkshop02.esm
	[05]     DLCworkshop03.esm
	[06]     DLCNukaWorld.esm
	[07]     Unofficial Fallout 4 Patch.esp
	[08]     HUDFramework.esm
	[09]     XDI.esm
	[0A]     ArmorKeywords.esm
	[0B]     WorkshopFramework.esm
	[0C]     TheRooftops.esm
	[0D]     FWR.esm
	[0E]     ChuckYufarleyCollection.esm
	[0F]     GasCanisterFix.esp
	[10]     AnubisRace.esp
	[11]     Games.esm
	[12]     BarstoolGames.esm
	[13]     TrueStormsFO4.esm
	[14]     Loads.esm
	[15]     TacticalReload.esm
	[16]     Homemaker.esm
	[17]     CROSS_CosmeticFramework.esm
	[18]     OP_Workshop.esp
	[19]     CROP.esm
	[1A]     CWSS Redux.esp
	[1B]     VotWMaster.esm
	[1C]     Servitron.esm
	[1D]     Desperados Overhaul.esp
	[1E]     Scopes.esp
	[1F]     FO4Hotkeys.esp
	[20]     Concord Museum Settlement.esp
	[21]     PrydwenOverhaul2.esp
	[22]     sunshine.esp
	[23]     CoastalCottage.esp
	[24]     OutcastsAndRemnants.esp
	[25]     Crimsomrider's Croup Manor Renewal.esp
	[26]     GreentopIsClean.esp
	[27]     FLORA - The Fungal Forest.esp
	[28]     Armorsmith Extended.esp
	[29]     AnimatedCandles.esp
	[2A]     Wasteland Illumination.esp
	[2B]     RW9 LZ Commonwealth.esp
	[2C]     Depravity.esp
	[2D]     Stm_DiamondCityExpansion.esp
	[2E]     CombatZoneRestored.esp
	[2F]     Build High - Expanded Settlements.esp
	[30]     Eli_Armour_Compendium.esp
	[31]     CrimeTown.esp
	[32]     AA FusionCityRising.esp
	[33]     Healthy Animals.esp
	[34]     W.A.T.Minutemen.esp
	[35]     ALOOT_Better_CPS.esp
	[36]     Eli_Chestnut Lodge DLC.esp
	[37]     CheatTerminal.esp
	[38]     VotWStarlightDriveIn.esp
	[39]     LR_APCTransport.esp
	[3A]     MMSquads.esp
	[3B]     Snappy_HouseK.esp
	[3C]     Backpacks of the Commonwealth.esp
	[3D]     g2m_Workshop_Nexus.esp
	[3E]     functionalobjects_vanilla.esp
	[3F]     EroticArt.esp
	[40]     cVc Dead Wasteland 6.esp
	[41]     LR_APCNukaWorldExspansion.esp
	[42]     powerarmort49.esp
	[43]     NAC.esp
	[44]     MisriahArmory.esp
	[45]     ProjectValkyrie.esp
	[46]     MjolnirMKVB.esp
	[47]     borderlandsvending.esp
	[48]     Machine Vending.esp
	[49]     LR_APCFarHarborExspansion.esp
	[4A]     WIPAG_Power Armor Overhaul.esp
	[4B]     ZebrinasWorkshopDevices.esp
	[4C]     LOZ_MasterSword.esp
	[4D]     EroticArt - Expanded.esp
	[4E]     CWCreateABot.esp
	[4F]     See You Sleep CW editon - Beta.esp
	[50]     ProjectValkyrie_SortingTags.esp
	[51]     CustomCamera.esp
	[52]     WheelMenu.esp
	[53]     PlayerComments_CZRPatch.esp
	[54]     Any_Terminal_at_Any_Height.esp
	[55]     FusionGirl.esp
	[56]     HiPolyFaces.esp
	[57]     ATaAH - Dave's Poses v2.1 compatibility patch.esp
	[58]     The Eyes Of Beauty.esp
	[59]     AzarPonytailHairstyles.esp
	[5A]     KSHairdos.esp
	[5B]     KSHairdos_oel.esp
	[5C]     KSHairsFemsheppingRadbeetle.esp
	[5D]     PIP-Pad.esp
	[5E]     LooksMenu.esp
	[5F]     TBOS-AntoHairPack.esp
	[60]     ZeX-BodyGen.esp
	[61]     NAC-NW.esp
	[62]     NAC-FH.esp
	[63]     Radio_Olivia_Overnight.esp
	[64]     JetfuelRadio.esp
	[65]     OWR_OWT.esp
	[66]     ESPExplorerFO4.esp
	[67]     [mde]_Hotchpotch.esp
	[68]     BarstoolGames_NW.esp
	[69]     BarstoolGames_FH.esp
	[6A]     OWR_TT.esp
	[6B]     Custom Comic Framework.esp
	[6C]     battletech.esp
	[6D]     GR001-AutomatronRebooted.esp
	[6E]     Gary.esp
	[6F]     Live Action Handy - With GlowMap.esp
	[70]     TacticalReloadVanilla.esp
	[71]     TacticalReloadDLC.esp
	[72]     TinaDeLucaSettlerVoiced.esp
	[73]     YouAreSPECIAL.esp
	[74]     3dscopes.esp
	[75]     combatworkbenchrobot.esp
	[76]     WestTekTacticalOptics.esp
	[77]     FotC-DiamondCityEdition.esp
	[78]     BetterCompanions.esp
	[79]     Nexus_PMC.esp
	[7A]     PMC_extended.esp
	[7B]     FotC-SharedResources.esp
	[7C]     FotC-DC-VariedDCGuardsPatch.esp
	[7D]     Hot Mama Murphy.esp
	[7E]     Tri-Companion 2 Cait U.esp
	[7F]     Piping Hot Piper 2.0.esp
	[80]     PIP-Pad_LMCC.esp
	[81]     Realidad Crafting.esp
	[82]     AutoDoors.esp
	[83]     TransferSettlements.esp
	[84]     NukaWorldVassalsRemainAllies.esp
	[85]     Settlement_Markers.esp
	[86]     SettlementMenuManager.esp
	[87]     K9TacticalHarness.esp
	[88]     Gunner_Operator.esp
	[89]     AccessibleBackpacks.esp
	[8A]     Clothes Pack 6 by DonEb14n.esp
	[8B]     DX_Harley_Quinn_Outfit.esp
	[8C]     DX_Vault_111_Outfit.esp
	[8D]     KaoruIdolsHelmet01.esp
	[8E]     FOLON_Bren.esp
	[8F]     FOLON - LugerP08.esp
	[90]     FOLON_RacketandBat.esp
	[91]     Infinite Armory.esp
	[92]     Misriah_FlashlightFix.esp
	[93]     Rakshasa Armory.esp
	[94]     BasementLiving.esp
	[95]     Snappy_DLC03.esp
	[96]     Snappy_HouseK-AutodoorsPatch.esp
	[97]     OP_Workshop_Category.esp
	[98]     KURO.esp
	[99]     OCDecorator.esp
	[9A]     OCDecoratorDLC.esp
	[9B]     SSEX.esp
	[9C]     SettleObjExpandPack.esp
	[9D]     SettleObjExpandPack-AutoDoorsPatch.esp
	[9E]     CompactCrafting.esp
	[9F]     AmmoDisplay.esp
	[A0]     GrafsSecurityFencesNoMenu.esp
	[A1]     Northland Diggers New.esp
	[A2]     Crimsomrider's Unique Furniture.esp
	[A3]     GruffyddsSignsAndPosters.esp
	[A4]     NimroutConstructableFlags.esp
	[A5]     Sandbag Fortifications - Version 2C.esp
	[A6]     Summer Roses.esp
	[A7]     NorthlandDiggers-SummerRoses.esp
	[A8]     MLPAnims.esp
	[A9]     vicatsVideos_05.esp
	[AA]     BBVid Holotapes.esp
	[AB]     glo.esp
	[AC]     disncla1DriveIn_05.esp
	[AD]     disncla1Videos_05.esp
	[AE]     Emily Grey Reels.esp
	[AF]     Emily Grey Holotapes.esp
	[B0]     ExoticVideosVol1.esp
	[B1]     Games.esp
	[B2]     Lupe Fuentes Holotapes.esp
	[B3]     GoodOldCartoonsBonus.esp
	[B4]     vicatsDriveIn_05.esp
	[B5]     MoToonsVOL1.esp
	[B6]     ShadAnimations.esp
	[B7]     ShadAnimationsDI.esp
	[B8]     Lupe Fuentes Reels.esp
	[B9]     miakhalifaDriveIn_05.esp
	[BA]     miakhalifaVideos_05.esp
	[BB]     MLPAnimsDI.esp
	[BC]     NukaWorld.esp
	[BD]     tbladc.esp
	[BE]     VOTW - Sinner.esp
	[BF]     Headcrab_Bunny.esp
	[C0]     StartMeUp.esp
	[C1]     PlayerComments.esp
	[C2]     PlayerCommentsStartMeUpPatch.esp
	[C3]     StartMeUpNukaWorldPatch.esp
	[C4]     PlayerCommentsStartMeUpPiperFix.esp
	[C5]     PlayerComments_UFO4P_Patch.esp
	[C6]     Publick Occurrences Expanded.esp
	[C7]     VIS-G Item Sorting.esp
	[FE:000] ccbgsfo4045-advarccab.esl
	[FE:001] ccfsvfo4003-slocum.esl
	[FE:002] cckgjfo4001-bastion.esl
	[FE:003] MTM-NukaTownEastArchwayFix.esl
	[FE:004] BakaFramework.esm
	[FE:005] BarnacleRemover.esl
	[FE:006] PPF.esm
	[FE:007] No More Fucking Birds.esl
	[FE:008] SSTForestFungusDelit.esl
	[FE:009] The Castle.esl
	[FE:00A] RoadsidePinesSettlement.esl
	[FE:00B] Airport_Glass_Transparency_Fix.esl
	[FE:00C] Fixed_Rexford.esl
	[FE:00D] VALENTINE.esl
	[FE:00E] HoloTapeDisplays.esl
	[FE:00F] DiamondCityAmbience.esl
	[FE:010] RealReadableBooks.esl
	[FE:011] BusMod.esl
	[FE:012] BuildableRafts.esl
	[FE:013] Immortal Cats 2.esl
	[FE:014] UnownedTrash.esl
	[FE:015] Teddies76.esl
	[FE:016] CROSS_MojaveManhunter.esl
	[FE:017] Geckos.esl
	[FE:018] Climb_The_Commonwealth.esl
	[FE:019] Boston Airport Backdoor Buttons.esl
	[FE:01A] CWYaoGuai.esl
	[FE:01B] RRShutters.esl
	[FE:01C] T65PA.esl
	[FE:01D] RecruitPhyllis.esl
	[FE:01E] VCM_LibrarySupportPlugin_F-ESL.esl
	[FE:01F] DoorsNotWalls.esl
	[FE:020] DaltonFarm-NoTrapBarnacles.esl
	[FE:021] RedShiftPowerArmor.esl
	[FE:022] RecruitKat.esl
	[FE:023] ClassicSuperSledge.esl
	[FE:024] ImmersiveTeleportation.esl
	[FE:025] FixRobotVisualEffects.esl
	[FE:026] Journal.esl
	[FE:027] Insignificant Object Remover.esl
	[FE:028] PainTrainShoulderBashAnimationInCombat.esl
	[FE:029] IceStorms Poses.esl
	[FE:02A] JNFA.esl
	[FE:02B] NoDialogueAutoRotAndForcedPos.esl
	[FE:02C] Vault88LODReset.esl
	[FE:02D] Quick_Modification_Weapon_by_tooun.esl
	[FE:02E] NISTRONHDColorSystem.esl
	[FE:02F] CanarySaveFileMonitor.esl
	[FE:030] MSCCMRD.esl
	[FE:031] NoNakedComment.esl
	[FE:032] BodyTalk3-RaiderNormalsFix.esl
	[FE:033] HiPolyFacesCompanionPlugin.esl
	[FE:034] Wetness Shader Fix.esl
	[FE:035] PowerArmorIntercomVoice.esl
	[FE:036] HCKTerminalHack.esl
	[FE:037] GRTH.esl
	[FE:038] NoAffinityCooldown.esl
	[FE:039] NoNegativeAffinity.esl
	[FE:03A] Fireflies.esl
	[FE:03B] IllumBillboardsCustomReplacer-All In One Billboards.esl
	[FE:03C] RadioactiveSignsAIO.esl
	[FE:03D] Balconies.esl
	[FE:03E] HZS NavMesh Fixer.esl
	[FE:03F] PCDugBuildAWall.esl
	[FE:040] NaiRaeCozyScavver.esl
	[FE:041] IllumBillboardsCustomPosterReplacer-AIO.esl
	[FE:042] Military Vehicles Retextured.esl
	[FE:043] Natural Bundle Bunker Set.esl
	[FE:044] Natural Bundle Cave Set.esl
	[FE:045] Natural Bundle Masonry Set.esl
	[FE:046] Natural Bundle Submarine Set.esl
	[FE:047] zElevatorLights.esl
	[FE:048] SSTNoSmolderingTurrets.esl
	[FE:049] Sinking Bodies.esl
	[FE:04A] Hot and Horny Wastelands Posters.esl
	[FE:04B] AutomatronMiniLibertyPrime.esl
	[FE:04C] ASBv2.esl
	[FE:04D] Misc Robot Parts.esl
	[FE:04E] Assaultron Combatron.esl
	[FE:04F] AutomatronClaptrap.esl
	[FE:050] AutomatronDisassembler.esl
	[FE:051] MT_AutomatronVoices.esl
	[FE:052] AutomatronProtectedFix.esl
	[FE:053] AutomatronSecuritron.esl
	[FE:054] AutomatronWheelLegs.esl
	[FE:055] Dlx_assaultron.esl
	[FE:056] MoreRobotVoices.esl
	[FE:057] STBB.esl
	[FE:058] Stronger Behemoth.esl
	[FE:059] PreWar_Rabbit_Replacer.esl
	[FE:05A] Immortal Cats - Cat Meat to Cat Food.esl
	[FE:05B] NerfedGhouls.esl
	[FE:05C] Mors Sit Anywhere.esl
	[FE:05D] Munitions - An Ammo Expansion.esl
	[FE:05E] Munitions - Vanilla Ammo Addon.esl
	[FE:05F] NoHumanoidDecaps.esl
	[FE:060] LoweredJetpakAPDrain.esl
	[FE:061] BetterVertibirdMinigun300.esl
	[FE:062] DropQuestItems.esl
	[FE:063] hercules.esl
	[FE:064] Adamantium Skeleton Improved - No Falling Damage.esl
	[FE:065] Eli_ToolsDontScrap.esl
	[FE:066] 3rd Weapon Lowering Speed 1.00.esl
	[FE:067] Cinematic Reloads.esm
	[FE:068] CleanInstitute.esl
	[FE:069] BusStopLighting.esl
	[FE:06A] Player_No_Longer_Rudely_Interrupting_Dialogue_v0.1.esl
	[FE:06B] RaiderQueensLegendaryFaceRevamps.esl
	[FE:06C] NotAllGunsAreImpressive.esl
	[FE:06D] Settler Sandbox Overhaul.esl
	[FE:06E] More NPCs Sandbox Expansion.esl
	[FE:06F] Multiple Floors Sandboxing.esl
	[FE:070] ProvisionersRelax.esl
	[FE:071] VeryRichMerchants.esl
	[FE:072] HellcatPA.esl
	[FE:073] TrashCompactor.esl
	[FE:074] FreeTimeForSettlers.esl
	[FE:075] UniversalDisassembler.esl
	[FE:076] SKKSettlementAttackSystem.esl
	[FE:077] NB_BudgetLimitRemover.esl
	[FE:078] DoorsWithDoorbells.esl
	[FE:079] Snapgasm.esl
	[FE:07A] RecruitVirgil.esl
	[FE:07B] Settlement infinite outside border time.esl
	[FE:07C] Quieter Settlements - Recommended Settings.esl
	[FE:07D] BrighterSettlementLights_LongAndSoft.esl
	[FE:07E] NPSShopping.esl
	[FE:07F] nmbsuc.esl
	[FE:080] MultipleMarkerBeds_Replacer.esl
	[FE:081] FitnessAtSettlements.esl
	[FE:082] vault_door_fixed.esl
	[FE:083] MultipleMarkerBeds.esl
	[FE:084] SettlersAsHairdressers.esl
	[FE:085] PhoropterUsable.esl
	[FE:086] CROSS_VertibirdFlightsuit.esl
	[FE:087] K-Girl Shoes.esl
	[FE:088] choker.esl
	[FE:089] CROSS_Uni_Scarf.esl
	[FE:08A] Straw_ComfyBoots.esl
	[FE:08B] jmCowboyHat.esl
	[FE:08C] nbCap.esl
	[FE:08D] CROSS_BrotherhoodRecon.esl
	[FE:08E] Jinga Closet 2.esl
	[FE:08F] RR Dark Secret Outfit.esl
	[FE:090] VaultOutfitPack.esl
	[FE:091] LedImport_ElegantJeans.esl
	[FE:092] RR Street PE Outfits.esl
	[FE:093] TheKite_ScoopDigger.esl
	[FE:094] Straw_Shemagh.esl
	[FE:095] ClassicUnarmedPack.esl
	[FE:096] Zapgun.esl
	[FE:097] SelectBlaster.esl
	[FE:098] Holy Hand Grenade Standalone.esl
	[FE:099] h3minigun.esl
	[FE:09A] UNSCFlags.esl
	[FE:09B] BetterGenerators.esl
	[FE:09C] SLR.esl
	[FE:09D] ClimbableLadders.esl
	[FE:09E] ConnectableTelephonePoles - ConstrOnly.esl
	[FE:09F] HighTechElevatorAIO.esl
	[FE:0A0] InsElevator.esl
	[FE:0A1] Floorsroofswalls.esl
	[FE:0A2] RadiationProtectorESL.esl
	[FE:0A3] VltElevatorDLC.esl
	[FE:0A4] Passthrough.esl
	[FE:0A5] Generator Fusebox - More realistic version.esl
	[FE:0A6] Ladder.esl
	[FE:0A7] hologramtable.esl
	[FE:0A8] Laptop.esl
	[FE:0A9] MoreDoghouses.esl
	[FE:0AA] SmartRecruitmentBeacon.esl
	[FE:0AB] NewLights.esl
	[FE:0AC] NewWalls.esl
	[FE:0AD] SmallFences.esl
	[FE:0AE] SolarSensorSwitch.esl
	[FE:0AF] WIND FARMS.esl
	[FE:0B0] Eli_FFH2023.esl
	[FE:0B1] PMWorkshopPack.esl
	[FE:0B2] AdvSettleTurretSet.esl
	[FE:0B3] NewPADisplay.esl
	[FE:0B4] CharGenFurnitures.esl
	[FE:0B5] EvilViking13_MinutemenMorale.esl
	[FE:0B6] Cozy Beds.esl
	[FE:0B7] Better Settlement Defence.esl
	[FE:0B8] Billboards.esl
	[FE:0B9] BuildableBurningCampfires.esl
	[FE:0BA] MamaMurphyFurniture.esl
	[FE:0BB] CleanDoghouse.esl
	[FE:0BC] evan_modular kitchen.esl
	[FE:0BD] Wells.esl
	[FE:0BE] PoliceSherifftable.esl
	[FE:0BF] DogBed.esl
	[FE:0C0] PunchingBag.esl
	[FE:0C1] RentableBeds.esl
	[FE:0C2] EsmeraldaColourfulRugsSet.esl
	[FE:0C3] ShackShops.esl
	[FE:0C4] SettlerSpawner.esl
	[FE:0C5] Grounded.esl
	[FE:0C6] HoloDisplay.esl
	[FE:0C7] Water Tower.esl
	[FE:0C8] NewBeds.esl
	[FE:0C9] NuclearNaughtiesPaintings_AIO.esl
	[FE:0CA] ShootingTarget.esl
	[FE:0CB] Placeable Dog Bowls.esl
	[FE:0CC] rev216.esl
	[FE:0CD] SiingleBobbleheadStand.esl
	[FE:0CE] SteamMistFogConstr.esl
	[FE:0CF] toddcard2k.esl
	[FE:0D0] TurretSpotLight-mod-v01.esl
	[FE:0D1] WastelandGuardShacks.esl
	[FE:0D2] VotWSpecialVideos.esl
	[FE:0D3] VotWTheatre.esl
	[FE:0D4] FrenchMaidFO4-CBBEPhysics.esl
	[FE:0D5] F4MS.esl
	[FE:0D6] Fixed Gobo Effects.esp
	[FE:0D7] FO4LODGen.esp
	[FE:0D8] FOLIP - New LODs.esp
	[FE:0D9] FO4LODGen-FullModelLOD.esp
	[FE:0DA] FO4LODGen-HighTrees.esp
	[FE:0DB] DiamondCityBillboards.esp
	[FE:0DC] Search&DestroyFixed.esp
	[FE:0DD] PiperCaitCurieDialogueOverhaul.esp
	[FE:0DE] VisibleCompanionAffinity.esp
	[FE:0DF] WeirdMattressFix.esp
	[FE:0E0] BADLANDS 2 Landscape.esp
	[FE:0E1] FirstPersonMessagesMerged.esp
	[FE:0E2] SaveManager.esp
	[FE:0E3] No 3D Objects - All DLC + Unoffical Patch.esp
	[FE:0E4] SarcasticLoadingScreens.esp
	[FE:0E5] PhotoMode.esp
	[FE:0E6] FO4HHS_AAF.esp
	[FE:0E7] HoloTime_2.esp
	[FE:0E8] JamaicaPlainExpansion.esp
	[FE:0E9] EasyRiderCleanRoads2point0c.esp
	[FE:0EA] DO - Glowing Sea and Misc.esp
	[FE:0EB] Jamaica.esp
	[FE:0EC] Clean and Simple - Spectacle Island Startup.esp
	[FE:0ED] Region Names on Save Files.esp
	[FE:0EE] Clean and Simple - Starlight Drive In Startup.esp
	[FE:0EF] WarwickOverhaul.esp
	[FE:0F0] RailroadRedone.esp
	[FE:0F1] OAR_CELL.esp
	[FE:0F2] Clean and Simple - Red Rocket Startup.esp
	[FE:0F3] SlaversCamp.esp
	[FE:0F4] Cutlasspost.esp
	[FE:0F5] ForestGroveWaterLock.esp
	[FE:0F6] Ownership Fixes.esp
	[FE:0F7] Clean and Simple - Abernathy Startup.esp
	[FE:0F8] BuildWithPurpose.esp
	[FE:0F9] Airport_Glass_Transparency_Fix.esp
	[FE:0FA] FaceLight.esp
	[FE:0FB] virgil.esp
	[FE:0FC] V88-Light_And_Tunnel_Mod.esp
	[FE:0FD] BetterCoastalWaves.esp
	[FE:0FE] BostonAirportRepaired.esp
	[FE:0FF] RW9 LZ Patch.esp
	[FE:100] cleaninstitutereactor.esp
	[FE:101] DiamondCityExpansion-eXoPatch.esp
	[FE:102] Reverb and Ambiance Overhaul.esp
	[FE:103] LOST Audio Tweaks.esp
	[FE:104] LOST - AWKCR VIS-G Apparel Bipods.esp
	[FE:105] Dalek.esp
	[FE:106] Cyberman.esp
	[FE:107] Somerville Place.esp
	[FE:108] Crimsomrider's Taffington Boathouse.esp
	[FE:109] County Crossing.esp
	[FE:10A] The ClockTower.esp
	[FE:10B] sdak-fork-mega-crane.esp
	[FE:10C] WeightlessMods.esp
	[FE:10D] WeaponModFixes-GOTY.esp
	[FE:10E] WeightlessJunk.esp
	[FE:10F] TrainBar.esp
	[FE:110] Tenpines Bluff.esp
	[FE:111] EasyCitySettlement.esp
	[FE:112] AbernathyFarmOverhaul v1.0.esp
	[FE:113] Eli_Faction Housing Overhaul - Institute.esp
	[FE:114] DeadlierDeathclaws.esp
	[FE:115] Rebuilt_HomePlate.esp
	[FE:116] Lowered Drawbridges.esp
	[FE:117] PRP - Better Coastal Waves.esp
	[FE:118] highwaysfix.esp
	[FE:119] Oberland Station.esp
	[FE:11A] NukaRDC.esp
	[FE:11B] SanctuaryDrawbridge.esp
	[FE:11C] Goodneighbor Loft.esp
	[FE:11D] CutlassPRE.esp
	[FE:11E] NightstrikerCreatureMod.esp
	[FE:11F] Fog Remover II (AIO) - Interior Fog Remover.esp
	[FE:120] WeightlessAid.esp
	[FE:121] STBBrewing.esp
	[FE:122] Vault88ExitToJamaicaPlain.esp
	[FE:123] Zetan.esp
	[FE:124] Eli_RV DC Home.esp
	[FE:125] Lore Notes.esp
	[FE:126] JSN_NunsErotic_WorldArtandWorkshop.esp
	[FE:127] SovietPowerArmor.esp
	[FE:128] GoBoard.esp
	[FE:129] kudemborotmantis.esp
	[FE:12A] Nuka World Bottle Fix.esp
	[FE:12B] DrugEffects.esp
	[FE:12C] GoodneighborView.esp
	[FE:12D] CrimeTown[Previsibines].esp
	[FE:12E] TrainPowerArmor.esp
	[FE:12F] Desperados Overhaul Fixes.esp
	[FE:130] CorvalhoWidowShotgun.esp
	[FE:131] CreationClubDelay.esp
	[FE:132] FPVertibird.esp
	[FE:133] standaloneconstruct.esp
	[FE:134] TheEagleJetpackSeries.esp
	[FE:135] Diamond City - Player Homes.esp
	[FE:136] RequestTimeAIO.esp
	[FE:137] MakeYourOwnSynths.esp
	[FE:138] V88Improvements.esp
	[FE:139] Treehouses.esp
	[FE:13A] RailroadMoreExits.esp
	[FE:13B] VR_LOD_Workaround.esp
	[FE:13C] a111_DeuceIGPoses_SitAnimation.esp
	[FE:13D] a111_Icestormng_Sleeping_Animations.esp
	[FE:13E] ImmersiveAnimationFramework.esp
	[FE:13F] IAF - Far Harbor & Nuka World.esp
	[FE:140] OMEGA - Slocum IAF Patch.esp
	[FE:141] LOST Fusion City Rising Patch.esp
	[FE:142] Nability - IAF Fusion City Rising Patch.esp
	[FE:143] LOST Outcasts and Remnants Patch.esp
	[FE:144] Nability - IAF Outcasts And Remnants Patch.esp
	[FE:145] LOST Project Valkyrie Patch.esp
	[FE:146] SAKCameraPassive.esp
	[FE:147] AutomatronRobotHatFixESLVersion.esp
	[FE:148] NoCombatMusicLoop.esp
	[FE:149] DLCCoast_WorkshopDialogue_Doctor.esp
	[FE:14A] ConduitsCeiling.esp
	[FE:14B] cryofix.esp
	[FE:14C] CryoSpellFix.esp
	[FE:14D] Third Person Movement Speed Fix.esp
	[FE:14E] Perception Bug Fix Redux.esp
	[FE:14F] OverbossPA-Headlamp.esp
	[FE:150] RustyFaceFixRedux.esp
	[FE:151] TeslaModsFix.esp
	[FE:152] Scrounger DLC Fix.esp
	[FE:153] WeaponRackFixes-NukaWorld.esp
	[FE:154] Idiot Slut.esp
	[FE:155] No3dObjects Cheat Terminal.esp
	[FE:156] NoteRacks.esp
	[FE:157] Better_Notes.esp
	[FE:158] ScreenArcherMenu.esp
	[FE:159] SunLightAlignment.esp
	[FE:15A] T6M_XM29-OICW.esp
	[FE:15B] GoodneighborView_BetterGoodneighbor_Patch.esp
	[FE:15C] HandmadeLeverActionSG.esp
	[FE:15D] TerrainUndersides.esp
	[FE:15E] StartMeUpShaunDefaultAppearance.esp
	[FE:15F] SkipKelloggMemories.esp
	[FE:160] No Hurrying Dialogue Comments MCM Version.esp
	[FE:161] LOST Brewhouse Patch.esp
	[FE:162] alcoholshelf.esp
	[FE:163] Aigni_BarberSurgery_Camera.esp
	[FE:164] Lots More Female Hairstyles.esp
	[FE:165] JackalCourserLoredump.esp
	[FE:166] CourserJAVELIN.esp
	[FE:167] Ghouls Revamped.esp
	[FE:168] EyesoftheUniverse.esp
	[FE:169] Ellie Remake Vanilla hair.esp
	[FE:16A] hathairaio.esp
	[FE:16B] Hoodless Scribe Hat.esp
	[FE:16C] LookingStranger.esp
	[FE:16D] Lots More Facial Hair.esp
	[FE:16E] Lots More Male Hairstyles.esp
	[FE:16F] SF Gage.esp
	[FE:170] LookingStranger-PorterGage.esp
	[FE:171] Realistic Crippled Limbs Effects Basic.esp
	[FE:172] Aogaras - AE Tweaks.esp
	[FE:173] LooksMenu Customization Compendium.esp
	[FE:174] LooksMirror.esp
	[FE:175] MiscHairstyle.esp
	[FE:176] VHCE.esp
	[FE:177] Swans Pond Test Fix.esp
	[FE:178] sandycastle.esp
	[FE:179] TrueStormsFO4-FarHarbor.esp
	[FE:17A] TrueStormsFO4-NukaWorld-FH-Compat.esp
	[FE:17B] Nac-TrueStormsFHPatch.esp
	[FE:17C] ts_desert.esp
	[FE:17D] DonnyKowalskiNewHome.esp
	[FE:17E] CityAmbience.esp
	[FE:17F] BarefootFootstepExtended.esp
	[FE:180] Elzee Cough.esp
	[FE:181] Elite Infiltration.esp
	[FE:182] Elzee Car Alarm.esp
	[FE:183] CCOVulgarVillainsReplacer.esp
	[FE:184] CCOCheekyCasualsReplacer.esp
	[FE:185] HHFootsteps.esp
	[FE:186] Higher Voice For Curie - Type A3.esp
	[FE:187] CagebreakerPowerArmor.esp
	[FE:188] AK74M.esp
	[FE:189] (SKI-NotDave) P-5 Power Armor.esp
	[FE:18A] DakJudgeRevolver.esp
	[FE:18B] LAT Expansion Announcements.esp
	[FE:18C] Louder Workshop Radio + NukaWorld.esp
	[FE:18D] Meleebangs.esp
	[FE:18E] Melee Impact Sound Fix.esp
	[FE:18F] STARCORES.esp
	[FE:190] PRP-Hotfix.esp
	[FE:191] Minutemen Monument Light.esp
	[FE:192] OP_Workbench.esp
	[FE:193] BusMod_OnR.esp
	[FE:194] ExcavatorPA.esp
	[FE:195] T-51C Power Armor.esp
	[FE:196] More_Vehicles01.esp
	[FE:197] AkaWaterWorld.esp
	[FE:198] Physics Sound Overhaul.esp
	[FE:199] Project Reality Footsteps FO4.esp
	[FE:19A] LAT RAO - Olivia Overnight Patch.esp
	[FE:19B] LAT RAO - JetfuelRadio Patch.esp
	[FE:19C] Stimpaks help you breathe.esp
	[FE:19D] SuperMutantBruteVoices.esp
	[FE:19E] EasyHacking.esp
	[FE:19F] dusty_fooddrinks.esp
	[FE:1A0] Weightless Bodies and Objects.esp
	[FE:1A1] Bubbler.esp
	[FE:1A2] CR-TrainBar_Candles.esp
	[FE:1A3] The Post Apocalypse Trailer.esp
	[FE:1A4] Thoreaus_cabin_fixed.esp
	[FE:1A5] InoueRockstarFurniture01.esp
	[FE:1A6] RoninsVaultPieces.esp
	[FE:1A7] BuildTreehouse.esp
	[FE:1A8] Hamed Bridge.esp
	[FE:1A9] ChuckYufarley_BarracksSet.esp
	[FE:1AA] ChuckYufarley_GreenhouseSet.esp
	[FE:1AB] Cho1-Workshop-Framework-stuff.esp
	[FE:1AC] cVc Dead Wasteland 6 DLC.esp
	[FE:1AD] cVc Dead Wasteland 6 DLC2.esp
	[FE:1AE] cVc Dead Wasteland 6 DLC3.esp
	[FE:1AF] Computer Console illuminated Part 2.esp
	[FE:1B0] Computer Console illuminated.esp
	[FE:1B1] desperados_sandshop.esp
	[FE:1B2] TrueGrass.esp
	[FE:1B3] BADLANDS 2 GRASSES.esp
	[FE:1B4] Eli_Immersive Coffee Mod 9000 GTX French Roast.esp
	[FE:1B5] dustyBL_food.esp
	[FE:1B6] dustyDO_fooddrinks.esp
	[FE:1B7] Traffic Lights illuminated.esp
	[FE:1B8] Gnat-Free Commonwealth.esp
	[FE:1B9] MM Shelter.esp
	[FE:1BA] Wet Effects.esp
	[FE:1BB] workingslotmachine.esp
	[FE:1BC] LOST True Storms Patch.esp
	[FE:1BD] TrueStormsFO4-GlowingSeaExtraRads.esp
	[FE:1BE] No Turret Invulnerability 90.esp
	[FE:1BF] PicselsSpicyPeriodicals.esp
	[FE:1C0] Disable Enemy Killmove.esp
	[FE:1C1] Hananahs_Adult_Textures.esp
	[FE:1C2] Smylz's Graffiti Overhaul.esp
	[FE:1C3] Hot and Horny Wastelands Billboards.esp
	[FE:1C4] InoueNoodleBoxes01.esp
	[FE:1C5] Melee Impact Overhaul.esp
	[FE:1C6] MM Brotherhood.esp
	[FE:1C7] NACskintonefix.esp
	[FE:1C8] NeoClassicNukaCola.esp
	[FE:1C9] OP_SSCoffeeCup.esp
	[FE:1CA] Paintings Straight.esp
	[FE:1CB] PD_LowerWeapon.esp
	[FE:1CC] Realistic melee range.esp
	[FE:1CD] Prismatic - Laser Colors by Diranar.esp
	[FE:1CE] Prismatic - Laser Colors Institute by Diranar.esp
	[FE:1CF] TrueStormsFO4-FarHarborExtraRads.esp
	[FE:1D0] AutomatronSDTank.esp
	[FE:1D1] AEWS.esp
	[FE:1D2] AEWS_NukaWorldPatch.esp
	[FE:1D3] ASmallMAMA.esp
	[FE:1D4] Fleshsmith.esp
	[FE:1D5] RobotMilitaryPaint.esp
	[FE:1D6] MAID_by_Justice.esp
	[FE:1D7] Assaultron Junk Parts.esp
	[FE:1D8] JezebelComp.esp
	[FE:1D9] AutomatronPrewarPaints.esp
	[FE:1DA] battletechfootstep.esp
	[FE:1DB] Battlemech_MAID.esp
	[FE:1DC] RobotFactionPaint.esp
	[FE:1DD] Misc Robot Weapons.esp
	[FE:1DE] ModdableRobotSettlers.esp
	[FE:1DF] InstituteBotLasers.esp
	[FE:1E0] VaultTechRobotPaint.esp
	[FE:1E1] R97R Camo Robot Skins.esp
	[FE:1E2] Robot Merge.esp
	[FE:1E3] 40K_Necron_Weapons_and_More.esp
	[FE:1E4] DogmeatsManyFacesNewVegasEdition.esp
	[FE:1E5] Anti-Phobia-Insects-Arachnids-0.3.esp
	[FE:1E6] Anti-Phobia-Insects-Arachnids-Nuka-World-0.1.esp
	[FE:1E7] VLPad.esp
	[FE:1E8] BusMod-VISG.esp
	[FE:1E9] Coyotes.esp
	[FE:1EA] Docile Radstags.esp
	[FE:1EB] FPVBoSPilot.esp
	[FE:1EC] FPV_Armored.esp
	[FE:1ED] FPVTrackingModule.esp
	[FE:1EE] FPVPilotCommands.esp
	[FE:1EF] FPVRings.esp
	[FE:1F0] Gary_RadRoach_Replacer.esp
	[FE:1F1] GLXRM - Classic Deathclaws Standalone.esp
	[FE:1F2] Necron.esp
	[FE:1F3] NecronWeaponsV2.esp
	[FE:1F4] No Mirelurk Hatchlings.esp
	[FE:1F5] PAVertibirdDockFix.esp
	[FE:1F6] PAVertibirdNoFSTFix.esp
	[FE:1F7] vb_doublespeed.esp
	[FE:1F8] VertibirdBeacon.esp
	[FE:1F9] Loads of Ammo - Leveled Lists.esp
	[FE:1FA] Elzee Have a Seat.esp
	[FE:1FB] Smoke-able Cigars.esp
	[FE:1FC] Locksmith.esp
	[FE:1FD] USP .45_by_tooun.esp
	[FE:1FE] LOST Eli Compendium Patch.esp
	[FE:1FF] DragAnything.esp
	[FE:200] No Aggro Impact Landing.esp
	[FE:201] Esk_NoTeleportingCreatures.esp
	[FE:202] Nuka-World No Forced Preston Hatred.esp
	[FE:203] Realistic Crippled Limbs Effects LMCC Patch.esp
	[FE:204] Better Chems.esp
	[FE:205] TakeCover.esp
	[FE:206] WeightlessSpecialAmmo.esp
	[FE:207] Chemfluence AI Combat Dynamics.esp
	[FE:208] EvilInstituteHD2K.esp
	[FE:209] DEEPriver NoRads.esp
	[FE:20A] Stm_DiamondCityExpansion_x_LowerVolume.esp
	[FE:20B] MS06f_Jetpack.esp
	[FE:20C] CROSS_Jetpack.esp
	[FE:20D] CREF-BoSKnightCaptainCade.esp
	[FE:20E] Alias.esp
	[FE:20F] Alias - SuperMutants.esp
	[FE:210] Alias - Settler.esp
	[FE:211] Alias - Robot.esp
	[FE:212] Alias - Brotherhood.esp
	[FE:213] Toxic Raider Armour.esp
	[FE:214] CREF-BoSProctorQuinlan.esp
	[FE:215] ChildrenOfAtomFace.esp
	[FE:216] curiecurie8.esp
	[FE:217] CompanionCarryWeightModifications.esp
	[FE:218] CompanionStatus.esp
	[FE:219] CREF-BoSProctorIngram.esp
	[FE:21A] CREF-BoSScribeNeriah.esp
	[FE:21B] CREF-Cathy.esp
	[FE:21C] CREF-Fahrenheit.esp
	[FE:21D] CREF-Polly.esp
	[FE:21E] CREF-Geneva.esp
	[FE:21F] CREF-MoeCronin.esp
	[FE:220] CREF-Solomon.esp
	[FE:221] CREF-V81_BobbyDeLuca-vanilla.esp
	[FE:222] CREF-V81_GwenMcNamara.esp
	[FE:223] CREF-V81_HoltCombes.esp
	[FE:224] CREF-V81_Horatio.esp
	[FE:225] CREF-V81_JacobForsythe.esp
	[FE:226] GKKessler.1995C.esp
	[FE:227] CREF-V81_KatherinePinn.esp
	[FE:228] CREF-V81_MariaSummerset.esp
	[FE:229] CREF-V81_MarkSummerset.esp
	[FE:22A] CREF-V81_MirandaSong.esp
	[FE:22B] CREF-V81_Rachel.esp
	[FE:22C] Cute Rylee.esp
	[FE:22D] Fractured Marcy_Make-up.esp
	[FE:22E] SF Danse.esp
	[FE:22F] DogmeatNoGender.esp
	[FE:230] FemX6.esp
	[FE:231] CROSS_InstituteExpeditionarySuit.esp
	[FE:232] CROSS_CourserStrigidae.esp
	[FE:233] Look At Me IE.esp
	[FE:234] NanoSuit.esp
	[FE:235] DWT_Cricket_and_Guards.esp
	[FE:236] Female DC Security.esp
	[FE:237] FalloutEmotions.esp
	[FE:238] FemaleHumanVirgil.esp
	[FE:239] CROSS_CoA.esp
	[FE:23A] Look At Me GE.esp
	[FE:23B] SF MacCready.esp
	[FE:23C] Fractured Blake.esp
	[FE:23D] Fractured Jun.esp
	[FE:23E] Fractured Lucy.esp
	[FE:23F] GKAnneHargraves.36D6F.esp
	[FE:240] GKAster.100463E.esp
	[FE:241] GKChase.100463A.esp
	[FE:242] GKChase.esp
	[FE:243] GKGlory.esp
	[FE:244] GKMagnolia.esp
	[FE:245] Guards.esp
	[FE:246] HotMamaBoSB.esp
	[FE:247] HotMamaBoSSquires.esp
	[FE:248] Khajiis_Disciple_Looks_01.esp
	[FE:249] SF FredAllen.esp
	[FE:24A] TheDogsperience.esp
	[FE:24B] PopDogmeatPadfoot.esp
	[FE:24C] SF OldLongfellow.esp
	[FE:24D] SF Triggermen.esp
	[FE:24E] NPCs Use Items.esp
	[FE:24F] More Hair for Children 2.esp
	[FE:250] VaultTecRepIsAPersonTaggedESL.esp
	[FE:251] Actually Viable Power Armor Punching.esp
	[FE:252] combat_PA.esp
	[FE:253] DoomEngine.esp
	[FE:254] ExplosiveVent_Knockdown.esp
	[FE:255] NukaRadBans.esp
	[FE:256] Vault-Tec Power Armor by NewerMind43 & Captain-Ultima.esp
	[FE:257] PA_UnderwearPerks.esp
	[FE:258] WIPAG_FarHarbor_DLC_Addon.esp
	[FE:259] WIPAG_Contraptions_DLC_Addon.esp
	[FE:25A] WIPAG_Vanilla_AWKCR_PA_Addon.esp
	[FE:25B] WIPAG_NukaWorld_DLC_Addon.esp
	[FE:25C] LOST Storyteller PA Patch.esp
	[FE:25D] WIPAG_Storyteller_Addon.esp
	[FE:25E] BetterInteriorWorkshops.esp
	[FE:25F] Farming Resources.esp
	[FE:260] UniversalDisassembler-VISG.esp
	[FE:261] TrashCompactor-VISG.esp
	[FE:262] SettlementPrivacy.esp
	[FE:263] RemoveTurretPowerReq.esp
	[FE:264] OH_Kellogg_IEX.esp
	[FE:265] DansesWearableHolotags_v01-2.esp
	[FE:266] OsareUndies.esp
	[FE:267] Converse_Shoes_FO4.esp
	[FE:268] DogmeatHelmetsAndHats.esp
	[FE:269] dogmeatscribehat.esp
	[FE:26A] WastelandFashionBandanasBlindfolds.esp
	[FE:26B] Sony510.esp
	[FE:26C] Socks Fashion.esp
	[FE:26D] UnknownZombie_bandanaFitsK9Harness.esp
	[FE:26E] Wearable Trophies.esp
	[FE:26F] BoS Suit.esp
	[FE:270] BOS Armor REDUX.esp
	[FE:271] Urban Raider.esp
	[FE:272] DX_Banshee_Recon_Armor.esp
	[FE:273] Female Tactical Armor.esp
	[FE:274] Post Apocalyptic Survivor Outfit.esp
	[FE:275] Skeggjald Suit.esp
	[FE:276] Vault-Tec Armor Redux - Modular Expansion & Fixes.esp
	[FE:277] Vault-Tec Armor Redux - SPECIAL Buffs.esp
	[FE:278] QwibLucyBag.esp
	[FE:279] Improved - Animated Accessible Backpack.esp
	[FE:27A] CCOSilverShroudReplacer.esp
	[FE:27B] TheKite_VTS.esp
	[FE:27C] CCOFoxyFactionsReplacer.esp
	[FE:27D] CCOSaucySettlersReplacer.esp
	[FE:27E] Clothes Pack 4 by DonEb14n.esp
	[FE:27F] Crimson_Punk_Outfit.esp
	[FE:280] RZ_Boudoir.esp
	[FE:281] Obi Casual Outfit.esp
	[FE:282] TheKite_Railroad_Handmaiden.esp
	[FE:283] DlxClothesPack.esp
	[FE:284] Eli_Sleeveless Outfits.esp
	[FE:285] Vault-Tec Armor Redux - No SPECIAL Buffs.esp
	[FE:286] Obi's Vault Suit.esp
	[FE:287] Grim ZeroSuitSamus.esp
	[FE:288] TCNJeans.esp
	[FE:289] K-Girl outfits.esp
	[FE:28A] PelgarKgirls.esp
	[FE:28B] Kharneth_Slave_Clothes.esp
	[FE:28C] TheKite_HCD_SynthUniform.esp
	[FE:28D] PelgarKGirls PrewarDress Replacer.esp
	[FE:28E] ObiCozyClassic.esp
	[FE:28F] SOA suit.esp
	[FE:290] TheKite_CaitSet.esp
	[FE:291] TheKite_HCD_SynthUniform_Replacer.esp
	[FE:292] Fractured Hartfield.esp
	[FE:293] AD_DLC.esp
	[FE:294] AD_Homemaker_1_72_ESL_PATCH.esp
	[FE:295] BorderJunk.esp
	[FE:296] AutoDoor_BorderJunk_Patch.esp
	[FE:297] DakRevolverRifle.esp
	[FE:298] ComedyMallet.esp
	[FE:299] CROSS_CryoLance.esp
	[FE:29A] TeddyMine.esp
	[FE:29B] FastHawk.esp
	[FE:29C] M1918nv.esp
	[FE:29D] InstituteRifleDebulked.esp
	[FE:29E] M2_Flamethrower_2.2.esp
	[FE:29F] MKIIGrenadeReplacer.esp
	[FE:2A0] MTs255.esp
	[FE:2A1] Quad_RAWLauncher.esp
	[FE:2A2] railgun.esp
	[FE:2A3] SESAME.esp
	[FE:2A4] SESAME-VISG.esp
	[FE:2A5] smmg.esp
	[FE:2A6] T6M_XM29-OICW_Munitions.esp
	[FE:2A7] MA37_FlashlightFix.esp
	[FE:2A8] FWR - Stattenheim.esp
	[FE:2A9] FWR tune radio pipboy.esp
	[FE:2AA] FWR_improved_datastore_F4SE.esp
	[FE:2AB] FWR_Staser_replica.esp
	[FE:2AC] Misriah_Holstered.esp
	[FE:2AD] Rakshasa Armory Camo.esp
	[FE:2AE] BB_BuildingBridges.esp
	[FE:2AF] Elzee Gramophone.esp
	[FE:2B0] BuildableTentPieces.esp
	[FE:2B1] Solar Street Lamps.esp
	[FE:2B2] ConduitFloors.esp
	[FE:2B3] WSA_WoodenSupportAdditions.esp
	[FE:2B4] WorkingTableLamps.esp
	[FE:2B5] LongerPowerLinesInf.esp
	[FE:2B6] HexHomes.esp
	[FE:2B7] DD_All_the_COncrete.esp
	[FE:2B8] RRDIA.esp
	[FE:2B9] JCWBuilder.esp
	[FE:2BA] EEE.esp
	[FE:2BB] ImmersiveTeleportationVis.esp
	[FE:2BC] FancyFenceBGD00.esp
	[FE:2BD] pylons.esp
	[FE:2BE] InstituteBuildPieces.esp
	[FE:2BF] ImmersiveTeleportation_lessPower.esp
	[FE:2C0] ImmersiveTeleportation_lessRads.esp
	[FE:2C1] ImmersiveTeleportation_quickstart.esp
	[FE:2C2] JaL.esp
	[FE:2C3] MMO_MoreMetalObjects.esp
	[FE:2C4] ManufacturingExtended.esp
	[FE:2C5] ManufacturingExtendedFH.esp
	[FE:2C6] MasterworkArchitectureProject.esp
	[FE:2C7] MTM-ConstructionLights.esp
	[FE:2C8] NewShacksBGD00.esp
	[FE:2C9] NISTRONLiveSettlementMaps.esp
	[FE:2CA] NISTRONSmartHome.esp
	[FE:2CB] PipeGalore.esp
	[FE:2CC] ProjectorTerminal.esp
	[FE:2CD] Snappable Covenant Walls.esp
	[FE:2CE] SSF_SmallSlateFloor.esp
	[FE:2CF] tent.esp
	[FE:2D0] TurretStands.esp
	[FE:2D1] OP_T-wall_Type_01.esp
	[FE:2D2] OP_MilitaryTent_700x850.esp
	[FE:2D3] OP_Military_Metal_Storage.esp
	[FE:2D4] Eli_Pride2023.esp
	[FE:2D5] AkaSinger.esp
	[FE:2D6] AkaSingersWardrobe.esp
	[FE:2D7] AWARHERO Japanese Decor Pack.esp
	[FE:2D8] BusySettlers.esp
	[FE:2D9] OCDispenser.esp
	[FE:2DA] whisperExtraPieces.esp
	[FE:2DB] woodysWastelandStuff.esp
	[FE:2DC] xA_Vault88Extras.esp
	[FE:2DD] eXoMagazineShelf.esp
	[FE:2DE] NukaVimRack.esp
	[FE:2DF] AA HotC - Standalone - SE.esp
	[FE:2E0] SnapBeds.esp
	[FE:2E1] aes_FURN.esp
	[FE:2E2] aes_rendeco.esp
	[FE:2E3] dinomore.esp
	[FE:2E4] Alex_Stripper_Pole_2.esp
	[FE:2E5] nixieclock.esp
	[FE:2E6] Alex_Stripper_Pole_Working_Hours.esp
	[FE:2E7] FilledBookcasesAIO.esp
	[FE:2E8] Pride Month.esp
	[FE:2E9] BedLocker.esp
	[FE:2EA] BluesMinutemenFlagsStandalone.esp
	[FE:2EB] KLPosters.esp
	[FE:2EC] ButcherMeatRack.esp
	[FE:2ED] cabaretgirl poster.esp
	[FE:2EE] DD-Posters.esp
	[FE:2EF] cartman1975_warehouse.esp
	[FE:2F0] Fountain of Olympus.esp
	[FE:2F1] CherayeMod.esp
	[FE:2F2] Nuka-Mix_Lantern_Workshop.esp
	[FE:2F3] CleanSettlement Beds.esp
	[FE:2F4] TheScaryDoor.esp
	[FE:2F5] ConstructibleSettlementFactionGuards.esp
	[FE:2F6] Vault Cooking Stove.esp
	[FE:2F7] Vendor_Registers.esp
	[FE:2F8] WDP-PC.esp
	[FE:2F9] CROPext.esp
	[FE:2FA] DCP23_FoodSynthesizer.esp
	[FE:2FB] V's Stylish Decor2.esp
	[FE:2FC] RailRoad Signs - Settlement Decorations.esp
	[FE:2FD] MoreVaultSigns.esp
	[FE:2FE] Eli_Display Shelves.esp
	[FE:2FF] FireHydrant.esp
	[FE:300] Flag of Ukraine.esp
	[FE:301] Graffity2ElectricBoogaloo.esp
	[FE:302] GS&P-FactionsOther.esp
	[FE:303] GS&P-Community.esp
	[FE:304] GS&P-Entertainment.esp
	[FE:305] GS&P-SignsOfTheTimes.esp
	[FE:306] GS&P-GenericAndMiscellaneous.esp
	[FE:307] ToroInstaBell.esp
	[FE:308] GS&P-Businesses.esp
	[FE:309] GS&P-LawAndSafety.esp
	[FE:30A] HighTechDesk.esp
	[FE:30B] SinksProduceWaterHappy.esp
	[FE:30C] KLPostersAdult.esp
	[FE:30D] MagazineExt.esp
	[FE:30E] Northland Diggers - Fixes.esp
	[FE:30F] OP_Viper_MRAP.esp
	[FE:310] personal paintings.esp
	[FE:311] Simple Artillery Strikes.esp
	[FE:312] RealTroughs.esp
	[FE:313] Snappable Clutter and Display.esp
	[FE:314] workShopDashButton.esp
	[FE:315] Vault Meat Paintings.esp
	[FE:316] DisroberWeapons-GetNudeDamnit.esp
	[FE:317] DisroberWeapons-Mods.esp
	[FE:318] FusionCity_CELL.esp
	[FE:319] CleanSettlement.esp
	[FE:31A] CleanSettlement Auto Doors Compatibility.esp
	[FE:31B] LOST Cheat Terminal Patch.esp
	[FE:31C] LOST Smokeable Cigars Patch.esp
	[FE:31D] LOST AK74M Patch.esp
	[FE:31E] LOST MT 255 Patch.esp
	[FE:31F] Aogaras Pip-Pad Patch.esp
	[FE:320] LOST Depravity Patch.esp
	[FE:321] LOST CryoLance Patch.esp
	[FE:322] LOST Snappy House Patch.esp
	[FE:323] LOST Chosen of Atom Patch.esp
	[FE:324] LOST Toxic Raider Patch.esp
	[FE:325] LOST Better Companions Patch.esp
	[FE:326] LOST Settlement Menu Manager Patch.esp
	[FE:327] LOST K9 Harness Patch.esp
	[FE:328] LOST IAF Patch.esp
	[FE:329] LOST Visible Companion Affinity Patch.esp
	[FE:32A] LOST G2M Workshop Patch.esp
	[FE:32B] LOST Homemaker Patch.esp
	[FE:32C] LOST Backpacks Commonwealth Patch.esp
	[FE:32D] LOST Bandanas K9 Patch.esp
	[FE:32E] LOST Better Goodneighbor Patch.esp
	[FE:32F] LOST Companion Status Patch.esp
	[FE:330] LOST Courser Strigidae Patch.esp
	[FE:331] LOST Diamond City Expansion Patch.esp
	[FE:332] LOST F04Hotkeys Patch.esp
	[FE:333] LOST Flamethrower Patch.esp
	[FE:334] LOST Handmaiden Patch.esp
	[FE:335] LOST Institute Expeditionary Patch.esp
	[FE:336] LOST Mjolnir Patch.esp
	[FE:337] LOST NukaRadBans Patch.esp
	[FE:338] LOST Objects Expansion Patch.esp
	[FE:339] LOST PMC Extended Patch.esp
	[FE:33A] LOST PMC Patch.esp
	[FE:33B] LOST SCDO Patch.esp
	[FE:33C] LOST See Through Scopes Patch.esp
	[FE:33D] LOST WestTek Optics Patch.esp
	[FE:33E] LOST Workshop Synth Patch.esp
	[FE:33F] LOST Widow Shotgun Patch.esp
	[FE:340] LOST Workshop Framework Patch.esp
	[FE:341] Reapers CrossVertibirdFS Patch.esp
	[FE:342] Reapers Gunner Operator Patch.esp
	[FE:343] VotWCells.esp
	[FE:344] LOST StartMeUp Patch.esp
	[FE:345] Publick Occurrences Expanded - DLC-SS2-UFO4P Patch.esp
	[FE:346] Vault-Tec Workshop Overhaul Redux.esp
	[FE:347] Vault88 - Essentials.esp
	[FE:348] PRP.esp
	[FE:349] PRP-Compat-DesperadosOverhaul.esp
	[FE:34A] PRP-Compat-RegionNames.esp
	[FE:34B] DiamondCity-PreVis.esp
	[FE:34C] FusionCity_Previsibines.esp
	[FE:34D] TheSlog_DC_F-ESL.esp
	[FE:34E] FallonsBasementOverhaul.esp
	[FE:34F] OAR_Previsibines.esp
