Fallout 4 v1.10.163
Buffout 4 v1.28.6

Unhandled exception "EXCEPTION_ACCESS_VIOLATION" at 0x7FF661D11E80 Fallout4.exe+03D1E80

	[Compatibility]
		F4EE: false
	[Crashlog]
		AutoOpen: true
		PromptUpload: true
	[Fixes]
		ActorIsHostileToActor: true
		CellInit: true
		CreateD3DAndSwapChain: true
		EncounterZoneReset: true
		GreyMovies: true
		MagicEffectApplyEvent: true
		MovementPlanner: true
		PackageAllocateLocation: true
		SafeExit: true
		TESObjectREFRGetEncounterZone: true
		UnalignedLoad: true
		UtilityShader: true
	[Patches]
		Achievements: true
		ArchiveLimit: false
		BSMTAManager: true
		BSPreCulledObjects: true
		BSTextureStreamerLocalHeap: false
		HavokMemorySystem: true
		INISettingCollection: true
		InputSwitch: false
		MaxStdIO: -1
		MemoryManager: true
		MemoryManagerDebug: false
		ScaleformAllocator: true
		SmallBlockAllocator: true
		WorkshopMenu: true
	[Warnings]
		CreateTexture2D: true
		ImageSpaceAdapter: true

SYSTEM SPECS:
	OS: Microsoft Windows 10 Home v10.0.19045
	CPU: GenuineIntel 12th Gen Intel(R) Core(TM) i5-12400
	GPU #1: AMD Navi 23 [Radeon RX 6650 XT / 6700S / 6800S]
	GPU #2: Intel Alder Lake-S GT1 [UHD Graphics 730]
	GPU #3: Microsoft Basic Render Driver
	PHYSICAL MEMORY: 28.70 GB/31.78 GB

PROBABLE CALL STACK:
	[ 0] 0x7FF661D11E80 Fallout4.exe+03D1E80 -> 869027+0x20
	[ 1] 0x7FF661CF40F5 Fallout4.exe+03B40F5 -> 1491658+0x4D5
	[ 2] 0x7FF661CB181C Fallout4.exe+037181C -> 221966+0xDC
	[ 3] 0x7FF661CACB8E Fallout4.exe+036CB8E -> 93205+0xE
	[ 4] 0x7FF6635E38C2 Fallout4.exe+1CA38C2 -> 1338062+0xF2
	[ 5] 0x7FF6635E3C1C Fallout4.exe+1CA3C1C -> 1310667+0x20C
	[ 6] 0x7FF6627FCA24 Fallout4.exe+0EBCA24 -> 1123858+0x364
	[ 7] 0x7FF6627DB7CB Fallout4.exe+0E9B7CB -> 146861+0xB6B
	[ 8] 0x7FF662680D85 Fallout4.exe+0D40D85 -> 222694+0x15
	[ 9] 0x7FF663490F26 Fallout4.exe+1B50F26 -> 329005+0xC6
	[10] 0x7FF663491432 Fallout4.exe+1B51432 -> 194800+0x202
	[11] 0x7FF663493F67 Fallout4.exe+1B53F67 -> 1492866+0x67
	[12] 0x7FF66345CFED Fallout4.exe+1B1CFED -> 1079791+0x3D
	[13] 0x7FFEC1AD7344 KERNEL32.DLL+0017344
	[14] 0x7FFEC33426B1    ntdll.dll+00526B1

REGISTERS:
	RAX 0x0                (size_t)
	RCX 0x189637DF600      (void*)
	RDX 0x3FE76FF140       (void*)
	RBX 0x0                (size_t)
	RSP 0x3FE76FF030       (void*)
	RBP 0x3FE76FF139       (void*)
	RSI 0x3FE76FF140       (void*)
	RDI 0x189637DF600      (void*)
	R8  0x18981A37F40      (void*)
	R9  0xEC82A260         (size_t)
	R10 0x20               (size_t)
	R11 0x3FE76FF0D8       (void*)
	R12 0x8005FA72         (size_t)
	R13 0x18958EA9400      (TESObjectCELL*)
		File: "PRP.esp"
		Flags: 0x0004000B
		Form ID: 0x0005E62F
		Form Type: 63
		Full Name: "Mole Rat Den"
	R14 0x18945182380      (bhkWorld*)
	R15 0x189637DF600      (void*)

STACK:
	[RSP+0  ] 0x189580DCFCC      (void*)
	[RSP+8  ] 0x7FF661D51443     (void* -> Fallout4.exe+0411443)
	[RSP+10 ] 0x3FE76FF139       (void*)
	[RSP+18 ] 0x3FE76FF0E8       (char*) "xE "
	[RSP+20 ] 0x189580DCFCC      (void*)
	[RSP+28 ] 0x18A24E3F3E0      (void*)
	[RSP+30 ] 0x18A4AEEA080      (BSMultiBoundRoom*)
		Name: ""
	[RSP+38 ] 0x7FF661CF40F5     (void* -> Fallout4.exe+03B40F5)
	[RSP+40 ] 0x0                (size_t)
	[RSP+48 ] 0x3FE76FF140       (void*)
	[RSP+50 ] 0x18A24F7E160      (void*)
	[RSP+58 ] 0x18A0791CE80      (BSPortal*)
	[RSP+60 ] 0x18A00000007      (void*)
	[RSP+68 ] 0x0                (size_t)
	[RSP+70 ] 0x0                (size_t)
	[RSP+78 ] 0x0                (size_t)
	[RSP+80 ] 0x18A4AEEA080      (BSMultiBoundRoom*)
		Name: ""
	[RSP+88 ] 0x189580DCFCC      (void*)
	[RSP+90 ] 0x18945182380      (bhkWorld*)
	[RSP+98 ] 0x189580DCFC8      (void*)
	[RSP+A0 ] 0xE                (size_t)
	[RSP+A8 ] 0x18A4D5EE3FA      (void*)
	[RSP+B0 ] 0x188FA217A40      (void*)
	[RSP+B8 ] 0x7FF600204578     (size_t)
	[RSP+C0 ] 0x7FF6645896C8     (void* -> Fallout4.exe+2C496C8)
	[RSP+C8 ] 0x18A24E3F440      (void*)
	[RSP+D0 ] 0x7FF600000000     (size_t)
	[RSP+D8 ] 0x0                (size_t)
	[RSP+E0 ] 0x0                (size_t)
	[RSP+E8 ] 0x18900000000      (void*)
	[RSP+F0 ] 0x18947426340      (BGSCombinedCellGeometryDB::LoadTask*)
	[RSP+F8 ] 0x7FF661CA9321     (void* -> Fallout4.exe+0369321)
	[RSP+100] 0x18A24F7E160      (void*)
	[RSP+108] 0x7FF66345093F     (void* -> Fallout4.exe+1B1093F)
	[RSP+110] 0x18958EA9400      (TESObjectCELL*)
		File: "PRP.esp"
		Flags: 0x0004000B
		Form ID: 0x0005E62F
		Form Type: 63
		Full Name: "Mole Rat Den"
	[RSP+118] 0x1898005FA72      (void*)
	[RSP+120] 0x3FE76FF0D4       (void*)
	[RSP+128] 0x3FE76FF0B0       (void*)
	[RSP+130] 0x1894F552B00      (IOManager*)
	[RSP+138] 0x188FA217A40      (void*)
	[RSP+140] 0x43695CD8247      (size_t)
	[RSP+148] 0x18947426340      (BGSCombinedCellGeometryDB::LoadTask*)
	[RSP+150] 0x0                (size_t)
	[RSP+158] 0x18958EA9400      (TESObjectCELL*)
		File: "PRP.esp"
		Flags: 0x0004000B
		Form ID: 0x0005E62F
		Form Type: 63
		Full Name: "Mole Rat Den"
	[RSP+160] 0x1                (size_t)
	[RSP+168] 0x7FF661CB181C     (void* -> Fallout4.exe+037181C)
	[RSP+170] 0x1E               (size_t)
	[RSP+178] 0x7FF62849E73F     (size_t)
	[RSP+180] 0x5FA72            (size_t)
	[RSP+188] 0xE9AAE974         (size_t)
	[RSP+190] 0x18947426340      (BGSCombinedCellGeometryDB::LoadTask*)
	[RSP+198] 0x7FF661CACB8E     (void* -> Fallout4.exe+036CB8E)
	[RSP+1A0] 0x18947426340      (BGSCombinedCellGeometryDB::LoadTask*)
	[RSP+1A8] 0x188FA217A40      (void*)
	[RSP+1B0] 0x43695CD8247      (size_t)
	[RSP+1B8] 0x1E               (size_t)
	[RSP+1C0] 0x2                (size_t)
	[RSP+1C8] 0x7FF6635E38C2     (void* -> Fallout4.exe+1CA38C2)
	[RSP+1D0] 0x2                (size_t)
	[RSP+1D8] 0x1                (size_t)
	[RSP+1E0] 0x2                (size_t)
	[RSP+1E8] 0x0                (size_t)
	[RSP+1F0] 0x32               (size_t)
	[RSP+1F8] 0x1E               (size_t)
	[RSP+200] 0x3                (size_t)
	[RSP+208] 0x3                (size_t)
	[RSP+210] 0x32               (size_t)
	[RSP+218] 0x3FE76FF300       (void*)
	[RSP+220] 0x1894F552B00      (IOManager*)
	[RSP+228] 0x7FF6635E3C1C     (void* -> Fallout4.exe+1CA3C1C)
	[RSP+230] 0x0                (size_t)
	[RSP+238] 0x7FF600000000     (size_t)
	[RSP+240] 0x18947426340      (BGSCombinedCellGeometryDB::LoadTask*)
	[RSP+248] 0x30D40            (size_t)
	[RSP+250] 0x402CE3C2         (size_t)
	[RSP+258] 0x0                (size_t)
	[RSP+260] 0x18958EA9400      (TESObjectCELL*)
		File: "PRP.esp"
		Flags: 0x0004000B
		Form ID: 0x0005E62F
		Form Type: 63
		Full Name: "Mole Rat Den"
	[RSP+268] 0x1894F5590C0      (PlayerCharacter*)
		Object Reference: 
			File: "NanakochanReplacer_AllDLCs_All.esp"
			Flags: 0x00040009
			Form ID: 0x00000007
			Form Type: 45
		File: ""
		Flags: 0x00420448
		Form ID: 0x00000014
		Form Type: 65
	[RSP+270] 0xFFFFFFFF         (size_t)
	[RSP+278] 0x3FE76FF5D4       (void*)
	[RSP+280] 0x0                (size_t)
	[RSP+288] 0x7FF6627FCA24     (void* -> Fallout4.exe+0EBCA24)
	[RSP+290] 0x3F00000001       (size_t)
	[RSP+298] 0x3FE76FF3C0       (void*)
	[RSP+2A0] 0x188FA35FE00      (void*)
	[RSP+2A8] 0x1894F559638      (void*)
	[RSP+2B0] 0x1894DD78E00      (void*)
	[RSP+2B8] 0x1894DD78E00      (void*)
	[RSP+2C0] 0xFFFFFFFFFFFFFFFF (size_t)
	[RSP+2C8] 0x0                (size_t)
	[RSP+2D0] 0xC3E7C507405CB1D0 (size_t)
	[RSP+2D8] 0x4119067A         (size_t)
	[RSP+2E0] 0x20               (size_t)
	[RSP+2E8] 0x0                (size_t)
	[RSP+2F0] 0x0                (size_t)
	[RSP+2F8] 0x0                (size_t)
	[RSP+300] 0xFFFFFFFFFFFFFFFF (size_t)
	[RSP+308] 0x0                (size_t)
	[RSP+310] 0x7995D2555545     (size_t)
	[RSP+318] 0x7FF662C70B5F     (void* -> Fallout4.exe+1330B5F)
	[RSP+320] 0x0                (size_t)
	[RSP+328] 0x4044F5           (void* -> XINPUT1_3.dll+00044F5)
	[RSP+330] 0x188EBE15848      (void*)
	[RSP+338] 0x7FF661ACD27B     (void* -> Fallout4.exe+018D27B)
	[RSP+340] 0xC3E7C507405CB1D0 (size_t)
	[RSP+348] 0x3EDA2B7043020C04 (size_t)
	[RSP+350] 0xBF679876         (size_t)
	[RSP+358] 0x7FFE44D5BDCE     (void* -> Buffout4.dll+004BDCE)
	[RSP+360] 0x188EBE15848      (void*)
	[RSP+368] 0x7FF6619644E3     (void* -> Fallout4.exe+00244E3)
	[RSP+370] 0x7FF664589DB8     (void* -> Fallout4.exe+2C49DB8)
	[RSP+378] 0x3FE76FF430       (void*)
	[RSP+380] 0x1894F477670      (void*)
	[RSP+388] 0x1894F5590C0      (PlayerCharacter*)
		Object Reference: 
			File: "NanakochanReplacer_AllDLCs_All.esp"
			Flags: 0x00040009
			Form ID: 0x00000007
			Form Type: 45
		File: ""
		Flags: 0x00420448
		Form ID: 0x00000014
		Form Type: 65
	[RSP+390] 0x1894F477688      (void*)
	[RSP+398] 0x7FF661ACC85D     (void* -> Fallout4.exe+018C85D)
	[RSP+3A0] 0x0                (size_t)
	[RSP+3A8] 0x3FE76FF429       (void*)
	[RSP+3B0] 0x18960C73D50      (void*)
	[RSP+3B8] 0x7FF661CD4B20     (void* -> Fallout4.exe+0394B20)
	[RSP+3C0] 0x1899918B100      (void*)
	[RSP+3C8] 0x7FF6634509C3     (void* -> Fallout4.exe+1B109C3)
	[RSP+3D0] 0x7FF664589DB8     (void* -> Fallout4.exe+2C49DB8)
	[RSP+3D8] 0x3FE76FF410       (void*)
	[RSP+3E0] 0x0                (size_t)
	[RSP+3E8] 0x0                (size_t)
	[RSP+3F0] 0x0                (size_t)
	[RSP+3F8] 0x7FF600000000     (size_t)
	[RSP+400] 0x0                (size_t)
	[RSP+408] 0x0                (size_t)
	[RSP+410] 0x3F00000000       (size_t)
	[RSP+418] 0x7FF600000000     (size_t)
	[RSP+420] 0x1894F5590C0      (PlayerCharacter*)
		Object Reference: 
			File: "NanakochanReplacer_AllDLCs_All.esp"
			Flags: 0x00040009
			Form ID: 0x00000007
			Form Type: 45
		File: ""
		Flags: 0x00420448
		Form ID: 0x00000014
		Form Type: 65
	[RSP+428] 0xFFFFFFFF         (size_t)
	[RSP+430] 0x0                (size_t)
	[RSP+438] 0x1894F559638      (void*)
	[RSP+440] 0x18960C73D50      (void*)
	[RSP+448] 0x3FE76FF648       (void*)
	[RSP+450] 0x3FE76FF650       (void*)
	[RSP+458] 0x7FF661A3EE12     (void* -> Fallout4.exe+00FEE12)
	[RSP+460] 0x0                (size_t)
	[RSP+468] 0x0                (size_t)
	[RSP+470] 0x0                (size_t)
	[RSP+478] 0x0                (size_t)
	[RSP+480] 0x0                (size_t)
	[RSP+488] 0x0                (size_t)
	[RSP+490] 0x0                (size_t)
	[RSP+498] 0x0                (size_t)
	[RSP+4A0] 0x0                (size_t)
	[RSP+4A8] 0x0                (size_t)
	[RSP+4B0] 0x0                (size_t)
	[RSP+4B8] 0x0                (size_t)
	[RSP+4C0] 0x0                (size_t)
	[RSP+4C8] 0x0                (size_t)
	[RSP+4D0] 0x18900000000      (void*)
	[RSP+4D8] 0x1894F5590C0      (PlayerCharacter*)
		Object Reference: 
			File: "NanakochanReplacer_AllDLCs_All.esp"
			Flags: 0x00040009
			Form ID: 0x00000007
			Form Type: 45
		File: ""
		Flags: 0x00420448
		Form ID: 0x00000014
		Form Type: 65
	[RSP+4E0] 0x188FA35FE01      (void*)
	[RSP+4E8] 0x188FA35FE01      (void*)
	[RSP+4F0] 0x0                (size_t)
	[RSP+4F8] 0x7FF667528000     (void* -> Fallout4.exe+5BE8000)
	[RSP+500] 0x1894F559638      (void*)
	[RSP+508] 0x0                (size_t)
	[RSP+510] 0x3FE76FF650       (void*)
	[RSP+518] 0x7FF6627DB7CB     (void* -> Fallout4.exe+0E9B7CB)
	[RSP+520] 0x0                (size_t)
	[RSP+528] 0x3FE76FF648       (void*)
	[RSP+530] 0x18960C73D50      (void*)
	[RSP+538] 0x1                (size_t)
	[RSP+540] 0x4791E700         (size_t)
	[RSP+548] 0x0                (size_t)
	[RSP+550] 0xBD04B7433F350001 (size_t)
	[RSP+558] 0x0                (size_t)
	[RSP+560] 0x1895F6A3600      (BGSLocation*)
		File: "Fallout4.esm"
		Flags: 0x00000009
		Form ID: 0x0005FAA8
		Form Type: 107
		Full Name: "Mole Rat Den"
	[RSP+568] 0x3F800000BDA5B680 (size_t)
	[RSP+570] 0xC125D794402EEEB9 (size_t)
	[RSP+578] 0x3F800000424927D9 (size_t)
	[RSP+580] 0x0                (size_t)
	[RSP+588] 0x18958EA9400      (TESObjectCELL*)
		File: "PRP.esp"
		Flags: 0x0004000B
		Form ID: 0x0005E62F
		Form Type: 63
		Full Name: "Mole Rat Den"
	[RSP+590] 0x0                (size_t)
	[RSP+598] 0xC3E7C507405CB1D0 (size_t)
	[RSP+5A0] 0xBEDF30B1         (size_t)
	[RSP+5A8] 0x402CE3C280000000 (size_t)
	[RSP+5B0] 0x0                (size_t)
	[RSP+5B8] 0x7FF661C7D9C0     (void* -> Fallout4.exe+033D9C0)
	[RSP+5C0] 0x1895B01FD80      (TESObjectREFR*)
		Object Reference: 
			File: "Fallout4.esm"
			Flags: 0x00000009
			Form ID: 0x0001ED77
			Form Type: 32
		File: "Fallout4.esm"
		Flags: 0x00000409
		Form ID: 0x0008EB65
		Form Type: 64
	[RSP+5C8] 0x0                (size_t)
	[RSP+5D0] 0x10000000000      (size_t)
	[RSP+5D8] 0x3F7AE14845EA1A01 (size_t)
	[RSP+5E0] 0x0                (size_t)
	[RSP+5E8] 0x0                (size_t)
	[RSP+5F0] 0x0                (size_t)
	[RSP+5F8] 0x0                (size_t)
	[RSP+600] 0x0                (size_t)
	[RSP+608] 0x0                (size_t)
	[RSP+610] 0x0                (size_t)
	[RSP+618] 0x0                (size_t)
	[RSP+620] 0x0                (size_t)
	[RSP+628] 0x0                (size_t)
	[RSP+630] 0x0                (size_t)
	[RSP+638] 0x0                (size_t)
	[RSP+640] 0x0                (size_t)
	[RSP+648] 0x0                (size_t)
	[RSP+650] 0x0                (size_t)
	[RSP+658] 0x0                (size_t)
	[RSP+660] 0x0                (size_t)
	[RSP+668] 0x0                (size_t)
	[RSP+670] 0x3F800000         (size_t)
	[RSP+678] 0x0                (size_t)
	[RSP+680] 0x0                (size_t)
	[RSP+688] 0x0                (size_t)
	[RSP+690] 0x18A2440B040      (BSClothUtils::BSTransformSet*)
	[RSP+698] 0x7FF6645A30D0     (char*) "Et"
	[RSP+6A0] 0x18981A75600      (void*)
	[RSP+6A8] 0x0                (size_t)
	[RSP+6B0] 0x18A42C22C80      (hclClothState*)
	[RSP+6B8] 0x7FF66371D253     (void* -> Fallout4.exe+1DDD253)
	[RSP+6C0] 0x7FF6645A30D0     (char*) "Et"
	[RSP+6C8] 0x3FE76FF748       (void*)
	[RSP+6D0] 0x188EBE17FA0      (void*)
	[RSP+6D8] 0x18981A75610      (void*)
	[RSP+6E0] 0x18A2440B040      (BSClothUtils::BSTransformSet*)
	[RSP+6E8] 0x2BB19            (size_t)
	[RSP+6F0] 0x367DED955F6D9    (size_t)
	[RSP+6F8] 0x0                (size_t)
	[RSP+700] 0x18A42C22C80      (hclClothState*)
	[RSP+708] 0x7FF6636B3863     (void* -> Fallout4.exe+1D73863)
	[RSP+710] 0x188EBE17FA0      (void*)
	[RSP+718] 0x7FF600000000     (size_t)
	[RSP+720] 0x7FF6645A30D0     (char*) "Et"
	[RSP+728] 0x189B979D600      (BSFadeNode*)
		Name: "skeleton.nif"
	[RSP+730] 0x18995558A80      (void*)
	[RSP+738] 0x189B979D600      (BSFadeNode*)
		Name: "skeleton.nif"
	[RSP+740] 0x0                (size_t)
	[RSP+748] 0x188EBE17FA0      (void*)
	[RSP+750] 0x188FA217A40      (void*)
	[RSP+758] 0x18A2440B040      (BSClothUtils::BSTransformSet*)
	[RSP+760] 0x2                (size_t)
	[RSP+768] 0x7FF66277C92B     (void* -> Fallout4.exe+0E3C92B)
	[RSP+770] 0x3FE76FF800       (void*)
	[RSP+778] 0x3FE76FF7A0       (void*)
	[RSP+780] 0x0                (size_t)
	[RSP+788] 0x0                (size_t)
	[RSP+790] 0x0                (size_t)
	[RSP+798] 0x0                (size_t)
	[RSP+7A0] 0x0                (size_t)
	[RSP+7A8] 0x0                (size_t)
	[RSP+7B0] 0x7FF667528084     (void* -> Fallout4.exe+5BE8084)
	[RSP+7B8] 0x7FF667528080     (void* -> Fallout4.exe+5BE8080)
	[RSP+7C0] 0x7FF667528088     (void* -> Fallout4.exe+5BE8088)
	[RSP+7C8] 0x1                (size_t)
	[RSP+7D0] 0x188FA35FE40      (void*)
	[RSP+7D8] 0x3FE513F750       (void*)
	[RSP+7E0] 0x0                (size_t)
	[RSP+7E8] 0x7FF662680D85     (void* -> Fallout4.exe+0D40D85)
	[RSP+7F0] 0x0                (size_t)
	[RSP+7F8] 0x0                (size_t)
	[RSP+800] 0x0                (size_t)
	[RSP+808] 0x7FFEC0A03001     (void* -> KERNELBASE.dll+0023001)
	[RSP+810] 0x7FF66752AB00     (void* -> Fallout4.exe+5BEAB00)
	[RSP+818] 0x7FF663490F26     (void* -> Fallout4.exe+1B50F26)
	[RSP+820] 0x7FF66752AB00     (void* -> Fallout4.exe+5BEAB00)
	[RSP+828] 0x7FF600000002     (size_t)
	[RSP+830] 0x0                (size_t)
	[RSP+838] 0x0                (size_t)
	[RSP+840] 0x0                (size_t)
	[RSP+848] 0x0                (size_t)
	[RSP+850] 0x7FF66753E440     (void* -> Fallout4.exe+5BFE440)
	[RSP+858] 0x0                (size_t)
	[RSP+860] 0x7FF66752AAB0     (BSJobs::JobThread*)
	[RSP+868] 0x7FF663491432     (void* -> Fallout4.exe+1B51432)
	[RSP+870] 0x0                (size_t)
	[RSP+878] 0x7FF66752AAB0     (BSJobs::JobThread*)
	[RSP+880] 0x0                (size_t)
	[RSP+888] 0x3FE76FF910       (char*) "XV"
	[RSP+890] 0x0                (size_t)
	[RSP+898] 0x0                (size_t)
	[RSP+8A0] 0x0                (size_t)
	[RSP+8A8] 0x7FF663493F67     (void* -> Fallout4.exe+1B53F67)
	[RSP+8B0] 0x7FF66752AAB0     (BSJobs::JobThread*)
	[RSP+8B8] 0x0                (size_t)
	[RSP+8C0] 0x0                (size_t)
	[RSP+8C8] 0x0                (size_t)
	[RSP+8D0] 0x7FF66752AAB0     (BSJobs::JobThread*)
	[RSP+8D8] 0x7FF66345CFED     (void* -> Fallout4.exe+1B1CFED)
	[RSP+8E0] 0x5658             (size_t)
	[RSP+8E8] 0x3FE76FF930       (void*)
	[RSP+8F0] 0x188FA33BC90      (void*)
	[RSP+8F8] 0x0                (size_t)
	[RSP+900] 0x7FF66752AAB0     (BSJobs::JobThread*)
	[RSP+908] 0x0                (size_t)
	[RSP+910] 0x0                (size_t)
	[RSP+918] 0x7FFEC1AD7344     (void* -> KERNEL32.DLL+0017344)
	[RSP+920] 0x0                (size_t)
	[RSP+928] 0x0                (size_t)
	[RSP+930] 0x0                (size_t)
	[RSP+938] 0x0                (size_t)
	[RSP+940] 0x0                (size_t)
	[RSP+948] 0x7FFEC33426B1     (void* -> ntdll.dll+00526B1)
	[RSP+950] 0x0                (size_t)
	[RSP+958] 0x0                (size_t)
	[RSP+960] 0x0                (size_t)
	[RSP+968] 0x0                (size_t)
	[RSP+970] 0x0                (size_t)
	[RSP+978] 0x0                (size_t)
	[RSP+980] 0xB1A2CC3200000000 (size_t)
	[RSP+988] 0x0                (size_t)
	[RSP+990] 0x0                (size_t)
	[RSP+998] 0x7FFEC0B0DC60     (void* -> KERNELBASE.dll+012DC60)
	[RSP+9A0] 0x3FE76FE180       (void*)
	[RSP+9A8] 0x1FFF9C4484148000 (size_t)
	[RSP+9B0] 0x7FFE71121052     (size_t)
	[RSP+9B8] 0x3FE76FE180       (void*)
	[RSP+9C0] 0x0                (size_t)
	[RSP+9C8] 0x0                (size_t)
	[RSP+9D0] 0x0                (size_t)
	[RSP+9D8] 0x0                (size_t)
	[RSP+9E0] 0x0                (size_t)
	[RSP+9E8] 0x0                (size_t)
	[RSP+9F0] 0x0                (size_t)
	[RSP+9F8] 0x0                (size_t)
	[RSP+A00] 0x0                (size_t)
	[RSP+A08] 0x0                (size_t)
	[RSP+A10] 0x0                (size_t)
	[RSP+A18] 0x0                (size_t)
	[RSP+A20] 0x0                (size_t)
	[RSP+A28] 0x0                (size_t)
	[RSP+A30] 0x0                (size_t)
	[RSP+A38] 0x0                (size_t)
	[RSP+A40] 0x0                (size_t)
	[RSP+A48] 0x0                (size_t)
	[RSP+A50] 0x0                (size_t)
	[RSP+A58] 0x0                (size_t)
	[RSP+A60] 0x0                (size_t)
	[RSP+A68] 0x0                (size_t)
	[RSP+A70] 0x0                (size_t)
	[RSP+A78] 0x0                (size_t)
	[RSP+A80] 0x0                (size_t)
	[RSP+A88] 0x0                (size_t)
	[RSP+A90] 0x0                (size_t)
	[RSP+A98] 0x0                (size_t)
	[RSP+AA0] 0x0                (size_t)
	[RSP+AA8] 0x0                (size_t)
	[RSP+AB0] 0x0                (size_t)
	[RSP+AB8] 0x0                (size_t)
	[RSP+AC0] 0x0                (size_t)
	[RSP+AC8] 0x0                (size_t)
	[RSP+AD0] 0x0                (size_t)
	[RSP+AD8] 0x0                (size_t)
	[RSP+AE0] 0x0                (size_t)
	[RSP+AE8] 0x0                (size_t)
	[RSP+AF0] 0x0                (size_t)
	[RSP+AF8] 0x0                (size_t)
	[RSP+B00] 0x0                (size_t)
	[RSP+B08] 0x0                (size_t)
	[RSP+B10] 0x0                (size_t)
	[RSP+B18] 0x0                (size_t)
	[RSP+B20] 0x0                (size_t)
	[RSP+B28] 0x0                (size_t)
	[RSP+B30] 0x0                (size_t)
	[RSP+B38] 0x0                (size_t)
	[RSP+B40] 0x0                (size_t)
	[RSP+B48] 0x0                (size_t)
	[RSP+B50] 0x0                (size_t)
	[RSP+B58] 0x0                (size_t)
	[RSP+B60] 0x0                (size_t)
	[RSP+B68] 0x0                (size_t)
	[RSP+B70] 0x0                (size_t)
	[RSP+B78] 0x0                (size_t)
	[RSP+B80] 0x0                (size_t)
	[RSP+B88] 0x0                (size_t)
	[RSP+B90] 0x0                (size_t)
	[RSP+B98] 0x0                (size_t)
	[RSP+BA0] 0x0                (size_t)
	[RSP+BA8] 0x0                (size_t)
	[RSP+BB0] 0x0                (size_t)
	[RSP+BB8] 0x0                (size_t)
	[RSP+BC0] 0x0                (size_t)
	[RSP+BC8] 0x0                (size_t)
	[RSP+BD0] 0x0                (size_t)
	[RSP+BD8] 0x0                (size_t)
	[RSP+BE0] 0x0                (size_t)
	[RSP+BE8] 0x0                (size_t)
	[RSP+BF0] 0x0                (size_t)
	[RSP+BF8] 0x0                (size_t)
	[RSP+C00] 0x0                (size_t)
	[RSP+C08] 0x0                (size_t)
	[RSP+C10] 0x0                (size_t)
	[RSP+C18] 0x0                (size_t)
	[RSP+C20] 0x0                (size_t)
	[RSP+C28] 0x0                (size_t)
	[RSP+C30] 0x0                (size_t)
	[RSP+C38] 0x0                (size_t)
	[RSP+C40] 0x0                (size_t)
	[RSP+C48] 0x0                (size_t)
	[RSP+C50] 0x0                (size_t)
	[RSP+C58] 0x0                (size_t)
	[RSP+C60] 0x0                (size_t)
	[RSP+C68] 0x0                (size_t)
	[RSP+C70] 0x0                (size_t)
	[RSP+C78] 0x0                (size_t)
	[RSP+C80] 0x0                (size_t)
	[RSP+C88] 0x0                (size_t)
	[RSP+C90] 0x0                (size_t)
	[RSP+C98] 0x0                (size_t)
	[RSP+CA0] 0x0                (size_t)
	[RSP+CA8] 0x0                (size_t)
	[RSP+CB0] 0x0                (size_t)
	[RSP+CB8] 0x0                (size_t)
	[RSP+CC0] 0x0                (size_t)
	[RSP+CC8] 0x0                (size_t)
	[RSP+CD0] 0x0                (size_t)
	[RSP+CD8] 0x0                (size_t)
	[RSP+CE0] 0x0                (size_t)
	[RSP+CE8] 0x0                (size_t)
	[RSP+CF0] 0x0                (size_t)
	[RSP+CF8] 0x0                (size_t)
	[RSP+D00] 0x0                (size_t)
	[RSP+D08] 0x0                (size_t)
	[RSP+D10] 0x0                (size_t)
	[RSP+D18] 0x0                (size_t)
	[RSP+D20] 0x0                (size_t)
	[RSP+D28] 0x0                (size_t)
	[RSP+D30] 0x0                (size_t)
	[RSP+D38] 0x0                (size_t)
	[RSP+D40] 0x0                (size_t)
	[RSP+D48] 0x0                (size_t)
	[RSP+D50] 0x0                (size_t)
	[RSP+D58] 0x0                (size_t)
	[RSP+D60] 0x0                (size_t)
	[RSP+D68] 0x0                (size_t)
	[RSP+D70] 0x0                (size_t)
	[RSP+D78] 0x0                (size_t)
	[RSP+D80] 0x0                (size_t)
	[RSP+D88] 0x0                (size_t)
	[RSP+D90] 0x0                (size_t)
	[RSP+D98] 0x0                (size_t)
	[RSP+DA0] 0x0                (size_t)
	[RSP+DA8] 0x0                (size_t)
	[RSP+DB0] 0x0                (size_t)
	[RSP+DB8] 0x0                (size_t)
	[RSP+DC0] 0x0                (size_t)
	[RSP+DC8] 0x0                (size_t)
	[RSP+DD0] 0x0                (size_t)
	[RSP+DD8] 0x0                (size_t)
	[RSP+DE0] 0x0                (size_t)
	[RSP+DE8] 0x0                (size_t)
	[RSP+DF0] 0x0                (size_t)
	[RSP+DF8] 0x0                (size_t)
	[RSP+E00] 0x0                (size_t)
	[RSP+E08] 0x0                (size_t)
	[RSP+E10] 0x0                (size_t)
	[RSP+E18] 0x0                (size_t)
	[RSP+E20] 0x0                (size_t)
	[RSP+E28] 0x0                (size_t)
	[RSP+E30] 0x0                (size_t)
	[RSP+E38] 0x0                (size_t)
	[RSP+E40] 0x0                (size_t)
	[RSP+E48] 0x0                (size_t)
	[RSP+E50] 0x0                (size_t)
	[RSP+E58] 0x0                (size_t)
	[RSP+E60] 0x0                (size_t)
	[RSP+E68] 0x0                (size_t)
	[RSP+E70] 0x0                (size_t)
	[RSP+E78] 0x0                (size_t)
	[RSP+E80] 0x0                (size_t)
	[RSP+E88] 0x0                (size_t)
	[RSP+E90] 0x0                (size_t)
	[RSP+E98] 0x0                (size_t)
	[RSP+EA0] 0x0                (size_t)
	[RSP+EA8] 0x0                (size_t)
	[RSP+EB0] 0x0                (size_t)
	[RSP+EB8] 0x0                (size_t)
	[RSP+EC0] 0x0                (size_t)
	[RSP+EC8] 0x0                (size_t)
	[RSP+ED0] 0x0                (size_t)
	[RSP+ED8] 0x0                (size_t)
	[RSP+EE0] 0x0                (size_t)
	[RSP+EE8] 0x0                (size_t)
	[RSP+EF0] 0x0                (size_t)
	[RSP+EF8] 0x0                (size_t)
	[RSP+F00] 0x0                (size_t)
	[RSP+F08] 0x0                (size_t)
	[RSP+F10] 0x0                (size_t)
	[RSP+F18] 0x0                (size_t)
	[RSP+F20] 0x0                (size_t)
	[RSP+F28] 0x0                (size_t)
	[RSP+F30] 0x0                (size_t)
	[RSP+F38] 0x0                (size_t)
	[RSP+F40] 0x0                (size_t)
	[RSP+F48] 0x0                (size_t)
	[RSP+F50] 0x0                (size_t)
	[RSP+F58] 0x0                (size_t)
	[RSP+F60] 0x0                (size_t)
	[RSP+F68] 0x0                (size_t)
	[RSP+F70] 0x0                (size_t)
	[RSP+F78] 0x0                (size_t)
	[RSP+F80] 0x0                (size_t)
	[RSP+F88] 0x0                (size_t)
	[RSP+F90] 0x0                (size_t)
	[RSP+F98] 0x0                (size_t)
	[RSP+FA0] 0x0                (size_t)
	[RSP+FA8] 0x0                (size_t)
	[RSP+FB0] 0x0                (size_t)
	[RSP+FB8] 0x0                (size_t)
	[RSP+FC0] 0x0                (size_t)
	[RSP+FC8] 0x0                (size_t)

MODULES:
	XINPUT1_3.dll                 0x000000400000
	X3DAudio1_7.dll               0x0000566D0000
	steam_api64.dll               0x0000566E0000
	amdenc64.dll                  0x0000567F0000
	gpapi.dll                     0x0188EB010000
	BakaFramework.dll             0x0188F2690000
	Fallout4.exe                  0x7FF661940000
	steamclient64.dll             0x7FFE3D300000
	D3DX9_43.dll                  0x7FFE42740000
	OWClient.dll                  0x7FFE42DB0000
	D3DCompiler_43.dll            0x7FFE43AF0000
	gameoverlayrenderer64.dll     0x7FFE44B70000
	Buffout4.dll                  0x7FFE44D10000
	RobCo_Patcher.dll             0x7FFE65F00000
	po3_BaseObjectSwapperF4.dll   0x7FFE672B0000
	f4ee.dll                      0x7FFE673B0000
	DSOUND.DLL                    0x7FFE68A60000
	f4se_1_10_163.dll             0x7FFE7C620000
	tier0_s64.dll                 0x7FFE7D080000
	XAudio2_7.dll                 0x7FFE7D6E0000
	vstdlib_s64.dll               0x7FFE7D770000
	flexRelease_x64.dll           0x7FFE7E9D0000
	MSVCR110.dll                  0x7FFE7ED10000
	mcm.dll                       0x7FFE803C0000
	d3dx11_43.dll                 0x7FFE80710000
	HighFPSPhysicsFix.dll         0x7FFE80890000
	cudart64_75.dll               0x7FFE812A0000
	GFSDK_SSAO_D3D11.win64.dll    0x7FFE83F30000
	OWUtils.dll                   0x7FFE84390000
	MSVCP110.dll                  0x7FFE84E00000
	GFSDK_GodraysLib.x64.dll      0x7FFE85070000
	bink2w64.dll                  0x7FFE86440000
	AUDIOSES.DLL                  0x7FFE8A3F0000
	ncryptsslp.dll                0x7FFE927F0000
	UnlimitedSurvivalMode.dll     0x7FFE956C0000
	MpOav.dll                     0x7FFE971D0000
	winmmbase.dll                 0x7FFE9E610000
	mskeyprotect.dll              0x7FFE9E6F0000
	flexExtRelease_x64.dll        0x7FFE9EFC0000
	cryptnet.dll                  0x7FFEA10C0000
	amsi.dll                      0x7FFEA1D90000
	OWExplorer.dll                0x7FFEA6AA0000
	ConsoleUtilF4.dll             0x7FFEA6C40000
	MSVCP140.dll                  0x7FFEA7480000
	VCRUNTIME140.dll              0x7FFEA9550000
	VCRUNTIME140_1.dll            0x7FFEA9570000
	f4se_steam_loader.dll         0x7FFEA9D30000
	Secur32.dll                   0x7FFEAB460000
	webio.dll                     0x7FFEABC20000
	OneCoreCommonProxyStub.dll    0x7FFEAD950000
	wbemsvc.dll                   0x7FFEAEAF0000
	fastprox.dll                  0x7FFEAEB40000
	wbemcomn.dll                  0x7FFEAF2E0000
	fwpuclnt.dll                  0x7FFEAF370000
	rasadhlp.dll                  0x7FFEAF550000
	wbemprox.dll                  0x7FFEAF5E0000
	amdihk64.dll                  0x7FFEB07E0000
	atidxx64.dll                  0x7FFEB0820000
	WINMM.dll                     0x7FFEB2280000
	InputHost.dll                 0x7FFEB23B0000
	textinputframework.dll        0x7FFEB2510000
	Windows.UI.dll                0x7FFEB2610000
	amdxx64.dll                   0x7FFEB2760000
	nvToolsExt64_1.dll            0x7FFEB5EB0000
	dxcore.dll                    0x7FFEB5F40000
	OneCoreUAPCommonProxyStub.dll 0x7FFEB6A40000
	avrt.dll                      0x7FFEB7B50000
	dhcpcsvc.DLL                  0x7FFEB7B60000
	dhcpcsvc6.DLL                 0x7FFEB7BC0000
	WINNSI.DLL                    0x7FFEB7BE0000
	WINHTTP.dll                   0x7FFEB7BF0000
	VERSION.dll                   0x7FFEB8000000
	dbghelp.dll                   0x7FFEB90A0000
	twinapi.appcore.dll           0x7FFEB9350000
	MMDevApi.dll                  0x7FFEB9560000
	WindowManagementAPI.dll       0x7FFEB9D40000
	PROPSYS.dll                   0x7FFEBC520000
	d3d11.dll                     0x7FFEBC6B0000
	wintypes.dll                  0x7FFEBD4C0000
	dcomp.dll                     0x7FFEBD9A0000
	CoreUIComponents.dll          0x7FFEBDBE0000
	CoreMessaging.dll             0x7FFEBDF40000
	apphelp.dll                   0x7FFEBE2B0000
	uxtheme.dll                   0x7FFEBE3B0000
	resourcepolicyclient.dll      0x7FFEBE480000
	dwmapi.dll                    0x7FFEBE6A0000
	kernel.appcore.dll            0x7FFEBE880000
	windows.storage.dll           0x7FFEBEA80000
	HID.DLL                       0x7FFEBF220000
	dxgi.dll                      0x7FFEBF260000
	schannel.DLL                  0x7FFEBF8B0000
	rsaenh.dll                    0x7FFEBF9A0000
	ntmarta.dll                   0x7FFEBFAC0000
	IPHLPAPI.DLL                  0x7FFEBFD60000
	DNSAPI.dll                    0x7FFEBFDA0000
	MSWSOCK.dll                   0x7FFEC0070000
	CRYPTSP.dll                   0x7FFEC0260000
	CRYPTBASE.DLL                 0x7FFEC0280000
	Wldp.dll                      0x7FFEC0310000
	NTASN1.dll                    0x7FFEC0340000
	ncrypt.dll                    0x7FFEC0380000
	MSASN1.dll                    0x7FFEC04A0000
	DEVOBJ.dll                    0x7FFEC0670000
	DPAPI.DLL                     0x7FFEC06D0000
	UMPDC.dll                     0x7FFEC07F0000
	powrprof.dll                  0x7FFEC0810000
	USERENV.dll                   0x7FFEC0860000
	SSPICLI.DLL                   0x7FFEC0890000
	profapi.dll                   0x7FFEC08E0000
	bcrypt.dll                    0x7FFEC09B0000
	KERNELBASE.dll                0x7FFEC09E0000
	msvcp_win.dll                 0x7FFEC0CE0000
	win32u.dll                    0x7FFEC0D80000
	bcryptPrimitives.dll          0x7FFEC0DB0000
	CRYPT32.dll                   0x7FFEC0E40000
	ucrtbase.dll                  0x7FFEC0FA0000
	gdi32full.dll                 0x7FFEC10A0000
	cfgmgr32.dll                  0x7FFEC1270000
	WINTRUST.dll                  0x7FFEC12C0000
	SHCORE.dll                    0x7FFEC1330000
	SETUPAPI.dll                  0x7FFEC13E0000
	ole32.dll                     0x7FFEC18B0000
	KERNEL32.DLL                  0x7FFEC1AC0000
	NSI.dll                       0x7FFEC1B80000
	RPCRT4.dll                    0x7FFEC1B90000
	ADVAPI32.dll                  0x7FFEC1CC0000
	imagehlp.dll                  0x7FFEC1D80000
	USER32.dll                    0x7FFEC1DB0000
	combase.dll                   0x7FFEC1F50000
	OLEAUT32.dll                  0x7FFEC22B0000
	shlwapi.dll                   0x7FFEC2380000
	GDI32.dll                     0x7FFEC24C0000
	IMM32.DLL                     0x7FFEC24F0000
	clbcatq.dll                   0x7FFEC2530000
	SHELL32.dll                   0x7FFEC25E0000
	PSAPI.DLL                     0x7FFEC2F40000
	WS2_32.dll                    0x7FFEC2F50000
	msvcrt.dll                    0x7FFEC2FC0000
	sechost.dll                   0x7FFEC3060000
	MSCTF.dll                     0x7FFEC3100000
	ntdll.dll                     0x7FFEC32F0000

F4SE PLUGINS:
	BakaFramework.dll v1.10
	Buffout4.dll v1.28.6
	ConsoleUtilF4.dll v1.0.1
	f4ee.dll
	HighFPSPhysicsFix.dll
	mcm.dll
	po3_BaseObjectSwapperF4.dll v1.1
	RobCo_Patcher.dll v3.6
	UnlimitedSurvivalMode.dll

PLUGINS:
	[00]     Fallout4.esm
	[01]     DLCRobot.esm
	[02]     DLCworkshop01.esm
	[03]     DLCCoast.esm
	[04]     DLCworkshop02.esm
	[05]     DLCworkshop03.esm
	[06]     DLCNukaWorld.esm
	[07]     Unofficial Fallout 4 Patch.esp
	[08]     Loads.esm
	[09]     AnimeFramework.esm
	[0A]     Z_Architect.esm
	[0B]     TrueStormsFO4.esm
	[0C]     Custom Comic Framework.esp
	[0D]     GKX CCBJ Remix.esp
	[0E]     Z_Architect_WorldManager.esp
	[0F]     Z_Architect_WorldManager_DLC.esp
	[10]     RaceCustomizer.esp
	[11]     AnimeRace_Nanako.esp
	[12]     Z_Architect_Empire.esp
	[13]     Z_Architect_WorldFixes.esp
	[14]     F4NVServiceRifleRedux.esp
	[15]     3dscopes.esp
	[16]     mjp_PTRS41ATR.esp
	[17]     VisibleWeapons.esp
	[18]     AtomicAnnieLagrieGun.esp
	[19]     PINK SEASON.esp
	[1A]     SigMCX.esp
	[1B]     Sex Radio.esp
	[1C]     MWStriker.esp
	[1D]     MP7.esp
	[1E]     QwibBackpacksFo4.esp
	[1F]     VermillionFrost.esp
	[20]     Loads of Ammo - Leveled Lists.esp
	[21]     Extended weapon mods.esp
	[22]     Yona_Weapon_DefenseGun.esp
	[23]     ASVektor.esp
	[24]     BattleRifle.esp
	[25]     10mmRevolver.esp
	[26]     Glock19x.esp
	[27]     L96A1.esp
	[28]     SIGMCXArmoryProject.esp
	[29]     CustomCamera.esp
	[2A]     StickerRifle.esp
	[2B]     Z_Architect_CaravanRobots.esp
	[2C]     KSHairdos.esp
	[2D]     512StandaloneHairColors.esp
	[2E]     AtomicBeauty.esp
	[2F]     PigAAMDeag.esp
	[30]     MAID_by_Justice.esp
	[31]     dD-Enhanced Blood Basic.esp
	[32]     KSHairdos_oel.esp
	[33]     NanakoCurie.esp
	[34]     AnimeRace_Companion_Curie.esp
	[35]     Lacy Underwear.esp
	[36]     LooksMenu.esp
	[37]     Faster Terminal Displays (20x).esp
	[38]     Seiryuu Beam Katana.esp
	[39]     GR123 Anime PA Paint.esp
	[3A]     SettlementMenuManager.esp
	[3B]     pillow3.esp
	[3C]     hugpillows2.esp
	[3D]     CBBE.esp
	[3E]     NX6-Avalon.esp
	[3F]     256StandaloneHairColors.esp
	[40]     Celest_jacket.esp
	[41]     IM GAY.esp
	[42]     Ghoulsnd.esp
	[43]     PIP-Pad.esp
	[44]     Caladbolg.esp
	[45]     death scythe.esp
	[46]     Miku race.esp
	[47]     rezero call of the witch death sound replacer.esp
	[48]     256MoreStandaloneHairColors.esp
	[49]     PA-Quick Animations.esp
	[4A]     CompetitionSwimsuit.esp
	[4B]     DD_bleu_Ump_Extreme_Lore_friendly_edition.esp
	[4C]     TrueStormsFO4-EarlierSunsets.esp
	[4D]     TrueStormsFO4-FarHarbor.esp
	[4E]     TrueStormsFO4-EarlierSunsetsFH.esp
	[4F]     X01Light.esp
	[50]     R3z_rad_BigSword.esp
	[51]     TouhouFumos.esp
	[52]     Z_Architect_Extras.esp
	[53]     Z_BlurRemoval.esp
	[54]     Z_Architect_EnhancedSettlements.esp
	[55]     Z_Architect_OptimizedLocations.esp
	[56]     Z_Architect_EnhancedSettlements_DLC.esp
	[57]     Z_Architect_HomePlate.esp
	[58]     Pip-Boy Flashlight.esp
	[59]     PIP-Pad_Pip-BoyFlashlight.esp
	[FE:000] BakaFramework.esm
	[FE:001] SmallerMoon17.esl
	[FE:002] PPF.esm
	[FE:003] CanarySaveFileMonitor.esl
	[FE:004] ComfySocks.esl
	[FE:005] Dank_ECO.esp
	[FE:006] NanakochanReplacer_AllDLCs_All.esp
	[FE:007] Dank_ECO-INNR.esp
	[FE:008] Dank_ECO_DLCCoast.esp
	[FE:009] Dank_ECO_DLCNukaWorld.esp
	[FE:00A] Dank_ECO_DLCRobot.esp
	[FE:00B] L96A1_Additions.esp
	[FE:00C] 662-ins.esp
	[FE:00D] BA_NIKO.esp
	[FE:00E] JiCHeng.esp
	[FE:00F] GF2 Charolic.esp
	[FE:010] M8rDisablePipboyEffects.esp
	[FE:011] Nanakofy_VermillionFrost_ver.0.6.esp
	[FE:012] FOVSlider.esp
	[FE:013] Animequin.esp
	[FE:014] AG_Sculd.esp
	[FE:015] Darkstar_Hel.esp
	[FE:016] Radio_Announce_Jp.esp
	[FE:017] Remington870.esp
	[FE:018] lilia-sig.esp
	[FE:019] PRP.esp
