Fallout 4 v1.10.163
Buffout 4 v1.28.6

Unhandled exception "EXCEPTION_ACCESS_VIOLATION" at 0x7FF772A85CC0 Fallout4.exe+09E5CC0

	[Compatibility]
		F4EE: false
	[Crashlog]
		AutoOpen: true
		PromptUpload: true
	[Fixes]
		ActorIsHostileToActor: true
		CellInit: true
		CreateD3DAndSwapChain: true
		EncounterZoneReset: true
		GreyMovies: true
		MagicEffectApplyEvent: true
		MovementPlanner: true
		PackageAllocateLocation: true
		SafeExit: true
		TESObjectREFRGetEncounterZone: true
		UnalignedLoad: true
		UtilityShader: true
	[Patches]
		Achievements: true
		ArchiveLimit: false
		BSMTAManager: true
		BSPreCulledObjects: true
		BSTextureStreamerLocalHeap: false
		HavokMemorySystem: true
		INISettingCollection: true
		InputSwitch: false
		MaxStdIO: -1
		MemoryManager: true
		MemoryManagerDebug: false
		ScaleformAllocator: true
		SmallBlockAllocator: true
		WorkshopMenu: true
	[Warnings]
		CreateTexture2D: true
		ImageSpaceAdapter: true

SYSTEM SPECS:
	OS: Microsoft Windows 11 Home v10.0.22631
	CPU: GenuineIntel 12th Gen Intel(R) Core(TM) i5-12400F
	GPU #1: Intel DG2 [Arc A770]
	GPU #2: Microsoft Basic Render Driver
	PHYSICAL MEMORY: 14.93 GB/47.84 GB

PROBABLE CALL STACK:
	[0] 0x7FF772A85CC0 Fallout4.exe+09E5CC0 -> 28088+0x30
	[1] 0x7FF772A859E5 Fallout4.exe+09E59E5 -> 947232+0x95
	[2] 0x7FF772DDCF4F Fallout4.exe+0D3CF4F -> 1525013+0x13F
	[3] 0x7FF772DD6A6E Fallout4.exe+0D36A6E -> 665510+0x9CE
	[4] 0x7FF772DD5947 Fallout4.exe+0D35947 -> 668528+0x17
	[5] 0x7FF7749D7157 Fallout4.exe+2937157 -> 1104651+0x143
	[6] 0x7FFB2FB9257D KERNEL32.DLL+001257D
	[7] 0x7FFB307EAA48    ntdll.dll+005AA48

REGISTERS:
	RAX 0x1                (size_t)
	RCX 0x0                (size_t)
	RDX 0x66696E6E2B8BF2   (size_t)
	RBX 0x7FF777B5C110     (void* -> Fallout4.exe+5ABC110)
	RSP 0xC9116FFB00       (void*)
	RBP 0x0                (size_t)
	RSI 0x0                (size_t)
	RDI 0x2447E7F7E60      (char*) "B"
	R8  0xFFFFFFFF         (size_t)
	R9  0x0                (size_t)
	R10 0xA                (size_t)
	R11 0xB                (size_t)
	R12 0x0                (size_t)
	R13 0x0                (size_t)
	R14 0x9C0              (size_t)
	R15 0x0                (size_t)

STACK:
	[RSP+0  ] 0x9C0              (size_t)
	[RSP+8  ] 0x7FF778617CB0     (void* -> Fallout4.exe+6577CB0)
	[RSP+10 ] 0x2446DCEBD80      (void*)
	[RSP+18 ] 0x7FF772B85AA5     (void* -> Fallout4.exe+0AE5AA5)
	[RSP+20 ] 0x0                (size_t)
	[RSP+28 ] 0x0                (size_t)
	[RSP+30 ] 0x1                (size_t)
	[RSP+38 ] 0x7FF7740ECAEB     (void* -> Fallout4.exe+204CAEB)
	[RSP+40 ] 0x7FF774CEA948     (void* -> Fallout4.exe+2C4A948)
	[RSP+48 ] 0xC9116FFA40       (char*) "meshes\Interface/Objects/LoadScreen/LoadScreenTranslucent.nif"
	[RSP+50 ] 0x0                (size_t)
	[RSP+58 ] 0x9C0              (size_t)
	[RSP+60 ] 0x2447E7F7E60      (char*) "B"
	[RSP+68 ] 0x7FF772A859E5     (void* -> Fallout4.exe+09E59E5)
	[RSP+70 ] 0x2                (size_t)
	[RSP+78 ] 0x2                (size_t)
	[RSP+80 ] 0x7FF777B5C110     (void* -> Fallout4.exe+5ABC110)
	[RSP+88 ] 0x2                (size_t)
	[RSP+90 ] 0x0                (size_t)
	[RSP+98 ] 0x3D               (size_t)
	[RSP+A0 ] 0x2447E7F7E60      (char*) "B"
	[RSP+A8 ] 0x7FF772DDCF4F     (void* -> Fallout4.exe+0D3CF4F)
	[RSP+B0 ] 0x2                (size_t)
	[RSP+B8 ] 0xC9116FFCF0       (void*)
	[RSP+C0 ] 0xA                (size_t)
	[RSP+C8 ] 0xA                (size_t)
	[RSP+D0 ] 0x2447E7F74A0      (void*)
	[RSP+D8 ] 0xA                (size_t)
	[RSP+E0 ] 0x2447E7F74A0      (void*)
	[RSP+E8 ] 0x7FF772DD6A6E     (void* -> Fallout4.exe+0D36A6E)
	[RSP+F0 ] 0x2E0C             (size_t)
	[RSP+F8 ] 0x2E0C             (size_t)
	[RSP+100] 0x0                (size_t)
	[RSP+108] 0x0                (size_t)
	[RSP+110] 0x0                (size_t)
	[RSP+118] 0x24406DB0000      (void*)
	[RSP+120] 0x0                (size_t)
	[RSP+128] 0x0                (size_t)
	[RSP+130] 0x73726573555C3A43 (size_t)
	[RSP+138] 0x445C6E61676F6C5C (size_t)
	[RSP+140] 0x73746E656D75636F (size_t)
	[RSP+148] 0x656D614720794D5C (size_t)
	[RSP+150] 0x756F6C6C61465C73 (size_t)
	[RSP+158] 0x6F6C6C61465C3474 (size_t)
	[RSP+160] 0x7366657250347475 (size_t)
	[RSP+168] 0x696E692E         (size_t)
	[RSP+170] 0x7FF774CABD60     (void* -> Fallout4.exe+2C0BD60)
	[RSP+178] 0x17000            (size_t)
	[RSP+180] 0x0                (size_t)
	[RSP+188] 0x7FFB2DDE3D4B     (void* -> KERNELBASE.dll+0023D4B)
	[RSP+190] 0x0                (size_t)
	[RSP+198] 0x7FF774CB8670     (void* -> Fallout4.exe+2C18670)
	[RSP+1A0] 0xFB1C758A3B32     (size_t)
	[RSP+1A8] 0x0                (size_t)
	[RSP+1B0] 0xC9116FFD70       (void*)
	[RSP+1B8] 0x7FFABC2D43B8     (void* -> MSVCR110.dll+00243B8)
	[RSP+1C0] 0x24400000000      (void*)
	[RSP+1C8] 0x2447E846BD0      (void*)
	[RSP+1D0] 0xC9116FFD80       (void*)
	[RSP+1D8] 0x0                (size_t)
	[RSP+1E0] 0x4                (size_t)
	[RSP+1E8] 0x7FFABC2D432B     (void* -> MSVCR110.dll+002432B)
	[RSP+1F0] 0xC9116FFD70       (void*)
	[RSP+1F8] 0x7FFAAE927600     (void* -> Buffout4.dll+0187600)
	[RSP+200] 0x24401B992F0      (void*)
	[RSP+208] 0x301E0            (size_t)
	[RSP+210] 0xC9116FFD70       (void*)
	[RSP+218] 0x7FFABC2ECF7F     (void* -> MSVCR110.dll+003CF7F)
	[RSP+220] 0x24401B992F0      (void*)
	[RSP+228] 0x7FFAAE86E9D8     (void* -> Buffout4.dll+00CE9D8)
	[RSP+230] 0x24401B992F0      (void*)
	[RSP+238] 0xC900000000       (size_t)
	[RSP+240] 0x0                (size_t)
	[RSP+248] 0xA                (size_t)
	[RSP+250] 0x0                (size_t)
	[RSP+258] 0x0                (size_t)
	[RSP+260] 0x0                (size_t)
	[RSP+268] 0x7FF772DD5947     (void* -> Fallout4.exe+0D35947)
	[RSP+270] 0x24400000000      (void*)
	[RSP+278] 0x130A64           (size_t)
	[RSP+280] 0x66432E84         (size_t)
	[RSP+288] 0x2447E7FB3CA      (void*)
	[RSP+290] 0x0                (size_t)
	[RSP+298] 0x7FF7749D7157     (void* -> Fallout4.exe+2937157)
	[RSP+2A0] 0x2447E7FB3C9      (char*) """
	[RSP+2A8] 0xA                (size_t)
	[RSP+2B0] 0x0                (size_t)
	[RSP+2B8] 0xA                (size_t)
	[RSP+2C0] 0x0                (size_t)
	[RSP+2C8] 0x2447E7FB3CA      (void*)
	[RSP+2D0] 0x0                (size_t)
	[RSP+2D8] 0x7FFB2FB9257D     (void* -> KERNEL32.DLL+001257D)
	[RSP+2E0] 0x0                (size_t)
	[RSP+2E8] 0x0                (size_t)
	[RSP+2F0] 0x0                (size_t)
	[RSP+2F8] 0x0                (size_t)
	[RSP+300] 0x0                (size_t)
	[RSP+308] 0x7FFB307EAA48     (void* -> ntdll.dll+005AA48)
	[RSP+310] 0x0                (size_t)
	[RSP+318] 0x0                (size_t)
	[RSP+320] 0x0                (size_t)
	[RSP+328] 0x0                (size_t)
	[RSP+330] 0x0                (size_t)
	[RSP+338] 0x0                (size_t)
	[RSP+340] 0x934861E200000000 (size_t)
	[RSP+348] 0x0                (size_t)
	[RSP+350] 0x4F0FFFFFB30      (size_t)
	[RSP+358] 0x7FFB2DF1C880     (void* -> KERNELBASE.dll+015C880)
	[RSP+360] 0xC9116FEC40       (void*)
	[RSP+368] 0xEFAE6A5880001FFE (size_t)
	[RSP+370] 0x7FFBBEB9A962     (size_t)
	[RSP+378] 0xC9116FEC40       (void*)
	[RSP+380] 0x0                (size_t)
	[RSP+388] 0x0                (size_t)
	[RSP+390] 0x0                (size_t)
	[RSP+398] 0x0                (size_t)
	[RSP+3A0] 0x0                (size_t)
	[RSP+3A8] 0x0                (size_t)
	[RSP+3B0] 0x0                (size_t)
	[RSP+3B8] 0x0                (size_t)
	[RSP+3C0] 0x0                (size_t)
	[RSP+3C8] 0x0                (size_t)
	[RSP+3D0] 0x0                (size_t)
	[RSP+3D8] 0x0                (size_t)
	[RSP+3E0] 0x0                (size_t)
	[RSP+3E8] 0x0                (size_t)
	[RSP+3F0] 0x0                (size_t)
	[RSP+3F8] 0x0                (size_t)
	[RSP+400] 0x0                (size_t)
	[RSP+408] 0x0                (size_t)
	[RSP+410] 0x0                (size_t)
	[RSP+418] 0x0                (size_t)
	[RSP+420] 0x0                (size_t)
	[RSP+428] 0x0                (size_t)
	[RSP+430] 0x0                (size_t)
	[RSP+438] 0x0                (size_t)
	[RSP+440] 0x0                (size_t)
	[RSP+448] 0x0                (size_t)
	[RSP+450] 0x0                (size_t)
	[RSP+458] 0x0                (size_t)
	[RSP+460] 0x0                (size_t)
	[RSP+468] 0x0                (size_t)
	[RSP+470] 0x0                (size_t)
	[RSP+478] 0x0                (size_t)
	[RSP+480] 0x0                (size_t)
	[RSP+488] 0x0                (size_t)
	[RSP+490] 0x0                (size_t)
	[RSP+498] 0x0                (size_t)
	[RSP+4A0] 0x0                (size_t)
	[RSP+4A8] 0x0                (size_t)
	[RSP+4B0] 0x0                (size_t)
	[RSP+4B8] 0x0                (size_t)
	[RSP+4C0] 0x0                (size_t)
	[RSP+4C8] 0x0                (size_t)
	[RSP+4D0] 0x0                (size_t)
	[RSP+4D8] 0x0                (size_t)
	[RSP+4E0] 0x0                (size_t)
	[RSP+4E8] 0x0                (size_t)
	[RSP+4F0] 0x0                (size_t)
	[RSP+4F8] 0x0                (size_t)

MODULES:
	XINPUT1_3.dll                 0x000000400000
	steam_api64.dll               0x00006E320000
	X3DAudio1_7.dll               0x00006E360000
	f4ee.dll                      0x024405420000
	Fallout4.exe                  0x7FF7720A0000
	igdml64.dll                   0x7FFA83910000
	ControlLib.dll                0x7FFA86560000
	igd10umt64xe.DLL              0x7FFA98CC0000
	igvkMedia64.dll               0x7FFAAC680000
	gameoverlayrenderer64.dll     0x7FFAAC7C0000
	wsfw_identifier.dll           0x7FFAAC960000
	steamclient64.dll             0x7FFAACA60000
	IPHLPAPI.DLL                  0x7FFAAE0E0000
	RobCo_Patcher.dll             0x7FFAAE6C0000
	Buffout4.dll                  0x7FFAAE7A0000
	ProjectMojave.dll             0x7FFAB4700000
	mcm.dll                       0x7FFAB4780000
	f4se_1_10_163.dll             0x7FFAB4930000
	tier0_s64.dll                 0x7FFAB66C0000
	XDI.dll                       0x7FFAB7F60000
	vstdlib_s64.dll               0x7FFAB7FD0000
	FavoritesMenuEx.dll           0x7FFABAA30000
	GFSDK_SSAO_D3D11.win64.dll    0x7FFABAC50000
	place.dll                     0x7FFABADB0000
	SSW.dll                       0x7FFABAE50000
	cudart64_75.dll               0x7FFABB140000
	MSVCR110.dll                  0x7FFABC2B0000
	flexRelease_x64.dll           0x7FFABC5D0000
	bink2w64.dll                  0x7FFABC720000
	MSVCP110.dll                  0x7FFABD3F0000
	GFSDK_GodraysLib.x64.dll      0x7FFAC06D0000
	XAudio2_7.dll                 0x7FFAC1010000
	flexExtRelease_x64.dll        0x7FFAC10A0000
	PowerGridTools.dll            0x7FFAC1100000
	media_bin_64.dll              0x7FFACA0A0000
	igddxvacommon64.dll           0x7FFACBDD0000
	MSIMG32.dll                   0x7FFAD55F0000
	def_ui.dll                    0x7FFAD6400000
	achievements.dll              0x7FFAE3480000
	Oleacc.dll                    0x7FFAF41A0000
	MSVCP140.dll                  0x7FFAFFA30000
	Windows.UI.dll                0x7FFB01090000
	VCRUNTIME140.dll              0x7FFB04130000
	COMCTL32.dll                  0x7FFB04510000
	WINSPOOL.DRV                  0x7FFB070F0000
	VCRUNTIME140_1.dll            0x7FFB07510000
	f4se_steam_loader.dll         0x7FFB078A0000
	DbgHelp.dll                   0x7FFB18240000
	VERSION.dll                   0x7FFB198E0000
	OneCoreCommonProxyStub.dll    0x7FFB19BE0000
	UnlimitedSurvivalMode.dll     0x7FFB1ACE0000
	SprintStutteringFix.dll       0x7FFB1AF30000
	AUDIOSES.DLL                  0x7FFB1BB50000
	igc64.dll                     0x7FFB1C630000
	igdgmm64.dll                  0x7FFB20680000
	IntelControlLib.dll           0x7FFB20AC0000
	igd10iumd64.dll               0x7FFB22380000
	MMDevApi.dll                  0x7FFB22C60000
	OneCoreUAPCommonProxyStub.dll 0x7FFB23780000
	textinputframework.dll        0x7FFB248B0000
	WINMM.dll                     0x7FFB25DB0000
	CoreUIComponents.dll          0x7FFB263F0000
	avrt.dll                      0x7FFB27030000
	directxdatabasehelper.dll     0x7FFB27580000
	WINHTTP.dll                   0x7FFB27A60000
	nvToolsExt64_1.dll            0x7FFB28150000
	d3d11.dll                     0x7FFB29BA0000
	dcomp.dll                     0x7FFB2A3F0000
	CoreMessaging.dll             0x7FFB2AA60000
	SilentProtagonistF4SE.dll     0x7FFB2ADD0000
	apphelp.dll                   0x7FFB2AE60000
	UxTheme.dll                   0x7FFB2AFF0000
	dxcore.dll                    0x7FFB2B130000
	dxgi.dll                      0x7FFB2B170000
	dwmapi.dll                    0x7FFB2B370000
	resourcepolicyclient.dll      0x7FFB2B5C0000
	wintypes.dll                  0x7FFB2B8D0000
	windows.storage.dll           0x7FFB2BA10000
	HID.DLL                       0x7FFB2C310000
	IpHlpAPI.dll                  0x7FFB2C570000
	Secur32.dll                   0x7FFB2C8D0000
	kernel.appcore.dll            0x7FFB2CAF0000
	SSPICLI.DLL                   0x7FFB2CDC0000
	MSWSOCK.dll                   0x7FFB2CFE0000
	UMPDC.dll                     0x7FFB2D050000
	powrprof.dll                  0x7FFB2D0C0000
	CRYPTBASE.DLL                 0x7FFB2D2D0000
	MSASN1.dll                    0x7FFB2D310000
	DEVOBJ.dll                    0x7FFB2D770000
	CFGMGR32.dll                  0x7FFB2D7A0000
	profapi.dll                   0x7FFB2D9E0000
	ucrtbase.dll                  0x7FFB2DAB0000
	bcrypt.dll                    0x7FFB2DBD0000
	win32u.dll                    0x7FFB2DC00000
	msvcp_win.dll                 0x7FFB2DC30000
	bcryptPrimitives.dll          0x7FFB2DCD0000
	WINTRUST.dll                  0x7FFB2DD50000
	KERNELBASE.dll                0x7FFB2DDC0000
	CRYPT32.dll                   0x7FFB2E170000
	gdi32full.dll                 0x7FFB2E2E0000
	SHLWAPI.dll                   0x7FFB2E4C0000
	ole32.dll                     0x7FFB2E520000
	GDI32.dll                     0x7FFB2E6D0000
	shcore.dll                    0x7FFB2E700000
	USER32.dll                    0x7FFB2E800000
	IMM32.DLL                     0x7FFB2E9B0000
	COMDLG32.dll                  0x7FFB2E9F0000
	SETUPAPI.dll                  0x7FFB2EAF0000
	RPCRT4.dll                    0x7FFB2F130000
	ADVAPI32.dll                  0x7FFB2F260000
	SHELL32.dll                   0x7FFB2F320000
	KERNEL32.DLL                  0x7FFB2FB80000
	imagehlp.dll                  0x7FFB2FCE0000
	PSAPI.DLL                     0x7FFB2FD70000
	OLEAUT32.dll                  0x7FFB2FD90000
	clbcatq.dll                   0x7FFB2FEE0000
	combase.dll                   0x7FFB30080000
	sechost.dll                   0x7FFB30410000
	MSCTF.dll                     0x7FFB304C0000
	msvcrt.dll                    0x7FFB30620000
	WS2_32.dll                    0x7FFB306D0000
	ntdll.dll                     0x7FFB30790000

F4SE PLUGINS:
	achievements.dll
	Buffout4.dll v1.28.6
	def_ui.dll
	f4ee.dll
	FavoritesMenuEx.dll
	mcm.dll
	place.dll
	PowerGridTools.dll
	ProjectMojave.dll
	RobCo_Patcher.dll v3.6
	SilentProtagonistF4SE.dll
	SprintStutteringFix.dll
	SSW.dll
	UnlimitedSurvivalMode.dll
	wsfw_identifier.dll
	XDI.dll

PLUGINS:
