Fallout 4 v1.10.163
Buffout 4 v1.31.1 Feb 28 2023 00:32:02

Unhandled exception "EXCEPTION_ACCESS_VIOLATION" at 0x7FF777B6C7AF Fallout4.exe+1DDC7AF	cmp word ptr [r8+0x0A], 0x00 |  hclClothInstance::setTransformSet(uint,hclTransformSet*)_1DDC7AF)

	[Compatibility]
		F4EE: true
	[Debug]
		Symcache: c:symcache
		WaitForDebugger: false
	[Fixes]
		ActorIsHostileToActor: true
		CellInit: true
		CreateD3DAndSwapChain: true
		EncounterZoneReset: true
		GreyMovies: true
		MagicEffectApplyEvent: true
		MovementPlanner: true
		PackageAllocateLocation: true
		PipboyLightInvFix: false
		SafeExit: true
		TESObjectREFRGetEncounterZone: true
		UnalignedLoad: true
		UtilityShader: true
		WorkBenchSwap: true
	[Patches]
		Achievements: true
		BSMTAManager: true
		BSPreCulledObjects: true
		BSTextureStreamerLocalHeap: true
		HavokMemorySystem: true
		INISettingCollection: true
		InputSwitch: false
		MaxStdIO: 2048
		MemoryManager: true
		MemoryManagerDebug: false
		ScaleformAllocator: true
		SmallBlockAllocator: true
		WorkshopMenu: true
	[Warnings]
		CreateTexture2D: true
		ImageSpaceAdapter: true

SYSTEM SPECS:
	OS: Microsoft Windows 11 Pro v10.0.22621
	CPU: GenuineIntel Intel(R) Core(TM) i7-8700K CPU @ 3.70GHz
	GPU #1: Nvidia GP104 [GeForce GTX 1070]
	GPU #2: Microsoft Basic Render Driver
	PHYSICAL MEMORY: 25.63 GB/63.94 GB


PROBABLE CALL STACK:
	[ 0] 0x7FF777B6C7AF      Fallout4.exe+1DDC7AF	cmp word ptr [r8+0x0A], 0x00 |  hclClothInstance::setTransformSet(uint,hclTransformSet*)_1DDC7AF -> 147842+0xF	cmp word ptr [r8+0x0A], 0x00
	[ 1] 0x7FF777B3B60B      Fallout4.exe+1DAB60B	test r15, r15 |  BSClothUtils::BSInstantiationUtil::instantiate(void)_1DAB60B -> 548924+0x21B	test r15, r15
	[ 2] 0x7FF777B36AAE      Fallout4.exe+1DA6AAE	mov r8d, [r15+0x08] |  BSClothExtraData::CreateInstance(NiAVObject&,NiTransform&,NiAVObject*)_1DA6AAE -> 1470471+0x21E	mov r8d, [r15+0x08]
	[ 3] 0x7FF777B3AEBE      Fallout4.exe+1DAAEBE	xor eax, eax |  BSClothUtils::CreateClothFor3d(NiAVObject&,char*,NiTransform&,NiAVObject*)_1DAAEBE -> 1322043+0x8E	xor eax, eax
	[ 4] 0x7FF776420857      Fallout4.exe+0690857	mov rdi, rax |  _lambda_70f6e012904d30d2b8e2fcb1f10c839b_::operator()_690857 -> 288620+0x67	mov rdi, rax
	[ 5] 0x7FF77641E34C      Fallout4.exe+068E34C	cmp eax, 0x01 |  BSFaceGenUtils::AttachHeadHelper(TESNPC*,BSFaceGenNiNode*,TESObjectREFR*,Actor*)_68E34C -> 224610+0x13C	cmp eax, 0x01
	[ 6] 0x7FF77640B13B      Fallout4.exe+067B13B	xor eax, eax |  BSFaceGenPendingHeadData::Attach(TESObjectREFR*)_67B13B -> 389929+0x37B	xor eax, eax
	[ 7] 0x7FF776BFCFA7      Fallout4.exe+0E6CFA7	mov rdx, rdi |  BSTScatterTableKernel<BSTScatterTableTraits<BGSKeyword*,AITimeStamp,BSTScatterTableDefaultKVStorage,BSTScatterTableDefaultHashPolicy<BGSKeyword*>,BSTScatterTableHeapAllocator<BSTScatterTableEntry<BGSKeyword*,AITimeStamp,BSTScatterTableDefaultKVStorage>>,8>>::NoOpFunctor(BGSKeyword*&,AITimeStamp&)_E6CFA7 -> 685791+0x187	mov rdx, rdi
	[ 8] 0x7FF776AF2C8F      Fallout4.exe+0D62C8F	lock dec dword ptr [rbx+0x30] |  TaskQueueInterface::TaskUnpackFunc(BSPackedTask&)_D62C8F -> 1546751+0x284F	lock dec dword ptr [rbx+0x30]
	[ 9] 0x7FF776AE80DB      Fallout4.exe+0D580DB	jmp 0x00007FF776AE80C1 |  TaskQueueInterface::ProcessQueues(float,uint)_D580DB -> 882638+0x13B	jmp 0x00007FF776AE80C1
	[10] 0x7FFEB62365AC f4se_1_10_163.dll+00165AC
	[11] 0x7FF776ACB503      Fallout4.exe+0D3B503	call 0x00007FF77611AD70 |  Main::UpdateNonRenderSafeAITasks(void)_D3B503 -> 338354+0x23	call 0x00007FF77611AD70
	[12] 0x7FF7778E0F26      Fallout4.exe+1B50F26	mov ecx, [rbx+0x0C] |  BSJobs::JobListLocal::RunJobsInternal(uint,BSJobs::ThreadJobListState&,bool)_1B50F26 -> 329005+0xC6	mov ecx, [rbx+0x0C]
	[13] 0x7FF7778E1432      Fallout4.exe+1B51432	mov r14d, eax |  BSJobs::JobThread::RunJob(void)_1B51432 -> 194800+0x202	mov r14d, eax
	[14] 0x7FF7778E3F67      Fallout4.exe+1B53F67	movzx eax, byte ptr [rbx+0xA74] |  BSJobs::JobThread::ThreadProc(void)_1B53F67 -> 1492866+0x67	movzx eax, byte ptr [rbx+0xA74]
	[15] 0x7FF7778ACFED      Fallout4.exe+1B1CFED	mov rcx, [0x00007FF77B8EBD38] |  BSThread::CallThreadProc(void)_1B1CFED -> 1079791+0x3D	mov rcx, [0x00007FF77B8EBD38]
	[16] 0x7FFF8A1826AD      KERNEL32.DLL+00126AD
	[17] 0x7FFF8B48AA68         ntdll.dll+005AA68

REGISTERS:
	RAX 0x4E5BB4F150       (void*)
	RCX 0x168A41E01C0      (hclClothInstance*)
	RDX 0x0                (size_t) [0]
	RBX 0x0                (size_t) [0]
	RSP 0x4E5BB4EEF0       (void*)
	RBP 0x4E5BB4EF79       (void*)
	RSI 0x0                (size_t) [0]
	RDI 0x82               (size_t) [130]
	R8  0x0                (size_t) [0]
	R9  0x3                (size_t) [3]
	R10 0xFEFEFEFEFEFEFEFF (size_t) [uint: 18374403900871474943 int: -72340172838076673]
	R11 0x8080808080808080 (size_t) [uint: 9259542123273814144 int: -9187201950435737472]
	R12 0x16876654E78      (void*)
	R13 0x4E5BB4F0E0       (BSClothUtils::BSInstantiationUtil*)
	R14 0x16876654E78      (void*)
	R15 0x0                (size_t) [0]

STACK:
	[RSP+0   ] 0x0                (size_t) [0]
	[RSP+8   ] 0x16875AB8F80      (hclClothData*)
	[RSP+10  ] 0x1682349C2C8      (void*)
	[RSP+18  ] 0x0                (size_t) [0]
	[RSP+20  ] 0x82               (size_t) [130]
	[RSP+28  ] 0x7FF777B3B60B     (void* -> Fallout4.exe+1DAB60B	test r15, r15 |  BSClothUtils::BSInstantiationUtil::instantiate(void)_1DAB60B)
	[RSP+30  ] 0x0                (size_t) [0]
	[RSP+38  ] 0x0                (size_t) [0]
	[RSP+40  ] 0x0                (size_t) [0]
	[RSP+48  ] 0x0                (size_t) [0]
	[RSP+50  ] 0x0                (size_t) [0]
	[RSP+58  ] 0x0                (size_t) [0]
	[RSP+60  ] 0x0                (size_t) [0]
	[RSP+68  ] 0x0                (size_t) [0]
	[RSP+70  ] 0x4E5BB4EFE8       (void*)
	[RSP+78  ] 0x16885723490      (char*) "Root Transforms"
	[RSP+80  ] 0x168208CA740      (char*) "z"
	[RSP+88  ] 0x8000001400000009 (size_t) [uint: 9223372122754121737 int: -9223371950955429879]
	[RSP+90  ] 0x168208CA740      (char*) "z"
	[RSP+98  ] 0x16800000014      (size_t) [1546188226580]
	[RSP+A0  ] 0x16823A71AB0      (void*)
	[RSP+A8  ] 0x16823A71AE0      (void*)
	[RSP+B0  ] 0x168A41E01C0      (hclClothInstance*)
	[RSP+B8  ] 0x1682349C2C8      (void*)
	[RSP+C0  ] 0x4E5BB4F310       (void*)
	[RSP+C8  ] 0x16823A71AB0      (void*)
	[RSP+D0  ] 0x16875AB8F80      (hclClothData*)
	[RSP+D8  ] 0x1682349C2C0      (void*)
	[RSP+E0  ] 0x4E5BB4F0E0       (BSClothUtils::BSInstantiationUtil*)
	[RSP+E8  ] 0x7FF777B36AAE     (void* -> Fallout4.exe+1DA6AAE	mov r8d, [r15+0x08] |  BSClothExtraData::CreateInstance(NiAVObject&,NiTransform&,NiAVObject*)_1DA6AAE)
	[RSP+F0  ] 0x16800000000      (size_t) [1546188226560]
	[RSP+F8  ] 0x16914815080      (hkaSkeleton*)
	[RSP+100 ] 0x0                (size_t) [0]
	[RSP+108 ] 0x4E5BB4EF60       (void*)
	[RSP+110 ] 0x4E5BB4F310       (void*)
	[RSP+118 ] 0x16875AB8E18      (void*)
	[RSP+120 ] 0x1682349C2C0      (void*)
	[RSP+128 ] 0x7FF700000032     (size_t) [140698833649714]
	[RSP+130 ] 0x16800000000      (size_t) [1546188226560]
	[RSP+138 ] 0x3F7F8A0F         (size_t) [1065323023]
	[RSP+140 ] 0x3D75A08000000000 (size_t) [4428622280205008896]
	[RSP+148 ] 0x16875ABAD00      (void*)
	[RSP+150 ] 0x16875ABAD00      (void*)
	[RSP+158 ] 0x1676DA514D0      (void*)
	[RSP+160 ] 0x44255E974615A48C (size_t) [4910434972526290060]
	[RSP+168 ] 0xC1FDFFF0         (size_t) [3254648816]
	[RSP+170 ] 0x0                (size_t) [0]
	[RSP+178 ] 0x3F7F8A0E3D75A07F (size_t) [4575527540197007487]
	[RSP+180 ] 0x3F7AE1483F7AE148 (size_t) [4574216071967072584]
	[RSP+188 ] 0x3F7AE1483F7AE148 (size_t) [4574216071967072584]
	[RSP+190 ] 0x10100000000      (size_t) [1103806595072]
	[RSP+198 ] 0x0                (size_t) [0]
	[RSP+1A0 ] 0x3DF52F543F7E28A7 (size_t) [4464526644496705703]
	[RSP+1A8 ] 0x0                (size_t) [0]
	[RSP+1B0 ] 0x3F7E28A7BDF52F54 (size_t) [4575138972366614356]
	[RSP+1B8 ] 0x0                (size_t) [0]
	[RSP+1C0 ] 0x0                (size_t) [0]
	[RSP+1C8 ] 0x3F800000         (size_t) [1065353216]
	[RSP+1D0 ] 0x44255E974615A48C (size_t) [4910434972526290060]
	[RSP+1D8 ] 0xC1FDFFF0         (size_t) [3254648816]
	[RSP+1E0 ] 0x3F8000003F800000 (size_t) [4575657222473777152]
	[RSP+1E8 ] 0x3F8000003F800000 (size_t) [4575657222473777152]
	[RSP+1F0 ] 0x7FF778BD30B8     (void* -> Fallout4.exe+2E430B8	and [rdx], ch |  aDiveBombChance_2E430B8)
	[RSP+1F8 ] 0x7FFEFFFF0001     (size_t) [140733193322497]
	[RSP+200 ] 0x4E5BB4F150       (void*)
	[RSP+208 ] 0x4E5BB4F020       (void*)
	[RSP+210 ] 0x169207DB580      (BSDynamicTriShape*)
		Name: "HairFemale23"
		RTTIName: "BSDynamicTriShape"
		Flags: e
		Checking Parent: 
			Name: "BSFaceGenNiNodeSkinned"
			RTTIName: "BSFaceGenNiNode"
			Flags: e
		Name: "HairFemale23"
	[RSP+218 ] 0x1676DA51DF0      (ScrapHeap*)
	[RSP+220 ] 0x0                (size_t) [0]
	[RSP+228 ] 0x4E5BB4F110       (void*)
	[RSP+230 ] 0x0                (size_t) [0]
	[RSP+238 ] 0x0                (size_t) [0]
	[RSP+240 ] 0x0                (size_t) [0]
	[RSP+248 ] 0x0                (size_t) [0]
	[RSP+250 ] 0x16700000000      (void*)
	[RSP+258 ] 0x7FF777924BBB     (void* -> Fallout4.exe+1B94BBB	mov rax, rbx |  NiObject::Clone(void)_1B94BBB)
	[RSP+260 ] 0x168A41E01C0      (hclClothInstance*)
	[RSP+268 ] 0x0                (size_t) [0]
	[RSP+270 ] 0x16823A71AB0      (void*)
	[RSP+278 ] 0x7FF777927268     (void* -> Fallout4.exe+1B97268	sub [r12+0x10], ebp |  BSTArray<NiPointer<NiExtraData>,BSTArrayHeapAllocator>::RemoveFast(uint,uint)_1B97268)
	[RSP+280 ] 0x3DF52F563F7E28A7 (size_t) [4464526653086640295]
	[RSP+288 ] 0x0                (size_t) [0]
	[RSP+290 ] 0x3F7E28A7BDF52F56 (size_t) [4575138972366614358]
	[RSP+298 ] 0x0                (size_t) [0]
	[RSP+2A0 ] 0x0                (size_t) [0]
	[RSP+2A8 ] 0x3F800000         (size_t) [1065353216]
	[RSP+2B0 ] 0x44255E974615A48C (size_t) [4910434972526290060]
	[RSP+2B8 ] 0x3F7AE148C1FDFFF0 (size_t) [4574216074156703728]
	[RSP+2C0 ] 0x7FF7789DA948     (void* -> Fallout4.exe+2C4A948	shl byte ptr [rdx], 0x01 |  hkbInternal::hks::execute<0>(hkbInternal::lua_State*,hkbInternal::hksInstruction*,int)_2C4A948)
	[RSP+2C8 ] 0x4E5BB4F310       (void*)
	[RSP+2D0 ] 0x0                (size_t) [0]
	[RSP+2D8 ] 0x0                (size_t) [0]
	[RSP+2E0 ] 0x1676DA51E90      (char*) "2"
	[RSP+2E8 ] 0x56               (size_t) [86]
	[RSP+2F0 ] 0x167EC7D7200      (Actor*)
		Object Reference: 
		File: "Companions Use Companion Perk Overhaul.esp"
		Modified by: Fallout4.esm -> Unofficial Fallout 4 Patch.esp -> Companions Use Companion Perk Overhaul.esp
		Flags: 0x00440009
		FormID: 0x00079249
		FormType: kNPC_ (45)
		File: "Fallout4.esm"
		Flags: 0x00400409
		EditorID: "CaitRef"
		FormID: 0x00079305
		FormType: kACHR (65)
	[RSP+2F8 ] 0x16823A71A80      (BSClothExtraData*)
	[RSP+300 ] 0x169207DB580      (BSDynamicTriShape*)
		Name: "HairFemale23"
		RTTIName: "BSDynamicTriShape"
		Flags: e
		Checking Parent: 
			Name: "BSFaceGenNiNodeSkinned"
			RTTIName: "BSFaceGenNiNode"
			Flags: e
		Name: "HairFemale23"
	[RSP+308 ] 0x7FF777B3AEBE     (void* -> Fallout4.exe+1DAAEBE	xor eax, eax |  BSClothUtils::CreateClothFor3d(NiAVObject&,char*,NiTransform&,NiAVObject*)_1DAAEBE)
	[RSP+310 ] 0x16823A71A80      (BSClothExtraData*)
	[RSP+318 ] 0x169207DB580      (BSDynamicTriShape*)
		Name: "HairFemale23"
		RTTIName: "BSDynamicTriShape"
		Flags: e
		Checking Parent: 
			Name: "BSFaceGenNiNodeSkinned"
			RTTIName: "BSFaceGenNiNode"
			Flags: e
		Name: "HairFemale23"
	[RSP+320 ] 0x4E5BB4F310       (void*)
	[RSP+328 ] 0x0                (size_t) [0]
	[RSP+330 ] 0x1681616D9B0      (void*)
	[RSP+338 ] 0x7FF776349120     (void* -> Fallout4.exe+05B9120	cmp eax, 0x01 |  TESNPC::GenerateFlattenedHeadPartArray(BSScrapArray<BGSHeadPart*>&)_5B9120)
	[RSP+340 ] 0x0                (size_t) [0]
	[RSP+348 ] 0x167EC7D7200      (Actor*)
		Object Reference: 
		File: "Companions Use Companion Perk Overhaul.esp"
		Modified by: Fallout4.esm -> Unofficial Fallout 4 Patch.esp -> Companions Use Companion Perk Overhaul.esp
		Flags: 0x00440009
		FormID: 0x00079249
		FormType: kNPC_ (45)
		File: "Fallout4.esm"
		Flags: 0x00400409
		EditorID: "CaitRef"
		FormID: 0x00079305
		FormType: kACHR (65)
	[RSP+350 ] 0x1                (size_t) [1]
	[RSP+358 ] 0x7FF776420857     (void* -> Fallout4.exe+0690857	mov rdi, rax |  _lambda_70f6e012904d30d2b8e2fcb1f10c839b_::operator()_690857)
	[RSP+360 ] 0x167E9658580      (BGSHeadPart*)
		File: "Fallout4.esm"
		Flags: 0x00000009
		EditorID: "HairFemale23"
		FormID: 0x001C4093
		FormType: kHDPT (15)
		GetFullName: "Nuclear Breezed"
	[RSP+368 ] 0x4E5BB4F2F0       (void*)
	[RSP+370 ] 0x169207DB580      (BSDynamicTriShape*)
		Name: "HairFemale23"
		RTTIName: "BSDynamicTriShape"
		Flags: e
		Checking Parent: 
			Name: "BSFaceGenNiNodeSkinned"
			RTTIName: "BSFaceGenNiNode"
			Flags: e
		Name: "HairFemale23"
	[RSP+378 ] 0x16823BE6480      (AIProcess::PendingActorHeadData*)
	[RSP+380 ] 0x16A34970F58      (void*)
	[RSP+388 ] 0x7FF77641E34C     (void* -> Fallout4.exe+068E34C	cmp eax, 0x01 |  BSFaceGenUtils::AttachHeadHelper(TESNPC*,BSFaceGenNiNode*,TESObjectREFR*,Actor*)_68E34C)
	[RSP+390 ] 0x4E5BB4F319       (void*)
	[RSP+398 ] 0x16A34970F48      (void*)
	[RSP+3A0 ] 0x0                (size_t) [0]
	[RSP+3A8 ] 0x7FFEB6175500     (void* -> Buffout4.dll+02E5500	add [rax], al |  ?memPoolListLock@MemoryPool@internal@rml@@2VMallocMutex@@A_2E5500)
	[RSP+3B0 ] 0x0                (size_t) [0]
	[RSP+3B8 ] 0x7FF776B73F9F     (void* -> Fallout4.exe+0DE3F9F	lea rcx, [rdi+0x08] |  BSTEventSource<MovementMessageUpdateRequestImmediate>::~BSTEventSource<MovementMessageUpdateRequestImmediate>(void)_DE3F9F)
	[RSP+3C0 ] 0x1676DA51DF0      (ScrapHeap*)
	[RSP+3C8 ] 0x16A34970F00      (void*)
	[RSP+3D0 ] 0x16800000020      (size_t) [1546188226592]
	[RSP+3D8 ] 0x7FFE0000000B     (size_t) [140728898420747]
	[RSP+3E0 ] 0x7FF7789D9DB8     (void* -> Fallout4.exe+2C49DB8	loopne 0x00007FF7789D9DD0 |  hkbInternal::hks::execute<0>(hkbInternal::lua_State*,hkbInternal::hksInstruction*,int)_2C49DB8)
	[RSP+3E8 ] 0x4E5BB4F2B0       (void*)
	[RSP+3F0 ] 0x168A19F1D00      (void*)
	[RSP+3F8 ] 0x7FFEB5F8C673     (void* -> Buffout4.dll+00FC673	mov rdi, [rsp+0x30] |  E:\Documents\source\repos\vcpkg\buildtrees\tbb\src\v2021.8.0-b8941aa9b2.clean\src\tbbmalloc\frontend.cpp:3185 scalable_aligned_free)
	[RSP+400 ] 0x4E5BB4F388       (void*)
	[RSP+408 ] 0x4E5BB4F310       (void*)
	[RSP+410 ] 0x4E5BB4F2A0       (void*)
	[RSP+418 ] 0x4E5BB4F390       (void*)
	[RSP+420 ] 0x3DF52F563F7E28A7 (size_t) [4464526653086640295]
	[RSP+428 ] 0x0                (size_t) [0]
	[RSP+430 ] 0x3F7E28A7BDF52F56 (size_t) [4575138972366614358]
	[RSP+438 ] 0x0                (size_t) [0]
	[RSP+440 ] 0x0                (size_t) [0]
	[RSP+448 ] 0x3F800000         (size_t) [1065353216]
	[RSP+450 ] 0x44255E974615A48C (size_t) [4910434972526290060]
	[RSP+458 ] 0x3F7AE148C1FDFFF0 (size_t) [4574216074156703728]
	[RSP+460 ] 0xFFFFFFFF         (size_t) [4294967295]
	[RSP+468 ] 0x167EC7D7200      (Actor*)
		Object Reference: 
		File: "Companions Use Companion Perk Overhaul.esp"
		Modified by: Fallout4.esm -> Unofficial Fallout 4 Patch.esp -> Companions Use Companion Perk Overhaul.esp
		Flags: 0x00440009
		FormID: 0x00079249
		FormType: kNPC_ (45)
		File: "Fallout4.esm"
		Flags: 0x00400409
		EditorID: "CaitRef"
		FormID: 0x00079305
		FormType: kACHR (65)
	[RSP+470 ] 0x16823BE6480      (AIProcess::PendingActorHeadData*)
	[RSP+478 ] 0x0                (size_t) [0]
	[RSP+480 ] 0x4E5BB4F3C9       (void*)
	[RSP+488 ] 0x7FF77640B13B     (void* -> Fallout4.exe+067B13B	xor eax, eax |  BSFaceGenPendingHeadData::Attach(TESObjectREFR*)_67B13B)
	[RSP+490 ] 0x0                (size_t) [0]
	[RSP+498 ] 0x169207D90C0      (BSFaceGenNiNode*)
		Name: "BSFaceGenNiNodeSkinned"
		RTTIName: "BSFaceGenNiNode"
		Flags: e
		Name: "BSFaceGenNiNodeSkinned"
	[RSP+4A0 ] 0x167EC7D7200      (Actor*)
		Object Reference: 
		File: "Companions Use Companion Perk Overhaul.esp"
		Modified by: Fallout4.esm -> Unofficial Fallout 4 Patch.esp -> Companions Use Companion Perk Overhaul.esp
		Flags: 0x00440009
		FormID: 0x00079249
		FormType: kNPC_ (45)
		File: "Fallout4.esm"
		Flags: 0x00400409
		EditorID: "CaitRef"
		FormID: 0x00079305
		FormType: kACHR (65)
	[RSP+4A8 ] 0x0                (size_t) [0]
	[RSP+4B0 ] 0x167BE832E00      (void*)
	[RSP+4B8 ] 0x0                (size_t) [0]
	[RSP+4C0 ] 0x16A343F8640      (BSFaceGenNiNode*)
		Name: "BSFaceGenNiNodeSkinned"
		RTTIName: "BSFaceGenNiNode"
		Flags: e
		Checking Parent: 
			Name: "skeleton_female_faceBones.nif"
			RTTIName: "BSFadeNode"
			Flags: 30080400e
		Name: "BSFaceGenNiNodeSkinned"
	[RSP+4C8 ] 0x0                (size_t) [0]
	[RSP+4D0 ] 0x0                (size_t) [0]
	[RSP+4D8 ] 0x7FF700000000     (size_t) [140698833649664]
	[RSP+4E0 ] 0x0                (size_t) [0]
	[RSP+4E8 ] 0xC00080000        (size_t) [51540131840]
	[RSP+4F0 ] 0x0                (size_t) [0]
	[RSP+4F8 ] 0x167C93AA080      (void*)
	[RSP+500 ] 0x16823BE6480      (AIProcess::PendingActorHeadData*)
	[RSP+508 ] 0x50A6DD2052       (size_t) [346396893266]
	[RSP+510 ] 0x4E5BB4F990       (char*) "l"
	[RSP+518 ] 0x0                (size_t) [0]
	[RSP+520 ] 0x167EC871C00      (void*)
	[RSP+528 ] 0x167EC7D7200      (Actor*)
		Object Reference: 
		File: "Companions Use Companion Perk Overhaul.esp"
		Modified by: Fallout4.esm -> Unofficial Fallout 4 Patch.esp -> Companions Use Companion Perk Overhaul.esp
		Flags: 0x00440009
		FormID: 0x00079249
		FormType: kNPC_ (45)
		File: "Fallout4.esm"
		Flags: 0x00400409
		EditorID: "CaitRef"
		FormID: 0x00079305
		FormType: kACHR (65)
	[RSP+530 ] 0xFFFFFFFF         (size_t) [4294967295]
	[RSP+538 ] 0x7FF776BFCFA7     (void* -> Fallout4.exe+0E6CFA7	mov rdx, rdi |  BSTScatterTableKernel<BSTScatterTableTraits<BGSKeyword*,AITimeStamp,BSTScatterTableDefaultKVStorage,BSTScatterTableDefaultHashPolicy<BGSKeyword*>,BSTScatterTableHeapAllocator<BSTScatterTableEntry<BGSKeyword*,AITimeStamp,BSTScatterTableDefaultKVStorage>>,8>>::NoOpFunctor(BGSKeyword*&,AITimeStamp&)_E6CFA7)
	[RSP+540 ] 0x16700000000      (void*)
	[RSP+548 ] 0x167EC7D7200      (Actor*)
		Object Reference: 
		File: "Companions Use Companion Perk Overhaul.esp"
		Modified by: Fallout4.esm -> Unofficial Fallout 4 Patch.esp -> Companions Use Companion Perk Overhaul.esp
		Flags: 0x00440009
		FormID: 0x00079249
		FormType: kNPC_ (45)
		File: "Fallout4.esm"
		Flags: 0x00400409
		EditorID: "CaitRef"
		FormID: 0x00079305
		FormType: kACHR (65)
	[RSP+550 ] 0x4E002900FE       (size_t) [335010136318]
	[RSP+558 ] 0x4E5BB4F580       (void*)
	[RSP+560 ] 0x1676DA514D0      (void*)
	[RSP+568 ] 0x2                (size_t) [2]
	[RSP+570 ] 0x0                (size_t) [0]
	[RSP+578 ] 0x7FF775D90000     (void*)
	[RSP+580 ] 0x16823BE6480      (AIProcess::PendingActorHeadData*)
	[RSP+588 ] 0x7FF776AF2C8F     (void* -> Fallout4.exe+0D62C8F	lock dec dword ptr [rbx+0x30] |  TaskQueueInterface::TaskUnpackFunc(BSPackedTask&)_D62C8F)
	[RSP+590 ] 0x16700205CF5      (void*)
	[RSP+598 ] 0x1670027AFE3      (void*)
	[RSP+5A0 ] 0x167EC7D7200      (Actor*)
		Object Reference: 
		File: "Companions Use Companion Perk Overhaul.esp"
		Modified by: Fallout4.esm -> Unofficial Fallout 4 Patch.esp -> Companions Use Companion Perk Overhaul.esp
		Flags: 0x00440009
		FormID: 0x00079249
		FormType: kNPC_ (45)
		File: "Fallout4.esm"
		Flags: 0x00400409
		EditorID: "CaitRef"
		FormID: 0x00079305
		FormType: kACHR (65)
	[RSP+5A8 ] 0x4E5BB4F580       (void*)
	[RSP+5B0 ] 0x167C8E45600      (hknpBSWorld*)
	[RSP+5B8 ] 0x7FF7772470EA     (void* -> Fallout4.exe+14B70EA	mov eax, [rbx+0x64] |  hknpWorld_updateBodyAabbOfAcceleratedMotion(hknpWorld*,hknpBodyId,hknpMotion&)_14B70EA)
	[RSP+5C0 ] 0x167CA642670      (void*)
	[RSP+5C8 ] 0x1673E9E4E00      (hknpBodyQualityLibrary*)
	[RSP+5D0 ] 0x16925DF2780      (void*)
	[RSP+5D8 ] 0x16962BBB040      (void*)
	[RSP+5E0 ] 0x1676DA514D0      (void*)
	[RSP+5E8 ] 0x167C8E45780      (void*)
	[RSP+5F0 ] 0x4E5BB4F600       (void*)
	[RSP+5F8 ] 0x4E5BB4F610       (void*)
	[RSP+600 ] 0x167EF248100      (Actor*)
		Object Reference: 
		Flags: 0x00000008
		FormID: 0xFF003AB7
		FormType: kNPC_ (45)
		File: "Unofficial Fallout 4 Patch.esp"
		Modified by: Fallout4.esm -> Unofficial Fallout 4 Patch.esp
		Flags: 0x00400409
		FormID: 0x000F92CD
		FormType: kACHR (65)
	[RSP+608 ] 0x7FF777AFDA2F     (void* -> Fallout4.exe+1D6DA2F	test ebp, ebp |  hknpBSWorld::deferActivationForPendingBody(hknpBodyId)_1D6DA2F)
	[RSP+610 ] 0x167C8E45C90      (void*)
	[RSP+618 ] 0x7FF777243D52     (void* -> Fallout4.exe+14B3D52	mov rbp, [rsp+0x60] |  hknpWorld::setBodyVelocity(hknpBodyId,hkVector4f&,hkVector4f&)_14B3D52)
	[RSP+620 ] 0x16925DF2780      (void*)
	[RSP+628 ] 0x577              (size_t) [1399]
	[RSP+630 ] 0x16700000577      (void*)
	[RSP+638 ] 0x16925DF2780      (void*)
	[RSP+640 ] 0x169B5480BB0      (bhkNPCollisionObject*)
	[RSP+648 ] 0x7FF778231E25     (void* -> Fallout4.exe+24A1E25	mov rax, [rsi] |  BSPathingSpline::FindPointOnSpline<BSPathingSpline::SqrLengthFromPointFunctor>(BSPathingSpline::SqrLengthFromPointFunctor&,float,float,bool,float&,NiPoint3&,float)_24A1E25)
	[RSP+650 ] 0x4E5BB4F610       (void*)
	[RSP+658 ] 0x4E5BB4F600       (void*)
	[RSP+660 ] 0x1693E560180      (void*)
	[RSP+668 ] 0x7FF777AFD0A0     (void* -> Fallout4.exe+1D6D0A0	mov rbx, [rsp+0x60] |  hknpBSWorld::setBodyVelocity(hknpBodyId,hkVector4f&,hkVector4f&)_1D6D0A0)
	[RSP+670 ] 0xC6C518FE461169AF (size_t) [uint: 14322881670298036655 int: -4123862403411514961]
	[RSP+678 ] 0x44973E62         (size_t) [1150762594]
	[RSP+680 ] 0xC6C51B22461167AC (size_t) [uint: 14322884023940114348 int: -4123860049769437268]
	[RSP+688 ] 0x167449743FD      (void*)
	[RSP+690 ] 0xC6BB0F24461AD922 (size_t) [uint: 14320056088624027938 int: -4126687985085523678]
	[RSP+698 ] 0x4479E164         (size_t) [1148838244]
	[RSP+6A0 ] 0x3C343959         (size_t) [1010055513]
	[RSP+6A8 ] 0x0                (size_t) [0]
	[RSP+6B0 ] 0x0                (size_t) [0]
	[RSP+6B8 ] 0x0                (size_t) [0]
	[RSP+6C0 ] 0x0                (size_t) [0]
	[RSP+6C8 ] 0x20A51300000000   (size_t) [9188700277702656]
	[RSP+6D0 ] 0x0                (size_t) [0]
	[RSP+6D8 ] 0x0                (size_t) [0]
	[RSP+6E0 ] 0x0                (size_t) [0]
	[RSP+6E8 ] 0x0                (size_t) [0]
	[RSP+6F0 ] 0x0                (size_t) [0]
	[RSP+6F8 ] 0x0                (size_t) [0]
	[RSP+700 ] 0x0                (size_t) [0]
	[RSP+708 ] 0x0                (size_t) [0]
	[RSP+710 ] 0x27AFE300000000   (size_t) [11170913584152576]
	[RSP+718 ] 0x0                (size_t) [0]
	[RSP+720 ] 0x4096D193         (size_t) [1083625875]
	[RSP+728 ] 0xBFC90FDC         (size_t) [3217625052]
	[RSP+730 ] 0x3C343959         (size_t) [1010055513]
	[RSP+738 ] 0x0                (size_t) [0]
	[RSP+740 ] 0x0                (size_t) [0]
	[RSP+748 ] 0x0                (size_t) [0]
	[RSP+750 ] 0x0                (size_t) [0]
	[RSP+758 ] 0x0                (size_t) [0]
	[RSP+760 ] 0x80000000         (size_t) [2147483648]
	[RSP+768 ] 0x0                (size_t) [0]
	[RSP+770 ] 0x0                (size_t) [0]
	[RSP+778 ] 0x16914DC8100      (Actor*)
		Object Reference: 
		Flags: 0x00000008
		FormID: 0xFF008FFC
		FormType: kNPC_ (45)
		File: "Unofficial Fallout 4 Patch.esp"
		Flags: 0x0040040B
		FormID: 0x000F92D3
		FormType: kACHR (65)
	[RSP+780 ] 0x0                (size_t) [0]
	[RSP+788 ] 0x0                (size_t) [0]
	[RSP+790 ] 0x7FFFFFFF         (size_t) [2147483647]
	[RSP+798 ] 0x0                (size_t) [0]
	[RSP+7A0 ] 0x0                (size_t) [0]
	[RSP+7A8 ] 0x0                (size_t) [0]
	[RSP+7B0 ] 0x0                (size_t) [0]
	[RSP+7B8 ] 0x0                (size_t) [0]
	[RSP+7C0 ] 0x0                (size_t) [0]
	[RSP+7C8 ] 0x0                (size_t) [0]
	[RSP+7D0 ] 0x4E5BB4F938       (void*)
	[RSP+7D8 ] 0x7FF775E53427     (void* -> Fallout4.exe+00C3427	movss xmm11, dword ptr [rsp+0x48] |  ExtraRefrPath::ComputeNextPosition(NiPoint3&,float,NiPoint3&,NiPoint3&,bool&)_C3427)
	[RSP+7E0 ] 0x169BDF1AB66      (void*)
	[RSP+7E8 ] 0xC049176F         (size_t) [3226015599]
	[RSP+7F0 ] 0xBF16DC9D3C40A83E (size_t) [uint: 13769435478610716734 int: -4677308595098834882]
	[RSP+7F8 ] 0x3E35408C         (size_t) [1043677324]
	[RSP+800 ] 0x0                (size_t) [0]
	[RSP+808 ] 0x0                (size_t) [0]
	[RSP+810 ] 0x0                (size_t) [0]
	[RSP+818 ] 0x0                (size_t) [0]
	[RSP+820 ] 0x4E5BB4F890       (void*)
	[RSP+828 ] 0x7FF77792967A     (void* -> Fallout4.exe+1B9967A	test rbx, rbx |  NiNode::UpdateUpwardPass(NiUpdateData&)_1B9967A)
	[RSP+830 ] 0x0                (size_t) [0]
	[RSP+838 ] 0x0                (size_t) [0]
	[RSP+840 ] 0x0                (size_t) [0]
	[RSP+848 ] 0x0                (size_t) [0]
	[RSP+850 ] 0x4E5BB4F890       (void*)
	[RSP+858 ] 0x7FF77792968E     (void* -> Fallout4.exe+1B9968E	mov rbx, [rsp+0x30] |  NiNode::UpdateUpwardPass(NiUpdateData&)_1B9968E)
	[RSP+860 ] 0x16760662800      (SceneGraph*)
		Name: "WorldRoot Node"
		RTTIName: "SceneGraph"
		Flags: 2000280e
		Name: "WorldRoot Node"
	[RSP+868 ] 0x7FF777934303     (void* -> Fallout4.exe+1BA4303	mov rdx, rax |  NiAVObject::UpdateWorldData(NiUpdateData*)_1BA4303)
	[RSP+870 ] 0xC57C0000C4ECDBF0 (size_t) [uint: 14230248925887781872 int: -4216495147821769744]
	[RSP+878 ] 0x7FF777920E9D     (void* -> Fallout4.exe+1B90E9D	 |  NiMatrix3::FromEulerAnglesXYZ(float,float,float)_1B90E9D)
	[RSP+880 ] 0x4E5BB4F890       (void*)
	[RSP+888 ] 0x7FF7778A093F     (void* -> Fallout4.exe+1B1093F	cmp [rdi], eax |  BSReadWriteLock::LockForRead(void)_1B1093F)
	[RSP+890 ] 0x1676064E780      (ShadowSceneNode*)
		Name: "shadow scene node"
		RTTIName: "ShadowSceneNode"
		Flags: 2000280e
		Checking Parent: 
			Name: "WorldRoot Node"
			RTTIName: "SceneGraph"
			Flags: 2000280e
		Name: "shadow scene node"
	[RSP+898 ] 0x3C2975A6         (size_t) [1009350054]
	[RSP+8A0 ] 0x3F0A13ADBF578467 (size_t) [4542464811117020263]
	[RSP+8A8 ] 0xBC99DCA0         (size_t) [3164200096]
	[RSP+8B0 ] 0x16824024E20      (void*)
	[RSP+8B8 ] 0x7FF775DD36DE     (void* -> Fallout4.exe+00436DE	mov rax, rdi |  ExtraDataList::GetExtraData(uchar)_436DE)
	[RSP+8C0 ] 0x16824024E40      (void*)
	[RSP+8C8 ] 0x3F80000044973E62 (size_t) [4575657222559186530]
	[RSP+8D0 ] 0x16823B1D980      (BSFadeNode*)
		RTTIName: "BSFadeNode"
		Flags: 10000400e
		Checking TESObjectREFR: 
			Object Reference: 
			File: "Fallout4.esm"
			Flags: 0x00800009
			EditorID: "XMarker"
			FormID: 0x0000003B
			FormType: kSTAT (36)
		Checking Parent: 
			RTTIName: "NiNode"
			Flags: 80002000280f
			Checking Parent: 
				RTTIName: "BSMultiBoundNode"
				Flags: 2000280e
				Checking Parent: 
					Name: "ObjectLODRoot"
					RTTIName: "NiNode"
					Flags: 2000280e
					Checking Parent: 
						Name: "shadow scene node"
						RTTIName: "ShadowSceneNode"
						Flags: 2000280e
						Checking Parent: 
							Name: "WorldRoot Node"
							RTTIName: "SceneGraph"
							Flags: 2000280e
	[RSP+8D8 ] 0x7FF777929277     (void* -> Fallout4.exe+1B99277	test byte ptr [rbx+0x108], 0x01 |  NiNode::UpdateDownwardPass(NiUpdateData&,uint)_1B99277)
	[RSP+8E0 ] 0x0                (size_t) [0]
	[RSP+8E8 ] 0x7FF775E1C4C7     (void* -> Fallout4.exe+008C4C7	test rax, rax |  ExtraDataList::GetAttachRef(NiPointer<TESObjectREFR>&)_8C4C7)
	[RSP+8F0 ] 0x4E5BB4F870       (void*)
	[RSP+8F8 ] 0x16824024E20      (void*)
	[RSP+900 ] 0x0                (size_t) [0]
	[RSP+908 ] 0x4E5BB4F9D0       (void*)
	[RSP+910 ] 0x16823B1D980      (BSFadeNode*)
		RTTIName: "BSFadeNode"
		Flags: 10000400e
		Checking TESObjectREFR: 
			Object Reference: 
			File: "Fallout4.esm"
			Flags: 0x00800009
			EditorID: "XMarker"
			FormID: 0x0000003B
			FormType: kSTAT (36)
		Checking Parent: 
			RTTIName: "NiNode"
			Flags: 80002000280f
			Checking Parent: 
				RTTIName: "BSMultiBoundNode"
				Flags: 2000280e
				Checking Parent: 
					Name: "ObjectLODRoot"
					RTTIName: "NiNode"
					Flags: 2000280e
					Checking Parent: 
						Name: "shadow scene node"
						RTTIName: "ShadowSceneNode"
						Flags: 2000280e
						Checking Parent: 
							Name: "WorldRoot Node"
							RTTIName: "SceneGraph"
							Flags: 2000280e
	[RSP+918 ] 0x7FF776212284     (void* -> Fallout4.exe+0482284	mov rcx, [rsp+0x60] |  TESObjectREFR::AttachToParentRef3D(void)_482284)
	[RSP+920 ] 0x16824024E40      (void*)
	[RSP+928 ] 0x0                (size_t) [0]
	[RSP+930 ] 0x1693E4C16C0      (TESObjectREFR*)
		Object Reference: 
		File: "Fallout4.esm"
		Flags: 0x00800009
		EditorID: "XMarker"
		FormID: 0x0000003B
		FormType: kSTAT (36)
		Flags: 0x00400508
		FormID: 0xFF003771
		FormType: kREFR (64)
	[RSP+938 ] 0x1693E4C16C0      (TESObjectREFR*)
		Object Reference: 
		File: "Fallout4.esm"
		Flags: 0x00800009
		EditorID: "XMarker"
		FormID: 0x0000003B
		FormType: kSTAT (36)
		Flags: 0x00400508
		FormID: 0xFF003771
		FormType: kREFR (64)
	[RSP+940 ] 0x16823B1D980      (BSFadeNode*)
		RTTIName: "BSFadeNode"
		Flags: 10000400e
		Checking TESObjectREFR: 
			Object Reference: 
			File: "Fallout4.esm"
			Flags: 0x00800009
			EditorID: "XMarker"
			FormID: 0x0000003B
			FormType: kSTAT (36)
		Checking Parent: 
			RTTIName: "NiNode"
			Flags: 80002000280f
			Checking Parent: 
				RTTIName: "BSMultiBoundNode"
				Flags: 2000280e
				Checking Parent: 
					Name: "ObjectLODRoot"
					RTTIName: "NiNode"
					Flags: 2000280e
					Checking Parent: 
						Name: "shadow scene node"
						RTTIName: "ShadowSceneNode"
						Flags: 2000280e
						Checking Parent: 
							Name: "WorldRoot Node"
							RTTIName: "SceneGraph"
							Flags: 2000280e
	[RSP+948 ] 0x7FF775E1B4B0     (void* -> Fallout4.exe+008B4B0	mov rdx, rax |  ExtraDataList::GetSound(BSSoundHandle&)_8B4B0)
	[RSP+950 ] 0x4E5BB4F8F0       (void*)
	[RSP+958 ] 0x0                (size_t) [0]
	[RSP+960 ] 0x1673F579108      (size_t) [1542955962632]
	[RSP+968 ] 0x0                (size_t) [0]
	[RSP+970 ] 0x0                (size_t) [0]
	[RSP+978 ] 0x7FF77617E3FB     (void* -> Fallout4.exe+03EE3FB	lea r11, [rsp+0x70] |  TESObjectREFR::Update3DPosition(bool)_3EE3FB)
	[RSP+980 ] 0x0                (size_t) [0]
	[RSP+988 ] 0x1693E4C16C0      (TESObjectREFR*)
		Object Reference: 
		File: "Fallout4.esm"
		Flags: 0x00800009
		EditorID: "XMarker"
		FormID: 0x0000003B
		FormType: kSTAT (36)
		Flags: 0x00400508
		FormID: 0xFF003771
		FormType: kREFR (64)
	[RSP+990 ] 0x0                (size_t) [0]
	[RSP+998 ] 0x7FF776188949     (void* -> Fallout4.exe+03F8949	mov rbx, [rsp+0x30] |  TESObjectREFR::EnsureStartingPosition(void)_3F8949)
	[RSP+9A0 ] 0x16800000000      (size_t) [1546188226560]
	[RSP+9A8 ] 0x0                (size_t) [0]
	[RSP+9B0 ] 0x100              (size_t) [256]
	[RSP+9B8 ] 0x7FFEB5F8B53E     (void* -> Buffout4.dll+00FB53E	cmp eax, ebx |  E:\Documents\source\repos\vcpkg\buildtrees\tbb\src\v2021.8.0-b8941aa9b2.clean\src\tbbmalloc\frontend.cpp:2537 ?freeOwnObject@Block@internal@rml@@QEAAXPEAX@Z)
	[RSP+9C0 ] 0x3F57920D3F0A0D4D (size_t) [4564277332953140557]
	[RSP+9C8 ] 0x7FF775DF697A     (void* -> Fallout4.exe+006697A	mov rdx, [rdi+0x68] |  TESWorldSpace::GetCellFromKey(uint)_6697A)
	[RSP+9D0 ] 0x0                (size_t) [0]
	[RSP+9D8 ] 0xBC99DCA0         (size_t) [3164200096]
	[RSP+9E0 ] 0x1                (size_t) [1]
	[RSP+9E8 ] 0x7FFEB5F8C673     (void* -> Buffout4.dll+00FC673	mov rdi, [rsp+0x30] |  E:\Documents\source\repos\vcpkg\buildtrees\tbb\src\v2021.8.0-b8941aa9b2.clean\src\tbbmalloc\frontend.cpp:3185 scalable_aligned_free)
	[RSP+9F0 ] 0x16864E28FE0      (void*)
	[RSP+9F8 ] 0x7FFEB6175500     (void* -> Buffout4.dll+02E5500	add [rax], al |  ?memPoolListLock@MemoryPool@internal@rml@@2VMallocMutex@@A_2E5500)
	[RSP+A00 ] 0x167F7C291D0      (void*)
	[RSP+A08 ] 0x4E77C00F42       (size_t) [337016524610]
	[RSP+A10 ] 0x0                (size_t) [0]
	[RSP+A18 ] 0x7FF776ADCF36     (void* -> Fallout4.exe+0D4CF36	mov al, 0x01 |  BSTCommonScrapHeapMessageQueue<BSPackedTask>::DoTryPop(BSPackedTask&)_D4CF36)
	[RSP+A20 ] 0x40A00000         (size_t) [1084227584]
	[RSP+A28 ] 0x0                (size_t) [0]
	[RSP+A30 ] 0x2                (size_t) [2]
	[RSP+A38 ] 0x0                (size_t) [0]
	[RSP+A40 ] 0x50A6DD2052       (size_t) [346396893266]
	[RSP+A48 ] 0x16760687F18      (BSTCommonScrapHeapMessageQueue<BSPackedTask>*)
	[RSP+A50 ] 0x16760648120      (void*)
	[RSP+A58 ] 0x8                (size_t) [8]
	[RSP+A60 ] 0x2980             (size_t) [10624]
	[RSP+A68 ] 0x0                (size_t) [0]
	[RSP+A70 ] 0x0                (size_t) [0]
	[RSP+A78 ] 0x7FF776AE80DB     (void* -> Fallout4.exe+0D580DB	jmp 0x00007FF776AE80C1 |  TaskQueueInterface::ProcessQueues(float,uint)_D580DB)
	[RSP+A80 ] 0x16760687F18      (BSTCommonScrapHeapMessageQueue<BSPackedTask>*)
	[RSP+A88 ] 0x167FF281430      (void*)
	[RSP+A90 ] 0x7FF77B978088     (void* -> Fallout4.exe+5BE8088	add [rax], al |  aDiveBombChance_5BE8088)
	[RSP+A98 ] 0x0                (size_t) [0]
	[RSP+AA0 ] 0x6C               (size_t) [108]
	[RSP+AA8 ] 0x16823BE6480      (AIProcess::PendingActorHeadData*)
	[RSP+AB0 ] 0x0                (size_t) [0]
	[RSP+AB8 ] 0x0                (size_t) [0]
	[RSP+AC0 ] 0x0                (size_t) [0]
	[RSP+AC8 ] 0x0                (size_t) [0]
	[RSP+AD0 ] 0x0                (size_t) [0]
	[RSP+AD8 ] 0x0                (size_t) [0]
	[RSP+AE0 ] 0x0                (size_t) [0]
	[RSP+AE8 ] 0x0                (size_t) [0]
	[RSP+AF0 ] 0x0                (size_t) [0]
	[RSP+AF8 ] 0x0                (size_t) [0]
	[RSP+B00 ] 0x0                (size_t) [0]
	[RSP+B08 ] 0x0                (size_t) [0]
	[RSP+B10 ] 0x0                (size_t) [0]
	[RSP+B18 ] 0x0                (size_t) [0]
	[RSP+B20 ] 0x0                (size_t) [0]
	[RSP+B28 ] 0x0                (size_t) [0]
	[RSP+B30 ] 0x7FF77B978084     (void* -> Fallout4.exe+5BE8084	add [rax], al |  aDiveBombChance_5BE8084)
	[RSP+B38 ] 0x1                (size_t) [1]
	[RSP+B40 ] 0x7FF77B978080     (void* -> Fallout4.exe+5BE8080	add [rax], al |  aDiveBombChance_5BE8080)
	[RSP+B48 ] 0x7FF77B978088     (void* -> Fallout4.exe+5BE8088	add [rax], al |  aDiveBombChance_5BE8088)
	[RSP+B50 ] 0x1676066D520      (void*)
	[RSP+B58 ] 0x0                (size_t) [0]
	[RSP+B60 ] 0x0                (size_t) [0]
	[RSP+B68 ] 0x7FFEB62365AC     (void* -> f4se_1_10_163.dll+00165AC	lea rcx, [0x00007FFEB62EF528])
	[RSP+B70 ] 0xC350             (size_t) [50000]
	[RSP+B78 ] 0x16760687D80      (Main*)
	[RSP+B80 ] 0x7FF700000008     (size_t) [140698833649672]
	[RSP+B88 ] 0x0                (size_t) [0]
	[RSP+B90 ] 0x1676066D520      (void*)
	[RSP+B98 ] 0x7FF776ACB503     (void* -> Fallout4.exe+0D3B503	call 0x00007FF77611AD70 |  Main::UpdateNonRenderSafeAITasks(void)_D3B503)
	[RSP+BA0 ] 0x1676066D520      (void*)
	[RSP+BA8 ] 0x7FF77B97A088     (void* -> Fallout4.exe+5BEA088	and ch, dl |  aDiveBombChance_5BEA088)
	[RSP+BB0 ] 0x7FF77B978084     (void* -> Fallout4.exe+5BE8084	add [rax], al |  aDiveBombChance_5BE8084)
	[RSP+BB8 ] 0x7FFF88963F8E     (void* -> KERNELBASE.dll+0033F8E	nop [rax+rax*1], eax)
	[RSP+BC0 ] 0x7FF77B97A088     (void* -> Fallout4.exe+5BEA088	and ch, dl |  aDiveBombChance_5BEA088)
	[RSP+BC8 ] 0x7FF7778E0F26     (void* -> Fallout4.exe+1B50F26	mov ecx, [rbx+0x0C] |  BSJobs::JobListLocal::RunJobsInternal(uint,BSJobs::ThreadJobListState&,bool)_1B50F26)
	[RSP+BD0 ] 0x7FF77B97A088     (void* -> Fallout4.exe+5BEA088	and ch, dl |  aDiveBombChance_5BEA088)
	[RSP+BD8 ] 0x0                (size_t) [0]
	[RSP+BE0 ] 0x0                (size_t) [0]
	[RSP+BE8 ] 0x1676066D7C0      (void*)
	[RSP+BF0 ] 0x0                (size_t) [0]
	[RSP+BF8 ] 0x0                (size_t) [0]
	[RSP+C00 ] 0x7FF77B98F840     (void* -> Fallout4.exe+5BFF840	and ch, dl |  aDiveBombChance_5BFF840)
	[RSP+C08 ] 0x0                (size_t) [0]
	[RSP+C10 ] 0x7FF77B97A038     (BSJobs::JobThread*)
	[RSP+C18 ] 0x7FF7778E1432     (void* -> Fallout4.exe+1B51432	mov r14d, eax |  BSJobs::JobThread::RunJob(void)_1B51432)
	[RSP+C20 ] 0x0                (size_t) [0]
	[RSP+C28 ] 0x7FF77B97A038     (BSJobs::JobThread*)
	[RSP+C30 ] 0x0                (size_t) [0]
	[RSP+C38 ] 0x4E5BB4FB80       (void*)
	[RSP+C40 ] 0x0                (size_t) [0]
	[RSP+C48 ] 0x0                (size_t) [0]
	[RSP+C50 ] 0x0                (size_t) [0]
	[RSP+C58 ] 0x7FF7778E3F67     (void* -> Fallout4.exe+1B53F67	movzx eax, byte ptr [rbx+0xA74] |  BSJobs::JobThread::ThreadProc(void)_1B53F67)
	[RSP+C60 ] 0x7FF77B97A038     (BSJobs::JobThread*)
	[RSP+C68 ] 0x0                (size_t) [0]
	[RSP+C70 ] 0x0                (size_t) [0]
	[RSP+C78 ] 0x0                (size_t) [0]
	[RSP+C80 ] 0x7FF77B97A038     (BSJobs::JobThread*)
	[RSP+C88 ] 0x7FF7778ACFED     (void* -> Fallout4.exe+1B1CFED	mov rcx, [0x00007FF77B8EBD38] |  BSThread::CallThreadProc(void)_1B1CFED)
	[RSP+C90 ] 0x4C90             (size_t) [19600]
	[RSP+C98 ] 0x4E5BB4FBA0       (void*)
	[RSP+CA0 ] 0x1676064BC90      (void*)
	[RSP+CA8 ] 0x0                (size_t) [0]
	[RSP+CB0 ] 0x7FF77B97A038     (BSJobs::JobThread*)
	[RSP+CB8 ] 0x0                (size_t) [0]
	[RSP+CC0 ] 0x0                (size_t) [0]
	[RSP+CC8 ] 0x7FFF8A1826AD     (void* -> KERNEL32.DLL+00126AD	mov ecx, eax)
	[RSP+CD0 ] 0x0                (size_t) [0]
	[RSP+CD8 ] 0x0                (size_t) [0]
	[RSP+CE0 ] 0x0                (size_t) [0]
	[RSP+CE8 ] 0x0                (size_t) [0]
	[RSP+CF0 ] 0x0                (size_t) [0]
	[RSP+CF8 ] 0x7FFF8B48AA68     (void* -> ntdll.dll+005AA68	jmp 0x00007FFF8B48AA89)
	[RSP+D00 ] 0x0                (size_t) [0]
	[RSP+D08 ] 0x0                (size_t) [0]
	[RSP+D10 ] 0x0                (size_t) [0]
	[RSP+D18 ] 0x0                (size_t) [0]
	[RSP+D20 ] 0x0                (size_t) [0]
	[RSP+D28 ] 0x0                (size_t) [0]
	[RSP+D30 ] 0xFA5F634700000000 (size_t) [uint: 18041247788863324160 int: -405496284846227456]
	[RSP+D38 ] 0x0                (size_t) [0]
	[RSP+D40 ] 0x4F0FFFFFB30      (size_t) [5433133628208]
	[RSP+D48 ] 0x7FFF88A8BD30     (void* -> KERNELBASE.dll+015BD30	mov [rsp+0x10], rbx)
	[RSP+D50 ] 0x4E5BB4DF80       (void*)
	[RSP+D58 ] 0xEE0000FFFEE5EFBC (size_t) [uint: 17149708480519991228 int: -1297035593189560388]
	[RSP+D60 ] 0x7FFF72F7DE77     (size_t) [140735122234999]
	[RSP+D68 ] 0x4E5BB4DF80       (void*)
	[RSP+D70 ] 0x0                (size_t) [0]
	[RSP+D78 ] 0x0                (size_t) [0]
	[RSP+D80 ] 0x0                (size_t) [0]
	[RSP+D88 ] 0x0                (size_t) [0]
	[RSP+D90 ] 0x0                (size_t) [0]
	[RSP+D98 ] 0x0                (size_t) [0]
	[RSP+DA0 ] 0x0                (size_t) [0]
	[RSP+DA8 ] 0x0                (size_t) [0]
	[RSP+DB0 ] 0x0                (size_t) [0]
	[RSP+DB8 ] 0x0                (size_t) [0]
	[RSP+DC0 ] 0x0                (size_t) [0]
	[RSP+DC8 ] 0x0                (size_t) [0]
	[RSP+DD0 ] 0x0                (size_t) [0]
	[RSP+DD8 ] 0x0                (size_t) [0]
	[RSP+DE0 ] 0x0                (size_t) [0]
	[RSP+DE8 ] 0x0                (size_t) [0]
	[RSP+DF0 ] 0x0                (size_t) [0]
	[RSP+DF8 ] 0x0                (size_t) [0]
	[RSP+E00 ] 0x0                (size_t) [0]
	[RSP+E08 ] 0x0                (size_t) [0]
	[RSP+E10 ] 0x0                (size_t) [0]
	[RSP+E18 ] 0x0                (size_t) [0]
	[RSP+E20 ] 0x0                (size_t) [0]
	[RSP+E28 ] 0x0                (size_t) [0]
	[RSP+E30 ] 0x0                (size_t) [0]
	[RSP+E38 ] 0x0                (size_t) [0]
	[RSP+E40 ] 0x0                (size_t) [0]
	[RSP+E48 ] 0x0                (size_t) [0]
	[RSP+E50 ] 0x0                (size_t) [0]
	[RSP+E58 ] 0x0                (size_t) [0]
	[RSP+E60 ] 0x0                (size_t) [0]
	[RSP+E68 ] 0x0                (size_t) [0]
	[RSP+E70 ] 0x0                (size_t) [0]
	[RSP+E78 ] 0x0                (size_t) [0]
	[RSP+E80 ] 0x0                (size_t) [0]
	[RSP+E88 ] 0x0                (size_t) [0]
	[RSP+E90 ] 0x0                (size_t) [0]
	[RSP+E98 ] 0x0                (size_t) [0]
	[RSP+EA0 ] 0x0                (size_t) [0]
	[RSP+EA8 ] 0x0                (size_t) [0]
	[RSP+EB0 ] 0x0                (size_t) [0]
	[RSP+EB8 ] 0x0                (size_t) [0]
	[RSP+EC0 ] 0x0                (size_t) [0]
	[RSP+EC8 ] 0x0                (size_t) [0]
	[RSP+ED0 ] 0x0                (size_t) [0]
	[RSP+ED8 ] 0x0                (size_t) [0]
	[RSP+EE0 ] 0x0                (size_t) [0]
	[RSP+EE8 ] 0x0                (size_t) [0]
	[RSP+EF0 ] 0x0                (size_t) [0]
	[RSP+EF8 ] 0x0                (size_t) [0]
	[RSP+F00 ] 0x0                (size_t) [0]
	[RSP+F08 ] 0x0                (size_t) [0]
	[RSP+F10 ] 0x0                (size_t) [0]
	[RSP+F18 ] 0x0                (size_t) [0]
	[RSP+F20 ] 0x0                (size_t) [0]
	[RSP+F28 ] 0x0                (size_t) [0]
	[RSP+F30 ] 0x0                (size_t) [0]
	[RSP+F38 ] 0x0                (size_t) [0]
	[RSP+F40 ] 0x0                (size_t) [0]
	[RSP+F48 ] 0x0                (size_t) [0]
	[RSP+F50 ] 0x0                (size_t) [0]
	[RSP+F58 ] 0x0                (size_t) [0]
	[RSP+F60 ] 0x0                (size_t) [0]
	[RSP+F68 ] 0x0                (size_t) [0]
	[RSP+F70 ] 0x0                (size_t) [0]
	[RSP+F78 ] 0x0                (size_t) [0]
	[RSP+F80 ] 0x0                (size_t) [0]
	[RSP+F88 ] 0x0                (size_t) [0]
	[RSP+F90 ] 0x0                (size_t) [0]
	[RSP+F98 ] 0x0                (size_t) [0]
	[RSP+FA0 ] 0x0                (size_t) [0]
	[RSP+FA8 ] 0x0                (size_t) [0]
	[RSP+FB0 ] 0x0                (size_t) [0]
	[RSP+FB8 ] 0x0                (size_t) [0]
	[RSP+FC0 ] 0x0                (size_t) [0]
	[RSP+FC8 ] 0x0                (size_t) [0]
	[RSP+FD0 ] 0x0                (size_t) [0]
	[RSP+FD8 ] 0x0                (size_t) [0]
	[RSP+FE0 ] 0x0                (size_t) [0]
	[RSP+FE8 ] 0x0                (size_t) [0]
	[RSP+FF0 ] 0x0                (size_t) [0]
	[RSP+FF8 ] 0x0                (size_t) [0]
	[RSP+1000] 0x0                (size_t) [0]
	[RSP+1008] 0x0                (size_t) [0]
	[RSP+1010] 0x0                (size_t) [0]
	[RSP+1018] 0x0                (size_t) [0]
	[RSP+1020] 0x0                (size_t) [0]
	[RSP+1028] 0x0                (size_t) [0]
	[RSP+1030] 0x0                (size_t) [0]
	[RSP+1038] 0x0                (size_t) [0]
	[RSP+1040] 0x0                (size_t) [0]
	[RSP+1048] 0x0                (size_t) [0]
	[RSP+1050] 0x0                (size_t) [0]
	[RSP+1058] 0x0                (size_t) [0]
	[RSP+1060] 0x0                (size_t) [0]
	[RSP+1068] 0x0                (size_t) [0]
	[RSP+1070] 0x0                (size_t) [0]
	[RSP+1078] 0x0                (size_t) [0]
	[RSP+1080] 0x0                (size_t) [0]
	[RSP+1088] 0x0                (size_t) [0]
	[RSP+1090] 0x0                (size_t) [0]
	[RSP+1098] 0x0                (size_t) [0]
	[RSP+10A0] 0x0                (size_t) [0]
	[RSP+10A8] 0x0                (size_t) [0]
	[RSP+10B0] 0x0                (size_t) [0]
	[RSP+10B8] 0x0                (size_t) [0]
	[RSP+10C0] 0x0                (size_t) [0]
	[RSP+10C8] 0x0                (size_t) [0]
	[RSP+10D0] 0x0                (size_t) [0]
	[RSP+10D8] 0x0                (size_t) [0]
	[RSP+10E0] 0x0                (size_t) [0]
	[RSP+10E8] 0x0                (size_t) [0]
	[RSP+10F0] 0x0                (size_t) [0]
	[RSP+10F8] 0x0                (size_t) [0]
	[RSP+1100] 0x0                (size_t) [0]
	[RSP+1108] 0x0                (size_t) [0]

MODULES:
	XINPUT1_3.dll                      0x000000400000
	X3DAudio1_7.dll                    0x0000628F0000
	steam_api64.dll                    0x000062900000
	tbb.dll                            0x000180000000
	tbbmalloc.dll                      0x016746C70000
	LL_fourPlay_1_10_163.dll           0x016747790000
	BetterConsole.dll                  0x01674AC00000
	Fallout4.exe                       0x7FF775D90000
	XAudio2_7.dll                      0x7FFEB20C0000
	gameoverlayrenderer64.dll          0x7FFEB23D0000
	XDI.dll                            0x7FFEB25F0000
	wsfw_identifier.dll                0x7FFEB2660000
	WhoseQuestIsItAnywayF4.dll         0x7FFEB2760000
	UnlimitedFastTravel.dll            0x7FFEB27C0000
	SUP_F4SE.dll                       0x7FFEB2810000
	ShadowBoostFO4.dll                 0x7FFEB2AA0000
	SettlementOfUnlimitedSize.dll      0x7FFEB2B70000
	RustyFaceFix.dll                   0x7FFEB2BC0000
	RobCo_Patcher.dll                  0x7FFEB2C10000
	PRKF.dll                           0x7FFEB2CE0000
	PrivateProfileRedirector.dll       0x7FFEB2D70000
	PowerGridTools.dll                 0x7FFEB2DD0000
	po3_SpellPerkItemDistributorF4.dll 0x7FFEB2E40000
	po3_BaseObjectSwapperF4.dll        0x7FFEB2F50000
	place.dll                          0x7FFEB3060000
	NVIDIA_Reflex.dll                  0x7FFEB30E0000
	steamclient64.dll                  0x7FFEB31B0000
	cudart64_75.dll                    0x7FFEB47C0000
	GFSDK_GodraysLib.x64.dll           0x7FFEB4820000
	GFSDK_SSAO_D3D11.win64.dll         0x7FFEB4880000
	flexExtRelease_x64.dll             0x7FFEB4910000
	flexRelease_x64.dll                0x7FFEB4970000
	MSVCR110.dll                       0x7FFEB4AC0000
	MSVCP110.dll                       0x7FFEB4BA0000
	IPHLPAPI.DLL                       0x7FFEB4C50000
	WINHTTP.dll                        0x7FFEB5210000
	bink2w64.dll                       0x7FFEB54D0000
	PlotUI.dll                         0x7FFEB5580000
	PipboyTabs.dll                     0x7FFEB55C0000
	MODExplorer.dll                    0x7FFEB5620000
	mcm.dll                            0x7FFEB56A0000
	Outfit-ReDress-Fix.dll             0x7FFEB5790000
	lootman.dll                        0x7FFEB57E0000
	LooksmenuPlayerRotation.dll        0x7FFEB5850000
	CONCRT140.dll                      0x7FFEB58A0000
	Interior-NavCut-Fix.dll            0x7FFEB58F0000
	F4z Ro D'oh.dll                    0x7FFEB5940000
	crafting_highlight_fix.dll         0x7FFEB59B0000
	ConsoleUtilF4.dll                  0x7FFEB5A00000
	BakaFullscreenPipboy.dll           0x7FFEB5A50000
	BakaFramework.dll                  0x7FFEB5B20000
	BakaAutoLockpicking.dll            0x7FFEB5C10000
	pppl.dll                           0x7FFEB5CB0000
	HighFPSPhysicsFix.dll              0x7FFEB5CF0000
	f4ee.dll                           0x7FFEB5D80000
	Buffout4.dll                       0x7FFEB5E90000
	f4se_1_10_163.dll                  0x7FFEB6220000
	vstdlib_s64.dll                    0x7FFEB6300000
	ESPExplorer.dll                    0x7FFEB64A0000
	tier0_s64.dll                      0x7FFEB6500000
	xinput1_4.dll                      0x7FFEC4EB0000
	f4se_steam_loader.dll              0x7FFECA4C0000
	usvfs_x64.dll                      0x7FFECAB70000
	PriorityMod.dll                    0x7FFECAD00000
	nvspcap64.dll                      0x7FFF3E450000
	UIAutomationCore.dll               0x7FFF4C7D0000
	encounter_zone_recalculation.dll   0x7FFF558F0000
	nvwgf2umx.dll                      0x7FFF5F0E0000
	WeaponDebrisCrashFix.dll           0x7FFF650C0000
	threadpoolwinrt.dll                0x7FFF65150000
	MessageBus.dll                     0x7FFF6CAA0000
	nvldumdx.dll                       0x7FFF6D550000
	inputhost.dll                      0x7FFF6DB20000
	OneCoreCommonProxyStub.dll         0x7FFF6E480000
	Windows.UI.dll                     0x7FFF705A0000
	OLEACC.dll                         0x7FFF70CD0000
	WINSPOOL.DRV                       0x7FFF70D40000
	COMCTL32.dll                       0x7FFF70DE0000
	WININET.dll                        0x7FFF72440000
	textinputframework.dll             0x7FFF72C60000
	directxdatabasehelper.dll          0x7FFF73BB0000
	MSIMG32.dll                        0x7FFF73FA0000
	Secur32.dll                        0x7FFF740E0000
	AUDIOSES.DLL                       0x7FFF77CF0000
	nvToolsExt64_1.dll                 0x7FFF78290000
	MSVCP140_ATOMIC_WAIT.dll           0x7FFF782A0000
	OneCoreUAPCommonProxyStub.dll      0x7FFF78410000
	CoreUIComponents.dll               0x7FFF792A0000
	ResampleDmo.DLL                    0x7FFF7A2E0000
	msdmo.dll                          0x7FFF7A3A0000
	winmmbase.dll                      0x7FFF7A6D0000
	DSOUND.DLL                         0x7FFF7AF20000
	DbgHelp.dll                        0x7FFF7AFD0000
	WINMM.dll                          0x7FFF7B8B0000
	MSVCP140.dll                       0x7FFF7C3A0000
	VCRUNTIME140.dll                   0x7FFF7C520000
	gdiplus.dll                        0x7FFF7C630000
	VCRUNTIME140_1.dll                 0x7FFF7DA30000
	avrt.dll                           0x7FFF7DD50000
	nvapi64.dll                        0x7FFF7F1C0000
	MMDevApi.dll                       0x7FFF806A0000
	drvstore.dll                       0x7FFF81AC0000
	cryptnet.dll                       0x7FFF81C50000
	VERSION.dll                        0x7FFF81E20000
	dhcpcsvc.DLL                       0x7FFF824F0000
	WINHTTP.DLL                        0x7FFF82580000
	D3DCOMPILER_47.dll                 0x7FFF843F0000
	d3d11.dll                          0x7FFF85020000
	dcomp.dll                          0x7FFF85280000
	CoreMessaging.dll                  0x7FFF858E0000
	UxTheme.dll                        0x7FFF85D70000
	dxcore.dll                         0x7FFF85EB0000
	dxgi.dll                           0x7FFF85EF0000
	dwmapi.dll                         0x7FFF860F0000
	resourcepolicyclient.dll           0x7FFF86260000
	wintypes.dll                       0x7FFF86650000
	windows.storage.dll                0x7FFF86790000
	HID.DLL                            0x7FFF87080000
	IpHlpAPI.dll                       0x7FFF87320000
	rsaenh.dll                         0x7FFF87780000
	kernel.appcore.dll                 0x7FFF877C0000
	ntmarta.dll                        0x7FFF878A0000
	UMPDC.dll                          0x7FFF879E0000
	powrprof.dll                       0x7FFF87A00000
	SSPICLI.DLL                        0x7FFF87B60000
	MSWSOCK.dll                        0x7FFF87D70000
	wldp.dll                           0x7FFF87FF0000
	CRYPTBASE.DLL                      0x7FFF88070000
	CRYPTSP.dll                        0x7FFF88090000
	MSASN1.dll                         0x7FFF880E0000
	bcrypt.dll                         0x7FFF881D0000
	devobj.dll                         0x7FFF884D0000
	cfgmgr32.dll                       0x7FFF88500000
	profapi.dll                        0x7FFF88740000
	win32u.dll                         0x7FFF88810000
	bcryptPrimitives.dll               0x7FFF88840000
	WINTRUST.dll                       0x7FFF888C0000
	KERNELBASE.dll                     0x7FFF88930000
	msvcp_win.dll                      0x7FFF88CE0000
	CRYPT32.dll                        0x7FFF88D80000
	ucrtbase.dll                       0x7FFF88EF0000
	gdi32full.dll                      0x7FFF890D0000
	IMM32.DLL                          0x7FFF89200000
	MSCTF.dll                          0x7FFF89240000
	msvcrt.dll                         0x7FFF89370000
	GDI32.dll                          0x7FFF89420000
	USER32.dll                         0x7FFF89450000
	OLEAUT32.dll                       0x7FFF89600000
	SHELL32.dll                        0x7FFF89770000
	SHLWAPI.dll                        0x7FFF8A060000
	sechost.dll                        0x7FFF8A0C0000
	KERNEL32.DLL                       0x7FFF8A170000
	SETUPAPI.dll                       0x7FFF8A240000
	ADVAPI32.dll                       0x7FFF8A730000
	NSI.dll                            0x7FFF8A7E0000
	ole32.dll                          0x7FFF8A7F0000
	COMDLG32.dll                       0x7FFF8AA20000
	WS2_32.dll                         0x7FFF8AB20000
	combase.dll                        0x7FFF8ABA0000
	imagehlp.dll                       0x7FFF8AF30000
	clbcatq.dll                        0x7FFF8AF50000
	PSAPI.DLL                          0x7FFF8B1C0000
	RPCRT4.dll                         0x7FFF8B1D0000
	shcore.dll                         0x7FFF8B2F0000
	ntdll.dll                          0x7FFF8B430000

F4SE PLUGINS:
	BakaAutoLockpicking.dll v2
	BakaFramework.dll v1.10
	BakaFullscreenPipboy.dll v1.2
	BetterConsole.dll
	Buffout4.dll v1.31.1
	ConsoleUtilF4.dll v1.0.1
	crafting_highlight_fix.dll
	encounter_zone_recalculation.dll
	ESPExplorer.dll
	f4ee.dll
	F4z Ro D'oh.dll v1.1.6.1030
	HighFPSPhysicsFix.dll
	Interior-NavCut-Fix.dll v1.0.3
	LL_fourPlay_1_10_163.dll
	LooksmenuPlayerRotation.dll
	lootman.dll
	mcm.dll
	MODExplorer.dll
	NVIDIA_Reflex.dll v1
	Outfit-ReDress-Fix.dll v1
	PipboyTabs.dll
	place.dll
	PlotUI.dll
	po3_BaseObjectSwapperF4.dll v1
	po3_SpellPerkItemDistributorF4.dll v2
	PowerGridTools.dll
	pppl.dll
	PriorityMod.dll
	PrivateProfileRedirector.dll
	PRKF.dll
	RobCo_Patcher.dll v1
	RustyFaceFix.dll v2.0.1
	SettlementOfUnlimitedSize.dll
	ShadowBoostFO4.dll
	SUP_F4SE.dll
	UnlimitedFastTravel.dll
	WeaponDebrisCrashFix.dll
	WhoseQuestIsItAnywayF4.dll v1
	wsfw_identifier.dll
	XDI.dll

PLUGINS:
	[00]     Fallout4.esm
	[01]     DLCRobot.esm
	[02]     DLCworkshop01.esm
	[03]     DLCCoast.esm
	[04]     DLCworkshop02.esm
	[05]     DLCworkshop03.esm
	[06]     DLCNukaWorld.esm
	[07]     ccrzrfo4001-tunnelsnakes.esm
	[08]     ccswkfo4001-astronautpowerarmor.esm
	[09]     cczsef04001-bhouse.esm
	[0A]     cctosfo4001-neosky.esm
	[0B]     cczsefo4002-smanor.esm
	[0C]     cctosfo4002_neonflats.esm
	[0D]     Unofficial Fallout 4 Patch.esp
	[0E]     HUDFramework.esm
	[0F]     XDI.esm
	[10]     WorkshopFramework.esm
	[11]     FortStronger.esm
	[12]     SouthOfTheSea.esm
	[13]     SS2.esm
	[14]     SS2_XPAC_Chapter2.esm
	[15]     SS2_XPAC_Chapter3.esm
	[16]     DCGuard_Overhaul.esp
	[17]     InstituteTechnologyOverhaul.esm
	[18]     MFC2023_EndAlz_Trunk.esm
	[19]     Random Robots - True Leveled.esm
	[1A]     SS2Extended.esp
	[1B]     NukaWorldReborn.esp
	[1C]     VivaNukaWorldQuests.esp
	[1D]     NoSharedDogmeatTemplate.esp
	[1E]     NukaWorldPlus.esp
	[1F]     Ketaros_Treasures.esp
	[20]     FaceMaxson.esp
	[21]     127mmSMG.esp
	[22]     CheatTerminal.esp
	[23]     DCGuard_Overhaul-SettlementWorkshop.esp
	[24]     InstituteTechnologyOverhaul - FULL.esp
	[25]     F4NVRechargerWeapons.esp
	[26]     Immersive Courser Overhaul.esp
	[27]     Glock86.esp
	[28]     KSHairsFemsheppingRadbeetle.esp
	[29]     The Eyes Of Beauty.esp
	[2A]     UltracitePA.esp
	[2B]     SS2_FDK_TinyLiving.esp
	[2C]     Eli_Armour_Compendium.esp
	[2D]     Ketaros_MissingMags.esp
	[2E]     CreationClubDelay.esp
	[2F]     Jacq-CompanionPerkMags.esp
	[30]     F4NVLaserPistol.esp
	[31]     Shadow Wastelands SS2 World Repopulation Cells.esp
	[32]     Full Artillery System Overhaul.esp
	[33]     llamaCompanionHeatherv2.esp
	[34]     SS2WastelandVenturers.esp
	[35]     AtomsGloryThreads.esp
	[36]     0_Vault120.esp
	[37]     BetaWaveHarmonica.esp
	[38]     [SS20Addon] SimSettlements SuperStructures.esp
	[39]     GtN_SettlersatPlay.esp
	[3A]     Cho1-SS2-Cosmosplot.esp
	[3B]     SS2-Jampads2.esp
	[3C]     SS2_ruined_simsettlement_addonpack.esp
	[3D]     SS2_STRA_Buildings_and_Skins.esp
	[3E]     SS2_STRA_Support_Buildings.esp
	[3F]     CF_AtomicWarlord.esp
	[40]     GarageHomesAndSensibleSecurity.esp
	[41]     JunkTownTwo.esp
	[42]     SS2_Addon_FHE.esp
	[43]     SS2_Addon_PSC_Plots.esp
	[44]     SS2-PraRandomAddon.esp
	[45]     DP_CaravanShotgun.esp
	[46]     SigSauer127.esp
	[47]     F4CW10mmSMG.esp
	[48]     DesertEagleNV.esp
	[49]     22LR_SilentPistol_ENG.esp
	[4A]     SelectRapidMG.esp
	[4B]     SelectShotgun.esp
	[4C]     ESPExplorerFO4.esp
	[4D]     SettlementMenuManager.esp
	[4E]     AutomatronUnlockedNukaParts.esp
	[4F]     Better Randomized Robots - vanilla loot patch.esp
	[50]     HuntingRevolver.esp
	[51]     LooksMenu Customization Compendium.esp
	[52]     HoloTime_2.esp
	[53]     SelectMarksman.esp
	[54]     Better_Settlement_Defence.esp
	[55]     PlasmaDefenderStandalone.esp
	[56]     PBW-PlasmaPistol.esp
	[57]     VisibleCompanionAffinity.esp
	[58]     ChineseStealthSuit.esp
	[59]     KSHairdos.esp
	[5A]     CompanionStatus.esp
	[5B]     DOOMCatalyst.esp
	[5C]     Playable Synth Eyes.esp
	[5D]     F3metalarmor.esp
	[5E]     Radium.esp
	[5F]     SKKFastBOS.esp
	[60]     SRV_StopRadioVoice.esp
	[61]     TacticalCourser.esp
	[62]     The Eyes of Beauty Looking Stranger.esp
	[63]     NaiSynthProstheticArm.esp
	[64]     PersistentVolumeSliders.esp
	[65]     SKKOmodStripper.esp
	[66]     Vault-Tec Workshop Overhaul Redux.esp
	[67]     Vault88 - Essentials.esp
	[68]     Vault 88 Template - Optimised.esp
	[69]     Alex's Settlement Power Pylon.esp
	[6A]     MS Contraptions - SS2 ASAM Builder.esp
	[6B]     ohSIM_Sim2_Settlements_Scrappers_Addon.esp
	[6C]     SS2_CityPlanContestAssistant.esp
	[6D]     SS2_MsB_PlainPlans.esp
	[6E]     SS2_SIMPDDDD.esp
	[6F]     SS2CaravanSnatex.esp
	[70]     SS2UI.esp
	[71]     TheRon_MapMarker.esp
	[72]     DCGuard_Overhaul-Workshop.esp
	[73]     CoASettlers.esp
	[74]     GCM.esp
	[75]     155mm Howitzer M1.esp
	[76]     Simple Artillery Strikes.esp
	[77]     Reverb and Ambiance Overhaul.esp
	[78]     FO4R.esp
	[79]     jsrs.esp
	[7A]     FATE Core - Tweaks.esp
	[7B]     10MMTF.esp
	[7C]     Mors Shortcut to Curie.esp
	[7D]     BostonLibrarySettlement.esp
	[FE:000] ccbgsfo4018-gaussrifleprototype.esl
	[FE:001] ccbgsfo4019-chinesestealtharmor.esl
	[FE:002] ccbgsfo4042-bfg.esl
	[FE:003] ccbgsfo4044-hellfirepowerarmor.esl
	[FE:004] ccfsvfo4002-midcenturymodern.esl
	[FE:005] ccfrsfo4001-handmadeshotgun.esl
	[FE:006] cceejfo4001-decorationpack.esl
	[FE:007] ccbgsfo4045-advarccab.esl
	[FE:008] ccfsvfo4003-slocum.esl
	[FE:009] ccfrsfo4002-antimaterielrifle.esl
	[FE:00A] cceejfo4002-nuka.esl
	[FE:00B] ccsbjfo4001-solarflare.esl
	[FE:00C] cckgjfo4001-bastion.esl
	[FE:00D] ccqdrfo4001_powerarmorai.esl
	[FE:00E] ccbgsfo4115-x02.esl
	[FE:00F] ccrzrfo4002-disintegrate.esl
	[FE:010] ccbgsfo4116-heavyflamer.esl
	[FE:011] ccjvdfo4001-holiday.esl
	[FE:012] ccbgsfo4047-qthund.esl
	[FE:013] ccfrsfo4003-cr75l.esl
	[FE:014] ccsbjfo4002_manwellrifle.esl
	[FE:015] ccbgsfo4046-tescan.esl
	[FE:016] ccgcafo4025-pagunmm.esl
	[FE:017] FATE Core - Fixes.esl
	[FE:018] BakaFramework.esm
	[FE:019] LIF.esl
	[FE:01A] PPF.esm
	[FE:01B] Munitions - An Ammo Expansion.esl
	[FE:01C] VCM_Sanctuary_Navmesh_Update_W_Roof.esl
	[FE:01D] Ketaros_NewMags.esl
	[FE:01E] VCM_StarlightDrivein_Navmesh_Update.esl
	[FE:01F] VCM_CoastalCottage_Navmesh_Update.esl
	[FE:020] VCM_EgretTours_Navmesh_Update.esl
	[FE:021] VCM_TheSlog_Navmesh_Update.esl
	[FE:022] VCM_KingsportLighthouse_Vanilla_Navmesh_Update.esl
	[FE:023] VCM_GreentopNursery_Navmesh_Update.esl
	[FE:024] VCM_RedRocket_Navmesh_Update.esl
	[FE:025] VCM_Murkwater_Navmesh_Update.esl
	[FE:026] Munitions - Vanilla Ammo Addon.esl
	[FE:027] CW10mmPistol.esl
	[FE:028] CanarySaveFileMonitor.esl
	[FE:029] Actually Viable Junk Jet.esl
	[FE:02A] ConfigurableHotkeys.esl
	[FE:02B] IDEKsLogisticsStation2.esl
	[FE:02C] T65PA.esl
	[FE:02D] ImmersiveTeleportation.esl
	[FE:02E] IceStormsHair.esl
	[FE:02F] CROSS_VertibirdFlightsuit.esl
	[FE:030] RedShiftPowerArmor.esl
	[FE:031] EnclavePack.esl
	[FE:032] HellcatPA.esl
	[FE:033] UniversalDisassembler.esl
	[FE:034] SetMaxSettlers.esl
	[FE:035] DDLL.esl
	[FE:036] GCM_DLC_Automatron.esl
	[FE:037] GCM_DLC_Far_Harbor.esl
	[FE:038] VCM_CoastalCottage_GarageFloorFix_F-ESL.esl
	[FE:039] LIF_DisableInjectionOptions.esl
	[FE:03A] BakaAutoLockpicking.esm
	[FE:03B] GavMan_CastleMar22_Layouts.esl
	[FE:03C] ZJ-Starlight-PerfPlan.esl
	[FE:03D] ZJ PerfPlan - Zimonja.esl
	[FE:03E] ZJ PerfPlan - Tenpines.esl
	[FE:03F] ZJ PerfPlan - Taffington.esl
	[FE:040] ZJ PerfPlan - Sunshine.esl
	[FE:041] ZJ PerfPlan - Sanctuary.esl
	[FE:042] ZJ PerfPlan - RedRocket.esl
	[FE:043] ZJ PerfPlan - Abernathy.esl
	[FE:044] WG City Plans Pack ESL.esl
	[FE:045] Vee_SS2_SettlersEssentialPatch.esl
	[FE:046] ThrowMoneyAtSS2.esl
	[FE:047] GavMan_CastleMar22_CityPlan.esl
	[FE:048] GavMan_AbernathyJan22_CityPlan.esl
	[FE:049] Cho1_Vault88_Metro_Plan.esl
	[FE:04A] Vee_SS2_Chapter2_SettlersEssentialPatch.esl
	[FE:04B] BakaFullscreenPipboy.esm
	[FE:04C] REFramework.esm
	[FE:04D] SS2Extended_OutfitInjectionPatch.esp
	[FE:04E] CBBE.esp
	[FE:04F] WCLI_PoseidonEnergyTurbine.esp
	[FE:050] eXoKetarosLootableTreasures.esp
	[FE:051] WCLI_RockIslandLighthouse.esp
	[FE:052] WCLI_NatickSubstation.esp
	[FE:053] NewtonsRegards.esp
	[FE:054] Dank_ECO.esp
	[FE:055] CROSS_InstituteExpeditionarySuit.esp
	[FE:056] WCLI_NahantRedRocket.esp
	[FE:057] BetterFarHarbor_Open.esp
	[FE:058] WCLI_North_Point_Park.esp
	[FE:059] Diamond City Owns It's Crops.esp
	[FE:05A] Dank_LEO.esp
	[FE:05B] SS2_FensSheriffDept_Patch.esp
	[FE:05C] SS2-AUR-HangmansAlleyCityPlanTweaks.esp
	[FE:05D] NO MORE HAMMERS.esp
	[FE:05E] NoVault88Radiation.esp
	[FE:05F] Improved Quest Objectives for FO4 - IQOFO4.esp
	[FE:060] stealth_module.esp
	[FE:061] MiscHairstyle.esp
	[FE:062] LookingStranger.esp
	[FE:063] Lots More Facial Hair.esp
	[FE:064] Lots More Male Hairstyles.esp
	[FE:065] SF Institute.esp
	[FE:066] FS_FarHarborBoatFastTravel.esp
	[FE:067] DualGun.esp
	[FE:068] SelectRevolver.esp
	[FE:069] AtomsGloryThreadsPatch_CoAOverhaul.esp
	[FE:06A] 10SPECIAL.esp
	[FE:06B] SelectAssaultRifle.esp
	[FE:06C] SelectPowerArmor.esp
	[FE:06D] LooksMenu.esp
	[FE:06E] Dank_ECO-Munitions.esp
	[FE:06F] Dank_WOP-22SilentPistol.esp
	[FE:070] Dank_ECO_DLCRobot.esp
	[FE:071] Dank_ECO_DLCNukaWorld.esp
	[FE:072] Dank_ECO_DLCCoast.esp
	[FE:073] 22LR Silenced Pistol - Hi-Res Textures.esp
	[FE:074] Munitions-Additional Ammo.esp
	[FE:075] Operator Edits - Companion Fall Damage Immunity.esp
	[FE:076] AutomatronUnlocked.esp
	[FE:077] LibraryExtras.esp
	[FE:078] GenericDeliverer.esp
	[FE:079] Compact Pistol - Unofficial Tweaks.esp
	[FE:07A] Compact Pistol - Unofficial Tweaks - Deliverer Patch.esp
	[FE:07B] CoAPowerArmor.esp
	[FE:07C] DiscreteFemaleSkeleton.esp
	[FE:07D] LooksMenu1stPersonViewItemsFix.esp
	[FE:07E] DX Courser X-92 Power Suit.esp
	[FE:07F] CROSS_CourserStrigidae.esp
	[FE:080] HeavySelectShotgun.esp
	[FE:081] PhotonDisruptor.esp
	[FE:082] SelectPhoton_ITOinjectPatch.esp
	[FE:083] Manwell Rifle - Unofficial Update.esp
	[FE:084] Enhanced Vanilla Plants.esp
	[FE:085] CreationClubChineseStealthArmorImproved.esp
	[FE:086] CBBEHR.esp
	[FE:087] Dank_LEO-Automatron.esp
	[FE:088] Dank_LEO_DLCCoast.esp
	[FE:089] Dank_LEO_DLCNukaWorld.esp
	[FE:08A] GaS2BVTurretsBroke.esp
	[FE:08B] Actual Legendary Rust Devils.esp
	[FE:08C] Dead Settlement Brahmin Despawn.esp
	[FE:08D] PipeGun.esp
	[FE:08E] Pipe Gun Improvements.esp
	[FE:08F] Submachine Gun Improvements.esp
	[FE:090] Fallout76_wpn_dmg.esp
	[FE:091] Enhanced Vanilla Rocks.esp
	[FE:092] Enhanced Vanilla Vines.esp
	[FE:093] Companions Use Companion Perk Overhaul.esp
	[FE:094] Computer Console illuminated.esp
	[FE:095] FS_NukaWorldTramFastTravel.esp
	[FE:096] IDEKsLogisticsStation2_SS2_Patch.esp
	[FE:097] HighlightConsoleReference.esp
	[FE:098] ImmersiveTeleportation_lessPower.esp
	[FE:099] ImmersiveTeleportation_lessRads.esp
	[FE:09A] ImmersiveTeleportation_quickstart.esp
	[FE:09B] IT_SS2.esp
	[FE:09C] DCRE.esp
	[FE:09D] DCRE-FixRadio.esp
	[FE:09E] TacticalCourser_Standalone.esp
	[FE:09F] PR_Automatron.esp
	[FE:0A0] Radium Rifle Improvements.esp
	[FE:0A1] Radvolver.esp
	[FE:0A2] Rusty Face Fix.esp
	[FE:0A3] UncappedSettlementSurplus.esp
	[FE:0A4] LessAnnoyingMMQuests.esp
	[FE:0A5] AzarPonytailHairstyles.esp
	[FE:0A6] ccTeslaCannon Patch.esp
	[FE:0A7] SlcJoepatch.esp
	[FE:0A8] 12.7mm SMG - Munitions Patch.esp
	[FE:0A9] Select Marksman Rifle - Munitions Patch.esp
	[FE:0AA] SS2_RobotMod.esp
	[FE:0AB] Dank_LAB.esp
	[FE:0AC] Dank_LAB_DLCNukaWorld.esp
	[FE:0AD] Dank_LAB_LEO.esp
	[FE:0AE] StealthBoyBuffWithRecipe.esp
	[FE:0AF] Black Codsworth and windows fix.esp
	[FE:0B0] Ultimate Window Overhaul.esp
	[FE:0B1] Ultimate Window Overhaul Cubemaps.esp
	[FE:0B2] CoAPowerArmor - 4k patch.esp
	[FE:0B3] Fallout 3 10mm SMG - 4K Textures.esp
	[FE:0B4] Classic 10mm Pistol - Unofficial Update.esp
	[FE:0B5] PA-Quick Animations.esp
	[FE:0B6] PA_UnderwearPerks.esp
	[FE:0B7] CC_SlocumCoffee_Overhaul.esp
	[FE:0B8] ChameleonAndStealthFixes.esp
	[FE:0B9] Vault-Tec Mask.esp
	[FE:0BA] Enhanced Vanilla Bodies - NeverNude Male.esp
	[FE:0BB] Enhanced Night Sky - Improved Visible Galaxy Framework.esp
	[FE:0BC] Power Armor map fix.esp
	[FE:0BD] U.S. Covert Operations Manual Redux - Magazine Retexture.esp
	[FE:0BE] Ultimate HD Flag Replacer - Redux.esp
	[FE:0BF] MS SPECIAL Zapper.esp
	[FE:0C0] Lightweight Lighting.esp
	[FE:0C1] [SS20Addon] BloodMoonRaiders.esp
	[FE:0C2] [SS2] BBVault 88.esp
	[FE:0C3] GtN_DivisionCityPlan_CPC_03.23.esp
	[FE:0C4] JunkTown-FENCES2.esp
	[FE:0C5] NukaWorldRedRocket Sim Settlements 2 Plan.esp
	[FE:0C6] SimHomestead2.esp
	[FE:0C7] SimSettlements2_AddOnPack_ApocalypticAdditions_SirLach.esp
	[FE:0C8] SS2 Lexington Underground Fix.esp
	[FE:0C9] SS2 Sanctuary Green Hills.esp
	[FE:0CA] SS2-AUR-HangmansAlleyCityPlan.esp
	[FE:0CB] SS2_DLCSettlerPatch.esp
	[FE:0CC] SS2_NobodysLeaders2.esp
	[FE:0CD] SS2_NobodysLeaders2_Automatron.esp
	[FE:0CE] SS2_NobodysLeaders2_VaultTecWorkshop.esp
	[FE:0CF] SS2_XDI Patch.esp
	[FE:0D0] SS2Addon_MS_BareEssentials.esp
	[FE:0D1] SS2AOP_VaultTecTools.esp
	[FE:0D2] DCGuard_Overhaul-RandomEncounters.esp
	[FE:0D3] REPatch_TheFensSheriffsDepartmentBleachers2.esp
	[FE:0D4] Skip DIMA memories.esp
	[FE:0D5] 4estGimp - F3_SMG_Peer_10mm.esp
	[FE:0D6] Pipe Gun Improvements - VRP Patch.esp
	[FE:0D7] HuntingRifle.esp
	[FE:0D8] Dank_ECO-OmodStripper.esp
	[FE:0D9] Dank_ECO-UniversalDisassembler.esp
	[FE:0DA] SuperAffinity.esp
	[FE:0DB] SuperAffinitySeason.esp
	[FE:0DC] NoAffinityCooldown.esp
	[FE:0DD] CF_AtomicWarlord_CBBE.esp
	[FE:0DE] CROSS_CoA.esp
	[FE:0DF] 4estGimp - SotS Atoms Storm Atoms Glory Threads CoA.esp
	[FE:0E0] DCGuard_Overhaul-ExtraPaints.esp
	[FE:0E1] LootMan.esp
	[FE:0E2] Binoculars.esp
	[FE:0E3] Binoculars_FireSupport.esp
	[FE:0E4] FASO_M155Patch.esp
	[FE:0E5] FATE Patch - Artillery System Overhaul.esp
	[FE:0E6] FASO_SimpleArtillery_patch.esp
	[FE:0E7] Esk_NoTeleportingCreatures.esp
	[FE:0E8] LAT RAO - Bleachers 2 Patch.esp
	[FE:0E9] LAT RAO - DCRE Patch.esp
	[FE:0EA] JSRS_Regions.esp
	[FE:0EB] 12.7mm Pistol - Unofficial Update.esp
	[FE:0EC] CR-74L - Unofficial Update.esp
	[FE:0ED] Caravan Shotgun - Unofficial Update.esp
	[FE:0EE] MS SkipPreWar.esp
	[FE:0EF] LOST Audio Tweaks.esp
	[FE:0F0] IMI .50AE Desert Eagle - Munitions Patch.esp
	[FE:0F1] Luxor's Quantum X-01 power armor.esp
	[FE:0F2] Clean 4k Pip-Boy.esp
	[FE:0F3] FATE Module - UNL Zones.esp
	[FE:0F4] FATE Module - Tesla Free Power.esp
	[FE:0F5] FATE Patch - Nuka World Reborn.esp
	[FE:0F6] Enhanced Vanilla Armor and Clothing.esp
	[FE:0F7] CompanionStealth.esp
	[FE:0F8] SD_AmmoRenamed_Munitions_MAA.esp
	[FE:0F9] WhoIsTheGeneral.esp
	[FE:0FA] PRP.esp
	[FE:0FB] CC Previs Regeneration.esp
	[FE:0FC] SouthOfTheSea[Previs].esp
	[FE:0FD] OCsFiddlersGreen.esp
	[FE:0FE] PRP-Compat-JSRS-Regions.esp
	[FE:0FF] FortStronger[Previsibines].esp
	[FE:100] WCLIPET18F_PRP_Patch.esp
	[FE:101] OCsNukaIsland.esp
	[FE:102] WCLIRIL_PRP_SOTS_Patch.esp
	[FE:103] WCLINS_PRP_Patch.esp
	[FE:104] FiddlersGreenTarberrySwap.esp
	[FE:105] PRP-SS2-Fixes.esp
	[FE:106] PRP-SS2-Fixes-Ch2.esp
	[FE:107] PRP-SS2.esp
	[FE:108] WCLI_NRR_PRP_Patch.esp
	[FE:109] 0_Vault120_PRP.esp
	[FE:10A] WCLINPP_PRP_Patch.esp
	[FE:10B] PRP-Compat-VNW-CR.esp
	[FE:10C] PRP-Compat-NWR-CR.esp
	[FE:10D] PRP-Compat-NWR.esp
	[FE:10E] PRP-Compat-VNW.esp
	[FE:10F] PRP-Compat-NWP-CR.esp
	[FE:110] PRP-Compat-NWP.esp
	[FE:111] PRP-Compat-NWP-NWR-VNW-Combo.esp
	[FE:112] EdenMeadowsSettlement.esp
	[FE:113] EdenMeadowsPRPPatch.esp
	[FE:114] HuntressIslandSettlement.esp
	[FE:115] HuntressIslandPRPPatch.esp
	[FE:116] OCsCharlesviewAmpitheater.esp
	[FE:117] CharlesviewHappyCult.esp
	[FE:118] CharlesviewGrowCult.esp
	[FE:119] PondSettlement.esp
	[FE:11A] PondPRPPatch.esp
	[FE:11B] OCsNukaTransitCenter.esp
	[FE:11C] OCsShovelMuseum.esp
	[FE:11D] fairlinesettlement.esp
	[FE:11E] FairlinePRPPatch.esp
	[FE:11F] BostonLibrarySettlementPRP.esp
	[FE:120] BostonLibrarySettlementSS2.esp
	[FE:121] BostonLibrarySettlementRobots.esp
	[FE:122] PRP-SS2-upstreamhotfix.esp
	[FE:123] Appealing Moles.esp
	[FE:124] Kirs freckles.esp
	[FE:125] Bashed Patch, 0.esp
	[FE:126] Far Harbor Satellite Map.esp
	[FE:127] Nuka-World Satellite Map.esp
	[FE:128] Satellite World Map Fixed.esp
	[FE:129] Dank_ECO-INNR.esp
	[FE:12A] Dank_ECO-Munitions_INNR.esp
	[FE:12B] Dank_ECO-LEO.esp
	[FE:12C] M8r Complex Sorter.esp
