Fallout 4 v1.10.163
Buffout 4 v1.26.2

Unhandled exception "EXCEPTION_ACCESS_VIOLATION" at 0x7FF7172B8F6A Fallout4.exe+1AF8F6A

	[Compatibility]
		F4EE: false
	[Fixes]
		ActorIsHostileToActor: true
		CellInit: true
		CreateD3DAndSwapChain: true
		EncounterZoneReset: true
		GreyMovies: true
		MagicEffectApplyEvent: true
		MovementPlanner: true
		PackageAllocateLocation: true
		SafeExit: true
		TESObjectREFRGetEncounterZone: true
		UnalignedLoad: true
		UtilityShader: true
	[Patches]
		Achievements: true
		BSMTAManager: true
		BSPreCulledObjects: true
		BSTextureStreamerLocalHeap: true
		HavokMemorySystem: true
		INISettingCollection: true
		InputSwitch: false
		MaxStdIO: -1
		MemoryManager: false
		MemoryManagerDebug: false
		ScaleformAllocator: true
		SmallBlockAllocator: true
		WorkshopMenu: true
	[Warnings]
		CreateTexture2D: true
		ImageSpaceAdapter: true

SYSTEM SPECS:
	OS: Microsoft Windows 10 Home v10.0.19041
	CPU: GenuineIntel Intel(R) Core(TM) i9-9900K CPU @ 3.60GHz
	GPU #1: Nvidia TU104 [GeForce RTX 2070 SUPER]
	GPU #2: Microsoft Basic Render Driver
	PHYSICAL MEMORY: 14.60 GB/31.91 GB

PROBABLE CALL STACK:
	[ 0] 0x7FF7172B8F6A      Fallout4.exe+1AF8F6A -> 1447818+0x3A
	[ 1] 0x7FF717343FC9      Fallout4.exe+1B83FC9 -> 116219+0x1F9
	[ 2] 0x7FF717345FD7      Fallout4.exe+1B85FD7 -> 847044+0x57
	[ 3] 0x7FF717336832      Fallout4.exe+1B76832 -> 270048+0x42
	[ 4] 0x7FF71733A34B      Fallout4.exe+1B7A34B -> 1309589+0x9B
	[ 5] 0x7FF717339F44      Fallout4.exe+1B79F44 -> 1285198+0x1C4
	[ 6] 0x7FF71732FCDC      Fallout4.exe+1B6FCDC -> 1566228+0x61C
	[ 7] 0x7FF71733D93A      Fallout4.exe+1B7D93A -> 1261045+0x3A
	[ 8] 0x7FF7158DD6C4      Fallout4.exe+011D6C4 -> 280736+0x2B4
	[ 9] 0x7FF7158D6E9F      Fallout4.exe+0116E9F -> 57137+0x27F
	[10] 0x7FF7164F7CD4      Fallout4.exe+0D37CD4 -> 708657+0x2F4
	[11] 0x7FF7164FF253      Fallout4.exe+0D3F253 -> 407290+0x263
	[12] 0x7FF7165135A9      Fallout4.exe+0D535A9 -> 1085735+0x29
	[13] 0x7FF8C81DA8AC f4se_1_10_163.dll+000A8AC
	[14] 0x7FF7172DCFED      Fallout4.exe+1B1CFED -> 1079791+0x3D
	[15] 0x7FF91D787034      KERNEL32.DLL+0017034
	[16] 0x7FF91DA826A1         ntdll.dll+00526A1

REGISTERS:
	RAX 0x0                (size_t)
	RCX 0x1000             (size_t)
	RDX 0x0                (size_t)
	RBX 0x7FF71B3C7038     (void* -> Fallout4.exe+5C07038)
	RSP 0x36E441EC80       (void*)
	RBP 0x1                (size_t)
	RSI 0x7FF71B3C7038     (void* -> Fallout4.exe+5C07038)
	RDI 0x19203566B40      (BSResource::`anonymous namespace'::LooseFileAsyncStream*)
	R8  0x326162FA46A777   (size_t)
	R9  0x19203566B40      (BSResource::`anonymous namespace'::LooseFileAsyncStream*)
	R10 0x7FF71B327580     (void* -> Fallout4.exe+5B67580)
	R11 0x36E441EC80       (void*)
	R12 0x1920007EE58      (char*) "DATA\"
	R13 0x0                (size_t)
	R14 0x1920007EEC0      (BSResource::LooseFileLocation*)
	R15 0x193ECEA8270      (char*) "	"

STACK:
	[RSP+0   ] 0x36E441ECF0       (void*)
	[RSP+8   ] 0x19203566B40      (BSResource::`anonymous namespace'::LooseFileAsyncStream*)
	[RSP+10  ] 0x1                (size_t)
	[RSP+18  ] 0x9                (size_t)
	[RSP+20  ] 0x9                (size_t)
	[RSP+28  ] 0x7FF717343FC9     (void* -> Fallout4.exe+1B83FC9)
	[RSP+30  ] 0x0                (size_t)
	[RSP+38  ] 0x36E441ED00       (void*)
	[RSP+40  ] 0x7FF71B327580     (void* -> Fallout4.exe+5B67580)
	[RSP+48  ] 0x7FF71B3C7038     (void* -> Fallout4.exe+5C07038)
	[RSP+50  ] 0x3297D70          (size_t)
	[RSP+58  ] 0x7FF8BC922300     (void* -> usvfs_x64.dll+0092300)
	[RSP+60  ] 0x1920007EEC0      (BSResource::LooseFileLocation*)
	[RSP+68  ] 0x100              (size_t)
	[RSP+70  ] 0x0                (size_t)
	[RSP+78  ] 0x19203566B40      (BSResource::`anonymous namespace'::LooseFileAsyncStream*)
	[RSP+80  ] 0x0                (size_t)
	[RSP+88  ] 0x0                (size_t)
	[RSP+90  ] 0x6D616574535C3A46 (size_t)
	[RSP+98  ] 0x5C7972617262694C (size_t)
	[RSP+A0  ] 0x7070616D61657473 (size_t)
	[RSP+A8  ] 0x6E6F6D6D6F635C73 (size_t)
	[RSP+B0  ] 0x74756F6C6C61465C (size_t)
	[RSP+B8  ] 0x5C415441445C3420 (size_t)
	[RSP+C0  ] 0x202D206E656C6C65 (size_t)
	[RSP+C8  ] 0x655F736563696F56 (size_t)
	[RSP+D0  ] 0x3261622E6E       (size_t)
	[RSP+D8  ] 0x193ECEA8270      (char*) "	"
	[RSP+E0  ] 0x36E441F5C0       (char*) "ellen - Voices_en.ba2"
	[RSP+E8  ] 0x100              (size_t)
	[RSP+F0  ] 0x246              (size_t)
	[RSP+F8  ] 0x0                (size_t)
	[RSP+100 ] 0x36E441F230       (void*)
	[RSP+108 ] 0x193505C0E60      (void*)
	[RSP+110 ] 0x19200077740      (void*)
	[RSP+118 ] 0x100              (size_t)
	[RSP+120 ] 0x1                (size_t)
	[RSP+128 ] 0x7FF717302FE8     (void* -> Fallout4.exe+1B42FE8)
	[RSP+130 ] 0x0                (size_t)
	[RSP+138 ] 0x7FF7172DC503     (void* -> Fallout4.exe+1B1C503)
	[RSP+140 ] 0x202              (size_t)
	[RSP+148 ] 0x7FF91B4FA405     (void* -> KERNELBASE.dll+002A405)
	[RSP+150 ] 0x7FF71B319FA0     (void* -> Fallout4.exe+5B59FA0)
	[RSP+158 ] 0x192001FE760      (void*)
	[RSP+160 ] 0x36E441F210       (void*)
	[RSP+168 ] 0x193ECEA8270      (char*) "	"
	[RSP+170 ] 0x36E441F5C0       (char*) "ellen - Voices_en.ba2"
	[RSP+178 ] 0x100              (size_t)
	[RSP+180 ] 0x0                (size_t)
	[RSP+188 ] 0x7FF7172CF372     (void* -> Fallout4.exe+1B0F372)
	[RSP+190 ] 0x7FF71908C980     (void* -> Fallout4.exe+38CC980)
	[RSP+198 ] 0x36E441F230       (void*)
	[RSP+1A0 ] 0x36E441F210       (void*)
	[RSP+1A8 ] 0x36E441F5C0       (char*) "ellen - Voices_en.ba2"
	[RSP+1B0 ] 0x193ECEA8270      (char*) "	"
	[RSP+1B8 ] 0x100              (size_t)
	[RSP+1C0 ] 0x3000             (size_t)
	[RSP+1C8 ] 0x19203695F08      (char*) "ellen - Voices_en.ba2"
	[RSP+1D0 ] 0x7FF71B3C7038     (void* -> Fallout4.exe+5C07038)
	[RSP+1D8 ] 0x7FF717345FD7     (void* -> Fallout4.exe+1B85FD7)
	[RSP+1E0 ] 0x7FF703297D70     (size_t)
	[RSP+1E8 ] 0x192039353E0      (BSResource::`anonymous namespace'::LooseFileStream*)
	[RSP+1F0 ] 0x7FF71B3C6838     (void* -> Fallout4.exe+5C06838)
	[RSP+1F8 ] 0x7FF71B3C7038     (void* -> Fallout4.exe+5C07038)
	[RSP+200 ] 0x36E441EEA0       (void*)
	[RSP+208 ] 0x7FF717308300     (void* -> Fallout4.exe+1B48300)
	[RSP+210 ] 0x7FF71B3C6008     (BSResource::Archive2::Index*)
	[RSP+218 ] 0x7FF717336832     (void* -> Fallout4.exe+1B76832)
	[RSP+220 ] 0x193ECEA8270      (char*) "	"
	[RSP+228 ] 0x36E441F210       (void*)
	[RSP+230 ] 0x36E441F230       (void*)
	[RSP+238 ] 0x100              (size_t)
	[RSP+240 ] 0x193ECEA8270      (char*) "	"
	[RSP+248 ] 0x9                (size_t)
	[RSP+250 ] 0x36E441F210       (void*)
	[RSP+258 ] 0x7FF71733A34B     (void* -> Fallout4.exe+1B7A34B)
	[RSP+260 ] 0x7FF71B3C6008     (BSResource::Archive2::Index*)
	[RSP+268 ] 0x7FF71B3C7C60     (char*) "8z"
	[RSP+270 ] 0x7FF71B3C6008     (BSResource::Archive2::Index*)
	[RSP+278 ] 0x17600            (size_t)
	[RSP+280 ] 0x36E441F210       (void*)
	[RSP+288 ] 0x192035F4160      (void*)
	[RSP+290 ] 0x36E441F0B0       (char*) "n.esp\EllenUniqueVoice\0000BEED_3.fuz"
	[RSP+298 ] 0x7FF717339F44     (void* -> Fallout4.exe+1B79F44)
	[RSP+2A0 ] 0x192035F4140      (void*)
	[RSP+2A8 ] 0x7FF71B3C7C68     (char*) "8z"
	[RSP+2B0 ] 0x0                (size_t)
	[RSP+2B8 ] 0x3297D70          (size_t)
	[RSP+2C0 ] 0x0                (size_t)
	[RSP+2C8 ] 0x7FF717338A2B     (void* -> Fallout4.exe+1B78A2B)
	[RSP+2D0 ] 0x0                (size_t)
	[RSP+2D8 ] 0x7FF71B3C6000     (void* -> Fallout4.exe+5C06000)
	[RSP+2E0 ] 0x4C524E47         (size_t)
	[RSP+2E8 ] 0x0                (size_t)
	[RSP+2F0 ] 0x36E441F230       (void*)
	[RSP+2F8 ] 0x7FF71732F0FB     (void* -> Fallout4.exe+1B6F0FB)
	[RSP+300 ] 0x6C3              (size_t)
	[RSP+308 ] 0x36E441F0B0       (char*) "n.esp\EllenUniqueVoice\0000BEED_3.fuz"
	[RSP+310 ] 0x61               (size_t)
	[RSP+318 ] 0x7FF71B3C6000     (void* -> Fallout4.exe+5C06000)
	[RSP+320 ] 0x4C524E47         (size_t)
	[RSP+328 ] 0x7FF71732FCDC     (void* -> Fallout4.exe+1B6FCDC)
	[RSP+330 ] 0x0                (size_t)
	[RSP+338 ] 0x36E441F210       (void*)
	[RSP+340 ] 0x192035F4140      (void*)
	[RSP+348 ] 0x36E441F1AC       (void*)
	[RSP+350 ] 0x36E441F038       (void*)
	[RSP+358 ] 0x0                (size_t)
	[RSP+360 ] 0x1924BA3ADA8      (void*)
	[RSP+368 ] 0x19203695EF0      (void*)
	[RSP+370 ] 0x193FEF00010      (void*)
	[RSP+378 ] 0x0                (size_t)
	[RSP+380 ] 0x100000           (size_t)
	[RSP+388 ] 0x100000           (size_t)
	[RSP+390 ] 0xF384             (size_t)
	[RSP+398 ] 0x100000           (size_t)
	[RSP+3A0 ] 0x158445442        (size_t)
	[RSP+3A8 ] 0x6C34C524E47      (size_t)
	[RSP+3B0 ] 0x3280698          (size_t)
	[RSP+3B8 ] 0x176D8            (size_t)
	[RSP+3C0 ] 0x0                (size_t)
	[RSP+3C8 ] 0x7FF8BC9223AA     (void* -> usvfs_x64.dll+00923AA)
	[RSP+3D0 ] 0xD4DD69BD996      (size_t)
	[RSP+3D8 ] 0x100000           (size_t)
	[RSP+3E0 ] 0x3261621FE8156D   (size_t)
	[RSP+3E8 ] 0x7FF800000000     (size_t)
	[RSP+3F0 ] 0x193FF000020      (char*) ";"
	[RSP+3F8 ] 0x0                (size_t)
	[RSP+400 ] 0x3280698          (size_t)
	[RSP+408 ] 0x3297D70          (size_t)
	[RSP+410 ] 0x176D8            (size_t)
	[RSP+418 ] 0x176D8            (size_t)
	[RSP+420 ] 0x6F565C646E756F00 (size_t)
	[RSP+428 ] 0x656C6C455C656369 (size_t)
	[RSP+430 ] 0x6C455C7073652E6E (size_t)
	[RSP+438 ] 0x7571696E556E656C (size_t)
	[RSP+440 ] 0x305C6563696F5665 (size_t)
	[RSP+448 ] 0x5F44454542303030 (size_t)
	[RSP+450 ] 0x7A00007A75662E33 (size_t)
	[RSP+458 ] 0x7A7500           (size_t)
	[RSP+460 ] 0x246              (size_t)
	[RSP+468 ] 0x0                (size_t)
	[RSP+470 ] 0x36E441F370       (char*) "DATA\ellen - Voices_en.ba2"
	[RSP+478 ] 0x193505C0E60      (void*)
	[RSP+480 ] 0x0                (size_t)
	[RSP+488 ] 0x0                (size_t)
	[RSP+490 ] 0x36E441F370       (char*) "DATA\ellen - Voices_en.ba2"
	[RSP+498 ] 0x5E08             (size_t)
	[RSP+4A0 ] 0x0                (size_t)
	[RSP+4A8 ] 0xD7B32DA29B60000  (size_t)
	[RSP+4B0 ] 0x202              (size_t)
	[RSP+4B8 ] 0x7FF91B4FA405     (void* -> KERNELBASE.dll+002A405)
	[RSP+4C0 ] 0x5E08             (size_t)
	[RSP+4C8 ] 0x0                (size_t)
	[RSP+4D0 ] 0x0                (size_t)
	[RSP+4D8 ] 0x1920007EEC0      (BSResource::LooseFileLocation*)
	[RSP+4E0 ] 0x7FF71B3C7EF4     (void* -> Fallout4.exe+5C07EF4)
	[RSP+4E8 ] 0x7FF7173447BC     (void* -> Fallout4.exe+1B847BC)
	[RSP+4F0 ] 0x3297D70          (size_t)
	[RSP+4F8 ] 0x7FF71B3C7EF4     (void* -> Fallout4.exe+5C07EF4)
	[RSP+500 ] 0x1                (size_t)
	[RSP+508 ] 0x36E441F530       (void*)
	[RSP+510 ] 0x400000000        (size_t)
	[RSP+518 ] 0x0                (size_t)
	[RSP+520 ] 0x6C300000000      (size_t)
	[RSP+528 ] 0x6C3              (size_t)
	[RSP+530 ] 0x4                (size_t)
	[RSP+538 ] 0x193ECEA8270      (char*) "	"
	[RSP+540 ] 0x1920007EEC0      (BSResource::LooseFileLocation*)
	[RSP+548 ] 0x7FF71B3C6000     (void* -> Fallout4.exe+5C06000)
	[RSP+550 ] 0x1D8B51774E49065  (size_t)
	[RSP+558 ] 0x3297D70          (size_t)
	[RSP+560 ] 0x6D616574535C3A46 (size_t)
	[RSP+568 ] 0x5C7972617262694C (size_t)
	[RSP+570 ] 0x7070616D61657473 (size_t)
	[RSP+578 ] 0x6E6F6D6D6F635C73 (size_t)
	[RSP+580 ] 0x74756F6C6C61465C (size_t)
	[RSP+588 ] 0x5C415441445C3420 (size_t)
	[RSP+590 ] 0x192039353E0      (BSResource::`anonymous namespace'::LooseFileStream*)
	[RSP+598 ] 0x36E441EFF0       (void*)
	[RSP+5A0 ] 0x36E441F070       (char*) " "
	[RSP+5A8 ] 0x36000006C3       (size_t)
	[RSP+5B0 ] 0x3261621FE8156D   (size_t)
	[RSP+5B8 ] 0x0                (size_t)
	[RSP+5C0 ] 0x36E441F5C0       (char*) "ellen - Voices_en.ba2"
	[RSP+5C8 ] 0x6C34C524E47      (size_t)
	[RSP+5D0 ] 0x0                (size_t)
	[RSP+5D8 ] 0x0                (size_t)
	[RSP+5E0 ] 0x0                (size_t)
	[RSP+5E8 ] 0x0                (size_t)
	[RSP+5F0 ] 0x0                (size_t)
	[RSP+5F8 ] 0x0                (size_t)
	[RSP+600 ] 0x6C6C655C41544144 (size_t)
	[RSP+608 ] 0x6F6547202D206E65 (size_t)
	[RSP+610 ] 0x192039353E0      (BSResource::`anonymous namespace'::LooseFileStream*)
	[RSP+618 ] 0x67               (size_t)
	[RSP+620 ] 0x0                (size_t)
	[RSP+628 ] 0x0                (size_t)
	[RSP+630 ] 0x36E441F5CA       (char*) "ices_en.ba2"
	[RSP+638 ] 0x7FF71734191B     (void* -> Fallout4.exe+1B8191B)
	[RSP+640 ] 0x36E441F430       (void*)
	[RSP+648 ] 0x36E441F3A9       (void*)
	[RSP+650 ] 0x0                (size_t)
	[RSP+658 ] 0x0                (size_t)
	[RSP+660 ] 0x36E441F428       (void*)
	[RSP+668 ] 0x36E441F375       (char*) "ellen - Voices_en.ba2"
	[RSP+670 ] 0x36E441F38A       (void*)
	[RSP+678 ] 0x0                (size_t)
	[RSP+680 ] 0x7FF7184096C8     (void* -> Fallout4.exe+2C496C8)
	[RSP+688 ] 0x36E441F370       (char*) "DATA\ellen - Voices_en.ba2"
	[RSP+690 ] 0x192000112D8      (void*)
	[RSP+698 ] 0x7FF717341BEB     (void* -> Fallout4.exe+1B81BEB)
	[RSP+6A0 ] 0x7FF71B3C7EF4     (void* -> Fallout4.exe+5C07EF4)
	[RSP+6A8 ] 0x36E441F530       (void*)
	[RSP+6B0 ] 0x0                (size_t)
	[RSP+6B8 ] 0x0                (size_t)
	[RSP+6C0 ] 0x192035C9DE0      (void*)
	[RSP+6C8 ] 0x7FF71733F60D     (void* -> Fallout4.exe+1B7F60D)
	[RSP+6D0 ] 0x7FF71B3C7F20     (BSResource::`anonymous namespace'::GlobalPaths*)
	[RSP+6D8 ] 0x36E441F5C0       (char*) "ellen - Voices_en.ba2"
	[RSP+6E0 ] 0x0                (size_t)
	[RSP+6E8 ] 0x36E441F4B0       (void*)
	[RSP+6F0 ] 0x6C6C655C41544144 (size_t)
	[RSP+6F8 ] 0x696F56202D206E65 (size_t)
	[RSP+700 ] 0x622E6E655F736563 (size_t)
	[RSP+708 ] 0x19350003261      (void*)
	[RSP+710 ] 0x193ECEA8270      (char*) "	"
	[RSP+718 ] 0x7FF71734191B     (void* -> Fallout4.exe+1B8191B)
	[RSP+720 ] 0x61               (size_t)
	[RSP+728 ] 0x7FF717441830     (void* -> Fallout4.exe+1C81830)
	[RSP+730 ] 0x36E441F460       (void*)
	[RSP+738 ] 0xD7B32DA29B60000  (size_t)
	[RSP+740 ] 0x36E441F448       (void*)
	[RSP+748 ] 0x36E441F440       (void*)
	[RSP+750 ] 0x7FF7184096C8     (void* -> Fallout4.exe+2C496C8)
	[RSP+758 ] 0x7FF700000000     (size_t)
	[RSP+760 ] 0x193ECEA7FA9      (void*)
	[RSP+768 ] 0x7FF7174418BB     (void* -> Fallout4.exe+1C818BB)
	[RSP+770 ] 0x36E441F5CA       (char*) "ices_en.ba2"
	[RSP+778 ] 0x36E441F439       (void*)
	[RSP+780 ] 0x36E441F680       (void*)
	[RSP+788 ] 0x7FF715B21FCC     (void* -> Fallout4.exe+0361FCC)
	[RSP+790 ] 0x7FF71B135E30     (BGSCombinedCellGeometryDB::CDX*)
	[RSP+798 ] 0x2DEE46D5B0E1     (size_t)
	[RSP+7A0 ] 0x7FF8E93C3698     (void* -> MSVCR110.dll+0053698)
	[RSP+7A8 ] 0x104              (size_t)
	[RSP+7B0 ] 0x193ECEA7FA9      (void*)
	[RSP+7B8 ] 0x0                (size_t)
	[RSP+7C0 ] 0x7FF718417A68     (char*) "%s%s%s%s"
	[RSP+7C8 ] 0x36E441F5C0       (char*) "ellen - Voices_en.ba2"
	[RSP+7D0 ] 0x36E441F4B0       (void*)
	[RSP+7D8 ] 0x7FF8E93A416E     (void* -> MSVCR110.dll+003416E)
	[RSP+7E0 ] 0x36E441F5D1       (char*) ".ba2"
	[RSP+7E8 ] 0x7FF71B3C7C40     (void* -> Fallout4.exe+5C07C40)
	[RSP+7F0 ] 0x19200097A70      (void*)
	[RSP+7F8 ] 0x7FF717337B42     (void* -> Fallout4.exe+1B77B42)
	[RSP+800 ] 0x0                (size_t)
	[RSP+808 ] 0x7FF717341C78     (void* -> Fallout4.exe+1B81C78)
	[RSP+810 ] 0x36E441F548       (void*)
	[RSP+818 ] 0x36E441F5C0       (char*) "ellen - Voices_en.ba2"
	[RSP+820 ] 0x36E441F530       (void*)
	[RSP+828 ] 0x192035C9DE0      (void*)
	[RSP+830 ] 0x36E441F530       (void*)
	[RSP+838 ] 0x0                (size_t)
	[RSP+840 ] 0x19200097A70      (void*)
	[RSP+848 ] 0x7FF717341D3D     (void* -> Fallout4.exe+1B81D3D)
	[RSP+850 ] 0x7FF71840BB83     (void* -> Fallout4.exe+2C4BB83)
	[RSP+858 ] 0x36E441F680       (void*)
	[RSP+860 ] 0x0                (size_t)
	[RSP+868 ] 0x7FF7157E44E3     (void* -> Fallout4.exe+00244E3)
	[RSP+870 ] 0x7FF7184096C8     (void* -> Fallout4.exe+2C496C8)
	[RSP+878 ] 0x192035C9DE0      (void*)
	[RSP+880 ] 0x0                (size_t)
	[RSP+888 ] 0x7FF718415B98     (char*) "en"
	[RSP+890 ] 0x193ECEA7FA9      (void*)
	[RSP+898 ] 0x7FF718415B98     (char*) "en"
	[RSP+8A0 ] 0x36E441F680       (void*)
	[RSP+8A8 ] 0x7FF71733D93A     (void* -> Fallout4.exe+1B7D93A)
	[RSP+8B0 ] 0x1D25C5B58445442  (size_t)
	[RSP+8B8 ] 0x7FF71840BB83     (void* -> Fallout4.exe+2C4BB83)
	[RSP+8C0 ] 0x0                (size_t)
	[RSP+8C8 ] 0x192039353E0      (BSResource::`anonymous namespace'::LooseFileStream*)
	[RSP+8D0 ] 0x7FF7185D38C8     (void* -> Fallout4.exe+2E138C8)
	[RSP+8D8 ] 0x0                (size_t)
	[RSP+8E0 ] 0x0                (size_t)
	[RSP+8E8 ] 0x7FF71B3C7F20     (BSResource::`anonymous namespace'::GlobalPaths*)
	[RSP+8F0 ] 0x7FF718415B98     (char*) "en"
	[RSP+8F8 ] 0x7FF7158DD6C4     (void* -> Fallout4.exe+011D6C4)
	[RSP+900 ] 0x7FF71840BB83     (void* -> Fallout4.exe+2C4BB83)
	[RSP+908 ] 0x7FF718415B98     (char*) "en"
	[RSP+910 ] 0x19200097A70      (void*)
	[RSP+918 ] 0x36E441F6D0       (char*) "ellen"
	[RSP+920 ] 0x7FF7184163D8     (char*) " - Voices_"
	[RSP+928 ] 0x7FF718415B98     (char*) "en"
	[RSP+930 ] 0x7FF7184163E4     (char*) ".ba2"
	[RSP+938 ] 0xF7               (size_t)
	[RSP+940 ] 0x202D206E656C6C65 (size_t)
	[RSP+948 ] 0x655F736563696F56 (size_t)
	[RSP+950 ] 0x3261622E6E       (size_t)
	[RSP+958 ] 0x0                (size_t)
	[RSP+960 ] 0x0                (size_t)
	[RSP+968 ] 0x0                (size_t)
	[RSP+970 ] 0x0                (size_t)
	[RSP+978 ] 0x0                (size_t)
	[RSP+980 ] 0x0                (size_t)
	[RSP+988 ] 0x0                (size_t)
	[RSP+990 ] 0x0                (size_t)
	[RSP+998 ] 0x0                (size_t)
	[RSP+9A0 ] 0x0                (size_t)
	[RSP+9A8 ] 0x0                (size_t)
	[RSP+9B0 ] 0x0                (size_t)
	[RSP+9B8 ] 0x0                (size_t)
	[RSP+9C0 ] 0x0                (size_t)
	[RSP+9C8 ] 0x0                (size_t)
	[RSP+9D0 ] 0x0                (size_t)
	[RSP+9D8 ] 0x0                (size_t)
	[RSP+9E0 ] 0x0                (size_t)
	[RSP+9E8 ] 0x0                (size_t)
	[RSP+9F0 ] 0x0                (size_t)
	[RSP+9F8 ] 0x0                (size_t)
	[RSP+A00 ] 0x0                (size_t)
	[RSP+A08 ] 0x0                (size_t)
	[RSP+A10 ] 0x0                (size_t)
	[RSP+A18 ] 0x0                (size_t)
	[RSP+A20 ] 0x0                (size_t)
	[RSP+A28 ] 0x0                (size_t)
	[RSP+A30 ] 0x0                (size_t)
	[RSP+A38 ] 0x0                (size_t)
	[RSP+A40 ] 0x19200000000      (void*)
	[RSP+A48 ] 0x192035B3700      (char*) "Fallout4.esm"
	[RSP+A50 ] 0x2D72006E656C6C65 (size_t)
	[RSP+A58 ] 0x4C6C61636973754D (size_t)
	[RSP+A60 ] 0x690057430065726F (size_t)
	[RSP+A68 ] 0x676E697265656E   (size_t)
	[RSP+A70 ] 0x202D006567646972 (size_t)
	[RSP+A78 ] 0x3834207265746641 (size_t)
	[RSP+A80 ] 0x352E312068       (size_t)
	[RSP+A88 ] 0x0                (size_t)
	[RSP+A90 ] 0x0                (size_t)
	[RSP+A98 ] 0x800              (size_t)
	[RSP+AA0 ] 0x192035B66C0      (BSFile*)
	[RSP+AA8 ] 0x7FF717315D2E     (void* -> Fallout4.exe+1B55D2E)
	[RSP+AB0 ] 0x6                (size_t)
	[RSP+AB8 ] 0x785              (size_t)
	[RSP+AC0 ] 0x1                (size_t)
	[RSP+AC8 ] 0x19265E70DEE      (char*) "DLCNukaWorld.esm"
	[RSP+AD0 ] 0x6                (size_t)
	[RSP+AD8 ] 0x7FF71B090B00     (void* -> Fallout4.exe+58D0B00)
	[RSP+AE0 ] 0x192035B66C0      (BSFile*)
	[RSP+AE8 ] 0x7FF717315AC3     (void* -> Fallout4.exe+1B55AC3)
	[RSP+AF0 ] 0x192035B66C0      (BSFile*)
	[RSP+AF8 ] 0x7FF91B531998     (void* -> KERNELBASE.dll+0061998)
	[RSP+B00 ] 0x19270DEFA00      (void*)
	[RSP+B08 ] 0x7FF7172DF3B1     (void* -> Fallout4.exe+1B1F3B1)
	[RSP+B10 ] 0x0                (size_t)
	[RSP+B18 ] 0x0                (size_t)
	[RSP+B20 ] 0x192543712A0      (MemoryHeap*)
	[RSP+B28 ] 0x4                (size_t)
	[RSP+B30 ] 0x19270DEFA20      (void*)
	[RSP+B38 ] 0x7FF7172DEDF6     (void* -> Fallout4.exe+1B1EDF6)
	[RSP+B40 ] 0x192543712A8      (void*)
	[RSP+B48 ] 0x1000             (size_t)
	[RSP+B50 ] 0x192543712A8      (void*)
	[RSP+B58 ] 0x36E441F6D0       (char*) "ellen"
	[RSP+B60 ] 0x19201040005      (void*)
	[RSP+B68 ] 0x400              (size_t)
	[RSP+B70 ] 0x7073652E         (size_t)
	[RSP+B78 ] 0xFFFFFFFFFFFFFFF0 (size_t)
	[RSP+B80 ] 0x192035A4E00      (void*)
	[RSP+B88 ] 0x7FF7172DC613     (void* -> Fallout4.exe+1B1C613)
	[RSP+B90 ] 0x3474756F6C6C6146 (size_t)
	[RSP+B98 ] 0x6D7365006D73652E (size_t)
	[RSP+BA0 ] 0x69676E4520640000 (size_t)
	[RSP+BA8 ] 0x2E676E697265656E (size_t)
	[RSP+BB0 ] 0x7FF700707365     (size_t)
	[RSP+BB8 ] 0x7FF7172CF0B4     (void* -> Fallout4.exe+1B0F0B4)
	[RSP+BC0 ] 0x7FF71B31A1E0     (void* -> Fallout4.exe+5B5A1E0)
	[RSP+BC8 ] 0x192035FED40      (void*)
	[RSP+BD0 ] 0x8                (size_t)
	[RSP+BD8 ] 0x192034D5000      (void*)
	[RSP+BE0 ] 0x193ECEA7FA9      (void*)
	[RSP+BE8 ] 0x0                (size_t)
	[RSP+BF0 ] 0x0                (size_t)
	[RSP+BF8 ] 0x7FF7172CF372     (void* -> Fallout4.exe+1B0F372)
	[RSP+C00 ] 0x7FF71908C980     (void* -> Fallout4.exe+38CC980)
	[RSP+C08 ] 0x192035A4E00      (void*)
	[RSP+C10 ] 0x19265E36B01      (void*)
	[RSP+C18 ] 0x0                (size_t)
	[RSP+C20 ] 0x40               (size_t)
	[RSP+C28 ] 0x7FF7172D11C2     (void* -> Fallout4.exe+1B111C2)
	[RSP+C30 ] 0x7FF71B091AC0     (void* -> Fallout4.exe+58D1AC0)
	[RSP+C38 ] 0x0                (size_t)
	[RSP+C40 ] 0x7FF71B090B00     (void* -> Fallout4.exe+58D0B00)
	[RSP+C48 ] 0x19265E36B40      (void*)
	[RSP+C50 ] 0x192035C8A90      (void*)
	[RSP+C58 ] 0x0                (size_t)
	[RSP+C60 ] 0x7FF71840A948     (void* -> Fallout4.exe+2C4A948)
	[RSP+C68 ] 0x7FF7172D0DE3     (void* -> Fallout4.exe+1B10DE3)
	[RSP+C70 ] 0x35               (size_t)
	[RSP+C78 ] 0x36E441F7F0       (char*) ".esp"
	[RSP+C80 ] 0x19201040004      (void*)
	[RSP+C88 ] 0x19265E36B40      (void*)
	[RSP+C90 ] 0x7FF71840A948     (void* -> Fallout4.exe+2C4A948)
	[RSP+C98 ] 0x19265DC1B40      (void*)
	[RSP+CA0 ] 0x7FF71B090B00     (void* -> Fallout4.exe+58D0B00)
	[RSP+CA8 ] 0x7FF7158D6E9F     (void* -> Fallout4.exe+0116E9F)
	[RSP+CB0 ] 0x7FF71B091AC0     (void* -> Fallout4.exe+58D1AC0)
	[RSP+CB8 ] 0x7FF71B091AC0     (void* -> Fallout4.exe+58D1AC0)
	[RSP+CC0 ] 0x7FF718416440     (void* -> Fallout4.exe+2C56440)
	[RSP+CC8 ] 0x7FF718416470     (void* -> Fallout4.exe+2C56470)
	[RSP+CD0 ] 0x7FF7184096C8     (void* -> Fallout4.exe+2C496C8)
	[RSP+CD8 ] 0x7FF71B091AD8     (void* -> Fallout4.exe+58D1AD8)
	[RSP+CE0 ] 0x7FF7184096C8     (void* -> Fallout4.exe+2C496C8)
	[RSP+CE8 ] 0x7FF71B091AC0     (void* -> Fallout4.exe+58D1AC0)
	[RSP+CF0 ] 0x66               (size_t)
	[RSP+CF8 ] 0x9C0              (size_t)
	[RSP+D00 ] 0x1920024DE30      (SceneGraph*)
		Name: "WorldRoot Node"
	[RSP+D08 ] 0x0                (size_t)
	[RSP+D10 ] 0x0                (size_t)
	[RSP+D18 ] 0x193ECEA7800      (void*)
	[RSP+D20 ] 0x7FF718F4E400     (void* -> Fallout4.exe+378E400)
	[RSP+D28 ] 0x1920007D2C0      (NiNode*)
		Name: "ObjectLODRoot"
	[RSP+D30 ] 0x7FF718F4E400     (void* -> Fallout4.exe+378E400)
	[RSP+D38 ] 0x7FF7164F7CD4     (void* -> Fallout4.exe+0D37CD4)
	[RSP+D40 ] 0x7FF700200000     (size_t)
	[RSP+D48 ] 0x19265ECC400      (void*)
	[RSP+D50 ] 0x7FF700000002     (size_t)
	[RSP+D58 ] 0x193ECEA8270      (char*) "	"
	[RSP+D60 ] 0x0                (size_t)
	[RSP+D68 ] 0x1920007D540      (NiNode*)
		Name: "WaterLOD"
	[RSP+D70 ] 0x0                (size_t)
	[RSP+D78 ] 0x0                (size_t)
	[RSP+D80 ] 0x80000            (size_t)
	[RSP+D88 ] 0x7FF700000000     (size_t)
	[RSP+D90 ] 0x5600             (size_t)
	[RSP+D98 ] 0x4                (size_t)
	[RSP+DA0 ] 0x0                (size_t)
	[RSP+DA8 ] 0x8                (size_t)
	[RSP+DB0 ] 0x7FF71B29D640     (GameScript::PathingCallbackMgr*)
	[RSP+DB8 ] 0x7FF7172D0DBA     (void* -> Fallout4.exe+1B10DBA)
	[RSP+DC0 ] 0x7FF71B265178     (void* -> Fallout4.exe+5AA5178)
	[RSP+DC8 ] 0x7FF71B265168     (void* -> Fallout4.exe+5AA5168)
	[RSP+DD0 ] 0x246              (size_t)
	[RSP+DD8 ] 0x0                (size_t)
	[RSP+DE0 ] 0x0                (size_t)
	[RSP+DE8 ] 0x193505C0E60      (void*)
	[RSP+DF0 ] 0x7FF71B265160     (void* -> Fallout4.exe+5AA5160)
	[RSP+DF8 ] 0x7FF716B01B9B     (void* -> Fallout4.exe+1341B9B)
	[RSP+E00 ] 0x7FF71B265160     (void* -> Fallout4.exe+5AA5160)
	[RSP+E08 ] 0x0                (size_t)
	[RSP+E10 ] 0x193ECEA8270      (char*) "	"
	[RSP+E18 ] 0xD7B32DA29B60000  (size_t)
	[RSP+E20 ] 0x7FF71B319BF8     (void* -> Fallout4.exe+5B59BF8)
	[RSP+E28 ] 0x192011FF5C0      (void*)
	[RSP+E30 ] 0x0                (size_t)
	[RSP+E38 ] 0x0                (size_t)
	[RSP+E40 ] 0x7FF71840A948     (void* -> Fallout4.exe+2C4A948)
	[RSP+E48 ] 0x7FF71B265168     (void* -> Fallout4.exe+5AA5168)
	[RSP+E50 ] 0x7FF71B29D640     (GameScript::PathingCallbackMgr*)
	[RSP+E58 ] 0x7FF716AFFDE6     (void* -> Fallout4.exe+133FDE6)
	[RSP+E60 ] 0x0                (size_t)
	[RSP+E68 ] 0x193ECEA8270      (char*) "	"
	[RSP+E70 ] 0x2                (size_t)
	[RSP+E78 ] 0x0                (size_t)
	[RSP+E80 ] 0x193ECEA8270      (char*) "	"
	[RSP+E88 ] 0x7FF716B31DAA     (void* -> Fallout4.exe+1371DAA)
	[RSP+E90 ] 0x2                (size_t)
	[RSP+E98 ] 0x0                (size_t)
	[RSP+EA0 ] 0x0                (size_t)
	[RSP+EA8 ] 0x0                (size_t)
	[RSP+EB0 ] 0x0                (size_t)
	[RSP+EB8 ] 0x7FF7164FF253     (void* -> Fallout4.exe+0D3F253)
	[RSP+EC0 ] 0x2                (size_t)
	[RSP+EC8 ] 0x0                (size_t)
	[RSP+ED0 ] 0x0                (size_t)
	[RSP+ED8 ] 0x193ECEA8270      (char*) "	"
	[RSP+EE0 ] 0x0                (size_t)
	[RSP+EE8 ] 0x7FF7165135A9     (void* -> Fallout4.exe+0D535A9)
	[RSP+EF0 ] 0x1920022A630      (`anonymous namespace'::InitGameDataThread*)
	[RSP+EF8 ] 0x0                (size_t)
	[RSP+F00 ] 0x0                (size_t)
	[RSP+F08 ] 0x0                (size_t)
	[RSP+F10 ] 0x1920022A630      (`anonymous namespace'::InitGameDataThread*)
	[RSP+F18 ] 0x7FF8C81DA8AC     (void* -> f4se_1_10_163.dll+000A8AC)
	[RSP+F20 ] 0x0                (size_t)
	[RSP+F28 ] 0x0                (size_t)
	[RSP+F30 ] 0x0                (size_t)
	[RSP+F38 ] 0x0                (size_t)
	[RSP+F40 ] 0x0                (size_t)
	[RSP+F48 ] 0x0                (size_t)
	[RSP+F50 ] 0x1920022A630      (`anonymous namespace'::InitGameDataThread*)
	[RSP+F58 ] 0x0                (size_t)
	[RSP+F60 ] 0x0                (size_t)
	[RSP+F68 ] 0x7FF7172DCFED     (void* -> Fallout4.exe+1B1CFED)
	[RSP+F70 ] 0x0                (size_t)
	[RSP+F78 ] 0x36E441FC10       (void*)
	[RSP+F80 ] 0x1920007EE70      (void*)
	[RSP+F88 ] 0x0                (size_t)
	[RSP+F90 ] 0x1920022A630      (`anonymous namespace'::InitGameDataThread*)
	[RSP+F98 ] 0x0                (size_t)
	[RSP+FA0 ] 0x0                (size_t)
	[RSP+FA8 ] 0x7FF91D787034     (void* -> KERNEL32.DLL+0017034)
	[RSP+FB0 ] 0x0                (size_t)
	[RSP+FB8 ] 0x0                (size_t)
	[RSP+FC0 ] 0x0                (size_t)
	[RSP+FC8 ] 0x0                (size_t)
	[RSP+FD0 ] 0x0                (size_t)
	[RSP+FD8 ] 0x7FF91DA826A1     (void* -> ntdll.dll+00526A1)
	[RSP+FE0 ] 0x0                (size_t)
	[RSP+FE8 ] 0x0                (size_t)
	[RSP+FF0 ] 0x0                (size_t)
	[RSP+FF8 ] 0x0                (size_t)
	[RSP+1000] 0x0                (size_t)
	[RSP+1008] 0x0                (size_t)
	[RSP+1010] 0xAB4013CF00000000 (size_t)
	[RSP+1018] 0x0                (size_t)
	[RSP+1020] 0x0                (size_t)
	[RSP+1028] 0x7FF91B5DFE70     (void* -> KERNELBASE.dll+010FE70)
	[RSP+1030] 0x36E441DD80       (void*)
	[RSP+1038] 0xDB7E0000FFF3603B (size_t)
	[RSP+1040] 0x7FF9B01DEDBF     (size_t)
	[RSP+1048] 0x36E441DD80       (void*)
	[RSP+1050] 0x0                (size_t)
	[RSP+1058] 0x0                (size_t)
	[RSP+1060] 0x0                (size_t)
	[RSP+1068] 0x0                (size_t)
	[RSP+1070] 0x0                (size_t)
	[RSP+1078] 0x0                (size_t)
	[RSP+1080] 0x0                (size_t)
	[RSP+1088] 0x0                (size_t)
	[RSP+1090] 0x0                (size_t)
	[RSP+1098] 0x0                (size_t)
	[RSP+10A0] 0x0                (size_t)
	[RSP+10A8] 0x0                (size_t)
	[RSP+10B0] 0x0                (size_t)
	[RSP+10B8] 0x0                (size_t)
	[RSP+10C0] 0x0                (size_t)
	[RSP+10C8] 0x0                (size_t)
	[RSP+10D0] 0x0                (size_t)
	[RSP+10D8] 0x0                (size_t)
	[RSP+10E0] 0x0                (size_t)
	[RSP+10E8] 0x0                (size_t)
	[RSP+10F0] 0x0                (size_t)
	[RSP+10F8] 0x0                (size_t)
	[RSP+1100] 0x0                (size_t)
	[RSP+1108] 0x0                (size_t)
	[RSP+1110] 0x0                (size_t)
	[RSP+1118] 0x0                (size_t)
	[RSP+1120] 0x0                (size_t)
	[RSP+1128] 0x0                (size_t)
	[RSP+1130] 0x0                (size_t)
	[RSP+1138] 0x0                (size_t)
	[RSP+1140] 0x0                (size_t)
	[RSP+1148] 0x0                (size_t)
	[RSP+1150] 0x0                (size_t)
	[RSP+1158] 0x0                (size_t)
	[RSP+1160] 0x0                (size_t)
	[RSP+1168] 0x0                (size_t)
	[RSP+1170] 0x0                (size_t)
	[RSP+1178] 0x0                (size_t)
	[RSP+1180] 0x0                (size_t)
	[RSP+1188] 0x0                (size_t)
	[RSP+1190] 0x0                (size_t)
	[RSP+1198] 0x0                (size_t)
	[RSP+11A0] 0x0                (size_t)
	[RSP+11A8] 0x0                (size_t)
	[RSP+11B0] 0x0                (size_t)
	[RSP+11B8] 0x0                (size_t)
	[RSP+11C0] 0x0                (size_t)
	[RSP+11C8] 0x0                (size_t)
	[RSP+11D0] 0x0                (size_t)
	[RSP+11D8] 0x0                (size_t)
	[RSP+11E0] 0x0                (size_t)
	[RSP+11E8] 0x0                (size_t)
	[RSP+11F0] 0x0                (size_t)
	[RSP+11F8] 0x0                (size_t)
	[RSP+1200] 0x0                (size_t)
	[RSP+1208] 0x0                (size_t)
	[RSP+1210] 0x0                (size_t)
	[RSP+1218] 0x0                (size_t)
	[RSP+1220] 0x0                (size_t)
	[RSP+1228] 0x0                (size_t)
	[RSP+1230] 0x0                (size_t)
	[RSP+1238] 0x0                (size_t)
	[RSP+1240] 0x0                (size_t)
	[RSP+1248] 0x0                (size_t)
	[RSP+1250] 0x0                (size_t)
	[RSP+1258] 0x0                (size_t)
	[RSP+1260] 0x0                (size_t)
	[RSP+1268] 0x0                (size_t)
	[RSP+1270] 0x0                (size_t)
	[RSP+1278] 0x0                (size_t)
	[RSP+1280] 0x0                (size_t)
	[RSP+1288] 0x0                (size_t)
	[RSP+1290] 0x0                (size_t)
	[RSP+1298] 0x0                (size_t)
	[RSP+12A0] 0x0                (size_t)
	[RSP+12A8] 0x0                (size_t)
	[RSP+12B0] 0x0                (size_t)
	[RSP+12B8] 0x0                (size_t)
	[RSP+12C0] 0x0                (size_t)
	[RSP+12C8] 0x0                (size_t)
	[RSP+12D0] 0x0                (size_t)
	[RSP+12D8] 0x0                (size_t)
	[RSP+12E0] 0x0                (size_t)
	[RSP+12E8] 0x0                (size_t)
	[RSP+12F0] 0x0                (size_t)
	[RSP+12F8] 0x0                (size_t)
	[RSP+1300] 0x0                (size_t)
	[RSP+1308] 0x0                (size_t)
	[RSP+1310] 0x0                (size_t)
	[RSP+1318] 0x0                (size_t)
	[RSP+1320] 0x0                (size_t)
	[RSP+1328] 0x0                (size_t)
	[RSP+1330] 0x0                (size_t)
	[RSP+1338] 0x0                (size_t)
	[RSP+1340] 0x0                (size_t)
	[RSP+1348] 0x0                (size_t)
	[RSP+1350] 0x0                (size_t)
	[RSP+1358] 0x0                (size_t)
	[RSP+1360] 0x0                (size_t)
	[RSP+1368] 0x0                (size_t)
	[RSP+1370] 0x0                (size_t)
	[RSP+1378] 0x0                (size_t)

MODULES:

F4SE PLUGINS:
	BakaScrapHeap.dll v1.3
	BetterConsole.dll
	BodyPartsUI.dll v1
	Buffout4.dll v1.26.2
	BulletCountedReload.dll
	ClockWidget.dll
	crafting_highlight_fix.dll
	enbhelperf4.dll v1
	encounter_zone_recalculation.dll
	ExtraItemInfo.dll
	f4pm.dll
	FallSouls.dll
	faster_workshop.dll
	FloatingDamage.dll
	HighFPSPhysicsFix.dll
	hudextension.dll
	HUDPlusPlus.dll
	mcm.dll
	PowerGridTools.dll
	PriorityMod.dll
	ShadowBoostFO4.dll
	SprintStutteringFix.dll
	SSW.dll
	WeaponDebrisCrashFix.dll
	WhoseQuestIsItAnywayF4.dll v1
	wsfw_identifier.dll
	XDI.dll

PLUGINS:
	[00]     Fallout4.esm
	[01]     DLCRobot.esm
	[02]     DLCworkshop01.esm
	[03]     DLCCoast.esm
	[04]     DLCworkshop02.esm
	[05]     DLCworkshop03.esm
	[06]     DLCNukaWorld.esm
	[07]     Unofficial Fallout 4 Patch.esp
	[08]     Fallout 4 Fixes.esm
	[09]     WorkshopFramework.esm
	[0A]     SS2.esm
	[0B]     SS2_XPAC_Chapter2.esm
	[0C]     HUDFramework.esm
	[0D]     XDI.esm
	[0E]     Darlene.esm
	[0F]     CWPointLookoutFO4.esm
	[10]     ProjectZeta.esm
	[11]     SettlementKeywords.esm
	[12]     MutantMenagerie.esm
	[13]     MutantMenagerie_FarHarbor.esm
	[14]     MutantMenagerie_NukaWorld.esm
	[15]     AdditionalAmmoTypes.esm
	[16]     T6M_Mini-Minigun.esp
	[17]     Hellfirenew.esp
	[18]     Solar Powered Radiation Damage Fix.esp
	[19]     WeaponModFixes-GOTY.esp
	[1A]     QuickTrade.esp
	[1B]     SettlementMenuManager.esp
	[1C]     No More Sanctuary Dead Dog and Raider - After 48h 1.5.esp
	[1D]     HoloTime.esp
	[1E]     SSC.esp
	[1F]     VAFS Redux.esp
	[20]     OA_LootableMaterialsCrates_vanilla.esp
	[21]     EvilViking13_PatchworkSanctuaryBridge.esp
	[22]     SCM.esp
	[23]     PhotoMode.esp
	[24]     WastelandCodex.esp
	[25]     Take and Equip.esp
	[26]     SalvageBeacons.esp
	[27]     FO4TribalPowerArmor.esp
	[28]     EnclaveX02.esp
	[29]     Immersive Paint Job Unlocks.esp
	[2A]     powerarmort49.esp
	[2B]     tank_PA.esp
	[2C]     T-51C Power Armor.esp
	[2D]     Mojave Music Radio.esp
	[2E]     Radio New Vegas.esp
	[2F]     Fallout Suite.esp
	[30]     Firelance2.5.esp
	[31]     OWR2.esp
	[32]     MusicMergedDLC.esp
	[33]     OWR_AOC.esp
	[34]     NirShor-MusicalLore.esp
	[35]     ellen.esp
	[FE:000] LegendaryDropBugfix.esl
	[FE:001] FixRobotVisualEffects.esl
	[FE:002] PPF.esm
	[FE:003] MTM-NukaTownEastArchwayFix.esl
	[FE:004] NoDoorAnims_InstantDoors.esl
	[FE:005] UnownedTrash.esl
	[FE:006] KillTips_by_tooun.esl
	[FE:007] Immersive_Molotovs_Flamer_Ruddy88ExtendedESL.esl
	[FE:008] Dogs can grab player.esl
	[FE:009] RedShiftPowerArmor.esl
	[FE:00A] HellcatPA.esl
	[FE:00B] SelectGuitars.esl
	[FE:00C] CWPointLookoutFO4Patch.esl
	[FE:00D] Cazadors.esl
	[FE:00E] Bighorner.esl
	[FE:00F] Geckos.esl
	[FE:010] Mantis.esl
	[FE:011] SSTWorkshopPowerPack.esl
	[FE:012] Leah's Darts.esl
	[FE:013] ConsumeWithoutPickup.esl
	[FE:014] ConfigurableHotkeys.esl
	[FE:015] cigarettecard.esl
	[FE:016] CanarySaveFileMonitor.esl
	[FE:017] Centaur.esl
	[FE:018] CWRaiders.esl
	[FE:019] ASmallFeralScorpion.esl
	[FE:01A] TuneTheRadios.esl
	[FE:01B] Retro Radio Replacer.esl
	[FE:01C] zElevatorLights.esl
	[FE:01D] CW32Pistol.esl
	[FE:01E] Skb-MinigunsRebirth.esl
	[FE:01F] M84FlashBang.esl
	[FE:020] TeslaHeavyGun.esl
	[FE:021] HandmadeAntiMaterielRifle.esl
	[FE:022] Skb_MachinegunsRebirth.esl
	[FE:023] ClassicUnarmedPack.esl
	[FE:024] BerettaM9FS.esl
	[FE:025] GunGS.esl
	[FE:026] GunGSSideAiming.esl
	[FE:027] 02_M520_minimal.esl
	[FE:028] DualGun.esl
	[FE:029] HeavySelectShotgun.esl
	[FE:02A] YK42B.esl
	[FE:02B] SSTImposingGunnerSkulls.esl
	[FE:02C] SwimmingAnims.esl
	[FE:02D] Pipboy3000A.esl
	[FE:02E] Natural Landscapes.esl
	[FE:02F] GTFOB.esl
	[FE:030] PRP.esp
	[FE:031] Piezonucleic_Fix.esp
	[FE:032] LongRangeBulletHoles.esp
	[FE:033] TeslaModsFix.esp
	[FE:034] PuddleReflectionFix.esp
	[FE:035] Fortune Finder 4 Fix.esp
	[FE:036] Fixed Gobo Effects.esp
	[FE:037] Ownership Fixes.esp
	[FE:038] PerceptionBugFix.esp
	[FE:039] PRP-Compat-MaxwellsWorl.esp
	[FE:03A] PRP-Compat-PointLookout.esp
	[FE:03B] Wetness Shader Fix.esp
	[FE:03C] Keep Radiants In Commonwealth.esp
	[FE:03D] SkipHSH1_6.esp
	[FE:03E] Penetration Framework.esp
	[FE:03F] Faster Terminal Displays (20x).esp
	[FE:040] WhoIsTheGeneral.esp
	[FE:041] SAK_Lazy Doors.esp
	[FE:042] dD-Action Ragdoll Force.esp
	[FE:043] RAW INPUT.esp
	[FE:044] No Aggro Impact Landing.esp
	[FE:045] FAR.esp
	[FE:046] FIS-Naming-Weap-Armo-EN.esp
	[FE:047] WheelMenu.esp
	[FE:048] M8rDisablePipboyEffects.esp
	[FE:049] NewRecipes.esp
	[FE:04A] NewRecipesFH.esp
	[FE:04B] NewRecipesNW.esp
	[FE:04C] VAFS Redux DLC Patch +VATS.esp
	[FE:04D] Sinking Bodies.esp
	[FE:04E] Elzee Have a Seat.esp
	[FE:04F] PlayerLockpicking.esp
	[FE:050] Feral Ghoul Bite Skills.esp
	[FE:051] F4llout76 - Mutations.esp
	[FE:052] SS2_XDI Patch.esp
	[FE:053] More Power Armour Mods.esp
	[FE:054] tank_PA - tAE.esp
	[FE:055] tumbajamba Advanced Engineering.esp
	[FE:056] RadioReverbFix.esp
	[FE:057] StalkerMusic.esp
	[FE:058] OWR2_CraftableDecor.esp
	[FE:059] OWR2_CraftableDecor_CW.esp
