Fallout 4 v1.10.163
Buffout 4 v1.26.2

Unhandled exception "EXCEPTION_ACCESS_VIOLATION" at 0x7FF6E94A5B45 Fallout4.exe+22E5B45

	[Compatibility]
		F4EE: false
	[Fixes]
		ActorIsHostileToActor: true
		CellInit: true
		CreateD3DAndSwapChain: true
		EncounterZoneReset: true
		GreyMovies: true
		MagicEffectApplyEvent: true
		MovementPlanner: true
		PackageAllocateLocation: true
		SafeExit: true
		TESObjectREFRGetEncounterZone: true
		UnalignedLoad: true
		UtilityShader: true
	[Patches]
		Achievements: true
		BSMTAManager: true
		BSPreCulledObjects: true
		BSTextureStreamerLocalHeap: true
		HavokMemorySystem: true
		INISettingCollection: true
		InputSwitch: true
		MaxStdIO: -1
		MemoryManager: false
		MemoryManagerDebug: false
		ScaleformAllocator: true
		SmallBlockAllocator: true
		WorkshopMenu: true
	[Warnings]
		CreateTexture2D: true
		ImageSpaceAdapter: true

SYSTEM SPECS:
	OS: Microsoft Windows 10 Home v10.0.19041
	CPU: GenuineIntel 11th Gen Intel(R) Core(TM) i9-11900K @ 3.50GHz
	GPU #1: Nvidia GA104 [GeForce RTX 3070 Ti]
	GPU #2: Microsoft Basic Render Driver
	PHYSICAL MEMORY: 9.22 GB/31.90 GB

PROBABLE CALL STACK:
	[0] 0x7FF6E94A5B45 Fallout4.exe+22E5B45 -> 142311+0x75
	[1] 0x7FF6E846051A Fallout4.exe+12A051A -> 1079380+0x5EA
	[2] 0x7FF6E8466C1A Fallout4.exe+12A6C1A -> 543460+0x5A
	[3] 0x7FF6E9202D1C Fallout4.exe+2042D1C -> 239710+0x8EC
	[4] 0x7FF6E7E7FF35 Fallout4.exe+0CBFF35 -> 132841+0x105
	[5] 0x7FF6E7E8079D Fallout4.exe+0CC079D -> 1166392+0x7D
	[6] 0x7FF6E8CDCFED Fallout4.exe+1B1CFED -> 1079791+0x3D
	[7] 0x7FFC3A7C7614 KERNEL32.DLL+0017614
	[8] 0x7FFC3BC426A1    ntdll.dll+00526A1

REGISTERS:
	RAX 0xD6465A81         (size_t)
	RCX 0xF                (size_t)
	RDX 0x467409           (size_t)
	RBX 0x0                (size_t)
	RSP 0x546452EDC0       (void*)
	RBP 0x546452EE38       (void*)
	RSI 0x1726B736B28      (void*)
	RDI 0x0                (size_t)
	R8  0x90F969           (size_t)
	R9  0x90F969A0         (size_t)
	R10 0x3866             (size_t)
	R11 0x546452EE70       (void*)
	R12 0x1726B736AB8      (MainMenu*)
	R13 0x0                (size_t)
	R14 0x1726B736890      (MainMenu*)
	R15 0x0                (size_t)

STACK:
	[RSP+0   ] 0x0                (size_t)
	[RSP+8   ] 0x0                (size_t)
	[RSP+10  ] 0x1726B736B28      (void*)
	[RSP+18  ] 0x0                (size_t)
	[RSP+20  ] 0x546452EF60       (void*)
	[RSP+28  ] 0x1726B736B38      (void*)
	[RSP+30  ] 0x172EB414360      (NiTexture*)
		Name: "Textures\Interface\DLCBannerDLC01.dds"
	[RSP+38  ] 0x7FF6E8D01EB2     (void* -> Fallout4.exe+1B41EB2)
	[RSP+40  ] 0x0                (size_t)
	[RSP+48  ] 0x0                (size_t)
	[RSP+50  ] 0x7FF600000000     (size_t)
	[RSP+58  ] 0x546452F1C0       (char*) "Textures\Interface\DLCBannerDLC01.dds"
	[RSP+60  ] 0x1726B736890      (MainMenu*)
	[RSP+68  ] 0x7FF6E92D44C4     (void* -> Fallout4.exe+21144C4)
	[RSP+70  ] 0x0                (size_t)
	[RSP+78  ] 0x1                (size_t)
	[RSP+80  ] 0xFFFFFFFFFFFFFFFF (size_t)
	[RSP+88  ] 0x7FF6E9F4B1F4     (char*) "Grey"
	[RSP+90  ] 0x546452EF60       (void*)
	[RSP+98  ] 0x7FF6E846051A     (void* -> Fallout4.exe+12A051A)
	[RSP+A0  ] 0x0                (size_t)
	[RSP+A8  ] 0x0                (size_t)
	[RSP+B0  ] 0xD6465A81         (size_t)
	[RSP+B8  ] 0x7FF63866CB10     (size_t)
	[RSP+C0  ] 0x7FF600000000     (size_t)
	[RSP+C8  ] 0x0                (size_t)
	[RSP+D0  ] 0x546452EE00       (void*)
	[RSP+D8  ] 0x1                (size_t)
	[RSP+E0  ] 0x172E9D02B40      (void*)
	[RSP+E8  ] 0x7FF600010000     (size_t)
	[RSP+F0  ] 0x546452F030       (void*)
	[RSP+F8  ] 0x0                (size_t)
	[RSP+100 ] 0x403C000000000000 (size_t)
	[RSP+108 ] 0x546452EEB0       (void*)
	[RSP+110 ] 0x1721F47D8A8      (void*)
	[RSP+118 ] 0x4074A00000000000 (size_t)
	[RSP+120 ] 0x0                (size_t)
	[RSP+128 ] 0xA                (size_t)
	[RSP+130 ] 0x0                (size_t)
	[RSP+138 ] 0x17200000002      (char*) "`"
	[RSP+140 ] 0x172E9E86A00      (void*)
	[RSP+148 ] 0x7FF6E8CDC613     (void* -> Fallout4.exe+1B1C613)
	[RSP+150 ] 0x0                (size_t)
	[RSP+158 ] 0x7FF600000002     (size_t)
	[RSP+160 ] 0x5400000000       (size_t)
	[RSP+168 ] 0x1721F3EB490      (void*)
	[RSP+170 ] 0x546452F001       (void*)
	[RSP+178 ] 0x0                (size_t)
	[RSP+180 ] 0x5400000000       (size_t)
	[RSP+188 ] 0x1721F3EB490      (void*)
	[RSP+190 ] 0x3F8000000000000A (size_t)
	[RSP+198 ] 0x0                (size_t)
	[RSP+1A0 ] 0x172E9E86A00      (void*)
	[RSP+1A8 ] 0x7FF6E8CDC613     (void* -> Fallout4.exe+1B1C613)
	[RSP+1B0 ] 0x3F8000000000000A (size_t)
	[RSP+1B8 ] 0x0                (size_t)
	[RSP+1C0 ] 0x7FF6ECD19A00     (void* -> Fallout4.exe+5B59A00)
	[RSP+1C8 ] 0x7FF6ECD19900     (BSSmallBlockAllocator*)
	[RSP+1D0 ] 0x7FF6ECD19900     (BSSmallBlockAllocator*)
	[RSP+1D8 ] 0x7FF6E8CCF0B4     (void* -> Fallout4.exe+1B0F0B4)
	[RSP+1E0 ] 0x4                (size_t)
	[RSP+1E8 ] 0x20               (size_t)
	[RSP+1F0 ] 0x7FF6EAA8C980     (void* -> Fallout4.exe+38CC980)
	[RSP+1F8 ] 0x3F800000         (size_t)
	[RSP+200 ] 0x0                (size_t)
	[RSP+208 ] 0x1721F3DF280      (ButtonBarMenu*)
	[RSP+210 ] 0x4200000000       (size_t)
	[RSP+218 ] 0x173A0F52F20      (void*)
	[RSP+220 ] 0x0                (size_t)
	[RSP+228 ] 0x1721F3DF280      (ButtonBarMenu*)
	[RSP+230 ] 0x7FF6ECC26DD0     (UI*)
	[RSP+238 ] 0x172E9E82038      (void*)
	[RSP+240 ] 0x7FF6ECC27058     (void* -> Fallout4.exe+5A67058)
	[RSP+248 ] 0x7FF6E8CD1042     (void* -> Fallout4.exe+1B11042)
	[RSP+250 ] 0x546452EB00       (char*) "B"
	[RSP+258 ] 0x4                (size_t)
	[RSP+260 ] 0x0                (size_t)
	[RSP+268 ] 0x8                (size_t)
	[RSP+270 ] 0x1721F3DF360      (ButtonBarMenu*)
	[RSP+278 ] 0x7FF6E8CD0DBA     (void* -> Fallout4.exe+1B10DBA)
	[RSP+280 ] 0x7FF6ECC27068     (void* -> Fallout4.exe+5A67068)
	[RSP+288 ] 0x7FF6ECC27058     (void* -> Fallout4.exe+5A67058)
	[RSP+290 ] 0x7FF6ECD1BC70     (void* -> Fallout4.exe+5B5BC70)
	[RSP+298 ] 0x546452F450       (void*)
	[RSP+2A0 ] 0x7FF6ECD1BC70     (void* -> Fallout4.exe+5B5BC70)
	[RSP+2A8 ] 0x1721F4DC900      (void*)
	[RSP+2B0 ] 0x7FF6ECC27050     (void* -> Fallout4.exe+5A67050)
	[RSP+2B8 ] 0x7FF6E7CC8D0B     (void* -> Fallout4.exe+0B08D0B)
	[RSP+2C0 ] 0x7FF6ECC27050     (void* -> Fallout4.exe+5A67050)
	[RSP+2C8 ] 0x546452F450       (void*)
	[RSP+2D0 ] 0x172E9E82030      (void*)
	[RSP+2D8 ] 0x7FF6ECD1BC78     (void* -> Fallout4.exe+5B5BC78)
	[RSP+2E0 ] 0x7FF6ECC27040     (BSTGlobalEvent::EventSource<ButtonBarMenuUpdateEvent>*)
	[RSP+2E8 ] 0x7FF6E7CC7297     (void* -> Fallout4.exe+0B07297)
	[RSP+2F0 ] 0x546452F450       (void*)
	[RSP+2F8 ] 0x7FF6ECD1BC70     (void* -> Fallout4.exe+5B5BC70)
	[RSP+300 ] 0x7FF6E9E0A948     (void* -> Fallout4.exe+2C4A948)
	[RSP+308 ] 0x7FF6ECC27058     (void* -> Fallout4.exe+5A67058)
	[RSP+310 ] 0x172E9E2AFD0      (BSGFxShaderFXTarget*)
	[RSP+318 ] 0x7FF6E7CC5C63     (void* -> Fallout4.exe+0B05C63)
	[RSP+320 ] 0x546452F450       (void*)
	[RSP+328 ] 0x172E9E82030      (void*)
	[RSP+330 ] 0x1721F3DF2F0      (void*)
	[RSP+338 ] 0x7FFC393FF278     (void* -> KERNELBASE.dll+005F278)
	[RSP+340 ] 0x1726B736870      (void*)
	[RSP+348 ] 0x7FF6E8CDF3B1     (void* -> Fallout4.exe+1B1F3B1)
	[RSP+350 ] 0x0                (size_t)
	[RSP+358 ] 0x0                (size_t)
	[RSP+360 ] 0x172669D7370      (MemoryHeap*)
	[RSP+368 ] 0x17200000004      (void*)
	[RSP+370 ] 0x1726B736890      (MainMenu*)
	[RSP+378 ] 0x7FF6E8CDEDF6     (void* -> Fallout4.exe+1B1EDF6)
	[RSP+380 ] 0x172669D7378      (void*)
	[RSP+388 ] 0x1000             (size_t)
	[RSP+390 ] 0x172669D7378      (void*)
	[RSP+398 ] 0x1726B736890      (MainMenu*)
	[RSP+3A0 ] 0x172669D7618      (void*)
	[RSP+3A8 ] 0x410              (size_t)
	[RSP+3B0 ] 0x410              (size_t)
	[RSP+3B8 ] 0xFFFFFFFFFFFFFFF0 (size_t)
	[RSP+3C0 ] 0x10               (size_t)
	[RSP+3C8 ] 0x172669D7370      (MemoryHeap*)
	[RSP+3D0 ] 0x1                (size_t)
	[RSP+3D8 ] 0x172669D7370      (MemoryHeap*)
	[RSP+3E0 ] 0x408              (size_t)
	[RSP+3E8 ] 0x173A0F52F20      (void*)
	[RSP+3F0 ] 0x7FF6EAA8C980     (void* -> Fallout4.exe+38CC980)
	[RSP+3F8 ] 0x546452F1C0       (char*) "Textures\Interface\DLCBannerDLC01.dds"
	[RSP+400 ] 0x7365727574786554 (size_t)
	[RSP+408 ] 0x61667265746E495C (size_t)
	[RSP+410 ] 0x6142434C445C6563 (size_t)
	[RSP+418 ] 0x30434C4472656E6E (size_t)
	[RSP+420 ] 0x3F80007364642E31 (size_t)
	[RSP+428 ] 0x546452F438       (void*)
	[RSP+430 ] 0x4200000000       (size_t)
	[RSP+438 ] 0x173A0F52F20      (void*)
	[RSP+440 ] 0x546452F2D0       (void*)
	[RSP+448 ] 0x20               (size_t)
	[RSP+450 ] 0x7FF6ECC26DD0     (UI*)
	[RSP+458 ] 0x172E9E82020      (void*)
	[RSP+460 ] 0x1726B3A9998      (void*)
	[RSP+468 ] 0x7FF6E92DF953     (void* -> Fallout4.exe+211F953)
	[RSP+470 ] 0x7FF6ECC26D00     (void* -> Fallout4.exe+5A66D00)
	[RSP+478 ] 0x7FF6ED737438     (void* -> Fallout4.exe+6577438)
	[RSP+480 ] 0x10               (size_t)
	[RSP+488 ] 0x3E8              (size_t)
	[RSP+490 ] 0x1726B3A98C0      (void*)
	[RSP+498 ] 0x7FF6E920220C     (void* -> Fallout4.exe+204220C)
	[RSP+4A0 ] 0x0                (size_t)
	[RSP+4A8 ] 0x546452F2F0       (void*)
	[RSP+4B0 ] 0x1726B3A9998      (void*)
	[RSP+4B8 ] 0x7FF6E92DEF4D     (void* -> Fallout4.exe+211EF4D)
	[RSP+4C0 ] 0x7FF6ED737438     (void* -> Fallout4.exe+6577438)
	[RSP+4C8 ] 0x546452F450       (void*)
	[RSP+4D0 ] 0x7FF6ED737438     (void* -> Fallout4.exe+6577438)
	[RSP+4D8 ] 0x3E8              (size_t)
	[RSP+4E0 ] 0x546452F2F0       (void*)
	[RSP+4E8 ] 0x7FF6E71E44E3     (void* -> Fallout4.exe+00244E3)
	[RSP+4F0 ] 0x0                (size_t)
	[RSP+4F8 ] 0x1726B3A98C0      (void*)
	[RSP+500 ] 0x1726B736890      (MainMenu*)
	[RSP+508 ] 0x7FF6E91F93D1     (void* -> Fallout4.exe+20393D1)
	[RSP+510 ] 0x0                (size_t)
	[RSP+518 ] 0x0                (size_t)
	[RSP+520 ] 0x7FF6ECC26DD0     (UI*)
	[RSP+528 ] 0x172E9E82020      (void*)
	[RSP+530 ] 0x0                (size_t)
	[RSP+538 ] 0x0                (size_t)
	[RSP+540 ] 0x173A0F538E0      (char*) "B"
	[RSP+548 ] 0x42               (size_t)
	[RSP+550 ] 0x546452F450       (void*)
	[RSP+558 ] 0x7FF6E8466C1A     (void* -> Fallout4.exe+12A6C1A)
	[RSP+560 ] 0x42               (size_t)
	[RSP+568 ] 0x172E9E82018      (UIMessage*)
	[RSP+570 ] 0x172EB414360      (NiTexture*)
		Name: "Textures\Interface\DLCBannerDLC01.dds"
	[RSP+578 ] 0x7FF6ECC26DD0     (UI*)
	[RSP+580 ] 0x172E9E82018      (UIMessage*)
	[RSP+588 ] 0x7FF6E9202D1C     (void* -> Fallout4.exe+2042D1C)
	[RSP+590 ] 0x0                (size_t)
	[RSP+598 ] 0x7FF6ECC26F80     (void* -> Fallout4.exe+5A66F80)
	[RSP+5A0 ] 0x546452F450       (void*)
	[RSP+5A8 ] 0x7FF6ECC26F80     (void* -> Fallout4.exe+5A66F80)
	[RSP+5B0 ] 0x546452F390       (void*)
	[RSP+5B8 ] 0x546452F728       (void*)
	[RSP+5C0 ] 0x172E9E82018      (UIMessage*)
	[RSP+5C8 ] 0x0                (size_t)
	[RSP+5D0 ] 0x0                (size_t)
	[RSP+5D8 ] 0x7FF6E8466BC0     (void* -> Fallout4.exe+12A6BC0)
	[RSP+5E0 ] 0x0                (size_t)
	[RSP+5E8 ] 0x1000             (size_t)
	[RSP+5F0 ] 0x1                (size_t)
	[RSP+5F8 ] 0x546452F558       (void*)
	[RSP+600 ] 0x546452F4C8       (void*)
	[RSP+608 ] 0x83871E6B         (size_t)
	[RSP+610 ] 0x246              (size_t)
	[RSP+618 ] 0x0                (size_t)
	[RSP+620 ] 0x173A0F538E0      (char*) "B"
	[RSP+628 ] 0x17483871E6B      (size_t)
	[RSP+630 ] 0x17377B9459D      (void*)
	[RSP+638 ] 0x546452F4D0       (void*)
	[RSP+640 ] 0x546452F5B9       (void*)
	[RSP+648 ] 0x0                (size_t)
	[RSP+650 ] 0x0                (size_t)
	[RSP+658 ] 0x172E9E86BD0      (void*)
	[RSP+660 ] 0x202              (size_t)
	[RSP+668 ] 0x7FFC39417139     (void* -> KERNELBASE.dll+0077139)
	[RSP+670 ] 0x4F38             (size_t)
	[RSP+678 ] 0x0                (size_t)
	[RSP+680 ] 0x5400000001       (size_t)
	[RSP+688 ] 0x7FFB7B5F0000     (void*)
	[RSP+690 ] 0x546452F498       (void*)
	[RSP+698 ] 0x11400C           (size_t)
	[RSP+6A0 ] 0x0                (size_t)
	[RSP+6A8 ] 0x7FFB00000000     (size_t)
	[RSP+6B0 ] 0x173A0F85280      (ScaleformMCM::CallQuestFunction*)
	[RSP+6B8 ] 0x7FFB00000015     (size_t)
	[RSP+6C0 ] 0x17200000000      (void*)
	[RSP+6C8 ] 0x4F38             (size_t)
	[RSP+6D0 ] 0x173A0F85280      (ScaleformMCM::CallQuestFunction*)
	[RSP+6D8 ] 0x0                (size_t)
	[RSP+6E0 ] 0x0                (size_t)
	[RSP+6E8 ] 0x7FFB00000030     (size_t)
	[RSP+6F0 ] 0x0                (size_t)
	[RSP+6F8 ] 0x0                (size_t)
	[RSP+700 ] 0x80000040         (size_t)
	[RSP+708 ] 0x172E9E82018      (UIMessage*)
	[RSP+710 ] 0x0                (size_t)
	[RSP+718 ] 0x0                (size_t)
	[RSP+720 ] 0x0                (size_t)
	[RSP+728 ] 0x1725E830300      (void*)
	[RSP+730 ] 0x0                (size_t)
	[RSP+738 ] 0x7FFB576A986B     (void* -> steamclient64.dll+077986B)
	[RSP+740 ] 0x546452F620       (void*)
	[RSP+748 ] 0x1725E830468      (void*)
	[RSP+750 ] 0x1725E83042A      (void*)
	[RSP+758 ] 0x1725E840180      (void*)
	[RSP+760 ] 0x546452F540       (void*)
	[RSP+768 ] 0x546452F548       (void*)
	[RSP+770 ] 0x546452F600       (void*)
	[RSP+778 ] 0x7FFB576A62D1     (void* -> steamclient64.dll+07762D1)
	[RSP+780 ] 0x7FFB00000000     (size_t)
	[RSP+788 ] 0x17200000000      (void*)
	[RSP+790 ] 0x7FFB58375738     (CSteamClient*)
	[RSP+798 ] 0x1725E830468      (void*)
	[RSP+7A0 ] 0x1725E801B60      (void*)
	[RSP+7A8 ] 0x1B10001          (size_t)
	[RSP+7B0 ] 0x7FFB7B64AF80     (void* -> tier0_s64.dll+005AF80)
	[RSP+7B8 ] 0x7FFB7B5FBFC5     (void* -> tier0_s64.dll+000BFC5)
	[RSP+7C0 ] 0x1725E801B40      (void*)
	[RSP+7C8 ] 0x7FFB7B5FC0FE     (void* -> tier0_s64.dll+000C0FE)
	[RSP+7D0 ] 0x0                (size_t)
	[RSP+7D8 ] 0x1725E894080      (void*)
	[RSP+7E0 ] 0x1725E830300      (void*)
	[RSP+7E8 ] 0x1                (size_t)
	[RSP+7F0 ] 0x1725E840140      (char*) "@"
	[RSP+7F8 ] 0x7FFB57A7563B     (void* -> steamclient64.dll+0B4563B)
	[RSP+800 ] 0x1725E894080      (void*)
	[RSP+808 ] 0x7FF6E71E44E3     (void* -> Fallout4.exe+00244E3)
	[RSP+810 ] 0x7FFB56FFD230     (void* -> steamclient64.dll+00CD230)
	[RSP+818 ] 0x7FFB57A723C0     (void* -> steamclient64.dll+0B423C0)
	[RSP+820 ] 0x0                (size_t)
	[RSP+828 ] 0x7FFB57688FB5     (void* -> steamclient64.dll+0758FB5)
	[RSP+830 ] 0x7FF6ECC7D378     (void* -> Fallout4.exe+5ABD378)
	[RSP+838 ] 0x7FF6E7DC56ED     (void* -> Fallout4.exe+0C056ED)
	[RSP+840 ] 0x7FF6ECC7D450     (void* -> Fallout4.exe+5ABD450)
	[RSP+848 ] 0x1                (size_t)
	[RSP+850 ] 0xB                (size_t)
	[RSP+858 ] 0x7FFB5768852B     (void* -> steamclient64.dll+075852B)
	[RSP+860 ] 0x546452F6B9       (void*)
	[RSP+868 ] 0x7FF6E7DC43B4     (void* -> Fallout4.exe+0C043B4)
	[RSP+870 ] 0x0                (size_t)
	[RSP+878 ] 0x1725E840140      (char*) "@"
	[RSP+880 ] 0x1                (size_t)
	[RSP+888 ] 0x0                (size_t)
	[RSP+890 ] 0x172E9D9EC00      (void*)
	[RSP+898 ] 0x7FF6E7DF15E6     (void* -> Fallout4.exe+0C315E6)
	[RSP+8A0 ] 0x172E9D9EB28      (void*)
	[RSP+8A8 ] 0x1                (size_t)
	[RSP+8B0 ] 0x7FF6ECC7D450     (void* -> Fallout4.exe+5ABD450)
	[RSP+8B8 ] 0x0                (size_t)
	[RSP+8C0 ] 0x172E9D9ED80      (void*)
	[RSP+8C8 ] 0x7FF6E7DF15E6     (void* -> Fallout4.exe+0C315E6)
	[RSP+8D0 ] 0x172E9D9ED68      (void*)
	[RSP+8D8 ] 0x172E9D9ED80      (void*)
	[RSP+8E0 ] 0x0                (size_t)
	[RSP+8E8 ] 0x173A0F52F20      (void*)
	[RSP+8F0 ] 0x7FF6ECC7D4A8     (void* -> Fallout4.exe+5ABD4A8)
	[RSP+8F8 ] 0x7FF6E8CD093F     (void* -> Fallout4.exe+1B1093F)
	[RSP+900 ] 0x7FF6ECC7D450     (void* -> Fallout4.exe+5ABD450)
	[RSP+908 ] 0x1                (size_t)
	[RSP+910 ] 0x7FF6ECC7D4A0     (void* -> Fallout4.exe+5ABD4A0)
	[RSP+918 ] 0x0                (size_t)
	[RSP+920 ] 0x0                (size_t)
	[RSP+928 ] 0x0                (size_t)
	[RSP+930 ] 0x0                (size_t)
	[RSP+938 ] 0x7FF6ECC2BDC0     (JobListManager::ServingThread*)
	[RSP+940 ] 0x173A0F52F20      (void*)
	[RSP+948 ] 0x2                (size_t)
	[RSP+950 ] 0x9C0              (size_t)
	[RSP+958 ] 0x7FF6E7E7FF35     (void* -> Fallout4.exe+0CBFF35)
	[RSP+960 ] 0x17300000001      (size_t)
	[RSP+968 ] 0x5400000001       (size_t)
	[RSP+970 ] 0x0                (size_t)
	[RSP+978 ] 0x45               (size_t)
	[RSP+980 ] 0x0                (size_t)
	[RSP+988 ] 0x7FF6E7E8079D     (void* -> Fallout4.exe+0CC079D)
	[RSP+990 ] 0x7FF6ECC2BDC0     (JobListManager::ServingThread*)
	[RSP+998 ] 0x0                (size_t)
	[RSP+9A0 ] 0x0                (size_t)
	[RSP+9A8 ] 0x4EB0             (size_t)
	[RSP+9B0 ] 0x7FF6ECC2BDC0     (JobListManager::ServingThread*)
	[RSP+9B8 ] 0x7FF6E8CDCFED     (void* -> Fallout4.exe+1B1CFED)
	[RSP+9C0 ] 0x4F30             (size_t)
	[RSP+9C8 ] 0x546452F7A0       (void*)
	[RSP+9D0 ] 0x172E9D7EE70      (void*)
	[RSP+9D8 ] 0x0                (size_t)
	[RSP+9E0 ] 0x7FF6ECC2BDC0     (JobListManager::ServingThread*)
	[RSP+9E8 ] 0x0                (size_t)
	[RSP+9F0 ] 0x0                (size_t)
	[RSP+9F8 ] 0x7FFC3A7C7614     (void* -> KERNEL32.DLL+0017614)
	[RSP+A00 ] 0x0                (size_t)
	[RSP+A08 ] 0x0                (size_t)
	[RSP+A10 ] 0x0                (size_t)
	[RSP+A18 ] 0x0                (size_t)
	[RSP+A20 ] 0x0                (size_t)
	[RSP+A28 ] 0x7FFC3BC426A1     (void* -> ntdll.dll+00526A1)
	[RSP+A30 ] 0x0                (size_t)
	[RSP+A38 ] 0x0                (size_t)
	[RSP+A40 ] 0x0                (size_t)
	[RSP+A48 ] 0x0                (size_t)
	[RSP+A50 ] 0x0                (size_t)
	[RSP+A58 ] 0x0                (size_t)
	[RSP+A60 ] 0x3A2B08EB00000000 (size_t)
	[RSP+A68 ] 0x0                (size_t)
	[RSP+A70 ] 0x0                (size_t)
	[RSP+A78 ] 0x7FFC394B0140     (void* -> KERNELBASE.dll+0110140)
	[RSP+A80 ] 0x546452D880       (void*)
	[RSP+A88 ] 0xFF806C013560000F (size_t)
	[RSP+A90 ] 0x7FFC036009AB     (size_t)
	[RSP+A98 ] 0x546452D880       (void*)
	[RSP+AA0 ] 0x0                (size_t)
	[RSP+AA8 ] 0x0                (size_t)
	[RSP+AB0 ] 0x0                (size_t)
	[RSP+AB8 ] 0x0                (size_t)
	[RSP+AC0 ] 0x0                (size_t)
	[RSP+AC8 ] 0x0                (size_t)
	[RSP+AD0 ] 0x0                (size_t)
	[RSP+AD8 ] 0x0                (size_t)
	[RSP+AE0 ] 0x0                (size_t)
	[RSP+AE8 ] 0x0                (size_t)
	[RSP+AF0 ] 0x0                (size_t)
	[RSP+AF8 ] 0x0                (size_t)
	[RSP+B00 ] 0x0                (size_t)
	[RSP+B08 ] 0x0                (size_t)
	[RSP+B10 ] 0x0                (size_t)
	[RSP+B18 ] 0x0                (size_t)
	[RSP+B20 ] 0x0                (size_t)
	[RSP+B28 ] 0x0                (size_t)
	[RSP+B30 ] 0x0                (size_t)
	[RSP+B38 ] 0x0                (size_t)
	[RSP+B40 ] 0x0                (size_t)
	[RSP+B48 ] 0x0                (size_t)
	[RSP+B50 ] 0x0                (size_t)
	[RSP+B58 ] 0x0                (size_t)
	[RSP+B60 ] 0x0                (size_t)
	[RSP+B68 ] 0x0                (size_t)
	[RSP+B70 ] 0x0                (size_t)
	[RSP+B78 ] 0x0                (size_t)
	[RSP+B80 ] 0x0                (size_t)
	[RSP+B88 ] 0x0                (size_t)
	[RSP+B90 ] 0x0                (size_t)
	[RSP+B98 ] 0x0                (size_t)
	[RSP+BA0 ] 0x0                (size_t)
	[RSP+BA8 ] 0x0                (size_t)
	[RSP+BB0 ] 0x0                (size_t)
	[RSP+BB8 ] 0x0                (size_t)
	[RSP+BC0 ] 0x0                (size_t)
	[RSP+BC8 ] 0x0                (size_t)
	[RSP+BD0 ] 0x0                (size_t)
	[RSP+BD8 ] 0x0                (size_t)
	[RSP+BE0 ] 0x0                (size_t)
	[RSP+BE8 ] 0x0                (size_t)
	[RSP+BF0 ] 0x0                (size_t)
	[RSP+BF8 ] 0x0                (size_t)
	[RSP+C00 ] 0x0                (size_t)
	[RSP+C08 ] 0x0                (size_t)
	[RSP+C10 ] 0x0                (size_t)
	[RSP+C18 ] 0x0                (size_t)
	[RSP+C20 ] 0x0                (size_t)
	[RSP+C28 ] 0x0                (size_t)
	[RSP+C30 ] 0x0                (size_t)
	[RSP+C38 ] 0x0                (size_t)
	[RSP+C40 ] 0x0                (size_t)
	[RSP+C48 ] 0x0                (size_t)
	[RSP+C50 ] 0x0                (size_t)
	[RSP+C58 ] 0x0                (size_t)
	[RSP+C60 ] 0x0                (size_t)
	[RSP+C68 ] 0x0                (size_t)
	[RSP+C70 ] 0x0                (size_t)
	[RSP+C78 ] 0x0                (size_t)
	[RSP+C80 ] 0x0                (size_t)
	[RSP+C88 ] 0x0                (size_t)
	[RSP+C90 ] 0x0                (size_t)
	[RSP+C98 ] 0x0                (size_t)
	[RSP+CA0 ] 0x0                (size_t)
	[RSP+CA8 ] 0x0                (size_t)
	[RSP+CB0 ] 0x0                (size_t)
	[RSP+CB8 ] 0x0                (size_t)
	[RSP+CC0 ] 0x0                (size_t)
	[RSP+CC8 ] 0x0                (size_t)
	[RSP+CD0 ] 0x0                (size_t)
	[RSP+CD8 ] 0x0                (size_t)
	[RSP+CE0 ] 0x0                (size_t)
	[RSP+CE8 ] 0x0                (size_t)
	[RSP+CF0 ] 0x0                (size_t)
	[RSP+CF8 ] 0x0                (size_t)
	[RSP+D00 ] 0x0                (size_t)
	[RSP+D08 ] 0x0                (size_t)
	[RSP+D10 ] 0x0                (size_t)
	[RSP+D18 ] 0x0                (size_t)
	[RSP+D20 ] 0x0                (size_t)
	[RSP+D28 ] 0x0                (size_t)
	[RSP+D30 ] 0x0                (size_t)
	[RSP+D38 ] 0x0                (size_t)
	[RSP+D40 ] 0x0                (size_t)
	[RSP+D48 ] 0x0                (size_t)
	[RSP+D50 ] 0x0                (size_t)
	[RSP+D58 ] 0x0                (size_t)
	[RSP+D60 ] 0x0                (size_t)
	[RSP+D68 ] 0x0                (size_t)
	[RSP+D70 ] 0x0                (size_t)
	[RSP+D78 ] 0x0                (size_t)
	[RSP+D80 ] 0x0                (size_t)
	[RSP+D88 ] 0x0                (size_t)
	[RSP+D90 ] 0x0                (size_t)
	[RSP+D98 ] 0x0                (size_t)
	[RSP+DA0 ] 0x0                (size_t)
	[RSP+DA8 ] 0x0                (size_t)
	[RSP+DB0 ] 0x0                (size_t)
	[RSP+DB8 ] 0x0                (size_t)
	[RSP+DC0 ] 0x0                (size_t)
	[RSP+DC8 ] 0x0                (size_t)
	[RSP+DD0 ] 0x0                (size_t)
	[RSP+DD8 ] 0x0                (size_t)
	[RSP+DE0 ] 0x0                (size_t)
	[RSP+DE8 ] 0x0                (size_t)
	[RSP+DF0 ] 0x0                (size_t)
	[RSP+DF8 ] 0x0                (size_t)
	[RSP+E00 ] 0x0                (size_t)
	[RSP+E08 ] 0x0                (size_t)
	[RSP+E10 ] 0x0                (size_t)
	[RSP+E18 ] 0x0                (size_t)
	[RSP+E20 ] 0x0                (size_t)
	[RSP+E28 ] 0x0                (size_t)
	[RSP+E30 ] 0x0                (size_t)
	[RSP+E38 ] 0x0                (size_t)
	[RSP+E40 ] 0x0                (size_t)
	[RSP+E48 ] 0x0                (size_t)
	[RSP+E50 ] 0x0                (size_t)
	[RSP+E58 ] 0x0                (size_t)
	[RSP+E60 ] 0x0                (size_t)
	[RSP+E68 ] 0x0                (size_t)
	[RSP+E70 ] 0x0                (size_t)
	[RSP+E78 ] 0x0                (size_t)
	[RSP+E80 ] 0x0                (size_t)
	[RSP+E88 ] 0x0                (size_t)
	[RSP+E90 ] 0x0                (size_t)
	[RSP+E98 ] 0x0                (size_t)
	[RSP+EA0 ] 0x0                (size_t)
	[RSP+EA8 ] 0x0                (size_t)
	[RSP+EB0 ] 0x0                (size_t)
	[RSP+EB8 ] 0x0                (size_t)
	[RSP+EC0 ] 0x0                (size_t)
	[RSP+EC8 ] 0x0                (size_t)
	[RSP+ED0 ] 0x0                (size_t)
	[RSP+ED8 ] 0x0                (size_t)
	[RSP+EE0 ] 0x0                (size_t)
	[RSP+EE8 ] 0x0                (size_t)
	[RSP+EF0 ] 0x0                (size_t)
	[RSP+EF8 ] 0x0                (size_t)
	[RSP+F00 ] 0x0                (size_t)
	[RSP+F08 ] 0x0                (size_t)
	[RSP+F10 ] 0x0                (size_t)
	[RSP+F18 ] 0x0                (size_t)
	[RSP+F20 ] 0x0                (size_t)
	[RSP+F28 ] 0x0                (size_t)
	[RSP+F30 ] 0x0                (size_t)
	[RSP+F38 ] 0x0                (size_t)
	[RSP+F40 ] 0x0                (size_t)
	[RSP+F48 ] 0x0                (size_t)
	[RSP+F50 ] 0x0                (size_t)
	[RSP+F58 ] 0x0                (size_t)
	[RSP+F60 ] 0x0                (size_t)
	[RSP+F68 ] 0x0                (size_t)
	[RSP+F70 ] 0x0                (size_t)
	[RSP+F78 ] 0x0                (size_t)
	[RSP+F80 ] 0x0                (size_t)
	[RSP+F88 ] 0x0                (size_t)
	[RSP+F90 ] 0x0                (size_t)
	[RSP+F98 ] 0x0                (size_t)
	[RSP+FA0 ] 0x0                (size_t)
	[RSP+FA8 ] 0x0                (size_t)
	[RSP+FB0 ] 0x0                (size_t)
	[RSP+FB8 ] 0x0                (size_t)
	[RSP+FC0 ] 0x0                (size_t)
	[RSP+FC8 ] 0x0                (size_t)
	[RSP+FD0 ] 0x0                (size_t)
	[RSP+FD8 ] 0x0                (size_t)
	[RSP+FE0 ] 0x0                (size_t)
	[RSP+FE8 ] 0x0                (size_t)
	[RSP+FF0 ] 0x0                (size_t)
	[RSP+FF8 ] 0x0                (size_t)
	[RSP+1000] 0x0                (size_t)
	[RSP+1008] 0x0                (size_t)
	[RSP+1010] 0x0                (size_t)
	[RSP+1018] 0x0                (size_t)
	[RSP+1020] 0x0                (size_t)
	[RSP+1028] 0x0                (size_t)
	[RSP+1030] 0x0                (size_t)
	[RSP+1038] 0x0                (size_t)
	[RSP+1040] 0x0                (size_t)
	[RSP+1048] 0x0                (size_t)
	[RSP+1050] 0x0                (size_t)
	[RSP+1058] 0x0                (size_t)
	[RSP+1060] 0x0                (size_t)
	[RSP+1068] 0x0                (size_t)
	[RSP+1070] 0x0                (size_t)
	[RSP+1078] 0x0                (size_t)
	[RSP+1080] 0x0                (size_t)
	[RSP+1088] 0x0                (size_t)
	[RSP+1090] 0x0                (size_t)
	[RSP+1098] 0x0                (size_t)
	[RSP+10A0] 0x0                (size_t)
	[RSP+10A8] 0x0                (size_t)
	[RSP+10B0] 0x0                (size_t)
	[RSP+10B8] 0x0                (size_t)
	[RSP+10C0] 0x0                (size_t)
	[RSP+10C8] 0x0                (size_t)
	[RSP+10D0] 0x0                (size_t)
	[RSP+10D8] 0x0                (size_t)
	[RSP+10E0] 0x0                (size_t)
	[RSP+10E8] 0x0                (size_t)
	[RSP+10F0] 0x0                (size_t)
	[RSP+10F8] 0x0                (size_t)
	[RSP+1100] 0x0                (size_t)
	[RSP+1108] 0x0                (size_t)
	[RSP+1110] 0x0                (size_t)
	[RSP+1118] 0x0                (size_t)
	[RSP+1120] 0x0                (size_t)
	[RSP+1128] 0x0                (size_t)
	[RSP+1130] 0x0                (size_t)
	[RSP+1138] 0x0                (size_t)
	[RSP+1140] 0x0                (size_t)
	[RSP+1148] 0x0                (size_t)
	[RSP+1150] 0x0                (size_t)
	[RSP+1158] 0x0                (size_t)
	[RSP+1160] 0x0                (size_t)
	[RSP+1168] 0x0                (size_t)
	[RSP+1170] 0x0                (size_t)
	[RSP+1178] 0x0                (size_t)
	[RSP+1180] 0x0                (size_t)
	[RSP+1188] 0x0                (size_t)
	[RSP+1190] 0x0                (size_t)
	[RSP+1198] 0x0                (size_t)
	[RSP+11A0] 0x0                (size_t)
	[RSP+11A8] 0x0                (size_t)
	[RSP+11B0] 0x0                (size_t)
	[RSP+11B8] 0x0                (size_t)
	[RSP+11C0] 0x0                (size_t)
	[RSP+11C8] 0x0                (size_t)
	[RSP+11D0] 0x0                (size_t)
	[RSP+11D8] 0x0                (size_t)
	[RSP+11E0] 0x0                (size_t)
	[RSP+11E8] 0x0                (size_t)
	[RSP+11F0] 0x0                (size_t)
	[RSP+11F8] 0x0                (size_t)
	[RSP+1200] 0x0                (size_t)
	[RSP+1208] 0x0                (size_t)
	[RSP+1210] 0x0                (size_t)
	[RSP+1218] 0x0                (size_t)
	[RSP+1220] 0x0                (size_t)
	[RSP+1228] 0x0                (size_t)
	[RSP+1230] 0x0                (size_t)
	[RSP+1238] 0x0                (size_t)

MODULES:

F4SE PLUGINS:
	BakaScrapHeap.dll v1.3
	BetterConsole.dll
	Buffout4.dll v1.26.2
	BulletCountedReload.dll
	cc_cleaner.dll
	CCExtenderF4.dll v1.2
	ClassicHolsteredWeapons.dll
	crafting_highlight_fix.dll
	enbhelperf4.dll v1
	encounter_zone_recalculation.dll
	f4pm.dll
	faster_workshop.dll
	HighFPSPhysicsFix.dll
	mcm.dll
	MODExplorer.dll
	NVIDIA_Reflex.dll v1
	place.dll
	PowerGridTools.dll
	pppl.dll
	PriorityMod.dll
	ShadowBoostFO4.dll
	SprintStutteringFix.dll
	vertibird_jump.dll
	WeaponDebrisCrashFix.dll
	wsfw_identifier.dll
	XDI.dll

PLUGINS:
