Fallout 4 v1.10.163
Buffout 4 v1.28.6

Unhandled exception "EXCEPTION_ACCESS_VIOLATION" at 0x7FF6FB6CB179 Fallout4.exe+0CEB179

	[Compatibility]
		F4EE: true
	[Crashlog]
		AutoOpen: false
		PromptUpload: false
	[Fixes]
		ActorIsHostileToActor: true
		CellInit: true
		CreateD3DAndSwapChain: true
		EncounterZoneReset: true
		GreyMovies: true
		MagicEffectApplyEvent: true
		MovementPlanner: true
		PackageAllocateLocation: true
		SafeExit: true
		TESObjectREFRGetEncounterZone: true
		UnalignedLoad: true
		UtilityShader: true
	[Patches]
		Achievements: true
		ArchiveLimit: false
		BSMTAManager: true
		BSPreCulledObjects: true
		BSTextureStreamerLocalHeap: false
		HavokMemorySystem: true
		INISettingCollection: true
		InputSwitch: false
		MaxStdIO: 2048
		MemoryManager: true
		MemoryManagerDebug: false
		ScaleformAllocator: true
		SmallBlockAllocator: true
		WorkshopMenu: true
	[Warnings]
		CreateTexture2D: true
		ImageSpaceAdapter: true

SYSTEM SPECS:
	OS: Microsoft Windows 11 Pro v10.0.22631
	CPU: AuthenticAMD AMD Ryzen 7 7800X3D 8-Core Processor           
	GPU #1: Nvidia AD104 [GeForce RTX 4070]
	GPU #2: AMD Raphael
	GPU #3: Microsoft Basic Render Driver
	PHYSICAL MEMORY: 32.96 GB/63.15 GB

PROBABLE CALL STACK:
	[ 0] 0x7FF6FB6CB179      Fallout4.exe+0CEB179 -> 662910+0x149
	[ 1] 0x7FF6FB6BE884      Fallout4.exe+0CDE884 -> 1037908+0x394
	[ 2] 0x7FF9117EED12 f4se_1_10_163.dll+000ED12
	[ 3] 0x7FF6FB6CD570      Fallout4.exe+0CED570 -> 488418+0x170
	[ 4] 0x7FF6FB6CD2B3      Fallout4.exe+0CED2B3 -> 954817+0xE3
	[ 5] 0x7FF6FB6CE2DB      Fallout4.exe+0CEE2DB -> 1280471+0x8B
	[ 6] 0x7FF6FB6D1552      Fallout4.exe+0CF1552 -> 927422+0x92
	[ 7] 0x7FF6FB719081      Fallout4.exe+0D39081 -> 633524+0x221
	[ 8] 0x7FF6FB716E10      Fallout4.exe+0D36E10 -> 1125396+0xC0
	[ 9] 0x7FF6FB715950      Fallout4.exe+0D35950 -> 668528+0x20
	[10] 0x7FF6FD317157      Fallout4.exe+2937157 -> 1104651+0x143
	[11] 0x7FF9F1D6257D      KERNEL32.DLL+001257D
	[12] 0x7FF9F2B6AA48         ntdll.dll+005AA48

REGISTERS:
	RAX 0x0                (size_t)
	RCX 0x0                (size_t)
	RDX 0x0                (size_t)
	RBX 0x0                (size_t)
	RSP 0xB9811EEE60       (void*)
	RBP 0xB9811EEEB9       (void*)
	RSI 0x40               (size_t)
	RDI 0x32003F74         (size_t)
	R8  0x100              (size_t)
	R9  0xB26EA82          (size_t)
	R10 0x3200             (size_t)
	R11 0xB9811EEED0       (void*)
	R12 0x4DC9             (size_t)
	R13 0xB9811EEF88       (BGSSaveFormBuffer*)
	R14 0x4                (size_t)
	R15 0x2574A1C7C40      (TESObjectREFR*)
		Object Reference: 
			File: "M8r Complex Sorter.esp"
			Flags: 0x00400008
			Form ID: 0x3200173F
			Form Type: 30
		File: "SS2HappyTrails.esp"
		Flags: 0x00400008
		Form ID: 0x32003F74
		Form Type: 64

STACK:
	[RSP+0   ] 0x0                (size_t)
	[RSP+8   ] 0x0                (size_t)
	[RSP+10  ] 0x4                (size_t)
	[RSP+18  ] 0x0                (size_t)
	[RSP+20  ] 0x0                (size_t)
	[RSP+28  ] 0x0                (size_t)
	[RSP+30  ] 0x4774F08EC62449E4 (size_t)
	[RSP+38  ] 0xB9811EEF88       (BGSSaveFormBuffer*)
	[RSP+40  ] 0x40               (size_t)
	[RSP+48  ] 0xB9811EEF88       (BGSSaveFormBuffer*)
	[RSP+50  ] 0xB981000000       (size_t)
	[RSP+58  ] 0x7FF6FB6DF529     (void* -> Fallout4.exe+0CFF529)
	[RSP+60  ] 0xB9811EEFA0       (void*)
	[RSP+68  ] 0x32003F74         (size_t)
	[RSP+70  ] 0x3BDC4E6          (size_t)
	[RSP+78  ] 0x7FF6FADCF4E8     (void* -> Fallout4.exe+03EF4E8)
	[RSP+80  ] 0x256F8B46080      (void*)
	[RSP+88  ] 0x2574A1C7C40      (TESObjectREFR*)
		Object Reference: 
			File: "M8r Complex Sorter.esp"
			Flags: 0x00400008
			Form ID: 0x3200173F
			Form Type: 30
		File: "SS2HappyTrails.esp"
		Flags: 0x00400008
		Form ID: 0x32003F74
		Form Type: 64
	[RSP+90  ] 0x2576DEC7880      (char*) "Autosave2_58A2F94A_426565_SS2C2HijackVault81Entry_000138_20240410071137_63_2"
	[RSP+98  ] 0x32003F74         (size_t)
	[RSP+A0  ] 0x40               (size_t)
	[RSP+A8  ] 0x0                (size_t)
	[RSP+B0  ] 0xB9811EF020       (void*)
	[RSP+B8  ] 0x7FF6FB6BE884     (void* -> Fallout4.exe+0CDE884)
	[RSP+C0  ] 0x4DC9             (size_t)
	[RSP+C8  ] 0x4                (size_t)
	[RSP+D0  ] 0x4                (size_t)
	[RSP+D8  ] 0xB9811EF020       (void*)
	[RSP+E0  ] 0x2590B518544      (void*)
	[RSP+E8  ] 0x7FF9000004C3     (size_t)
	[RSP+F0  ] 0x7FF600000004     (size_t)
	[RSP+F8  ] 0x0                (size_t)
	[RSP+100 ] 0x255A1FD8D80      (ScrapHeap*)
	[RSP+108 ] 0x258A90A0180      (void*)
	[RSP+110 ] 0x2590000C2F7      (void*)
	[RSP+118 ] 0x7FF90000C2F7     (size_t)
	[RSP+120 ] 0x255A1FD8E20      (char*) "X"
	[RSP+128 ] 0x7FF6FD718E50     (void* -> Fallout4.exe+2D38E50)
	[RSP+130 ] 0x258A2AF4640      (void*)
	[RSP+138 ] 0x4000             (size_t)
	[RSP+140 ] 0x459E500          (size_t)
	[RSP+148 ] 0x2590A6D5B44      (void*)
	[RSP+150 ] 0x2574A1C7C40      (TESObjectREFR*)
		Object Reference: 
			File: "M8r Complex Sorter.esp"
			Flags: 0x00400008
			Form ID: 0x3200173F
			Form Type: 30
		File: "SS2HappyTrails.esp"
		Flags: 0x00400008
		Form ID: 0x32003F74
		Form Type: 64
	[RSP+158 ] 0x0                (size_t)
	[RSP+160 ] 0x0                (size_t)
	[RSP+168 ] 0x1081A1000F3B87   (size_t)
	[RSP+170 ] 0x11BA25           (size_t)
	[RSP+178 ] 0xE0000000C        (size_t)
	[RSP+180 ] 0x4D7700000000     (size_t)
	[RSP+188 ] 0x0                (size_t)
	[RSP+190 ] 0x0                (size_t)
	[RSP+198 ] 0x0                (size_t)
	[RSP+1A0 ] 0x0                (size_t)
	[RSP+1A8 ] 0x0                (size_t)
	[RSP+1B0 ] 0x0                (size_t)
	[RSP+1B8 ] 0x0                (size_t)
	[RSP+1C0 ] 0x25900000000      (void*)
	[RSP+1C8 ] 0x7FF900000326     (size_t)
	[RSP+1D0 ] 0x657661736F747541 (size_t)
	[RSP+1D8 ] 0x3946324138355F32 (size_t)
	[RSP+1E0 ] 0x36353632345F4134 (size_t)
	[RSP+1E8 ] 0x4832433253535F35 (size_t)
	[RSP+1F0 ] 0x7561566B63616A69 (size_t)
	[RSP+1F8 ] 0x72746E453138746C (size_t)
	[RSP+200 ] 0x3833313030305F79 (size_t)
	[RSP+208 ] 0x313430343230325F (size_t)
	[RSP+210 ] 0x5F37333131373030 (size_t)
	[RSP+218 ] 0x736F662E325F3336 (size_t)
	[RSP+220 ] 0x0                (size_t)
	[RSP+228 ] 0x0                (size_t)
	[RSP+230 ] 0x4                (size_t)
	[RSP+238 ] 0x2576DEC7880      (char*) "Autosave2_58A2F94A_426565_SS2C2HijackVault81Entry_000138_20240410071137_63_2"
	[RSP+240 ] 0x2590A6D5B80      (void*)
	[RSP+248 ] 0x7FF9F2B4AB11     (void* -> ntdll.dll+003AB11)
	[RSP+250 ] 0x2590A6D5B70      (void*)
	[RSP+258 ] 0x255A1FD0000      (void*)
	[RSP+260 ] 0xB9811EF199       (void*)
	[RSP+268 ] 0x0                (size_t)
	[RSP+270 ] 0x0                (size_t)
	[RSP+278 ] 0x7FF908793C46     (void* -> lootman.dll+0023C46)
	[RSP+280 ] 0xFFFFFFFF         (size_t)
	[RSP+288 ] 0x7FF908791A30     (void* -> lootman.dll+0021A30)
	[RSP+290 ] 0x0                (size_t)
	[RSP+298 ] 0x13               (size_t)
	[RSP+2A0 ] 0x13               (size_t)
	[RSP+2A8 ] 0xFFFFFFFF         (size_t)
	[RSP+2B0 ] 0x0                (size_t)
	[RSP+2B8 ] 0x7FF90878312E     (void* -> lootman.dll+001312E)
	[RSP+2C0 ] 0x7FF9087BB858     (char*) "%s
"
	[RSP+2C8 ] 0x7FF9087CA030     (char*) "2024-04-10 00:11:38.598 | SYSTEM     | F4SE messaging: 4"
	[RSP+2D0 ] 0xB9811ED428       (void*)
	[RSP+2D8 ] 0x0                (size_t)
	[RSP+2E0 ] 0x202D20646C697665 (size_t)
	[RSP+2E8 ] 0x3230322F30312F34 (size_t)
	[RSP+2F0 ] 0x3A31313A30302034 (size_t)
	[RSP+2F8 ] 0x20455845202C3733 (size_t)
	[RSP+300 ] 0x3A6E6F6973726556 (size_t)
	[RSP+308 ] 0x36312E30312E3120 (size_t)
	[RSP+310 ] 0x766153202C302E33 (size_t)
	[RSP+318 ] 0x6F69737265562065 (size_t)
	[RSP+320 ] 0x38362E3531206E   (size_t)
	[RSP+328 ] 0x0                (size_t)
	[RSP+330 ] 0xF                (size_t)
	[RSP+338 ] 0x0                (size_t)
	[RSP+340 ] 0x25600000000      (void*)
	[RSP+348 ] 0x0                (size_t)
	[RSP+350 ] 0xF                (size_t)
	[RSP+358 ] 0x0                (size_t)
	[RSP+360 ] 0xFFFFFFFFFFFFFFFE (size_t)
	[RSP+368 ] 0x0                (size_t)
	[RSP+370 ] 0xF                (size_t)
	[RSP+378 ] 0x7FF907ED4DEE     (void* -> RustyFaceFix.dll+0004DEE)
	[RSP+380 ] 0xB9811EF250       (void*)
	[RSP+388 ] 0xE72CC51F8652     (size_t)
	[RSP+390 ] 0x0                (size_t)
	[RSP+398 ] 0x0                (size_t)
	[RSP+3A0 ] 0xFFFFFFFFFFFFFFFE (size_t)
	[RSP+3A8 ] 0x0                (size_t)
	[RSP+3B0 ] 0x4                (size_t)
	[RSP+3B8 ] 0x43A07D5FD03      (size_t)
	[RSP+3C0 ] 0x255C66430E0      (char*) "1"
	[RSP+3C8 ] 0x7FF91183B371     (void* -> f4se_1_10_163.dll+005B371)
	[RSP+3D0 ] 0x255C66430B0      (char*) "-"
	[RSP+3D8 ] 0x7FF9118852B8     (char*) "F4SE"
	[RSP+3E0 ] 0x1C               (size_t)
	[RSP+3E8 ] 0xFFFFFFFF         (size_t)
	[RSP+3F0 ] 0x7FF9118852B8     (char*) "F4SE"
	[RSP+3F8 ] 0xFFFFFF00         (size_t)
	[RSP+400 ] 0x1                (size_t)
	[RSP+408 ] 0x2576DEC7880      (char*) "Autosave2_58A2F94A_426565_SS2C2HijackVault81Entry_000138_20240410071137_63_2"
	[RSP+410 ] 0x0                (size_t)
	[RSP+418 ] 0x2576DEC7880      (char*) "Autosave2_58A2F94A_426565_SS2C2HijackVault81Entry_000138_20240410071137_63_2"
	[RSP+420 ] 0x0                (size_t)
	[RSP+428 ] 0xFFFFFFFFFFFFFFFF (size_t)
	[RSP+430 ] 0x256F8B46080      (void*)
	[RSP+438 ] 0x7FF9117EED12     (void* -> f4se_1_10_163.dll+000ED12)
	[RSP+440 ] 0xFFFFFFFFFFFFFF44 (size_t)
	[RSP+448 ] 0x25600000002      (void*)
	[RSP+450 ] 0x0                (size_t)
	[RSP+458 ] 0x257000F3B23      (void*)
	[RSP+460 ] 0x0                (size_t)
	[RSP+468 ] 0xB945979000       (size_t)
	[RSP+470 ] 0x2576DEC7880      (char*) "Autosave2_58A2F94A_426565_SS2C2HijackVault81Entry_000138_20240410071137_63_2"
	[RSP+478 ] 0x7FF6FB6CD570     (void* -> Fallout4.exe+0CED570)
	[RSP+480 ] 0x2568B00B580      (BGSSaveLoadManager*)
	[RSP+488 ] 0xB9811EF3E0       (void*)
	[RSP+490 ] 0xB9811EF901       (void*)
	[RSP+498 ] 0x7FF900000000     (size_t)
	[RSP+4A0 ] 0x0                (size_t)
	[RSP+4A8 ] 0x7FF90DA4EDF0     (void* -> Buffout4.dll+031EDF0)
	[RSP+4B0 ] 0x255E0D5BC80      (void*)
	[RSP+4B8 ] 0x0                (size_t)
	[RSP+4C0 ] 0x40               (size_t)
	[RSP+4C8 ] 0x1                (size_t)
	[RSP+4D0 ] 0x7FF90DA52030     (void* -> Buffout4.dll+0322030)
	[RSP+4D8 ] 0x7FF90DA48CB0     (void* -> Buffout4.dll+0318CB0)
	[RSP+4E0 ] 0x1                (size_t)
	[RSP+4E8 ] 0x7FF90D783D70     (void* -> Buffout4.dll+0053D70)
	[RSP+4F0 ] 0xB9811EF370       (void*)
	[RSP+4F8 ] 0x0                (size_t)
	[RSP+500 ] 0x0                (size_t)
	[RSP+508 ] 0xFFFFFFFFFFFFFFFF (size_t)
	[RSP+510 ] 0x7FF90DA52030     (void* -> Buffout4.dll+0322030)
	[RSP+518 ] 0x7FF90DA48CB0     (void* -> Buffout4.dll+0318CB0)
	[RSP+520 ] 0x7FF90DA51CF0     (void* -> Buffout4.dll+0321CF0)
	[RSP+528 ] 0x25600000008      (void*)
	[RSP+530 ] 0x0                (size_t)
	[RSP+538 ] 0x2811EF400        (size_t)
	[RSP+540 ] 0xB87DF            (size_t)
	[RSP+548 ] 0x1140112          (size_t)
	[RSP+550 ] 0xB9811EF440       (void*)
	[RSP+558 ] 0x7FF90D782F59     (void* -> Buffout4.dll+0052F59)
	[RSP+560 ] 0x10000            (size_t)
	[RSP+568 ] 0x7FF90DA48CB0     (void* -> Buffout4.dll+0318CB0)
	[RSP+570 ] 0x7FF90DA4F0B0     (void* -> Buffout4.dll+031F0B0)
	[RSP+578 ] 0x40000000         (size_t)
	[RSP+580 ] 0x7FF9F07171D0     (void* -> KERNELBASE.dll+03571D0)
	[RSP+588 ] 0x7FF9F2B3EDCD     (void* -> ntdll.dll+002EDCD)
	[RSP+590 ] 0x0                (size_t)
	[RSP+598 ] 0x0                (size_t)
	[RSP+5A0 ] 0xB9811EF4F0       (void*)
	[RSP+5A8 ] 0x4                (size_t)
	[RSP+5B0 ] 0x0                (size_t)
	[RSP+5B8 ] 0x1                (size_t)
	[RSP+5C0 ] 0x811E0000         (size_t)
	[RSP+5C8 ] 0x12000            (size_t)
	[RSP+5D0 ] 0x0                (size_t)
	[RSP+5D8 ] 0x0                (size_t)
	[RSP+5E0 ] 0x0                (size_t)
	[RSP+5E8 ] 0x0                (size_t)
	[RSP+5F0 ] 0x0                (size_t)
	[RSP+5F8 ] 0x0                (size_t)
	[RSP+600 ] 0x657661736F747541 (size_t)
	[RSP+608 ] 0x3946324138355F32 (size_t)
	[RSP+610 ] 0x36353632345F4134 (size_t)
	[RSP+618 ] 0x4832433253535F35 (size_t)
	[RSP+620 ] 0x7561566B63616A69 (size_t)
	[RSP+628 ] 0x72746E453138746C (size_t)
	[RSP+630 ] 0x3833313030305F79 (size_t)
	[RSP+638 ] 0x313430343230325F (size_t)
	[RSP+640 ] 0x5F37333131373030 (size_t)
	[RSP+648 ] 0x325F3336         (size_t)
	[RSP+650 ] 0x0                (size_t)
	[RSP+658 ] 0x0                (size_t)
	[RSP+660 ] 0x7FF90DA48CA0     (void* -> Buffout4.dll+0318CA0)
	[RSP+668 ] 0x7FF90DA48CA0     (void* -> Buffout4.dll+0318CA0)
	[RSP+670 ] 0x10000            (size_t)
	[RSP+678 ] 0x10000000         (size_t)
	[RSP+680 ] 0x0                (size_t)
	[RSP+688 ] 0xB9811EF700       (char*) "C:\Users\evild\Documents\My Games\Fallout4\Saves\Autosave2_58A2F94A_426565_SS2C2HijackVault81Entry_000138_20240410071137_63_2.fos.tmp"
	[RSP+690 ] 0x0                (size_t)
	[RSP+698 ] 0x0                (size_t)
	[RSP+6A0 ] 0x10000            (size_t)
	[RSP+6A8 ] 0x7FF90D77C1EC     (void* -> Buffout4.dll+004C1EC)
	[RSP+6B0 ] 0x0                (size_t)
	[RSP+6B8 ] 0x0                (size_t)
	[RSP+6C0 ] 0x0                (size_t)
	[RSP+6C8 ] 0x0                (size_t)
	[RSP+6D0 ] 0x0                (size_t)
	[RSP+6D8 ] 0x0                (size_t)
	[RSP+6E0 ] 0xF1D84E16EE1F     (size_t)
	[RSP+6E8 ] 0xB9811EF700       (char*) "C:\Users\evild\Documents\My Games\Fallout4\Saves\Autosave2_58A2F94A_426565_SS2C2HijackVault81Entry_000138_20240410071137_63_2.fos.tmp"
	[RSP+6F0 ] 0xB9811EF700       (char*) "C:\Users\evild\Documents\My Games\Fallout4\Saves\Autosave2_58A2F94A_426565_SS2C2HijackVault81Entry_000138_20240410071137_63_2.fos.tmp"
	[RSP+6F8 ] 0x2576AECFE40      (BSFile*)
	[RSP+700 ] 0xFFFFFFFFFFFFFFFF (size_t)
	[RSP+708 ] 0x7FF9F03E3DDF     (void* -> KERNELBASE.dll+0023DDF)
	[RSP+710 ] 0x0                (size_t)
	[RSP+718 ] 0xFFFFFFFFFFFFFFFF (size_t)
	[RSP+720 ] 0x0                (size_t)
	[RSP+728 ] 0xB9811EF700       (char*) "C:\Users\evild\Documents\My Games\Fallout4\Saves\Autosave2_58A2F94A_426565_SS2C2HijackVault81Entry_000138_20240410071137_63_2.fos.tmp"
	[RSP+730 ] 0x1                (size_t)
	[RSP+738 ] 0x7FF6FC53525E     (void* -> Fallout4.exe+1B5525E)
	[RSP+740 ] 0x2576AECFE40      (BSFile*)
	[RSP+748 ] 0x0                (size_t)
	[RSP+750 ] 0xB9811EF700       (char*) "C:\Users\evild\Documents\My Games\Fallout4\Saves\Autosave2_58A2F94A_426565_SS2C2HijackVault81Entry_000138_20240410071137_63_2.fos.tmp"
	[RSP+758 ] 0x2576AECFE40      (BSFile*)
	[RSP+760 ] 0xFFFFFFFFFFFFFF00 (size_t)
	[RSP+768 ] 0x0                (size_t)
	[RSP+770 ] 0x0                (size_t)
	[RSP+778 ] 0xFFFFFFFFFFFFFFFF (size_t)
	[RSP+780 ] 0x25800000001      (void*)
	[RSP+788 ] 0xFFFFFFFFFFFFFFFF (size_t)
	[RSP+790 ] 0xB9811EF700       (char*) "C:\Users\evild\Documents\My Games\Fallout4\Saves\Autosave2_58A2F94A_426565_SS2C2HijackVault81Entry_000138_20240410071137_63_2.fos.tmp"
	[RSP+798 ] 0x7FF6FC534D45     (void* -> Fallout4.exe+1B54D45)
	[RSP+7A0 ] 0x1                (size_t)
	[RSP+7A8 ] 0x2576AECFE40      (BSFile*)
	[RSP+7B0 ] 0x2576AECFEAC      (char*) "C:\Users\evild\Documents\My Games\Fallout4\Saves\Autosave2_58A2F94A_426565_SS2C2HijackVault81Entry_000138_20240410071137_63_2.fos.tmp"
	[RSP+7B8 ] 0x7FF90D77C1EC     (void* -> Buffout4.dll+004C1EC)
	[RSP+7C0 ] 0x1                (size_t)
	[RSP+7C8 ] 0xFFFFFFFFFFFFFFFF (size_t)
	[RSP+7D0 ] 0xFFFFFFFF         (size_t)
	[RSP+7D8 ] 0xB9811EF700       (char*) "C:\Users\evild\Documents\My Games\Fallout4\Saves\Autosave2_58A2F94A_426565_SS2C2HijackVault81Entry_000138_20240410071137_63_2.fos.tmp"
	[RSP+7E0 ] 0x1                (size_t)
	[RSP+7E8 ] 0x7FF6FB6BA38C     (void* -> Fallout4.exe+0CDA38C)
	[RSP+7F0 ] 0x2576DEC7880      (char*) "Autosave2_58A2F94A_426565_SS2C2HijackVault81Entry_000138_20240410071137_63_2"
	[RSP+7F8 ] 0x1                (size_t)
	[RSP+800 ] 0x10000            (size_t)
	[RSP+808 ] 0x1                (size_t)
	[RSP+810 ] 0x10000            (size_t)
	[RSP+818 ] 0x0                (size_t)
	[RSP+820 ] 0xFFFFFFFF         (size_t)
	[RSP+828 ] 0x0                (size_t)
	[RSP+830 ] 0x0                (size_t)
	[RSP+838 ] 0x2576DEC7880      (char*) "Autosave2_58A2F94A_426565_SS2C2HijackVault81Entry_000138_20240410071137_63_2"
	[RSP+840 ] 0xB9811EF970       (char*) "Autosave2_58A2F94A_426565_SS2C2HijackVault81Entry_000138_20240410071137_63_2"
	[RSP+848 ] 0x2568B00B580      (BGSSaveLoadManager*)
	[RSP+850 ] 0xB9811EFB00       (void*)
	[RSP+858 ] 0x7FF6FB6CD2B3     (void* -> Fallout4.exe+0CED2B3)
	[RSP+860 ] 0x0                (size_t)
	[RSP+868 ] 0xB900000000       (size_t)
	[RSP+870 ] 0x256FFFFFFFF      (void*)
	[RSP+878 ] 0x0                (size_t)
	[RSP+880 ] 0x180028C00        (void* -> d3d11.dll+0028C00)
	[RSP+888 ] 0xB9811EF758       (char*) "ult81Entry_000138_20240410071137_63_2.fos.tmp"
	[RSP+890 ] 0x0                (size_t)
	[RSP+898 ] 0xB9811EF8B8       (void*)
	[RSP+8A0 ] 0x73726573555C3A43 (size_t)
	[RSP+8A8 ] 0x445C646C6976655C (size_t)
	[RSP+8B0 ] 0x73746E656D75636F (size_t)
	[RSP+8B8 ] 0x656D614720794D5C (size_t)
	[RSP+8C0 ] 0x756F6C6C61465C73 (size_t)
	[RSP+8C8 ] 0x73657661535C3474 (size_t)
	[RSP+8D0 ] 0x7661736F7475415C (size_t)
	[RSP+8D8 ] 0x46324138355F3265 (size_t)
	[RSP+8E0 ] 0x353632345F413439 (size_t)
	[RSP+8E8 ] 0x32433253535F3536 (size_t)
	[RSP+8F0 ] 0x61566B63616A6948 (size_t)
	[RSP+8F8 ] 0x746E453138746C75 (size_t)
	[RSP+900 ] 0x33313030305F7972 (size_t)
	[RSP+908 ] 0x3430343230325F38 (size_t)
	[RSP+910 ] 0x3733313137303031 (size_t)
	[RSP+918 ] 0x6F662E325F33365F (size_t)
	[RSP+920 ] 0x706D742E73       (size_t)
	[RSP+928 ] 0xB9811EF898       (void*)
	[RSP+930 ] 0x0                (size_t)
	[RSP+938 ] 0x0                (size_t)
	[RSP+940 ] 0x100000000        (size_t)
	[RSP+948 ] 0x7FF980006010     (size_t)
	[RSP+950 ] 0x388              (size_t)
	[RSP+958 ] 0x0                (size_t)
	[RSP+960 ] 0x0                (size_t)
	[RSP+968 ] 0x80000000         (size_t)
	[RSP+970 ] 0x0                (size_t)
	[RSP+978 ] 0x2000001          (size_t)
	[RSP+980 ] 0x383331303030     (size_t)
	[RSP+988 ] 0x7FF9F10F53E1     (void* -> USER32.dll+00253E1)
	[RSP+990 ] 0x0                (size_t)
	[RSP+998 ] 0x1D               (size_t)
	[RSP+9A0 ] 0xB9811EF8E8       (void*)
	[RSP+9A8 ] 0x7FF9F10F3B75     (void* -> USER32.dll+0023B75)
	[RSP+9B0 ] 0x0                (size_t)
	[RSP+9B8 ] 0x38               (size_t)
	[RSP+9C0 ] 0xB9811EF8B8       (void*)
	[RSP+9C8 ] 0x7FF9F1166000     (void* -> USER32.dll+0096000)
	[RSP+9D0 ] 0x48               (size_t)
	[RSP+9D8 ] 0x7FF900000001     (size_t)
	[RSP+9E0 ] 0x0                (size_t)
	[RSP+9E8 ] 0x0                (size_t)
	[RSP+9F0 ] 0x70               (size_t)
	[RSP+9F8 ] 0xFFFFFFFFFFFFFFFF (size_t)
	[RSP+A00 ] 0xFFFFFFFFFFFFFFFF (size_t)
	[RSP+A08 ] 0x7FF9F10E87B7     (void* -> USER32.dll+00187B7)
	[RSP+A10 ] 0x7FF9F10E8C06     (void* -> USER32.dll+0018C06)
	[RSP+A18 ] 0x7FF6FC4F093F     (void* -> Fallout4.exe+1B1093F)
	[RSP+A20 ] 0xD179A            (size_t)
	[RSP+A28 ] 0x0                (size_t)
	[RSP+A30 ] 0x0                (size_t)
	[RSP+A38 ] 0x7FF6FAA044E3     (void* -> Fallout4.exe+00244E3)
	[RSP+A40 ] 0x256F9B75F60      (void*)
	[RSP+A48 ] 0x7FF6FAA236DE     (void* -> Fallout4.exe+00436DE)
	[RSP+A50 ] 0x256F9B75F80      (void*)
	[RSP+A58 ] 0x7FF907D640E0     (void* -> ShadowBoostFO4.dll+00040E0)
	[RSP+A60 ] 0x7FF700F57A00     (void* -> Fallout4.exe+6577A00)
	[RSP+A68 ] 0x7FF6FCA2CCDA     (void* -> Fallout4.exe+204CCDA)
	[RSP+A70 ] 0x7FF700F576E8     (void* -> Fallout4.exe+65776E8)
	[RSP+A78 ] 0x1                (size_t)
	[RSP+A80 ] 0x1                (size_t)
	[RSP+A88 ] 0x1                (size_t)
	[RSP+A90 ] 0x7FF700F57A00     (void* -> Fallout4.exe+6577A00)
	[RSP+A98 ] 0x0                (size_t)
	[RSP+AA0 ] 0x0                (size_t)
	[RSP+AA8 ] 0x7FF6FB6DA287     (void* -> Fallout4.exe+0CFA287)
	[RSP+AB0 ] 0x2568B00B670      (char*) "("
	[RSP+AB8 ] 0x2568B00B580      (BGSSaveLoadManager*)
	[RSP+AC0 ] 0x0                (size_t)
	[RSP+AC8 ] 0x0                (size_t)
	[RSP+AD0 ] 0x1                (size_t)
	[RSP+AD8 ] 0x7FF6FB6CE2DB     (void* -> Fallout4.exe+0CEE2DB)
	[RSP+AE0 ] 0x2568B00B580      (BGSSaveLoadManager*)
	[RSP+AE8 ] 0x2568B00B580      (BGSSaveLoadManager*)
	[RSP+AF0 ] 0xB9811EFB90       (void*)
	[RSP+AF8 ] 0x3F10000000000001 (size_t)
	[RSP+B00 ] 0x255A2889000      (char*) "a"
	[RSP+B08 ] 0x7FF9F10F2399     (void* -> USER32.dll+0022399)
	[RSP+B10 ] 0x657661736F747541 (size_t)
	[RSP+B18 ] 0x3946324138355F32 (size_t)
	[RSP+B20 ] 0x36353632345F4134 (size_t)
	[RSP+B28 ] 0x4832433253535F35 (size_t)
	[RSP+B30 ] 0x7561566B63616A69 (size_t)
	[RSP+B38 ] 0x72746E453138746C (size_t)
	[RSP+B40 ] 0x3833313030305F79 (size_t)
	[RSP+B48 ] 0x313430343230325F (size_t)
	[RSP+B50 ] 0x5F37333131373030 (size_t)
	[RSP+B58 ] 0x325F3336         (size_t)
	[RSP+B60 ] 0x0                (size_t)
	[RSP+B68 ] 0x0                (size_t)
	[RSP+B70 ] 0xB9811EFBD0       (void*)
	[RSP+B78 ] 0x7FF911923C75     (void* -> dxgi.dll+0063C75)
	[RSP+B80 ] 0x1                (size_t)
	[RSP+B88 ] 0x0                (size_t)
	[RSP+B90 ] 0x0                (size_t)
	[RSP+B98 ] 0x7FF91192455A     (void* -> dxgi.dll+006455A)
	[RSP+BA0 ] 0x1                (size_t)
	[RSP+BA8 ] 0xB9811EFB80       (void*)
	[RSP+BB0 ] 0xB9811EFBF9       (void*)
	[RSP+BB8 ] 0xA                (size_t)
	[RSP+BC0 ] 0x7FF700000000     (void* -> Fallout4.exe+5620000)
	[RSP+BC8 ] 0x7FF6FC534016     (void* -> Fallout4.exe+1B54016)
	[RSP+BD0 ] 0x0                (size_t)
	[RSP+BD8 ] 0x1                (size_t)
	[RSP+BE0 ] 0x255A9B5B140      (myIDXGISwapChain*)
	[RSP+BE8 ] 0x7FF9F2B39BC1     (void* -> ntdll.dll+0029BC1)
	[RSP+BF0 ] 0x255A547EDE8      (void*)
	[RSP+BF8 ] 0x7FF6FD306DAD     (void* -> Fallout4.exe+2926DAD)
	[RSP+C00 ] 0x2ABFA0307B       (size_t)
	[RSP+C08 ] 0x1                (size_t)
	[RSP+C10 ] 0x0                (size_t)
	[RSP+C18 ] 0x0                (size_t)
	[RSP+C20 ] 0x25739EA7A00      (TESObjectCELL*)
		File: "SS2_XPAC_Chapter2.esm"
		Flags: 0x0004000B
		Form ID: 0x1402A866
		Form Type: 63
		Full Name: "Vault 81"
	[RSP+C28 ] 0x7FF6FB6D1552     (void* -> Fallout4.exe+0CF1552)
	[RSP+C30 ] 0x1                (size_t)
	[RSP+C38 ] 0x7FF9077BA34D     (void* -> gameoverlayrenderer64.dll+009A34D)
	[RSP+C40 ] 0x2568B00B580      (BGSSaveLoadManager*)
	[RSP+C48 ] 0x7FF900000001     (size_t)
	[RSP+C50 ] 0x0                (size_t)
	[RSP+C58 ] 0x0                (size_t)
	[RSP+C60 ] 0x70               (size_t)
	[RSP+C68 ] 0x7FF9F042A33B     (void* -> KERNELBASE.dll+006A33B)
	[RSP+C70 ] 0x0                (size_t)
	[RSP+C78 ] 0x0                (size_t)
	[RSP+C80 ] 0x7FF907869650     (CInputHandler*)
	[RSP+C88 ] 0x7FF9077BA1AB     (void* -> gameoverlayrenderer64.dll+009A1AB)
	[RSP+C90 ] 0x7FF9078698B0     (void* -> gameoverlayrenderer64.dll+01498B0)
	[RSP+C98 ] 0xB9811EFBD0       (void*)
	[RSP+CA0 ] 0x0                (size_t)
	[RSP+CA8 ] 0x7FF9F0427C2B     (void* -> KERNELBASE.dll+0067C2B)
	[RSP+CB0 ] 0x0                (size_t)
	[RSP+CB8 ] 0x7FF9077AD1AA     (void* -> gameoverlayrenderer64.dll+008D1AA)
	[RSP+CC0 ] 0x0                (size_t)
	[RSP+CC8 ] 0x0                (size_t)
	[RSP+CD0 ] 0x0                (size_t)
	[RSP+CD8 ] 0x7FF9F0427C2B     (void* -> KERNELBASE.dll+0067C2B)
	[RSP+CE0 ] 0x0                (size_t)
	[RSP+CE8 ] 0x0                (size_t)
	[RSP+CF0 ] 0x0                (size_t)
	[RSP+CF8 ] 0x7FF9077BAA28     (void* -> gameoverlayrenderer64.dll+009AA28)
	[RSP+D00 ] 0x255E0C67D80      (Main*)
	[RSP+D08 ] 0x7FF6FC4F093F     (void* -> Fallout4.exe+1B1093F)
	[RSP+D10 ] 0x255E0C4FE40      (void*)
	[RSP+D18 ] 0x255E0C4FE40      (void*)
	[RSP+D20 ] 0x1                (size_t)
	[RSP+D28 ] 0x0                (size_t)
	[RSP+D30 ] 0x256F9B75F60      (void*)
	[RSP+D38 ] 0x7FF6FB7EF325     (void* -> Fallout4.exe+0E0F325)
	[RSP+D40 ] 0x256F9B75F80      (void*)
	[RSP+D48 ] 0x0                (size_t)
	[RSP+D50 ] 0x1                (size_t)
	[RSP+D58 ] 0xA                (size_t)
	[RSP+D60 ] 0x1                (size_t)
	[RSP+D68 ] 0x0                (size_t)
	[RSP+D70 ] 0x8000             (size_t)
	[RSP+D78 ] 0x7FF6FB794F99     (void* -> Fallout4.exe+0DB4F99)
	[RSP+D80 ] 0x0                (size_t)
	[RSP+D88 ] 0x255E0C67D80      (Main*)
	[RSP+D90 ] 0x0                (size_t)
	[RSP+D98 ] 0x255E0C67D80      (Main*)
	[RSP+DA0 ] 0x0                (size_t)
	[RSP+DA8 ] 0x7FF6FB719081     (void* -> Fallout4.exe+0D39081)
	[RSP+DB0 ] 0xD1700            (size_t)
	[RSP+DB8 ] 0x25739EA7A00      (TESObjectCELL*)
		File: "SS2_XPAC_Chapter2.esm"
		Flags: 0x0004000B
		Form ID: 0x1402A866
		Form Type: 63
		Full Name: "Vault 81"
	[RSP+DC0 ] 0x1                (size_t)
	[RSP+DC8 ] 0x7FF6FD306DAD     (void* -> Fallout4.exe+2926DAD)
	[RSP+DD0 ] 0x0                (size_t)
	[RSP+DD8 ] 0x0                (size_t)
	[RSP+DE0 ] 0x0                (size_t)
	[RSP+DE8 ] 0xD179A            (size_t)
	[RSP+DF0 ] 0x0                (size_t)
	[RSP+DF8 ] 0x7FF6FB716E10     (void* -> Fallout4.exe+0D36E10)
	[RSP+E00 ] 0xD179A            (size_t)
	[RSP+E08 ] 0xA                (size_t)
	[RSP+E10 ] 0xA                (size_t)
	[RSP+E18 ] 0x0                (size_t)
	[RSP+E20 ] 0x0                (size_t)
	[RSP+E28 ] 0x7FF6FB715950     (void* -> Fallout4.exe+0D35950)
	[RSP+E30 ] 0x255A1FDC38A      (void*)
	[RSP+E38 ] 0xD179A            (size_t)
	[RSP+E40 ] 0x66163A21         (size_t)
	[RSP+E48 ] 0x255A1FDC38A      (void*)
	[RSP+E50 ] 0x0                (size_t)
	[RSP+E58 ] 0x7FF6FD317157     (void* -> Fallout4.exe+2937157)
	[RSP+E60 ] 0x255A1FDC389      (char*) """
	[RSP+E68 ] 0xA                (size_t)
	[RSP+E70 ] 0x0                (size_t)
	[RSP+E78 ] 0xA                (size_t)
	[RSP+E80 ] 0x0                (size_t)
	[RSP+E88 ] 0x255A1FDC38A      (void*)
	[RSP+E90 ] 0x0                (size_t)
	[RSP+E98 ] 0x7FF9F1D6257D     (void* -> KERNEL32.DLL+001257D)
	[RSP+EA0 ] 0x0                (size_t)
	[RSP+EA8 ] 0x0                (size_t)
	[RSP+EB0 ] 0x0                (size_t)
	[RSP+EB8 ] 0x0                (size_t)
	[RSP+EC0 ] 0x0                (size_t)
	[RSP+EC8 ] 0x7FF9F2B6AA48     (void* -> ntdll.dll+005AA48)
	[RSP+ED0 ] 0x0                (size_t)
	[RSP+ED8 ] 0x0                (size_t)
	[RSP+EE0 ] 0x0                (size_t)
	[RSP+EE8 ] 0x0                (size_t)
	[RSP+EF0 ] 0x0                (size_t)
	[RSP+EF8 ] 0x0                (size_t)
	[RSP+F00 ] 0x553CE2B800000000 (size_t)
	[RSP+F08 ] 0x0                (size_t)
	[RSP+F10 ] 0x4F0FFFFFB30      (size_t)
	[RSP+F18 ] 0x7FF9F051C880     (void* -> KERNELBASE.dll+015C880)
	[RSP+F20 ] 0xB9811ED940       (void*)
	[RSP+F28 ] 0x7FF9A56D2A3800   (size_t)
	[RSP+F30 ] 0x7FF9A56D2A38     (size_t)
	[RSP+F38 ] 0xB9811ED940       (void*)
	[RSP+F40 ] 0x0                (size_t)
	[RSP+F48 ] 0x0                (size_t)
	[RSP+F50 ] 0x0                (size_t)
	[RSP+F58 ] 0x0                (size_t)
	[RSP+F60 ] 0x0                (size_t)
	[RSP+F68 ] 0x0                (size_t)
	[RSP+F70 ] 0x0                (size_t)
	[RSP+F78 ] 0x0                (size_t)
	[RSP+F80 ] 0x0                (size_t)
	[RSP+F88 ] 0x0                (size_t)
	[RSP+F90 ] 0x0                (size_t)
	[RSP+F98 ] 0x0                (size_t)
	[RSP+FA0 ] 0x0                (size_t)
	[RSP+FA8 ] 0x0                (size_t)
	[RSP+FB0 ] 0x0                (size_t)
	[RSP+FB8 ] 0x0                (size_t)
	[RSP+FC0 ] 0x0                (size_t)
	[RSP+FC8 ] 0x0                (size_t)
	[RSP+FD0 ] 0x0                (size_t)
	[RSP+FD8 ] 0x0                (size_t)
	[RSP+FE0 ] 0x0                (size_t)
	[RSP+FE8 ] 0x0                (size_t)
	[RSP+FF0 ] 0x0                (size_t)
	[RSP+FF8 ] 0x0                (size_t)
	[RSP+1000] 0x0                (size_t)
	[RSP+1008] 0x0                (size_t)
	[RSP+1010] 0x0                (size_t)
	[RSP+1018] 0x0                (size_t)
	[RSP+1020] 0x0                (size_t)
	[RSP+1028] 0x0                (size_t)
	[RSP+1030] 0x0                (size_t)
	[RSP+1038] 0x0                (size_t)
	[RSP+1040] 0x0                (size_t)
	[RSP+1048] 0x0                (size_t)
	[RSP+1050] 0x0                (size_t)
	[RSP+1058] 0x0                (size_t)
	[RSP+1060] 0x0                (size_t)
	[RSP+1068] 0x0                (size_t)
	[RSP+1070] 0x0                (size_t)
	[RSP+1078] 0x0                (size_t)
	[RSP+1080] 0x0                (size_t)
	[RSP+1088] 0x0                (size_t)
	[RSP+1090] 0x0                (size_t)
	[RSP+1098] 0x0                (size_t)
	[RSP+10A0] 0x0                (size_t)
	[RSP+10A8] 0x0                (size_t)
	[RSP+10B0] 0x0                (size_t)
	[RSP+10B8] 0x0                (size_t)
	[RSP+10C0] 0x0                (size_t)
	[RSP+10C8] 0x0                (size_t)
	[RSP+10D0] 0x0                (size_t)
	[RSP+10D8] 0x0                (size_t)
	[RSP+10E0] 0x0                (size_t)
	[RSP+10E8] 0x0                (size_t)
	[RSP+10F0] 0x0                (size_t)
	[RSP+10F8] 0x0                (size_t)
	[RSP+1100] 0x0                (size_t)
	[RSP+1108] 0x0                (size_t)
	[RSP+1110] 0x0                (size_t)
	[RSP+1118] 0x0                (size_t)
	[RSP+1120] 0x0                (size_t)
	[RSP+1128] 0x0                (size_t)
	[RSP+1130] 0x0                (size_t)
	[RSP+1138] 0x0                (size_t)
	[RSP+1140] 0x0                (size_t)
	[RSP+1148] 0x0                (size_t)
	[RSP+1150] 0x0                (size_t)
	[RSP+1158] 0x0                (size_t)
	[RSP+1160] 0x0                (size_t)
	[RSP+1168] 0x0                (size_t)
	[RSP+1170] 0x0                (size_t)
	[RSP+1178] 0x0                (size_t)
	[RSP+1180] 0x0                (size_t)
	[RSP+1188] 0x0                (size_t)
	[RSP+1190] 0x0                (size_t)
	[RSP+1198] 0x0                (size_t)

MODULES:
	XINPUT1_3.dll                           0x000000400000
	X3DAudio1_7.dll                         0x00006E0E0000
	steam_api64.dll                         0x00006E0F0000
	d3d11.dll                               0x000180000000
	imagehlp.dll                            0x0255A9880000
	GCBugFix.dll                            0x0255A9C00000
	LL_fourPlay_1_10_163.dll                0x0255B4EC0000
	MSCTF.dll                               0x0255E5CA0000
	Fallout4.exe                            0x7FF6FA9E0000
	d3d12.dll                               0x7FF8EA020000
	libxess.dll                             0x7FF901500000
	XAudio2_7.dll                           0x7FF907080000
	_nvngx.dll                              0x7FF907110000
	ReGradeAddon.addon64                    0x7FF9072B0000
	KiLoaderSatelliteENB.dllplugin          0x7FF907310000
	d3dcompiler_46e.dll                     0x7FF907360000
	gameoverlayrenderer64.dll               0x7FF907720000
	XDI.dll                                 0x7FF9078C0000
	wsfw_identifier.dll                     0x7FF907930000
	WhoseQuestIsItAnywayF4.dll              0x7FF907A30000
	WeightlessItems.dll                     0x7FF907A90000
	UnlimitedFastTravel.dll                 0x7FF907AE0000
	SUP_F4SE.dll                            0x7FF907B30000
	ShadowBoostFO4.dll                      0x7FF907D60000
	SettlementOfUnlimitedSize.dll           0x7FF907E30000
	ScaleformCopyPaste.dll                  0x7FF907E80000
	RustyFaceFix.dll                        0x7FF907ED0000
	RobCo_Patcher.dll                       0x7FF907F20000
	PRKF.dll                                0x7FF908000000
	PrivateProfileRedirector.dll            0x7FF908090000
	pppl.dll                                0x7FF9080F0000
	PowerGridTools.dll                      0x7FF908130000
	po3_SpellPerkItemDistributorF4.dll      0x7FF9081A0000
	po3_SimpleOffenceSuppressionF4.dll      0x7FF9082B0000
	po3_BaseObjectSwapperF4.dll             0x7FF908340000
	PlotUI.dll                              0x7FF908440000
	place.dll                               0x7FF908480000
	PipboyTabs.dll                          0x7FF908500000
	Outfit-ReDress-Fix.dll                  0x7FF908560000
	MODExplorer.dll                         0x7FF9085B0000
	MGEFConditionFix.dll                    0x7FF908630000
	MeleeAndThrow.dll                       0x7FF908680000
	mcm.dll                                 0x7FF9086D0000
	lootman.dll                             0x7FF908770000
	LighthousePapyrusExtender.dll           0x7FF9087E0000
	KiENBExtender.dll                       0x7FF908910000
	KiLoader.dll                            0x7FF9089E0000
	KiLoaderSatelliteF4SE.dll               0x7FF908A70000
	CONCRT140.dll                           0x7FF908AC0000
	HighFPSPhysicsFix.dll                   0x7FF908B10000
	GardenOfEdenPapyrusExtender.dll         0x7FF908BA0000
	PDPerfPlugin.dll                        0x7FF908DA0000
	ffx_fsr2_api_dx11_x64.dll               0x7FF908FA0000
	nvngx_dlss.dll                          0x7FF909170000
	Fallout4Upscaler.dll                    0x7FF90C4D0000
	F4z Ro D'oh.dll                         0x7FF90D4F0000
	f4ee.dll                                0x7FF90D560000
	EscapeFreeze.dll                        0x7FF90D670000
	Buffout4.dll                            0x7FF90D730000
	BakaPowerArmorStorage.dll               0x7FF90DA90000
	BakaMaxPapyrusOps.dll                   0x7FF90DB80000
	BakaFullscreenPipboy.dll                0x7FF90DC30000
	BakaFramework.dll                       0x7FF90DD10000
	BakaAutoLockpicking.dll                 0x7FF90DE00000
	tier0_s64.dll                           0x7FF90DEA0000
	steamclient64.dll                       0x7FF90E040000
	D3DCOMPILER_43.dll                      0x7FF90F6B0000
	f4se_1_10_163.dll                       0x7FF9117E0000
	dxgi.dll                                0x7FF9118C0000
	ESPExplorer.dll                         0x7FF913700000
	BetterConsole.dll                       0x7FF913B00000
	DirectHit.dll                           0x7FF917D20000
	Interior-NavCut-Fix.dll                 0x7FF918BB0000
	crafting_highlight_fix.dll              0x7FF918FD0000
	ConsoleUtilF4.dll                       0x7FF919AA0000
	lut_manager.addon64                     0x7FF919E40000
	ArmorPenetrationBugFix.dll              0x7FF91AAB0000
	vstdlib_s64.dll                         0x7FF91AB00000
	f4se_steam_loader.dll                   0x7FF91ABC0000
	cudart64_75.dll                         0x7FF91AC00000
	GFSDK_SSAO_D3D11.win64.dll              0x7FF91AC60000
	PriorityMod.dll                         0x7FF91AD20000
	encounter_zone_recalculation.dll        0x7FF91B010000
	flexRelease_x64.dll                     0x7FF91B090000
	d3dx11_43.dll                           0x7FF91B5E0000
	vmm-x64.dll                             0x7FF91D770000
	xinput1_4.dll                           0x7FF947B90000
	xinput9_1_0.dll                         0x7FF972500000
	nvcuda64.dll                            0x7FF97B520000
	generic_depth_mod.addon64               0x7FF98F9C0000
	WeaponDebrisCrashFix.dll                0x7FF997230000
	libdiskCacheEnabler.dll                 0x7FF999120000
	nvspcap64.dll                           0x7FF9A4CF0000
	AddFFFFFix.dll                          0x7FF9B4AD0000
	ReShade64-AdjustDepth-By-seri14.addon64 0x7FF9B8780000
	OLEACC.dll                              0x7FF9BFA50000
	threadpoolwinrt.dll                     0x7FF9C04F0000
	KiHalloc.dll                            0x7FF9C2E80000
	uiautomationcore.dll                    0x7FF9C4080000
	NvTelemetryBridge64.dll                 0x7FF9C5080000
	ResampleDmo.DLL                         0x7FF9C50F0000
	NvTelemetryAPI64.dll                    0x7FF9C51B0000
	WININET.dll                             0x7FF9C6560000
	ffx_fsr2_api_x64.dll                    0x7FF9C79A0000
	GFSDK_GodraysLib.x64.dll                0x7FF9C79B0000
	nvToolsExt64_1.dll                      0x7FF9C7C50000
	flexExtRelease_x64.dll                  0x7FF9C7C60000
	MSVCR110.dll                            0x7FF9C7CC0000
	MSVCP110.dll                            0x7FF9C7DA0000
	WINHTTP.dll                             0x7FF9C7E50000
	bink2w64.dll                            0x7FF9C81A0000
	textinputframework.dll                  0x7FF9C8CD0000
	ondemandconnroutehelper.dll             0x7FF9C8E20000
	inputhost.dll                           0x7FF9C8E90000
	Windows.UI.dll                          0x7FF9CD270000
	MSIMG32.dll                             0x7FF9CDDD0000
	DSOUND.DLL                              0x7FF9CDE00000
	COMCTL32.dll                            0x7FF9D2060000
	AUDIOSES.DLL                            0x7FF9D35C0000
	SPINF.dll                               0x7FF9D42D0000
	webio.dll                               0x7FF9D5790000
	nvwgf2umx.dll                           0x7FF9D7E30000
	MpOav.dll                               0x7FF9DC230000
	NvMessageBus.dll                        0x7FF9DC370000
	winmmbase.dll                           0x7FF9DC770000
	VCRUNTIME140.dll                        0x7FF9DC7C0000
	VCRUNTIME140_1.dll                      0x7FF9DC7E0000
	MSVCP140.dll                            0x7FF9DC810000
	gdiplus.dll                             0x7FF9DCA70000
	nvgpucomp64.dll                         0x7FF9DE5F0000
	wbemsvc.dll                             0x7FF9E0850000
	fastprox.dll                            0x7FF9E0870000
	nvapi64.dll                             0x7FF9E09F0000
	WINMM.dll                               0x7FF9E1440000
	iertutil.dll                            0x7FF9E3610000
	msdmo.dll                               0x7FF9E38E0000
	srvcli.dll                              0x7FF9E3980000
	ncryptsslp.dll                          0x7FF9E3A00000
	urlmon.dll                              0x7FF9E3A30000
	MSVCP140_ATOMIC_WAIT.dll                0x7FF9E4450000
	MMDevApi.dll                            0x7FF9E4C60000
	nvldumdx.dll                            0x7FF9E5250000
	wbemcomn.dll                            0x7FF9E53C0000
	wbemprox.dll                            0x7FF9E5440000
	amsi.dll                                0x7FF9E6200000
	dbghelp.dll                             0x7FF9E68B0000
	drvstore.dll                            0x7FF9E7560000
	cryptnet.dll                            0x7FF9E7780000
	VERSION.dll                             0x7FF9E7870000
	DEVRTL.dll                              0x7FF9E7B80000
	CoreUIComponents.dll                    0x7FF9E8AD0000
	directxdatabasehelper.dll               0x7FF9E9310000
	fwpuclnt.dll                            0x7FF9E9360000
	WINHTTP.DLL                             0x7FF9E9F40000
	dhcpcsvc.DLL                            0x7FF9EA0D0000
	avrt.dll                                0x7FF9EA130000
	dhcpcsvc6.DLL                           0x7FF9EA140000
	rasadhlp.dll                            0x7FF9EA160000
	WindowsCodecs.dll                       0x7FF9EA740000
	D3DCOMPILER_47.dll                      0x7FF9EA8F0000
	d3d11.dll                               0x7FF9EAF60000
	dcomp.dll                               0x7FF9EB7B0000
	CoreMessaging.dll                       0x7FF9EBA70000
	UxTheme.dll                             0x7FF9ED190000
	dxgi.dll                                0x7FF9ED300000
	dwmapi.dll                              0x7FF9ED410000
	WINNSI.DLL                              0x7FF9ED440000
	dxcore.dll                              0x7FF9ED4A0000
	resourcepolicyclient.dll                0x7FF9ED820000
	wintypes.dll                            0x7FF9EDC10000
	windows.storage.dll                     0x7FF9EDD50000
	HID.DLL                                 0x7FF9EE650000
	netutils.dll                            0x7FF9EE870000
	IPHLPAPI.DLL                            0x7FF9EE960000
	DNSAPI.dll                              0x7FF9EE990000
	UMPDC.dll                               0x7FF9EEC70000
	POWRPROF.dll                            0x7FF9EEC90000
	Secur32.dll                             0x7FF9EED00000
	schannel.DLL                            0x7FF9EED80000
	rsaenh.dll                              0x7FF9EEE80000
	kernel.appcore.dll                      0x7FF9EEF20000
	ntmarta.dll                             0x7FF9EEF40000
	SSPICLI.DLL                             0x7FF9EF180000
	MSWSOCK.dll                             0x7FF9EF380000
	gpapi.dll                               0x7FF9EF3F0000
	USERENV.dll                             0x7FF9EF420000
	wldp.dll                                0x7FF9EF600000
	CRYPTBASE.DLL                           0x7FF9EF6B0000
	CRYPTSP.dll                             0x7FF9EF6D0000
	msasn1.dll                              0x7FF9EF720000
	NTASN1.dll                              0x7FF9EF7B0000
	ncrypt.dll                              0x7FF9EF7F0000
	devobj.dll                              0x7FF9EFAF0000
	CFGMGR32.dll                            0x7FF9EFB40000
	DPAPI.DLL                               0x7FF9EFB90000
	profapi.dll                             0x7FF9EFD60000
	gdi32full.dll                           0x7FF9EFE30000
	win32u.dll                              0x7FF9EFF50000
	ucrtbase.dll                            0x7FF9F0040000
	bcryptPrimitives.dll                    0x7FF9F0160000
	CRYPT32.dll                             0x7FF9F01E0000
	wintrust.dll                            0x7FF9F0350000
	KERNELBASE.dll                          0x7FF9F03C0000
	bcrypt.dll                              0x7FF9F0770000
	msvcp_win.dll                           0x7FF9F07A0000
	SHLWAPI.dll                             0x7FF9F0840000
	combase.dll                             0x7FF9F08B0000
	ole32.dll                               0x7FF9F0CA0000
	RPCRT4.dll                              0x7FF9F0E50000
	PSAPI.DLL                               0x7FF9F0F70000
	OLEAUT32.dll                            0x7FF9F0FF0000
	USER32.dll                              0x7FF9F10D0000
	SHELL32.dll                             0x7FF9F1310000
	WS2_32.dll                              0x7FF9F1B70000
	KERNEL32.DLL                            0x7FF9F1D50000
	COMDLG32.dll                            0x7FF9F1E20000
	NSI.dll                                 0x7FF9F1F20000
	IMM32.dll                               0x7FF9F1F30000
	GDI32.dll                               0x7FF9F1F70000
	SETUPAPI.dll                            0x7FF9F21E0000
	clbcatq.dll                             0x7FF9F2660000
	msvcrt.dll                              0x7FF9F2710000
	shcore.dll                              0x7FF9F27C0000
	ADVAPI32.dll                            0x7FF9F28C0000
	sechost.dll                             0x7FF9F2A20000
	ntdll.dll                               0x7FF9F2B10000

F4SE PLUGINS:
	AddFFFFFix.dll
	ArmorPenetrationBugFix.dll v1
	BakaAutoLockpicking.dll v2
	BakaFramework.dll v1.10
	BakaFullscreenPipboy.dll v1.8
	BakaMaxPapyrusOps.dll v1.1
	BakaPowerArmorStorage.dll v1.3
	BetterConsole.dll
	Buffout4.dll v1.28.6
	ConsoleUtilF4.dll v1.0.1
	crafting_highlight_fix.dll
	DirectHit.dll v1
	encounter_zone_recalculation.dll
	EscapeFreeze.dll v1
	ESPExplorer.dll
	f4ee.dll
	F4z Ro D'oh.dll v1.1.6.1030
	Fallout4Upscaler.dll v1
	GardenOfEdenPapyrusExtender.dll v17.2
	GCBugFix.dll v1
	HighFPSPhysicsFix.dll
	Interior-NavCut-Fix.dll v1.0.3
	KiLoaderSatelliteF4SE.dll v1.2
	libdiskCacheEnabler.dll
	LighthousePapyrusExtender.dll v1.4
	LL_fourPlay_1_10_163.dll
	lootman.dll
	mcm.dll
	MeleeAndThrow.dll v1
	MGEFConditionFix.dll v1
	MODExplorer.dll
	Outfit-ReDress-Fix.dll v1
	PipboyTabs.dll
	place.dll
	PlotUI.dll
	po3_BaseObjectSwapperF4.dll v1.1
	po3_SimpleOffenceSuppressionF4.dll v1
	po3_SpellPerkItemDistributorF4.dll v2
	PowerGridTools.dll
	pppl.dll
	PriorityMod.dll
	PrivateProfileRedirector.dll
	PRKF.dll
	RobCo_Patcher.dll v3.6
	RustyFaceFix.dll v2.0.2
	ScaleformCopyPaste.dll v1
	SettlementOfUnlimitedSize.dll
	ShadowBoostFO4.dll
	SUP_F4SE.dll
	UnlimitedFastTravel.dll
	WeaponDebrisCrashFix.dll
	WeightlessItems.dll
	WhoseQuestIsItAnywayF4.dll v1
	wsfw_identifier.dll
	XDI.dll

PLUGINS:
	[00]     Fallout4.esm
	[01]     DLCRobot.esm
	[02]     DLCworkshop01.esm
	[03]     DLCCoast.esm
	[04]     DLCworkshop02.esm
	[05]     DLCworkshop03.esm
	[06]     DLCNukaWorld.esm
	[07]     ccrzrfo4001-tunnelsnakes.esm
	[08]     ccswkfo4001-astronautpowerarmor.esm
	[09]     cczsef04001-bhouse.esm
	[0A]     cczsefo4002-smanor.esm
	[0B]     cctosfo4002_neonflats.esm
	[0C]     Unofficial Fallout 4 Patch.esp
	[0D]     XDI.esm
	[0E]     HUDFramework.esm
	[0F]     WorkshopFramework.esm
	[10]     CompanionIvy.esm
	[11]     GoodneighborExpanded.esp
	[12]     SouthOfTheSea.esm
	[13]     SS2.esm
	[14]     SS2_XPAC_Chapter2.esm
	[15]     SS2_XPAC_Chapter3.esm
	[16]     AmericaRising2.esm
	[17]     YouAndWhatArmy2.esm
	[18]     MFC2023_EndAlz_Trunk.esm
	[19]     AshlandStationSettlement.esp
	[1A]     Homemaker.esm
	[1B]     CWSS Redux.esp
	[1C]     Random Robots - True Leveled.esm
	[1D]     Games.esm
	[1E]     BarstoolGames.esm
	[1F]     NoSharedDogmeatTemplate.esp
	[20]     ImprovedAREnclave.esp
	[21]     NukaWorldReborn.esp
	[22]     VivaNukaWorldQuests.esp
	[23]     SS2Extended.esp
	[24]     CompanionIvy_Nuka.esp
	[25]     FaceMaxson.esp
	[26]     Vault 88 Template - Optimised.esp
	[27]     CheatTerminal.esp
	[28]     SKKFastReunions.esp
	[29]     Snappy_HouseK.esp
	[2A]     SS2_FDK_TinyLiving.esp
	[2B]     Eli_Armour_Compendium.esp
	[2C]     Useful_Companions.esp
	[2D]     InstituteReformation.esp
	[2E]     CompanionIvy_quest.esp
	[2F]     CompanionIvy_Mags.esp
	[30]     CreationClubDelay.esp
	[31]     GtN_SettlersatPlay.esp
	[32]     SS2HappyTrails.esp
	[33]     AtomsGloryThreads.esp
	[34]     ImprovedHostileFactions.esp
	[35]     Shadow Wastelands SS2 World Repopulation Cells.esp
	[36]     SS2-Jampads2.esp
	[37]     llamaCompanionHeatherv2.esp
	[38]     SS2WastelandVenturers.esp
	[39]     [SS20Addon] SimSettlements SuperStructures.esp
	[3A]     SS2WastelandReconstructionKit.esp
	[3B]     SS2_NCRP.esp
	[3C]     SS2_Addon_NWE.esp
	[3D]     CF_AtomicWarlord.esp
	[3E]     MYS_RogueSS2AddOnPack.esp
	[3F]     GavM_SS2Addon_Buildings.esp
	[40]     SS2_Addon_R2R.esp
	[41]     Cho1_ss2_Barmod_Conversion.esp
	[42]     SS2_STRA_Support_Buildings.esp
	[43]     SS2_STRA_Buildings_and_Skins.esp
	[44]     SS2_ruined_simsettlement_addonpack.esp
	[45]     Enclave-X02.esp
	[46]     creativeclutter.esp
	[47]     DZK_1x1_Pack.esp
	[48]     SS2_Addon_FHE.esp
	[49]     GarageHomesAndSensibleSecurity.esp
	[4A]     JunkTownTwo.esp
	[4B]     Hellfirenew.esp
	[4C]     ImprovedAREncounters.esp
	[4D]     ImprovedBoS.esp
	[4E]     ImprovedBoSEncounters.esp
	[4F]     MS RazeSettlement.esp
	[50]     The Eyes Of Beauty.esp
	[51]     ImprovedMinutemen.esp
	[52]     ImprovedMinutemenEncounters.esp
	[53]     ImprovedHostileFactionsEncounters.esp
	[54]     MercerRescuedSynths.esp
	[55]     ImprovedNukaRaiders.esp
	[56]     ImprovedNukaRaidersEncounters.esp
	[57]     BetterSettlers.esp
	[58]     TacticalCourser.esp
	[59]     ImprovedInstitute.esp
	[5A]     ImprovedInstituteEncounters.esp
	[5B]     T65PA.esp
	[5C]     EasyStartCheatBox_FO4.esp
	[5D]     OWR.esp
	[5E]     OWR2.esp
	[5F]     ImprovedRR.esp
	[60]     ImprovedRREncounters.esp
	[61]     NAC.esp
	[62]     SKKFastMinutemen.esp
	[63]     PortableCloningDevice.esp
	[64]     Configurable Artillery.esp
	[65]     dinoshelf.esp
	[66]     WorkshopPlus.esp
	[67]     CoASettlers.esp
	[68]     PersistentVolumeSliders.esp
	[69]     Alex's Settlement Power Pylon.esp
	[6A]     SRV_StopRadioVoice.esp
	[6B]     SKKFastBOS.esp
	[6C]     Playable Synth Eyes.esp
	[6D]     CompanionStatus.esp
	[6E]     Better_Settlement_Defence.esp
	[6F]     HoloTime_2.esp
	[70]     LooksMenu Customization Compendium.esp
	[71]     Better Randomized Robots - vanilla loot patch.esp
	[72]     AutomatronUnlockedNukaParts.esp
	[73]     EnclaveX02.esp
	[74]     ChineseStealthSuit.esp
	[75]     10MMTF.esp
	[76]     Secret Service Armor.esp
	[77]     ECV_RemnantsArmor.esp
	[78]     FatherCompanion.esp
	[79]     Patch Ivy-XDI.esp
	[7A]     g2m_Workshop_Nexus.esp
	[7B]     CompactCrafting.esp
	[7C]     SS2_WastelandDefense.esp
	[7D]     SS2-PraRandomAddon.esp
	[7E]     SS2CaravanSnatex.esp
	[7F]     SS2UI.esp
	[80]     SS2_CityPlanContestAssistant.esp
	[81]     TheRon_MapMarker.esp
	[82]     SS2_MsB_PlainPlans.esp
	[83]     MS Contraptions - SS2 ASAM Builder.esp
	[84]     ohSIM_Sim2_Settlements_Scrappers_Addon.esp
	[85]     SS2_SIMPDDDD.esp
	[86]     KSHairsFemsheppingRadbeetle.esp
	[87]     KSHairdos.esp
	[88]     ESPExplorerFO4.esp
	[89]     SettlementMenuManager.esp
	[8A]     SKKFastStartNewGame.esp
	[8B]     Vault-Tec Workshop Overhaul Redux.esp
	[8C]     Vault88 - Essentials.esp
	[8D]     PoseidonOffices.esp
	[8E]     PoseidonOffices_NoBugs.esp
	[8F]     BostonLibrarySettlement.esp
	[FE:000] ccbgsfo4018-gaussrifleprototype.esl
	[FE:001] ccbgsfo4019-chinesestealtharmor.esl
	[FE:002] ccbgsfo4044-hellfirepowerarmor.esl
	[FE:003] ccfsvfo4002-midcenturymodern.esl
	[FE:004] cceejfo4001-decorationpack.esl
	[FE:005] ccbgsfo4045-advarccab.esl
	[FE:006] ccfsvfo4003-slocum.esl
	[FE:007] ccfrsfo4002-antimaterielrifle.esl
	[FE:008] cceejfo4002-nuka.esl
	[FE:009] ccqdrfo4001_powerarmorai.esl
	[FE:00A] ccbgsfo4115-x02.esl
	[FE:00B] ccrzrfo4002-disintegrate.esl
	[FE:00C] ccbgsfo4116-heavyflamer.esl
	[FE:00D] ccjvdfo4001-holiday.esl
	[FE:00E] ccfrsfo4003-cr75l.esl
	[FE:00F] ccacxfo4001-vsuit.esl
	[FE:010] ccbgsfo4040-vrworkshop01.esl
	[FE:011] ccfsvfo4005-vrdesertisland.esl
	[FE:012] ccfsvfo4006-vrwasteland.esl
	[FE:013] ccsbjfo4002_manwellrifle.esl
	[FE:014] ccbgsfo4117-capmerc.esl
	[FE:015] ccfsvfo4004-vrworkshopgnrplaza.esl
	[FE:016] ccbgsfo4046-tescan.esl
	[FE:017] Community Fixes Merged.esp
	[FE:018] BakaFramework.esm
	[FE:019] CanarySaveFileMonitor.esl
	[FE:01A] TMR_GlitchfinderAIO.esm
	[FE:01B] VCM_LibrarySupportPlugin_F-ESL.esl
	[FE:01C] ImmersiveTeleportation.esl
	[FE:01D] FixRobotVisualEffects.esl
	[FE:01E] Mors Shortcut to Curie.esl
	[FE:01F] ConfigurableHotkeys.esl
	[FE:020] Munitions - An Ammo Expansion.esl
	[FE:021] Munitions - Vanilla Ammo Addon.esl
	[FE:022] AmericaRising2-TeslaCannon-CC.esl
	[FE:023] AmericaRising2-Incinerator-CC.esl
	[FE:024] AmericaRising2-X02-CC.esl
	[FE:025] AmericaRising2-Hellfire-CC.esl
	[FE:026] MysticRogue_AbernathyFarm and Outpost.esl
	[FE:027] GavMan_RedRocket_Outpost_CityPlan.esl
	[FE:028] WG City Plans Pack ESL.esl
	[FE:029] GavMan_Somerville_CityPlan.esl
	[FE:02A] GavMan_Finch_Feb22_CityPlan.esl
	[FE:02B] GavMan_LongfellowsJun21_CityPlan.esl
	[FE:02C] GavMan_Greentop_CityPlan.esl
	[FE:02D] Gris_WSFWLayouts_RedRockets_V4.esl
	[FE:02E] HoloGlowNS21.esl
	[FE:02F] UNDRCVR_SimplySettled2022.esl
	[FE:030] CC_OberlandPlanetX_Ch2Update.esl
	[FE:031] GavMan_CastleMar22_CityPlan.esl
	[FE:032] Cho1_Vault88_Metro_Plan.esl
	[FE:033] ThrowMoneyAtSS2.esl
	[FE:034] ZJ PerfPlan - Abernathy.esl
	[FE:035] ZJ PerfPlan - RedRocket.esl
	[FE:036] ZJ PerfPlan - Sanctuary.esl
	[FE:037] ZJ PerfPlan - Sunshine.esl
	[FE:038] ZJ PerfPlan - Taffington.esl
	[FE:039] ZJ PerfPlan - Tenpines.esl
	[FE:03A] ZJ PerfPlan - Zimonja.esl
	[FE:03B] ZJ-Starlight-PerfPlan.esl
	[FE:03C] SS2_Addon_PSC_Plots.esl
	[FE:03D] GavMan_AbernathyJan22_CityPlan.esl
	[FE:03E] Vee_SS2_Chapter2_SettlersEssentialPatch.esl
	[FE:03F] Vee_SS2_SettlersEssentialPatch.esl
	[FE:040] LIF.esl
	[FE:041] REFramework.esm
	[FE:042] BakaPowerArmorStorage.esm
	[FE:043] DDLL.esl
	[FE:044] BakaFullscreenPipboy.esm
	[FE:045] BakaAutoLockpicking.esm
	[FE:046] UniversalDisassembler.esl
	[FE:047] LIF_DisableInjectionOptions.esl
	[FE:048] PPF.esm
	[FE:049] PPF-HeavyFlamer-CR.esm
	[FE:04A] PPF-NeonFlats-CR.esm
	[FE:04B] Fixed Gobo Effects.esp
	[FE:04C] Enhanced Vanilla Armor and Clothing.esp
	[FE:04D] FO4LODGen.esp
	[FE:04E] FOLIP - New LODs.esp
	[FE:04F] FO4LODGen-DLCCoast-WindTurbines.esp
	[FE:050] WCLI_PoseidonEnergyTurbine.esp
	[FE:051] SimHomestead2.esp
	[FE:052] OCsUniversityPoint.esp
	[FE:053] LOST Audio Tweaks.esp
	[FE:054] OCsDartmouthSkyscraper.esp
	[FE:055] Dank_LEO.esp
	[FE:056] ScrapZapper2.esp
	[FE:057] SS2-AUR-HangmansAlleyCityPlanTweaks.esp
	[FE:058] NoVault88Radiation.esp
	[FE:059] NO MORE HAMMERS.esp
	[FE:05A] Diamond City Owns It's Crops.esp
	[FE:05B] Dank_ECO.esp
	[FE:05C] SS2_RobotMod.esp
	[FE:05D] WestonWaterLOD.esp
	[FE:05E] NWR_noclassicmusic.esp
	[FE:05F] FS_FarHarborBoatFastTravel.esp
	[FE:060] DiverseForged.esp
	[FE:061] ImprovedHostileForged.esp
	[FE:062] SouthOfTheSea-Atomic.esp
	[FE:063] AtomsGloryThreadsPatch_CoAOverhaul.esp
	[FE:064] Cho1_SS2_Nuka_Plot.esp
	[FE:065] SS2_Addon_Favelabulous.esp
	[FE:066] ImprovedAREnclaveCWX02Patch.esp
	[FE:067] SS2_ruined_plotapalooza_messhall.esp
	[FE:068] ImprovedAREnclaveSigmaPatch.esp
	[FE:069] REPatch_AmericaRising2LegacyOfTheEnclave.esp
	[FE:06A] ImprovedAREnclaveBoss.esp
	[FE:06B] ImprovedBoSBoss.esp
	[FE:06C] YAWA2_NoArtillery.esp
	[FE:06D] MS Raze Settlement - Sim Settlements 2 Patch.esp
	[FE:06E] ChameleonAndStealthFixes.esp
	[FE:06F] ImprovedMinutemenEncountersPatch.esp
	[FE:070] ImprovedHostileFactionsEncountersFast.esp
	[FE:071] ImprovedHostileSuperMutants.esp
	[FE:072] M8rDisablePipboyEffects.esp
	[FE:073] Fluorescent Light reposition.esp
	[FE:074] Far Harbor Evergreens.esp
	[FE:075] Grass Is Always Greener.esp
	[FE:076] Optimized Vanilla Tree LODs.esp
	[FE:077] LOD Fixes and Additons.esp
	[FE:078] AmericaRising2-Armaments-X02.esp
	[FE:079] AmericaRising2-Armaments-Marine.esp
	[FE:07A] NPCRespawnFix.esp
	[FE:07B] OCsFungusFarming.esp
	[FE:07C] WhoIsTheGeneral.esp
	[FE:07D] Keeper of the Commonwealth Radiants.esp
	[FE:07E] Lost Soul No Hostility.esp
	[FE:07F] LostSoulExpanded.esp
	[FE:080] Lost Soul No Hostility Expanded.esp
	[FE:081] CROSS_CoA.esp
	[FE:082] SouthOfTheSea-Atomic-CROSSCoA.esp
	[FE:083] SouthOfTheSea-Atomic-Ashland.esp
	[FE:084] ImprovedNukaRaidersBeast.esp
	[FE:085] ImprovedNukaRaidersBoss.esp
	[FE:086] HeavyGunnerBuffsMinigunSeparately.esp
	[FE:087] CommonwealthEncounterPack.esp
	[FE:088] GhoulishRank4Fix.esp
	[FE:089] InstituteLaser_balancing.esp
	[FE:08A] Radium Rifle Improvements.esp
	[FE:08B] hardened auto_attackdamage zero.esp
	[FE:08C] DiverseSettlers.esp
	[FE:08D] DIverseSettlersImmersionQoL.esp
	[FE:08E] BetterSettlersCleanFacePack.esp
	[FE:08F] BetterSettlersNoLollygagging.esp
	[FE:090] V88-MoleRatsDisabled.esp
	[FE:091] TacticalCourser_Standalone.esp
	[FE:092] ImprovedInstituteBoss.esp
	[FE:093] ImprovedInstituteTacticalCourserPatch.esp
	[FE:094] DiversePotC.esp
	[FE:095] OWR2_CraftableDecor.esp
	[FE:096] OWR2_CraftableDecor_CW.esp
	[FE:097] OWR_CraftableDecor.esp
	[FE:098] OWR_CraftableDecor_CW.esp
	[FE:099] ImprovedRRBoss.esp
	[FE:09A] ImprovedRREncountersPatch.esp
	[FE:09B] ImprovedRRStatAgents.esp
	[FE:09C] Companion Affinity Pip-Boy Tab.esp
	[FE:09D] LegendariesTheyCanUse.esp
	[FE:09E] LongerPowerLinesInf.esp
	[FE:09F] ArtilleryChanges.esp
	[FE:0A0] NACskintonefix.esp
	[FE:0A1] NAC-RemoveMenuItem.esp
	[FE:0A2] NAC-FH.esp
	[FE:0A3] NAC-NW.esp
	[FE:0A4] LiveLove - Heather.esp
	[FE:0A5] PoseidonEnergyCanHaveRadarTransmitter.esp
	[FE:0A6] Long Time No Speak.esp
	[FE:0A7] SaveAcadiaFromBoS.esp
	[FE:0A8] Dank_LEO-MLM.esp
	[FE:0A9] More Legendary Effects.esp
	[FE:0AA] Dank_LEO-MLE.esp
	[FE:0AB] More Legendary Effects - Naming Rules Merge.esp
	[FE:0AC] Homemaker - Streetlights Use Passive Power.esp
	[FE:0AD] Homemaker - Unlocked Institute Objects.esp
	[FE:0AE] doityourshelftexturepack.esp
	[FE:0AF] LooksMenu.esp
	[FE:0B0] Enhanced Vanilla Plants.esp
	[FE:0B1] Enhanced Vanilla Rocks.esp
	[FE:0B2] Enhanced Vanilla Vines.esp
	[FE:0B3] HighlightConsoleReference.esp
	[FE:0B4] V's Stylish Decor2.esp
	[FE:0B5] V's Stylish Decor2_BOS.esp
	[FE:0B6] Legendary Mod Additions.esp
	[FE:0B7] Dank_LEO-LMA.esp
	[FE:0B8] SmokeHomingBeaconGrenadeThrowArc.esp
	[FE:0B9] Chemfluence AI Combat Dynamics.esp
	[FE:0BA] NPCs Use Items.esp
	[FE:0BB] UnlimitedStimpakForNPCs.esp
	[FE:0BC] 4estGimp - SotS Atoms Storm Atoms Glory Threads CoA.esp
	[FE:0BD] CF_AtomicWarlord_CBBE.esp
	[FE:0BE] HuntingRifle.esp
	[FE:0BF] SuperAffinity.esp
	[FE:0C0] SuperAffinitySeason.esp
	[FE:0C1] NoAffinityCooldown.esp
	[FE:0C2] Skip DIMA memories.esp
	[FE:0C3] MS SPECIAL Zapper.esp
	[FE:0C4] CC_SlocumCoffee_Overhaul.esp
	[FE:0C5] PA_UnderwearPerks.esp
	[FE:0C6] PA-Quick Animations.esp
	[FE:0C7] LootMan.esp
	[FE:0C8] StealthBoyBuffWithRecipe.esp
	[FE:0C9] Dank_LAB.esp
	[FE:0CA] Dank_LAB_DLCNukaWorld.esp
	[FE:0CB] Dank_LAB_LEO.esp
	[FE:0CC] Radium.esp
	[FE:0CD] LAT - Radium Patch.esp
	[FE:0CE] DCRE.esp
	[FE:0CF] DCRE-FixRadio.esp
	[FE:0D0] UncappedSettlementSurplus.esp
	[FE:0D1] PR_Automatron.esp
	[FE:0D2] FS_NukaWorldTramFastTravel.esp
	[FE:0D3] Computer Console illuminated.esp
	[FE:0D4] Companions Use Companion Perk Overhaul.esp
	[FE:0D5] Dead Settlement Brahmin Despawn.esp
	[FE:0D6] GaS2BVTurretsBroke.esp
	[FE:0D7] Actual Legendary Rust Devils.esp
	[FE:0D8] Dank_LEO_DLCNukaWorld.esp
	[FE:0D9] Dank_ECO-LEO.esp
	[FE:0DA] Dank_LEO-Automatron.esp
	[FE:0DB] Dank_LEO_DLCCoast.esp
	[FE:0DC] Esk_NoTeleportingCreatures.esp
	[FE:0DD] Whos General - Keeper Radiants.esp
	[FE:0DE] DiscreteFemaleSkeleton.esp
	[FE:0DF] LooksMenu1stPersonViewItemsFix.esp
	[FE:0E0] AutomatronUnlocked.esp
	[FE:0E1] AshlandEssentialNPC.esp
	[FE:0E2] LibraryExtras.esp
	[FE:0E3] CROSS_InstituteExpeditionarySuit.esp
	[FE:0E4] CROSS_CourserStrigidae.esp
	[FE:0E5] AdvPortableTurretSet.esp
	[FE:0E6] AdvPortableTurretSet-Extension.esp
	[FE:0E7] AdvSettleTurretSet.esp
	[FE:0E8] Pistol Reanimation Pack - REBORN.esp
	[FE:0E9] Classic 10mm Pistol - Unofficial Update.esp
	[FE:0EA] ccTeslaCannon Patch.esp
	[FE:0EB] Manwell Rifle - Unofficial Update.esp
	[FE:0EC] CR-74L - Unofficial Update.esp
	[FE:0ED] Munitions-Additional Ammo.esp
	[FE:0EE] Dank_ECO-Munitions.esp
	[FE:0EF] Enclave Lite Faction Pack for SS2.esp
	[FE:0F0] BL Faction Pack Injector.esp
	[FE:0F1] XDI-AR2 patch.esp
	[FE:0F2] SS2BadNeighbors.esp
	[FE:0F3] PrasPlotapaloozaEntry.esp
	[FE:0F4] SS2TinuviaGameJam.esp
	[FE:0F5] Yagisan_PP_Mar_2024.esp
	[FE:0F6] Wireless Workshop Items.esp
	[FE:0F7] Faster Upfront Training SS2.esp
	[FE:0F8] JunkTown2 - EXTREME.esp
	[FE:0F9] SS2_Addon_ShazbotsCots.esp
	[FE:0FA] SS2_StarlightTradeHubAndTheater.esp
	[FE:0FB] IT_SS2.esp
	[FE:0FC] GtN_DivisionCityPlan_CPC_03.23.esp
	[FE:0FD] SS2-AUR-HangmansAlleyCityPlan.esp
	[FE:0FE] SS2Addon_MS_BareEssentials.esp
	[FE:0FF] SS2_MagnussonTerminalFix.esp
	[FE:100] SS2_XDI Patch.esp
	[FE:101] ImmersiveTeleportation_lessPower.esp
	[FE:102] ImmersiveTeleportation_lessRads.esp
	[FE:103] ImmersiveTeleportation_quickstart.esp
	[FE:104] SS2 Sanctuary Green Hills.esp
	[FE:105] SS2_NobodysLeaders2.esp
	[FE:106] SS2_NobodysLeaders2_Automatron.esp
	[FE:107] SS2_NobodysLeaders2_VaultTecWorkshop.esp
	[FE:108] JunkTown-FENCES2.esp
	[FE:109] NukaWorldRedRocket Sim Settlements 2 Plan.esp
	[FE:10A] SimSettlements2_AddOnPack_ApocalypticAdditions_SirLach.esp
	[FE:10B] [SS20Addon] BloodMoonRaiders.esp
	[FE:10C] SS2_DLCSettlerPatch.esp
	[FE:10D] SS2 Lexington Underground Fix.esp
	[FE:10E] [SS2] BBVault 88.esp
	[FE:10F] SS2AOP_VaultTecTools.esp
	[FE:110] AzarPonytailHairstyles.esp
	[FE:111] LookingStranger.esp
	[FE:112] Lots More Male Hairstyles.esp
	[FE:113] Lots More Facial Hair.esp
	[FE:114] MiscHairstyle.esp
	[FE:115] Rusty Face Fix.esp
	[FE:116] CBBEHR.esp
	[FE:117] CBBE.esp
	[FE:118] DiverseEnclaveAR2.esp
	[FE:119] DiverseCovenantSecurity.esp
	[FE:11A] DiverseCoursers.esp
	[FE:11B] DiverseDCSecurity.esp
	[FE:11C] DiverseScavengers.esp
	[FE:11D] DiverseOperators.esp
	[FE:11E] DiverseDisciples.esp
	[FE:11F] DiverseTriggermen.esp
	[FE:120] DiverseTrappers.esp
	[FE:121] DiverseBoS.esp
	[FE:122] DiverseCoA.esp
	[FE:123] DiverseRailroad.esp
	[FE:124] DiverseRaiders.esp
	[FE:125] DiverseGunners.esp
	[FE:126] DiverseMinutemen.esp
	[FE:127] DiversePack.esp
	[FE:128] Dank_ECO-UniversalDisassembler.esp
	[FE:129] Dank_ECO_DLCCoast.esp
	[FE:12A] Dank_ECO_DLCNukaWorld.esp
	[FE:12B] Dank_ECO_DLCRobot.esp
	[FE:12C] 10SPECIAL.esp
	[FE:12D] ImTalkingToYou.esp
	[FE:12E] WCLI_North_Point_Park.esp
	[FE:12F] WCLINPP_FastTravelFix.esp
	[FE:130] Yagisan_SSSL_Red_Rocket_Settlements.esp
	[FE:131] HuntressIslandSettlement.esp
	[FE:132] OCsNukaTransitCenter.esp
	[FE:133] OCsSunkenGarage.esp
	[FE:134] SouthOfTheSea[Previs].esp
	[FE:135] OCsFiddlersGreen.esp
	[FE:136] WCLI_RockIslandLighthouse.esp
	[FE:137] NukaRaiderDeclutter.esp
	[FE:138] OCsShovelMuseum.esp
	[FE:139] OCsNukaIsland.esp
	[FE:13A] GoodneighborExpanded[Patch-Previs].esp
	[FE:13B] Settlement_CoA_Ruined_Church.esp
	[FE:13C] Settlement_CoA_Radiant_Crest_Shrine.esp
	[FE:13D] OCsVault88Fixes.esp
	[FE:13E] Yagisan_SSSL_Quick_Fill_Settlements.esp
	[FE:13F] Yagisan_SSSL_Reeb_Marina_Settlement.esp
	[FE:140] Yagisan_SSSL_Lakeside_Cabin_Settlement.esp
	[FE:141] AUR_CleanRRHQ.esp
	[FE:142] Yagisan_SSSL_Bridgeport_Settlement.esp
	[FE:143] OCsCharlesviewAmpitheater.esp
	[FE:144] Settlement_BoS_Fort_Strong.esp
	[FE:145] AccessibleBridges.esp
	[FE:146] Settlement_CoA_Crater_of_Atom.esp
	[FE:147] WCLINPP_AB_Patch.esp
	[FE:148] WCLIRIL_Previs.esp
	[FE:149] FiddlersGreenTarberrySwap.esp
	[FE:14A] PoseidonOffices_WCLINPP_AB_Patch.esp
	[FE:14B] OCsSunkenGarageCoASettlers.esp
	[FE:14C] CharlesviewGrowCult.esp
	[FE:14D] AtomsRadiance_veelynnlove.esp
	[FE:14E] UNDRCVR_SimplySettledFairlineOutpost.esp
	[FE:14F] UNDRCVR_RuinedChurchPhiOutpost.esp
	[FE:150] UNDRCVR_SimplySettledNPointPark.esp
	[FE:151] UNDRCVR_SimplySettledLakesideCabin.esp
	[FE:152] CharlesviewHappyCult.esp
	[FE:153] CharlesviewAmpitheaterGrowCultPatch.esp
	[FE:154] PRP.esp
	[FE:155] Sanctuary_DCnR_F-ESL.esp
	[FE:156] SpectacleIsland_DCnR_F-ESL.esp
	[FE:157] Cov-TBH-DCnR_F-ESL.esp
	[FE:158] TheCastle_DC_F-ESL.esp
	[FE:159] fairlinesettlement.esp
	[FE:15A] Bunker Hill DCnR_F-ESL.esp
	[FE:15B] Graygarden_DCnR_F-ESL.esp
	[FE:15C] OCsProspectPark.esp
	[FE:15D] RedRocket_DC_F-ESL.esp
	[FE:15E] EgretTours_DCnR_F-ESL.esp
	[FE:15F] WarwickHomestead_DC_F-ESL.esp
	[FE:160] NukaWorldFarmSettlement.esp
	[FE:161] TheSlog_DC_F-ESL.esp
	[FE:162] OCsHubologistCamp.esp
	[FE:163] JamaicaPlains_DCnR_F-ESL.esp
	[FE:164] OCsLakeQ.esp
	[FE:165] CroupManor_DCnR_F-ESL.esp
	[FE:166] StarlightDrivein_DCnR_F-ESL.esp
	[FE:167] PondSettlement.esp
	[FE:168] GreentopNursery_DCnr_F-ESL.esp
	[FE:169] AbernathyFarm_DC_F-ESL.esp
	[FE:16A] KingsportLighthouse_DCnR_F-ESL.esp
	[FE:16B] AmericaRising2_Previsibines.esp
	[FE:16C] NWR_VNW_Previsibines.esp
	[FE:16D] CoastalCottage_DCnR_F-ESL.esp
	[FE:16E] EdenMeadowsSettlement.esp
	[FE:16F] EchoLakeLumber_DCnR_F-ESL.esp
	[FE:170] NationalParkVC_DCnR_F-ESL.esp
	[FE:171] OCsOldPondHouse.esp
	[FE:172] OCsKStation.esp
	[FE:173] DaltonFarm_DCnR_F-ESL.esp
	[FE:174] LongfellowsCabin_DCnR_F-ESL.esp
	[FE:175] SunshideTidings_DCnR_F-ESL.esp
	[FE:176] OCsCochituate.esp
	[FE:177] HangmansAlley_DC_F-ESL.esp
	[FE:178] NordhagenBeach_DC_F-ESL.esp
	[FE:179] TenpinesOutpostZimonja_DCnR_F-ESL.esp
	[FE:17A] SomervillePlace_DCnR_F-ESL.esp
	[FE:17B] CountyCrossing_DCnR_F-ESL.esp
	[FE:17C] MurkwaterConstruction_DCnR_F-ESL.esp
	[FE:17D] OCsNorthpointDam.esp
	[FE:17E] OCsWindTower.esp
	[FE:17F] NukaWorldRedRocket_DC_F-ESL.esp
	[FE:180] FinchFarm_DC_F-ESL.esp
	[FE:181] MechanistLair_DC_F-ESL.esp
	[FE:182] OCsV81TradeCamp.esp
	[FE:183] WCLIPET18F_Previs.esp
	[FE:184] OberlandStation_DCnR_F-ESL.esp
	[FE:185] Vault88_DC_F-ESL.esp
	[FE:186] LAT - PRP Update Patch.esp
	[FE:187] OCsV81TradeCampGrassReduced.esp
	[FE:188] OCsCochituateReducedGrass.esp
	[FE:189] WCLINPP_Previs.esp
	[FE:18A] OCsv81TradeCampInstantUnlock.esp
	[FE:18B] GavMan_V81TC_CityPlan.esp
	[FE:18C] Fairline_veelynnlove.esp
	[FE:18D] BostonLibrarySettlementSS2.esp
	[FE:18E] BostonLibrarySettlementRobots.esp
	[FE:18F] PRP-SS2-Fixes-Ch2.esp
	[FE:190] PRP-SS2-Fixes-Ch1.esp
	[FE:191] PRP-SS2.esp
	[FE:192] WCLI_NatickSubstation.esp
	[FE:193] WCLINS_Previs.esp
	[FE:194] LO_Previsibines.esp
	[FE:195] Eli_Armour_Compendium-INNReXpanded.esp
	[FE:196] Dank_ECO-INNR.esp
	[FE:197] FOLIP Synthesis.esp
	[FE:198] xLODGen_Output.esp
	[FE:199] Dank_LEO-MLE_INNR_CS.esp
	[FE:19A] Dank_ECO-Munitions_INNR_CS.esp
	[FE:19B] M8r Complex Sorter.esp
	[FE:19C] M8r Complex Sorter-part2.esp
