Fallout 4 v1.10.163
Buffout 4 v1.28.6

Unhandled exception "EXCEPTION_ACCESS_VIOLATION" at 0x7FF7898DFF28 Fallout4.exe+2E9FF28

	[Compatibility]
		F4EE: true
	[Crashlog]
		AutoOpen: false
		PromptUpload: false
	[Fixes]
		ActorIsHostileToActor: true
		CellInit: true
		CreateD3DAndSwapChain: true
		EncounterZoneReset: true
		GreyMovies: true
		MagicEffectApplyEvent: true
		MovementPlanner: true
		PackageAllocateLocation: true
		SafeExit: true
		TESObjectREFRGetEncounterZone: true
		UnalignedLoad: true
		UtilityShader: true
	[Patches]
		Achievements: true
		ArchiveLimit: false
		BSMTAManager: true
		BSPreCulledObjects: true
		BSTextureStreamerLocalHeap: false
		HavokMemorySystem: true
		INISettingCollection: true
		InputSwitch: false
		MaxStdIO: 2048
		MemoryManager: true
		MemoryManagerDebug: false
		ScaleformAllocator: true
		SmallBlockAllocator: true
		WorkshopMenu: true
	[Warnings]
		CreateTexture2D: true
		ImageSpaceAdapter: true

SYSTEM SPECS:
	OS: Microsoft Windows 11 Pro v10.0.22631
	CPU: AuthenticAMD AMD Ryzen 7 7800X3D 8-Core Processor           
	GPU #1: Nvidia AD104 [GeForce RTX 4070]
	GPU #2: AMD Raphael
	GPU #3: Microsoft Basic Render Driver
	PHYSICAL MEMORY: 25.16 GB/63.15 GB

PROBABLE CALL STACK:
	[ 0] 0x7FF7898DFF28 Fallout4.exe+2E9FF28 -> 185585+0x8
	[ 1] 0x7FF7885D9277 Fallout4.exe+1B99277 -> 1054506+0x67
	[ 2] 0x7FF789211AC5 Fallout4.exe+27D1AC5 -> 753151+0x25
	[ 3] 0x7FF7885D9362 Fallout4.exe+1B99362 -> 1054506+0x152
	[ 4] 0x7FF7885D9362 Fallout4.exe+1B99362 -> 1054506+0x152
	[ 5] 0x7FF788718C58 Fallout4.exe+1CD8C58 -> 685727+0x118
	[ 6] 0x7FF7885E3C05 Fallout4.exe+1BA3C05 -> 121052+0x25
	[ 7] 0x7FF786DF9A60 Fallout4.exe+03B9A60 -> 961119+0x90
	[ 8] 0x7FF786B383DA Fallout4.exe+00F83DA -> 1386854+0x18A
	[ 9] 0x7FF7878FC9AA Fallout4.exe+0EBC9AA -> 1123858+0x2EA
	[10] 0x7FF7878FD2C9 Fallout4.exe+0EBD2C9 -> 467991+0x189
	[11] 0x7FF7878DCF0F Fallout4.exe+0E9CF0F -> 746423+0x49F
	[12] 0x7FF7878DB72A Fallout4.exe+0E9B72A -> 146861+0xACA
	[13] 0x7FF787780D85 Fallout4.exe+0D40D85 -> 222694+0x15
	[14] 0x7FF788590F26 Fallout4.exe+1B50F26 -> 329005+0xC6
	[15] 0x7FF788591432 Fallout4.exe+1B51432 -> 194800+0x202
	[16] 0x7FF788593F67 Fallout4.exe+1B53F67 -> 1492866+0x67
	[17] 0x7FF78855CFED Fallout4.exe+1B1CFED -> 1079791+0x3D
	[18] 0x7FFD48ED257D KERNEL32.DLL+001257D
	[19] 0x7FFD4A72AF28    ntdll.dll+005AF28

REGISTERS:
	RAX 0x1566678CAF0      (BSBehaviorGraphSwapGenerator*)
	RCX 0x1569369E000      (void*)
	RDX 0x0                (size_t)
	RBX 0x1566B59E400      (BGSStaticCollection::RootFacade*)
		Name: ""
	RSP 0x3EB940EF98       (void*)
	RBP 0x3EB940F160       (void*)
	RSI 0x1A40             (size_t)
	RDI 0x1566B59E400      (BGSStaticCollection::RootFacade*)
		Name: ""
	R8  0x0                (size_t)
	R9  0x20               (size_t)
	R10 0x3EB940EE40       (void*)
	R11 0x3EB940EEF0       (void*)
	R12 0x0                (size_t)
	R13 0x154BED8B1C0      (void*)
	R14 0xF5               (size_t)
	R15 0x43D              (size_t)

STACK:
	[RSP+0   ] 0x7FF7885D9277     (void* -> Fallout4.exe+1B99277)
	[RSP+8   ] 0x3EB940F160       (void*)
	[RSP+10  ] 0x8                (size_t)
	[RSP+18  ] 0x156939C5940      (NiNode*)
		Name: ""
	[RSP+20  ] 0x0                (size_t)
	[RSP+28  ] 0x43D              (size_t)
	[RSP+30  ] 0x0                (size_t)
	[RSP+38  ] 0x3EB940F160       (void*)
	[RSP+40  ] 0x7FF789211AC5     (void* -> Fallout4.exe+27D1AC5)
	[RSP+48  ] 0x3EB940F160       (void*)
	[RSP+50  ] 0x1A40             (size_t)
	[RSP+58  ] 0x1566B59E400      (BGSStaticCollection::RootFacade*)
		Name: ""
	[RSP+60  ] 0x0                (size_t)
	[RSP+68  ] 0x1566B59E400      (BGSStaticCollection::RootFacade*)
		Name: ""
	[RSP+70  ] 0x7FF7885D9362     (void* -> Fallout4.exe+1B99362)
	[RSP+78  ] 0x157121EE5C0      (NiNode*)
		Name: ""
	[RSP+80  ] 0x0                (size_t)
	[RSP+88  ] 0x157121EF9C0      (NiNode*)
		Name: ""
	[RSP+90  ] 0x0                (size_t)
	[RSP+98  ] 0xA                (size_t)
	[RSP+A0  ] 0x1                (size_t)
	[RSP+A8  ] 0x15617024100      (BSMultiBoundNode*)
		Name: ""
	[RSP+B0  ] 0x7FF7885D9362     (void* -> Fallout4.exe+1B99362)
	[RSP+B8  ] 0x3EB940F160       (void*)
	[RSP+C0  ] 0x48               (size_t)
	[RSP+C8  ] 0x157121EE5C0      (NiNode*)
		Name: ""
	[RSP+D0  ] 0x0                (size_t)
	[RSP+D8  ] 0x0                (size_t)
	[RSP+E0  ] 0x2                (size_t)
	[RSP+E8  ] 0x15617024100      (BSMultiBoundNode*)
		Name: ""
	[RSP+F0  ] 0x7FF788718C58     (void* -> Fallout4.exe+1CD8C58)
	[RSP+F8  ] 0x9C0              (size_t)
	[RSP+100 ] 0x0                (size_t)
	[RSP+108 ] 0x3EB940F160       (void*)
	[RSP+110 ] 0x155F28ED200      (TESObjectCELL*)
		File: "SS2_XPAC_Chapter3.esm"
		Flags: 0x0004000B
		Form ID: 0x2701780A
		Form Type: 63
		Full Name: "GNN"
	[RSP+118 ] 0x3F800000         (size_t)
	[RSP+120 ] 0x0                (size_t)
	[RSP+128 ] 0x3F80000000000000 (size_t)
	[RSP+130 ] 0x0                (size_t)
	[RSP+138 ] 0x0                (size_t)
	[RSP+140 ] 0x3F800000         (size_t)
	[RSP+148 ] 0x0                (size_t)
	[RSP+150 ] 0x3F80000000000000 (size_t)
	[RSP+158 ] 0x408F2455         (size_t)
	[RSP+160 ] 0x0                (size_t)
	[RSP+168 ] 0x15617024100      (BSMultiBoundNode*)
		Name: ""
	[RSP+170 ] 0x7FF7885E3C05     (void* -> Fallout4.exe+1BA3C05)
	[RSP+178 ] 0x155FC7EB300      (TESObjectCELL*)
		File: "LO_Previsibines.esp"
		Flags: 0x0004000B
		Form ID: 0x0000DE3D
		Form Type: 63
		Full Name: ""
	[RSP+180 ] 0x3EB940F160       (void*)
	[RSP+188 ] 0x155FC7EB300      (TESObjectCELL*)
		File: "LO_Previsibines.esp"
		Flags: 0x0004000B
		Form ID: 0x0000DE3D
		Form Type: 63
		Full Name: ""
	[RSP+190 ] 0x9C0              (size_t)
	[RSP+198 ] 0x2                (size_t)
	[RSP+1A0 ] 0x7FF786DF9A60     (void* -> Fallout4.exe+03B9A60)
	[RSP+1A8 ] 0x15617024100      (BSMultiBoundNode*)
		Name: ""
	[RSP+1B0 ] 0x2                (size_t)
	[RSP+1B8 ] 0x155AAAF2620      (void*)
	[RSP+1C0 ] 0x154BED8B1C0      (void*)
	[RSP+1C8 ] 0x0                (size_t)
	[RSP+1D0 ] 0x0                (size_t)
	[RSP+1D8 ] 0x80000            (size_t)
	[RSP+1E0 ] 0x15500000001      (void*)
	[RSP+1E8 ] 0x0                (size_t)
	[RSP+1F0 ] 0x3EB940F270       (void*)
	[RSP+1F8 ] 0x2                (size_t)
	[RSP+200 ] 0x155AAA07EC0      (TES*)
	[RSP+208 ] 0x155FC7EB300      (TESObjectCELL*)
		File: "LO_Previsibines.esp"
		Flags: 0x0004000B
		Form ID: 0x0000DE3D
		Form Type: 63
		Full Name: ""
	[RSP+210 ] 0x7FF786B383DA     (void* -> Fallout4.exe+00F83DA)
	[RSP+218 ] 0x155AAA43DD0      (GridCellArray*)
	[RSP+220 ] 0x155AAA43D00      (void*)
	[RSP+228 ] 0x155FC7EB300      (TESObjectCELL*)
		File: "LO_Previsibines.esp"
		Flags: 0x0004000B
		Form ID: 0x0000DE3D
		Form Type: 63
		Full Name: ""
	[RSP+230 ] 0x2                (size_t)
	[RSP+238 ] 0x155DBBE1000      (void*)
	[RSP+240 ] 0x7FF786B37D36     (void* -> Fallout4.exe+00F7D36)
	[RSP+248 ] 0x155DBBE1000      (void*)
	[RSP+250 ] 0x0                (size_t)
	[RSP+258 ] 0x7FF78C5A7580     (void* -> Fallout4.exe+5B67580)
	[RSP+260 ] 0x7FF786E4F334     (void* -> Fallout4.exe+040F334)
	[RSP+268 ] 0x155FC7EB400      (TESObjectCELL*)
		File: "LO_Previsibines.esp"
		Flags: 0x0004000B
		Form ID: 0x0000DE3C
		Form Type: 63
		Full Name: ""
	[RSP+270 ] 0x155AB3BF040      (PlayerCharacter*)
		Object Reference: 
			File: "Fallout4.esm"
			Flags: 0x00040009
			Form ID: 0x00000007
			Form Type: 45
		File: ""
		Flags: 0x00440448
		Form ID: 0x00000014
		Form Type: 65
	[RSP+278 ] 0x155DBBE1000      (void*)
	[RSP+280 ] 0x155AB3BF040      (PlayerCharacter*)
		Object Reference: 
			File: "Fallout4.esm"
			Flags: 0x00040009
			Form ID: 0x00000007
			Form Type: 45
		File: ""
		Flags: 0x00440448
		Form ID: 0x00000014
		Form Type: 65
	[RSP+288 ] 0x0                (size_t)
	[RSP+290 ] 0x7FF7878FC9AA     (void* -> Fallout4.exe+0EBC9AA)
	[RSP+298 ] 0x0                (size_t)
	[RSP+2A0 ] 0x3EB940F330       (void*)
	[RSP+2A8 ] 0x155DBBE1000      (void*)
	[RSP+2B0 ] 0x155FC7EB401      (void*)
	[RSP+2B8 ] 0x15646CA1980      (MovementControllerNPC*)
	[RSP+2C0 ] 0x156A95A6740      (MovementAgentPathFollowerVirtual*)
	[RSP+2C8 ] 0x155F1C39F90      (BGSPackageDataBool*)
	[RSP+2D0 ] 0x7FF788F2D52C     (void* -> Fallout4.exe+24ED52C)
	[RSP+2D8 ] 0x476935A2C70BDCAD (size_t)
	[RSP+2E0 ] 0x3E4571C3E6       (size_t)
	[RSP+2E8 ] 0x15646CA1980      (MovementControllerNPC*)
	[RSP+2F0 ] 0x7FF78C321490     (void* -> Fallout4.exe+58E1490)
	[RSP+2F8 ] 0x8                (size_t)
	[RSP+300 ] 0x7FF788EDC96D     (void* -> Fallout4.exe+249C96D)
	[RSP+308 ] 0x80000000         (size_t)
	[RSP+310 ] 0x156C41788E0      (BSStaticTriShapeDB::QueuedHandles*)
	[RSP+318 ] 0x3E00000000       (size_t)
	[RSP+320 ] 0x7FF780000000     (size_t)
	[RSP+328 ] 0x156C3FB17B0      (void*)
	[RSP+330 ] 0x155AB3BF040      (PlayerCharacter*)
		Object Reference: 
			File: "Fallout4.esm"
			Flags: 0x00040009
			Form ID: 0x00000007
			Form Type: 45
		File: ""
		Flags: 0x00440448
		Form ID: 0x00000014
		Form Type: 65
	[RSP+338 ] 0x7FFC00000000     (size_t)
	[RSP+340 ] 0x0                (size_t)
	[RSP+348 ] 0x476935A2C70BDCAD (size_t)
	[RSP+350 ] 0xBF78B5FD45794BAC (size_t)
	[RSP+358 ] 0xBE729D97         (size_t)
	[RSP+360 ] 0x2BCF951F         (size_t)
	[RSP+368 ] 0x156A95A6740      (MovementAgentPathFollowerVirtual*)
	[RSP+370 ] 0x155AB3BF040      (PlayerCharacter*)
		Object Reference: 
			File: "Fallout4.esm"
			Flags: 0x00040009
			Form ID: 0x00000007
			Form Type: 45
		File: ""
		Flags: 0x00440448
		Form ID: 0x00000014
		Form Type: 65
	[RSP+378 ] 0x155957240C0      (`anonymous namespace'::PathManagerServer*)
	[RSP+380 ] 0x1561809F280      (void*)
	[RSP+388 ] 0x1571DE072E0      (TESWaterReflections*)
	[RSP+390 ] 0x7FF7896896C8     (void* -> Fallout4.exe+2C496C8)
	[RSP+398 ] 0x3EB940F2B8       (void*)
	[RSP+3A0 ] 0x7FF7896896C8     (void* -> Fallout4.exe+2C496C8)
	[RSP+3A8 ] 0x3EB940F2D8       (void*)
	[RSP+3B0 ] 0x7FF78968B9D0     (void* -> Fallout4.exe+2C4B9D0)
	[RSP+3B8 ] 0x3EB940F2A0       (void*)
	[RSP+3C0 ] 0x7FF789689DB8     (void* -> Fallout4.exe+2C49DB8)
	[RSP+3C8 ] 0x155AB3BF040      (PlayerCharacter*)
		Object Reference: 
			File: "Fallout4.esm"
			Flags: 0x00040009
			Form ID: 0x00000007
			Form Type: 45
		File: ""
		Flags: 0x00440448
		Form ID: 0x00000014
		Form Type: 65
	[RSP+3D0 ] 0x0                (size_t)
	[RSP+3D8 ] 0x15646CA1AA8      (MovementControllerNPC*)
	[RSP+3E0 ] 0x154BED8BB80      (char*) "d"
	[RSP+3E8 ] 0x3EB940F5B0       (void*)
	[RSP+3F0 ] 0xFFFFFFFF         (size_t)
	[RSP+3F8 ] 0x3EB940F620       (void*)
	[RSP+400 ] 0x7FF78796A5E5     (void* -> Fallout4.exe+0F2A5E5)
	[RSP+408 ] 0x15646CA1A01      (void*)
	[RSP+410 ] 0x7FF7885509C3     (void* -> Fallout4.exe+1B109C3)
	[RSP+418 ] 0x7FF7896896C8     (void* -> Fallout4.exe+2C496C8)
	[RSP+420 ] 0x1571DE072E0      (TESWaterReflections*)
	[RSP+428 ] 0x80000000         (size_t)
	[RSP+430 ] 0x15618294788      (void*)
	[RSP+438 ] 0x9E078067         (size_t)
	[RSP+440 ] 0x7FF78771859A     (void* -> Fallout4.exe+0CD859A)
	[RSP+448 ] 0x156182947B0      (void*)
	[RSP+450 ] 0x2701A0F9         (size_t)
	[RSP+458 ] 0x15618294780      (void*)
	[RSP+460 ] 0x7FF78855093F     (void* -> Fallout4.exe+1B1093F)
	[RSP+468 ] 0x0                (size_t)
	[RSP+470 ] 0x0                (size_t)
	[RSP+478 ] 0x0                (size_t)
	[RSP+480 ] 0x0                (size_t)
	[RSP+488 ] 0x0                (size_t)
	[RSP+490 ] 0x0                (size_t)
	[RSP+498 ] 0x0                (size_t)
	[RSP+4A0 ] 0x0                (size_t)
	[RSP+4A8 ] 0x0                (size_t)
	[RSP+4B0 ] 0x0                (size_t)
	[RSP+4B8 ] 0x0                (size_t)
	[RSP+4C0 ] 0x0                (size_t)
	[RSP+4C8 ] 0x480D20A5         (size_t)
	[RSP+4D0 ] 0x0                (size_t)
	[RSP+4D8 ] 0x154BED8BB80      (char*) "d"
	[RSP+4E0 ] 0x155AB3BF040      (PlayerCharacter*)
		Object Reference: 
			File: "Fallout4.esm"
			Flags: 0x00040009
			Form ID: 0x00000007
			Form Type: 45
		File: ""
		Flags: 0x00440448
		Form ID: 0x00000014
		Form Type: 65
	[RSP+4E8 ] 0x2                (size_t)
	[RSP+4F0 ] 0x155FC7EB400      (TESObjectCELL*)
		File: "LO_Previsibines.esp"
		Flags: 0x0004000B
		Form ID: 0x0000DE3C
		Form Type: 63
		Full Name: ""
	[RSP+4F8 ] 0x155AAA01000      (TESWorldSpace*)
		File: "FinalCellPatch.esp"
		Flags: 0x0000000B
		Form ID: 0x0000003C
		Form Type: 74
		Full Name: "Commonwealth"
	[RSP+500 ] 0x155DBBE0F40      (TESObjectREFR*)
		Object Reference: 
			File: "Fallout4.esm"
			Flags: 0x0080000D
			Form ID: 0x00000034
			Form Type: 36
		File: "Fallout4.esm"
		Flags: 0x00000409
		Form ID: 0x000FBA50
		Form Type: 64
	[RSP+508 ] 0x155AB3BF040      (PlayerCharacter*)
		Object Reference: 
			File: "Fallout4.esm"
			Flags: 0x00040009
			Form ID: 0x00000007
			Form Type: 45
		File: ""
		Flags: 0x00440448
		Form ID: 0x00000014
		Form Type: 65
	[RSP+510 ] 0x0                (size_t)
	[RSP+518 ] 0x155DBBE1010      (void*)
	[RSP+520 ] 0x7FF7878FD2C9     (void* -> Fallout4.exe+0EBD2C9)
	[RSP+528 ] 0x155AAA01000      (TESWorldSpace*)
		File: "FinalCellPatch.esp"
		Flags: 0x0000000B
		Form ID: 0x0000003C
		Form Type: 74
		Full Name: "Commonwealth"
	[RSP+530 ] 0x154BED8BB80      (char*) "d"
	[RSP+538 ] 0x155AAA01000      (TESWorldSpace*)
		File: "FinalCellPatch.esp"
		Flags: 0x0000000B
		Form ID: 0x0000003C
		Form Type: 74
		Full Name: "Commonwealth"
	[RSP+540 ] 0x155AAA01000      (TESWorldSpace*)
		File: "FinalCellPatch.esp"
		Flags: 0x0000000B
		Form ID: 0x0000003C
		Form Type: 74
		Full Name: "Commonwealth"
	[RSP+548 ] 0x155AB3D1B01      (void*)
	[RSP+550 ] 0x7FF786DEF513     (void* -> Fallout4.exe+03AF513)
	[RSP+558 ] 0x155DBBE0F40      (TESObjectREFR*)
		Object Reference: 
			File: "Fallout4.esm"
			Flags: 0x0080000D
			Form ID: 0x00000034
			Form Type: 36
		File: "Fallout4.esm"
		Flags: 0x00000409
		Form ID: 0x000FBA50
		Form Type: 64
	[RSP+560 ] 0x155AAA01000      (TESWorldSpace*)
		File: "FinalCellPatch.esp"
		Flags: 0x0000000B
		Form ID: 0x0000003C
		Form Type: 74
		Full Name: "Commonwealth"
	[RSP+568 ] 0xFFFFFFFF         (size_t)
	[RSP+570 ] 0x0                (size_t)
	[RSP+578 ] 0x3EB940F620       (void*)
	[RSP+580 ] 0x7FF7878DCF0F     (void* -> Fallout4.exe+0E9CF0F)
	[RSP+588 ] 0x0                (size_t)
	[RSP+590 ] 0x0                (size_t)
	[RSP+598 ] 0x155AB3BF040      (PlayerCharacter*)
		Object Reference: 
			File: "Fallout4.esm"
			Flags: 0x00040009
			Form ID: 0x00000007
			Form Type: 45
		File: ""
		Flags: 0x00440448
		Form ID: 0x00000014
		Form Type: 65
	[RSP+5A0 ] 0x155DBBE0F40      (TESObjectREFR*)
		Object Reference: 
			File: "Fallout4.esm"
			Flags: 0x0080000D
			Form ID: 0x00000034
			Form Type: 36
		File: "Fallout4.esm"
		Flags: 0x00000409
		Form ID: 0x000FBA50
		Form Type: 64
	[RSP+5A8 ] 0x155F25AD801      (void*)
	[RSP+5B0 ] 0x7FF788581F2C     (void* -> Fallout4.exe+1B41F2C)
	[RSP+5B8 ] 0x7FF78C5A7500     (void* -> Fallout4.exe+5B67500)
	[RSP+5C0 ] 0x7FF7885509C3     (void* -> Fallout4.exe+1B109C3)
	[RSP+5C8 ] 0x7FF789689DB8     (void* -> Fallout4.exe+2C49DB8)
	[RSP+5D0 ] 0x7FFD4806952E     (void* -> KERNELBASE.dll+003952E)
	[RSP+5D8 ] 0x0                (size_t)
	[RSP+5E0 ] 0x0                (size_t)
	[RSP+5E8 ] 0x154FF4FA110      (void*)
	[RSP+5F0 ] 0x0                (size_t)
	[RSP+5F8 ] 0x0                (size_t)
	[RSP+600 ] 0x0                (size_t)
	[RSP+608 ] 0x0                (size_t)
	[RSP+610 ] 0x0                (size_t)
	[RSP+618 ] 0x10000000002      (size_t)
	[RSP+620 ] 0x155C0CAD8A0      (BGSKeyword*)
		File: "Fallout4.esm"
		Flags: 0x00000009
		Form ID: 0x000210B4
		Form Type: 04
	[RSP+628 ] 0xFFFFFFFF         (size_t)
	[RSP+630 ] 0x155AB3BF5B8      (void*)
	[RSP+638 ] 0x3                (size_t)
	[RSP+640 ] 0x7FFD48091B4B     (void* -> KERNELBASE.dll+0061B4B)
	[RSP+648 ] 0x10000000001      (size_t)
	[RSP+650 ] 0x1567029D200      (void*)
	[RSP+658 ] 0x0                (size_t)
	[RSP+660 ] 0x3EB940F5B8       (void*)
	[RSP+668 ] 0x155AB3BF040      (PlayerCharacter*)
		Object Reference: 
			File: "Fallout4.esm"
			Flags: 0x00040009
			Form ID: 0x00000007
			Form Type: 45
		File: ""
		Flags: 0x00440448
		Form ID: 0x00000014
		Form Type: 65
	[RSP+670 ] 0x7FF78878966A     (void* -> Fallout4.exe+1D4966A)
	[RSP+678 ] 0x154FFDD6270      (char*) "\="
	[RSP+680 ] 0x7FFD4809175D     (void* -> KERNELBASE.dll+006175D)
	[RSP+688 ] 0x15500000000      (void*)
	[RSP+690 ] 0x10F0             (size_t)
	[RSP+698 ] 0x0                (size_t)
	[RSP+6A0 ] 0x155AB3BF040      (PlayerCharacter*)
		Object Reference: 
			File: "Fallout4.esm"
			Flags: 0x00040009
			Form ID: 0x00000007
			Form Type: 45
		File: ""
		Flags: 0x00440448
		Form ID: 0x00000014
		Form Type: 65
	[RSP+6A8 ] 0x1567029D200      (void*)
	[RSP+6B0 ] 0x7FF7887765C1     (void* -> Fallout4.exe+1D365C1)
	[RSP+6B8 ] 0x1567029D200      (void*)
	[RSP+6C0 ] 0x3EB940F7B0       (void*)
	[RSP+6C8 ] 0x480D20A5         (size_t)
	[RSP+6D0 ] 0x0                (size_t)
	[RSP+6D8 ] 0x480D20A5         (size_t)
	[RSP+6E0 ] 0x0                (size_t)
	[RSP+6E8 ] 0x0                (size_t)
	[RSP+6F0 ] 0x155AB3BF040      (PlayerCharacter*)
		Object Reference: 
			File: "Fallout4.esm"
			Flags: 0x00040009
			Form ID: 0x00000007
			Form Type: 45
		File: ""
		Flags: 0x00440448
		Form ID: 0x00000014
		Form Type: 65
	[RSP+6F8 ] 0x1                (size_t)
	[RSP+700 ] 0x0                (size_t)
	[RSP+708 ] 0x3EB940F7B0       (void*)
	[RSP+710 ] 0x7FF7878DB72A     (void* -> Fallout4.exe+0E9B72A)
	[RSP+718 ] 0x155DBBE0F40      (TESObjectREFR*)
		Object Reference: 
			File: "Fallout4.esm"
			Flags: 0x0080000D
			Form ID: 0x00000034
			Form Type: 36
		File: "Fallout4.esm"
		Flags: 0x00000409
		Form ID: 0x000FBA50
		Form Type: 64
	[RSP+720 ] 0x155AB3BF5B8      (void*)
	[RSP+728 ] 0xFFFFFFFF         (size_t)
	[RSP+730 ] 0x1                (size_t)
	[RSP+738 ] 0x3EB940F7E0       (BSPathingLockData*)
	[RSP+740 ] 0x0                (size_t)
	[RSP+748 ] 0x1                (size_t)
	[RSP+750 ] 0x155DBBE0F40      (TESObjectREFR*)
		Object Reference: 
			File: "Fallout4.esm"
			Flags: 0x0080000D
			Form ID: 0x00000034
			Form Type: 36
		File: "Fallout4.esm"
		Flags: 0x00000409
		Form ID: 0x000FBA50
		Form Type: 64
	[RSP+758 ] 0x155DF3E5440      (BGSLocation*)
		File: "Fallout4.esm"
		Flags: 0x00000009
		Form ID: 0x00024F96
		Form Type: 107
		Full Name: "Starlight Drive-In"
	[RSP+760 ] 0x0                (size_t)
	[RSP+768 ] 0x7FF78D163B28     (void* -> Fallout4.exe+6723B28)
	[RSP+770 ] 0x7FF7892A11A9     (void* -> Fallout4.exe+28611A9)
	[RSP+778 ] 0x155AAA01000      (TESWorldSpace*)
		File: "FinalCellPatch.esp"
		Flags: 0x0000000B
		Form ID: 0x0000003C
		Form Type: 74
		Full Name: "Commonwealth"
	[RSP+780 ] 0x0                (size_t)
	[RSP+788 ] 0x0                (size_t)
	[RSP+790 ] 0x476100E4C71928D9 (size_t)
	[RSP+798 ] 0x4581F138         (size_t)
	[RSP+7A0 ] 0x0                (size_t)
	[RSP+7A8 ] 0x0                (size_t)
	[RSP+7B0 ] 0x0                (size_t)
	[RSP+7B8 ] 0x0                (size_t)
	[RSP+7C0 ] 0x20AC5500000000   (size_t)
	[RSP+7C8 ] 0x101480D20A5      (size_t)
	[RSP+7D0 ] 0x1                (size_t)
	[RSP+7D8 ] 0x154FF3B5FC0      (void*)
	[RSP+7E0 ] 0x7FF700200000     (size_t)
	[RSP+7E8 ] 0x157125102E0      (void*)
	[RSP+7F0 ] 0x7FF70020AC55     (size_t)
	[RSP+7F8 ] 0x7FF78D163B28     (void* -> Fallout4.exe+6723B28)
	[RSP+800 ] 0x7FF7892A11A9     (void* -> Fallout4.exe+28611A9)
	[RSP+808 ] 0x60               (size_t)
	[RSP+810 ] 0x7F0000000000     (size_t)
	[RSP+818 ] 0x154BED8B101      (void*)
	[RSP+820 ] 0x156DCC722E8      (void*)
	[RSP+828 ] 0x7FF78968A948     (void* -> Fallout4.exe+2C4A948)
	[RSP+830 ] 0x7FF78D163B28     (void* -> Fallout4.exe+6723B28)
	[RSP+838 ] 0x7FF78D163B10     (void* -> Fallout4.exe+6723B10)
	[RSP+840 ] 0x7FF7892A0BDB     (void* -> Fallout4.exe+2860BDB)
	[RSP+848 ] 0x7FF78973FD38     (void* -> Fallout4.exe+2CFFD38)
	[RSP+850 ] 0x7FF700000000     (size_t)
	[RSP+858 ] 0x15500200000      (char*) "!rF96"
	[RSP+860 ] 0x155A9FE8F00      (TESNPC*)
		File: "Fallout4.esm"
		Flags: 0x00040009
		Form ID: 0x00000007
		Form Type: 45
		Full Name: "Bee"
	[RSP+868 ] 0x155D83FD300      (TESKey*)
		File: "M8r Complex Sorter.esp"
		Flags: 0x00000009
		Form ID: 0x000F7EEC
		Form Type: 47
		Full Name: "[Key] Kellogg's House Key"
	[RSP+870 ] 0x0                (size_t)
	[RSP+878 ] 0x0                (size_t)
	[RSP+880 ] 0x7FF700000000     (size_t)
	[RSP+888 ] 0x1                (size_t)
	[RSP+890 ] 0x156C18A7800      (char*) "@"
	[RSP+898 ] 0xC4D118AC43E53187 (size_t)
	[RSP+8A0 ] 0x10442FFEA1       (size_t)
	[RSP+8A8 ] 0x155F1BEEE60      (void*)
	[RSP+8B0 ] 0x0                (size_t)
	[RSP+8B8 ] 0x157B1EB7880      (PathingCell*)
	[RSP+8C0 ] 0x15600010450      (void*)
	[RSP+8C8 ] 0x0                (size_t)
	[RSP+8D0 ] 0x154FF3FA401      (void*)
	[RSP+8D8 ] 0x1567202AB70      (void*)
	[RSP+8E0 ] 0x7FF786A60000     (void* -> Fallout4.exe+0020000)
	[RSP+8E8 ] 0x0                (size_t)
	[RSP+8F0 ] 0x0                (size_t)
	[RSP+8F8 ] 0x0                (size_t)
	[RSP+900 ] 0x0                (size_t)
	[RSP+908 ] 0x1                (size_t)
	[RSP+910 ] 0x3EB940F8C0       (void*)
	[RSP+918 ] 0x154BED8C728      (void*)
	[RSP+920 ] 0x7FF78C628080     (void* -> Fallout4.exe+5BE8080)
	[RSP+928 ] 0x7FF78C628088     (void* -> Fallout4.exe+5BE8088)
	[RSP+930 ] 0x155E25A7900      (BSShaderAccumulator*)
	[RSP+938 ] 0x1563D7CBA00      (BSLightingShaderProperty*)
		Name: "Materials\Interiors\Building\BldCarpetDecoRed02.bgsm"
	[RSP+940 ] 0x7FF78926DBE2     (void* -> Fallout4.exe+282DBE2)
	[RSP+948 ] 0x476935A2C70BDCAD (size_t)
	[RSP+950 ] 0x155457123E6      (void*)
	[RSP+958 ] 0x0                (size_t)
	[RSP+960 ] 0x156169D64A0      (void*)
	[RSP+968 ] 0x15749437D60      (PathingCell*)
	[RSP+970 ] 0x7FF70000FFFF     (size_t)
	[RSP+978 ] 0x0                (size_t)
	[RSP+980 ] 0x0                (size_t)
	[RSP+988 ] 0x0                (size_t)
	[RSP+990 ] 0x0                (size_t)
	[RSP+998 ] 0x0                (size_t)
	[RSP+9A0 ] 0x0                (size_t)
	[RSP+9A8 ] 0x7FF78C628084     (void* -> Fallout4.exe+5BE8084)
	[RSP+9B0 ] 0x7FF78C628080     (void* -> Fallout4.exe+5BE8080)
	[RSP+9B8 ] 0x7FF78C628088     (void* -> Fallout4.exe+5BE8088)
	[RSP+9C0 ] 0x1                (size_t)
	[RSP+9C8 ] 0x154FF3EFE40      (void*)
	[RSP+9D0 ] 0x3EB73CFC00       (void*)
	[RSP+9D8 ] 0x0                (size_t)
	[RSP+9E0 ] 0x7FF787780D85     (void* -> Fallout4.exe+0D40D85)
	[RSP+9E8 ] 0x0                (size_t)
	[RSP+9F0 ] 0x0                (size_t)
	[RSP+9F8 ] 0x0                (size_t)
	[RSP+A00 ] 0x7FFD48069501     (void* -> KERNELBASE.dll+0039501)
	[RSP+A08 ] 0x7FF78C629610     (void* -> Fallout4.exe+5BE9610)
	[RSP+A10 ] 0x7FF788590F26     (void* -> Fallout4.exe+1B50F26)
	[RSP+A18 ] 0x7FF78C629610     (void* -> Fallout4.exe+5BE9610)
	[RSP+A20 ] 0x0                (size_t)
	[RSP+A28 ] 0x15400000000      (size_t)
	[RSP+A30 ] 0x7FFD4809175D     (void* -> KERNELBASE.dll+006175D)
	[RSP+A38 ] 0x0                (size_t)
	[RSP+A40 ] 0x0                (size_t)
	[RSP+A48 ] 0x7FF78C63E900     (void* -> Fallout4.exe+5BFE900)
	[RSP+A50 ] 0x0                (size_t)
	[RSP+A58 ] 0x7FF78C6295C0     (BSJobs::JobThread*)
	[RSP+A60 ] 0x7FF788591432     (void* -> Fallout4.exe+1B51432)
	[RSP+A68 ] 0x0                (size_t)
	[RSP+A70 ] 0x7FF78C6295C0     (BSJobs::JobThread*)
	[RSP+A78 ] 0x0                (size_t)
	[RSP+A80 ] 0x3EB940FA70       (char*) "`U"
	[RSP+A88 ] 0x0                (size_t)
	[RSP+A90 ] 0x0                (size_t)
	[RSP+A98 ] 0x0                (size_t)
	[RSP+AA0 ] 0x7FF788593F67     (void* -> Fallout4.exe+1B53F67)
	[RSP+AA8 ] 0x7FF78C6295C0     (BSJobs::JobThread*)
	[RSP+AB0 ] 0x0                (size_t)
	[RSP+AB8 ] 0x0                (size_t)
	[RSP+AC0 ] 0x0                (size_t)
	[RSP+AC8 ] 0x7FF78C6295C0     (BSJobs::JobThread*)
	[RSP+AD0 ] 0x7FF78855CFED     (void* -> Fallout4.exe+1B1CFED)
	[RSP+AD8 ] 0x5560             (size_t)
	[RSP+AE0 ] 0x3EB940FA90       (void*)
	[RSP+AE8 ] 0x154FF3CBC90      (void*)
	[RSP+AF0 ] 0x0                (size_t)
	[RSP+AF8 ] 0x7FF78C6295C0     (BSJobs::JobThread*)
	[RSP+B00 ] 0x0                (size_t)
	[RSP+B08 ] 0x0                (size_t)
	[RSP+B10 ] 0x7FFD48ED257D     (void* -> KERNEL32.DLL+001257D)
	[RSP+B18 ] 0x0                (size_t)
	[RSP+B20 ] 0x0                (size_t)
	[RSP+B28 ] 0x0                (size_t)
	[RSP+B30 ] 0x0                (size_t)
	[RSP+B38 ] 0x0                (size_t)
	[RSP+B40 ] 0x7FFD4A72AF28     (void* -> ntdll.dll+005AF28)
	[RSP+B48 ] 0x0                (size_t)
	[RSP+B50 ] 0x0                (size_t)
	[RSP+B58 ] 0x0                (size_t)
	[RSP+B60 ] 0x0                (size_t)
	[RSP+B68 ] 0x0                (size_t)
	[RSP+B70 ] 0x0                (size_t)
	[RSP+B78 ] 0x2DCAD33700000000 (size_t)
	[RSP+B80 ] 0x0                (size_t)
	[RSP+B88 ] 0x4F0FFFFFB30      (size_t)
	[RSP+B90 ] 0x7FFD48190F10     (void* -> KERNELBASE.dll+0160F10)
	[RSP+B98 ] 0x3EB940DA80       (void*)
	[RSP+BA0 ] 0xFFFACBA7B84E00   (size_t)
	[RSP+BA8 ] 0x7FFD65D3DC27     (size_t)
	[RSP+BB0 ] 0x3EB940DA80       (void*)
	[RSP+BB8 ] 0x0                (size_t)
	[RSP+BC0 ] 0x0                (size_t)
	[RSP+BC8 ] 0x0                (size_t)
	[RSP+BD0 ] 0x0                (size_t)
	[RSP+BD8 ] 0x0                (size_t)
	[RSP+BE0 ] 0x0                (size_t)
	[RSP+BE8 ] 0x0                (size_t)
	[RSP+BF0 ] 0x0                (size_t)
	[RSP+BF8 ] 0x0                (size_t)
	[RSP+C00 ] 0x0                (size_t)
	[RSP+C08 ] 0x0                (size_t)
	[RSP+C10 ] 0x0                (size_t)
	[RSP+C18 ] 0x0                (size_t)
	[RSP+C20 ] 0x0                (size_t)
	[RSP+C28 ] 0x0                (size_t)
	[RSP+C30 ] 0x0                (size_t)
	[RSP+C38 ] 0x0                (size_t)
	[RSP+C40 ] 0x0                (size_t)
	[RSP+C48 ] 0x0                (size_t)
	[RSP+C50 ] 0x0                (size_t)
	[RSP+C58 ] 0x0                (size_t)
	[RSP+C60 ] 0x0                (size_t)
	[RSP+C68 ] 0x0                (size_t)
	[RSP+C70 ] 0x0                (size_t)
	[RSP+C78 ] 0x0                (size_t)
	[RSP+C80 ] 0x0                (size_t)
	[RSP+C88 ] 0x0                (size_t)
	[RSP+C90 ] 0x0                (size_t)
	[RSP+C98 ] 0x0                (size_t)
	[RSP+CA0 ] 0x0                (size_t)
	[RSP+CA8 ] 0x0                (size_t)
	[RSP+CB0 ] 0x0                (size_t)
	[RSP+CB8 ] 0x0                (size_t)
	[RSP+CC0 ] 0x0                (size_t)
	[RSP+CC8 ] 0x0                (size_t)
	[RSP+CD0 ] 0x0                (size_t)
	[RSP+CD8 ] 0x0                (size_t)
	[RSP+CE0 ] 0x0                (size_t)
	[RSP+CE8 ] 0x0                (size_t)
	[RSP+CF0 ] 0x0                (size_t)
	[RSP+CF8 ] 0x0                (size_t)
	[RSP+D00 ] 0x0                (size_t)
	[RSP+D08 ] 0x0                (size_t)
	[RSP+D10 ] 0x0                (size_t)
	[RSP+D18 ] 0x0                (size_t)
	[RSP+D20 ] 0x0                (size_t)
	[RSP+D28 ] 0x0                (size_t)
	[RSP+D30 ] 0x0                (size_t)
	[RSP+D38 ] 0x0                (size_t)
	[RSP+D40 ] 0x0                (size_t)
	[RSP+D48 ] 0x0                (size_t)
	[RSP+D50 ] 0x0                (size_t)
	[RSP+D58 ] 0x0                (size_t)
	[RSP+D60 ] 0x0                (size_t)
	[RSP+D68 ] 0x0                (size_t)
	[RSP+D70 ] 0x0                (size_t)
	[RSP+D78 ] 0x0                (size_t)
	[RSP+D80 ] 0x0                (size_t)
	[RSP+D88 ] 0x0                (size_t)
	[RSP+D90 ] 0x0                (size_t)
	[RSP+D98 ] 0x0                (size_t)
	[RSP+DA0 ] 0x0                (size_t)
	[RSP+DA8 ] 0x0                (size_t)
	[RSP+DB0 ] 0x0                (size_t)
	[RSP+DB8 ] 0x0                (size_t)
	[RSP+DC0 ] 0x0                (size_t)
	[RSP+DC8 ] 0x0                (size_t)
	[RSP+DD0 ] 0x0                (size_t)
	[RSP+DD8 ] 0x0                (size_t)
	[RSP+DE0 ] 0x0                (size_t)
	[RSP+DE8 ] 0x0                (size_t)
	[RSP+DF0 ] 0x0                (size_t)
	[RSP+DF8 ] 0x0                (size_t)
	[RSP+E00 ] 0x0                (size_t)
	[RSP+E08 ] 0x0                (size_t)
	[RSP+E10 ] 0x0                (size_t)
	[RSP+E18 ] 0x0                (size_t)
	[RSP+E20 ] 0x0                (size_t)
	[RSP+E28 ] 0x0                (size_t)
	[RSP+E30 ] 0x0                (size_t)
	[RSP+E38 ] 0x0                (size_t)
	[RSP+E40 ] 0x0                (size_t)
	[RSP+E48 ] 0x0                (size_t)
	[RSP+E50 ] 0x0                (size_t)
	[RSP+E58 ] 0x0                (size_t)
	[RSP+E60 ] 0x0                (size_t)
	[RSP+E68 ] 0x0                (size_t)
	[RSP+E70 ] 0x0                (size_t)
	[RSP+E78 ] 0x0                (size_t)
	[RSP+E80 ] 0x0                (size_t)
	[RSP+E88 ] 0x0                (size_t)
	[RSP+E90 ] 0x0                (size_t)
	[RSP+E98 ] 0x0                (size_t)
	[RSP+EA0 ] 0x0                (size_t)
	[RSP+EA8 ] 0x0                (size_t)
	[RSP+EB0 ] 0x0                (size_t)
	[RSP+EB8 ] 0x0                (size_t)
	[RSP+EC0 ] 0x0                (size_t)
	[RSP+EC8 ] 0x0                (size_t)
	[RSP+ED0 ] 0x0                (size_t)
	[RSP+ED8 ] 0x0                (size_t)
	[RSP+EE0 ] 0x0                (size_t)
	[RSP+EE8 ] 0x0                (size_t)
	[RSP+EF0 ] 0x0                (size_t)
	[RSP+EF8 ] 0x0                (size_t)
	[RSP+F00 ] 0x0                (size_t)
	[RSP+F08 ] 0x0                (size_t)
	[RSP+F10 ] 0x0                (size_t)
	[RSP+F18 ] 0x0                (size_t)
	[RSP+F20 ] 0x0                (size_t)
	[RSP+F28 ] 0x0                (size_t)
	[RSP+F30 ] 0x0                (size_t)
	[RSP+F38 ] 0x0                (size_t)
	[RSP+F40 ] 0x0                (size_t)
	[RSP+F48 ] 0x0                (size_t)
	[RSP+F50 ] 0x0                (size_t)
	[RSP+F58 ] 0x0                (size_t)
	[RSP+F60 ] 0x0                (size_t)
	[RSP+F68 ] 0x0                (size_t)
	[RSP+F70 ] 0x0                (size_t)
	[RSP+F78 ] 0x0                (size_t)
	[RSP+F80 ] 0x0                (size_t)
	[RSP+F88 ] 0x0                (size_t)
	[RSP+F90 ] 0x0                (size_t)
	[RSP+F98 ] 0x0                (size_t)
	[RSP+FA0 ] 0x0                (size_t)
	[RSP+FA8 ] 0x0                (size_t)
	[RSP+FB0 ] 0x0                (size_t)
	[RSP+FB8 ] 0x0                (size_t)
	[RSP+FC0 ] 0x0                (size_t)
	[RSP+FC8 ] 0x0                (size_t)
	[RSP+FD0 ] 0x0                (size_t)
	[RSP+FD8 ] 0x0                (size_t)
	[RSP+FE0 ] 0x0                (size_t)
	[RSP+FE8 ] 0x0                (size_t)
	[RSP+FF0 ] 0x0                (size_t)
	[RSP+FF8 ] 0x0                (size_t)
	[RSP+1000] 0x0                (size_t)
	[RSP+1008] 0x0                (size_t)
	[RSP+1010] 0x0                (size_t)
	[RSP+1018] 0x0                (size_t)
	[RSP+1020] 0x0                (size_t)
	[RSP+1028] 0x0                (size_t)
	[RSP+1030] 0x0                (size_t)
	[RSP+1038] 0x0                (size_t)
	[RSP+1040] 0x0                (size_t)
	[RSP+1048] 0x0                (size_t)
	[RSP+1050] 0x0                (size_t)
	[RSP+1058] 0x0                (size_t)
	[RSP+1060] 0x0                (size_t)

MODULES:
	XINPUT1_3.dll                           0x000000400000
	X3DAudio1_7.dll                         0x0000706C0000
	steam_api64.dll                         0x0000706D0000
	d3d11.dll                               0x000180000000
	MSCTF.dll                               0x0154BE020000
	PSAPI.DLL                               0x0154D3A50000
	HighFPSPhysicsFix.dll                   0x0154E9330000
	LL_fourPlay_1_10_163.dll                0x0154F9E60000
	Fallout4.exe                            0x7FF786A40000
	_nvngx.dll                              0x7FFB92CA0000
	d3dcompiler_46e.dll                     0x7FFB9DF80000
	XAudio2_7.dll                           0x7FFBBA7F0000
	ReshadeEffectShaderToggler.addon64      0x7FFC1D1E0000
	ReShade64-AdjustDepth-By-seri14.addon64 0x7FFC1D880000
	nvppex.dll                              0x7FFC1D8C0000
	KiLoaderSatelliteENB.dllplugin          0x7FFC1DAD0000
	gameoverlayrenderer64.dll               0x7FFC1DB20000
	XDI.dll                                 0x7FFC1DCC0000
	wsfw_identifier.dll                     0x7FFC1DD30000
	WhoseQuestIsItAnywayF4.dll              0x7FFC1DE30000
	WeightlessItems.dll                     0x7FFC1DE90000
	UnlimitedFastTravel.dll                 0x7FFC1DEE0000
	SUP_F4SE.dll                            0x7FFC1DF30000
	ShadowBoostFO4.dll                      0x7FFC1E160000
	SettlementOfUnlimitedSize.dll           0x7FFC1E230000
	RobCo_Patcher.dll                       0x7FFC1E280000
	ScaleformCopyPaste.dll                  0x7FFC1E390000
	PRKF.dll                                0x7FFC1E3E0000
	PowerGridTools.dll                      0x7FFC1E470000
	po3_SpellPerkItemDistributorF4.dll      0x7FFC1E4E0000
	po3_SimpleOffenceSuppressionF4.dll      0x7FFC1E5F0000
	po3_BaseObjectSwapperF4.dll             0x7FFC1E680000
	PlotUI.dll                              0x7FFC1E780000
	place.dll                               0x7FFC1E7C0000
	PipboyTabs.dll                          0x7FFC1E840000
	PapyrusScriptRunner.dll                 0x7FFC1E8A0000
	Outfit-ReDress-Fix.dll                  0x7FFC1E910000
	MODExplorer.dll                         0x7FFC1E960000
	MGEFConditionFix.dll                    0x7FFC1E9E0000
	MeleeAndThrow.dll                       0x7FFC1EA30000
	mcm.dll                                 0x7FFC1EA80000
	MagicSystemFixes.dll                    0x7FFC1EB20000
	LighthousePapyrusExtender.dll           0x7FFC1EBB0000
	KiENBExtender.dll                       0x7FFC1ECE0000
	KiLoader.dll                            0x7FFC1EDB0000
	KiLoaderSatelliteF4SE.dll               0x7FFC1EE40000
	CONCRT140.dll                           0x7FFC1EE90000
	Interior-NavCut-Fix.dll                 0x7FFC1EEE0000
	GLXRM_NoInteriorFog.dll                 0x7FFC1EF30000
	GCBugFix.dll                            0x7FFC1EF80000
	GardenOfEdenPapyrusExtender.dll         0x7FFC1EFE0000
	PDPerfPlugin.dll                        0x7FFC1F280000
	libxess.dll                             0x7FFC1F480000
	ffx_fsr2_api_dx11_x64.dll               0x7FFC23530000
	nvngx_dlss.dll                          0x7FFC23700000
	Fallout4Upscaler.dll                    0x7FFC26810000
	F4z Ro D'oh.dll                         0x7FFC27830000
	f4ee.dll                                0x7FFC278A0000
	EscapeFreeze.dll                        0x7FFC279B0000
	DynamicMusicOverhaulRedux.dll           0x7FFC27A70000
	crafting_highlight_fix.dll              0x7FFC27AD0000
	Buffout4.dll                            0x7FFC27B20000
	BakaPowerArmorStorage.dll               0x7FFC27E80000
	BakaMaxPapyrusOps.dll                   0x7FFC27F70000
	BakaFullscreenPipboy.dll                0x7FFC28020000
	BackportedBA2Support.dll                0x7FFC28100000
	steamclient64.dll                       0x7FFC28DC0000
	D3DCOMPILER_43.dll                      0x7FFC2A4C0000
	dxgi.dll                                0x7FFC2A730000
	WINHTTP.dll                             0x7FFC2AC30000
	tier0_s64.dll                           0x7FFC31710000
	FallrimPriority.dll                     0x7FFC44260000
	BakaFramework.dll                       0x7FFC44490000
	ConsoleUtilF4.dll                       0x7FFC45A40000
	BakaAutoLockpicking.dll                 0x7FFC45A90000
	f4se_1_10_163.dll                       0x7FFC55960000
	BetterConsole.dll                       0x7FFC5A210000
	ConsoleEx.dll                           0x7FFC5A4F0000
	vstdlib_s64.dll                         0x7FFC5A530000
	ArmorPenetrationBugFix.dll              0x7FFC76E80000
	flexRelease_x64.dll                     0x7FFC76ED0000
	pppl.dll                                0x7FFC7FEC0000
	ESPExplorer.dll                         0x7FFCA5DB0000
	f4se_steam_loader.dll                   0x7FFCA6BB0000
	d3dx11_43.dll                           0x7FFCA6BF0000
	VoltekLib.Detours.dll                   0x7FFCA7240000
	cudart64_75.dll                         0x7FFCA7480000
	VoltekLib.RelocationDatabase.dll        0x7FFCA7EC0000
	GFSDK_SSAO_D3D11.win64.dll              0x7FFCC3BB0000
	GFSDK_GodraysLib.x64.dll                0x7FFCC3E90000
	nvdxgdmal64.dll                         0x7FFCCDEA0000
	nvcuda64.dll                            0x7FFCCE110000
	msdmo.dll                               0x7FFCCEF00000
	ResampleDmo.DLL                         0x7FFCCEF10000
	DSOUND.DLL                              0x7FFCCEFD0000
	xinput1_4.dll                           0x7FFCF7010000
	WeaponDebrisCrashFix.dll                0x7FFCF7C00000
	nvspcap64.dll                           0x7FFCF8A90000
	encounter_zone_recalculation.dll        0x7FFD005D0000
	usvfs_x64.dll                           0x7FFD00E90000
	libdiskCacheEnabler.dll                 0x7FFD01660000
	VoltekLib.MemoryManager.dll             0x7FFD01680000
	MSVCP140_ATOMIC_WAIT.dll                0x7FFD016E0000
	NvTelemetryBridge64.dll                 0x7FFD06B60000
	uiautomationcore.dll                    0x7FFD0BBA0000
	KiHalloc.dll                            0x7FFD0FB30000
	threadpoolwinrt.dll                     0x7FFD1F780000
	inputhost.dll                           0x7FFD28210000
	AddFFFFFix.dll                          0x7FFD287F0000
	VoltekLib.UnicodeConverter.dll          0x7FFD28810000
	ondemandconnroutehelper.dll             0x7FFD29E30000
	ffx_fsr2_api_x64.dll                    0x7FFD2C190000
	flexExtRelease_x64.dll                  0x7FFD2C2D0000
	MSVCR110.dll                            0x7FFD2C330000
	MSVCP110.dll                            0x7FFD2C410000
	bink2w64.dll                            0x7FFD2C4C0000
	WININET.dll                             0x7FFD2CE50000
	winmmbase.dll                           0x7FFD2DE90000
	VCRUNTIME140_1.dll                      0x7FFD2E070000
	MSVCP140.dll                            0x7FFD2E0E0000
	VCRUNTIME140.dll                        0x7FFD2E170000
	Windows.UI.dll                          0x7FFD2E8D0000
	webio.dll                               0x7FFD2EC60000
	iertutil.dll                            0x7FFD2F190000
	nvwgf2umx.dll                           0x7FFD2FA30000
	OLEACC.dll                              0x7FFD335F0000
	COMCTL32.dll                            0x7FFD33710000
	gdiplus.dll                             0x7FFD339B0000
	MSIMG32.dll                             0x7FFD33B70000
	MpOav.dll                               0x7FFD33D90000
	amsi.dll                                0x7FFD33EC0000
	textinputframework.dll                  0x7FFD35D70000
	AUDIOSES.DLL                            0x7FFD35F60000
	nvgpucomp64.dll                         0x7FFD36150000
	MMDevApi.dll                            0x7FFD37FB0000
	wbemsvc.dll                             0x7FFD384D0000
	fastprox.dll                            0x7FFD384F0000
	srvcli.dll                              0x7FFD39AA0000
	ncryptsslp.dll                          0x7FFD39B20000
	urlmon.dll                              0x7FFD39B90000
	SPINF.dll                               0x7FFD3A3B0000
	NvTelemetryAPI64.dll                    0x7FFD3A6D0000
	NvMessageBus.dll                        0x7FFD3ABB0000
	nvapi64.dll                             0x7FFD3B0D0000
	nvldumdx.dll                            0x7FFD3C540000
	WINMM.dll                               0x7FFD3CF10000
	CoreUIComponents.dll                    0x7FFD3ECD0000
	avrt.dll                                0x7FFD3F590000
	wbemcomn.dll                            0x7FFD3F5D0000
	wbemprox.dll                            0x7FFD3F650000
	directxdatabasehelper.dll               0x7FFD3F670000
	dbghelp.dll                             0x7FFD3F780000
	drvstore.dll                            0x7FFD40350000
	cryptnet.dll                            0x7FFD40670000
	VERSION.dll                             0x7FFD406B0000
	rasadhlp.dll                            0x7FFD40720000
	DEVRTL.dll                              0x7FFD409A0000
	nvToolsExt64_1.dll                      0x7FFD40B20000
	d3d12.dll                               0x7FFD40C60000
	D3DCOMPILER_47.dll                      0x7FFD410B0000
	d3d11.dll                               0x7FFD41830000
	dcomp.dll                               0x7FFD42080000
	CoreMessaging.dll                       0x7FFD427A0000
	fwpuclnt.dll                            0x7FFD42CE0000
	dhcpcsvc.DLL                            0x7FFD43770000
	dhcpcsvc6.DLL                           0x7FFD43790000
	WINHTTP.DLL                             0x7FFD43800000
	WindowsCodecs.dll                       0x7FFD44B50000
	UxTheme.dll                             0x7FFD44D80000
	dxgi.dll                                0x7FFD44EB0000
	dwmapi.dll                              0x7FFD44FC0000
	WINNSI.DLL                              0x7FFD44FF0000
	dxcore.dll                              0x7FFD45050000
	resourcepolicyclient.dll                0x7FFD453E0000
	wintypes.dll                            0x7FFD457D0000
	windows.storage.dll                     0x7FFD45910000
	HID.DLL                                 0x7FFD46210000
	netutils.dll                            0x7FFD46430000
	IPHLPAPI.DLL                            0x7FFD46520000
	DNSAPI.dll                              0x7FFD46550000
	UMPDC.dll                               0x7FFD46830000
	POWRPROF.dll                            0x7FFD46850000
	Secur32.dll                             0x7FFD468C0000
	schannel.DLL                            0x7FFD46940000
	rsaenh.dll                              0x7FFD46A40000
	kernel.appcore.dll                      0x7FFD46AE0000
	ntmarta.dll                             0x7FFD46B00000
	SSPICLI.DLL                             0x7FFD46D40000
	MSWSOCK.dll                             0x7FFD46F40000
	gpapi.dll                               0x7FFD46FB0000
	USERENV.dll                             0x7FFD46FE0000
	wldp.dll                                0x7FFD471C0000
	CRYPTBASE.DLL                           0x7FFD47270000
	CRYPTSP.dll                             0x7FFD47290000
	msasn1.dll                              0x7FFD472E0000
	NTASN1.dll                              0x7FFD47370000
	ncrypt.dll                              0x7FFD473B0000
	devobj.dll                              0x7FFD476B0000
	CFGMGR32.dll                            0x7FFD476E0000
	DPAPI.DLL                               0x7FFD47750000
	profapi.dll                             0x7FFD47930000
	bcrypt.dll                              0x7FFD47A00000
	gdi32full.dll                           0x7FFD47A30000
	ucrtbase.dll                            0x7FFD47C10000
	msvcp_win.dll                           0x7FFD47D30000
	wintrust.dll                            0x7FFD47DD0000
	CRYPT32.dll                             0x7FFD47E40000
	bcryptPrimitives.dll                    0x7FFD47FB0000
	KERNELBASE.dll                          0x7FFD48030000
	win32u.dll                              0x7FFD483E0000
	shcore.dll                              0x7FFD48500000
	imagehlp.dll                            0x7FFD486E0000
	msvcrt.dll                              0x7FFD48700000
	SHLWAPI.dll                             0x7FFD487C0000
	USER32.dll                              0x7FFD48820000
	combase.dll                             0x7FFD489D0000
	KERNEL32.DLL                            0x7FFD48EC0000
	clbcatq.dll                             0x7FFD48F90000
	IMM32.dll                               0x7FFD49040000
	WS2_32.dll                              0x7FFD49090000
	GDI32.dll                               0x7FFD49110000
	COMDLG32.dll                            0x7FFD49140000
	ADVAPI32.dll                            0x7FFD49240000
	OLEAUT32.dll                            0x7FFD49300000
	ole32.dll                               0x7FFD493E0000
	SHELL32.dll                             0x7FFD495B0000
	NSI.dll                                 0x7FFD49E10000
	SETUPAPI.dll                            0x7FFD49FE0000
	RPCRT4.dll                              0x7FFD4A4C0000
	sechost.dll                             0x7FFD4A5E0000
	ntdll.dll                               0x7FFD4A6D0000

F4SE PLUGINS:
	AddFFFFFix.dll
	ArmorPenetrationBugFix.dll v1
	BackportedBA2Support.dll v1
	BakaAutoLockpicking.dll v2
	BakaFramework.dll v1.10
	BakaFullscreenPipboy.dll v1.8
	BakaMaxPapyrusOps.dll v1.1
	BakaPowerArmorStorage.dll v1.3
	BetterConsole.dll
	Buffout4.dll v1.28.6
	ConsoleEx.dll v1.2
	ConsoleUtilF4.dll v1.0.1
	crafting_highlight_fix.dll
	DynamicMusicOverhaulRedux.dll v1.0.2
	encounter_zone_recalculation.dll
	EscapeFreeze.dll v1
	ESPExplorer.dll
	f4ee.dll
	F4z Ro D'oh.dll v1.1.6.1030
	Fallout4Upscaler.dll v1
	FallrimPriority.dll
	GardenOfEdenPapyrusExtender.dll v18.3
	GCBugFix.dll v1
	GLXRM_NoInteriorFog.dll v1
	HighFPSPhysicsFix.dll
	Interior-NavCut-Fix.dll v1.0.3
	KiLoaderSatelliteF4SE.dll v1.2
	libdiskCacheEnabler.dll
	LighthousePapyrusExtender.dll v1.4
	LL_fourPlay_1_10_163.dll
	MagicSystemFixes.dll v1
	mcm.dll
	MeleeAndThrow.dll v1
	MGEFConditionFix.dll v1
	MODExplorer.dll
	Outfit-ReDress-Fix.dll v1
	PapyrusScriptRunner.dll v1.4
	PipboyTabs.dll
	place.dll
	PlotUI.dll
	po3_BaseObjectSwapperF4.dll v1.1
	po3_SimpleOffenceSuppressionF4.dll v1
	po3_SpellPerkItemDistributorF4.dll v2
	PowerGridTools.dll
	pppl.dll
	PRKF.dll
	RobCo_Patcher.dll v3.6
	ScaleformCopyPaste.dll v1
	SettlementOfUnlimitedSize.dll
	ShadowBoostFO4.dll
	SUP_F4SE.dll
	UnlimitedFastTravel.dll
	WeaponDebrisCrashFix.dll
	WeightlessItems.dll
	WhoseQuestIsItAnywayF4.dll v1
	wsfw_identifier.dll
	XDI.dll

PLUGINS:
	[00]     Fallout4.esm
	[01]     DLCRobot.esm
	[02]     DLCworkshop01.esm
	[03]     DLCCoast.esm
	[04]     DLCworkshop02.esm
	[05]     DLCworkshop03.esm
	[06]     DLCNukaWorld.esm
	[07]     ccrzrfo4001-tunnelsnakes.esm
	[08]     ccswkfo4001-astronautpowerarmor.esm
	[09]     cczsef04001-bhouse.esm
	[0A]     cctosfo4001-neosky.esm
	[0B]     cczsefo4002-smanor.esm
	[0C]     cctosfo4002_neonflats.esm
	[0D]     Unofficial Fallout 4 Patch.esp
	[0E]     HUDFramework.esm
	[0F]     WorkshopFramework.esm
	[10]     SubwayRunnnerDynamicLighting.esp
	[11]     ccfsvfo4004-vrworkshopgnrplaza.esm
	[12]     ccfsvfo4005-vrdesertisland.esm
	[13]     ccfsvfo4006-vrwasteland.esm
	[14]     ccbgsfo4117-capmerc.esm
	[15]     MFC2023_EndAlz_Trunk.esm
	[16]     SouthOfTheSea.esm
	[17]     Random Robots - True Leveled.esm
	[18]     XDI.esm
	[19]     Games.esm
	[1A]     BarstoolGames.esm
	[1B]     AshlandStationSettlement.esp
	[1C]     AmericaRising2.esm
	[1D]     YouAndWhatArmy2.esm
	[1E]     Settlement Electricity Overhaul.esm
	[1F]     SelectMarksman.esp
	[20]     SelectRapidMG.esp
	[21]     SelectShotgun.esp
	[22]     Homemaker.esm
	[23]     ccbgsfo4040-vrworkshop01.esm
	[24]     AAF.esm
	[25]     MFC2024_EndAlz_ShadyMotives.esm
	[26]     SS2.esm
	[27]     SS2_XPAC_Chapter2.esm
	[28]     SS2_XPAC_Chapter3.esm
	[29]     SS2Extended.esp
	[2A]     NukaWorldReborn.esp
	[2B]     VivaNukaWorldQuests.esp
	[2C]     Enclave-X02.esp
	[2D]     EnclaveX02.esp
	[2E]     Hellfirenew.esp
	[2F]     10MMTF.esp
	[30]     SettlementMenuManager.esp
	[31]     Useful_Companions.esp
	[32]     Vault 88 Template - Optimised.esp
	[33]     ImprovedMinutemen.esp
	[34]     ImprovedMinutemenEncounters.esp
	[35]     WorkshopPlus.esp
	[36]     Vault-Tec Workshop Overhaul Redux.esp
	[37]     Vault88 - Essentials.esp
	[38]     The Eyes Of Beauty.esp
	[39]     LooksMenu Customization Compendium.esp
	[3A]     PoseidonOffices.esp
	[3B]     Alex's Settlement Power Pylon.esp
	[3C]     AutomatronUnlockedNukaParts.esp
	[3D]     Better Randomized Robots - vanilla loot patch.esp
	[3E]     Better_Settlement_Defence.esp
	[3F]     CheatTerminal.esp
	[40]     CompanionStatus.esp
	[41]     Configurable Artillery.esp
	[42]     ESPExplorerFO4.esp
	[43]     HoloTime_2.esp
	[44]     KSHairdos.esp
	[45]     KSHairsFemsheppingRadbeetle.esp
	[46]     llamaCompanionHeatherv2.esp
	[47]     MercerRescuedSynths.esp
	[48]     Mors Shortcut to Curie.esp
	[49]     NoSharedDogmeatTemplate.esp
	[4A]     PersistentVolumeSliders.esp
	[4B]     PoseidonOffices_NoBugs.esp
	[4C]     SKKFastBOS.esp
	[4D]     SKKFastReunions.esp
	[4E]     SRV_StopRadioVoice.esp
	[4F]     BarstoolGames_FH.esp
	[50]     BarstoolGames_NW.esp
	[51]     SKKFastMinutemen.esp
	[52]     Q_Lore_MQ106_Cryolator.esp
	[53]     [SS20Addon] SimSettlements SuperStructures.esp
	[54]     Cho1_ss2_Barmod_Conversion.esp
	[55]     DZK_1x1_Pack.esp
	[56]     GarageHomesAndSensibleSecurity.esp
	[57]     GtN_SettlersatPlay.esp
	[58]     JunkTownTwo.esp
	[59]     MS Contraptions - SS2 ASAM Builder.esp
	[5A]     ohSIM_Sim2_Settlements_Scrappers_Addon.esp
	[5B]     Shadow Wastelands SS2 World Repopulation Cells.esp
	[5C]     SS2-Jampads2.esp
	[5D]     SS2-PraRandomAddon.esp
	[5E]     SS2_Addon_Favelabulous.esp
	[5F]     SS2_Addon_FHE.esp
	[60]     SS2_Addon_NWE.esp
	[61]     SS2_Addon_PSC_Plots.esp
	[62]     SS2_Addon_R2R.esp
	[63]     SS2_CityPlanContestAssistant.esp
	[64]     SS2_FDK_TinyLiving.esp
	[65]     SS2_MsB_PlainPlans.esp
	[66]     SS2_ruined_simsettlement_addonpack.esp
	[67]     SS2_SIMPDDDD.esp
	[68]     SS2_STRA_Buildings_and_Skins.esp
	[69]     SS2_STRA_Support_Buildings.esp
	[6A]     SS2_WastelandDefense.esp
	[6B]     SS2CaravanSnatex.esp
	[6C]     SS2HappyTrails.esp
	[6D]     SS2UI.esp
	[6E]     SS2WastelandVenturers.esp
	[6F]     TheRon_MapMarker.esp
	[70]     ImprovedRR.esp
	[71]     ImprovedRREncounters.esp
	[72]     creativeclutter.esp
	[73]     dinoshelf.esp
	[74]     OWR.esp
	[75]     OWR2.esp
	[76]     ImprovedBoS.esp
	[77]     ImprovedBoSEncounters.esp
	[78]     ImprovedInstitute.esp
	[79]     ImprovedInstituteEncounters.esp
	[7A]     SS2WastelandReconstructionKit.esp
	[7B]     SS2_NCRP.esp
	[7C]     AzarPonytailHairstyles.esp
	[7D]     ImprovedHostileFactions.esp
	[7E]     ImprovedHostileFactionsEncounters.esp
	[7F]     ImprovedNukaRaiders.esp
	[80]     ImprovedNukaRaidersEncounters.esp
	[81]     SKKSynthVision.esp
	[82]     T65PA.esp
	[83]     ECV_RemnantsArmor.esp
	[84]     Secret Service Armor.esp
	[85]     SKKFastStartNewGame.esp
	[86]     SS2_ruined_plotapalooza_messhall.esp
	[87]     CreationClubDelay.esp
	[88]     BostonLibrarySettlement.esp
	[89]     ImprovedAREnclave.esp
	[8A]     ImprovedAREncounters.esp
	[8B]     Vault88AreaExtension.esp
	[8C]     PortableCloningDevice.esp
	[8D]     Rebuild_Settlements.esp
	[8E]     SS2 Settlement Management Terminal.esp
	[8F]     MYS_RogueSS2AddOnPack.esp
	[90]     Nuka Nuke Minigun.esp
	[91]     Eli_Armour_Compendium.esp
	[92]     SGOWastelandExpansion.esp
	[93]     RemoteExplosives.esp
	[94]     NAC.esp
	[95]     FOLIP - Before Generation.esp
	[FE:000] ccbgsfo4018-gaussrifleprototype.esl
	[FE:001] ccbgsfo4019-chinesestealtharmor.esl
	[FE:002] ccBGSFO4044-HellfirePowerArmor.esl
	[FE:003] ccfsvfo4002-midcenturymodern.esl
	[FE:004] cceejfo4001-decorationpack.esl
	[FE:005] ccbgsfo4045-advarccab.esl
	[FE:006] ccfsvfo4003-slocum.esl
	[FE:007] ccfrsfo4002-antimaterielrifle.esl
	[FE:008] cceejfo4002-nuka.esl
	[FE:009] cckgjfo4001-bastion.esl
	[FE:00A] ccqdrfo4001_powerarmorai.esl
	[FE:00B] ccBGSFO4115-X02.esl
	[FE:00C] ccrzrfo4002-disintegrate.esl
	[FE:00D] ccBGSFO4116-HeavyFlamer.esl
	[FE:00E] ccBGSFO4110-WS_Enclave.esl
	[FE:00F] ccBGSFO4096-AS_Enclave.esl
	[FE:010] ccjvdfo4001-holiday.esl
	[FE:011] ccfrsfo4003-cr75l.esl
	[FE:012] ccacxfo4001-vsuit.esl
	[FE:013] ccFSVFO4007-Halloween.esl
	[FE:014] ccsbjfo4002_manwellrifle.esl
	[FE:015] ccBGSFO4046-TesCan.esl
	[FE:016] ccSBJFO4003-Grenade.esl
	[FE:017] ccOTMFO4001-Remnants.esl
	[FE:018] Community Fixes Merged.esp
	[FE:019] CanarySaveFileMonitor.esl
	[FE:01A] BakaFramework.esm
	[FE:01B] LIF.esl
	[FE:01C] PPF.esm
	[FE:01D] ConfigurableHotkeys.esl
	[FE:01E] ImmersiveTeleportation.esl
	[FE:01F] BakaPowerArmorStorage.esm
	[FE:020] FixRobotVisualEffects.esl
	[FE:021] BakaFullscreenPipboy.esm
	[FE:022] REFramework.esm
	[FE:023] Munitions - An Ammo Expansion.esl
	[FE:024] Munitions - Vanilla Ammo Addon.esl
	[FE:025] UniversalDisassembler.esl
	[FE:026] Gris_WSFWLayouts_RedRockets_V4.esl
	[FE:027] HoloGlowNS21.esl
	[FE:028] Dynamic Activation Key.esp
	[FE:029] PPF-HeavyFlamer-CR.esm
	[FE:02A] PPF-NeonFlats-CR.esm
	[FE:02B] AmericaRising2-Hellfire-CC.esl
	[FE:02C] AmericaRising2-Incinerator-CC.esl
	[FE:02D] AmericaRising2-TeslaCannon-CC.esl
	[FE:02E] AmericaRising2-X02-CC.esl
	[FE:02F] SelectBlaster.esl
	[FE:030] Rebuild_SharedResources.esm
	[FE:031] VCM_RedRocket_Navmesh_Update.esl
	[FE:032] HeavySelectShotgun.esl
	[FE:033] SelectAssaultRifle.esl
	[FE:034] SelectRevolver.esl
	[FE:035] DualGun.esl
	[FE:036] PhotonDisruptor.esl
	[FE:037] BakaAutoLockpicking.esm
	[FE:038] Dual44.esl
	[FE:039] DDLL.esl
	[FE:03A] LIF_DisableInjectionOptions.esl
	[FE:03B] AmericaRising2-Remnants.esl
	[FE:03C] 4estGimp - HDTP.esl
	[FE:03D] Natural Landscapes.esl
	[FE:03E] nukes_denerfed.esl
	[FE:03F] SEThrowingKnife.esl
	[FE:040] ZJ-Starlight-PerfPlan.esl
	[FE:041] ZJ PerfPlan - Zimonja.esl
	[FE:042] ZJ PerfPlan - Tenpines.esl
	[FE:043] ZJ PerfPlan - Taffington.esl
	[FE:044] ZJ PerfPlan - Sunshine.esl
	[FE:045] ZJ PerfPlan - Sanctuary.esl
	[FE:046] ZJ PerfPlan - RedRocket.esl
	[FE:047] ZJ PerfPlan - Abernathy.esl
	[FE:048] WG City Plans Pack ESL.esl
	[FE:049] Vee_SS2_SettlersEssentialPatch.esl
	[FE:04A] UNDRCVR_SimplySettled2022.esl
	[FE:04B] ThrowMoneyAtSS2.esl
	[FE:04C] MysticRogue_AbernathyFarm and Outpost.esl
	[FE:04D] GavMan_Somerville_CityPlan.esl
	[FE:04E] GavMan_RedRocket_Outpost_CityPlan.esl
	[FE:04F] GavMan_LongfellowsJun21_CityPlan.esl
	[FE:050] GavMan_Greentop_CityPlan.esl
	[FE:051] GavMan_Finch_Feb22_CityPlan.esl
	[FE:052] GavMan_CastleMar22_CityPlan.esl
	[FE:053] GavMan_AbernathyJan22_CityPlan.esl
	[FE:054] Cho1_Vault88_Metro_Plan.esl
	[FE:055] CC_OberlandPlanetX_Ch2Update.esl
	[FE:056] Abernathy Farmtress Updated.esl
	[FE:057] Vee_SS2_Chapter2_SettlersEssentialPatch.esl
	[FE:058] FOLIP - Master.esm
	[FE:059] WestonWaterLOD.esp
	[FE:05A] Far Harbor 3d Tree LODs.esp
	[FE:05B] FO4LODGen-DLCCoast-WindTurbines.esp
	[FE:05C] FO4LODGen.esp
	[FE:05D] Optimized Vanilla Tree LODs.esp
	[FE:05E] FOLIP - New LODs.esp
	[FE:05F] SuperAffinity.esp
	[FE:060] nukacherryfix.esp
	[FE:061] 10SPECIAL.esp
	[FE:062] NPCRespawnFix.esp
	[FE:063] AmericaRising2-Armaments-X02.esp
	[FE:064] AmericaRising2-Armaments-Marine.esp
	[FE:065] Dank_ECO.esp
	[FE:066] Dank_LAB.esp
	[FE:067] StealthBoyBuffWithRecipe.esp
	[FE:068] SuperAffinitySeason.esp
	[FE:069] UnlimitedStimpakForNPCs.esp
	[FE:06A] V88-MoleRatsDisabled.esp
	[FE:06B] ImprovedMinutemenEncountersPatch.esp
	[FE:06C] WhoIsTheGeneral.esp
	[FE:06D] Dank_LEO.esp
	[FE:06E] DCRE.esp
	[FE:06F] Actual Legendary Rust Devils.esp
	[FE:070] ArtilleryChanges.esp
	[FE:071] AutomatronUnlocked.esp
	[FE:072] Chemfluence AI Combat Dynamics.esp
	[FE:073] Companions Use Companion Perk Overhaul.esp
	[FE:074] Computer Console illuminated.esp
	[FE:075] CROSS_InstituteExpeditionarySuit.esp
	[FE:076] Dank_ECO_DisablePlacedItems.esp
	[FE:077] Dank_ECO_DLCCoast.esp
	[FE:078] Dank_ECO_DLCNukaWorld.esp
	[FE:079] Dank_ECO_DLCRobot.esp
	[FE:07A] Dank_LAB_LEO.esp
	[FE:07B] Dank_LEO-Automatron.esp
	[FE:07C] More Legendary Effects.esp
	[FE:07D] Dank_LEO-MLE.esp
	[FE:07E] Dank_LEO_DLCCoast.esp
	[FE:07F] Dank_LEO_DLCNukaWorld.esp
	[FE:080] Dead Settlement Brahmin Despawn.esp
	[FE:081] Diamond City Owns It's Crops.esp
	[FE:082] Esk_NoTeleportingCreatures.esp
	[FE:083] FS_FarHarborBoatFastTravel.esp
	[FE:084] FS_NukaWorldTramFastTravel.esp
	[FE:085] HuntingRifle.esp
	[FE:086] ImmersiveTeleportation_lessPower.esp
	[FE:087] ImmersiveTeleportation_lessRads.esp
	[FE:088] ImmersiveTeleportation_quickstart.esp
	[FE:089] Legendary Mod Additions.esp
	[FE:08A] LOD Fixes and Additons.esp
	[FE:08B] Long Time No Speak.esp
	[FE:08C] LookingStranger.esp
	[FE:08D] LooksMenu1stPersonViewItemsFix.esp
	[FE:08E] Lots More Facial Hair.esp
	[FE:08F] Lots More Male Hairstyles.esp
	[FE:090] MiscHairstyle.esp
	[FE:091] MS SPECIAL Zapper.esp
	[FE:092] NewtonsRegards.esp
	[FE:093] NO MORE HAMMERS.esp
	[FE:094] NoAffinityCooldown.esp
	[FE:095] NoVault88Radiation.esp
	[FE:096] Operator Edits - Companion Fall Damage Immunity.esp
	[FE:097] PA-Quick Animations.esp
	[FE:098] Pistol Reanimation Pack - REBORN.esp
	[FE:099] PR_Automatron.esp
	[FE:09A] Radium.esp
	[FE:09B] SaveAcadiaFromBoS.esp
	[FE:09C] Skip DIMA memories.esp
	[FE:09D] SmokeHomingBeaconGrenadeThrowArc.esp
	[FE:09E] GaS2BVTurretsBroke.esp
	[FE:09F] DCRE-FixRadio.esp
	[FE:0A0] Wireless Workshop Items.esp
	[FE:0A1] PoseidonEnergyCanHaveRadarTransmitter.esp
	[FE:0A2] Radium Rifle Improvements.esp
	[FE:0A3] ConsoleEx.esp
	[FE:0A4] MinimalMinutemenRadiants.esp
	[FE:0A5] MMR_NoRadiantsForOwnedSettlements.esp
	[FE:0A6] Burst Impact Blast FX.esp
	[FE:0A7] WCLI_North_Point_Park.esp
	[FE:0A8] Mechanist's Lair without robobrain in chair.esp
	[FE:0A9] LongerPowerLinesInf.esp
	[FE:0AA] AccessibleBridges.esp
	[FE:0AB] WCLINPP_AB_Patch.esp
	[FE:0AC] WCLI_NatickSubstation.esp
	[FE:0AD] WCLI_RockIslandLighthouse.esp
	[FE:0AE] PoseidonOffices_AB_Patch.esp
	[FE:0AF] LegendariesTheyCanUse.esp
	[FE:0B0] [SS20Addon] BloodMoonRaiders.esp
	[FE:0B1] [SS2] BBVault 88.esp
	[FE:0B2] GtN_DivisionCityPlan_CPC_03.23.esp
	[FE:0B3] JunkTown-FENCES2.esp
	[FE:0B4] JunkTown2 - EXTREME.esp
	[FE:0B5] NukaWorldRedRocket Sim Settlements 2 Plan.esp
	[FE:0B6] SimHomestead2.esp
	[FE:0B7] SimSettlements2_AddOnPack_ApocalypticAdditions_SirLach.esp
	[FE:0B8] SS2 Lexington Underground Fix.esp
	[FE:0B9] SS2 Sanctuary Green Hills.esp
	[FE:0BA] SS2-AUR-HangmansAlleyCityPlan.esp
	[FE:0BB] SS2-AUR-HangmansAlleyCityPlanTweaks.esp
	[FE:0BC] SS2_Addon_ShazbotsCots.esp
	[FE:0BD] SS2_DLCSettlerPatch.esp
	[FE:0BE] SS2_NobodysLeaders2.esp
	[FE:0BF] SS2_NobodysLeaders2_Automatron.esp
	[FE:0C0] SS2_NobodysLeaders2_VaultTecWorkshop.esp
	[FE:0C1] SS2_RobotMod.esp
	[FE:0C2] SS2_StarlightTradeHubAndTheater.esp
	[FE:0C3] SS2_XDI Patch.esp
	[FE:0C4] SS2Addon_MS_BareEssentials.esp
	[FE:0C5] SS2AOP_VaultTecTools.esp
	[FE:0C6] Faster Upfront Training SS2.esp
	[FE:0C7] EasyStartCheatBox_FO4.esp
	[FE:0C8] AdvPortableTurretSet.esp
	[FE:0C9] AdvPortableTurretSet-Extension.esp
	[FE:0CA] AdvSettleTurretSet.esp
	[FE:0CB] ImprovedRRBoss.esp
	[FE:0CC] ImprovedRREncountersPatch.esp
	[FE:0CD] doityourshelftexturepack.esp
	[FE:0CE] ImprovedBoSBoss.esp
	[FE:0CF] ImprovedInstituteBoss.esp
	[FE:0D0] Cho1_SS2_Nuka_Plot.esp
	[FE:0D1] ScrapZapper2.esp
	[FE:0D2] ImTalkingToYou.esp
	[FE:0D3] ImprovedRRStatAgents.esp
	[FE:0D4] HuntressIslandSettlement.esp
	[FE:0D5] Alternative Activation Prompts.esp
	[FE:0D6] hardened auto_attackdamage zero.esp
	[FE:0D7] ImprovedHostileFactionsEncountersFast.esp
	[FE:0D8] ImprovedHostileForged.esp
	[FE:0D9] ImprovedHostileSuperMutants.esp
	[FE:0DA] GhoulishRank4Fix.esp
	[FE:0DB] IT_SS2.esp
	[FE:0DC] CommonwealthEncounterPack.esp
	[FE:0DD] WCLI_PoseidonEnergyTurbine.esp
	[FE:0DE] UncappedSettlementSurplus.esp
	[FE:0DF] HeavyGunnerBuffs.esp
	[FE:0E0] AshlandEssentialNPC.esp
	[FE:0E1] AshlandStation_PowerArmorPatch.esp
	[FE:0E2] ImprovedNukaRaidersBeast.esp
	[FE:0E3] ImprovedNukaRaidersBoss.esp
	[FE:0E4] BL Faction Pack Injector.esp
	[FE:0E5] Enclave Lite Faction Pack for SS2.esp
	[FE:0E6] XDI-AR2 patch.esp
	[FE:0E7] Wetness Shader Fix.esp
	[FE:0E8] Keeper of the Commonwealth Radiants.esp
	[FE:0E9] LostSoulExpanded.esp
	[FE:0EA] Lost Soul No Hostility.esp
	[FE:0EB] Lost Soul No Hostility Expanded.esp
	[FE:0EC] Fixed Gobo Effects.esp
	[FE:0ED] MechLairPathfindingFix.esp
	[FE:0EE] Yagisan_PP_Mar_2024.esp
	[FE:0EF] PrasPlotapaloozaEntry.esp
	[FE:0F0] SS2TinuviaGameJam.esp
	[FE:0F1] ccTeslaCannon Patch.esp
	[FE:0F2] Classic 10mm Pistol - Unofficial Update.esp
	[FE:0F3] CR-74L - Unofficial Update.esp
	[FE:0F4] Manwell Rifle - Unofficial Update.esp
	[FE:0F5] AutomatronCaravanFixes.esp
	[FE:0F6] AutomatronFactoryFix.esp
	[FE:0F7] V's Stylish Decor2.esp
	[FE:0F8] V's Stylish Decor2_BOS.esp
	[FE:0F9] NukaRaiderDeclutter.esp
	[FE:0FA] OCsFungusFarming.esp
	[FE:0FB] BostonLibrarySettlementSS2.esp
	[FE:0FC] BostonLibrarySettlementRobots.esp
	[FE:0FD] SS2BadNeighbors.esp
	[FE:0FE] REPatch_AmericaRising2LegacyOfTheEnclave.esp
	[FE:0FF] MS RazeSettlement.esp
	[FE:100] MS Raze Settlement - Sim Settlements 2 Patch.esp
	[FE:101] MerchantOfDrethFix.esp
	[FE:102] BoS_HagenFix.esp
	[FE:103] EHC_FastTravelFix.esp
	[FE:104] RadioInAJunkPileFix.esp
	[FE:105] StashAndCoFix.esp
	[FE:106] LOST Audio Tweaks.esp
	[FE:107] LAT - Radium Patch.esp
	[FE:108] WCLINPP_FastTravelFix.esp
	[FE:109] PV_AR2TextureImprovements.esp
	[FE:10A] Vault88LightFix.esp
	[FE:10B] Remove_Unscrapable_Desk.esp
	[FE:10C] Rebuild_Workshop.esp
	[FE:10D] Rebuild_Settlements_Sanctuary_ScrapRuinedHouses.esp
	[FE:10E] Face Fixes - All in One.esp
	[FE:10F] DynamicMusicOverhaulRedux.esp
	[FE:110] WITG-KOCWR Patch.esp
	[FE:111] ImprovedBoSVertibirdGunPA.esp
	[FE:112] birds.esp
	[FE:113] ImprovedMinutemenNWT65ESPPatch.esp
	[FE:114] ImprovedMinutemenYAWA2Patch.esp
	[FE:115] OCsNukaIsland.esp
	[FE:116] OCsShovelMuseum.esp
	[FE:117] Em_VivaNWReborn_UFO4P_Patch.esp
	[FE:118] AshlandStationSubwayRunnerCompatDL.esp
	[FE:119] ImprovedAREnclaveCWX02Patch.esp
	[FE:11A] ImprovedAREnclaveSigmaPatch.esp
	[FE:11B] CurieTweaks.esp
	[FE:11C] LorenzoSerum.esp
	[FE:11D] craftable nuka mines & grenades.esp
	[FE:11E] courser relay.esp
	[FE:11F] Thaylar Lighting 3.2 - Shadow.esp
	[FE:120] AR2AltOutfits.esp
	[FE:121] AnimatedCandles.esp
	[FE:122] ScrapZapper2_RebuildAIO.esp
	[FE:123] EliArmorCompendium_Previsibines.esp
	[FE:124] SS2_CLB_DLCSuppliesPatch.esp
	[FE:125] SS2_CLB_MunitionsPatch.esp
	[FE:126] PRP-SS2-Fixes-Ch1.esp
	[FE:127] PRP-SS2-Fixes-Ch2.esp
	[FE:128] PRP.esp
	[FE:129] CC_Previsibines.esp
	[FE:12A] AmericaRising2_Previsibines.esp
	[FE:12B] SouthOfTheSea[Previs].esp
	[FE:12C] WCLIRIL_Previs.esp
	[FE:12D] fairlinesettlement.esp
	[FE:12E] WCLIPET18F_Previs.esp
	[FE:12F] WCLINPP_Previs.esp
	[FE:130] Yagisan_SSSL_Red_Rocket_Settlements.esp
	[FE:131] Yagisan_SSSL_Quick_Fill_Settlements.esp
	[FE:132] Settlement_CoA_Crater_of_Atom.esp
	[FE:133] Yagisan_SSSL_Reeb_Marina_Settlement.esp
	[FE:134] Settlement_CoA_Ruined_Church.esp
	[FE:135] Settlement_CoA_Radiant_Crest_Shrine.esp
	[FE:136] Settlement_BoS_Fort_Strong.esp
	[FE:137] Yagisan_SSSL_Lakeside_Cabin_Settlement.esp
	[FE:138] Yagisan_SSSL_Bridgeport_Settlement.esp
	[FE:139] AUR_CleanRRHQ.esp
	[FE:13A] Em_VivaNWReborn_Previs.esp
	[FE:13B] NukaWorldFarmSettlement.esp
	[FE:13C] PondSettlement.esp
	[FE:13D] WCLINS_Previs.esp
	[FE:13E] EdenMeadowsSettlement.esp
	[FE:13F] LibraryExtras.esp
	[FE:140] FlickerFixer-eXofied.esp
	[FE:141] AtomsRadiance_veelynnlove.esp
	[FE:142] NorthPointSpawnFix.esp
	[FE:143] LiveLove - Heather.esp
	[FE:144] SF Valentine.esp
	[FE:145] Valentine Reconciliation.esp
	[FE:146] NAC-NW.esp
	[FE:147] NAC-FH.esp
	[FE:148] NAC-RemoveMenuItem.esp
	[FE:149] NACskintonefix.esp
	[FE:14A] Artillery Reconciliation.esp
	[FE:14B] Munitions-Additional Ammo.esp
	[FE:14C] UNDRCVR_RuinedChurchPhiOutpost.esp
	[FE:14D] UNDRCVR_SimplySettledFairlineOutpost.esp
	[FE:14E] UNDRCVR_SimplySettledLakesideCabin.esp
	[FE:14F] UNDRCVR_SimplySettledNPointPark.esp
	[FE:150] Companion Affinity Pip-Boy Tab.esp
	[FE:151] Invisible M-Sat and Radar Beacon.esp
	[FE:152] OCsVault88Fixes.esp
	[FE:153] Enhanced Vanilla Armor and Clothing.esp
	[FE:154] Vault 88 Generator Unlock.esp
	[FE:155] 10mm HD.esp
	[FE:156] Better Computer Terminals - 4K Standard.esp
	[FE:157] Black Codsworth and windows fix.esp
	[FE:158] Clean 4k Pre-War Retextures.esp
	[FE:159] Dpillari's 10mm HD - No Engravings.esp
	[FE:15A] Dpillari's 10mm HD - No Laser Sticker.esp
	[FE:15B] Enhanced Vanilla Plants.esp
	[FE:15C] Enhanced Vanilla Rocks.esp
	[FE:15D] Enhanced Vanilla Vines.esp
	[FE:15E] Far Harbor Satellite Map.esp
	[FE:15F] HighlightConsoleReference.esp
	[FE:160] LooksMenu.esp
	[FE:161] Nuka-World Satellite Map.esp
	[FE:162] Satellite World Map Fixed.esp
	[FE:163] TeoB Fallout Remastered - Vanilla eyes replacer 2k.esp
	[FE:164] U.S. Covert Operations Manual Redux - Magazine Retexture.esp
	[FE:165] Fairline_veelynnlove.esp
	[FE:166] OCsBreakHeartBanks.esp
	[FE:167] OCsCochituate.esp
	[FE:168] OCsCharlesviewAmpitheater.esp
	[FE:169] OCsProspectPark.esp
	[FE:16A] OCsOldPondHouse.esp
	[FE:16B] OCsSunkenGarage.esp
	[FE:16C] OCsFiddlersGreen.esp
	[FE:16D] OCsBreakheartBanksSS2QuestPatch.esp
	[FE:16E] OCsHubologistCamp.esp
	[FE:16F] OCsCochituateReducedGrass.esp
	[FE:170] OCsLakeQ.esp
	[FE:171] CharlesviewHappyCult.esp
	[FE:172] CharlesviewGrowCult.esp
	[FE:173] OCsProspectParkEBA.esp
	[FE:174] OCsNukaTransitCenter.esp
	[FE:175] OCsNorthpointDam.esp
	[FE:176] OCsWindTower.esp
	[FE:177] OCsOldPondHouseAltName.esp
	[FE:178] OCsDartmouthSkyscraper.esp
	[FE:179] OCsKStation.esp
	[FE:17A] OCsSunkenGarageCoASettlers.esp
	[FE:17B] FiddlersGreenTarberrySwap.esp
	[FE:17C] OCsV81TradeCamp.esp
	[FE:17D] OCsV81TradeCampEarlyUnlock.esp
	[FE:17E] OCsV81TradeCampGrassReduced.esp
	[FE:17F] OCsHubologistCampNameSwap.esp
	[FE:180] ListeningPostBravo.esp
	[FE:181] Grass Is Always Greener.esp
	[FE:182] Power_Armors_Redone.esp
	[FE:183] Rebuild_Settlements_Previs.esp
	[FE:184] OCsUniversityPoint.esp
	[FE:185] Eli_Armour_Compendium_LIF.esp
	[FE:186] Eli_Armour_Compendium_Tweaks_ECO.esp
	[FE:187] Fluorescent Light reposition.esp
	[FE:188] CC_SlocumCoffee_Overhaul.esp
	[FE:189] YAWA2_BridgeportPatch.esp
	[FE:18A] YAWA2_AmericaRising2_Patch.esp
	[FE:18B] YAWA2_NoArtillery.esp
	[FE:18C] Stealth Field Stability, C.esp
	[FE:18D] DiverseCoA.esp
	[FE:18E] DiverseMinutemen.esp
	[FE:18F] DiverseTriggermen.esp
	[FE:190] DiverseRailroad.esp
	[FE:191] DiverseCoursers.esp
	[FE:192] DiverseEnclaveAR2.esp
	[FE:193] DiverseBoS.esp
	[FE:194] DiverseGunners.esp
	[FE:195] DiverseRaiders.esp
	[FE:196] DiverseTrappers.esp
	[FE:197] DiverseDisciples.esp
	[FE:198] DiverseOperators.esp
	[FE:199] DiversePack.esp
	[FE:19A] DiverseScavengers.esp
	[FE:19B] DiverseSettlersFarHarbor.esp
	[FE:19C] DiverseSettlers.esp
	[FE:19D] DiverseForged.esp
	[FE:19E] Diverse Facegen.esp
	[FE:19F] DiverseGunnerImmersionPack.esp
	[FE:1A0] DiverseRaidersImmersionPack.esp
	[FE:1A1] RustyFaceFixRedux.esp
	[FE:1A2] SS2 Facegen.esp
	[FE:1A3] xLODGen_Output.esp
	[FE:1A4] FOLIP - After Generation.esp
	[FE:1A5] LO_Previsibines.esp
	[FE:1A6] BostonPublicLibrarySettlement_Previsibines.esp
	[FE:1A7] PRP-SS2.esp
	[FE:1A8] FinalCellPatch.esp
	[FE:1A9] Dank_ECO-LEO.esp
	[FE:1AA] Dank_LEO-LMA.esp
	[FE:1AB] Dank_LEO-MLM.esp
	[FE:1AC] Dank_ECO-UniversalDisassembler.esp
	[FE:1AD] Dank_LEO_ChipCraft_Mats_ECO.esp
	[FE:1AE] Dank_LEO-LME.esp
	[FE:1AF] Dank_ECO-Munitions.esp
	[FE:1B0] Dank_ECO-INNR.esp
	[FE:1B1] Dank_LEO-MLE_INNR_CS.esp
	[FE:1B2] Dank_ECO-Munitions_INNR_CS.esp
	[FE:1B3] Dank_LEO-NeoSky.esp
	[FE:1B4] Dank_LEO-AmericaRising2.esp
	[FE:1B5] M8r Complex Sorter.esp
	[FE:1B6] M8r Complex Sorter-part2.esp
