Fallout 4 v1.10.163
Buffout 4 v1.31.1 Feb 28 2023 00:32:02

Unhandled exception "EXCEPTION_ACCESS_VIOLATION" at 0x7FFF2EEDC7D8 lootman.dll+001C7D8	movzx ebx, byte ptr [rdi+0x1A]

	[Compatibility]
		F4EE: true
	[Debug]
		Symcache: c:symcache
		WaitForDebugger: false
	[Fixes]
		ActorIsHostileToActor: true
		CellInit: true
		CreateD3DAndSwapChain: true
		EncounterZoneReset: true
		GreyMovies: true
		MagicEffectApplyEvent: true
		MovementPlanner: true
		PackageAllocateLocation: true
		PipboyLightInvFix: false
		SafeExit: true
		TESObjectREFRGetEncounterZone: true
		UnalignedLoad: true
		UtilityShader: true
		WorkBenchSwap: true
	[Patches]
		Achievements: true
		BSMTAManager: true
		BSPreCulledObjects: true
		BSTextureStreamerLocalHeap: true
		HavokMemorySystem: true
		INISettingCollection: true
		InputSwitch: false
		MaxStdIO: 2048
		MemoryManager: true
		MemoryManagerDebug: false
		ScaleformAllocator: true
		SmallBlockAllocator: true
		WorkshopMenu: true
	[Warnings]
		CreateTexture2D: true
		ImageSpaceAdapter: true

SYSTEM SPECS:
	OS: Microsoft Windows 11 Pro v10.0.22621
	CPU: GenuineIntel Intel(R) Core(TM) i7-8700K CPU @ 3.70GHz
	GPU #1: Nvidia GP104 [GeForce GTX 1070]
	GPU #2: Microsoft Basic Render Driver
	PHYSICAL MEMORY: 20.16 GB/31.94 GB


PROBABLE CALL STACK:
	[ 0] 0x7FFF2EEDC7D8  lootman.dll+001C7D8
	[ 1] 0x7FFF2EEDCA33  lootman.dll+001CA33
	[ 2] 0x7FFF2EEDCE5D  lootman.dll+001CE5D
	[ 3] 0x7FFF2EED7A98  lootman.dll+0017A98
	[ 4] 0x7FFF2EED90F9  lootman.dll+00190F9
	[ 5] 0x7FF667F3D767 Fallout4.exe+270D767	test al, al |  BSScript::NF_util::NativeFunctionBase::Call(BSTSmartPointer<BSScript::Stack,BSTSmartPointerIntrusiveRefCount>&,BSScript::ErrorLogger&,BSScript::Internal::VirtualMachine&,bool)_270D767 -> 571037+0x217	test al, al
	[ 6] 0x7FF667F6F224 Fallout4.exe+273F224	mov r15, [rbp-0x38] |  BSScript::Internal::VirtualMachine::AttemptFunctionCall(BSScript::Stack*,BSTSmartPointer<BSScript::Internal::IFuncCallQuery,BSTSmartPointerIntrusiveRefCount>&,bool)_273F224 -> 1500402+0xA14	mov r15, [rbp-0x38]
	[ 7] 0x7FF667F701FF Fallout4.exe+27401FF	call 0x00007FF6673458F0 |  BSScript::Internal::VirtualMachine::ProcessMessageQueue(float,uint&,uint&)_27401FF -> 412932+0x1BF	call 0x00007FF6673458F0
	[ 8] 0x7FF667F61C37 Fallout4.exe+2731C37	lea r8, [rbp+0x50] |  BSScript::Internal::VirtualMachine::Update(float)_2731C37 -> 1146038+0x477	lea r8, [rbp+0x50]
	[ 9] 0x7FF666BA2378 Fallout4.exe+1372378	mov r15, [rsp+0x50] |  GameVM::Update(float)_1372378 -> 759508+0x228	mov r15, [rsp+0x50]
	[10] 0x7FF6664ED875 Fallout4.exe+0CBD875	mov ecx, [0x00007FF66B29BCDC] |  JobListManager::VMUpdate(void*)_CBD875 -> 507275+0x15	mov ecx, [0x00007FF66B29BCDC]
	[11] 0x7FF667380F26 Fallout4.exe+1B50F26	mov ecx, [rbx+0x0C] |  BSJobs::JobListLocal::RunJobsInternal(uint,BSJobs::ThreadJobListState&,bool)_1B50F26 -> 329005+0xC6	mov ecx, [rbx+0x0C]
	[12] 0x7FF667381432 Fallout4.exe+1B51432	mov r14d, eax |  BSJobs::JobThread::RunJob(void)_1B51432 -> 194800+0x202	mov r14d, eax
	[13] 0x7FF667383F67 Fallout4.exe+1B53F67	movzx eax, byte ptr [rbx+0xA74] |  BSJobs::JobThread::ThreadProc(void)_1B53F67 -> 1492866+0x67	movzx eax, byte ptr [rbx+0xA74]
	[14] 0x7FF66734CFED Fallout4.exe+1B1CFED	mov rcx, [0x00007FF66B38BD38] |  BSThread::CallThreadProc(void)_1B1CFED -> 1079791+0x3D	mov rcx, [0x00007FF66B38BD38]
	[15] 0x7FFFEE7626AD KERNEL32.DLL+00126AD
	[16] 0x7FFFEF36AA68    ntdll.dll+005AA68

REGISTERS:
	RAX 0x7FF66B103308     (void* -> Fallout4.exe+58D3308	 |  aDiveBombChance_58D3308)
	RCX 0x7FF66B2ED8F0     (GameVM*)
	RDX 0xDE6F0003         (size_t) [3731816451]
	RBX 0x72D52AE748       (void*)
	RSP 0x72D52AE5D0       (void*)
	RBP 0x72D52AE688       (void*)
	RSI 0x25268F34100      (BSScript::Internal::VirtualMachine*)
	RDI 0x0                (size_t) [0]
	R8  0x0                (size_t) [0]
	R9  0x25322B30533      (void*)
	R10 0x7FF66B397580     (void* -> Fallout4.exe+5B67580	xor ch, bh |  aDiveBombChance_5B67580)
	R11 0x40               (size_t) [64]
	R12 0x0                (size_t) [0]
	R13 0x252298DFE10      (void*)
	R14 0x4                (size_t) [4]
	R15 0x253CA8BBE01      (void*)

STACK:
	[RSP+0   ] 0x72D52AE7D0       (void*)
	[RSP+8   ] 0x252298DFE00      (void*)
	[RSP+10  ] 0x253C7F7C7E0      (void*)
	[RSP+18  ] 0x7FF667372FE8     (void* -> Fallout4.exe+1B42FE8	mov r10, rax |  BSStringPool::Entry::Release(BSStringPool::Entry*&)_1B42FE8)
	[RSP+20  ] 0x252CED27F40      (BSScript::ObjectTypeInfo*)
		Name: "Form"
	[RSP+28  ] 0x72D52AE7D0       (void*)
	[RSP+30  ] 0x72D52AE668       (void*)
	[RSP+38  ] 0x7FF667371D5D     (void* -> Fallout4.exe+1B41D5D	mov rax, rbx |  BSFixedString::BSFixedString(char*)_1B41D5D)
	[RSP+40  ] 0x25268F34100      (BSScript::Internal::VirtualMachine*)
	[RSP+48  ] 0x0                (size_t) [0]
	[RSP+50  ] 0x72D52AE6B0       (void*)
	[RSP+58  ] 0x253C7F7C7E0      (void*)
	[RSP+60  ] 0x25338151480      (void*)
	[RSP+68  ] 0x7FF667F735AF     (void* -> Fallout4.exe+27435AF	jmp 0x00007FF667F735FE |  BSScript::Internal::VirtualMachine::FindBoundObjectImpl(unsigned___int64,char*,bool,bool,BSTSmartPointer<BSScript::Object,BSTSmartPointerIntrusiveRefCount>&)_27435AF)
	[RSP+70  ] 0x0                (size_t) [0]
	[RSP+78  ] 0x2527ED7BFF8      (void*)
	[RSP+80  ] 0x72D52AE749       (void*)
	[RSP+88  ] 0x7FFF2EEDCA33     (void* -> lootman.dll+001CA33	test al, al)
	[RSP+90  ] 0x72D52AE748       (void*)
	[RSP+98  ] 0x7FF6658544E3     (void* -> Fallout4.exe+00244E3	mov esi, eax |  BSSpinLock::Lock(char*)_244E3)
	[RSP+A0  ] 0x72D52AE730       (void*)
	[RSP+A8  ] 0x25322B30500      (void*)
	[RSP+B0  ] 0xFFFFFFFFFFFFFFFE (size_t) [uint: 18446744073709551614 int: -2]
	[RSP+B8  ] 0x0                (size_t) [0]
	[RSP+C0  ] 0x0                (size_t) [0]
	[RSP+C8  ] 0x7FF667F62536     (void* -> Fallout4.exe+2732536	movzx edx, al |  BSScript::Internal::VirtualMachine::GetScriptObjectType(BSFixedString&,BSTSmartPointer<BSScript::ObjectTypeInfo,BSTSmartPointerIntrusiveRefCount>&)_2732536)
	[RSP+D0  ] 0x2527ED7BFF8      (void*)
	[RSP+D8  ] 0x7FFF2EEDCE5D     (void* -> lootman.dll+001CE5D	mov rbx, rax)
	[RSP+E0  ] 0x2527ED7BFF8      (void*)
	[RSP+E8  ] 0x2527ED7BFF8      (void*)
	[RSP+F0  ] 0x2527ED7BFF8      (void*)
	[RSP+F8  ] 0x7FF667F20A14     (void* -> Fallout4.exe+26F0A14	jmp 0x00007FF667F20AA6 |  BSScript::Variable::Cleanup(void)_26F0A14)
	[RSP+100 ] 0x0                (size_t) [0]
	[RSP+108 ] 0x7FF667373C21     (void* -> Fallout4.exe+1B43C21	test eax, eax |  `anonymous_namespace'::FindEntry<char>(BSStringPool::Entry*&,char*,ushort,bool)_1B43C21)
	[RSP+110 ] 0x61C0D            (size_t) [400397]
	[RSP+118 ] 0x7FF600000001     (size_t) [140694538682369]
	[RSP+120 ] 0x252298DFE10      (void*)
	[RSP+128 ] 0x7FFF2EF1C188     (void* -> lootman.dll+005C188	sbb [rax], al)
	[RSP+130 ] 0x2527ED7BFF8      (void*)
	[RSP+138 ] 0xFFFFFFFFFFFFFFFE (size_t) [uint: 18446744073709551614 int: -2]
	[RSP+140 ] 0x0                (size_t) [0]
	[RSP+148 ] 0x7FF66863F340     (void* -> Fallout4.exe+2E0F340	add [rax], al |  aDiveBombChance_2E0F340)
	[RSP+150 ] 0x7FF66B417580     (void* -> Fallout4.exe+5BE7580	add [rax], al |  aDiveBombChance_5BE7580)
	[RSP+158 ] 0x7FF667FA8EBA     (void* -> Fallout4.exe+2778EBA	jmp 0x00007FF667FA91EE |  BSScript::Internal::CodeTasklet::ConvertArgument(BSScript::ByteCode::Argument&,BSScript::Variable&)_2778EBA)
	[RSP+160 ] 0x252F3B98200      (void*)
	[RSP+168 ] 0x72D52AE830       (void*)
	[RSP+170 ] 0x100000000        (size_t) [4294967296]
	[RSP+178 ] 0x20000000000      (size_t) [2199023255552]
	[RSP+180 ] 0x72D52AE800       (void*)
	[RSP+188 ] 0x7FF667372FE8     (void* -> Fallout4.exe+1B42FE8	mov r10, rax |  BSStringPool::Entry::Release(BSStringPool::Entry*&)_1B42FE8)
	[RSP+190 ] 0x0                (size_t) [0]
	[RSP+198 ] 0xF                (size_t) [15]
	[RSP+1A0 ] 0xFE3E730E3EEC     (size_t) [279544171740908]
	[RSP+1A8 ] 0x252298DFE10      (void*)
	[RSP+1B0 ] 0x253CA8BBEC4      (void*)
	[RSP+1B8 ] 0x4                (size_t) [4]
	[RSP+1C0 ] 0x4F01             (size_t) [20225]
	[RSP+1C8 ] 0x253CA8BBEC4      (void*)
	[RSP+1D0 ] 0x252CE7B48E0      (NativeFunction1<StaticFunctionTag,void,StringCache::Ref>*)
	[RSP+1D8 ] 0x7FFF2EED7A98     (void* -> lootman.dll+0017A98	add rsp, 0x28)
	[RSP+1E0 ] 0x72D52AE800       (void*)
	[RSP+1E8 ] 0x2                (size_t) [2]
	[RSP+1F0 ] 0x2527ED7BFF8      (void*)
	[RSP+1F8 ] 0x72D52AE868       (void*)
	[RSP+200 ] 0x2                (size_t) [2]
	[RSP+208 ] 0x7FFF2EED90F9     (void* -> lootman.dll+00190F9	mov rax, [0x00007FFF2EF1C048])
	[RSP+210 ] 0x0                (size_t) [0]
	[RSP+218 ] 0x0                (size_t) [0]
	[RSP+220 ] 0x252CE7B48E0      (NativeFunction1<StaticFunctionTag,void,StringCache::Ref>*)
	[RSP+228 ] 0x7200000002       (size_t) [489626271746]
	[RSP+230 ] 0x252CE7B48E0      (NativeFunction1<StaticFunctionTag,void,StringCache::Ref>*)
	[RSP+238 ] 0x7FF667F3D767     (void* -> Fallout4.exe+270D767	test al, al |  BSScript::NF_util::NativeFunctionBase::Call(BSTSmartPointer<BSScript::Stack,BSTSmartPointerIntrusiveRefCount>&,BSScript::ErrorLogger&,BSScript::Internal::VirtualMachine&,bool)_270D767)
	[RSP+240 ] 0x12               (size_t) [18]
	[RSP+248 ] 0x72D52AE910       (void*)
	[RSP+250 ] 0x72D52AF188       (void*)
	[RSP+258 ] 0x252CE87AFE0      (BSScript::NativeFunction1<BGSListForm,int,TESForm *>*)
		Function: "Find"
		Object: "FormList"
	[RSP+260 ] 0x72D52AE858       (void*)
	[RSP+268 ] 0x2527ED7BFE0      (void*)
	[RSP+270 ] 0x48CED50AC7C4ABD8 (size_t) [5246364858211150808]
	[RSP+278 ] 0x3F800000C791CBB0 (size_t) [4575657224756644784]
	[RSP+280 ] 0x486255ECC88ED50A (size_t) [5215825793913902346]
	[RSP+288 ] 0x0                (size_t) [0]
	[RSP+290 ] 0x0                (size_t) [0]
	[RSP+298 ] 0x0                (size_t) [0]
	[RSP+2A0 ] 0x0                (size_t) [0]
	[RSP+2A8 ] 0x3F80000047E2B984 (size_t) [4575657222614464900]
	[RSP+2B0 ] 0x48CED50AC7C4ABD8 (size_t) [5246364858211150808]
	[RSP+2B8 ] 0x3F80000047E2B984 (size_t) [4575657222614464900]
	[RSP+2C0 ] 0xF0000000F        (size_t) [64424509455]
	[RSP+2C8 ] 0xF0000000F        (size_t) [64424509455]
	[RSP+2D0 ] 0xF00000000        (size_t) [64424509440]
	[RSP+2D8 ] 0xF0000000F        (size_t) [64424509455]
	[RSP+2E0 ] 0x4751F0D84751F0D8 (size_t) [5139153461506601176]
	[RSP+2E8 ] 0x4751F0D84751F0D8 (size_t) [5139153461506601176]
	[RSP+2F0 ] 0xC8196A2AC8196A2A (size_t) [uint: 14418672413981633066 int: -4028071659727918550]
	[RSP+2F8 ] 0xC8196A2AC8196A2A (size_t) [uint: 14418672413981633066 int: -4028071659727918550]
	[RSP+300 ] 0xC8157934C8157934 (size_t) [uint: 14417563049698621748 int: -4029181024010929868]
	[RSP+308 ] 0xC8157934C8157934 (size_t) [uint: 14417563049698621748 int: -4029181024010929868]
	[RSP+310 ] 0xC8B1AFCAC8B1AFCA (size_t) [uint: 14461533163948715978 int: -3985210909760835638]
	[RSP+318 ] 0xC8B1AFCAC8B1AFCA (size_t) [uint: 14461533163948715978 int: -3985210909760835638]
	[RSP+320 ] 0x47BC2B2547BC2B25 (size_t) [5169053911431785253]
	[RSP+328 ] 0x47BC2B2547BC2B25 (size_t) [5169053911431785253]
	[RSP+330 ] 0xC7DFA19BC7DFA19B (size_t) [uint: 14402407823799460251 int: -4044336249910091365]
	[RSP+338 ] 0xC7DFA19BC7DFA19B (size_t) [uint: 14402407823799460251 int: -4044336249910091365]
	[RSP+340 ] 0xC7D7BFAFC7D7BFAF (size_t) [uint: 14400189095233437615 int: -4046554978476114001]
	[RSP+348 ] 0xC7D7BFAFC7D7BFAF (size_t) [uint: 14400189095233437615 int: -4046554978476114001]
	[RSP+350 ] 0xC89CE31CC89CE31C (size_t) [uint: 14455678616716763932 int: -3991065456992787684]
	[RSP+358 ] 0xC89CE31CC89CE31C (size_t) [uint: 14455678616716763932 int: -3991065456992787684]
	[RSP+360 ] 0x48E4D0BB48E4D0BB (size_t) [5252552568221257915]
	[RSP+368 ] 0x48E4D0BB48E4D0BB (size_t) [5252552568221257915]
	[RSP+370 ] 0x483C048A483C048A (size_t) [5205040261297341578]
	[RSP+378 ] 0x483C048A483C048A (size_t) [5205040261297341578]
	[RSP+380 ] 0x48F3A2B948F3A2B9 (size_t) [5256724106748076729]
	[RSP+388 ] 0x48F3A2B948F3A2B9 (size_t) [5256724106748076729]
	[RSP+390 ] 0x4859A8864859A886 (size_t) [5213383338350979206]
	[RSP+398 ] 0x4859A8864859A886 (size_t) [5213383338350979206]
	[RSP+3A0 ] 0x47E5257F47E5257F (size_t) [5180588174956897663]
	[RSP+3A8 ] 0x47E5257F47E5257F (size_t) [5180588174956897663]
	[RSP+3B0 ] 0xC81B0A2EC81B0A2E (size_t) [uint: 14419129827998763566 int: -4027614245710788050]
	[RSP+3B8 ] 0xC81B0A2EC81B0A2E (size_t) [uint: 14419129827998763566 int: -4027614245710788050]
	[RSP+3C0 ] 0x481036BA481036BA (size_t) [5192710544059020986]
	[RSP+3C8 ] 0x481036BA481036BA (size_t) [5192710544059020986]
	[RSP+3D0 ] 0xC7FACC65C7FACC65 (size_t) [uint: 14410054695244188773 int: -4036689378465362843]
	[RSP+3D8 ] 0xC7FACC65C7FACC65 (size_t) [uint: 14410054695244188773 int: -4036689378465362843]
	[RSP+3E0 ] 0xC7A10609C7A10609 (size_t) [uint: 14384785323871766025 int: -4061958749837785591]
	[RSP+3E8 ] 0xC7A10609C7A10609 (size_t) [uint: 14384785323871766025 int: -4061958749837785591]
	[RSP+3F0 ] 0xC82DE7D6C82DE7D6 (size_t) [uint: 14424440091205035990 int: -4022303982504515626]
	[RSP+3F8 ] 0xC82DE7D6C82DE7D6 (size_t) [uint: 14424440091205035990 int: -4022303982504515626]
	[RSP+400 ] 0xC78C7D17C78C7D17 (size_t) [uint: 14379005251372743959 int: -4067738822336807657]
	[RSP+408 ] 0xC78C7D17C78C7D17 (size_t) [uint: 14379005251372743959 int: -4067738822336807657]
	[RSP+410 ] 0xC823A35CC823A35C (size_t) [uint: 14421550050660557660 int: -4025194023048993956]
	[RSP+418 ] 0xC823A35CC823A35C (size_t) [uint: 14421550050660557660 int: -4025194023048993956]
	[RSP+420 ] 0x48ACDF3748ACDF37 (size_t) [5236805895260528439]
	[RSP+428 ] 0x48ACDF3748ACDF37 (size_t) [5236805895260528439]
	[RSP+430 ] 0x487C599E487C599E (size_t) [5223148204198746526]
	[RSP+438 ] 0x487C599E487C599E (size_t) [5223148204198746526]
	[RSP+440 ] 0x48B2017448B20174 (size_t) [5238250915532767604]
	[RSP+448 ] 0x48B2017448B20174 (size_t) [5238250915532767604]
	[RSP+450 ] 0x48834F0B48834F0B (size_t) [5225106902559706891]
	[RSP+458 ] 0x48834F0B48834F0B (size_t) [5225106902559706891]
	[RSP+460 ] 0x478C2A93478C2A93 (size_t) [5155542485481302675]
	[RSP+468 ] 0x478C2A93478C2A93 (size_t) [5155542485481302675]
	[RSP+470 ] 0x45C8938045C89380 (size_t) [5028431163095028608]
	[RSP+478 ] 0x7FF66812C244     (void* -> Fallout4.exe+28FC244	lea r11, [rsp+0xC00] |  Umbra::Transformer::frustumShrinkBox(Umbra::ActivePlaneSet*,__m128,__m128,__m128&,__m128&)_28FC244)
	[RSP+480 ] 0x47AEEAC3C7B4BD81 (size_t) [5165323949230570881]
	[RSP+488 ] 0x3F80000046071359 (size_t) [4575657222583292761]
	[RSP+490 ] 0x72D52AEB58       (void*)
	[RSP+498 ] 0x7FF667372FE8     (void* -> Fallout4.exe+1B42FE8	mov r10, rax |  BSStringPool::Entry::Release(BSStringPool::Entry*&)_1B42FE8)
	[RSP+4A0 ] 0x12               (size_t) [18]
	[RSP+4A8 ] 0x7FF667372FE8     (void* -> Fallout4.exe+1B42FE8	mov r10, rax |  BSStringPool::Entry::Release(BSStringPool::Entry*&)_1B42FE8)
	[RSP+4B0 ] 0x47AF9915C7B40F2F (size_t) [5165515616441077551]
	[RSP+4B8 ] 0x3F80000046071359 (size_t) [4575657222583292761]
	[RSP+4C0 ] 0x253A0D53EB0      (void*)
	[RSP+4C8 ] 0x72D52AF0C8       (void*)
	[RSP+4D0 ] 0x72D52AEC20       (void*)
	[RSP+4D8 ] 0x72D52AEB58       (void*)
	[RSP+4E0 ] 0x72D52AEB58       (void*)
	[RSP+4E8 ] 0x7FF667371F2C     (void* -> Fallout4.exe+1B41F2C	mov rax, rbx |  BSFixedString::operator=(BSFixedString&)_1B41F2C)
	[RSP+4F0 ] 0x72D52AF148       (void*)
	[RSP+4F8 ] 0x7FF667372FE8     (void* -> Fallout4.exe+1B42FE8	mov r10, rax |  BSStringPool::Entry::Release(BSStringPool::Entry*&)_1B42FE8)
	[RSP+500 ] 0x7FF66B397580     (void* -> Fallout4.exe+5B67580	xor ch, bh |  aDiveBombChance_5B67580)
	[RSP+508 ] 0x0                (size_t) [0]
	[RSP+510 ] 0x252CED45EC8      (void*)
	[RSP+518 ] 0x7FF667F3DE70     (void* -> Fallout4.exe+270DE70	mov rax, [rbx+0x08] |  BSScript::Internal::VDescTable::GetParam(uint,BSFixedString&,BSScript::TypeInfo&)_270DE70)
	[RSP+520 ] 0x0                (size_t) [0]
	[RSP+528 ] 0x1                (size_t) [1]
	[RSP+530 ] 0x72D52AEC20       (void*)
	[RSP+538 ] 0x72D52AF148       (void*)
	[RSP+540 ] 0x0                (size_t) [0]
	[RSP+548 ] 0x7FF667F7B317     (void* -> Fallout4.exe+274B317	inc esi |  BSScript::Internal::`anonymous_namespace'::ValidateSignatureAndFixupNones(BSTSmartPointer<BSScript::IFunction,BSTSmartPointerIntrusiveRefCount>&,BSScrapArray<BSScript::Variable>&,char*,uint)_274B317)
	[RSP+550 ] 0x72D52AF100       (void*)
	[RSP+558 ] 0x0                (size_t) [0]
	[RSP+560 ] 0x7FF66B397580     (void* -> Fallout4.exe+5B67580	xor ch, bh |  aDiveBombChance_5B67580)
	[RSP+568 ] 0x253CA8BBEC4      (void*)
	[RSP+570 ] 0x252298DFE10      (void*)
	[RSP+578 ] 0x7FF667F4D648     (void* -> Fallout4.exe+271D648	test rbx, rbx |  BSScript::SimpleAllocMemoryPagePolicy::DisposePage(BSTSmartPointer<BSScript::MemoryPage,BSTSmartPointerAutoPtr>&)_271D648)
	[RSP+580 ] 0x12               (size_t) [18]
	[RSP+588 ] 0x0                (size_t) [0]
	[RSP+590 ] 0x252298DFE10      (void*)
	[RSP+598 ] 0xC287A000C287A000 (size_t) [uint: 14017348290338070528 int: -4429395783371481088]
	[RSP+5A0 ] 0x252298DFE10      (void*)
	[RSP+5A8 ] 0x252BEA968E0      (void*)
	[RSP+5B0 ] 0x252BEA968E0      (void*)
	[RSP+5B8 ] 0x7FF6658544E3     (void* -> Fallout4.exe+00244E3	mov esi, eax |  BSSpinLock::Lock(char*)_244E3)
	[RSP+5C0 ] 0x253A0D53EB0      (void*)
	[RSP+5C8 ] 0x7FF666B19D24     (void* -> Fallout4.exe+12E9D24	test eax, eax |  BSTSmartPointer<BSScript::Object,BSTSmartPointerIntrusiveRefCount>::`scalar_deleting_destructor'(uint)_12E9D24)
	[RSP+5D0 ] 0x72D52AEC50       (void*)
	[RSP+5D8 ] 0x0                (size_t) [0]
	[RSP+5E0 ] 0x25268F34340      (void*)
	[RSP+5E8 ] 0x7FF667F980B6     (void* -> Fallout4.exe+27680B6	cmp eax, 0xFFFFFFFF |  BSScript::Internal::VirtualMachine::PushTask(BSScript::Internal::CodeTasklet*)_27680B6)
	[RSP+5F0 ] 0x72D52AEC48       (void*)
	[RSP+5F8 ] 0x7FF667F20A31     (void* -> Fallout4.exe+26F0A31	jmp 0x00007FF667F20AA6 |  BSScript::Variable::Cleanup(void)_26F0A31)
	[RSP+600 ] 0x12               (size_t) [18]
	[RSP+608 ] 0x0                (size_t) [0]
	[RSP+610 ] 0x7FF66847A948     (void* -> Fallout4.exe+2C4A948	shl byte ptr [rdx], 0x01 |  hkbInternal::hks::execute<0>(hkbInternal::lua_State*,hkbInternal::hksInstruction*,int)_2C4A948)
	[RSP+618 ] 0x25268F3C3A0      (void*)
	[RSP+620 ] 0x12               (size_t) [18]
	[RSP+628 ] 0x7FF667F6FAB6     (void* -> Fallout4.exe+273FAB6	mov rax, [rsp+0x70] |  BSScript::Internal::VirtualMachine::AttemptFunctionReturn(BSScript::Stack*,bool,bool)_273FAB6)
	[RSP+630 ] 0x252CED27BE0      (BSScript::ObjectTypeInfo*)
		Name: "FormList"
	[RSP+638 ] 0x72D52AED00       (void*)
	[RSP+640 ] 0x72D52AEC00       (void*)
	[RSP+648 ] 0x12               (size_t) [18]
	[RSP+650 ] 0xC407F600C407F600 (size_t) [uint: 14125529239420139008 int: -4321214834289412608]
	[RSP+658 ] 0xC407F600C407F600 (size_t) [uint: 14125529239420139008 int: -4321214834289412608]
	[RSP+660 ] 0x72D52AEC50       (void*)
	[RSP+668 ] 0x2530F221960      (BSScript::ObjectTypeInfo*)
		Name: "idek:ils2:UpdateScript"
	[RSP+670 ] 0x0                (size_t) [0]
	[RSP+678 ] 0x252CED27BE0      (BSScript::ObjectTypeInfo*)
		Name: "FormList"
	[RSP+680 ] 0x0                (size_t) [0]
	[RSP+688 ] 0x0                (size_t) [0]
	[RSP+690 ] 0x3F0000003F000000 (size_t) [4539628425446424576]
	[RSP+698 ] 0x3F0000003F000000 (size_t) [4539628425446424576]
	[RSP+6A0 ] 0x252298DFE10      (void*)
	[RSP+6A8 ] 0x0                (size_t) [0]
	[RSP+6B0 ] 0x8000000000000000 (size_t) [uint: 9223372036854775808 int: -9223372036854775808]
	[RSP+6B8 ] 0x3C4CC000         (size_t) [1011662848]
	[RSP+6C0 ] 0x440F5E00440F5E00 (size_t) [4904241874464628224]
	[RSP+6C8 ] 0x7FF666F81C9C     (void* -> Fallout4.exe+1751C9C	movaps xmm3, [rsp+0x50] |  hknpMotionUtil::updateBodyAfterMotionIntegration(hknpWorld*,hknpBodyId)_1751C9C)
	[RSP+6D0 ] 0x43B876003F810000 (size_t) [4879779939693428736]
	[RSP+6D8 ] 0x43B8760043B87600 (size_t) [4879779939764172288]
	[RSP+6E0 ] 0x44161B8044161B80 (size_t) [4906139081778797440]
	[RSP+6E8 ] 0x44161B8044161B80 (size_t) [4906139081778797440]
	[RSP+6F0 ] 0x72D52AED00       (void*)
	[RSP+6F8 ] 0x72D52AED10       (void*)
	[RSP+700 ] 0x72D52AECF0       (void*)
	[RSP+708 ] 0x72D52AECE0       (void*)
	[RSP+710 ] 0x3CC848C73CC848C7 (size_t) [4379830658173257927]
	[RSP+718 ] 0x3CC848C73CC848C7 (size_t) [4379830658173257927]
	[RSP+720 ] 0x3CCCCCCD3CCCCCCD (size_t) [4381101719385066701]
	[RSP+728 ] 0x3CCCCCCD3CCCCCCD (size_t) [4381101719385066701]
	[RSP+730 ] 0x3C8D00013C8AFFFE (size_t) [4363143619302588414]
	[RSP+738 ] 0xBAB60001         (size_t) [3132489729]
	[RSP+740 ] 0x0                (size_t) [0]
	[RSP+748 ] 0x0                (size_t) [0]
	[RSP+750 ] 0x4903702849037028 (size_t) [5261172108024836136]
	[RSP+758 ] 0x4903702849037028 (size_t) [5261172108024836136]
	[RSP+760 ] 0x44A26CD2C48C744B (size_t) [4945634993302697035]
	[RSP+768 ] 0xBC3B393142DF6B5C (size_t) [uint: 13563497586494499676 int: -4883246487215051940]
	[RSP+770 ] 0x44A2865CC48C5AC1 (size_t) [4945663073798871745]
	[RSP+778 ] 0x3C40579742E32082 (size_t) [4341566347959017602]
	[RSP+780 ] 0x0                (size_t) [0]
	[RSP+788 ] 0x0                (size_t) [0]
	[RSP+790 ] 0x45F4559C         (size_t) [1173640604]
	[RSP+798 ] 0x0                (size_t) [0]
	[RSP+7A0 ] 0x47B1AF4D         (size_t) [1202827085]
	[RSP+7A8 ] 0x0                (size_t) [0]
	[RSP+7B0 ] 0xC7998C50         (size_t) [3348728912]
	[RSP+7B8 ] 0x0                (size_t) [0]
	[RSP+7C0 ] 0x3F0000003F000000 (size_t) [4539628425446424576]
	[RSP+7C8 ] 0x3F0000003F000000 (size_t) [4539628425446424576]
	[RSP+7D0 ] 0x0                (size_t) [0]
	[RSP+7D8 ] 0x0                (size_t) [0]
	[RSP+7E0 ] 0x0                (size_t) [0]
	[RSP+7E8 ] 0x3F6CC0A7BEC2C61C (size_t) [4570239548566717980]
	[RSP+7F0 ] 0x0                (size_t) [0]
	[RSP+7F8 ] 0x0                (size_t) [0]
	[RSP+800 ] 0x72D52AF020       (void*)
	[RSP+808 ] 0x411              (size_t) [1041]
	[RSP+810 ] 0x411              (size_t) [1041]
	[RSP+818 ] 0x7FF666CE6836     (void* -> Fallout4.exe+14B6836	mov rbx, [rsp+0x68] |  hknpWorld::synchronizeBodiesFromMotion(hknpBodyId,hkSimdFloat32&,hkSimdFloat32&)_14B6836)
	[RSP+820 ] 0xFFFF             (size_t) [65535]
	[RSP+828 ] 0xDDF              (size_t) [3551]
	[RSP+830 ] 0x252CFFDDFF0      (void*)
	[RSP+838 ] 0x7FF666F85B32     (void* -> Fallout4.exe+1755B32	mov eax, [rbx+0x40] |  hknpDeactivationManager::markBodyForActivation(hknpBodyId)_1755B32)
	[RSP+840 ] 0x252CFFDDFF0      (void*)
	[RSP+848 ] 0x252D0689600      (hknpBSWorld*)
	[RSP+850 ] 0x411              (size_t) [1041]
	[RSP+858 ] 0x252D02FDE80      (void*)
	[RSP+860 ] 0x411              (size_t) [1041]
	[RSP+868 ] 0x7FF666CE7020     (void* -> Fallout4.exe+14B7020	lea r11, [rsp+0x170] |  hknpWorld::updateMotionAndAttachedBodiesAfterModifyingTransform(hknpBodyId,hkQuaternionf*,hknpWorld::PivotLocation,hknpActivationBehavior::Enum)_14B7020)
	[RSP+870 ] 0x723F7FBE77       (size_t) [490691608183]
	[RSP+878 ] 0x252D0689C90      (void*)
	[RSP+880 ] 0x252D02FDE80      (void*)
	[RSP+888 ] 0x411              (size_t) [1041]
	[RSP+890 ] 0x2536CE6CCF0      (MovementAgentActorAvoider*)
	[RSP+898 ] 0x7FF665883FDA     (void* -> Fallout4.exe+0053FDA	cmp edi, eax |  BSstristr(char*,char*)_53FDA)
	[RSP+8A0 ] 0x252F66D3328      (Actor*)
		Object Reference: 
		File: "Companions Use Companion Perk Overhaul.esp"
		Modified by: Fallout4.esm -> Unofficial Fallout 4 Patch.esp -> Companions Use Companion Perk Overhaul.esp
		Flags: 0x00440009
		FormID: 0x00019FD9
		FormType: kNPC_ (45)
		File: "Fallout4.esm"
		Flags: 0x00400409
		EditorID: "PrestonGarveyRef"
		FormID: 0x0001A4D7
		FormType: kACHR (65)
	[RSP+8A8 ] 0x0                (size_t) [0]
	[RSP+8B0 ] 0x72D52AEEE0       (void*)
	[RSP+8B8 ] 0x7FFF22C1BDB5     (void* -> Buffout4.dll+00FBDB5	mov r8d, eax |  E:\Documents\source\repos\vcpkg\buildtrees\tbb\src\v2021.8.0-b8941aa9b2.clean\src\tbbmalloc\frontend.cpp:2567 ?getTLS@MemoryPool@internal@rml@@QEAAPEAVTLSData@23@_N@Z)
	[RSP+8C0 ] 0x72D52AEFC0       (void*)
	[RSP+8C8 ] 0x7FF665883FDA     (void* -> Fallout4.exe+0053FDA	cmp edi, eax |  BSstristr(char*,char*)_53FDA)
	[RSP+8D0 ] 0x25268F3FE68      (void*)
	[RSP+8D8 ] 0x7FF667F7EE7D     (void* -> Fallout4.exe+274EE7D	jmp 0x00007FF667F7EEA6 |  BSTScatterTableKernel<BSTScatterTableTraits<uint,BSTSmartPointer<BSScript::Stack,BSTSmartPointerIntrusiveRefCount>,BSTScatterTableDefaultKVStorage,BSTScatterTableDefaultHashPolicy<uint>,BSTScatterTableHeapAllocator<BSTScatterTableEntry<uint,BSTSmartPointer<BSScript::Stack,BSTSmartPointerIntrusiveRefCount>,BSTScatterTableDefaultKVStorage>>,8>>::ConditionalRemoveAt<BSTScatterTableKernel<BSTScatterTableTraits<uint,BSTSmartPointer<BSScript::Stack,BSTSmartPointerIntrusiveRefCount>,BSTScatterTableDefaultKVStorage,BSTScatterTableDefaultHashPolicy<uint>,BSTScatterTableHeapAllocator<BSTScatterTableEntry<uint,BSTSmartPointer<BSScript::Stack,BSTSmartPointerIntrusiveRefCount>,BSTScatterTableDefaultKVStorage>>,8>>::AlwaysMatchExtractValueFunctor>(BSTScatterTableEntry<uint,BSTSmartPointer<BSScript::Stack,BSTSmartPointerIntrusiveRefCount>,BSTScatterTableDefaultKVStorage>*,uint,uint&,BSTScatterTableKernel<BSTScatterTableTraits<uint,BSTSmartPointer<BSScript::Stack,BSTSmartPointerIntrusiveRefCount>,BSTScatterTableDefaultKVStorage,BSTScatterTableDefaultHashPolicy<uint>,BSTScatterTableHeapAllocator<BSTScatterTableEntry<uint,BSTSmartPointer<BSScript::Stack,BSTSmartPointerIntrusiveRefCount>,BSTScatterTableDefaultKVStorage>>,8>>::AlwaysMatchExtractValueFunctor&)_274EE7D)
	[RSP+8E0 ] 0x252298DFE10      (void*)
	[RSP+8E8 ] 0x72D52AEFC8       (void*)
	[RSP+8F0 ] 0x72D52AEFC8       (void*)
	[RSP+8F8 ] 0x252298DFE10      (void*)
	[RSP+900 ] 0x12               (size_t) [18]
	[RSP+908 ] 0x7FFF22C1C84C     (void* -> Buffout4.dll+00FC84C	mov rbx, rax |  E:\Documents\source\repos\vcpkg\buildtrees\tbb\src\v2021.8.0-b8941aa9b2.clean\src\tbbmalloc\frontend.cpp:2934 scalable_malloc E:\Documents\source\repos\vcpkg\buildtrees\tbb\src\v2021.8.0-b8941aa9b2.clean\src\tbbmalloc\frontend.cpp:2995 scalable_malloc)
	[RSP+910 ] 0x104              (size_t) [260]
	[RSP+918 ] 0x7FF667F20A55     (void* -> Fallout4.exe+26F0A55	cmp eax, 0x06 |  BSScript::Variable::Cleanup(void)_26F0A55)
	[RSP+920 ] 0x100              (size_t) [256]
	[RSP+928 ] 0x25268F34100      (BSScript::Internal::VirtualMachine*)
	[RSP+930 ] 0x253CA8BBEC0      (void*)
	[RSP+938 ] 0x7FF667F4D90D     (void* -> Fallout4.exe+271D90D	jmp 0x00007FF667F4D911 |  BSScript::IMemoryPagePolicy::CreatePage(uint,BSTSmartPointer<BSScript::MemoryPage,BSTSmartPointerAutoPtr>&)_271D90D)
	[RSP+940 ] 0x7FF66B299250     (void* -> Fallout4.exe+5A69250	add [rax], al |  aDiveBombChance_5A69250)
	[RSP+948 ] 0x7FF667F21145     (void* -> Fallout4.exe+26F1145	cmp eax, 0x06 |  BSScript::Variable::Assign(BSScript::Variable&)_26F1145)
	[RSP+950 ] 0x12               (size_t) [18]
	[RSP+958 ] 0x253CA8BBF04      (void*)
	[RSP+960 ] 0x0                (size_t) [0]
	[RSP+968 ] 0x7FF66B2ED9B8     (BSScript::SimpleAllocMemoryPagePolicy*)
	[RSP+970 ] 0x12               (size_t) [18]
	[RSP+978 ] 0x7FF667F4D3E8     (void* -> Fallout4.exe+271D3E8	test al, al |  BSScript::SimpleAllocMemoryPagePolicy::AllocatePage(uint,BSScript::IMemoryPagePolicy::NewPageStrategy,BSTSmartPointer<BSScript::MemoryPage,BSTSmartPointerAutoPtr>&)_271D3E8)
	[RSP+980 ] 0x2                (size_t) [2]
	[RSP+988 ] 0x0                (size_t) [0]
	[RSP+990 ] 0x12               (size_t) [18]
	[RSP+998 ] 0x7FF667372FE8     (void* -> Fallout4.exe+1B42FE8	mov r10, rax |  BSStringPool::Entry::Release(BSStringPool::Entry*&)_1B42FE8)
	[RSP+9A0 ] 0x25268F34101      (void*)
	[RSP+9A8 ] 0x252298DFE10      (void*)
	[RSP+9B0 ] 0x253CA8BBEC4      (void*)
	[RSP+9B8 ] 0x7FF667F20A55     (void* -> Fallout4.exe+26F0A55	cmp eax, 0x06 |  BSScript::Variable::Cleanup(void)_26F0A55)
	[RSP+9C0 ] 0x0                (size_t) [0]
	[RSP+9C8 ] 0x252F3B98220      (void*)
	[RSP+9D0 ] 0x253CA8BBF04      (void*)
	[RSP+9D8 ] 0x12               (size_t) [18]
	[RSP+9E0 ] 0x72D52AF101       (void*)
	[RSP+9E8 ] 0x7FF667F21062     (void* -> Fallout4.exe+26F1062	jmp 0x00007FF667F21259 |  BSScript::Variable::Assign(BSScript::Variable&)_26F1062)
	[RSP+9F0 ] 0x0                (size_t) [0]
	[RSP+9F8 ] 0x253CA8BBF04      (void*)
	[RSP+A00 ] 0x7FF66B397580     (void* -> Fallout4.exe+5B67580	xor ch, bh |  aDiveBombChance_5B67580)
	[RSP+A08 ] 0x1                (size_t) [1]
	[RSP+A10 ] 0x72D52AF069       (void*)
	[RSP+A18 ] 0x7FF66848BF48     (void* -> Fallout4.exe+2C5BF48	and [rbp-0x64], ah |  hkbInternal::hks::execute<0>(hkbInternal::lua_State*,hkbInternal::hksInstruction*,int)_2C5BF48)
	[RSP+A20 ] 0x0                (size_t) [0]
	[RSP+A28 ] 0x72D52AF101       (void*)
	[RSP+A30 ] 0x0                (size_t) [0]
	[RSP+A38 ] 0x7FF667F31FBE     (void* -> Fallout4.exe+2701FBE	mov rbx, [rsp+0x40] |  BSScript::StackFrame::InitFrame(BSTSmartPointer<BSScript::IFunction,BSTSmartPointerIntrusiveRefCount>&,BSTSmartPointer<BSScript::ObjectTypeInfo,BSTSmartPointerIntrusiveRefCount>&,BSScript::Variable&,BSScrapArray<BSScript::Variable>&)_2701FBE)
	[RSP+A40 ] 0x0                (size_t) [0]
	[RSP+A48 ] 0x252298DFE10      (void*)
	[RSP+A50 ] 0x2                (size_t) [2]
	[RSP+A58 ] 0x0                (size_t) [0]
	[RSP+A60 ] 0x0                (size_t) [0]
	[RSP+A68 ] 0x252BEA97700      (void*)
	[RSP+A70 ] 0x72D52AF110       (void*)
	[RSP+A78 ] 0x7FF667F33E97     (void* -> Fallout4.exe+2703E97	mov rbp, [rsp+0x78] |  BSScript::Stack::PushFrame(BSTSmartPointer<BSScript::IFunction,BSTSmartPointerIntrusiveRefCount>&,BSTSmartPointer<BSScript::ObjectTypeInfo,BSTSmartPointerIntrusiveRefCount>&,BSScript::Variable&,BSScrapArray<BSScript::Variable>&)_2703E97)
	[RSP+A80 ] 0x72D52AF120       (void*)
	[RSP+A88 ] 0x0                (size_t) [0]
	[RSP+A90 ] 0x25268F34100      (BSScript::Internal::VirtualMachine*)
	[RSP+A98 ] 0x0                (size_t) [0]
	[RSP+AA0 ] 0x72D52AF148       (void*)
	[RSP+AA8 ] 0x72D52AF850       (void*)
	[RSP+AB0 ] 0x25268F34101      (void*)
	[RSP+AB8 ] 0x2                (size_t) [2]
	[RSP+AC0 ] 0x5FA87D8F00       (size_t) [410848694016]
	[RSP+AC8 ] 0x72D52AF850       (void*)
	[RSP+AD0 ] 0x0                (size_t) [0]
	[RSP+AD8 ] 0x25268F34100      (BSScript::Internal::VirtualMachine*)
	[RSP+AE0 ] 0x72D52AF1C0       (void*)
	[RSP+AE8 ] 0x7FF667F6F224     (void* -> Fallout4.exe+273F224	mov r15, [rbp-0x38] |  BSScript::Internal::VirtualMachine::AttemptFunctionCall(BSScript::Stack*,BSTSmartPointer<BSScript::Internal::IFuncCallQuery,BSTSmartPointerIntrusiveRefCount>&,bool)_273F224)
	[RSP+AF0 ] 0x12               (size_t) [18]
	[RSP+AF8 ] 0x72D52AF1C0       (void*)
	[RSP+B00 ] 0x7FF66B2EDA20     (GameScript::Logger*)
	[RSP+B08 ] 0x25268F34100      (BSScript::Internal::VirtualMachine*)
	[RSP+B10 ] 0x72D52AF100       (void*)
	[RSP+B18 ] 0x72D52AF148       (void*)
	[RSP+B20 ] 0x253434B3000      (void*)
	[RSP+B28 ] 0x252CE7B4BE0      (BSScript::ObjectTypeInfo*)
		Name: "LTMN2:LootMan"
	[RSP+B30 ] 0x252CE7B9E40      (void*)
	[RSP+B38 ] 0x0                (size_t) [0]
	[RSP+B40 ] 0x252CE7B48E0      (NativeFunction1<StaticFunctionTag,void,StringCache::Ref>*)
	[RSP+B48 ] 0x25300000001      (void*)
	[RSP+B50 ] 0x0                (size_t) [0]
	[RSP+B58 ] 0x0                (size_t) [0]
	[RSP+B60 ] 0x253434B3040      (void*)
	[RSP+B68 ] 0x252CED27BE0      (BSScript::ObjectTypeInfo*)
		Name: "FormList"
	[RSP+B70 ] 0x252298DFE10      (void*)
	[RSP+B78 ] 0x252298DFD70      (ScrapHeap*)
	[RSP+B80 ] 0x252F3B98220      (void*)
	[RSP+B88 ] 0x7FF600000001     (size_t) [140694538682369]
	[RSP+B90 ] 0x7200000001       (size_t) [489626271745]
	[RSP+B98 ] 0x25322C65900      (BSScript::ObjectTypeInfo*)
		Name: "LTMN2:System"
	[RSP+BA0 ] 0x0                (size_t) [0]
	[RSP+BA8 ] 0x252F97B0B80      (TESObjectREFR*)
		Object Reference: 
		File: "Fallout4.esm"
		Flags: 0x00000009
		EditorID: "PatrolIdleMarker"
		FormID: 0x00002CE2
		FormType: kIDLM (49)
		File: "Fallout4.esm"
		Flags: 0x00040409
		FormID: 0x00074E57
		FormType: kREFR (64)
	[RSP+BB0 ] 0x25343724920      (MovementPathManagerArbiter*)
	[RSP+BB8 ] 0x252BEA97700      (void*)
	[RSP+BC0 ] 0x25343724968      (void*)
	[RSP+BC8 ] 0x252FC2CCD80      (BGSProcedurePatrol*)
	[RSP+BD0 ] 0x2536E5CA7F0      (BGSProcedureUseIdleMarkerExecState*)
	[RSP+BD8 ] 0xFFFFFFFF         (size_t) [4294967295]
	[RSP+BE0 ] 0x252FC2CCD80      (BGSProcedurePatrol*)
	[RSP+BE8 ] 0x1                (size_t) [1]
	[RSP+BF0 ] 0x252FC2CCD80      (BGSProcedurePatrol*)
	[RSP+BF8 ] 0x7FF665C0204C     (void* -> Fallout4.exe+03D204C	mov rbp, rax |  BSVisit::TraverseScenegraphNPCollision<_lambda_5939b18cff3e9c84ea1e648bfff6cde8_>(NiAVObject*,_lambda_5939b18cff3e9c84ea1e648bfff6cde8_&)_3D204C)
	[RSP+C00 ] 0x2536E5AAF00      (BGSProcedurePatrolExecState*)
	[RSP+C08 ] 0x72D52AF460       (void*)
	[RSP+C10 ] 0x72D52AF299       (void*)
	[RSP+C18 ] 0x7FF665F1D990     (void* -> Fallout4.exe+06ED990	mov rdx, [rdi+0x10] |  BGSProcedurePatrol::AtRef(BGSProcessContext&,bool)_6ED990)
	[RSP+C20 ] 0x253C61BFB80      (void*)
	[RSP+C28 ] 0x7FF666B19D24     (void* -> Fallout4.exe+12E9D24	test eax, eax |  BSTSmartPointer<BSScript::Object,BSTSmartPointerIntrusiveRefCount>::`scalar_deleting_destructor'(uint)_12E9D24)
	[RSP+C30 ] 0x252F39BF3DC      (void*)
	[RSP+C38 ] 0x0                (size_t) [0]
	[RSP+C40 ] 0x252F97B0B80      (TESObjectREFR*)
		Object Reference: 
		File: "Fallout4.esm"
		Flags: 0x00000009
		EditorID: "PatrolIdleMarker"
		FormID: 0x00002CE2
		FormType: kIDLM (49)
		File: "Fallout4.esm"
		Flags: 0x00040409
		FormID: 0x00074E57
		FormType: kREFR (64)
	[RSP+C48 ] 0x72D52AF348       (void*)
	[RSP+C50 ] 0x252F39BF3D4      (void*)
	[RSP+C58 ] 0x7FF667F20A55     (void* -> Fallout4.exe+26F0A55	cmp eax, 0x06 |  BSScript::Variable::Cleanup(void)_26F0A55)
	[RSP+C60 ] 0x12               (size_t) [18]
	[RSP+C68 ] 0x0                (size_t) [0]
	[RSP+C70 ] 0x0                (size_t) [0]
	[RSP+C78 ] 0x7FFF22C1B53E     (void* -> Buffout4.dll+00FB53E	cmp eax, ebx |  E:\Documents\source\repos\vcpkg\buildtrees\tbb\src\v2021.8.0-b8941aa9b2.clean\src\tbbmalloc\frontend.cpp:2537 ?freeOwnObject@Block@internal@rml@@QEAAXPEAX@Z)
	[RSP+C80 ] 0x7FF66B299250     (void* -> Fallout4.exe+5A69250	add [rax], al |  aDiveBombChance_5A69250)
	[RSP+C88 ] 0x7FF667F21145     (void* -> Fallout4.exe+26F1145	cmp eax, 0x06 |  BSScript::Variable::Assign(BSScript::Variable&)_26F1145)
	[RSP+C90 ] 0x12               (size_t) [18]
	[RSP+C98 ] 0x252F39BF3F4      (void*)
	[RSP+CA0 ] 0x252F39BF370      (void*)
	[RSP+CA8 ] 0x7FFF22C1C673     (void* -> Buffout4.dll+00FC673	mov rdi, [rsp+0x30] |  E:\Documents\source\repos\vcpkg\buildtrees\tbb\src\v2021.8.0-b8941aa9b2.clean\src\tbbmalloc\frontend.cpp:3185 scalable_aligned_free)
	[RSP+CB0 ] 0x252F39BF380      (void*)
	[RSP+CB8 ] 0x7FFF22E05500     (void* -> Buffout4.dll+02E5500	add [rax], al |  ?memPoolListLock@MemoryPool@internal@rml@@2VMallocMutex@@A_2E5500)
	[RSP+CC0 ] 0x0                (size_t) [0]
	[RSP+CC8 ] 0x252F39BF384      (void*)
	[RSP+CD0 ] 0x252298DFE10      (void*)
	[RSP+CD8 ] 0x7FF667F4D648     (void* -> Fallout4.exe+271D648	test rbx, rbx |  BSScript::SimpleAllocMemoryPagePolicy::DisposePage(BSTSmartPointer<BSScript::MemoryPage,BSTSmartPointerAutoPtr>&)_271D648)
	[RSP+CE0 ] 0x12               (size_t) [18]
	[RSP+CE8 ] 0x7FF66B2ED9D4     (void* -> Fallout4.exe+5ABD9D4	add [rax], al |  aDiveBombChance_5ABD9D4)
	[RSP+CF0 ] 0x252298DFE10      (void*)
	[RSP+CF8 ] 0x7FF665BF397E     (void* -> Fallout4.exe+03C397E	movzx eax, sil |  TESObjectCELL::GetWaterHeightForLoadedData(LOADED_CELL_DATA*,bhkWorld*,NiPoint3&,float&,BSPointerHandle<TESObjectREFR,BSUntypedPointerHandle<21,5>>*)_3C397E)
	[RSP+D00 ] 0x0                (size_t) [0]
	[RSP+D08 ] 0x253301DC7E0      (void*)
	[RSP+D10 ] 0x253301DC7E0      (void*)
	[RSP+D18 ] 0x7FF667F33CEC     (void* -> Fallout4.exe+2703CEC	dec esi |  BSScript::Stack::PopFrame(void)_2703CEC)
	[RSP+D20 ] 0x12               (size_t) [18]
	[RSP+D28 ] 0x253301DC7C0      (void*)
	[RSP+D30 ] 0x0                (size_t) [0]
	[RSP+D38 ] 0x12               (size_t) [18]
	[RSP+D40 ] 0x12               (size_t) [18]
	[RSP+D48 ] 0x72D52AF3A8       (void*)
	[RSP+D50 ] 0x252F39BF384      (void*)
	[RSP+D58 ] 0x7FF667F20A55     (void* -> Fallout4.exe+26F0A55	cmp eax, 0x06 |  BSScript::Variable::Cleanup(void)_26F0A55)
	[RSP+D60 ] 0x25268F34100      (BSScript::Internal::VirtualMachine*)
	[RSP+D68 ] 0x253301DC7C0      (void*)
	[RSP+D70 ] 0x12               (size_t) [18]
	[RSP+D78 ] 0x0                (size_t) [0]
	[RSP+D80 ] 0x12               (size_t) [18]
	[RSP+D88 ] 0x7FF667F6FAB6     (void* -> Fallout4.exe+273FAB6	mov rax, [rsp+0x70] |  BSScript::Internal::VirtualMachine::AttemptFunctionReturn(BSScript::Stack*,bool,bool)_273FAB6)
	[RSP+D90 ] 0x0                (size_t) [0]
	[RSP+D98 ] 0x72D52AF460       (void*)
	[RSP+DA0 ] 0x0                (size_t) [0]
	[RSP+DA8 ] 0x253301DC7C0      (void*)
	[RSP+DB0 ] 0x0                (size_t) [0]
	[RSP+DB8 ] 0x0                (size_t) [0]
	[RSP+DC0 ] 0x7FF66BF4E5E0     (void* -> Fallout4.exe+671E5E0	add [rax], al |  aDiveBombChance_671E5E0)
	[RSP+DC8 ] 0x0                (size_t) [0]
	[RSP+DD0 ] 0x0                (size_t) [0]
	[RSP+DD8 ] 0x0                (size_t) [0]
	[RSP+DE0 ] 0x0                (size_t) [0]
	[RSP+DE8 ] 0x7FF66665A71E     (void* -> Fallout4.exe+0E2A71E	test rax, rax |  AIProcess::GetPackageThatIsRunning(void)_E2A71E)
	[RSP+DF0 ] 0x0                (size_t) [0]
	[RSP+DF8 ] 0x0                (size_t) [0]
	[RSP+E00 ] 0x252298DFE10      (void*)
	[RSP+E08 ] 0x7FF667CE332E     (void* -> Fallout4.exe+24B332E	jmp 0x00007FF667CE3332 |  BSNavmesh::IsPointInsideTriangle(ushort,NiPoint3&,FindTriangleForLocationFilter&,float&)_24B332E)
	[RSP+E10 ] 0x253434D8F00      (Actor*)
		Object Reference: 
		Flags: 0x00000008
		FormID: 0xFF001C46
		FormType: kNPC_ (45)
		File: "Fallout4.esm"
		Flags: 0x00020409
		FormID: 0x00074E54
		FormType: kACHR (65)
	[RSP+E18 ] 0x7FF66662F2C2     (void* -> Fallout4.exe+0DFF2C2	test al, al |  Actor::IsInActiveCombat(void)_DFF2C2)
	[RSP+E20 ] 0x253A0C09800      (BShkbAnimationGraph*)
	[RSP+E28 ] 0x72D52AF4C0       (void*)
	[RSP+E30 ] 0x72D52AF450       (void*)
	[RSP+E38 ] 0x7FF67F7FFFFF     (size_t) [140696677777407]
	[RSP+E40 ] 0x253434D8F00      (Actor*)
		Object Reference: 
		Flags: 0x00000008
		FormID: 0xFF001C46
		FormType: kNPC_ (45)
		File: "Fallout4.esm"
		Flags: 0x00020409
		FormID: 0x00074E54
		FormType: kACHR (65)
	[RSP+E48 ] 0x7FF666679E8D     (void* -> Fallout4.exe+0E49E8D	test al, al |  AIProcess::UpdateGunState(Actor&)_E49E8D)
	[RSP+E50 ] 0x47B48D71C7996CFE (size_t) [5166910192320343294]
	[RSP+E58 ] 0x45F670E3         (size_t) [1173778659]
	[RSP+E60 ] 0x47B46482C799AA99 (size_t) [5166865185358064281]
	[RSP+E68 ] 0x7FF645F67E05     (size_t) [140695712464389]
	[RSP+E70 ] 0x47B4C449C7998CEC (size_t) [5166970493661187308]
	[RSP+E78 ] 0x7FF6665A2B13     (void* -> Fallout4.exe+0D72B13	mov rbx, rax |  Actor::IsOnMovingObject(bool)_D72B13)
	[RSP+E80 ] 0x47B49FCFC7998CC8 (size_t) [5166930387256577224]
	[RSP+E88 ] 0x45F67422         (size_t) [1173779490]
	[RSP+E90 ] 0x253434D8F00      (Actor*)
		Object Reference: 
		Flags: 0x00000008
		FormID: 0xFF001C46
		FormType: kNPC_ (45)
		File: "Fallout4.esm"
		Flags: 0x00020409
		FormID: 0x00074E54
		FormType: kACHR (65)
	[RSP+E98 ] 0xFFFFFFFF         (size_t) [4294967295]
	[RSP+EA0 ] 0x0                (size_t) [0]
	[RSP+EA8 ] 0x0                (size_t) [0]
	[RSP+EB0 ] 0x253434D8FD0      (void*)
	[RSP+EB8 ] 0x253434D8F00      (Actor*)
		Object Reference: 
		Flags: 0x00000008
		FormID: 0xFF001C46
		FormType: kNPC_ (45)
		File: "Fallout4.esm"
		Flags: 0x00020409
		FormID: 0x00074E54
		FormType: kACHR (65)
	[RSP+EC0 ] 0x7FF66847A2A8     (void* -> Fallout4.exe+2C4A2A8	add byte ptr [rbx-0x7C], 0x65 |  hkbInternal::hks::execute<0>(hkbInternal::lua_State*,hkbInternal::hksInstruction*,int)_2C4A2A8)
	[RSP+EC8 ] 0x2B               (size_t) [43]
	[RSP+ED0 ] 0x253434D8F00      (Actor*)
		Object Reference: 
		Flags: 0x00000008
		FormID: 0xFF001C46
		FormType: kNPC_ (45)
		File: "Fallout4.esm"
		Flags: 0x00020409
		FormID: 0x00074E54
		FormType: kACHR (65)
	[RSP+ED8 ] 0x7FF6665B9C97     (void* -> Fallout4.exe+0D89C97	xor edx, edx |  Actor::CanMove(void)_D89C97)
	[RSP+EE0 ] 0x72D52AF5E0       (void*)
	[RSP+EE8 ] 0x7FF665928BC9     (void* -> Fallout4.exe+00F8BC9	movsxd rax, dword ptr [rsp+0x38] |  TES::GetCellPriority(TESObjectCELL*,NiPoint3*)_F8BC9)
	[RSP+EF0 ] 0x253434D9028      (Actor*)
		Object Reference: 
		Flags: 0x00000008
		FormID: 0xFF001C46
		FormType: kNPC_ (45)
		File: "Fallout4.esm"
		Flags: 0x00020409
		FormID: 0x00074E54
		FormType: kACHR (65)
	[RSP+EF8 ] 0x7FF6666791C6     (void* -> Fallout4.exe+0E491C6	mov rdi, [rsp+0xE0] |  AIProcess::GetCachedPathingLocation(Actor&,BSPathingLocation&)_E491C6)
	[RSP+F00 ] 0x72D52AF530       (void*)
	[RSP+F08 ] 0x7FF6665F3380     (void* -> Fallout4.exe+0DC3380	test al, al |  Actor::DoGetCurrentMaxSpeeds(Movement::MaxSpeeds&)_DC3380)
	[RSP+F10 ] 0x253434D8F00      (Actor*)
		Object Reference: 
		Flags: 0x00000008
		FormID: 0xFF001C46
		FormType: kNPC_ (45)
		File: "Fallout4.esm"
		Flags: 0x00020409
		FormID: 0x00074E54
		FormType: kACHR (65)
	[RSP+F18 ] 0x7FF666668D73     (void* -> Fallout4.exe+0E38D73	cmp dword ptr [rbx+0x78], 0x00 |  AIProcess::IsWeaponSubgraphFinishedLoading(Actor&)_E38D73)
	[RSP+F20 ] 0x253433DD1A0      (void*)
	[RSP+F28 ] 0x253FFFFFFEC      (size_t) [2559800508396]
	[RSP+F30 ] 0x3FD0000000000000 (size_t) [4598175219545276416]
	[RSP+F38 ] 0x7FF600000016     (size_t) [140694538682390]
	[RSP+F40 ] 0x253434D8F00      (Actor*)
		Object Reference: 
		Flags: 0x00000008
		FormID: 0xFF001C46
		FormType: kNPC_ (45)
		File: "Fallout4.esm"
		Flags: 0x00020409
		FormID: 0x00074E54
		FormType: kACHR (65)
	[RSP+F48 ] 0x7FF6665F4C4E     (void* -> Fallout4.exe+0DC4C4E	test al, al |  Actor::PollItemEquip(bool)_DC4C4E)
	[RSP+F50 ] 0x7FF600000001     (size_t) [140694538682369]
	[RSP+F58 ] 0x0                (size_t) [0]
	[RSP+F60 ] 0x4353FAB300000000 (size_t) [4851496870314246144]
	[RSP+F68 ] 0x43A59BDC         (size_t) [1134926812]
	[RSP+F70 ] 0x4353FAB300000000 (size_t) [4851496870314246144]
	[RSP+F78 ] 0x43A59BDC         (size_t) [1134926812]
	[RSP+F80 ] 0x4353FAB300000000 (size_t) [4851496870314246144]
	[RSP+F88 ] 0x7FF6681329B9     (void* -> Fallout4.exe+29029B9	mov rsi, [rsp+0x20] |  Umbra::QueryContext::QueryContext(Umbra::QueryState*,uint)_29029B9)
	[RSP+F90 ] 0x42D3FAB300000000 (size_t) [4815468073295282176]
	[RSP+F98 ] 0x4353FAB3         (size_t) [1129577139]
	[RSP+FA0 ] 0x3F490FDB3F490FDB (size_t) [4560193532023345115]
	[RSP+FA8 ] 0x3FC90FDB3FC90FDB (size_t) [4596222329050697691]
	[RSP+FB0 ] 0xFFFFFFFFFFFFFFFE (size_t) [uint: 18446744073709551614 int: -2]
	[RSP+FB8 ] 0x2527EC7FBA0      (void*)
	[RSP+FC0 ] 0x0                (size_t) [0]
	[RSP+FC8 ] 0x7FF6680E7F1F     (void* -> Fallout4.exe+28B7F1F	lea r11, [rsp+0x4A0] |  Umbra::QueryExt::queryStaticShadowCasters(Umbra::ShadowCullerExt&,Umbra::IndexList&,Umbra::ObjectDistanceParams*,int,int,Umbra::IndexList*)_28B7F1F)
	[RSP+FD0 ] 0x7200009FBF       (size_t) [489626312639]
	[RSP+FD8 ] 0x5                (size_t) [5]
	[RSP+FE0 ] 0x4                (size_t) [4]
	[RSP+FE8 ] 0x25261A3C2A8      (void*)
	[RSP+FF0 ] 0x72D52AF710       (void*)
	[RSP+FF8 ] 0x72D52AF70C       (void*)
	[RSP+1000] 0x2537A0B0000      (void*)
	[RSP+1008] 0x25261A552B0      (void*)
	[RSP+1010] 0xBF17594F3F1F7A72 (size_t) [uint: 13769572582604896882 int: -4677171491104654734]
	[RSP+1018] 0x0                (size_t) [0]
	[RSP+1020] 0xFF7FFFFF         (size_t) [4286578687]
	[RSP+1028] 0x0                (size_t) [0]
	[RSP+1030] 0x47B34F4BC7AE80EC (size_t) [5166560384415334636]
	[RSP+1038] 0x3F800000460C814F (size_t) [4575657222583648591]
	[RSP+1040] 0x25300000001      (void*)
	[RSP+1048] 0x0                (size_t) [0]
	[RSP+1050] 0x2533F03225F      (void*)
	[RSP+1058] 0x0                (size_t) [0]
	[RSP+1060] 0x3F8000003F800000 (size_t) [4575657222473777152]
	[RSP+1068] 0x3F8000003F800000 (size_t) [4575657222473777152]
	[RSP+1070] 0xE00000001        (size_t) [60129542145]
	[RSP+1078] 0x0                (size_t) [0]
	[RSP+1080] 0x253A147F580      (bhkCharRigidBodyController*)
	[RSP+1088] 0x253434D8F00      (Actor*)
		Object Reference: 
		Flags: 0x00000008
		FormID: 0xFF001C46
		FormType: kNPC_ (45)
		File: "Fallout4.esm"
		Flags: 0x00020409
		FormID: 0x00074E54
		FormType: kACHR (65)
	[RSP+1090] 0x0                (size_t) [0]
	[RSP+1098] 0x7FF66734093F     (void* -> Fallout4.exe+1B1093F	cmp [rdi], eax |  BSReadWriteLock::LockForRead(void)_1B1093F)
	[RSP+10A0] 0x0                (size_t) [0]
	[RSP+10A8] 0x25261A3C460      (void*)
	[RSP+10B0] 0x25300000000      (void*)
	[RSP+10B8] 0x7FFF22C1B53E     (void* -> Buffout4.dll+00FB53E	cmp eax, ebx |  E:\Documents\source\repos\vcpkg\buildtrees\tbb\src\v2021.8.0-b8941aa9b2.clean\src\tbbmalloc\frontend.cpp:2537 ?freeOwnObject@Block@internal@rml@@QEAAXPEAX@Z)
	[RSP+10C0] 0x5A3F03225F       (size_t) [387604226655]
	[RSP+10C8] 0x0                (size_t) [0]
	[RSP+10D0] 0x0                (size_t) [0]
	[RSP+10D8] 0x0                (size_t) [0]
	[RSP+10E0] 0x252F3B90880      (void*)
	[RSP+10E8] 0x7FFF22C1C673     (void* -> Buffout4.dll+00FC673	mov rdi, [rsp+0x30] |  E:\Documents\source\repos\vcpkg\buildtrees\tbb\src\v2021.8.0-b8941aa9b2.clean\src\tbbmalloc\frontend.cpp:3185 scalable_aligned_free)
	[RSP+10F0] 0x252F3B908A0      (void*)
	[RSP+10F8] 0x7FF667372FE8     (void* -> Fallout4.exe+1B42FE8	mov r10, rax |  BSStringPool::Entry::Release(BSStringPool::Entry*&)_1B42FE8)
	[RSP+1100] 0x500000004        (size_t) [21474836484]
	[RSP+1108] 0x7FF6FFFFFFFF     (size_t) [140698833649663]
	[RSP+1110] 0x252BEBA3E70      (void*)
	[RSP+1118] 0x7FFF22C1B53E     (void* -> Buffout4.dll+00FB53E	cmp eax, ebx |  E:\Documents\source\repos\vcpkg\buildtrees\tbb\src\v2021.8.0-b8941aa9b2.clean\src\tbbmalloc\frontend.cpp:2537 ?freeOwnObject@Block@internal@rml@@QEAAXPEAX@Z)
	[RSP+1120] 0x252F3B90880      (void*)
	[RSP+1128] 0x252BEBA3E70      (void*)
	[RSP+1130] 0x1                (size_t) [1]
	[RSP+1138] 0x252F3B908A0      (void*)
	[RSP+1140] 0x252BEBA3E70      (void*)
	[RSP+1148] 0x7FFF22C1C673     (void* -> Buffout4.dll+00FC673	mov rdi, [rsp+0x30] |  E:\Documents\source\repos\vcpkg\buildtrees\tbb\src\v2021.8.0-b8941aa9b2.clean\src\tbbmalloc\frontend.cpp:3185 scalable_aligned_free)
	[RSP+1150] 0x252BEBA3E70      (void*)
	[RSP+1158] 0x7FFF22E05500     (void* -> Buffout4.dll+02E5500	add [rax], al |  ?memPoolListLock@MemoryPool@internal@rml@@2VMallocMutex@@A_2E5500)
	[RSP+1160] 0x7FF66B397580     (void* -> Fallout4.exe+5B67580	xor ch, bh |  aDiveBombChance_5B67580)
	[RSP+1168] 0x1840             (size_t) [6208]
	[RSP+1170] 0x25268F3C360      (BSTCommonLLMessageQueue<BSScript::Internal::FunctionMessage>*)
	[RSP+1178] 0x7FF667F915A7     (void* -> Fallout4.exe+27615A7	mov rax, rdi |  BSScript::Internal::RawFuncCallQuery::`vector_deleting_destructor'(uint)_27615A7)
	[RSP+1180] 0x252BEBA3E70      (void*)
	[RSP+1188] 0x1                (size_t) [1]
	[RSP+1190] 0x252298DFE10      (void*)
	[RSP+1198] 0x0                (size_t) [0]
	[RSP+11A0] 0x25268F35340      (void*)
	[RSP+11A8] 0x7FF667F9445D     (void* -> Fallout4.exe+276445D	nop [rax], eax |  BSTArray<BSTSmartPointer<BSScript::Struct,BSTSmartPointerIntrusiveRefCount>,BSTArrayHeapAllocator>::DestructItems(uint,uint)_276445D)
	[RSP+11B0] 0x25268F34348      (BSTStaticFreeList<BSScript::Internal::FunctionMessage,1024>*)
	[RSP+11B8] 0x0                (size_t) [0]
	[RSP+11C0] 0x0                (size_t) [0]
	[RSP+11C8] 0x7FF66734093F     (void* -> Fallout4.exe+1B1093F	cmp [rdi], eax |  BSReadWriteLock::LockForRead(void)_1B1093F)
	[RSP+11D0] 0x1                (size_t) [1]
	[RSP+11D8] 0x7FF667F9C69B     (void* -> Fallout4.exe+276C69B	movzx ecx, al |  BSTCommonMessageQueue<BSScript::Internal::FunctionMessage>::TryPop(BSScript::Internal::FunctionMessage&)_276C69B)
	[RSP+11E0] 0x1840             (size_t) [6208]
	[RSP+11E8] 0x25268F3C360      (BSTCommonLLMessageQueue<BSScript::Internal::FunctionMessage>*)
	[RSP+11F0] 0x25268F34100      (BSScript::Internal::VirtualMachine*)
	[RSP+11F8] 0x7FF665982D26     (void* -> Fallout4.exe+0152D26	mov rbx, [rsp+0x30] |  TESForm::GetFormByNumericID(uint)_152D26)
	[RSP+1200] 0x0                (size_t) [0]
	[RSP+1208] 0x7FF667F7328C     (void* -> Fallout4.exe+274328C	movzx ebp, al |  BSScript::Internal::VirtualMachine::PopNextFunctionMessage(BSScript::Internal::FunctionMessage&)_274328C)
	[RSP+1210] 0x25268F34100      (BSScript::Internal::VirtualMachine*)
	[RSP+1218] 0x1                (size_t) [1]
	[RSP+1220] 0x5FA87D8F6E       (size_t) [410848694126]
	[RSP+1228] 0x0                (size_t) [0]
	[RSP+1230] 0x0                (size_t) [0]
	[RSP+1238] 0x106E             (size_t) [4206]
	[RSP+1240] 0x7FF6685BDCE0     (void* -> Fallout4.exe+2D8DCE0	adc [rdi+rbp*4+0x66], bh |  aDiveBombChance_2D8DCE0)
	[RSP+1248] 0x7FF667F701FF     (void* -> Fallout4.exe+27401FF	call 0x00007FF6673458F0 |  BSScript::Internal::VirtualMachine::ProcessMessageQueue(float,uint&,uint&)_27401FF)
	[RSP+1250] 0x25268F34340      (void*)
	[RSP+1258] 0x252BEA97700      (void*)
	[RSP+1260] 0x1840             (size_t) [6208]
	[RSP+1268] 0xBF800000         (size_t) [3212836864]
	[RSP+1270] 0x25200000001      (void*)
	[RSP+1278] 0x252BEA97700      (void*)
	[RSP+1280] 0x252C0F2A480      (BSScript::Internal::CodeTasklet*)
		Stack Trace: 
[None].LTMN2:LootMan.OnUpdateLootManProperty() - "<native>" Line ?
[<nullptr alias> (595) on <nullptr quest> (22A9F580)].LTMN2:System.initialize() - "<unknown file>" Line 0
[<nullptr alias> (595) on <nullptr quest> (22A9F580)].LTMN2:System.OnTimer() - "<unknown file>" Line 0

	[RSP+1288] 0x7FF6658544E3     (void* -> Fallout4.exe+00244E3	mov esi, eax |  BSSpinLock::Lock(char*)_244E3)
	[RSP+1290] 0x3C19299C         (size_t) [1008282012]
	[RSP+1298] 0x0                (size_t) [0]
	[RSP+12A0] 0x3C19299C         (size_t) [1008282012]
	[RSP+12A8] 0x0                (size_t) [0]
	[RSP+12B0] 0x25268F34100      (BSScript::Internal::VirtualMachine*)
	[RSP+12B8] 0x5FA87D8DC5       (size_t) [410848693701]
	[RSP+12C0] 0x0                (size_t) [0]
	[RSP+12C8] 0x7FF66B418088     (void* -> Fallout4.exe+5BE8088	add [rax], al |  aDiveBombChance_5BE8088)
	[RSP+12D0] 0x25268F3FEC4      (void*)
	[RSP+12D8] 0x0                (size_t) [0]
	[RSP+12E0] 0x72D52AF9C0       (void*)
	[RSP+12E8] 0x7FF667F61C37     (void* -> Fallout4.exe+2731C37	lea r8, [rbp+0x50] |  BSScript::Internal::VirtualMachine::Update(float)_2731C37)
	[RSP+12F0] 0x106E             (size_t) [4206]
	[RSP+12F8] 0x7200000002       (size_t) [489626271746]
	[RSP+1300] 0x252298DF450      (void*)
	[RSP+1308] 0x7FF66B41AB00     (void* -> Fallout4.exe+5BEAB00	add [rax], al |  aDiveBombChance_5BEAB00)
	[RSP+1310] 0xFFFFFFFFFFFFFFFE (size_t) [uint: 18446744073709551614 int: -2]
	[RSP+1318] 0x0                (size_t) [0]
	[RSP+1320] 0x1                (size_t) [1]
	[RSP+1328] 0x7FF667F20A55     (void* -> Fallout4.exe+26F0A55	cmp eax, 0x06 |  BSScript::Variable::Cleanup(void)_26F0A55)
	[RSP+1330] 0x0                (size_t) [0]
	[RSP+1338] 0x7FF666CACDE2     (void* -> Fallout4.exe+147CDE2	test sil, sil |  BSTArray<BSTSmartPointer<GameScript::Internal::DistanceEventData,BSTSmartPointerIntrusiveRefCount>,BSTArrayHeapAllocator>::ConditionalRemove<_lambda_0364a2bfa982262576de34b187ab41bd_>(_lambda_0364a2bfa982262576de34b187ab41bd_&,bool)_147CDE2)
	[RSP+1340] 0x253CC9E69C8      (void*)
	[RSP+1348] 0x253CC9E69C8      (void*)
	[RSP+1350] 0x1                (size_t) [1]
	[RSP+1358] 0x2533F5E16C0      (TESObjectREFR*)
		Object Reference: 
		File: "FATE Core - Fixes.esl"
		Modified by: Fallout4.esm -> FATE Core - Fixes.esl
		Flags: 0x08400009
		FormID: 0x00204813
		FormType: kMSTT (38)
		File: "Fallout4.esm"
		Flags: 0x0140000B
		FormID: 0x0008A523
		FormType: kREFR (64)
	[RSP+1360] 0x7FF66B30DAB0     (GameScript::TimerEventHandler*)
	[RSP+1368] 0x7FF6658544E3     (void* -> Fallout4.exe+00244E3	mov esi, eax |  BSSpinLock::Lock(char*)_244E3)
	[RSP+1370] 0x1840             (size_t) [6208]
	[RSP+1378] 0x7FF6658544E3     (void* -> Fallout4.exe+00244E3	mov esi, eax |  BSSpinLock::Lock(char*)_244E3)
	[RSP+1380] 0x0                (size_t) [0]
	[RSP+1388] 0x0                (size_t) [0]
	[RSP+1390] 0x0                (size_t) [0]
	[RSP+1398] 0x0                (size_t) [0]
	[RSP+13A0] 0x0                (size_t) [0]
	[RSP+13A8] 0x0                (size_t) [0]
	[RSP+13B0] 0x0                (size_t) [0]
	[RSP+13B8] 0x0                (size_t) [0]
	[RSP+13C0] 0x0                (size_t) [0]
	[RSP+13C8] 0x0                (size_t) [0]
	[RSP+13D0] 0x0                (size_t) [0]
	[RSP+13D8] 0x0                (size_t) [0]
	[RSP+13E0] 0x0                (size_t) [0]
	[RSP+13E8] 0x0                (size_t) [0]
	[RSP+13F0] 0x253CC9E69D0      (void*)
	[RSP+13F8] 0x5FA87D8DC5       (size_t) [410848693701]
	[RSP+1400] 0x7FF66B418080     (void* -> Fallout4.exe+5BE8080	add [rax], al |  aDiveBombChance_5BE8080)
	[RSP+1408] 0x7FF66B418088     (void* -> Fallout4.exe+5BE8088	add [rax], al |  aDiveBombChance_5BE8088)
	[RSP+1410] 0x7FF66B2ED8F0     (GameVM*)
	[RSP+1418] 0x0                (size_t) [0]
	[RSP+1420] 0x7FF66B41AB20     (void* -> Fallout4.exe+5BEAB20	and ch, dl |  aDiveBombChance_5BEAB20)
	[RSP+1428] 0x2A30             (size_t) [10800]
	[RSP+1430] 0x0                (size_t) [0]
	[RSP+1438] 0x7FF666BA2378     (void* -> Fallout4.exe+1372378	mov r15, [rsp+0x50] |  GameVM::Update(float)_1372378)
	[RSP+1440] 0x5F00000000       (size_t) [408021893120]
	[RSP+1448] 0x2A               (size_t) [42]
	[RSP+1450] 0xB                (size_t) [11]
	[RSP+1458] 0x25200000000      (void*)
	[RSP+1460] 0x3F               (size_t) [63]
	[RSP+1468] 0x10490000003A     (size_t) [17905718657082]
	[RSP+1470] 0x7FF60000B250     (size_t) [140694538728016]
	[RSP+1478] 0x0                (size_t) [0]
	[RSP+1480] 0x0                (size_t) [0]
	[RSP+1488] 0x0                (size_t) [0]
	[RSP+1490] 0x7FF66B418084     (void* -> Fallout4.exe+5BE8084	add [rax], al |  aDiveBombChance_5BE8084)
	[RSP+1498] 0x1                (size_t) [1]
	[RSP+14A0] 0x7FF66B418088     (void* -> Fallout4.exe+5BE8088	add [rax], al |  aDiveBombChance_5BE8088)
	[RSP+14A8] 0x0                (size_t) [0]
	[RSP+14B0] 0x0                (size_t) [0]
	[RSP+14B8] 0x7FF66B41AB20     (void* -> Fallout4.exe+5BEAB20	and ch, dl |  aDiveBombChance_5BEAB20)
	[RSP+14C0] 0x2527EC7D520      (void*)
	[RSP+14C8] 0x7FF6664ED875     (void* -> Fallout4.exe+0CBD875	mov ecx, [0x00007FF66B29BCDC] |  JobListManager::VMUpdate(void*)_CBD875)
	[RSP+14D0] 0x0                (size_t) [0]
	[RSP+14D8] 0x3F               (size_t) [63]
	[RSP+14E0] 0x3A               (size_t) [58]
	[RSP+14E8] 0x7FFFECB63F8E     (void* -> KERNELBASE.dll+0033F8E	nop [rax+rax*1], eax)
	[RSP+14F0] 0x7FF66B41AB20     (void* -> Fallout4.exe+5BEAB20	and ch, dl |  aDiveBombChance_5BEAB20)
	[RSP+14F8] 0x7FF667380F26     (void* -> Fallout4.exe+1B50F26	mov ecx, [rbx+0x0C] |  BSJobs::JobListLocal::RunJobsInternal(uint,BSJobs::ThreadJobListState&,bool)_1B50F26)
	[RSP+1500] 0x7FF66B41AB20     (void* -> Fallout4.exe+5BEAB20	and ch, dl |  aDiveBombChance_5BEAB20)
	[RSP+1508] 0x0                (size_t) [0]
	[RSP+1510] 0x0                (size_t) [0]
	[RSP+1518] 0x0                (size_t) [0]
	[RSP+1520] 0x0                (size_t) [0]
	[RSP+1528] 0x0                (size_t) [0]
	[RSP+1530] 0x7FF66B42E580     (void* -> Fallout4.exe+5BFE580	and ch, dl |  aDiveBombChance_5BFE580)
	[RSP+1538] 0x1                (size_t) [1]
	[RSP+1540] 0x7FF66B41AAB0     (BSJobs::JobThread*)
	[RSP+1548] 0x7FF667381432     (void* -> Fallout4.exe+1B51432	mov r14d, eax |  BSJobs::JobThread::RunJob(void)_1B51432)
	[RSP+1550] 0x1                (size_t) [1]
	[RSP+1558] 0x7FF66B41AAD0     (void* -> Fallout4.exe+5BEAAD0	add [rax], al |  aDiveBombChance_5BEAAD0)
	[RSP+1560] 0x0                (size_t) [0]
	[RSP+1568] 0x72D52AFB90       (char*) "lL"
	[RSP+1570] 0x0                (size_t) [0]
	[RSP+1578] 0x0                (size_t) [0]
	[RSP+1580] 0x0                (size_t) [0]
	[RSP+1588] 0x7FF667383F67     (void* -> Fallout4.exe+1B53F67	movzx eax, byte ptr [rbx+0xA74] |  BSJobs::JobThread::ThreadProc(void)_1B53F67)
	[RSP+1590] 0x7FF66B41AAB0     (BSJobs::JobThread*)
	[RSP+1598] 0x0                (size_t) [0]
	[RSP+15A0] 0x0                (size_t) [0]
	[RSP+15A8] 0x0                (size_t) [0]
	[RSP+15B0] 0x7FF66B41AAB0     (BSJobs::JobThread*)
	[RSP+15B8] 0x7FF66734CFED     (void* -> Fallout4.exe+1B1CFED	mov rcx, [0x00007FF66B38BD38] |  BSThread::CallThreadProc(void)_1B1CFED)
	[RSP+15C0] 0x4C6C             (size_t) [19564]
	[RSP+15C8] 0x72D52AFBB0       (void*)
	[RSP+15D0] 0x2527EC5BC90      (void*)
	[RSP+15D8] 0x0                (size_t) [0]
	[RSP+15E0] 0x7FF66B41AAB0     (BSJobs::JobThread*)
	[RSP+15E8] 0x0                (size_t) [0]
	[RSP+15F0] 0x0                (size_t) [0]
	[RSP+15F8] 0x7FFFEE7626AD     (void* -> KERNEL32.DLL+00126AD	mov ecx, eax)
	[RSP+1600] 0x0                (size_t) [0]
	[RSP+1608] 0x0                (size_t) [0]
	[RSP+1610] 0x0                (size_t) [0]
	[RSP+1618] 0x0                (size_t) [0]
	[RSP+1620] 0x0                (size_t) [0]
	[RSP+1628] 0x7FFFEF36AA68     (void* -> ntdll.dll+005AA68	jmp 0x00007FFFEF36AA89)
	[RSP+1630] 0x0                (size_t) [0]
	[RSP+1638] 0x0                (size_t) [0]
	[RSP+1640] 0x0                (size_t) [0]
	[RSP+1648] 0x0                (size_t) [0]
	[RSP+1650] 0x0                (size_t) [0]
	[RSP+1658] 0x0                (size_t) [0]
	[RSP+1660] 0x46150F0300000000 (size_t) [5049959062725197824]
	[RSP+1668] 0x0                (size_t) [0]
	[RSP+1670] 0x4F0FFFFFB30      (size_t) [5433133628208]
	[RSP+1678] 0x7FFFECC8BB40     (void* -> KERNELBASE.dll+015BB40	mov [rsp+0x10], rbx)
	[RSP+1680] 0x72D52AD680       (void*)
	[RSP+1688] 0x60000FFFF55BB688 (size_t) [6917546619648587400]
	[RSP+1690] 0x7FFFAADDB443     (size_t) [140736060044355]
	[RSP+1698] 0x72D52AD680       (void*)
	[RSP+16A0] 0x0                (size_t) [0]
	[RSP+16A8] 0x0                (size_t) [0]
	[RSP+16B0] 0x0                (size_t) [0]
	[RSP+16B8] 0x0                (size_t) [0]
	[RSP+16C0] 0x0                (size_t) [0]
	[RSP+16C8] 0x0                (size_t) [0]
	[RSP+16D0] 0x0                (size_t) [0]
	[RSP+16D8] 0x0                (size_t) [0]
	[RSP+16E0] 0x0                (size_t) [0]
	[RSP+16E8] 0x0                (size_t) [0]
	[RSP+16F0] 0x0                (size_t) [0]
	[RSP+16F8] 0x0                (size_t) [0]
	[RSP+1700] 0x0                (size_t) [0]
	[RSP+1708] 0x0                (size_t) [0]
	[RSP+1710] 0x0                (size_t) [0]
	[RSP+1718] 0x0                (size_t) [0]
	[RSP+1720] 0x0                (size_t) [0]
	[RSP+1728] 0x0                (size_t) [0]
	[RSP+1730] 0x0                (size_t) [0]
	[RSP+1738] 0x0                (size_t) [0]
	[RSP+1740] 0x0                (size_t) [0]
	[RSP+1748] 0x0                (size_t) [0]
	[RSP+1750] 0x0                (size_t) [0]
	[RSP+1758] 0x0                (size_t) [0]
	[RSP+1760] 0x0                (size_t) [0]
	[RSP+1768] 0x0                (size_t) [0]
	[RSP+1770] 0x0                (size_t) [0]
	[RSP+1778] 0x0                (size_t) [0]
	[RSP+1780] 0x0                (size_t) [0]
	[RSP+1788] 0x0                (size_t) [0]
	[RSP+1790] 0x0                (size_t) [0]
	[RSP+1798] 0x0                (size_t) [0]
	[RSP+17A0] 0x0                (size_t) [0]
	[RSP+17A8] 0x0                (size_t) [0]
	[RSP+17B0] 0x0                (size_t) [0]
	[RSP+17B8] 0x0                (size_t) [0]
	[RSP+17C0] 0x0                (size_t) [0]
	[RSP+17C8] 0x0                (size_t) [0]
	[RSP+17D0] 0x0                (size_t) [0]
	[RSP+17D8] 0x0                (size_t) [0]
	[RSP+17E0] 0x0                (size_t) [0]
	[RSP+17E8] 0x0                (size_t) [0]
	[RSP+17F0] 0x0                (size_t) [0]
	[RSP+17F8] 0x0                (size_t) [0]
	[RSP+1800] 0x0                (size_t) [0]
	[RSP+1808] 0x0                (size_t) [0]
	[RSP+1810] 0x0                (size_t) [0]
	[RSP+1818] 0x0                (size_t) [0]
	[RSP+1820] 0x0                (size_t) [0]
	[RSP+1828] 0x0                (size_t) [0]
	[RSP+1830] 0x0                (size_t) [0]
	[RSP+1838] 0x0                (size_t) [0]
	[RSP+1840] 0x0                (size_t) [0]
	[RSP+1848] 0x0                (size_t) [0]
	[RSP+1850] 0x0                (size_t) [0]
	[RSP+1858] 0x0                (size_t) [0]
	[RSP+1860] 0x0                (size_t) [0]
	[RSP+1868] 0x0                (size_t) [0]
	[RSP+1870] 0x0                (size_t) [0]
	[RSP+1878] 0x0                (size_t) [0]
	[RSP+1880] 0x0                (size_t) [0]
	[RSP+1888] 0x0                (size_t) [0]
	[RSP+1890] 0x0                (size_t) [0]
	[RSP+1898] 0x0                (size_t) [0]
	[RSP+18A0] 0x0                (size_t) [0]
	[RSP+18A8] 0x0                (size_t) [0]
	[RSP+18B0] 0x0                (size_t) [0]
	[RSP+18B8] 0x0                (size_t) [0]
	[RSP+18C0] 0x0                (size_t) [0]
	[RSP+18C8] 0x0                (size_t) [0]
	[RSP+18D0] 0x0                (size_t) [0]
	[RSP+18D8] 0x0                (size_t) [0]
	[RSP+18E0] 0x0                (size_t) [0]
	[RSP+18E8] 0x0                (size_t) [0]
	[RSP+18F0] 0x0                (size_t) [0]
	[RSP+18F8] 0x0                (size_t) [0]
	[RSP+1900] 0x0                (size_t) [0]
	[RSP+1908] 0x0                (size_t) [0]
	[RSP+1910] 0x0                (size_t) [0]
	[RSP+1918] 0x0                (size_t) [0]
	[RSP+1920] 0x0                (size_t) [0]
	[RSP+1928] 0x0                (size_t) [0]
	[RSP+1930] 0x0                (size_t) [0]
	[RSP+1938] 0x0                (size_t) [0]
	[RSP+1940] 0x0                (size_t) [0]
	[RSP+1948] 0x0                (size_t) [0]
	[RSP+1950] 0x0                (size_t) [0]
	[RSP+1958] 0x0                (size_t) [0]
	[RSP+1960] 0x0                (size_t) [0]
	[RSP+1968] 0x0                (size_t) [0]
	[RSP+1970] 0x0                (size_t) [0]
	[RSP+1978] 0x0                (size_t) [0]
	[RSP+1980] 0x0                (size_t) [0]
	[RSP+1988] 0x0                (size_t) [0]
	[RSP+1990] 0x0                (size_t) [0]
	[RSP+1998] 0x0                (size_t) [0]
	[RSP+19A0] 0x0                (size_t) [0]
	[RSP+19A8] 0x0                (size_t) [0]
	[RSP+19B0] 0x0                (size_t) [0]
	[RSP+19B8] 0x0                (size_t) [0]
	[RSP+19C0] 0x0                (size_t) [0]
	[RSP+19C8] 0x0                (size_t) [0]
	[RSP+19D0] 0x0                (size_t) [0]
	[RSP+19D8] 0x0                (size_t) [0]
	[RSP+19E0] 0x0                (size_t) [0]
	[RSP+19E8] 0x0                (size_t) [0]
	[RSP+19F0] 0x0                (size_t) [0]
	[RSP+19F8] 0x0                (size_t) [0]
	[RSP+1A00] 0x0                (size_t) [0]
	[RSP+1A08] 0x0                (size_t) [0]
	[RSP+1A10] 0x0                (size_t) [0]
	[RSP+1A18] 0x0                (size_t) [0]
	[RSP+1A20] 0x0                (size_t) [0]
	[RSP+1A28] 0x0                (size_t) [0]

MODULES:
	XINPUT1_3.dll                      0x000000400000
	steam_api64.dll                    0x000070C50000
	X3DAudio1_7.dll                    0x000070CC0000
	tbb.dll                            0x000180000000
	tbbmalloc.dll                      0x02526B3C0000
	LL_fourPlay_1_10_163.dll           0x025270B20000
	Fallout4.exe                       0x7FF665830000
	XAudio2_7.dll                      0x7FFF06E90000
	gameoverlayrenderer64.dll          0x7FFF06F20000
	steamclient64.dll                  0x7FFF070B0000
	usvfs_x64.dll                      0x7FFF20D40000
	SUP_F4SE.dll                       0x7FFF21FD0000
	XDI.dll                            0x7FFF22380000
	wsfw_identifier.dll                0x7FFF223F0000
	WhoseQuestIsItAnywayF4.dll         0x7FFF224F0000
	ShadowBoostFO4.dll                 0x7FFF22550000
	RobCo_Patcher.dll                  0x7FFF22620000
	UnlimitedFastTravel.dll            0x7FFF22A40000
	PRKF.dll                           0x7FFF22A90000
	Buffout4.dll                       0x7FFF22B20000
	WINHTTP.dll                        0x7FFF23480000
	SettlementOfUnlimitedSize.dll      0x7FFF23A10000
	flexRelease_x64.dll                0x7FFF23A60000
	po3_SpellPerkItemDistributorF4.dll 0x7FFF23E50000
	RustyFaceFix.dll                   0x7FFF2C470000
	PowerGridTools.dll                 0x7FFF2D6F0000
	po3_BaseObjectSwapperF4.dll        0x7FFF2D760000
	place.dll                          0x7FFF2D870000
	PipboyTabs.dll                     0x7FFF2D8F0000
	Outfit-ReDress-Fix.dll             0x7FFF2D950000
	MODExplorer.dll                    0x7FFF2DB10000
	mcm.dll                            0x7FFF2DB90000
	lootman.dll                        0x7FFF2EEC0000
	LooksmenuPlayerRotation.dll        0x7FFF2F4F0000
	LighthousePapyrusExtender.dll      0x7FFF363A0000
	HHS.dll                            0x7FFF36480000
	BakaFramework.dll                  0x7FFF3F7A0000
	f4ee.dll                           0x7FFF3F890000
	F4z Ro D'oh.dll                    0x7FFF45840000
	CONCRT140.dll                      0x7FFF45B10000
	Interior-NavCut-Fix.dll            0x7FFF57D90000
	GCBugFix.dll                       0x7FFF58010000
	crafting_highlight_fix.dll         0x7FFF580B0000
	HighFPSPhysicsFix.dll              0x7FFF581D0000
	MSVCR110.dll                       0x7FFF58260000
	ConsoleUtilF4.dll                  0x7FFF58450000
	ESPExplorer.dll                    0x7FFF584A0000
	cudart64_75.dll                    0x7FFF58570000
	MSVCP110.dll                       0x7FFF587B0000
	GFSDK_SSAO_D3D11.win64.dll         0x7FFF6A270000
	f4se_1_10_163.dll                  0x7FFF6A320000
	bink2w64.dll                       0x7FFF6A4D0000
	BetterConsole.dll                  0x7FFF6A5A0000
	tier0_s64.dll                      0x7FFF6A610000
	GFSDK_GodraysLib.x64.dll           0x7FFF6AA00000
	PriorityMod.dll                    0x7FFF76DE0000
	PlotUI.dll                         0x7FFF857B0000
	flexExtRelease_x64.dll             0x7FFF85C00000
	nvspcap64.dll                      0x7FFF9B220000
	pppl.dll                           0x7FFFAA120000
	f4se_steam_loader.dll              0x7FFFB1130000
	uiautomationcore.dll               0x7FFFB3980000
	encounter_zone_recalculation.dll   0x7FFFBA5F0000
	vstdlib_s64.dll                    0x7FFFBA620000
	nvwgf2umx.dll                      0x7FFFC4000000
	MessageBus.dll                     0x7FFFCA400000
	threadpoolwinrt.dll                0x7FFFCC590000
	xinput1_4.dll                      0x7FFFCD100000
	OneCoreCommonProxyStub.dll         0x7FFFCD2C0000
	COMCTL32.dll                       0x7FFFCE090000
	Secur32.dll                        0x7FFFCE3D0000
	OLEACC.dll                         0x7FFFCE400000
	WININET.dll                        0x7FFFD4E40000
	inputhost.dll                      0x7FFFD6500000
	nvldumdx.dll                       0x7FFFD6870000
	MSIMG32.dll                        0x7FFFD73D0000
	Windows.UI.dll                     0x7FFFD9230000
	WeaponDebrisCrashFix.dll           0x7FFFD9550000
	OneCoreUAPCommonProxyStub.dll      0x7FFFD9570000
	textinputframework.dll             0x7FFFDAC00000
	msdmo.dll                          0x7FFFDAD30000
	MSVCP140_ATOMIC_WAIT.dll           0x7FFFDB210000
	nvToolsExt64_1.dll                 0x7FFFDB230000
	ResampleDmo.DLL                    0x7FFFDB810000
	winmmbase.dll                      0x7FFFDB940000
	VCRUNTIME140_1.dll                 0x7FFFDB9E0000
	MSVCP140.dll                       0x7FFFDC310000
	DSOUND.DLL                         0x7FFFDC470000
	VCRUNTIME140.dll                   0x7FFFDC610000
	gdiplus.dll                        0x7FFFDC660000
	dbghelp.dll                        0x7FFFDD8D0000
	WINMM.dll                          0x7FFFDFB60000
	avrt.dll                           0x7FFFE0750000
	directxdatabasehelper.dll          0x7FFFE0A10000
	CoreUIComponents.dll               0x7FFFE0DA0000
	AUDIOSES.DLL                       0x7FFFE13F0000
	nvapi64.dll                        0x7FFFE2E60000
	MMDevApi.dll                       0x7FFFE4EC0000
	drvstore.dll                       0x7FFFE5860000
	cryptnet.dll                       0x7FFFE5BB0000
	VERSION.dll                        0x7FFFE5BF0000
	dhcpcsvc.DLL                       0x7FFFE61E0000
	WINHTTP.DLL                        0x7FFFE6360000
	D3DCOMPILER_47.dll                 0x7FFFE8150000
	d3d11.dll                          0x7FFFE8F30000
	dcomp.dll                          0x7FFFE9190000
	CoreMessaging.dll                  0x7FFFE97F0000
	UxTheme.dll                        0x7FFFE9C60000
	dxcore.dll                         0x7FFFE9DC0000
	dxgi.dll                           0x7FFFE9E00000
	dwmapi.dll                         0x7FFFEA0F0000
	resourcepolicyclient.dll           0x7FFFEA170000
	wintypes.dll                       0x7FFFEA570000
	windows.storage.dll                0x7FFFEA6B0000
	HID.DLL                            0x7FFFEAF80000
	IPHLPAPI.DLL                       0x7FFFEB220000
	rsaenh.dll                         0x7FFFEB700000
	UMPDC.dll                          0x7FFFEB790000
	powrprof.dll                       0x7FFFEB7B0000
	kernel.appcore.dll                 0x7FFFEB800000
	ntmarta.dll                        0x7FFFEB820000
	SSPICLI.DLL                        0x7FFFEBA60000
	MSWSOCK.dll                        0x7FFFEBC70000
	wldp.dll                           0x7FFFEBEF0000
	CRYPTBASE.DLL                      0x7FFFEBF70000
	CRYPTSP.dll                        0x7FFFEBF90000
	MSASN1.dll                         0x7FFFEBFE0000
	bcrypt.dll                         0x7FFFEC0E0000
	cfgmgr32.dll                       0x7FFFEC3D0000
	devobj.dll                         0x7FFFEC420000
	profapi.dll                        0x7FFFEC640000
	win32u.dll                         0x7FFFEC7D0000
	CRYPT32.dll                        0x7FFFEC800000
	msvcp_win.dll                      0x7FFFEC970000
	ucrtbase.dll                       0x7FFFECA10000
	KERNELBASE.dll                     0x7FFFECB30000
	bcryptPrimitives.dll               0x7FFFECEE0000
	gdi32full.dll                      0x7FFFECF60000
	WINTRUST.dll                       0x7FFFED080000
	COMDLG32.dll                       0x7FFFED170000
	WS2_32.dll                         0x7FFFED270000
	USER32.dll                         0x7FFFED360000
	shcore.dll                         0x7FFFED510000
	clbcatq.dll                        0x7FFFED610000
	ADVAPI32.dll                       0x7FFFED6C0000
	OLEAUT32.dll                       0x7FFFED770000
	combase.dll                        0x7FFFED870000
	MSCTF.dll                          0x7FFFEDC00000
	NSI.dll                            0x7FFFEDD30000
	sechost.dll                        0x7FFFEDD40000
	RPCRT4.dll                         0x7FFFEDDF0000
	GDI32.dll                          0x7FFFEDF10000
	SHELL32.dll                        0x7FFFEDF40000
	KERNEL32.DLL                       0x7FFFEE750000
	imagehlp.dll                       0x7FFFEE820000
	SHLWAPI.dll                        0x7FFFEE840000
	ole32.dll                          0x7FFFEE8A0000
	SETUPAPI.dll                       0x7FFFEEC60000
	msvcrt.dll                         0x7FFFEF170000
	IMM32.DLL                          0x7FFFEF280000
	PSAPI.DLL                          0x7FFFEF2C0000
	ntdll.dll                          0x7FFFEF310000

F4SE PLUGINS:
	BakaFramework.dll v1.8
	BetterConsole.dll
	Buffout4.dll v1.31.1
	ConsoleUtilF4.dll v1.0.1
	crafting_highlight_fix.dll
	encounter_zone_recalculation.dll
	ESPExplorer.dll
	f4ee.dll
	F4z Ro D'oh.dll v1.1.6.1030
	GCBugFix.dll v1
	HHS.dll
	HighFPSPhysicsFix.dll
	Interior-NavCut-Fix.dll v1.0.3
	LighthousePapyrusExtender.dll v1
	LL_fourPlay_1_10_163.dll
	LooksmenuPlayerRotation.dll
	lootman.dll
	mcm.dll
	MODExplorer.dll
	Outfit-ReDress-Fix.dll v1
	PipboyTabs.dll
	place.dll
	PlotUI.dll
	po3_BaseObjectSwapperF4.dll v1
	po3_SpellPerkItemDistributorF4.dll v2
	PowerGridTools.dll
	pppl.dll
	PriorityMod.dll
	PRKF.dll
	RobCo_Patcher.dll v1
	RustyFaceFix.dll v2.0.1
	SettlementOfUnlimitedSize.dll
	ShadowBoostFO4.dll
	SUP_F4SE.dll
	UnlimitedFastTravel.dll
	WeaponDebrisCrashFix.dll
	WhoseQuestIsItAnywayF4.dll v1
	wsfw_identifier.dll
	XDI.dll

PLUGINS:
	[00]     Fallout4.esm
	[01]     DLCRobot.esm
	[02]     DLCworkshop01.esm
	[03]     DLCCoast.esm
	[04]     DLCworkshop02.esm
	[05]     DLCworkshop03.esm
	[06]     DLCNukaWorld.esm
	[07]     ccrzrfo4001-tunnelsnakes.esm
	[08]     ccswkfo4001-astronautpowerarmor.esm
	[09]     cczsef04001-bhouse.esm
	[0A]     cctosfo4001-neosky.esm
	[0B]     cczsefo4002-smanor.esm
	[0C]     cctosfo4002_neonflats.esm
	[0D]     Unofficial Fallout 4 Patch.esp
	[0E]     HUDFramework.esm
	[0F]     XDI.esm
	[10]     WorkshopFramework.esm
	[11]     FortStronger.esm
	[12]     SouthOfTheSea.esm
	[13]     PANPC.esm
	[14]     PACE.esm
	[15]     DCGuard_Overhaul.esp
	[16]     SS2.esm
	[17]     SS2_XPAC_Chapter2.esm
	[18]     InstituteTechnologyOverhaul.esm
	[19]     MFC2023_EndAlz_Trunk.esm
	[1A]     Games.esm
	[1B]     BarstoolGames.esm
	[1C]     Random Robots - True Leveled.esm
	[1D]     NoSharedDogmeatTemplate.esp
	[1E]     NukaWorldReborn.esp
	[1F]     VivaNukaWorldQuests.esp
	[20]     NukaWorldPlus.esp
	[21]     Ketaros_Treasures.esp
	[22]     SS2Extended.esp
	[23]     FaceMaxson.esp
	[24]     AGNISNikaCola01.esp
	[25]     Skb_RiflesRebirth.esp
	[26]     Zapgun.esp
	[27]     127mmSMG.esp
	[28]     American180nv.esp
	[29]     BullpupBozar.esp
	[2A]     CheatTerminal.esp
	[2B]     DCGuard_Overhaul-SettlementWorkshop.esp
	[2C]     Mk41GyrojetHMG.esp
	[2D]     SKKFastReunions.esp
	[2E]     ABundleofTape.esp
	[2F]     InstituteTechnologyOverhaul - FULL.esp
	[30]     F4NVRechargerWeapons.esp
	[31]     Immersive Courser Overhaul.esp
	[32]     Glock86.esp
	[33]     KSHairsFemsheppingRadbeetle.esp
	[34]     The Eyes Of Beauty.esp
	[35]     UltracitePA.esp
	[36]     SS2_FDK_TinyLiving.esp
	[37]     Eli_Armour_Compendium.esp
	[38]     Ketaros_MissingMags.esp
	[39]     CreationClubDelay.esp
	[3A]     Mors Shortcut to Curie.esp
	[3B]     Jacq-CompanionPerkMags.esp
	[3C]     9mmPistol.esp
	[3D]     F4NVLaserPistol.esp
	[3E]     PoliceWeaponPack.esp
	[3F]     Shadow Wastelands SS2 World Repopulation Cells.esp
	[40]     llamaCompanionHeatherv2.esp
	[41]     Glock 17&18.esp
	[42]     PBW-TheServicePackRELOADED.esp
	[43]     SS2WastelandVenturers.esp
	[44]     LeeEnfieldNo4MkI.esp
	[45]     0_Vault120.esp
	[46]     BetaWaveHarmonica.esp
	[47]     [SS20Addon] SimSettlements SuperStructures.esp
	[48]     ElMudoStore.esp
	[49]     GtN_SettlersatPlay.esp
	[4A]     Cho1-SS2-Cosmosplot.esp
	[4B]     SS2-Jampads2.esp
	[4C]     Cho1_ss2_Barmod_Conversion.esp
	[4D]     SS2_ruined_simsettlement_addonpack.esp
	[4E]     SS2_STRA_Buildings_and_Skins.esp
	[4F]     SS2_STRA_Support_Buildings.esp
	[50]     GarageHomesAndSensibleSecurity.esp
	[51]     JunkTownTwo.esp
	[52]     SS2_Addon_FHE.esp
	[53]     SS2_Addon_PSC_Plots.esp
	[54]     SS2-PraRandomAddon.esp
	[55]     DP_CaravanShotgun.esp
	[56]     SigSauer127.esp
	[57]     F4CW10mmSMG.esp
	[58]     45autoPistol.esp
	[59]     DesertEagleNV.esp
	[5A]     WinCowbowRepeater.esp
	[5B]     22LR_SilentPistol_ENG.esp
	[5C]     SelectRapidMG.esp
	[5D]     SelectShotgun.esp
	[5E]     ESPExplorerFO4.esp
	[5F]     BarstoolGames_NW.esp
	[60]     BarstoolGames_FH.esp
	[61]     SettlementMenuManager.esp
	[62]     AutomatronUnlockedNukaParts.esp
	[63]     Better Randomized Robots - vanilla loot patch.esp
	[64]     HuntingRevolver.esp
	[65]     LooksMenu Customization Compendium.esp
	[66]     Skibs-223PistolRedux.esp
	[67]     HoloTime_2.esp
	[68]     SelectMarksman.esp
	[69]     Better_Settlement_Defence.esp
	[6A]     PigAutomagIII.esp
	[6B]     PlasmaDefenderStandalone.esp
	[6C]     PBW-PlasmaPistol.esp
	[6D]     VisibleCompanionAffinity.esp
	[6E]     ChineseStealthSuit.esp
	[6F]     KSHairdos.esp
	[70]     CompanionStatus.esp
	[71]     DOOMCatalyst.esp
	[72]     Playable Synth Eyes.esp
	[73]     F4NV-N99.esp
	[74]     F3metalarmor.esp
	[75]     Ketaros_World.esp
	[76]     Radium.esp
	[77]     SKKFastBOS.esp
	[78]     SKKFastMinutemen.esp
	[79]     FatherCompanion.esp
	[7A]     InstituteReformation.esp
	[7B]     SRV_StopRadioVoice.esp
	[7C]     TacticalCourser.esp
	[7D]     The Eyes of Beauty Looking Stranger.esp
	[7E]     Liga.esp
	[7F]     NaiSynthProstheticArm.esp
	[80]     PersistentVolumeSliders.esp
	[81]     HHFootsteps.esp
	[82]     GCM.esp
	[83]     SKKOmodStripper.esp
	[84]     Vault-Tec Workshop Overhaul Redux.esp
	[85]     Vault88 - Essentials.esp
	[86]     Vault 88 Template - Optimised.esp
	[87]     Alex's Settlement Power Pylon.esp
	[88]     DD_Khassar_De_Templari_Increased_build.esp
	[89]     MS Contraptions - SS2 ASAM Builder.esp
	[8A]     ohSIM_Sim2_Settlements_Scrappers_Addon.esp
	[8B]     SS2_CityPlanContestAssistant.esp
	[8C]     SS2_MsB_PlainPlans.esp
	[8D]     SS2_SIMPDDDD.esp
	[8E]     SS2CaravanSnatex.esp
	[8F]     SS2UI.esp
	[90]     TheRon_MapMarker.esp
	[91]     DCGuard_Overhaul-Workshop.esp
	[92]     Reverb and Ambiance Overhaul.esp
	[93]     FO4R.esp
	[94]     jsrs.esp
	[95]     CROSS_RugerMkV.esp
	[96]     TruePerks.esp
	[97]     Vault4.esp
	[98]     4estGimp - FSD_Vault4.esp
	[99]     BostonLibrarySettlement.esp
	[9A]     FOLIP Synthesis.esp
	[FE:000] ccbgsfo4018-gaussrifleprototype.esl
	[FE:001] ccbgsfo4019-chinesestealtharmor.esl
	[FE:002] ccbgsfo4042-bfg.esl
	[FE:003] ccbgsfo4044-hellfirepowerarmor.esl
	[FE:004] ccfsvfo4002-midcenturymodern.esl
	[FE:005] ccfrsfo4001-handmadeshotgun.esl
	[FE:006] cceejfo4001-decorationpack.esl
	[FE:007] ccbgsfo4045-advarccab.esl
	[FE:008] ccfsvfo4003-slocum.esl
	[FE:009] ccfrsfo4002-antimaterielrifle.esl
	[FE:00A] cceejfo4002-nuka.esl
	[FE:00B] ccsbjfo4001-solarflare.esl
	[FE:00C] cckgjfo4001-bastion.esl
	[FE:00D] ccqdrfo4001_powerarmorai.esl
	[FE:00E] ccbgsfo4115-x02.esl
	[FE:00F] ccrzrfo4002-disintegrate.esl
	[FE:010] ccbgsfo4116-heavyflamer.esl
	[FE:011] ccjvdfo4001-holiday.esl
	[FE:012] ccbgsfo4047-qthund.esl
	[FE:013] ccfrsfo4003-cr75l.esl
	[FE:014] ccsbjfo4002_manwellrifle.esl
	[FE:015] ccbgsfo4046-tescan.esl
	[FE:016] ccgcafo4025-pagunmm.esl
	[FE:017] FATE Core - Fixes.esl
	[FE:018] FATE Core - Tweaks.esl
	[FE:019] BakaFramework.esm
	[FE:01A] LIF.esl
	[FE:01B] PPF.esm
	[FE:01C] Munitions - An Ammo Expansion.esl
	[FE:01D] Ketaros_NewMags.esl
	[FE:01E] VCM_LibrarySupportPlugin_F-ESL.esl
	[FE:01F] Munitions - Vanilla Ammo Addon.esl
	[FE:020] CW10mmPistol.esl
	[FE:021] CW32Pistol.esl
	[FE:022] CanarySaveFileMonitor.esl
	[FE:023] CWHuntingRifle.esl
	[FE:024] Actually Viable Junk Jet.esl
	[FE:025] ConfigurableHotkeys.esl
	[FE:026] IDEKsLogisticsStation2.esl
	[FE:027] T65PA.esl
	[FE:028] ImmersiveTeleportation.esl
	[FE:029] IceStormsHair.esl
	[FE:02A] CROSS_VertibirdFlightsuit.esl
	[FE:02B] GCM_DLC_Automatron.esl
	[FE:02C] GCM_DLC_Far_Harbor.esl
	[FE:02D] RedShiftPowerArmor.esl
	[FE:02E] EnclavePack.esl
	[FE:02F] HellcatPA.esl
	[FE:030] UniversalDisassembler.esl
	[FE:031] SetMaxSettlers.esl
	[FE:032] UNDRCVR_SimplySettled2022.esl
	[FE:033] ThrowMoneyAtSS2.esl
	[FE:034] Vee_SS2_Chapter2_SettlersEssentialPatch.esl
	[FE:035] Vee_SS2_SettlersEssentialPatch.esl
	[FE:036] WG City Plans Pack ESL.esl
	[FE:037] ZJ PerfPlan - Abernathy.esl
	[FE:038] ZJ PerfPlan - RedRocket.esl
	[FE:039] ZJ PerfPlan - Sanctuary.esl
	[FE:03A] ZJ PerfPlan - Sunshine.esl
	[FE:03B] ZJ PerfPlan - Taffington.esl
	[FE:03C] ZJ PerfPlan - Tenpines.esl
	[FE:03D] ZJ PerfPlan - Zimonja.esl
	[FE:03E] ZJ-Starlight-PerfPlan.esl
	[FE:03F] Cho1_Vault88_Metro_Plan.esl
	[FE:040] GavMan_AbernathyJan22_CityPlan.esl
	[FE:041] DDLL.esl
	[FE:042] REFramework.esm
	[FE:043] CBBE.esp
	[FE:044] WCLI_PoseidonEnergyTurbine.esp
	[FE:045] eXoKetarosLootableTreasures.esp
	[FE:046] WCLI_RockIslandLighthouse.esp
	[FE:047] WCLI_NatickSubstation.esp
	[FE:048] NewtonsRegards.esp
	[FE:049] Dank_ECO.esp
	[FE:04A] Rifles Rebirth - Unofficial Update.esp
	[FE:04B] CROSS_InstituteExpeditionarySuit.esp
	[FE:04C] Bullpup Bozar - Unofficial Update.esp
	[FE:04D] WCLI_NahantRedRocket.esp
	[FE:04E] BetterFarHarbor_Open.esp
	[FE:04F] WCLI_North_Point_Park.esp
	[FE:050] Diamond City Owns It's Crops.esp
	[FE:051] Dank_LEO.esp
	[FE:052] SS2_FensSheriffDept_Patch.esp
	[FE:053] SS2-AUR-HangmansAlleyCityPlanTweaks.esp
	[FE:054] NoVault88Radiation.esp
	[FE:055] Improved Quest Objectives for FO4 - IQOFO4.esp
	[FE:056] stealth_module.esp
	[FE:057] MiscHairstyle.esp
	[FE:058] LookingStranger.esp
	[FE:059] Lots More Facial Hair.esp
	[FE:05A] Lots More Male Hairstyles.esp
	[FE:05B] SF Institute.esp
	[FE:05C] FS_FarHarborBoatFastTravel.esp
	[FE:05D] DualGun.esp
	[FE:05E] SelectRevolver.esp
	[FE:05F] 10SPECIAL.esp
	[FE:060] SelectAssaultRifle.esp
	[FE:061] SelectPowerArmor.esp
	[FE:062] LooksMenu.esp
	[FE:063] Dank_ECO-Munitions.esp
	[FE:064] Dank_WOP-22SilentPistol.esp
	[FE:065] Dank_ECO_DLCRobot.esp
	[FE:066] Dank_ECO_DLCNukaWorld.esp
	[FE:067] Dank_ECO_DLCCoast.esp
	[FE:068] 22LR Silenced Pistol - Hi-Res Textures.esp
	[FE:069] Munitions-Additional Ammo.esp
	[FE:06A] KitCompanionPerkNoFall.esp
	[FE:06B] Operator Edits - Companion Fall Damage Immunity.esp
	[FE:06C] AutomatronUnlocked.esp
	[FE:06D] LibraryExtras.esp
	[FE:06E] GenericDeliverer.esp
	[FE:06F] Compact Pistol - Unofficial Tweaks.esp
	[FE:070] Compact Pistol - Unofficial Tweaks - Deliverer Patch.esp
	[FE:071] AGNISNikaCola01-XDI patch.esp
	[FE:072] CoAPowerArmor.esp
	[FE:073] TMaH Atlantic Office fix.esp
	[FE:074] DiscreteFemaleSkeleton.esp
	[FE:075] LooksMenu1stPersonViewItemsFix.esp
	[FE:076] DX Courser X-92 Power Suit.esp
	[FE:077] CROSS_CourserStrigidae.esp
	[FE:078] HeavySelectShotgun.esp
	[FE:079] PhotonDisruptor.esp
	[FE:07A] SelectPhoton_ITOinjectPatch.esp
	[FE:07B] BulldogRevolver.esp
	[FE:07C] Manwell Rifle - Unofficial Update.esp
	[FE:07D] Enhanced Vanilla Plants.esp
	[FE:07E] WhoIsTheGeneral.esp
	[FE:07F] CreationClubChineseStealthArmorImproved.esp
	[FE:080] CBBEHR.esp
	[FE:081] Dank_LEO-Automatron.esp
	[FE:082] Dank_LEO_DLCCoast.esp
	[FE:083] Dank_LEO_DLCNukaWorld.esp
	[FE:084] GaS2BVTurretsBroke.esp
	[FE:085] Actual Legendary Rust Devils.esp
	[FE:086] Dead Settlement Brahmin Despawn.esp
	[FE:087] Fallout76_wpn_dmg.esp
	[FE:088] DOOMCatalyst0.esp
	[FE:089] Enhanced Vanilla Rocks.esp
	[FE:08A] Enhanced Vanilla Vines.esp
	[FE:08B] M8rDisablePipboyEffects.esp
	[FE:08C] Companions Use Companion Perk Overhaul.esp
	[FE:08D] Computer Console illuminated.esp
	[FE:08E] FS_NukaWorldTramFastTravel.esp
	[FE:08F] IDEKsLogisticsStation2_SS2_Patch.esp
	[FE:090] HighlightConsoleReference.esp
	[FE:091] ImmersiveTeleportation_lessPower.esp
	[FE:092] ImmersiveTeleportation_lessRads.esp
	[FE:093] ImmersiveTeleportation_quickstart.esp
	[FE:094] IT_SS2.esp
	[FE:095] DCRE.esp
	[FE:096] DCRE-FixRadio.esp
	[FE:097] F4NV-N99 - Uncompressed.esp
	[FE:098] ManCoat.esp
	[FE:099] TacticalCourser_Standalone.esp
	[FE:09A] Dank_LEO-LME.esp
	[FE:09B] Dank_LEO-MLM.esp
	[FE:09C] PR_Automatron.esp
	[FE:09D] Radium Rifle Improvements.esp
	[FE:09E] Radvolver.esp
	[FE:09F] Rusty Face Fix.esp
	[FE:0A0] UncappedSettlementSurplus.esp
	[FE:0A1] LessAnnoyingMMQuests.esp
	[FE:0A2] AzarPonytailHairstyles.esp
	[FE:0A3] PANPC - Explosion Responses.esp
	[FE:0A4] PANPC - Trap Alerts.esp
	[FE:0A5] ccTeslaCannon Patch.esp
	[FE:0A6] SlcJoepatch.esp
	[FE:0A7] 12.7mm SMG - Munitions Patch.esp
	[FE:0A8] Select Marksman Rifle - Munitions Patch.esp
	[FE:0A9] FATE Module - UNL Zones.esp
	[FE:0AA] SS2_RobotMod.esp
	[FE:0AB] Dank_LAB.esp
	[FE:0AC] Dank_LAB_DLCNukaWorld.esp
	[FE:0AD] Dank_LAB_LEO.esp
	[FE:0AE] StealthBoyBuffWithRecipe.esp
	[FE:0AF] LeeEnfieldNo4MkI Skin Pack Vol1.esp
	[FE:0B0] LeeEnfieldPAFootstepFix.esp
	[FE:0B1] Black Codsworth and windows fix.esp
	[FE:0B2] Ultimate Window Overhaul.esp
	[FE:0B3] Ultimate Window Overhaul Cubemaps.esp
	[FE:0B4] FO4HHS.esp
	[FE:0B5] 4estGimp - ZapGunLL.esp
	[FE:0B6] CoAPowerArmor - 4k patch.esp
	[FE:0B7] Mk41GyrojetHMG - ECO - English.esp
	[FE:0B8] HHFootsteps_extended.esp
	[FE:0B9] Fallout 3 10mm SMG - 4K Textures.esp
	[FE:0BA] Classic 10mm Pistol - Unofficial Update.esp
	[FE:0BB] PA-Quick Animations.esp
	[FE:0BC] PA_UnderwearPerks.esp
	[FE:0BD] LootMan.esp
	[FE:0BE] CC_SlocumCoffee_Overhaul.esp
	[FE:0BF] ChameleonAndStealthFixes.esp
	[FE:0C0] Vault-Tec Mask.esp
	[FE:0C1] Enhanced Vanilla Bodies - NeverNude Male.esp
	[FE:0C2] Enhanced Night Sky - Improved Visible Galaxy Framework.esp
	[FE:0C3] Power Armor map fix.esp
	[FE:0C4] U.S. Covert Operations Manual Redux - Magazine Retexture.esp
	[FE:0C5] Ultimate HD Flag Replacer - Redux.esp
	[FE:0C6] MS SPECIAL Zapper.esp
	[FE:0C7] Lightweight Lighting.esp
	[FE:0C8] [SS20Addon] BloodMoonRaiders.esp
	[FE:0C9] [SS2] BBVault 88.esp
	[FE:0CA] GtN_DivisionCityPlan_CPC_03.23.esp
	[FE:0CB] JunkTown-FENCES2.esp
	[FE:0CC] NukaWorldRedRocket Sim Settlements 2 Plan.esp
	[FE:0CD] SimHomestead2.esp
	[FE:0CE] SimSettlements2_AddOnPack_ApocalypticAdditions_SirLach.esp
	[FE:0CF] SS2 Lexington Underground Fix.esp
	[FE:0D0] SS2 Sanctuary Green Hills.esp
	[FE:0D1] SS2-AUR-HangmansAlleyCityPlan.esp
	[FE:0D2] SS2_DLCSettlerPatch.esp
	[FE:0D3] SS2_NobodysLeaders2.esp
	[FE:0D4] SS2_NobodysLeaders2_Automatron.esp
	[FE:0D5] SS2_NobodysLeaders2_VaultTecWorkshop.esp
	[FE:0D6] SS2_XDI Patch.esp
	[FE:0D7] SS2Addon_MS_BareEssentials.esp
	[FE:0D8] SS2AOP_VaultTecTools.esp
	[FE:0D9] SS2C2PoliceWeaponsPatch.esp
	[FE:0DA] SS2Extended_OutfitInjectionPatch.esp
	[FE:0DB] DCGuard_Overhaul-RandomEncounters.esp
	[FE:0DC] REPatch_TheFensSheriffsDepartmentBleachers2.esp
	[FE:0DD] Skip DIMA memories.esp
	[FE:0DE] SuperAffinity.esp
	[FE:0DF] CompanionsAffinity.esp
	[FE:0E0] NoAffinityCooldown.esp
	[FE:0E1] SuperAffinitySeason.esp
	[FE:0E2] A Bundle of Tape - Unofficial Update.esp
	[FE:0E3] 9mm Pistol - Unofficial Update.esp
	[FE:0E4] JSRS_Regions.esp
	[FE:0E5] A Bundle of Tape - Varmint Rifle .22 Ammo Patch.esp
	[FE:0E6] 12.7mm Pistol - Unofficial Update.esp
	[FE:0E7] Capital Wasteland .32 Pistol - Unofficial Update.esp
	[FE:0E8] Capital Wasteland Hunting Rifle - Unofficial Update.esp
	[FE:0E9] Capital Wasteland Hunting Rifle - .30 Caliber Ammo Patch.esp
	[FE:0EA] CR-74L - Unofficial Update.esp
	[FE:0EB] Caravan Shotgun - Unofficial Update.esp
	[FE:0EC] MS SkipPreWar.esp
	[FE:0ED] LOST Audio Tweaks.esp
	[FE:0EE] .223 Pistol - Munitions Patch.esp
	[FE:0EF] American 180 - Munitions Patch.esp
	[FE:0F0] IMI .50AE Desert Eagle - Munitions Patch.esp
	[FE:0F1] Luxor's Quantum X-01 power armor.esp
	[FE:0F2] FATE Module - Tesla Free Power.esp
	[FE:0F3] FATE Patch - Nuka World Reborn.esp
	[FE:0F4] CompanionStealth.esp
	[FE:0F5] Enhanced Vanilla Armor and Clothing.esp
	[FE:0F6] AutomatronCaravanFixes.esp
	[FE:0F7] PRP.esp
	[FE:0F8] Sanctuary_DCnR_F-ESL.esp
	[FE:0F9] SpectacleIsland_DCnR_F-ESL.esp
	[FE:0FA] Cov-TBH-DCnR_F-ESL.esp
	[FE:0FB] TheCastle_DC_F-ESL.esp
	[FE:0FC] Bunker Hill DCnR_F-ESL.esp
	[FE:0FD] Graygarden_DCnR_F-ESL.esp
	[FE:0FE] RedRocket_DC_F-ESL.esp
	[FE:0FF] EgretTours_DCnR_F-ESL.esp
	[FE:100] TheSlog_DC_F-ESL.esp
	[FE:101] JamaicaPlains_DCnR_F-ESL.esp
	[FE:102] CroupManor_DCnR_F-ESL.esp
	[FE:103] StarlightDrivein_DCnR_F-ESL.esp
	[FE:104] GreentopNursery_DCnr_F-ESL.esp
	[FE:105] AbernathyFarm_DC_F-ESL.esp
	[FE:106] KingsportLighthouse_DCnR_F-ESL.esp
	[FE:107] CoastalCottage_DCnR_F-ESL.esp
	[FE:108] SunshideTidings_DCnR_F-ESL.esp
	[FE:109] HangmansAlley_DC_F-ESL.esp
	[FE:10A] NordhagenBeach_DC_F-ESL.esp
	[FE:10B] TenpinesOutpostZimonja_DCnR_F-ESL.esp
	[FE:10C] SomervillePlace_DCnR_F-ESL.esp
	[FE:10D] CountyCrossing_DCnR_F-ESL.esp
	[FE:10E] EchoLakeLumber_DCnR_F-ESL.esp
	[FE:10F] NationalParkVC_DCnR_F-ESL.esp
	[FE:110] DaltonFarm_DCnR_F-ESL.esp
	[FE:111] MurkwaterConstruction_DCnR_F-ESL.esp
	[FE:112] FinchFarm_DC_F-ESL.esp
	[FE:113] LongfellowsCabin_DCnR_F-ESL.esp
	[FE:114] MechanistLair_DC_F-ESL.esp
	[FE:115] NukaWorldRedRocket_DC_F-ESL.esp
	[FE:116] OberlandStation_DCnR_F-ESL.esp
	[FE:117] Vault88_DC_F-ESL.esp
	[FE:118] WarwickHomestead_DC_F-ESL.esp
	[FE:119] Commonwealth Deep Clean and Remodel Collection.esp
	[FE:11A] DCnR Previs Rebuild.esp
	[FE:11B] OCsFiddlersGreen.esp
	[FE:11C] FiddlersGreenTarberrySwap.esp
	[FE:11D] SouthOfTheSea[Previs].esp
	[FE:11E] PRP-Compat-JSRS-Regions.esp
	[FE:11F] PRP-Machine&Her.esp
	[FE:120] FortStronger[Previsibines].esp
	[FE:121] WCLIPET18F_PRP_Patch.esp
	[FE:122] OCsNukaIsland.esp
	[FE:123] PRP-SS2-Fixes-Ch2.esp
	[FE:124] PRP-ModdingForCharity - Trunk's Malfunction.esp
	[FE:125] WCLINS_PRP_Patch.esp
	[FE:126] PRP-SS2-Fixes.esp
	[FE:127] 0_Vault120_PRP.esp
	[FE:128] PRP-TunnelSnakesRule.esp
	[FE:129] PRP-X02.esp
	[FE:12A] PRP-Neon Flats.esp
	[FE:12B] WCLI_NRR_PRP_Patch.esp
	[FE:12C] WCLINPP_PRP_Patch.esp
	[FE:12D] PRP-SS2.esp
	[FE:12E] PRP-Compat-VNW-CR.esp
	[FE:12F] PRP-Compat-NWR-CR.esp
	[FE:130] PRP-Compat-NWR.esp
	[FE:131] PRP-Compat-VNW.esp
	[FE:132] PRP-Compat-NWP-CR.esp
	[FE:133] PRP-Compat-NWP.esp
	[FE:134] PRP-Compat-NWP-NWR-VNW-Combo.esp
	[FE:135] PRP-astronautpowerarmor.esp
	[FE:136] PRP-bhouse.esp
	[FE:137] Neosky-Previs.esp
	[FE:138] Smanor-Previs.esp
	[FE:139] Vault4-eXoPatch.esp
	[FE:13A] WCLIRIL_PRP_SOTS_Patch.esp
	[FE:13B] Fourville Previs Rebuild.esp
	[FE:13C] WCLIRIL_FV_Patch.esp
	[FE:13D] BostonLibrarySettlementPRP.esp
	[FE:13E] BostonLibrarySettlementSS2.esp
	[FE:13F] BostonLibrarySettlementRobots.esp
	[FE:140] Settlement_CoA_Crater_of_Atom.esp
	[FE:141] Settlement_CoA_Ruined_Church.esp
	[FE:142] Crater of Atom Previs Rebuild.esp
	[FE:143] Ruined Church Previs Rebuild.esp
	[FE:144] FO4LODGen-DLCCoast-WindTurbines.esp
	[FE:145] FO4LODGen.esp
	[FE:146] WestonWaterLOD.esp
	[FE:147] FOLIP - New LODs.esp
	[FE:148] LOD Fixes and Additons.esp
	[FE:149] Optimized Vanilla Tree LODs.esp
	[FE:14A] Far Harbor 3d Tree LODs.esp
	[FE:14B] xLODGen_Output.esp
	[FE:14C] Appealing Moles.esp
	[FE:14D] Kirs freckles.esp
	[FE:14E] Bashed Patch, 0.esp
	[FE:14F] PACE - Less Combat Chatter.esp
	[FE:150] Far Harbor Satellite Map.esp
	[FE:151] Nuka-World Satellite Map.esp
	[FE:152] Satellite World Map Fixed.esp
	[FE:153] Dank_ECO-INNR.esp
	[FE:154] Dank_ECO-Munitions_INNR.esp
	[FE:155] Dank_ECO-LEO.esp
	[FE:156] M8r Complex Sorter.esp
	[FE:157] M8r Complex Sorter-part2.esp
