Fallout 4 v1.10.163
Buffout 4 v1.26.2

Unhandled exception "EXCEPTION_ACCESS_VIOLATION" at 0x000000000000

	[Compatibility]
		F4EE: false
	[Fixes]
		ActorIsHostileToActor: true
		CellInit: true
		CreateD3DAndSwapChain: true
		EncounterZoneReset: true
		GreyMovies: true
		MagicEffectApplyEvent: true
		MovementPlanner: true
		PackageAllocateLocation: true
		SafeExit: true
		TESObjectREFRGetEncounterZone: true
		UnalignedLoad: true
		UtilityShader: true
	[Patches]
		Achievements: true
		BSMTAManager: true
		BSPreCulledObjects: true
		BSTextureStreamerLocalHeap: true
		HavokMemorySystem: true
		INISettingCollection: true
		InputSwitch: false
		MaxStdIO: -1
		MemoryManager: true
		MemoryManagerDebug: false
		ScaleformAllocator: true
		SmallBlockAllocator: true
		WorkshopMenu: true
	[Warnings]
		CreateTexture2D: true
		ImageSpaceAdapter: true

SYSTEM SPECS:
	OS: Microsoft Windows 10 Home v10.0.19041
	CPU: AuthenticAMD AMD Ryzen 3 3100 4-Core Processor              
	GPU #1: Nvidia TU116 [GeForce GTX 1650 SUPER]
	GPU #2: Microsoft Basic Render Driver
	PHYSICAL MEMORY: 13.02 GB/15.95 GB

PROBABLE CALL STACK:
	[0] 0x7FFDE11F4FF2   Buffout4.dll+0084FF2
	[1] 0x7FFDE11E994D   Buffout4.dll+007994D
	[2] 0x7FFDE11F28F8   Buffout4.dll+00828F8
	[3] 0x7FFE221781C7 KERNELBASE.dll+01181C7
	[4] 0x7FFE245354F0      ntdll.dll+00A54F0
	[5] 0x7FFE2451C876      ntdll.dll+008C876
	[6] 0x7FFE245323DF      ntdll.dll+00A23DF
	[7] 0x7FFE244E14A4      ntdll.dll+00514A4
	[8] 0x7FFE24530F0E      ntdll.dll+00A0F0E

REGISTERS:
	RAX 0x2BA39D2AF80      (void*)
	RCX 0x2BA39D2B100      (void*)
	RDX 0xEF827BDFA0       (void*)
	RBX 0x0                (size_t)
	RSP 0xEF827BDF48       (void*)
	RBP 0xEF827BE0D9       (void*)
	RSI 0x2BA8A8B7148      (void*)
	RDI 0x2BA39D2B100      (void*)
	R8  0x7FF7E8711DE0     (void* -> Fallout4.exe+1D71DE0)
	R9  0x0                (size_t)
	R10 0x0                (size_t)
	R11 0xEF827BE020       (void*)
	R12 0xFFFFFFFF         (size_t)
	R13 0x2BB946064A0      (void*)
	R14 0x2BB94606040      (void*)
	R15 0x2BB94607E90      (void*)

STACK:
	[RSP+0   ] 0x7FF7E6C954F0     (void* -> Fallout4.exe+02F54F0)
	[RSP+8   ] 0x2BB94606040      (void*)
	[RSP+10  ] 0x2BA39D2B100      (void*)
	[RSP+18  ] 0x2BA1217B600      (NiNode*)
		Name: " (00140C3E)[0]/ (00140C3D)"
	[RSP+20  ] 0xEF827BE0D9       (void*)
	[RSP+28  ] 0x2BA8A8B7140      (void*)
	[RSP+30  ] 0x7FF7E6C93F91     (void* -> Fallout4.exe+02F3F91)
	[RSP+38  ] 0x2B900000000      (void*)
	[RSP+40  ] 0xEF827BDFA0       (void*)
	[RSP+48  ] 0x2BA8A8B7148      (void*)
	[RSP+50  ] 0x2BA4D1D29B0      (BSConnectPoint::Parents*)
	[RSP+58  ] 0x2BA8A8B7140      (void*)
	[RSP+60  ] 0xEF827BDFC0       (void*)
	[RSP+68  ] 0x0                (size_t)
	[RSP+70  ] 0x7FF7E6C9542C     (void* -> Fallout4.exe+02F542C)
	[RSP+78  ] 0x0                (size_t)
	[RSP+80  ] 0x2B9E1C6E400      (Actor*)
		Object Reference: 
			File: "Fallout4.esm"
			Flags: 0x00440009
			Form ID: 0x00027683
			Form Type: 45
		File: "Fallout4.esm"
		Flags: 0x00400449
		Form ID: 0x0005DE4D
		Form Type: 65
	[RSP+88  ] 0x2BA1217B600      (NiNode*)
		Name: " (00140C3E)[0]/ (00140C3D)"
	[RSP+90  ] 0x0                (size_t)
	[RSP+98  ] 0x0                (size_t)
	[RSP+A0  ] 0x0                (size_t)
	[RSP+A8  ] 0x2BB94606470      (void*)
	[RSP+B0  ] 0x7FF7E6C939A6     (void* -> Fallout4.exe+02F39A6)
	[RSP+B8  ] 0x0                (size_t)
	[RSP+C0  ] 0xEF827BE030       (void*)
	[RSP+C8  ] 0x2B9E1C6E400      (Actor*)
		Object Reference: 
			File: "Fallout4.esm"
			Flags: 0x00440009
			Form ID: 0x00027683
			Form Type: 45
		File: "Fallout4.esm"
		Flags: 0x00400449
		Form ID: 0x0005DE4D
		Form Type: 65
	[RSP+D0  ] 0x0                (size_t)
	[RSP+D8  ] 0x2B9E1C6E400      (Actor*)
		Object Reference: 
			File: "Fallout4.esm"
			Flags: 0x00440009
			Form ID: 0x00027683
			Form Type: 45
		File: "Fallout4.esm"
		Flags: 0x00400449
		Form ID: 0x0005DE4D
		Form Type: 65
	[RSP+E0  ] 0x7FF7E6B5E2CB     (void* -> Fallout4.exe+01BE2CB)
	[RSP+E8  ] 0x2BA39D2B100      (void*)
	[RSP+F0  ] 0xEF827BE0D9       (void*)
	[RSP+F8  ] 0x2BB94606470      (void*)
	[RSP+100 ] 0x2BB94606470      (void*)
	[RSP+108 ] 0x2BB8DF6C470      (void*)
	[RSP+110 ] 0x2                (size_t)
	[RSP+118 ] 0x0                (size_t)
	[RSP+120 ] 0x2B9E1C6E400      (Actor*)
		Object Reference: 
			File: "Fallout4.esm"
			Flags: 0x00440009
			Form ID: 0x00027683
			Form Type: 45
		File: "Fallout4.esm"
		Flags: 0x00400449
		Form ID: 0x0005DE4D
		Form Type: 65
	[RSP+128 ] 0x2BB8DF6C470      (void*)
	[RSP+130 ] 0x7FF70020A764     (size_t)
	[RSP+138 ] 0x7FF7EC3F8630     (AnimationClipDataSingleton*)
	[RSP+140 ] 0xEF827BE0F8       (void*)
	[RSP+148 ] 0x2B9E1C6E400      (Actor*)
		Object Reference: 
			File: "Fallout4.esm"
			Flags: 0x00440009
			Form ID: 0x00027683
			Form Type: 45
		File: "Fallout4.esm"
		Flags: 0x00400449
		Form ID: 0x0005DE4D
		Form Type: 65
	[RSP+150 ] 0x2                (size_t)
	[RSP+158 ] 0x2B9D187EE10      (void*)
	[RSP+160 ] 0x0                (size_t)
	[RSP+168 ] 0x2BB8DF6C488      (void*)
	[RSP+170 ] 0x2B9C97C3790      (void*)
	[RSP+178 ] 0x2B9C97C3790      (void*)
	[RSP+180 ] 0x7FF7E7FAED15     (void* -> Fallout4.exe+160ED15)
	[RSP+188 ] 0x7FF7EC3F8600     (void* -> Fallout4.exe+5A58600)
	[RSP+190 ] 0x2B9D18797E0      (void*)
	[RSP+198 ] 0x2BB8DF6C470      (void*)
	[RSP+1A0 ] 0x7FF7E71A4531     (void* -> Fallout4.exe+0804531)
	[RSP+1A8 ] 0x80B36D0D80B36D0D (size_t)
	[RSP+1B0 ] 0x1                (size_t)
	[RSP+1B8 ] 0x2BB94606040      (void*)
	[RSP+1C0 ] 0x0                (size_t)
	[RSP+1C8 ] 0x2BB94606470      (void*)
	[RSP+1D0 ] 0x20               (size_t)
	[RSP+1D8 ] 0xEF827BE328       (void*)
	[RSP+1E0 ] 0x2BB94606490      (void*)
	[RSP+1E8 ] 0x2B9E46CEC50      (BGSModelMaterialSwap*)
	[RSP+1F0 ] 0x7FF7E6B5E578     (void* -> Fallout4.exe+01BE578)
	[RSP+1F8 ] 0x2BB94606040      (void*)
	[RSP+200 ] 0x2BB8DF6C400      (void*)
	[RSP+208 ] 0xEF827BE101       (void*)
	[RSP+210 ] 0x0                (size_t)
	[RSP+218 ] 0x2BB94606040      (void*)
	[RSP+220 ] 0x2B9E46CEC00      (TESObjectARMA*)
		File: "galaxy news radio.esp"
		Flags: 0x00000009
		Form ID: 0x00140C3E
		Form Type: 105
	[RSP+228 ] 0x2B9DE676780      (TESNPC*)
		File: "Fallout4.esm"
		Flags: 0x00440009
		Form ID: 0x00027683
		Form Type: 45
		Full Name: "Paladin Danse"
	[RSP+230 ] 0x7FF7E6B5EAB6     (void* -> Fallout4.exe+01BEAB6)
	[RSP+238 ] 0x2B9E1C6E400      (Actor*)
		Object Reference: 
			File: "Fallout4.esm"
			Flags: 0x00440009
			Form ID: 0x00027683
			Form Type: 45
		File: "Fallout4.esm"
		Flags: 0x00400449
		Form ID: 0x0005DE4D
		Form Type: 65
	[RSP+240 ] 0xC                (size_t)
	[RSP+248 ] 0x2BB94606470      (void*)
	[RSP+250 ] 0x2B9E46CEC50      (BGSModelMaterialSwap*)
	[RSP+258 ] 0x2B9E1C6E400      (Actor*)
		Object Reference: 
			File: "Fallout4.esm"
			Flags: 0x00440009
			Form ID: 0x00027683
			Form Type: 45
		File: "Fallout4.esm"
		Flags: 0x00400449
		Form ID: 0x0005DE4D
		Form Type: 65
	[RSP+260 ] 0x2B9DE676780      (TESNPC*)
		File: "Fallout4.esm"
		Flags: 0x00440009
		Form ID: 0x00027683
		Form Type: 45
		Full Name: "Paladin Danse"
	[RSP+268 ] 0x0                (size_t)
	[RSP+270 ] 0x2BB94606040      (void*)
	[RSP+278 ] 0x0                (size_t)
	[RSP+280 ] 0x0                (size_t)
	[RSP+288 ] 0xEF827BE320       (void*)
	[RSP+290 ] 0xEF827BE660       (void*)
	[RSP+298 ] 0xEF827BE328       (void*)
	[RSP+2A0 ] 0x0                (size_t)
	[RSP+2A8 ] 0x0                (size_t)
	[RSP+2B0 ] 0x2B9E1C6E828      (void*)
	[RSP+2B8 ] 0x2B9E46CEC00      (TESObjectARMA*)
		File: "galaxy news radio.esp"
		Flags: 0x00000009
		Form ID: 0x00140C3E
		Form Type: 105
	[RSP+2C0 ] 0x2B9E1C6E400      (Actor*)
		Object Reference: 
			File: "Fallout4.esm"
			Flags: 0x00440009
			Form ID: 0x00027683
			Form Type: 45
		File: "Fallout4.esm"
		Flags: 0x00400449
		Form ID: 0x0005DE4D
		Form Type: 65
	[RSP+2C8 ] 0x2B9E1C6E400      (Actor*)
		Object Reference: 
			File: "Fallout4.esm"
			Flags: 0x00440009
			Form ID: 0x00027683
			Form Type: 45
		File: "Fallout4.esm"
		Flags: 0x00400449
		Form ID: 0x0005DE4D
		Form Type: 65
	[RSP+2D0 ] 0x7FF7E6CCEF7F     (void* -> Fallout4.exe+032EF7F)
	[RSP+2D8 ] 0x0                (size_t)
	[RSP+2E0 ] 0x0                (size_t)
	[RSP+2E8 ] 0x0                (size_t)
	[RSP+2F0 ] 0x2B9E46CEC50      (BGSModelMaterialSwap*)
	[RSP+2F8 ] 0x0                (size_t)
	[RSP+300 ] 0x0                (size_t)
	[RSP+308 ] 0xEF827BE328       (void*)
	[RSP+310 ] 0x0                (size_t)
	[RSP+318 ] 0x0                (size_t)
	[RSP+320 ] 0x0                (size_t)
	[RSP+328 ] 0x2B9DD1E5BA8      (void*)
	[RSP+330 ] 0x2B9E1C6E828      (void*)
	[RSP+338 ] 0x0                (size_t)
	[RSP+340 ] 0x7FF7E6CD2B69     (void* -> Fallout4.exe+0332B69)
	[RSP+348 ] 0x2B9E1C6E400      (Actor*)
		Object Reference: 
			File: "Fallout4.esm"
			Flags: 0x00440009
			Form ID: 0x00027683
			Form Type: 45
		File: "Fallout4.esm"
		Flags: 0x00400449
		Form ID: 0x0005DE4D
		Form Type: 65
	[RSP+350 ] 0x0                (size_t)
	[RSP+358 ] 0x2BA275D3B50      (void*)
	[RSP+360 ] 0x20A764           (size_t)
	[RSP+368 ] 0x2B9E1C6E828      (void*)
	[RSP+370 ] 0x2B9DD1E5900      (TESObjectARMO*)
		File: "Armorsmith Extended.esp"
		Flags: 0x0000000D
		Form ID: 0x0024984B
		Form Type: 29
		Full Name: "T-60 Left Arm"
	[RSP+378 ] 0x2B9E1C6E400      (Actor*)
		Object Reference: 
			File: "Fallout4.esm"
			Flags: 0x00440009
			Form ID: 0x00027683
			Form Type: 45
		File: "Fallout4.esm"
		Flags: 0x00400449
		Form ID: 0x0005DE4D
		Form Type: 65
	[RSP+380 ] 0xEF827BE470       (void*)
	[RSP+388 ] 0x2B9E1C6E828      (void*)
	[RSP+390 ] 0xEF827BE490       (void*)
	[RSP+398 ] 0x2B9DE676780      (TESNPC*)
		File: "Fallout4.esm"
		Flags: 0x00440009
		Form ID: 0x00027683
		Form Type: 45
		Full Name: "Paladin Danse"
	[RSP+3A0 ] 0x7FF7E6F593A6     (void* -> Fallout4.exe+05B93A6)
	[RSP+3A8 ] 0xEF827BE610       (void*)
	[RSP+3B0 ] 0x2B9DD362B00      (TESRace*)
		File: "TacticalTablet.esp"
		Flags: 0x00000009
		Form ID: 0x00013746
		Form Type: 17
		Full Name: "Human"
	[RSP+3B8 ] 0x2B9E1C6E828      (void*)
	[RSP+3C0 ] 0x2BA275A6B78      (void*)
	[RSP+3C8 ] 0x2B9DD1E0000      (void*)
	[RSP+3D0 ] 0x2BA275A3CA0      (TESObjectARMO::InstanceData*)
	[RSP+3D8 ] 0x2BA275A6B78      (void*)
	[RSP+3E0 ] 0x2B9DD1E5900      (TESObjectARMO*)
		File: "Armorsmith Extended.esp"
		Flags: 0x0000000D
		Form ID: 0x0024984B
		Form Type: 29
		Full Name: "T-60 Left Arm"
	[RSP+3E8 ] 0x2BA275A3CA0      (TESObjectARMO::InstanceData*)
	[RSP+3F0 ] 0x2BA275D3BA0      (void*)
	[RSP+3F8 ] 0xEF00000001       (size_t)
	[RSP+400 ] 0x7FF7E6B43400     (void* -> Fallout4.exe+01A3400)
	[RSP+408 ] 0xEF827BE470       (void*)
	[RSP+410 ] 0x7FF7E77612B7     (void* -> Fallout4.exe+0DC12B7)
	[RSP+418 ] 0x2B9E1C6E400      (Actor*)
		Object Reference: 
			File: "Fallout4.esm"
			Flags: 0x00440009
			Form ID: 0x00027683
			Form Type: 45
		File: "Fallout4.esm"
		Flags: 0x00400449
		Form ID: 0x0005DE4D
		Form Type: 65
	[RSP+420 ] 0xFFFFFFFF         (size_t)
	[RSP+428 ] 0x1                (size_t)
	[RSP+430 ] 0x2B9E1C6E828      (void*)
	[RSP+438 ] 0x1                (size_t)
	[RSP+440 ] 0x7FF7E7760CF7     (void* -> Fallout4.exe+0DC0CF7)
	[RSP+448 ] 0x2                (size_t)
	[RSP+450 ] 0xEF827BE490       (void*)
	[RSP+458 ] 0xFFFFFFFF         (size_t)
	[RSP+460 ] 0xFFFFFFFF         (size_t)
	[RSP+468 ] 0x2B900000000      (void*)
	[RSP+470 ] 0x7FF7E9A65A00     (void* -> Fallout4.exe+30C5A00)
	[RSP+478 ] 0xEF827BE5E0       (void*)
	[RSP+480 ] 0x7FF7E84B093F     (void* -> Fallout4.exe+1B1093F)
	[RSP+488 ] 0x2B9DD1E5900      (TESObjectARMO*)
		File: "Armorsmith Extended.esp"
		Flags: 0x0000000D
		Form ID: 0x0024984B
		Form Type: 29
		Full Name: "T-60 Left Arm"
	[RSP+490 ] 0x7FF7E77B259D     (void* -> Fallout4.exe+0E1259D)
	[RSP+498 ] 0x7FF7EA06B140     (type_info*)
	[RSP+4A0 ] 0x0                (size_t)
	[RSP+4A8 ] 0x2BA00000020      (void*)
	[RSP+4B0 ] 0x7FF7FFFFFFFF     (size_t)
	[RSP+4B8 ] 0x2BA2759F060      (void*)
	[RSP+4C0 ] 0x2B9DD1E5900      (TESObjectARMO*)
		File: "Armorsmith Extended.esp"
		Flags: 0x0000000D
		Form ID: 0x0024984B
		Form Type: 29
		Full Name: "T-60 Left Arm"
	[RSP+4C8 ] 0xB00              (size_t)
	[RSP+4D0 ] 0x2B9DD1E5900      (TESObjectARMO*)
		File: "Armorsmith Extended.esp"
		Flags: 0x0000000D
		Form ID: 0x0024984B
		Form Type: 29
		Full Name: "T-60 Left Arm"
	[RSP+4D8 ] 0x2BA275A3CA0      (TESObjectARMO::InstanceData*)
	[RSP+4E0 ] 0x7FF7E6A38FDB     (void* -> Fallout4.exe+0098FDB)
	[RSP+4E8 ] 0x2B9DE098D00      (TESObjectARMO*)
		File: "Fallout4.esm"
		Flags: 0x00000009
		Form ID: 0x00000D64
		Form Type: 29
		Full Name: ""
	[RSP+4F0 ] 0xEF0020A764       (size_t)
	[RSP+4F8 ] 0xEF827BE8A8       (void*)
	[RSP+500 ] 0xEF827BE7E0       (void*)
	[RSP+508 ] 0xEF827BE4C0       (char*) "e"
	[RSP+510 ] 0x7FF7E77B876F     (void* -> Fallout4.exe+0E1876F)
	[RSP+518 ] 0x0                (size_t)
	[RSP+520 ] 0x0                (size_t)
	[RSP+528 ] 0x2B9DD1E5900      (TESObjectARMO*)
		File: "Armorsmith Extended.esp"
		Flags: 0x0000000D
		Form ID: 0x0024984B
		Form Type: 29
		Full Name: "T-60 Left Arm"
	[RSP+530 ] 0x2BA275A3CA0      (TESObjectARMO::InstanceData*)
	[RSP+538 ] 0x2BA00000000      (void*)
	[RSP+540 ] 0x2B920140800      (ActorValueInfo*)
		File: "Fallout4.esm"
		Flags: 0x00000009
		Form ID: 0x000002E3
		Form Type: 98
		Full Name: "Damage Resistance"
	[RSP+548 ] 0x2B9DD1E5900      (TESObjectARMO*)
		File: "Armorsmith Extended.esp"
		Flags: 0x0000000D
		Form ID: 0x0024984B
		Form Type: 29
		Full Name: "T-60 Left Arm"
	[RSP+550 ] 0x2B9E1C6E400      (Actor*)
		Object Reference: 
			File: "Fallout4.esm"
			Flags: 0x00440009
			Form ID: 0x00027683
			Form Type: 45
		File: "Fallout4.esm"
		Flags: 0x00400449
		Form ID: 0x0005DE4D
		Form Type: 65
	[RSP+558 ] 0x2BA2759EFB0      (BGSInventoryItem::Stack*)
	[RSP+560 ] 0xEF827BE8A8       (void*)
	[RSP+568 ] 0xEF827BE7E0       (void*)
	[RSP+570 ] 0xFFFFFFFF         (size_t)
	[RSP+578 ] 0x65               (size_t)
	[RSP+580 ] 0x2BA2759F040      (void*)
	[RSP+588 ] 0xEF827BE5E0       (void*)
	[RSP+590 ] 0x7FF7E775F241     (void* -> Fallout4.exe+0DBF241)
	[RSP+598 ] 0x1                (size_t)
	[RSP+5A0 ] 0x2B9DD1E5900      (TESObjectARMO*)
		File: "Armorsmith Extended.esp"
		Flags: 0x0000000D
		Form ID: 0x0024984B
		Form Type: 29
		Full Name: "T-60 Left Arm"
	[RSP+5A8 ] 0xEF827BE610       (void*)
	[RSP+5B0 ] 0xEF00000001       (size_t)
	[RSP+5B8 ] 0x7FF7EC403000     (void* -> Fallout4.exe+5A63000)
	[RSP+5C0 ] 0x7FF700000000     (size_t)
	[RSP+5C8 ] 0x7FF7EC403090     (void* -> Fallout4.exe+5A63090)
	[RSP+5D0 ] 0x2B9E1C6E400      (Actor*)
		Object Reference: 
			File: "Fallout4.esm"
			Flags: 0x00440009
			Form ID: 0x00027683
			Form Type: 45
		File: "Fallout4.esm"
		Flags: 0x00400449
		Form ID: 0x0005DE4D
		Form Type: 65
	[RSP+5D8 ] 0xEC400000         (size_t)
	[RSP+5E0 ] 0x7FF7E69C44E3     (void* -> Fallout4.exe+00244E3)
	[RSP+5E8 ] 0x0                (size_t)
	[RSP+5F0 ] 0x2BA2759EFB0      (BGSInventoryItem::Stack*)
	[RSP+5F8 ] 0x2B9D1514C88      (void*)
	[RSP+600 ] 0x7FF7E6DFC1E4     (void* -> Fallout4.exe+045C1E4)
	[RSP+608 ] 0x2B9E1C6E400      (Actor*)
		Object Reference: 
			File: "Fallout4.esm"
			Flags: 0x00440009
			Form ID: 0x00027683
			Form Type: 45
		File: "Fallout4.esm"
		Flags: 0x00400449
		Form ID: 0x0005DE4D
		Form Type: 65
	[RSP+610 ] 0x2B9D1514C80      (void*)
	[RSP+618 ] 0x2B9FACB080D      (void*)
	[RSP+620 ] 0xEF827BE691       (void*)
	[RSP+628 ] 0xEF827BE700       (void*)
	[RSP+630 ] 0x7FF7E6B4EA4B     (void* -> Fallout4.exe+01AEA4B)
	[RSP+638 ] 0x2BA275A6B78      (void*)
	[RSP+640 ] 0xEF00000000       (size_t)
	[RSP+648 ] 0xC                (size_t)
	[RSP+650 ] 0x0                (size_t)
	[RSP+658 ] 0x7FF7E95E96C8     (void* -> Fallout4.exe+2C496C8)
	[RSP+660 ] 0xEF827BE7B4       (void*)
	[RSP+668 ] 0x2B9E1C6E400      (Actor*)
		Object Reference: 
			File: "Fallout4.esm"
			Flags: 0x00440009
			Form ID: 0x00027683
			Form Type: 45
		File: "Fallout4.esm"
		Flags: 0x00400449
		Form ID: 0x0005DE4D
		Form Type: 65
	[RSP+670 ] 0x7FF7E77CC121     (void* -> Fallout4.exe+0E2C121)
	[RSP+678 ] 0x2B9E1C6E400      (Actor*)
		Object Reference: 
			File: "Fallout4.esm"
			Flags: 0x00440009
			Form ID: 0x00027683
			Form Type: 45
		File: "Fallout4.esm"
		Flags: 0x00400449
		Form ID: 0x0005DE4D
		Form Type: 65
	[RSP+680 ] 0x2B9E1C6E400      (Actor*)
		Object Reference: 
			File: "Fallout4.esm"
			Flags: 0x00440009
			Form ID: 0x00027683
			Form Type: 45
		File: "Fallout4.esm"
		Flags: 0x00400449
		Form ID: 0x0005DE4D
		Form Type: 65
	[RSP+688 ] 0x2BA2759ED40      (void*)
	[RSP+690 ] 0x7FF7E6DD553A     (void* -> Fallout4.exe+043553A)
	[RSP+698 ] 0xEF827BE8A8       (void*)
	[RSP+6A0 ] 0xEF00000000       (size_t)
	[RSP+6A8 ] 0x2B9702E2450      (void*)
	[RSP+6B0 ] 0x7FF7E70B3C48     (void* -> Fallout4.exe+0713C48)
	[RSP+6B8 ] 0x2B9E1C6E400      (Actor*)
		Object Reference: 
			File: "Fallout4.esm"
			Flags: 0x00440009
			Form ID: 0x00027683
			Form Type: 45
		File: "Fallout4.esm"
		Flags: 0x00400449
		Form ID: 0x0005DE4D
		Form Type: 65
	[RSP+6C0 ] 0xEF827BE980       (void*)
	[RSP+6C8 ] 0x2BA2759F040      (void*)
	[RSP+6D0 ] 0xEF827BE7E9       (void*)
	[RSP+6D8 ] 0x0                (size_t)
	[RSP+6E0 ] 0x0                (size_t)
	[RSP+6E8 ] 0x20A764           (size_t)
	[RSP+6F0 ] 0x7FF7FFFFFFFF     (size_t)
	[RSP+6F8 ] 0x0                (size_t)
	[RSP+700 ] 0x7FF7E6C73201     (void* -> Fallout4.exe+02D3201)
	[RSP+708 ] 0x1                (size_t)
	[RSP+710 ] 0x7FF7E77A0811     (void* -> Fallout4.exe+0E00811)
	[RSP+718 ] 0x2B9E1C6E400      (Actor*)
		Object Reference: 
			File: "Fallout4.esm"
			Flags: 0x00440009
			Form ID: 0x00027683
			Form Type: 45
		File: "Fallout4.esm"
		Flags: 0x00400449
		Form ID: 0x0005DE4D
		Form Type: 65
	[RSP+720 ] 0xEF827BE980       (void*)
	[RSP+728 ] 0x2B9E1C78E10      (void*)
	[RSP+730 ] 0x7FF7E6B44699     (void* -> Fallout4.exe+01A4699)
	[RSP+738 ] 0x0                (size_t)
	[RSP+740 ] 0x0                (size_t)
	[RSP+748 ] 0x0                (size_t)
	[RSP+750 ] 0x7FF7FFFFFFFF     (size_t)
	[RSP+758 ] 0x0                (size_t)
	[RSP+760 ] 0x2B9E1C6E400      (Actor*)
		Object Reference: 
			File: "Fallout4.esm"
			Flags: 0x00440009
			Form ID: 0x00027683
			Form Type: 45
		File: "Fallout4.esm"
		Flags: 0x00400449
		Form ID: 0x0005DE4D
		Form Type: 65
	[RSP+768 ] 0x0                (size_t)
	[RSP+770 ] 0xEF827BE8A8       (void*)
	[RSP+778 ] 0x0                (size_t)
	[RSP+780 ] 0x7FF7EC4538D0     (void* -> Fallout4.exe+5AB38D0)
	[RSP+788 ] 0xEF827BE7E0       (void*)
	[RSP+790 ] 0x2B9E1C6E400      (Actor*)
		Object Reference: 
			File: "Fallout4.esm"
			Flags: 0x00440009
			Form ID: 0x00027683
			Form Type: 45
		File: "Fallout4.esm"
		Flags: 0x00400449
		Form ID: 0x0005DE4D
		Form Type: 65
	[RSP+798 ] 0xEF827BE7E9       (void*)
	[RSP+7A0 ] 0x7FF7E77BD70C     (void* -> Fallout4.exe+0E1D70C)
	[RSP+7A8 ] 0xEF827BE8A8       (void*)
	[RSP+7B0 ] 0x65               (size_t)
	[RSP+7B8 ] 0x2BA275D3B50      (void*)
	[RSP+7C0 ] 0x2B9DD1E5901      (void*)
	[RSP+7C8 ] 0x1                (size_t)
	[RSP+7D0 ] 0x7FF7E77BEFFB     (void* -> Fallout4.exe+0E1EFFB)
	[RSP+7D8 ] 0xEF827BE880       (void*)
	[RSP+7E0 ] 0x7FF7E6D9C525     (void* -> Fallout4.exe+03FC525)
	[RSP+7E8 ] 0xEF827BE980       (void*)
	[RSP+7F0 ] 0x0                (size_t)
	[RSP+7F8 ] 0x0                (size_t)
	[RSP+800 ] 0x0                (size_t)
	[RSP+808 ] 0x2B9DD1E6501      (void*)
	[RSP+810 ] 0x0                (size_t)
	[RSP+818 ] 0x2BA2760C560      (void*)
	[RSP+820 ] 0x7FFDE11BA2E9     (void* -> Buffout4.dll+004A2E9)
	[RSP+828 ] 0x2BA2760C560      (void*)
	[RSP+830 ] 0x2BA2759ED10      (BGSObjectInstanceExtra*)
	[RSP+838 ] 0x2BA2759ED10      (BGSObjectInstanceExtra*)
	[RSP+840 ] 0x0                (size_t)
	[RSP+848 ] 0x2759ED00         (size_t)
	[RSP+850 ] 0xE84B14CA         (size_t)
	[RSP+858 ] 0x0                (size_t)
	[RSP+860 ] 0x0                (size_t)
	[RSP+868 ] 0x100000000        (size_t)
	[RSP+870 ] 0x7FF700000000     (size_t)
	[RSP+878 ] 0xFACB080C00000065 (size_t)
	[RSP+880 ] 0x7FF70020A764     (size_t)
	[RSP+888 ] 0x2BA00000065      (void*)
	[RSP+890 ] 0x7FF7E6AE1358     (void* -> Fallout4.exe+0141358)
	[RSP+898 ] 0x2B9DD1E5900      (TESObjectARMO*)
		File: "Armorsmith Extended.esp"
		Flags: 0x0000000D
		Form ID: 0x0024984B
		Form Type: 29
		Full Name: "T-60 Left Arm"
	[RSP+8A0 ] 0x2BA275A3CA0      (TESObjectARMO::InstanceData*)
	[RSP+8A8 ] 0x2B9DD1E5900      (TESObjectARMO*)
		File: "Armorsmith Extended.esp"
		Flags: 0x0000000D
		Form ID: 0x0024984B
		Form Type: 29
		Full Name: "T-60 Left Arm"
	[RSP+8B0 ] 0x2BA275A3CA0      (TESObjectARMO::InstanceData*)
	[RSP+8B8 ] 0xEF827BEA00       (void*)
	[RSP+8C0 ] 0x7FF7EC4538D0     (void* -> Fallout4.exe+5AB38D0)
	[RSP+8C8 ] 0x0                (size_t)
	[RSP+8D0 ] 0x0                (size_t)
	[RSP+8D8 ] 0x0                (size_t)
	[RSP+8E0 ] 0xEF827BEAA0       (void*)
	[RSP+8E8 ] 0xEF827BE980       (void*)
	[RSP+8F0 ] 0x0                (size_t)
	[RSP+8F8 ] 0xEF827BE8F1       (void*)
	[RSP+900 ] 0x7FF7E77BBE6B     (void* -> Fallout4.exe+0E1BE6B)
	[RSP+908 ] 0x7FF7EC4538D0     (void* -> Fallout4.exe+5AB38D0)
	[RSP+910 ] 0x2B9E1C6E400      (Actor*)
		Object Reference: 
			File: "Fallout4.esm"
			Flags: 0x00440009
			Form ID: 0x00027683
			Form Type: 45
		File: "Fallout4.esm"
		Flags: 0x00400449
		Form ID: 0x0005DE4D
		Form Type: 65
	[RSP+918 ] 0xEF827BE880       (void*)
	[RSP+920 ] 0xEF827BE8A8       (void*)
	[RSP+928 ] 0x2B9DD1E5900      (TESObjectARMO*)
		File: "Armorsmith Extended.esp"
		Flags: 0x0000000D
		Form ID: 0x0024984B
		Form Type: 29
		Full Name: "T-60 Left Arm"
	[RSP+930 ] 0x2BA275A3CA0      (TESObjectARMO::InstanceData*)
	[RSP+938 ] 0x2B9DD1E5900      (TESObjectARMO*)
		File: "Armorsmith Extended.esp"
		Flags: 0x0000000D
		Form ID: 0x0024984B
		Form Type: 29
		Full Name: "T-60 Left Arm"
	[RSP+940 ] 0x2BA275A3CA0      (TESObjectARMO::InstanceData*)
	[RSP+948 ] 0x0                (size_t)
	[RSP+950 ] 0x2BA2759ED40      (void*)
	[RSP+958 ] 0x1                (size_t)
	[RSP+960 ] 0x100000000        (size_t)
	[RSP+968 ] 0x0                (size_t)
	[RSP+970 ] 0x0                (size_t)
	[RSP+978 ] 0x0                (size_t)
	[RSP+980 ] 0x1                (size_t)
	[RSP+988 ] 0x1                (size_t)
	[RSP+990 ] 0x2BA2759ED40      (void*)
	[RSP+998 ] 0x1                (size_t)
	[RSP+9A0 ] 0x7FF7E6C97B8A     (void* -> Fallout4.exe+02F7B8A)
	[RSP+9A8 ] 0x0                (size_t)
	[RSP+9B0 ] 0x2B9DF0E1B00      (TESContainer*)
	[RSP+9B8 ] 0x0                (size_t)
	[RSP+9C0 ] 0x2BA2767B900      (void*)
	[RSP+9C8 ] 0xEF827BE999       (void*)
	[RSP+9D0 ] 0x7FF7E7375C00     (void* -> Fallout4.exe+09D5C00)
	[RSP+9D8 ] 0x0                (size_t)
	[RSP+9E0 ] 0x2B9E1C6E400      (Actor*)
		Object Reference: 
			File: "Fallout4.esm"
			Flags: 0x00440009
			Form ID: 0x00027683
			Form Type: 45
		File: "Fallout4.esm"
		Flags: 0x00400449
		Form ID: 0x0005DE4D
		Form Type: 65
	[RSP+9E8 ] 0xEF827BEAA0       (void*)
	[RSP+9F0 ] 0x7FF7E95E9DB8     (void* -> Fallout4.exe+2C49DB8)
	[RSP+9F8 ] 0x1                (size_t)
	[RSP+A00 ] 0x0                (size_t)
	[RSP+A08 ] 0x0                (size_t)
	[RSP+A10 ] 0x0                (size_t)
	[RSP+A18 ] 0x2B900000000      (void*)
	[RSP+A20 ] 0x7FF700000000     (size_t)
	[RSP+A28 ] 0x7FF7E95E9D00     (void* -> Fallout4.exe+2C49D00)
	[RSP+A30 ] 0x0                (size_t)
	[RSP+A38 ] 0x2B9DD1E5900      (TESObjectARMO*)
		File: "Armorsmith Extended.esp"
		Flags: 0x0000000D
		Form ID: 0x0024984B
		Form Type: 29
		Full Name: "T-60 Left Arm"
	[RSP+A40 ] 0x0                (size_t)
	[RSP+A48 ] 0x2B9DF0E1B00      (TESContainer*)
	[RSP+A50 ] 0x0                (size_t)
	[RSP+A58 ] 0xEF827BEA99       (void*)
	[RSP+A60 ] 0x7FF7E6D9CBFD     (void* -> Fallout4.exe+03FCBFD)
	[RSP+A68 ] 0x1                (size_t)
	[RSP+A70 ] 0x0                (size_t)
	[RSP+A78 ] 0x2BA2759ED40      (void*)
	[RSP+A80 ] 0x2BA2767BA60      (void*)
	[RSP+A88 ] 0x2B9E1C6E400      (Actor*)
		Object Reference: 
			File: "Fallout4.esm"
			Flags: 0x00440009
			Form ID: 0x00027683
			Form Type: 45
		File: "Fallout4.esm"
		Flags: 0x00400449
		Form ID: 0x0005DE4D
		Form Type: 65
	[RSP+A90 ] 0x0                (size_t)
	[RSP+A98 ] 0x1                (size_t)
	[RSP+AA0 ] 0xEF827BED18       (void*)
	[RSP+AA8 ] 0xEF827BEA99       (void*)
	[RSP+AB0 ] 0x7FF7E7379C6C     (void* -> Fallout4.exe+09D9C6C)
	[RSP+AB8 ] 0x2BA2767B900      (void*)
	[RSP+AC0 ] 0xEF827B0005       (void*)
	[RSP+AC8 ] 0xEF827BED18       (void*)
	[RSP+AD0 ] 0x2BA2767BAB8      (void*)
	[RSP+AD8 ] 0x2B900000000      (void*)
	[RSP+AE0 ] 0x2B9E1C6E401      (void*)
	[RSP+AE8 ] 0x0                (size_t)
	[RSP+AF0 ] 0x2B92015BFF8      (void*)
	[RSP+AF8 ] 0xEF827BEAC0       (void*)
	[RSP+B00 ] 0x7FF7E6B4F8ED     (void* -> Fallout4.exe+01AF8ED)
	[RSP+B08 ] 0x2B9DE0ED300      (TESObjectARMO*)
		File: "Unofficial Fallout 4 Patch.esp"
		Flags: 0x0040000D
		Form ID: 0x00198B13
		Form Type: 29
		Full Name: "Powered Armor Frame BoS"
	[RSP+B10 ] 0x2BA275A69B0      (void*)
	[RSP+B18 ] 0x7FF7E95E96C8     (void* -> Fallout4.exe+2C496C8)
	[RSP+B20 ] 0xEF827BEA80       (void*)
	[RSP+B28 ] 0xEF827BEAA0       (void*)
	[RSP+B30 ] 0x0                (size_t)
	[RSP+B38 ] 0x2B9702E2D70      (ScrapHeap*)
	[RSP+B40 ] 0x2BA2767B900      (void*)
	[RSP+B48 ] 0x2B900000010      (void*)
	[RSP+B50 ] 0x7FF700000005     (size_t)
	[RSP+B58 ] 0x2B9E1C6E400      (Actor*)
		Object Reference: 
			File: "Fallout4.esm"
			Flags: 0x00440009
			Form ID: 0x00027683
			Form Type: 45
		File: "Fallout4.esm"
		Flags: 0x00400449
		Form ID: 0x0005DE4D
		Form Type: 65
	[RSP+B60 ] 0xEF827BEBC4       (void*)
	[RSP+B68 ] 0xEF827BEDB8       (void*)
	[RSP+B70 ] 0xEF827BEB60       (void*)
	[RSP+B78 ] 0x3                (size_t)
	[RSP+B80 ] 0x0                (size_t)
	[RSP+B88 ] 0xFFFFFFFF         (size_t)
	[RSP+B90 ] 0x2B9E1C6E400      (Actor*)
		Object Reference: 
			File: "Fallout4.esm"
			Flags: 0x00440009
			Form ID: 0x00027683
			Form Type: 45
		File: "Fallout4.esm"
		Flags: 0x00400449
		Form ID: 0x0005DE4D
		Form Type: 65
	[RSP+B98 ] 0x2B9DF06E080      (TESFurniture*)
		File: "Fallout4.esm"
		Flags: 0x02402009
		Form ID: 0x00249849
		Form Type: 42
		Full Name: "Power Armor"
	[RSP+BA0 ] 0x5F               (size_t)
	[RSP+BA8 ] 0xEF827BEC00       (void*)
	[RSP+BB0 ] 0x7FF7E736D661     (void* -> Fallout4.exe+09CD661)
	[RSP+BB8 ] 0x2BA2767B900      (void*)
	[RSP+BC0 ] 0x2BA275A69D0      (void*)
	[RSP+BC8 ] 0xEF827BEC00       (void*)
	[RSP+BD0 ] 0x5F               (size_t)
	[RSP+BD8 ] 0x7FF7E73704C0     (void* -> Fallout4.exe+09D04C0)
	[RSP+BE0 ] 0x2BA275AF301      (void*)
	[RSP+BE8 ] 0x7FF7EC45DBC8     (void* -> Fallout4.exe+5ABDBC8)
	[RSP+BF0 ] 0x7FF7E7CBE12A     (void* -> Fallout4.exe+131E12A)
	[RSP+BF8 ] 0x2B9E1C6E400      (Actor*)
		Object Reference: 
			File: "Fallout4.esm"
			Flags: 0x00440009
			Form ID: 0x00027683
			Form Type: 45
		File: "Fallout4.esm"
		Flags: 0x00400449
		Form ID: 0x0005DE4D
		Form Type: 65
	[RSP+C00 ] 0x2BAB7EC2C00      (char*) "-"
	[RSP+C08 ] 0x2BA275AF330      (ExtraTextDisplayData*)
	[RSP+C10 ] 0xEF827BEBD9       (void*)
	[RSP+C18 ] 0x0                (size_t)
	[RSP+C20 ] 0x1                (size_t)
	[RSP+C28 ] 0x7FF7EA250100     (char*) "DPEAW432@@ZXV12@W432@_KPEBDPEAW432@U_Nil@std@@U45@U45@U45@U45@U45@U45@U45@@std@@QEAVBSModsManager@BSPlatform@@AEAV?$_Ph@$00@2@AEAV?$_Ph@$01@2@AEAV?$_Ph@$02@2@PEAW4BNetResult@4@U_Nil@2@U92@U92@U92@U92@U92@U92@@std@@$0A@@std@@V?$allocator@V?$_Func_class@XW4BNetResult@BSPlatform@@_KPEBDU_Nil@std@@U34@U34@U34@U34@U34@U34@U34@U34@@std@@@2@XW4BNetResult@BSPlatform@@_KPEBDU_Nil@2@U62@U62@U62@U62@U62@U62@U62@U62@@std@@"
	[RSP+C30 ] 0x2BAB7EC2C00      (char*) "-"
	[RSP+C38 ] 0x0                (size_t)
	[RSP+C40 ] 0x7FF7E69E36DE     (void* -> Fallout4.exe+00436DE)
	[RSP+C48 ] 0x2B979340C8B      (void*)
	[RSP+C50 ] 0x2B900000005      (void*)
	[RSP+C58 ] 0x2BAB4D01C00      (void*)
	[RSP+C60 ] 0x7FFDE11B9E2E     (void* -> Buffout4.dll+0049E2E)
	[RSP+C68 ] 0x7FF7EA25CED0     (void* -> Fallout4.exe+38BCED0)
	[RSP+C70 ] 0x2B9702E2D70      (ScrapHeap*)
	[RSP+C78 ] 0x3                (size_t)
	[RSP+C80 ] 0x2B9702E2E10      (char*) "e"
	[RSP+C88 ] 0x2BA275AF2E0      (ExtraTextDisplayData*)
	[RSP+C90 ] 0x7FFDE11BA2E9     (void* -> Buffout4.dll+004A2E9)
	[RSP+C98 ] 0x2BA275AF2E0      (ExtraTextDisplayData*)
	[RSP+CA0 ] 0x0                (size_t)
	[RSP+CA8 ] 0x0                (size_t)
	[RSP+CB0 ] 0xEF827BED80       (void*)
	[RSP+CB8 ] 0x2BA275AF330      (ExtraTextDisplayData*)
	[RSP+CC0 ] 0x7FF7E84B14CA     (void* -> Fallout4.exe+1B114CA)
	[RSP+CC8 ] 0x2B9DE0ED300      (TESObjectARMO*)
		File: "Unofficial Fallout 4 Patch.esp"
		Flags: 0x0040000D
		Form ID: 0x00198B13
		Form Type: 29
		Full Name: "Powered Armor Frame BoS"
	[RSP+CD0 ] 0xFFFF0005DE4D     (size_t)
	[RSP+CD8 ] 0x7FF7EC45DB78     (GameScript::ObjectBindPolicy*)
	[RSP+CE0 ] 0x14               (size_t)
	[RSP+CE8 ] 0x7FF7E95FCAE8     (void* -> Fallout4.exe+2C5CAE8)
	[RSP+CF0 ] 0x7FF7E7CBBF9F     (void* -> Fallout4.exe+131BF9F)
	[RSP+CF8 ] 0x14               (size_t)
	[RSP+D00 ] 0x7FF7E95FCB18     (void* -> Fallout4.exe+2C5CB18)
	[RSP+D08 ] 0x1                (size_t)
	[RSP+D10 ] 0x100000004        (size_t)
	[RSP+D18 ] 0x2B9702E2450      (void*)
	[RSP+D20 ] 0xEF827BEC78       (void*)
	[RSP+D28 ] 0x7FF700000000     (size_t)
	[RSP+D30 ] 0x2B9201225C0      (ActorValueInfo*)
		File: "Fallout4.esm"
		Flags: 0x00000009
		Form ID: 0x0000036C
		Form Type: 98
		Full Name: "Head"
	[RSP+D38 ] 0x2B9E1C6E400      (Actor*)
		Object Reference: 
			File: "Fallout4.esm"
			Flags: 0x00440009
			Form ID: 0x00027683
			Form Type: 45
		File: "Fallout4.esm"
		Flags: 0x00400449
		Form ID: 0x0005DE4D
		Form Type: 65
	[RSP+D40 ] 0x0                (size_t)
	[RSP+D48 ] 0x0                (size_t)
	[RSP+D50 ] 0x0                (size_t)
	[RSP+D58 ] 0x2B900000000      (void*)
	[RSP+D60 ] 0x7FF7EC45D901     (void* -> Fallout4.exe+5ABD901)
	[RSP+D68 ] 0x7FF7EC3782C0     (void* -> Fallout4.exe+59D82C0)
	[RSP+D70 ] 0x7FF7E6DFEBE4     (void* -> Fallout4.exe+045EBE4)
	[RSP+D78 ] 0x2B9D1514A80      (void*)
	[RSP+D80 ] 0x0                (size_t)
	[RSP+D88 ] 0x2B9E1C6E400      (Actor*)
		Object Reference: 
			File: "Fallout4.esm"
			Flags: 0x00440009
			Form ID: 0x00027683
			Form Type: 45
		File: "Fallout4.esm"
		Flags: 0x00400449
		Form ID: 0x0005DE4D
		Form Type: 65
	[RSP+D90 ] 0x7FF7E84B1042     (void* -> Fallout4.exe+1B11042)
	[RSP+D98 ] 0x1                (size_t)
	[RSP+DA0 ] 0x7FF7E6B4FDDA     (void* -> Fallout4.exe+01AFDDA)
	[RSP+DA8 ] 0xEF827BEDB0       (void*)
	[RSP+DB0 ] 0x7FF7E84B093F     (void* -> Fallout4.exe+1B1093F)
	[RSP+DB8 ] 0x2B9E1C6E400      (Actor*)
		Object Reference: 
			File: "Fallout4.esm"
			Flags: 0x00440009
			Form ID: 0x00027683
			Form Type: 45
		File: "Fallout4.esm"
		Flags: 0x00400449
		Form ID: 0x0005DE4D
		Form Type: 65
	[RSP+DC0 ] 0x2B9E1C6E400      (Actor*)
		Object Reference: 
			File: "Fallout4.esm"
			Flags: 0x00440009
			Form ID: 0x00027683
			Form Type: 45
		File: "Fallout4.esm"
		Flags: 0x00400449
		Form ID: 0x0005DE4D
		Form Type: 65
	[RSP+DC8 ] 0x2BA275A003F      (void*)
	[RSP+DD0 ] 0x2B9E1C6E400      (Actor*)
		Object Reference: 
			File: "Fallout4.esm"
			Flags: 0x00440009
			Form ID: 0x00027683
			Form Type: 45
		File: "Fallout4.esm"
		Flags: 0x00400449
		Form ID: 0x0005DE4D
		Form Type: 65
	[RSP+DD8 ] 0xEF827BEBC4       (void*)
	[RSP+DE0 ] 0xEF827BEDB8       (void*)
	[RSP+DE8 ] 0xEF827BEB60       (void*)
	[RSP+DF0 ] 0x2B9702E2E10      (char*) "e"
	[RSP+DF8 ] 0x2B9702E2E10      (char*) "e"
	[RSP+E00 ] 0x7FF7E6DD661C     (void* -> Fallout4.exe+043661C)
	[RSP+E08 ] 0x2B9DB0D7B50      (BGSKeyword*)
		File: "Fallout4.esm"
		Flags: 0x00000009
		Form ID: 0x00077CA9
		Form Type: 04
	[RSP+E10 ] 0x7FF7E6A2DCE3     (void* -> Fallout4.exe+008DCE3)
	[RSP+E18 ] 0x0                (size_t)
	[RSP+E20 ] 0x0                (size_t)
	[RSP+E28 ] 0x1                (size_t)
	[RSP+E30 ] 0x2B9702E2E10      (char*) "e"
	[RSP+E38 ] 0x1                (size_t)
	[RSP+E40 ] 0x2B9E1C6E400      (Actor*)
		Object Reference: 
			File: "Fallout4.esm"
			Flags: 0x00440009
			Form ID: 0x00027683
			Form Type: 45
		File: "Fallout4.esm"
		Flags: 0x00400449
		Form ID: 0x0005DE4D
		Form Type: 65
	[RSP+E48 ] 0x2B9E1C6E400      (Actor*)
		Object Reference: 
			File: "Fallout4.esm"
			Flags: 0x00440009
			Form ID: 0x00027683
			Form Type: 45
		File: "Fallout4.esm"
		Flags: 0x00400449
		Form ID: 0x0005DE4D
		Form Type: 65
	[RSP+E50 ] 0x2B9E1C78DF0      (void*)
	[RSP+E58 ] 0x0                (size_t)
	[RSP+E60 ] 0x7FF7E6D9D9D1     (void* -> Fallout4.exe+03FD9D1)
	[RSP+E68 ] 0x2B9E1C70001      (void*)
	[RSP+E70 ] 0x0                (size_t)
	[RSP+E78 ] 0x2B9E1C6E400      (Actor*)
		Object Reference: 
			File: "Fallout4.esm"
			Flags: 0x00440009
			Form ID: 0x00027683
			Form Type: 45
		File: "Fallout4.esm"
		Flags: 0x00400449
		Form ID: 0x0005DE4D
		Form Type: 65
	[RSP+E80 ] 0x2BA00000000      (void*)
	[RSP+E88 ] 0x0                (size_t)
	[RSP+E90 ] 0x7FF7E6DAA495     (void* -> Fallout4.exe+040A495)
	[RSP+E98 ] 0x0                (size_t)
	[RSP+EA0 ] 0x2B9E1C6E400      (Actor*)
		Object Reference: 
			File: "Fallout4.esm"
			Flags: 0x00440009
			Form ID: 0x00027683
			Form Type: 45
		File: "Fallout4.esm"
		Flags: 0x00400449
		Form ID: 0x0005DE4D
		Form Type: 65
	[RSP+EA8 ] 0xEF827BF000       (BSTArrayBase::IAllocatorFunctor*)
	[RSP+EB0 ] 0x58               (size_t)
	[RSP+EB8 ] 0x0                (size_t)
	[RSP+EC0 ] 0x7FF7E6DAE814     (void* -> Fallout4.exe+040E814)
	[RSP+EC8 ] 0x0                (size_t)
	[RSP+ED0 ] 0x0                (size_t)
	[RSP+ED8 ] 0x2B9702E2E10      (char*) "e"
	[RSP+EE0 ] 0xEF827BF010       (BGSLoadFormBuffer*)
	[RSP+EE8 ] 0x12               (size_t)
	[RSP+EF0 ] 0xEF00000000       (size_t)
	[RSP+EF8 ] 0x2B9E1C78DF0      (void*)
	[RSP+F00 ] 0x0                (size_t)
	[RSP+F08 ] 0x0                (size_t)
	[RSP+F10 ] 0x2BB94606001      (void*)
	[RSP+F18 ] 0x2B9E1C6E400      (Actor*)
		Object Reference: 
			File: "Fallout4.esm"
			Flags: 0x00440009
			Form ID: 0x00027683
			Form Type: 45
		File: "Fallout4.esm"
		Flags: 0x00400449
		Form ID: 0x0005DE4D
		Form Type: 65
	[RSP+F20 ] 0xEF827BF010       (BGSLoadFormBuffer*)
	[RSP+F28 ] 0x0                (size_t)
	[RSP+F30 ] 0x7FF7E6D901B4     (void* -> Fallout4.exe+03F01B4)
	[RSP+F38 ] 0x0                (size_t)
	[RSP+F40 ] 0xEF827BF010       (BGSLoadFormBuffer*)
	[RSP+F48 ] 0x2B9E1C6E401      (void*)
	[RSP+F50 ] 0x0                (size_t)
	[RSP+F58 ] 0x5DE4D            (size_t)
	[RSP+F60 ] 0x2B9E1C6E400      (Actor*)
		Object Reference: 
			File: "Fallout4.esm"
			Flags: 0x00440009
			Form ID: 0x00027683
			Form Type: 45
		File: "Fallout4.esm"
		Flags: 0x00400449
		Form ID: 0x0005DE4D
		Form Type: 65
	[RSP+F68 ] 0xEF827BF010       (BGSLoadFormBuffer*)
	[RSP+F70 ] 0x0                (size_t)
	[RSP+F78 ] 0x2BB94606040      (void*)
	[RSP+F80 ] 0x2B9E1C6E400      (Actor*)
		Object Reference: 
			File: "Fallout4.esm"
			Flags: 0x00440009
			Form ID: 0x00027683
			Form Type: 45
		File: "Fallout4.esm"
		Flags: 0x00400449
		Form ID: 0x0005DE4D
		Form Type: 65
	[RSP+F88 ] 0x0                (size_t)
	[RSP+F90 ] 0x7FF7E7741D47     (void* -> Fallout4.exe+0DA1D47)
	[RSP+F98 ] 0x0                (size_t)
	[RSP+FA0 ] 0x0                (size_t)
	[RSP+FA8 ] 0x0                (size_t)
	[RSP+FB0 ] 0x2BA69B00900      (char*) "Autosave3_4AB20BB3_5468657461_Commonwealth_041111_20230501154927_63_2"
	[RSP+FB8 ] 0x6AF717201        (size_t)
	[RSP+FC0 ] 0x2B9D1586B00      (TESWorldSpace*)
		File: "PRP.esp"
		Flags: 0x0000000B
		Form ID: 0x0000003C
		Form Type: 74
		Full Name: "Commonwealth"
	[RSP+FC8 ] 0x5DE4D            (size_t)
	[RSP+FD0 ] 0x2B9F2B02B00      (TESObjectCELL*)
		File: "PRP.esp"
		Flags: 0x0004000B
		Form ID: 0x0000E189
		Form Type: 63
		Full Name: ""
	[RSP+FD8 ] 0x7FF7E96E0E78     (void* -> Fallout4.exe+2D40E78)
	[RSP+FE0 ] 0x2B9E1C6E400      (Actor*)
		Object Reference: 
			File: "Fallout4.esm"
			Flags: 0x00440009
			Form ID: 0x00027683
			Form Type: 45
		File: "Fallout4.esm"
		Flags: 0x00400449
		Form ID: 0x0005DE4D
		Form Type: 65
	[RSP+FE8 ] 0x0                (size_t)
	[RSP+FF0 ] 0xFFFFFFF80000003C (size_t)
	[RSP+FF8 ] 0x0                (size_t)
	[RSP+1000] 0x0                (size_t)
	[RSP+1008] 0x0                (size_t)
	[RSP+1010] 0x5DE4D            (size_t)
	[RSP+1018] 0x2B9E1C6E400      (Actor*)
		Object Reference: 
			File: "Fallout4.esm"
			Flags: 0x00440009
			Form ID: 0x00027683
			Form Type: 45
		File: "Fallout4.esm"
		Flags: 0x00400449
		Form ID: 0x0005DE4D
		Form Type: 65
	[RSP+1020] 0x2B9D1A5E080      (void*)
	[RSP+1028] 0x41               (size_t)
	[RSP+1030] 0x2BA69B00900      (char*) "Autosave3_4AB20BB3_5468657461_Commonwealth_041111_20230501154927_63_2"
	[RSP+1038] 0x2BA2759F400      (void*)
	[RSP+1040] 0xEF827BF0A0       (void*)
	[RSP+1048] 0xA2000D2B         (size_t)
	[RSP+1050] 0x7FF7E767EF40     (void* -> Fallout4.exe+0CDEF40)
	[RSP+1058] 0xA2000D2B         (size_t)
	[RSP+1060] 0x0                (size_t)
	[RSP+1068] 0x2B9E1C6E400      (Actor*)
		Object Reference: 
			File: "Fallout4.esm"
			Flags: 0x00440009
			Form ID: 0x00027683
			Form Type: 45
		File: "Fallout4.esm"
		Flags: 0x00400449
		Form ID: 0x0005DE4D
		Form Type: 65
	[RSP+1070] 0xEF827BEFB0       (void*)
	[RSP+1078] 0x1                (size_t)
	[RSP+1080] 0x2                (size_t)
	[RSP+1088] 0xB2000D2B00000000 (size_t)
	[RSP+1090] 0xEF0000F6F5       (size_t)
	[RSP+1098] 0x2BAB4BCB480      (void*)
	[RSP+10A0] 0x7FFE02000000     (size_t)
	[RSP+10A8] 0x2B900000058      (void*)
	[RSP+10B0] 0x2B9E1C6E400      (Actor*)
		Object Reference: 
			File: "Fallout4.esm"
			Flags: 0x00440009
			Form ID: 0x00027683
			Form Type: 45
		File: "Fallout4.esm"
		Flags: 0x00400449
		Form ID: 0x0005DE4D
		Form Type: 65
	[RSP+10B8] 0x7FF7E95E96C8     (void* -> Fallout4.exe+2C496C8)
	[RSP+10C0] 0x2B9D1A5E3B8      (void*)
	[RSP+10C8] 0x7FF7E95F6C68     (void* -> Fallout4.exe+2C56C68)
	[RSP+10D0] 0x0                (size_t)
	[RSP+10D8] 0x0                (size_t)
	[RSP+10E0] 0x7FFE00000000     (size_t)
	[RSP+10E8] 0x0                (size_t)
	[RSP+10F0] 0x18710005DE4D     (size_t)
	[RSP+10F8] 0x0                (size_t)
	[RSP+1100] 0x2B9E1C6E400      (Actor*)
		Object Reference: 
			File: "Fallout4.esm"
			Flags: 0x00440009
			Form ID: 0x00027683
			Form Type: 45
		File: "Fallout4.esm"
		Flags: 0x00400449
		Form ID: 0x0005DE4D
		Form Type: 65
	[RSP+1108] 0xB2000D2BA2000D2B (size_t)
	[RSP+1110] 0x44410000         (size_t)
	[RSP+1118] 0x2B9702E2E10      (char*) "e"
	[RSP+1120] 0x2B9702E2D0C      (void*)
	[RSP+1128] 0x0                (size_t)
	[RSP+1130] 0x7FFD00000000     (size_t)
	[RSP+1138] 0x2B900000000      (void*)
	[RSP+1140] 0x0                (size_t)
	[RSP+1148] 0x0                (size_t)
	[RSP+1150] 0x7FFD00000000     (size_t)
	[RSP+1158] 0x23FD25002399128  (size_t)
	[RSP+1160] 0x13BC94000F0BCF   (size_t)
	[RSP+1168] 0xF5F87A001604C8   (size_t)
	[RSP+1170] 0xE0000000C        (size_t)
	[RSP+1178] 0x23CB600000008    (size_t)
	[RSP+1180] 0x0                (size_t)
	[RSP+1188] 0x0                (size_t)
	[RSP+1190] 0x0                (size_t)
	[RSP+1198] 0x0                (size_t)
	[RSP+11A0] 0x0                (size_t)
	[RSP+11A8] 0x0                (size_t)
	[RSP+11B0] 0x0                (size_t)
	[RSP+11B8] 0x0                (size_t)
	[RSP+11C0] 0x0                (size_t)
	[RSP+11C8] 0xFFFFFFFF         (size_t)
	[RSP+11D0] 0x20000193F9110    (size_t)
	[RSP+11D8] 0x11A1B0000884E    (size_t)
	[RSP+11E0] 0x7FF7EA06DAD4     (void* -> Fallout4.exe+36CDAD4)
	[RSP+11E8] 0x2B9193F9110      (char*) "
ull save path: D:\Users\joshs\Documents\My Games\Fallout4\Saves\\Autosave3_4AB20BB3_5468657461_Commonwealth_041111_20230501154927_63_2.f4seetly01) loaded correctly"
	[RSP+11F0] 0x2BA2E951440      (void*)
	[RSP+11F8] 0x3                (size_t)
	[RSP+1200] 0x20000ECF8DABE    (size_t)
	[RSP+1208] 0x2000000006FC0    (size_t)
	[RSP+1210] 0x7FF7EA06DAD4     (void* -> Fallout4.exe+36CDAD4)
	[RSP+1218] 0x7FFDECFD40E8     (void* -> f4se_1_10_163.dll+00C40E8)
	[RSP+1220] 0x2B9FD371400      (void*)
	[RSP+1228] 0x207F00019040     (size_t)
	[RSP+1230] 0x7FFDECF82F7D     (void* -> f4se_1_10_163.dll+0072F7D)
	[RSP+1238] 0x657661736F747541 (size_t)
	[RSP+1240] 0x4230324241345F33 (size_t)
	[RSP+1248] 0x36383634355F3342 (size_t)
	[RSP+1250] 0x6F435F3136343735 (size_t)
	[RSP+1258] 0x6C6165776E6F6D6D (size_t)
	[RSP+1260] 0x31313134305F6874 (size_t)
	[RSP+1268] 0x3530333230325F31 (size_t)
	[RSP+1270] 0x3732393435313130 (size_t)
	[RSP+1278] 0x6F662E325F33365F (size_t)
	[RSP+1280] 0x7FFDECF70073     (void* -> f4se_1_10_163.dll+0060073)
	[RSP+1288] 0x7FFDECFD40E8     (void* -> f4se_1_10_163.dll+00C40E8)
	[RSP+1290] 0x7FFDE227657B     (void* -> RobCo_Patcher.dll+000657B)
	[RSP+1298] 0x2B9173E5D40      (void*)
	[RSP+12A0] 0xEF827BF240       (void*)
	[RSP+12A8] 0xEF827BF368       (void*)
	[RSP+12B0] 0x7FFDECF82E18     (void* -> f4se_1_10_163.dll+0072E18)
	[RSP+12B8] 0x0                (size_t)
	[RSP+12C0] 0xA                (size_t)
	[RSP+12C8] 0x2B900000000      (void*)
	[RSP+12D0] 0x7FFDECFD4270     (void* -> f4se_1_10_163.dll+00C4270)
	[RSP+12D8] 0x2B917386B80      (void*)
	[RSP+12E0] 0x2B9173E5D01      (char*) "x86)\Microsoft Visual Studio 14.0\Common7\Tools\"
	[RSP+12E8] 0xEF827BF200       (void*)
	[RSP+12F0] 0xEF827BF200       (void*)
	[RSP+12F8] 0x7FFDECFD40E8     (void* -> f4se_1_10_163.dll+00C40E8)
	[RSP+1300] 0x7FFDECFD40E8     (void* -> f4se_1_10_163.dll+00C40E8)
	[RSP+1308] 0xEF827BF2A0       (char*) " 16:51:39, EXE Version: 1.10.163.0, Save Version 15.68"
	[RSP+1310] 0xEF827BF200       (void*)
	[RSP+1318] 0xEF827BF2A8       (char*) "9, EXE Version: 1.10.163.0, Save Version 15.68"
	[RSP+1320] 0xEF827BF2B0       (char*) "ersion: 1.10.163.0, Save Version 15.68"
	[RSP+1328] 0xEF827BF2B8       (char*) "1.10.163.0, Save Version 15.68"
	[RSP+1330] 0x7FFDECF82CBD     (void* -> f4se_1_10_163.dll+0072CBD)
	[RSP+1338] 0x7FFDECFA1A70     (char*) "%s
"
	[RSP+1340] 0x7FFDECFD40E8     (void* -> f4se_1_10_163.dll+00C40E8)
	[RSP+1348] 0x202D207368736F6A (size_t)
	[RSP+1350] 0x333230322F312F35 (size_t)
	[RSP+1358] 0x333A31353A363120 (size_t)
	[RSP+1360] 0x5620455845202C39 (size_t)
	[RSP+1368] 0x203A6E6F69737265 (size_t)
	[RSP+1370] 0x3336312E30312E31 (size_t)
	[RSP+1378] 0x65766153202C302E (size_t)
	[RSP+1380] 0x6E6F697372655620 (size_t)
	[RSP+1388] 0x38362E353120     (size_t)
	[RSP+1390] 0xEF827BF368       (void*)
	[RSP+1398] 0x2BB33505F01      (void*)
	[RSP+13A0] 0x7FFDECF6F551     (void* -> f4se_1_10_163.dll+005F551)
	[RSP+13A8] 0x7FFDECFA1A70     (char*) "%s
"
	[RSP+13B0] 0x7FFDECFDB770     (char*) "full save path: D:\Users\joshs\Documents\My Games\Fallout4\Saves\\Autosave3_4AB20BB3_5468657461_Commonwealth_041111_20230501154927_63_2.f4se"
	[RSP+13B8] 0xFFFFFFFFFFFFFFFE (size_t)
	[RSP+13C0] 0x2B9193F9111      (char*) "ull save path: D:\Users\joshs\Documents\My Games\Fallout4\Saves\\Autosave3_4AB20BB3_5468657461_Commonwealth_041111_20230501154927_63_2.f4seetly01) loaded correctly"
	[RSP+13C8] 0x0                (size_t)
	[RSP+13D0] 0xEF827BF368       (void*)
	[RSP+13D8] 0x0                (size_t)
	[RSP+13E0] 0x7FFDECF144EA     (void* -> f4se_1_10_163.dll+00044EA)
	[RSP+13E8] 0x2BB33505F10      (char*) "D:\Users\joshs\Documents\My Games\Fallout4\Saves\\Autosave3_4AB20BB3_5468657461_Commonwealth_041111_20230501154927_63_2.f4se"
	[RSP+13F0] 0x9484713CEB1D     (size_t)
	[RSP+13F8] 0x45               (size_t)
	[RSP+1400] 0x0                (size_t)
	[RSP+1408] 0x2                (size_t)
	[RSP+1410] 0x2BA69B00900      (char*) "Autosave3_4AB20BB3_5468657461_Commonwealth_041111_20230501154927_63_2"
	[RSP+1418] 0x7FFDECFB52B8     (char*) "F4SE"
	[RSP+1420] 0x7FFDECF6B371     (void* -> f4se_1_10_163.dll+005B371)
	[RSP+1428] 0x2B91738BB70      (void*)
	[RSP+1430] 0x6                (size_t)
	[RSP+1438] 0xFFFFFFFF         (size_t)
	[RSP+1440] 0x4                (size_t)
	[RSP+1448] 0x7FFDECFB52B8     (char*) "F4SE"
	[RSP+1450] 0x4500000002       (size_t)
	[RSP+1458] 0x2BA69B00900      (char*) "Autosave3_4AB20BB3_5468657461_Commonwealth_041111_20230501154927_63_2"
	[RSP+1460] 0x2BAD2136660      (char*) "Autosave3_4AB20BB3_5468657461_Commonwealth_041111_20230501154927_63_2"
	[RSP+1468] 0xFFFFFF00         (size_t)
	[RSP+1470] 0x0                (size_t)
	[RSP+1478] 0xEF827BF490       (void*)
	[RSP+1480] 0x0                (size_t)
	[RSP+1488] 0x2B9D1A5E080      (void*)
	[RSP+1490] 0x7FFDECF1EDC5     (void* -> f4se_1_10_163.dll+000EDC5)
	[RSP+1498] 0x2BA69B00901      (char*) "utosave3_4AB20BB3_5468657461_Commonwealth_041111_20230501154927_63_2"
	[RSP+14A0] 0x2BA69B00900      (char*) "Autosave3_4AB20BB3_5468657461_Commonwealth_041111_20230501154927_63_2"
	[RSP+14A8] 0x2BA69B00900      (char*) "Autosave3_4AB20BB3_5468657461_Commonwealth_041111_20230501154927_63_2"
	[RSP+14B0] 0x7FFE220E64B5     (void* -> KERNELBASE.dll+00864B5)
	[RSP+14B8] 0x0                (size_t)
	[RSP+14C0] 0x0                (size_t)
	[RSP+14C8] 0x0                (size_t)
	[RSP+14D0] 0x0                (size_t)
	[RSP+14D8] 0x0                (size_t)
	[RSP+14E0] 0x0                (size_t)
	[RSP+14E8] 0x2                (size_t)
	[RSP+14F0] 0x7FF7E768DA7D     (void* -> Fallout4.exe+0CEDA7D)
	[RSP+14F8] 0x0                (size_t)
	[RSP+1500] 0xEF827BF540       (void*)
	[RSP+1508] 0x2B998DB6B00      (BGSSaveLoadManager*)
	[RSP+1510] 0x2                (size_t)
	[RSP+1518] 0x3A83126F         (size_t)
	[RSP+1520] 0x2BA671DD6C0      (void*)
	[RSP+1528] 0x2BA59EE1EC0      (BSClothUtils::BSTransformSet*)
	[RSP+1530] 0x3B0              (size_t)
	[RSP+1538] 0x3FD12364C179BBCD (size_t)
	[RSP+1540] 0x3F8000004232D787 (size_t)
	[RSP+1548] 0x0                (size_t)
	[RSP+1550] 0x0                (size_t)
	[RSP+1558] 0x3F80009400000000 (size_t)
	[RSP+1560] 0x3F80000000000000 (size_t)
	[RSP+1568] 0x2B9702E2E10      (char*) "e"
	[RSP+1570] 0x33900000         (size_t)
	[RSP+1578] 0x657661736F747541 (size_t)
	[RSP+1580] 0x4230324241345F33 (size_t)
	[RSP+1588] 0x36383634355F3342 (size_t)
	[RSP+1590] 0x6F435F3136343735 (size_t)
	[RSP+1598] 0x6C6165776E6F6D6D (size_t)
	[RSP+15A0] 0x31313134305F6874 (size_t)
	[RSP+15A8] 0x3530333230325F31 (size_t)
	[RSP+15B0] 0x3732393435313130 (size_t)
	[RSP+15B8] 0x325F33365F       (size_t)
	[RSP+15C0] 0x0                (size_t)
	[RSP+15C8] 0x0                (size_t)
	[RSP+15D0] 0x0                (size_t)
	[RSP+15D8] 0x0                (size_t)
	[RSP+15E0] 0x0                (size_t)
	[RSP+15E8] 0x0                (size_t)
	[RSP+15F0] 0x0                (size_t)
	[RSP+15F8] 0x0                (size_t)
	[RSP+1600] 0x0                (size_t)
	[RSP+1608] 0x0                (size_t)
	[RSP+1610] 0x0                (size_t)
	[RSP+1618] 0x0                (size_t)
	[RSP+1620] 0x0                (size_t)
	[RSP+1628] 0x0                (size_t)
	[RSP+1630] 0x0                (size_t)
	[RSP+1638] 0x0                (size_t)
	[RSP+1640] 0x0                (size_t)
	[RSP+1648] 0x0                (size_t)
	[RSP+1650] 0x0                (size_t)
	[RSP+1658] 0x0                (size_t)
	[RSP+1660] 0x0                (size_t)
	[RSP+1668] 0x0                (size_t)
	[RSP+1670] 0x0                (size_t)
	[RSP+1678] 0x3F54A25600000000 (size_t)
	[RSP+1680] 0x3D92CBAC         (size_t)
	[RSP+1688] 0x3F               (size_t)
	[RSP+1690] 0x300000002        (size_t)
	[RSP+1698] 0x4AB20BB3         (size_t)
	[RSP+16A0] 0x0                (size_t)
	[RSP+16A8] 0x3F7BF344000B0005 (size_t)
	[RSP+16B0] 0x0                (size_t)
	[RSP+16B8] 0xBC423316000D000C (size_t)
	[RSP+16C0] 0x0                (size_t)
	[RSP+16C8] 0xBD28200000070006 (size_t)
	[RSP+16D0] 0x3F80000000000101 (size_t)
	[RSP+16D8] 0x73726573555C3A44 (size_t)
	[RSP+16E0] 0x445C7368736F6A5C (size_t)
	[RSP+16E8] 0x73746E656D75636F (size_t)
	[RSP+16F0] 0x656D614720794D5C (size_t)
	[RSP+16F8] 0x756F6C6C61465C73 (size_t)
	[RSP+1700] 0x73657661535C3474 (size_t)
	[RSP+1708] 0x7661736F7475415C (size_t)
	[RSP+1710] 0x30324241345F3365 (size_t)
	[RSP+1718] 0x383634355F334242 (size_t)
	[RSP+1720] 0x435F313634373536 (size_t)
	[RSP+1728] 0x6165776E6F6D6D6F (size_t)
	[RSP+1730] 0x313134305F68746C (size_t)
	[RSP+1738] 0x30333230325F3131 (size_t)
	[RSP+1740] 0x3239343531313035 (size_t)
	[RSP+1748] 0x662E325F33365F37 (size_t)
	[RSP+1750] 0x3F7EA2BEBD00736F (size_t)
	[RSP+1758] 0x3F8000003F800000 (size_t)
	[RSP+1760] 0x3F8000003F800000 (size_t)
	[RSP+1768] 0x401034733F99999A (size_t)
	[RSP+1770] 0x3F800000424CA67A (size_t)
	[RSP+1778] 0x3FDE006460000000 (size_t)
	[RSP+1780] 0x3F1CE6823EA7AC5E (size_t)
	[RSP+1788] 0x3FF0000000000000 (size_t)
	[RSP+1790] 0x3F8000003F800000 (size_t)
	[RSP+1798] 0x3FD123643F99999A (size_t)
	[RSP+17A0] 0x3F8000004232D787 (size_t)
	[RSP+17A8] 0x4001B34520000000 (size_t)
	[RSP+17B0] 0x3F2CD1413E90ED27 (size_t)
	[RSP+17B8] 0x3FF0000000000000 (size_t)
	[RSP+17C0] 0x3F8000003F800135 (size_t)
	[RSP+17C8] 0xBFF3DFA000000000 (size_t)
	[RSP+17D0] 0xC1E481AA41039B1D (size_t)
	[RSP+17D8] 0x3FE0000000000000 (size_t)
	[RSP+17E0] 0x0                (size_t)
	[RSP+17E8] 0x657661736F747541 (size_t)
	[RSP+17F0] 0x4230324241345F33 (size_t)
	[RSP+17F8] 0x36383634355F3342 (size_t)
	[RSP+1800] 0x6F435F3136343735 (size_t)
	[RSP+1808] 0x6C6165776E6F6D6D (size_t)
	[RSP+1810] 0x31313134305F6874 (size_t)
	[RSP+1818] 0x3530333230325F31 (size_t)
	[RSP+1820] 0x3732393435313130 (size_t)
	[RSP+1828] 0x325F33365F       (size_t)
	[RSP+1830] 0x0                (size_t)
	[RSP+1838] 0x0                (size_t)
	[RSP+1840] 0x0                (size_t)
	[RSP+1848] 0x3F7BF34400580000 (size_t)
	[RSP+1850] 0x7FF7E84B093F     (void* -> Fallout4.exe+1B1093F)
	[RSP+1858] 0xBC423322BDD854C6 (size_t)
	[RSP+1860] 0x3F7E8CBA         (size_t)
	[RSP+1868] 0x3F800000         (size_t)
	[RSP+1870] 0x7FF7E91718D1     (void* -> Fallout4.exe+27D18D1)
	[RSP+1878] 0x0                (size_t)
	[RSP+1880] 0x7FF7E84B093F     (void* -> Fallout4.exe+1B1093F)
	[RSP+1888] 0x2BA59EE5F58      (void*)
	[RSP+1890] 0x7FF7E84B093F     (void* -> Fallout4.exe+1B1093F)
	[RSP+1898] 0x3F800000         (size_t)
	[RSP+18A0] 0x0                (size_t)
	[RSP+18A8] 0x0                (size_t)
	[RSP+18B0] 0x7FF7E8536A8F     (void* -> Fallout4.exe+1B96A8F)
	[RSP+18B8] 0x2BA59A7EB58      (void*)
	[RSP+18C0] 0x7FF7E84B093F     (void* -> Fallout4.exe+1B1093F)
	[RSP+18C8] 0x7FF7EC99F0F8     (void* -> Fallout4.exe+5FFF0F8)
	[RSP+18D0] 0x2BA59EE5F58      (void*)
	[RSP+18D8] 0x2B9702E2450      (void*)
	[RSP+18E0] 0x1                (size_t)
	[RSP+18E8] 0x0                (size_t)
	[RSP+18F0] 0x7FF7E8538367     (void* -> Fallout4.exe+1B98367)
	[RSP+18F8] 0x657661736F747541 (size_t)
	[RSP+1900] 0x4230324241345F33 (size_t)
	[RSP+1908] 0x36383634355F3342 (size_t)
	[RSP+1910] 0x6F435F3136343735 (size_t)
	[RSP+1918] 0x6C6165776E6F6D6D (size_t)
	[RSP+1920] 0x31313134305F6874 (size_t)
	[RSP+1928] 0x3530333230325F31 (size_t)
	[RSP+1930] 0x3732393435313130 (size_t)
	[RSP+1938] 0x6F662E325F33365F (size_t)
	[RSP+1940] 0x7FF7E6D40073     (void* -> Fallout4.exe+03A0073)
	[RSP+1948] 0x0                (size_t)
	[RSP+1950] 0x0                (size_t)
	[RSP+1958] 0x0                (size_t)
	[RSP+1960] 0x0                (size_t)
	[RSP+1968] 0x0                (size_t)
	[RSP+1970] 0x0                (size_t)
	[RSP+1978] 0x2B9EC300C00      (void*)
	[RSP+1980] 0x7FF7E6D7E813     (void* -> Fallout4.exe+03DE813)
	[RSP+1988] 0x480016FD         (size_t)
	[RSP+1990] 0x7FF7E8537E1F     (void* -> Fallout4.exe+1B97E1F)
	[RSP+1998] 0x0                (size_t)
	[RSP+19A0] 0x0                (size_t)
	[RSP+19A8] 0x1                (size_t)
	[RSP+19B0] 0xEF827BF9D0       (void*)
	[RSP+19B8] 0x2BA6BD7FDA0      (void*)
	[RSP+19C0] 0x7FF7E6D69DDC     (void* -> Fallout4.exe+03C9DDC)
	[RSP+19C8] 0xEF827BFA00       (void*)
	[RSP+19D0] 0x2BA6BD7FDA0      (void*)
	[RSP+19D8] 0x1                (size_t)
	[RSP+19E0] 0x2B9446F4DB8      (void*)
	[RSP+19E8] 0xC734CEBB4738E73E (size_t)
	[RSP+19F0] 0x7FFDE11B9E2E     (void* -> Buffout4.dll+0049E2E)
	[RSP+19F8] 0x46A3BA4FC72A0C18 (size_t)
	[RSP+1A00] 0xBF8B88D04510DC6B (size_t)
	[RSP+1A08] 0x73726573555C3A44 (size_t)
	[RSP+1A10] 0x445C7368736F6A5C (size_t)
	[RSP+1A18] 0x73746E656D75636F (size_t)
	[RSP+1A20] 0x656D614720794D5C (size_t)
	[RSP+1A28] 0x756F6C6C61465C73 (size_t)
	[RSP+1A30] 0x73657661535C3474 (size_t)
	[RSP+1A38] 0x477A02A5C7DF005C (size_t)
	[RSP+1A40] 0x2B9E1F34B80      (TESObjectREFR*)
		Object Reference: 
			File: "Fallout4.esm"
			Flags: 0x00020009
			Form ID: 0x0007ED5A
			Form Type: 34
		File: "Fallout4.esm"
		Flags: 0x0003040D
		Form ID: 0x000F7309
		Form Type: 64
	[RSP+1A48] 0x0                (size_t)
	[RSP+1A50] 0x7FF7E84B14CA     (void* -> Fallout4.exe+1B114CA)
	[RSP+1A58] 0xEF827BFA18       (void*)
	[RSP+1A60] 0x1                (size_t)
	[RSP+1A68] 0xEF827BFAC0       (void*)
	[RSP+1A70] 0x2B9F93D7B00      (TESObjectCELL*)
		File: ""
		Flags: 0x00002008
		Form ID: 0xFF00CBA3
		Form Type: 63
		Full Name: ""
	[RSP+1A78] 0x0                (size_t)
	[RSP+1A80] 0x7FF7E6D4F3CC     (void* -> Fallout4.exe+03AF3CC)
	[RSP+1A88] 0x2BA00000000      (void*)
	[RSP+1A90] 0x0                (size_t)
	[RSP+1A98] 0xEF827BFA40       (void*)
	[RSP+1AA0] 0x0                (size_t)
	[RSP+1AA8] 0x0                (size_t)
	[RSP+1AB0] 0xEF00000010       (size_t)
	[RSP+1AB8] 0x2B9D1D37110      (void*)
	[RSP+1AC0] 0xEF827BFA70       (void*)
	[RSP+1AC8] 0xEF827BFAC0       (void*)
	[RSP+1AD0] 0x0                (size_t)
	[RSP+1AD8] 0x0                (size_t)
	[RSP+1AE0] 0x0                (size_t)
	[RSP+1AE8] 0xEF00000000       (size_t)
	[RSP+1AF0] 0x7FF7E6B736EA     (void* -> Fallout4.exe+01D36EA)
	[RSP+1AF8] 0x7FF7EC588080     (void* -> Fallout4.exe+5BE8080)
	[RSP+1B00] 0x7FF7EC588088     (void* -> Fallout4.exe+5BE8088)
	[RSP+1B08] 0x2B9D159FEC0      (TES*)
	[RSP+1B10] 0xEF827BFAC0       (void*)
	[RSP+1B18] 0x0                (size_t)
	[RSP+1B20] 0xEF80EFF9A0       (void*)
	[RSP+1B28] 0x7FF7EC588084     (void* -> Fallout4.exe+5BE8084)
	[RSP+1B30] 0x1                (size_t)
	[RSP+1B38] 0x7FF7EC588080     (void* -> Fallout4.exe+5BE8080)
	[RSP+1B40] 0x7FF7EC588088     (void* -> Fallout4.exe+5BE8088)
	[RSP+1B48] 0x2B92005FF20      (void*)
	[RSP+1B50] 0x0                (size_t)
	[RSP+1B58] 0x0                (size_t)
	[RSP+1B60] 0x7FF7E7693A4D     (void* -> Fallout4.exe+0CF3A4D)
	[RSP+1B68] 0x2B920050001      (void*)
	[RSP+1B70] 0x2BAD2136660      (char*) "Autosave3_4AB20BB3_5468657461_Commonwealth_041111_20230501154927_63_2"
	[RSP+1B78] 0x44EFA3A4FFFFFFFF (size_t)
	[RSP+1B80] 0x7FF700000000     (size_t)
	[RSP+1B88] 0x2B997FF9F01      (void*)
	[RSP+1B90] 0x7FFE22082D00     (void* -> KERNELBASE.dll+0022D00)
	[RSP+1B98] 0x7FF7EC589610     (void* -> Fallout4.exe+5BE9610)
	[RSP+1BA0] 0x7FF7E84F0F26     (void* -> Fallout4.exe+1B50F26)
	[RSP+1BA8] 0x7FF7EC589610     (void* -> Fallout4.exe+5BE9610)
	[RSP+1BB0] 0x7FF700000002     (size_t)
	[RSP+1BB8] 0x2B900000000      (void*)
	[RSP+1BC0] 0x7FFE220B4AED     (void* -> KERNELBASE.dll+0054AED)
	[RSP+1BC8] 0x0                (size_t)
	[RSP+1BD0] 0x0                (size_t)
	[RSP+1BD8] 0x7FF7EC59D6C0     (void* -> Fallout4.exe+5BFD6C0)
	[RSP+1BE0] 0x0                (size_t)
	[RSP+1BE8] 0x7FF7EC5895C0     (BSJobs::JobThread*)
	[RSP+1BF0] 0x7FF7E84F1432     (void* -> Fallout4.exe+1B51432)
	[RSP+1BF8] 0x0                (size_t)
	[RSP+1C00] 0x7FF7EC5895C0     (BSJobs::JobThread*)
	[RSP+1C08] 0x0                (size_t)
	[RSP+1C10] 0xEF827BFBB0       (char*) "$K"
	[RSP+1C18] 0x0                (size_t)
	[RSP+1C20] 0x0                (size_t)
	[RSP+1C28] 0x0                (size_t)
	[RSP+1C30] 0x7FF7E84F3F67     (void* -> Fallout4.exe+1B53F67)
	[RSP+1C38] 0x7FF7EC5895C0     (BSJobs::JobThread*)
	[RSP+1C40] 0x0                (size_t)
	[RSP+1C48] 0x0                (size_t)
	[RSP+1C50] 0x0                (size_t)
	[RSP+1C58] 0x7FF7EC5895C0     (BSJobs::JobThread*)
	[RSP+1C60] 0x7FF7E84BCFED     (void* -> Fallout4.exe+1B1CFED)
	[RSP+1C68] 0x4B24             (size_t)
	[RSP+1C70] 0xEF827BFBD0       (void*)
	[RSP+1C78] 0x2B92003BC90      (void*)
	[RSP+1C80] 0x0                (size_t)
	[RSP+1C88] 0x7FF7EC5895C0     (BSJobs::JobThread*)
	[RSP+1C90] 0x0                (size_t)
	[RSP+1C98] 0x0                (size_t)
	[RSP+1CA0] 0x7FFE23EC7604     (void* -> KERNEL32.DLL+0017604)
	[RSP+1CA8] 0x0                (size_t)
	[RSP+1CB0] 0x0                (size_t)
	[RSP+1CB8] 0x0                (size_t)
	[RSP+1CC0] 0x0                (size_t)
	[RSP+1CC8] 0x0                (size_t)
	[RSP+1CD0] 0x7FFE244E26A1     (void* -> ntdll.dll+00526A1)
	[RSP+1CD8] 0x0                (size_t)
	[RSP+1CE0] 0x0                (size_t)
	[RSP+1CE8] 0x0                (size_t)
	[RSP+1CF0] 0x0                (size_t)
	[RSP+1CF8] 0x0                (size_t)
	[RSP+1D00] 0x0                (size_t)
	[RSP+1D08] 0x13CD2BCC00000000 (size_t)
	[RSP+1D10] 0x0                (size_t)
	[RSP+1D18] 0x0                (size_t)
	[RSP+1D20] 0x7FFE22177FE0     (void* -> KERNELBASE.dll+0117FE0)
	[RSP+1D28] 0xEF827BD0C0       (void*)
	[RSP+1D30] 0x42C00007FFE31DA5 (size_t)
	[RSP+1D38] 0x7FFE31DA542C     (size_t)
	[RSP+1D40] 0xEF827BD0C0       (void*)
	[RSP+1D48] 0x0                (size_t)
	[RSP+1D50] 0x0                (size_t)
	[RSP+1D58] 0x0                (size_t)
	[RSP+1D60] 0x0                (size_t)
	[RSP+1D68] 0x0                (size_t)
	[RSP+1D70] 0x0                (size_t)
	[RSP+1D78] 0x0                (size_t)
	[RSP+1D80] 0x0                (size_t)
	[RSP+1D88] 0x0                (size_t)
	[RSP+1D90] 0x0                (size_t)
	[RSP+1D98] 0x0                (size_t)
	[RSP+1DA0] 0x0                (size_t)
	[RSP+1DA8] 0x0                (size_t)
	[RSP+1DB0] 0x0                (size_t)
	[RSP+1DB8] 0x0                (size_t)
	[RSP+1DC0] 0x0                (size_t)
	[RSP+1DC8] 0x0                (size_t)
	[RSP+1DD0] 0x0                (size_t)
	[RSP+1DD8] 0x0                (size_t)
	[RSP+1DE0] 0x0                (size_t)
	[RSP+1DE8] 0x0                (size_t)
	[RSP+1DF0] 0x0                (size_t)
	[RSP+1DF8] 0x0                (size_t)
	[RSP+1E00] 0x0                (size_t)
	[RSP+1E08] 0x0                (size_t)
	[RSP+1E10] 0x0                (size_t)
	[RSP+1E18] 0x0                (size_t)
	[RSP+1E20] 0x0                (size_t)
	[RSP+1E28] 0x0                (size_t)
	[RSP+1E30] 0x0                (size_t)
	[RSP+1E38] 0x0                (size_t)
	[RSP+1E40] 0x0                (size_t)
	[RSP+1E48] 0x0                (size_t)
	[RSP+1E50] 0x0                (size_t)
	[RSP+1E58] 0x0                (size_t)
	[RSP+1E60] 0x0                (size_t)
	[RSP+1E68] 0x0                (size_t)
	[RSP+1E70] 0x0                (size_t)
	[RSP+1E78] 0x0                (size_t)
	[RSP+1E80] 0x0                (size_t)
	[RSP+1E88] 0x0                (size_t)
	[RSP+1E90] 0x0                (size_t)
	[RSP+1E98] 0x0                (size_t)
	[RSP+1EA0] 0x0                (size_t)
	[RSP+1EA8] 0x0                (size_t)
	[RSP+1EB0] 0x0                (size_t)
	[RSP+1EB8] 0x0                (size_t)
	[RSP+1EC0] 0x0                (size_t)
	[RSP+1EC8] 0x0                (size_t)
	[RSP+1ED0] 0x0                (size_t)
	[RSP+1ED8] 0x0                (size_t)
	[RSP+1EE0] 0x0                (size_t)
	[RSP+1EE8] 0x0                (size_t)
	[RSP+1EF0] 0x0                (size_t)
	[RSP+1EF8] 0x0                (size_t)
	[RSP+1F00] 0x0                (size_t)
	[RSP+1F08] 0x0                (size_t)
	[RSP+1F10] 0x0                (size_t)
	[RSP+1F18] 0x0                (size_t)
	[RSP+1F20] 0x0                (size_t)
	[RSP+1F28] 0x0                (size_t)
	[RSP+1F30] 0x0                (size_t)
	[RSP+1F38] 0x0                (size_t)
	[RSP+1F40] 0x0                (size_t)
	[RSP+1F48] 0x0                (size_t)
	[RSP+1F50] 0x0                (size_t)
	[RSP+1F58] 0x0                (size_t)
	[RSP+1F60] 0x0                (size_t)
	[RSP+1F68] 0x0                (size_t)
	[RSP+1F70] 0x0                (size_t)
	[RSP+1F78] 0x0                (size_t)
	[RSP+1F80] 0x0                (size_t)
	[RSP+1F88] 0x0                (size_t)
	[RSP+1F90] 0x0                (size_t)
	[RSP+1F98] 0x0                (size_t)
	[RSP+1FA0] 0x0                (size_t)
	[RSP+1FA8] 0x0                (size_t)
	[RSP+1FB0] 0x0                (size_t)
	[RSP+1FB8] 0x0                (size_t)
	[RSP+1FC0] 0x0                (size_t)
	[RSP+1FC8] 0x0                (size_t)
	[RSP+1FD0] 0x0                (size_t)
	[RSP+1FD8] 0x0                (size_t)
	[RSP+1FE0] 0x0                (size_t)
	[RSP+1FE8] 0x0                (size_t)
	[RSP+1FF0] 0x0                (size_t)
	[RSP+1FF8] 0x0                (size_t)
	[RSP+2000] 0x0                (size_t)
	[RSP+2008] 0x0                (size_t)
	[RSP+2010] 0x0                (size_t)
	[RSP+2018] 0x0                (size_t)
	[RSP+2020] 0x0                (size_t)
	[RSP+2028] 0x0                (size_t)
	[RSP+2030] 0x0                (size_t)
	[RSP+2038] 0x0                (size_t)
	[RSP+2040] 0x0                (size_t)
	[RSP+2048] 0x0                (size_t)
	[RSP+2050] 0x0                (size_t)
	[RSP+2058] 0x0                (size_t)
	[RSP+2060] 0x0                (size_t)
	[RSP+2068] 0x0                (size_t)
	[RSP+2070] 0x0                (size_t)
	[RSP+2078] 0x0                (size_t)
	[RSP+2080] 0x0                (size_t)
	[RSP+2088] 0x0                (size_t)
	[RSP+2090] 0x0                (size_t)
	[RSP+2098] 0x0                (size_t)
	[RSP+20A0] 0x0                (size_t)
	[RSP+20A8] 0x0                (size_t)
	[RSP+20B0] 0x0                (size_t)

MODULES:

F4SE PLUGINS:
	Buffout4.dll v1.26.2
	crafting_highlight_fix.dll
	f4pm.dll
	FallSouls.dll
	HighFPSPhysicsFix.dll
	mcm.dll
	po3_BaseObjectSwapperF4.dll v1
	RobCo_Patcher.dll v1
	XDI.dll

PLUGINS:
	[00]     Fallout4.esm
	[01]     DLCRobot.esm
	[02]     DLCworkshop01.esm
	[03]     DLCCoast.esm
	[04]     DLCworkshop02.esm
	[05]     DLCworkshop03.esm
	[06]     DLCNukaWorld.esm
	[07]     Unofficial Fallout 4 Patch.esp
	[08]     XDI.esm
	[09]     WorkshopFramework.esm
	[0A]     HUDFramework.esm
	[0B]     armorkeywords.esm
	[0C]     TrueStormsFO4.esm
	[0D]     PipBoyCustomisationFramework.esm
	[0E]     SS2.esm
	[0F]     SS2_XPAC_Chapter2.esm
	[10]     Overlays.esm
	[11]     Small blur Crafting screen background.esp
	[12]     tumbajamba Advanced Engineering.esp
	[13]     combat_PA - tAE - AWKCR.esp
	[14]     WestTekTacticalOptics.esp
	[15]     TAC.esp
	[16]     Nexus_PMC.esp
	[17]     PMC_extended.esp
	[18]     EveryonesBestFriend.esp
	[19]     WeightlessJunk.esp
	[1A]     weightless junk.esp
	[1B]     Armorsmith Extended.esp
	[1C]     clothingoverhaul.esp
	[1D]     galaxy news radio.esp
	[1E]     MojaveImports.esp
	[1F]     WeightlessAid.esp
	[20]     AnimChemRedux.esp
	[21]     Glock19x.esp
	[22]     Reverb and Ambiance Overhaul.esp
	[23]     MoreAmmoAtVednors.esp
	[24]     Pip-Boy Flashlight.esp
	[25]     TacticalTablet.esp
	[26]     TacticalTablet_Pip-BoyFlashlight.esp
	[27]     Eli_Armour_Compendium.esp
	[28]     CheatTerminal.esp
	[29]     MilitarizedMinutemen.esp
	[2A]     MA37.esp
	[2B]     MisriahArmory.esp
	[2C]     SynthPA.esp
	[2D]     powerarmort49.esp
	[2E]     MjolnirMKVB.esp
	[2F]     ProjectHelljumper.esp
	[30]     Ak5C.esp
	[31]     mk14.esp
	[32]     F4NVServiceRifleRedux.esp
	[33]     MK18.esp
	[34]     Rangergearnew.esp
	[35]     Wana_SA58.esp
	[36]     p99.esp
	[37]     mauser rifle pack.esp
	[38]     CWCreateABot.esp
	[39]     azarholsteredweapons.esp
	[3A]     removecorpsemod.esp
	[3B]     M1Garand.esp
	[3C]     FOLON-StandaloneReleaser.esp
	[3D]     BH_MCX_Spear.esp
	[3E]     RU556.esp
	[3F]     AK74M.esp
	[40]     HuntingRevolver.esp
	[41]     M1A.esp
	[42]     GIAT_FAMAS.esp
	[43]     3dscopes-replacer-huntingrevolver.esp
	[44]     3dscopes-replacer-servicerifle.esp
	[45]     3dscopes-replacer.esp
	[46]     TrueStormsFO4-FarHarbor.esp
	[47]     TrueStormsFO4-NukaWorld-FH-Compat.esp
	[48]     M8r_Tags_SimSettlements2.esp
	[49]     Ambient Wasteland.esp
	[4A]     TrueGrass.esp
	[4B]     PhotoMode.esp
	[4C]     VisibleWeapons.esp
	[4D]     power armor quick enter and exit.esp
	[4E]     Fireflies.esp
	[4F]     dD-Enhanced Blood Basic.esp
	[50]     dD - Limited Blood Decals.esp
	[51]     WeightlessSpecialAmmo.esp
	[52]     FIS-Naming-Weap-Armo-EN.esp
	[53]     TrueStormsFO4-EarlierSunsets.esp
	[54]     clean_blue_waters.esp
	[55]     SkibsWeapons-REDUX.esp
	[56]     DOOM1911.esp
	[57]     M1Garand - AWKCR.esp
	[58]     PBCF_Seed.esp
	[59]     Campsite.esp
	[5A]     45autopistol.esp
	[5B]     K9TacticalHarness.esp
	[5C]     mlp bobble head mod v1.1.esp
	[5D]     improved map with visible roads.esp
	[5E]     lilmac2.esp
	[5F]     companion infinite ammo.esp
	[60]     3dscopes.esp
	[61]     AK5CSkinPackAll.esp
	[62]     Scopes.esp
	[63]     HuntingRifleSounds.esp
	[64]     rebalance project - healthier commonwealth.esp
	[65]     clothingoverhauldlc1.esp
	[66]     clothingoverhauldlc3.esp
	[67]     clothingoverhauldlc4.esp
	[68]     TrueStormsFO4-EarlierSunsetsFH.esp
	[FE:000] PPF.esm
	[FE:001] combat_PA.esp
	[FE:002] MojaveImports-FallUIPatch.esp
	[FE:003] AnimatedIngestibles.esp
	[FE:004] CagebreakerPowerArmor.esp
	[FE:005] BH_MCX_Spear_LvlListPatch.esp
	[FE:006] BH_MCX_Spear_STS_Patch.esp
	[FE:007] BH_MCX_Spear_LowRecoilPatch.esp
	[FE:008] Power Armor HUD Switcher.esp
	[FE:009] TrueStormsFO4-FallUIPatch.esp
	[FE:00A] M8rDisablePipboyEffects.esp
	[FE:00B] SS2_DLCSettlerPatch.esp
	[FE:00C] MaterialModSlot-FallUIWorkbenchPatch.esp
	[FE:00D] MjolnirMKVB-FallUIPatch.esp
	[FE:00E] HuntingRevolver-FallUIPatch.esp
	[FE:00F] AnimatedInjestibles_RobotFix.esp
	[FE:010] NukaColaSwap.esp
	[FE:011] PRP.esp
