Fallout 4 v1.10.163
Buffout 4 v1.28.6

Unhandled exception "EXCEPTION_ACCESS_VIOLATION" at 0x7FF7B80D1E80 Fallout4.exe+03D1E80

	[Compatibility]
		F4EE: true
	[Crashlog]
		AutoOpen: true
		PromptUpload: true
	[Fixes]
		ActorIsHostileToActor: true
		CellInit: true
		CreateD3DAndSwapChain: true
		EncounterZoneReset: true
		GreyMovies: true
		MagicEffectApplyEvent: true
		MovementPlanner: true
		PackageAllocateLocation: true
		SafeExit: true
		TESObjectREFRGetEncounterZone: true
		UnalignedLoad: true
		UtilityShader: true
	[Patches]
		Achievements: false
		ArchiveLimit: false
		BSMTAManager: true
		BSPreCulledObjects: true
		BSTextureStreamerLocalHeap: false
		HavokMemorySystem: true
		INISettingCollection: true
		InputSwitch: false
		MaxStdIO: -1
		MemoryManager: true
		MemoryManagerDebug: false
		ScaleformAllocator: true
		SmallBlockAllocator: true
		WorkshopMenu: true
	[Warnings]
		CreateTexture2D: true
		ImageSpaceAdapter: true

SYSTEM SPECS:
	OS: Microsoft Windows 10 Home v10.0.19045
	CPU: AuthenticAMD AMD Ryzen 5 5600H with Radeon Graphics         
	GPU #1: Nvidia TU117M [GeForce0GTX016500Mobile0/0Max-Q]
	GPU #2: AMD Cezanne [Radeon0Vega0Series0/0Radeon0Vega0Mobile0Series]
	GPU #3: Microsoft Basic Render Driver
	PHYSICAL MEMORY: 5.34 GB/5.86 GB

PROBABLE CALL STACK:
	[00] 0x7FF7B80D1E80      Fallout4.exe+03D1E80 -> 869027+0x20
	[01] 0x7FF7B80B40F5      Fallout4.exe+03B40F5 -> 1491658+0x4D5
	[02] 0x7FF7B807181C      Fallout4.exe+037181C -> 221966+0xDC
	[03] 0x7FF7B806CB8E      Fallout4.exe+036CB8E -> 93205+0xE
	[04] 0x7FF7B99A38C2      Fallout4.exe+1CA38C2 -> 1338062+0xF2
	[05] 0x7FF7B99A3C1C      Fallout4.exe+1CA3C1C -> 1310667+0x20C
	[06] 0x7FF7B89DC3EC      Fallout4.exe+0CDC3EC -> 1370961+0x16C
	[07] 0x7FF7B89DF476      Fallout4.exe+0CDF476 -> 1328347+0xA86
	[08] 0x7FFD962AF052 f4se_1_10_163.dll+000F052
	[09] 0x7FF7B89EDA7D      Fallout4.exe+0CEDA7D -> 540706+0x38D
	[10] 0x7FF7B89F3A4D      Fallout4.exe+0CF3A4D -> 646554+0x2D
	[11] 0x7FF7B9850F26      Fallout4.exe+1B50F26 -> 329005+0xC6
	[12] 0x7FF7B9851432      Fallout4.exe+1B51432 -> 194800+0x202
	[13] 0x7FF7B9853F67      Fallout4.exe+1B53F67 -> 1492866+0x67
	[14] 0x7FF7B981CFED      Fallout4.exe+1B1CFED -> 1079791+0x3D
	[15] 0x7FFDE0997344      KERNEL32.DLL+0017344
	[16] 0x7FFDE15BCC91         ntdll.dll+004CC91

REGISTERS:
	RAX 0x0                (size_t)
	RCX 0x1B9647C3200      (void*)
	RDX 0x5770AFEC80       (void*)
	RBX 0x0                (size_t)
	RSP 0x5770AFEB70       (void*)
	RBP 0x5770AFEC79       (void*)
	RSI 0x5770AFEC80       (void*)
	RDI 0x1B9647C3200      (void*)
	R8  0x281              (size_t)
	R9  0x8                (size_t)
	R10 0x5770AFEC30       (BSTArrayBase::IAllocatorFunctor*)
	R11 0x5770AFECF8       (void*)
	R12 0xF831AAC9         (size_t)
	R13 0x1B956FFF400      (TESObjectCELL*)
		File: "PRP.esp"
		Flags: 0x00240009
		Form ID: 0x0000DBDF
		Form Type: 63
		Full Name: ""
	R14 0x1B93D7ECF00      (bhkWorldM*)
	R15 0x1B9647C3200      (void*)

STACK:
	[RSP+0000] 0x1B9C799A480      (NiNode*)
		Name: "0000DBDF_Physics"
	[RSP+8000] 0x7FF7B7E09D1D     (void* -> Fallout4.exe+0109D1D)
	[RSP+1000] 0x5770AFEC79       (void*)
	[RSP+1800] 0x1B9900C3740      (void*)
	[RSP+2000] 0x1B96420AE80      (ExtraCombinedRefs*)
	[RSP+2800] 0x1B9900C3740      (void*)
	[RSP+3000] 0x1B96416CC40      (void*)
	[RSP+3800] 0x7FF7B80B40F5     (void* -> Fallout4.exe+03B40F5)
	[RSP+4000] 0x1B96420AE7C      (void*)
	[RSP+4800] 0x5770AFEC80       (void*)
	[RSP+5000] 0x1B9900C3740      (void*)
	[RSP+5800] 0x7FFD00000000     (size_t)
	[RSP+6000] 0x1B900000007      (void*)
	[RSP+6800] 0x0                (size_t)
	[RSP+7000] 0x0                (size_t)
	[RSP+7800] 0x0                (size_t)
	[RSP+8000] 0x1B9640C9440      (NiNode*)
		Name: ""
	[RSP+8800] 0x1B96420AE80      (ExtraCombinedRefs*)
	[RSP+9000] 0x1B93D7ECF00      (bhkWorldM*)
	[RSP+9800] 0x1B96420AE7C      (void*)
	[RSP+A000] 0xE                (size_t)
	[RSP+A800] 0x1B9648F9290      (void*)
	[RSP+B000] 0x1B8ACD69830      (void*)
	[RSP+B800] 0x7FF7B80685AC     (void* -> Fallout4.exe+03685AC)
	[RSP+C000] 0x7FF7BA9496C8     (void* -> Fallout4.exe+2C496C8)
	[RSP+C800] 0x1B96416CC40      (void*)
	[RSP+D000] 0x7FF700000000     (size_t)
	[RSP+D800] 0x0                (size_t)
	[RSP+E000] 0x0                (size_t)
	[RSP+E800] 0x1B900000000      (void*)
	[RSP+F000] 0x1B9649C4900      (BGSCombinedCellGeometryDB::LoadTask*)
	[RSP+F800] 0x7FF7B8069321     (void* -> Fallout4.exe+0369321)
	[RSP+1000] 0x1B9900C3740      (void*)
	[RSP+1080] 0x7FF7B981093F     (void* -> Fallout4.exe+1B1093F)
	[RSP+1100] 0x1B956FFF400      (TESObjectCELL*)
		File: "PRP.esp"
		Flags: 0x00240009
		Form ID: 0x0000DBDF
		Form Type: 63
		Full Name: ""
	[RSP+1180] 0x1B9F831AAC9      (size_t)
	[RSP+1200] 0x5770AFEC14       (void*)
	[RSP+1280] 0x5770AFEBF0       (void*)
	[RSP+1300] 0x1B93EFA2B00      (IOManager*)
	[RSP+1380] 0x1B8ACD69830      (void*)
	[RSP+1400] 0x17659427602      (size_t)
	[RSP+1480] 0x1B9649C4900      (BGSCombinedCellGeometryDB::LoadTask*)
	[RSP+1500] 0x11               (size_t)
	[RSP+1580] 0x1B956FFF400      (TESObjectCELL*)
		File: "PRP.esp"
		Flags: 0x00240009
		Form ID: 0x0000DBDF
		Form Type: 63
		Full Name: ""
	[RSP+1600] 0x1                (size_t)
	[RSP+1680] 0x7FF7B807181C     (void* -> Fallout4.exe+037181C)
	[RSP+1700] 0x1E               (size_t)
	[RSP+1780] 0x7FF7FFEB731E     (size_t)
	[RSP+1800] 0x11               (size_t)
	[RSP+1880] 0xAA9104A6         (size_t)
	[RSP+1900] 0x1B9649C4900      (BGSCombinedCellGeometryDB::LoadTask*)
	[RSP+1980] 0x7FF7B806CB8E     (void* -> Fallout4.exe+036CB8E)
	[RSP+1A00] 0x1B9649C4900      (BGSCombinedCellGeometryDB::LoadTask*)
	[RSP+1A80] 0x1B8ACD69830      (void*)
	[RSP+1B00] 0x17659427602      (size_t)
	[RSP+1B80] 0x1E               (size_t)
	[RSP+1C00] 0x58               (size_t)
	[RSP+1C80] 0x7FF7B99A38C2     (void* -> Fallout4.exe+1CA38C2)
	[RSP+1D00] 0x58               (size_t)
	[RSP+1D80] 0x1                (size_t)
	[RSP+1E00] 0x58               (size_t)
	[RSP+1E80] 0x11               (size_t)
	[RSP+1F00] 0x32               (size_t)
	[RSP+1F80] 0x1E               (size_t)
	[RSP+2000] 0x1B93D950F00      (IOManagerThread*)
	[RSP+2080] 0x3096             (size_t)
	[RSP+2100] 0x6400             (size_t)
	[RSP+2180] 0x1                (size_t)
	[RSP+2200] 0x1B93EFA2B00      (IOManager*)
	[RSP+2280] 0x7FF7B99A3C1C     (void* -> Fallout4.exe+1CA3C1C)
	[RSP+2300] 0x11               (size_t)
	[RSP+2380] 0x7FF700000000     (size_t)
	[RSP+2400] 0x1B9649C4900      (BGSCombinedCellGeometryDB::LoadTask*)
	[RSP+2480] 0x30D40            (size_t)
	[RSP+2500] 0x0                (size_t)
	[RSP+2580] 0x0                (size_t)
	[RSP+2600] 0x1B8ACD6A0EC      (void*)
	[RSP+2680] 0x0                (size_t)
	[RSP+2700] 0x1B93DC02080      (void*)
	[RSP+2780] 0xE1DD             (size_t)
	[RSP+2800] 0x1B981C70AC0      (void*)
	[RSP+2880] 0x7FF7B89DC3EC     (void* -> Fallout4.exe+0CDC3EC)
	[RSP+2900] 0x1B900000001      (void*)
	[RSP+2980] 0x1                (size_t)
	[RSP+2A00] 0x1B93DC02080      (void*)
	[RSP+2A80] 0x1                (size_t)
	[RSP+2B00] 0x7FF7BA956C68     (void* -> Fallout4.exe+2C56C68)
	[RSP+2B80] 0x0                (size_t)
	[RSP+2C00] 0x0                (size_t)
	[RSP+2C80] 0x7FF700000000     (size_t)
	[RSP+2D00] 0x0                (size_t)
	[RSP+2D80] 0x32FF00BD3A       (size_t)
	[RSP+2E00] 0x38               (size_t)
	[RSP+2E80] 0x1B971164180      (TESObjectREFR*)
		Object Reference: 
			File: "WorkshopFramework.esm"
			Flags: 0x00000009
			Form ID: 0x10009A58
			Form Type: 31
		File: ""
		Flags: 0x00600508
		Form ID: 0xFF00BD3A
		Form Type: 64
	[RSP+2F00] 0x80000503         (size_t)
	[RSP+2F80] 0x44000000         (size_t)
	[RSP+3000] 0x70EE0            (size_t)
	[RSP+3080] 0x1B93DC023B8      (void*)
	[RSP+3100] 0x1B95F30F880      (char*) "Autosave2_4B54A8FE_416D626572_Commonwealth_010707_20240703041844_118_2"
	[RSP+3180] 0x58               (size_t)
	[RSP+3200] 0x0                (size_t)
	[RSP+3280] 0x7FF7B89DF476     (void* -> Fallout4.exe+0CDF476)
	[RSP+3300] 0x1B981C70AC0      (void*)
	[RSP+3380] 0x1B981C70AC0      (void*)
	[RSP+3400] 0x5770AFEFA0       (void*)
	[RSP+3480] 0x1B9BDAEF3E4      (void*)
	[RSP+3500] 0x7FFD00000001     (size_t)
	[RSP+3580] 0x7FFD9630F929     (void* -> f4se_1_10_163.dll+006F929)
	[RSP+3600] 0x0                (size_t)
	[RSP+3680] 0x570000E1DD       (size_t)
	[RSP+3700] 0x70EE0            (size_t)
	[RSP+3780] 0x1B9900CAA80      (void*)
	[RSP+3800] 0x1B800000058      (size_t)
	[RSP+3880] 0x0                (size_t)
	[RSP+3900] 0x7FF780000503     (size_t)
	[RSP+3980] 0x1B9900CAA80      (void*)
	[RSP+3A00] 0x7FF7BA956C68     (void* -> Fallout4.exe+2C56C68)
	[RSP+3A80] 0x0                (size_t)
	[RSP+3B00] 0x0                (size_t)
	[RSP+3B80] 0x0                (size_t)
	[RSP+3C00] 0x0                (size_t)
	[RSP+3C80] 0x32FF00BD3A       (size_t)
	[RSP+3D00] 0x38               (size_t)
	[RSP+3D80] 0x1B971164180      (TESObjectREFR*)
		Object Reference: 
			File: "WorkshopFramework.esm"
			Flags: 0x00000009
			Form ID: 0x10009A58
			Form Type: 31
		File: ""
		Flags: 0x00600508
		Form ID: 0xFF00BD3A
		Form Type: 64
	[RSP+3E00] 0x80000503         (size_t)
	[RSP+3E80] 0x44000000         (size_t)
	[RSP+3F00] 0x1B8ACD6A1F0      (char*) "g"
	[RSP+3F80] 0x1B8ACD6A0EC      (void*)
	[RSP+4000] 0x0                (size_t)
	[RSP+4080] 0x7FFD00000000     (size_t)
	[RSP+4100] 0x1B800000000      (size_t)
	[RSP+4180] 0x0                (size_t)
	[RSP+4200] 0x0                (size_t)
	[RSP+4280] 0x7FFD00000000     (size_t)
	[RSP+4300] 0x15C75CD015A9B95  (size_t)
	[RSP+4380] 0x119626000F1095   (size_t)
	[RSP+4400] 0x81E9A30012B7FE   (size_t)
	[RSP+4480] 0xE0000000C        (size_t)
	[RSP+4500] 0xE1DD00000008     (size_t)
	[RSP+4580] 0x0                (size_t)
	[RSP+4600] 0x0                (size_t)
	[RSP+4680] 0x0                (size_t)
	[RSP+4700] 0x0                (size_t)
	[RSP+4780] 0x0                (size_t)
	[RSP+4800] 0x0                (size_t)
	[RSP+4880] 0x0                (size_t)
	[RSP+4900] 0x1B800000000      (size_t)
	[RSP+4980] 0x7FFD9630828C     (void* -> f4se_1_10_163.dll+006828C)
	[RSP+4A00] 0x5770AFF2A0       (void*)
	[RSP+4A80] 0x32               (size_t)
	[RSP+4B00] 0x0                (size_t)
	[RSP+4B80] 0x7FF7BB3CDAD4     (void* -> Fallout4.exe+36CDAD4)
	[RSP+4C00] 0x1B93DC02080      (void*)
	[RSP+4C80] 0x0                (size_t)
	[RSP+4D00] 0xFFFFFF00         (size_t)
	[RSP+4D80] 0x0                (size_t)
	[RSP+4E00] 0x0                (size_t)
	[RSP+4E80] 0x7FF7BB3CDAD4     (void* -> Fallout4.exe+36CDAD4)
	[RSP+4F00] 0xFFFFFFFFFFFFFFFE (size_t)
	[RSP+4F80] 0x0                (size_t)
	[RSP+5000] 0x7FFD00000001     (size_t)
	[RSP+5080] 0x0                (size_t)
	[RSP+5100] 0x657661736F747541 (size_t)
	[RSP+5180] 0x3841343542345F32 (size_t)
	[RSP+5200] 0x36443631345F4546 (size_t)
	[RSP+5280] 0x6F435F3237353632 (size_t)
	[RSP+5300] 0x6C6165776E6F6D6D (size_t)
	[RSP+5380] 0x30373031305F6874 (size_t)
	[RSP+5400] 0x3730343230325F37 (size_t)
	[RSP+5480] 0x3434383134303330 (size_t)
	[RSP+5500] 0x662E325F3831315F (size_t)
	[RSP+5580] 0x736F             (size_t)
	[RSP+5600] 0x893CBCF1BF1B     (size_t)
	[RSP+5680] 0x7FFD963113AE     (void* -> f4se_1_10_163.dll+00713AE)
	[RSP+5700] 0x1B8800010E0      (char*) "
ull save path: C:\Users\hondo\Documents\My Games\Fallout4\Saves\\Autosave2_4B54A8FE_416D626572_Commonwealth_010707_20240703041844_118_2.f4se correctly"
	[RSP+5780] 0x0                (size_t)
	[RSP+5800] 0x893CBCF1BF7B     (size_t)
	[RSP+5880] 0x7FFD963113AE     (void* -> f4se_1_10_163.dll+00713AE)
	[RSP+5900] 0x1B880009160      (char*) "full save path: C:\Users\hondo\Documents\My Games\Fallout4\Saves\\Autosave2_4B54A8FE_416D626572_Commonwealth_010707_20240703041844_118_2.f4se
correctly
"
	[RSP+5980] 0x8E               (size_t)
	[RSP+5A00] 0xFFFFFF00         (size_t)
	[RSP+5A80] 0x7FFD96368890     (void* -> f4se_1_10_163.dll+00C8890)
	[RSP+5B00] 0x1                (size_t)
	[RSP+5B80] 0x0                (size_t)
	[RSP+5C00] 0x1                (size_t)
	[RSP+5C80] 0x7FFD9631135A     (void* -> f4se_1_10_163.dll+007135A)
	[RSP+5D00] 0x58               (size_t)
	[RSP+5D80] 0x0                (size_t)
	[RSP+5E00] 0xFFFFFFFF         (size_t)
	[RSP+5E80] 0x0                (size_t)
	[RSP+5F00] 0x1B93DC02080      (void*)
	[RSP+5F80] 0x1                (size_t)
	[RSP+6000] 0x0                (size_t)
	[RSP+6080] 0x8E               (size_t)
	[RSP+6100] 0x0                (size_t)
	[RSP+6180] 0x7FFD96308AE6     (void* -> f4se_1_10_163.dll+0068AE6)
	[RSP+6200] 0x202D206F646E6F68 (size_t)
	[RSP+6280] 0x343230322F332F37 (size_t)
	[RSP+6300] 0x343A34343A313220 (size_t)
	[RSP+6380] 0x5620455845202C34 (size_t)
	[RSP+6400] 0x203A6E6F69737265 (size_t)
	[RSP+6480] 0x3336312E30312E31 (size_t)
	[RSP+6500] 0x65766153202C302E (size_t)
	[RSP+6580] 0x6E6F697372655620 (size_t)
	[RSP+6600] 0x38362E353120     (size_t)
	[RSP+6680] 0x1B95F30F880      (char*) "Autosave2_4B54A8FE_416D626572_Commonwealth_010707_20240703041844_118_2"
	[RSP+6700] 0x8E               (size_t)
	[RSP+6780] 0x7FFD96308E82     (void* -> f4se_1_10_163.dll+0068E82)
	[RSP+6800] 0x1B9499B48F0      (char*) "C:\Users\hondo\Documents\My Games\Fallout4\Saves\\Autosave2_4B54A8FE_416D626572_Commonwealth_010707_20240703041844_118_2.f4se"
	[RSP+6880] 0x5770AFF238       (void*)
	[RSP+6900] 0x1                (size_t)
	[RSP+6980] 0x1B95F30F880      (char*) "Autosave2_4B54A8FE_416D626572_Commonwealth_010707_20240703041844_118_2"
	[RSP+6A00] 0x1B95F30F880      (char*) "Autosave2_4B54A8FE_416D626572_Commonwealth_010707_20240703041844_118_2"
	[RSP+6A80] 0x2                (size_t)
	[RSP+6B00] 0x1B9499B48F0      (char*) "C:\Users\hondo\Documents\My Games\Fallout4\Saves\\Autosave2_4B54A8FE_416D626572_Commonwealth_010707_20240703041844_118_2.f4se"
	[RSP+6B80] 0x7FFD962A2BDC     (void* -> f4se_1_10_163.dll+0002BDC)
	[RSP+6C00] 0x7FFD9633C2F0     (char*) "%s
"
	[RSP+6C80] 0x7FFD9417C3B2     (void* -> Buffout4.dll+00BC3B2)
	[RSP+6D00] 0x5770AFD538       (void*)
	[RSP+6D80] 0x5770AFD6B0       (void*)
	[RSP+6E00] 0x2                (size_t)
	[RSP+6E80] 0x7FFD96302570     (void* -> f4se_1_10_163.dll+0062570)
	[RSP+6F00] 0x7FFD9633BE50     (char*) "full save path: %s"
	[RSP+6F80] 0x1B9499B48F0      (char*) "C:\Users\hondo\Documents\My Games\Fallout4\Saves\\Autosave2_4B54A8FE_416D626572_Commonwealth_010707_20240703041844_118_2.f4se"
	[RSP+7000] 0xFFFFFFFFFFFFFFFE (size_t)
	[RSP+7080] 0x1                (size_t)
	[RSP+7100] 0x1B94997B300      (void*)
	[RSP+7180] 0x7FF7B9855F7E     (void* -> Fallout4.exe+1B55F7E)
	[RSP+7200] 0x0                (size_t)
	[RSP+7280] 0xB5166E059216     (size_t)
	[RSP+7300] 0x1B93DC02080      (void*)
	[RSP+7380] 0x1                (size_t)
	[RSP+7400] 0x2AAAAAAAAAAAAAAB (size_t)
	[RSP+7480] 0x7FFD96334D04     (char*) "F4SE"
	[RSP+7500] 0x46               (size_t)
	[RSP+7580] 0x1B95F30F880      (char*) "Autosave2_4B54A8FE_416D626572_Commonwealth_010707_20240703041844_118_2"
	[RSP+7600] 0x5770AFF3A0       (void*)
	[RSP+7680] 0x7FFD962AF052     (void* -> f4se_1_10_163.dll+000F052)
	[RSP+7700] 0x1B8FA986501      (void*)
	[RSP+7780] 0x1B95F30F880      (char*) "Autosave2_4B54A8FE_416D626572_Commonwealth_010707_20240703041844_118_2"
	[RSP+7800] 0x1B8FA9865B0      (char*) "i"
	[RSP+7880] 0x1B95F30F880      (char*) "Autosave2_4B54A8FE_416D626572_Commonwealth_010707_20240703041844_118_2"
	[RSP+7900] 0x7FFD96334D04     (char*) "F4SE"
	[RSP+7980] 0x4600000002       (size_t)
	[RSP+7A00] 0x1B95F30F880      (char*) "Autosave2_4B54A8FE_416D626572_Commonwealth_010707_20240703041844_118_2"
	[RSP+7A80] 0x0                (size_t)
	[RSP+7B00] 0x1B95F30F880      (char*) "Autosave2_4B54A8FE_416D626572_Commonwealth_010707_20240703041844_118_2"
	[RSP+7B80] 0x7FF7BD7734C0     (char*) "Autosave2_4B54A8FE_416D626572_Commonwealth_010707_20240703041844_118_2"
	[RSP+7C00] 0x0                (size_t)
	[RSP+7C80] 0x2                (size_t)
	[RSP+7D00] 0x1B8E7DE2B00      (BGSSaveLoadManager*)
	[RSP+7D80] 0x7FF7B89EDA7D     (void* -> Fallout4.exe+0CEDA7D)
	[RSP+7E00] 0x1                (size_t)
	[RSP+7E80] 0x5770AFF450       (void*)
	[RSP+7F00] 0xFFFFFF00         (size_t)
	[RSP+7F80] 0x2                (size_t)
	[RSP+8000] 0x1B95F33AB20      (void*)
	[RSP+8080] 0x7FFD9410C289     (void* -> Buffout4.dll+004C289)
	[RSP+8100] 0x1B95F33AB20      (void*)
	[RSP+8180] 0x1B8ACD6A1F0      (char*) "g"
	[RSP+8200] 0x40000            (size_t)
	[RSP+8280] 0x0                (size_t)
	[RSP+8300] 0x1B8ACD6A150      (ScrapHeap*)
	[RSP+8380] 0x1B95F2FA700      (void*)
	[RSP+8400] 0x5700000010       (size_t)
	[RSP+8480] 0x10               (size_t)
	[RSP+8500] 0x1B8ACD6A1F0      (char*) "g"
	[RSP+8580] 0x62               (size_t)
	[RSP+8600] 0x1B952F6F600      (TESObjectCELL*)
		File: "BetterOpenSeason.esp"
		Flags: 0x00040409
		Form ID: 0x06054375
		Form Type: 63
		Full Name: ""
	[RSP+8680] 0x7FF7B80AE41C     (void* -> Fallout4.exe+03AE41C)
	[RSP+8700] 0x1B952F52B00      (Actor*)
		Object Reference: 
			File: ""
			Flags: 0x00000008
			Form ID: 0xFF000EC7
			Form Type: 45
		File: "BetterOpenSeason.esp"
		Flags: 0x00620409
		Form ID: 0x0602621E
		Form Type: 65
	[RSP+8780] 0x5770AFF4E0       (void*)
	[RSP+8800] 0x8BC              (size_t)
	[RSP+8880] 0x5770AFF570       (char*) "8FE_416D626572_Commonwealth_010707_20240703041844_118_2.fos"
	[RSP+8900] 0x5770AFF4F0       (void*)
	[RSP+8980] 0x7FF7B9871DB9     (void* -> Fallout4.exe+1B71DB9)
	[RSP+8A00] 0x5770AFF4F0       (void*)
	[RSP+8A80] 0x5770AFF470       (void*)
	[RSP+8B00] 0x5700000062       (size_t)
	[RSP+8B80] 0x0                (size_t)
	[RSP+8C00] 0x0                (size_t)
	[RSP+8C80] 0x7FFD00000000     (size_t)
	[RSP+8D00] 0x0                (size_t)
	[RSP+8D80] 0x0                (size_t)
	[RSP+8E00] 0x0                (size_t)
	[RSP+8E80] 0x0                (size_t)
	[RSP+8F00] 0x1B95F2E29C0      (ExtraLinkedRefChildren*)
	[RSP+8F80] 0x7FFD9410C289     (void* -> Buffout4.dll+004C289)
	[RSP+9000] 0x1B95F2E29C0      (ExtraLinkedRefChildren*)
	[RSP+9080] 0x5770AFF558       (char*) "t4\Saves\Autosave2_4B54A8FE_416D626572_Commonwealth_010707_20240703041844_118_2.fos"
	[RSP+9100] 0x7FF7BA9496C8     (void* -> Fallout4.exe+2C496C8)
	[RSP+9180] 0x5770AFF428       (void*)
	[RSP+9200] 0x9C0              (size_t)
	[RSP+9280] 0x1B8ACD69830      (void*)
	[RSP+9300] 0x0                (size_t)
	[RSP+9380] 0x0                (size_t)
	[RSP+9400] 0x0                (size_t)
	[RSP+9480] 0x0                (size_t)
	[RSP+9500] 0x0                (size_t)
	[RSP+9580] 0x0                (size_t)
	[RSP+9600] 0x0                (size_t)
	[RSP+9680] 0x0                (size_t)
	[RSP+9700] 0x0                (size_t)
	[RSP+9780] 0x0                (size_t)
	[RSP+9800] 0x0                (size_t)
	[RSP+9880] 0x0                (size_t)
	[RSP+9900] 0x0                (size_t)
	[RSP+9980] 0x0                (size_t)
	[RSP+9A00] 0x1B952F6F600      (TESObjectCELL*)
		File: "BetterOpenSeason.esp"
		Flags: 0x00040409
		Form ID: 0x06054375
		Form Type: 63
		Full Name: ""
	[RSP+9A80] 0x7FF7B8A069F0     (void* -> Fallout4.exe+0D069F0)
	[RSP+9B00] 0x5770AFF570       (char*) "8FE_416D626572_Commonwealth_010707_20240703041844_118_2.fos"
	[RSP+9B80] 0x0                (size_t)
	[RSP+9C00] 0x73726573555C3A43 (size_t)
	[RSP+9C80] 0x445C6F646E6F685C (size_t)
	[RSP+9D00] 0x73746E656D75636F (size_t)
	[RSP+9D80] 0x656D614720794D5C (size_t)
	[RSP+9E00] 0x756F6C6C61465C73 (size_t)
	[RSP+9E80] 0x73657661535C3474 (size_t)
	[RSP+9F00] 0x7661736F7475415C (size_t)
	[RSP+9F80] 0x41343542345F3265 (size_t)
	[RSP+A000] 0x443631345F454638 (size_t)
	[RSP+A080] 0x435F323735363236 (size_t)
	[RSP+A100] 0x6165776E6F6D6D6F (size_t)
	[RSP+A180] 0x373031305F68746C (size_t)
	[RSP+A200] 0x30343230325F3730 (size_t)
	[RSP+A280] 0x3438313430333037 (size_t)
	[RSP+A300] 0x2E325F3831315F34 (size_t)
	[RSP+A380] 0x736F66           (size_t)
	[RSP+A400] 0x8000             (size_t)
	[RSP+A480] 0x1                (size_t)
	[RSP+A500] 0x0                (size_t)
	[RSP+A580] 0x7FFD943D8CE0     (void* -> Buffout4.dll+0318CE0)
	[RSP+A600] 0x0                (size_t)
	[RSP+A680] 0x7FFD943D8CB0     (void* -> Buffout4.dll+0318CB0)
	[RSP+A700] 0x0                (size_t)
	[RSP+A780] 0x4000             (size_t)
	[RSP+A800] 0x0                (size_t)
	[RSP+A880] 0x7FFD943D8CB0     (void* -> Buffout4.dll+0318CB0)
	[RSP+A900] 0x2                (size_t)
	[RSP+A980] 0x7FFD941163BC     (void* -> Buffout4.dll+00563BC)
	[RSP+AA00] 0x4000             (size_t)
	[RSP+AA80] 0x7FFD943D8CB0     (void* -> Buffout4.dll+0318CB0)
	[RSP+AB00] 0x1B9602A4000      (void*)
	[RSP+AB80] 0x4900             (size_t)
	[RSP+AC00] 0x8000             (size_t)
	[RSP+AC80] 0x1                (size_t)
	[RSP+AD00] 0x657661736F747541 (size_t)
	[RSP+AD80] 0x3841343542345F32 (size_t)
	[RSP+AE00] 0x36443631345F4546 (size_t)
	[RSP+AE80] 0x6F435F3237353632 (size_t)
	[RSP+AF00] 0x6C6165776E6F6D6D (size_t)
	[RSP+AF80] 0x30373031305F6874 (size_t)
	[RSP+B000] 0x3730343230325F37 (size_t)
	[RSP+B080] 0x3434383134303330 (size_t)
	[RSP+B100] 0x325F3831315F     (size_t)
	[RSP+B180] 0x7FFD941156FB     (void* -> Buffout4.dll+00556FB)
	[RSP+B200] 0x1B9602A4000      (void*)
	[RSP+B280] 0x7FF7B981093F     (void* -> Fallout4.exe+1B1093F)
	[RSP+B300] 0x0                (size_t)
	[RSP+B380] 0x4900             (size_t)
	[RSP+B400] 0x1                (size_t)
	[RSP+B480] 0x0                (size_t)
	[RSP+B500] 0x0                (size_t)
	[RSP+B580] 0x7FF7B9D42234     (void* -> Fallout4.exe+2042234)
	[RSP+B600] 0x7FF7BD766DD0     (UI*)
	[RSP+B680] 0x0                (size_t)
	[RSP+B700] 0x2                (size_t)
	[RSP+B780] 0x400              (size_t)
	[RSP+B800] 0x1B886F0FE00      (void*)
	[RSP+B880] 0x7FF7B8B9AC99     (void* -> Fallout4.exe+0E9AC99)
	[RSP+B900] 0x57620CF2A4       (size_t)
	[RSP+B980] 0x0                (size_t)
	[RSP+BA00] 0x1B93EECE080      (PlayerCharacter*)
		Object Reference: 
			File: "UniquePlayer.esp"
			Flags: 0x00240009
			Form ID: 0x00000007
			Form Type: 45
		File: ""
		Flags: 0x00600448
		Form ID: 0x00000014
		Form Type: 65
	[RSP+BA80] 0x7FF7BD766DD0     (UI*)
	[RSP+BB00] 0x8                (size_t)
	[RSP+BB80] 0x7FF7B981093F     (void* -> Fallout4.exe+1B1093F)
	[RSP+BC00] 0x1B952F4CF40      (TESObjectREFR*)
		Object Reference: 
			File: "DLCNukaWorld.esm"
			Flags: 0x00008009
			Form ID: 0x0602778D
			Form Type: 36
		File: "DLCNukaWorld.esm"
		Flags: 0x00018409
		Form ID: 0x0605394C
		Form Type: 64
	[RSP+BC80] 0x1B95F330F00      (TESObjectCELL*)
		File: ""
		Flags: 0x00002008
		Form ID: 0xFF0013E8
		Form Type: 63
		Full Name: ""
	[RSP+BD00] 0x1B8ACD6A1F0      (char*) "g"
	[RSP+BD80] 0x1B8ACD69830      (void*)
	[RSP+BE00] 0x657661736F747541 (size_t)
	[RSP+BE80] 0x3841343542345F32 (size_t)
	[RSP+BF00] 0x36443631345F4546 (size_t)
	[RSP+BF80] 0x6F435F3237353632 (size_t)
	[RSP+C000] 0x6C6165776E6F6D6D (size_t)
	[RSP+C080] 0x30373031305F6874 (size_t)
	[RSP+C100] 0x3730343230325F37 (size_t)
	[RSP+C180] 0x3434383134303330 (size_t)
	[RSP+C200] 0x662E325F3831315F (size_t)
	[RSP+C280] 0x736F             (size_t)
	[RSP+C300] 0x1B95F331100      (TESObjectCELL*)
		File: ""
		Flags: 0x00002008
		Form ID: 0xFF0011CB
		Form Type: 63
		Full Name: ""
	[RSP+C380] 0x7FF7B981093F     (void* -> Fallout4.exe+1B1093F)
	[RSP+C400] 0x1B95F330F70      (void*)
	[RSP+C480] 0x7FF7B9810DBA     (void* -> Fallout4.exe+1B10DBA)
	[RSP+C500] 0x1                (size_t)
	[RSP+C580] 0x1B952F4CF40      (TESObjectREFR*)
		Object Reference: 
			File: "DLCNukaWorld.esm"
			Flags: 0x00008009
			Form ID: 0x0602778D
			Form Type: 36
		File: "DLCNukaWorld.esm"
		Flags: 0x00018409
		Form ID: 0x0605394C
		Form Type: 64
	[RSP+C600] 0x7FF7BD6D6ED0     (void* -> Fallout4.exe+59D6ED0)
	[RSP+C680] 0x7FF7B80F8F0D     (void* -> Fallout4.exe+03F8F0D)
	[RSP+C700] 0x0                (size_t)
	[RSP+C780] 0x7FF7B80E40F5     (void* -> Fallout4.exe+03E40F5)
	[RSP+C800] 0x1B900218123      (void*)
	[RSP+C880] 0x7FF7B981093F     (void* -> Fallout4.exe+1B1093F)
	[RSP+C900] 0x1B9DEEF6484      (size_t)
	[RSP+C980] 0x7FF7B80B5A5B     (void* -> Fallout4.exe+03B5A5B)
	[RSP+CA00] 0x1B952F4CF40      (TESObjectREFR*)
		Object Reference: 
			File: "DLCNukaWorld.esm"
			Flags: 0x00008009
			Form ID: 0x0602778D
			Form Type: 36
		File: "DLCNukaWorld.esm"
		Flags: 0x00018409
		Form ID: 0x0605394C
		Form Type: 64
	[RSP+CA80] 0x1B95F330F00      (TESObjectCELL*)
		File: ""
		Flags: 0x00002008
		Form ID: 0xFF0013E8
		Form Type: 63
		Full Name: ""
	[RSP+CB00] 0x1B952F47E80      (void*)
	[RSP+CB80] 0x7FF7B7D436DE     (void* -> Fallout4.exe+00436DE)
	[RSP+CC00] 0x1B952F47EA0      (void*)
	[RSP+CC80] 0x7FF7B80DFEF5     (void* -> Fallout4.exe+03DFEF5)
	[RSP+CD00] 0x0                (size_t)
	[RSP+CD80] 0x2                (size_t)
	[RSP+CE00] 0x1B950532200      (TESWorldSpace*)
		File: "BetterOpenSeason.esp"
		Flags: 0x0000000B
		Form ID: 0x06052931
		Form Type: 74
		Full Name: "Bradberton Amphitheater"
	[RSP+CE80] 0x7FF7B7D93A1B     (void* -> Fallout4.exe+0093A1B)
	[RSP+CF00] 0x73726573555C3A43 (size_t)
	[RSP+CF80] 0x445C6F646E6F685C (size_t)
	[RSP+D000] 0x73746E656D75636F (size_t)
	[RSP+D080] 0x656D614720794D5C (size_t)
	[RSP+D100] 0x756F6C6C61465C73 (size_t)
	[RSP+D180] 0x73657661535C3474 (size_t)
	[RSP+D200] 0x7FF7BD8E005C     (void* -> Fallout4.exe+5BE005C)
	[RSP+D280] 0x1B95F330E00      (TESObjectCELL*)
		File: ""
		Flags: 0x00002008
		Form ID: 0xFF001205
		Form Type: 63
		Full Name: ""
	[RSP+D300] 0x0                (size_t)
	[RSP+D380] 0x7FF7BD8E8088     (void* -> Fallout4.exe+5BE8088)
	[RSP+D400] 0x1B95EA9B400      (char*) "%"
	[RSP+D480] 0x7FFD9410C289     (void* -> Buffout4.dll+004C289)
	[RSP+D500] 0x1B95EA9B400      (char*) "%"
	[RSP+D580] 0x1B952F6F600      (TESObjectCELL*)
		File: "BetterOpenSeason.esp"
		Flags: 0x00040409
		Form ID: 0x06054375
		Form Type: 63
		Full Name: ""
	[RSP+D600] 0x8                (size_t)
	[RSP+D680] 0x1B95F330E00      (TESObjectCELL*)
		File: ""
		Flags: 0x00002008
		Form ID: 0xFF001205
		Form Type: 63
		Full Name: ""
	[RSP+D700] 0x0                (size_t)
	[RSP+D780] 0x7FF7B98114CA     (void* -> Fallout4.exe+1B114CA)
	[RSP+D800] 0x5770AFF960       (void*)
	[RSP+D880] 0x7FF7B7E52004     (void* -> Fallout4.exe+0152004)
	[RSP+D900] 0x9C0              (size_t)
	[RSP+D980] 0x5770AFF969       (void*)
	[RSP+DA00] 0x1B95EA9B400      (char*) "%"
	[RSP+DA80] 0x7FF7B80BA392     (void* -> Fallout4.exe+03BA392)
	[RSP+DB00] 0x1B94F962060      (void*)
	[RSP+DB80] 0x1B952F6F600      (TESObjectCELL*)
		File: "BetterOpenSeason.esp"
		Flags: 0x00040409
		Form ID: 0x06054375
		Form Type: 63
		Full Name: ""
	[RSP+DC00] 0x1B952F6F600      (TESObjectCELL*)
		File: "BetterOpenSeason.esp"
		Flags: 0x00040409
		Form ID: 0x06054375
		Form Type: 63
		Full Name: ""
	[RSP+DC80] 0x0                (size_t)
	[RSP+DD00] 0x1B95F330E00      (TESObjectCELL*)
		File: ""
		Flags: 0x00002008
		Form ID: 0xFF001205
		Form Type: 63
		Full Name: ""
	[RSP+DD80] 0x1B950531F00      (TESWorldSpace*)
		File: "BetterOpenSeason.esp"
		Flags: 0x00000009
		Form ID: 0x06053C58
		Form Type: 74
		Full Name: "Nuka-Town Market"
	[RSP+DE00] 0x7FF7BA949DB8     (void* -> Fallout4.exe+2C49DB8)
	[RSP+DE80] 0x5770AFF960       (void*)
	[RSP+DF00] 0x0                (size_t)
	[RSP+DF80] 0x0                (size_t)
	[RSP+E000] 0x0                (size_t)
	[RSP+E080] 0x576E8FF6B0       (void*)
	[RSP+E100] 0x7FF7BD8E8084     (void* -> Fallout4.exe+5BE8084)
	[RSP+E180] 0x1                (size_t)
	[RSP+E200] 0x7FF7BD8E8080     (void* -> Fallout4.exe+5BE8080)
	[RSP+E280] 0x7FF7BD8E8088     (void* -> Fallout4.exe+5BE8088)
	[RSP+E300] 0x1B886F0FF20      (void*)
	[RSP+E380] 0x0                (size_t)
	[RSP+E400] 0x0                (size_t)
	[RSP+E480] 0x7FF7B89F3A4D     (void* -> Fallout4.exe+0CF3A4D)
	[RSP+E500] 0x1                (size_t)
	[RSP+E580] 0x7FF7BD7734C0     (char*) "Autosave2_4B54A8FE_416D626572_Commonwealth_010707_20240703041844_118_2"
	[RSP+E600] 0x1B9FFFFFFFF      (size_t)
	[RSP+E680] 0x1B900000000      (void*)
	[RSP+E700] 0x7FF7BD8E8000     (void* -> Fallout4.exe+5BE8000)
	[RSP+E780] 0x7FFDDF0A1C01     (void* -> KERNELBASE.dll+0021C01)
	[RSP+E800] 0x7FF7BD8EA088     (void* -> Fallout4.exe+5BEA088)
	[RSP+E880] 0x7FF7B9850F26     (void* -> Fallout4.exe+1B50F26)
	[RSP+E900] 0x1B95E5C4800      (void*)
	[RSP+E980] 0x7FF7BD8EA088     (void* -> Fallout4.exe+5BEA088)
	[RSP+EA00] 0x7FF700000000     (size_t)
	[RSP+EA80] 0x7FFDDF0DF1FD     (void* -> KERNELBASE.dll+005F1FD)
	[RSP+EB00] 0x0                (size_t)
	[RSP+EB80] 0x0                (size_t)
	[RSP+EC00] 0x7FF7BD900400     (void* -> Fallout4.exe+5C00400)
	[RSP+EC80] 0x0                (size_t)
	[RSP+ED00] 0x7FF7BD8EA038     (BSJobs::JobThread*)
	[RSP+ED80] 0x7FF7B9851432     (void* -> Fallout4.exe+1B51432)
	[RSP+EE00] 0x0                (size_t)
	[RSP+EE80] 0x7FF7BD8EA038     (BSJobs::JobThread*)
	[RSP+EF00] 0x0                (size_t)
	[RSP+EF80] 0x5770AFFAC0       (void*)
	[RSP+F000] 0x0                (size_t)
	[RSP+F080] 0x0                (size_t)
	[RSP+F100] 0x0                (size_t)
	[RSP+F180] 0x7FF7B9853F67     (void* -> Fallout4.exe+1B53F67)
	[RSP+F200] 0x7FF7BD8EA038     (BSJobs::JobThread*)
	[RSP+F280] 0x0                (size_t)
	[RSP+F300] 0x0                (size_t)
	[RSP+F380] 0x0                (size_t)
	[RSP+F400] 0x7FF7BD8EA038     (BSJobs::JobThread*)
	[RSP+F480] 0x7FF7B981CFED     (void* -> Fallout4.exe+1B1CFED)
	[RSP+F500] 0x4DF8             (size_t)
	[RSP+F580] 0x5770AFFAE0       (void*)
	[RSP+F600] 0x1B886EEBC90      (void*)
	[RSP+F680] 0x0                (size_t)
	[RSP+F700] 0x7FF7BD8EA038     (BSJobs::JobThread*)
	[RSP+F780] 0x0                (size_t)
	[RSP+F800] 0x0                (size_t)
	[RSP+F880] 0x7FFDE0997344     (void* -> KERNEL32.DLL+0017344)
	[RSP+F900] 0x0                (size_t)
	[RSP+F980] 0x0                (size_t)
	[RSP+FA00] 0x0                (size_t)
	[RSP+FA80] 0x0                (size_t)
	[RSP+FB00] 0x0                (size_t)
	[RSP+FB80] 0x7FFDE15BCC91     (void* -> ntdll.dll+004CC91)
	[RSP+FC00] 0x0                (size_t)
	[RSP+FC80] 0x0                (size_t)
	[RSP+FD00] 0x0                (size_t)
	[RSP+FD80] 0x0                (size_t)
	[RSP+FE00] 0x0                (size_t)
	[RSP+FE80] 0x0                (size_t)
	[RSP+FF00] 0xC8F8215B00000000 (size_t)
	[RSP+FF80] 0x0                (size_t)
	[RSP+1000] 0x0                (size_t)
	[RSP+1008] 0x7FFDDF1AD640     (void* -> KERNELBASE.dll+012D640)
	[RSP+1010] 0x5770AFDCC0       (void*)
	[RSP+1018] 0xFC5EE360000FFFA2 (size_t)
	[RSP+1020] 0x7FFD17E2F71B     (size_t)
	[RSP+1028] 0x5770AFDCC0       (void*)
	[RSP+1030] 0x0                (size_t)
	[RSP+1038] 0x0                (size_t)
	[RSP+1040] 0x0                (size_t)
	[RSP+1048] 0x0                (size_t)
	[RSP+1050] 0x0                (size_t)
	[RSP+1058] 0x0                (size_t)
	[RSP+1060] 0x0                (size_t)
	[RSP+1068] 0x0                (size_t)
	[RSP+1070] 0x0                (size_t)
	[RSP+1078] 0x0                (size_t)
	[RSP+1080] 0x0                (size_t)
	[RSP+1088] 0x0                (size_t)
	[RSP+1090] 0x0                (size_t)
	[RSP+1098] 0x0                (size_t)
	[RSP+10A0] 0x0                (size_t)
	[RSP+10A8] 0x0                (size_t)
	[RSP+10B0] 0x0                (size_t)
	[RSP+10B8] 0x0                (size_t)
	[RSP+10C0] 0x0                (size_t)
	[RSP+10C8] 0x0                (size_t)
	[RSP+10D0] 0x0                (size_t)
	[RSP+10D8] 0x0                (size_t)
	[RSP+10E0] 0x0                (size_t)
	[RSP+10E8] 0x0                (size_t)
	[RSP+10F0] 0x0                (size_t)
	[RSP+10F8] 0x0                (size_t)
	[RSP+1100] 0x0                (size_t)
	[RSP+1108] 0x0                (size_t)
	[RSP+1110] 0x0                (size_t)
	[RSP+1118] 0x0                (size_t)
	[RSP+1120] 0x0                (size_t)
	[RSP+1128] 0x0                (size_t)
	[RSP+1130] 0x0                (size_t)
	[RSP+1138] 0x0                (size_t)
	[RSP+1140] 0x0                (size_t)
	[RSP+1148] 0x0                (size_t)
	[RSP+1150] 0x0                (size_t)
	[RSP+1158] 0x0                (size_t)
	[RSP+1160] 0x0                (size_t)
	[RSP+1168] 0x0                (size_t)
	[RSP+1170] 0x0                (size_t)
	[RSP+1178] 0x0                (size_t)
	[RSP+1180] 0x0                (size_t)
	[RSP+1188] 0x0                (size_t)
	[RSP+1190] 0x0                (size_t)
	[RSP+1198] 0x0                (size_t)
	[RSP+11A0] 0x0                (size_t)
	[RSP+11A8] 0x0                (size_t)
	[RSP+11B0] 0x0                (size_t)
	[RSP+11B8] 0x0                (size_t)
	[RSP+11C0] 0x0                (size_t)
	[RSP+11C8] 0x0                (size_t)
	[RSP+11D0] 0x0                (size_t)
	[RSP+11D8] 0x0                (size_t)
	[RSP+11E0] 0x0                (size_t)
	[RSP+11E8] 0x0                (size_t)
	[RSP+11F0] 0x0                (size_t)
	[RSP+11F8] 0x0                (size_t)
	[RSP+1200] 0x0                (size_t)
	[RSP+1208] 0x0                (size_t)
	[RSP+1210] 0x0                (size_t)
	[RSP+1218] 0x0                (size_t)
	[RSP+1220] 0x0                (size_t)
	[RSP+1228] 0x0                (size_t)
	[RSP+1230] 0x0                (size_t)
	[RSP+1238] 0x0                (size_t)
	[RSP+1240] 0x0                (size_t)
	[RSP+1248] 0x0                (size_t)
	[RSP+1250] 0x0                (size_t)
	[RSP+1258] 0x0                (size_t)
	[RSP+1260] 0x0                (size_t)
	[RSP+1268] 0x0                (size_t)
	[RSP+1270] 0x0                (size_t)
	[RSP+1278] 0x0                (size_t)
	[RSP+1280] 0x0                (size_t)
	[RSP+1288] 0x0                (size_t)
	[RSP+1290] 0x0                (size_t)
	[RSP+1298] 0x0                (size_t)
	[RSP+12A0] 0x0                (size_t)
	[RSP+12A8] 0x0                (size_t)
	[RSP+12B0] 0x0                (size_t)
	[RSP+12B8] 0x0                (size_t)
	[RSP+12C0] 0x0                (size_t)
	[RSP+12C8] 0x0                (size_t)
	[RSP+12D0] 0x0                (size_t)
	[RSP+12D8] 0x0                (size_t)
	[RSP+12E0] 0x0                (size_t)
	[RSP+12E8] 0x0                (size_t)
	[RSP+12F0] 0x0                (size_t)
	[RSP+12F8] 0x0                (size_t)
	[RSP+1300] 0x0                (size_t)
	[RSP+1308] 0x0                (size_t)
	[RSP+1310] 0x0                (size_t)
	[RSP+1318] 0x0                (size_t)
	[RSP+1320] 0x0                (size_t)
	[RSP+1328] 0x0                (size_t)
	[RSP+1330] 0x0                (size_t)
	[RSP+1338] 0x0                (size_t)
	[RSP+1340] 0x0                (size_t)
	[RSP+1348] 0x0                (size_t)
	[RSP+1350] 0x0                (size_t)
	[RSP+1358] 0x0                (size_t)
	[RSP+1360] 0x0                (size_t)
	[RSP+1368] 0x0                (size_t)
	[RSP+1370] 0x0                (size_t)
	[RSP+1378] 0x0                (size_t)
	[RSP+1380] 0x0                (size_t)
	[RSP+1388] 0x0                (size_t)
	[RSP+1390] 0x0                (size_t)
	[RSP+1398] 0x0                (size_t)
	[RSP+13A0] 0x0                (size_t)
	[RSP+13A8] 0x0                (size_t)
	[RSP+13B0] 0x0                (size_t)
	[RSP+13B8] 0x0                (size_t)
	[RSP+13C0] 0x0                (size_t)
	[RSP+13C8] 0x0                (size_t)
	[RSP+13D0] 0x0                (size_t)
	[RSP+13D8] 0x0                (size_t)
	[RSP+13E0] 0x0                (size_t)
	[RSP+13E8] 0x0                (size_t)
	[RSP+13F0] 0x0                (size_t)
	[RSP+13F8] 0x0                (size_t)
	[RSP+1400] 0x0                (size_t)
	[RSP+1408] 0x0                (size_t)
	[RSP+1410] 0x0                (size_t)
	[RSP+1418] 0x0                (size_t)
	[RSP+1420] 0x0                (size_t)
	[RSP+1428] 0x0                (size_t)
	[RSP+1430] 0x0                (size_t)
	[RSP+1438] 0x0                (size_t)
	[RSP+1440] 0x0                (size_t)
	[RSP+1448] 0x0                (size_t)
	[RSP+1450] 0x0                (size_t)
	[RSP+1458] 0x0                (size_t)
	[RSP+1460] 0x0                (size_t)
	[RSP+1468] 0x0                (size_t)
	[RSP+1470] 0x0                (size_t)
	[RSP+1478] 0x0                (size_t)
	[RSP+1480] 0x0                (size_t)
	[RSP+1488] 0x0                (size_t)

MODULES:
	XINPUT1_3.dll                 0x000000400000
	X3DAudio1_7.dll               0x00005E760000
	steam_api64.dll               0x00005E770000
	LL_fourPlay_1_10_163.dll      0x000180000000
	f4ee.dll                      0x01B8851B0000
	Fallout4.exe                  0x7FF7B7D00000
	nvwgf2umx.dll                 0x7FFD42120000
	nvcuda64.dll                  0x7FFD46180000
	nvgpucomp64.dll               0x7FFD46B30000
	BackportedBA2Support.dll      0x7FFD48960000
	NvCamera64.dll                0x7FFD4FB50000
	d3dcompiler_47_64.dll         0x7FFD525D0000
	steamclient64.dll             0x7FFD5B540000
	nvspcap64.dll                 0x7FFD5E580000
	transfer_settlements.dll      0x7FFD5E850000
	nvldumdx.dll                  0x7FFD60A10000
	gameoverlayrenderer64.dll     0x7FFD60AE0000
	wsfw_identifier.dll           0x7FFD62570000
	DSOUND.DLL                    0x7FFD66570000
	terminal+.dll                 0x7FFD8E790000
	XAudio2_7.dll                 0x7FFD925E0000
	nvdxgdmal64.dll               0x7FFD93490000
	Buffout4.dll                  0x7FFD940C0000
	DINPUT8.dll                   0x7FFD94EF0000
	RobCo_Patcher.dll             0x7FFD94F80000
	NvMessageBus.dll              0x7FFD95A90000
	XDI.dll                       0x7FFD95E10000
	place.dll                     0x7FFD95E80000
	PowerGridTools.dll            0x7FFD95FB0000
	f4se_1_10_163.dll             0x7FFD962A0000
	tier0_s64.dll                 0x7FFD96380000
	vstdlib_s64.dll               0x7FFD96520000
	mcm.dll                       0x7FFD96E40000
	GFSDK_SSAO_D3D11.win64.dll    0x7FFD96EE0000
	flexRelease_x64.dll           0x7FFD96F70000
	KnockoutFramework.dll         0x7FFD97CA0000
	f4pm.dll                      0x7FFD983A0000
	MSVCR110.dll                  0x7FFD98410000
	MSVCP110.dll                  0x7FFD984F0000
	bink2w64.dll                  0x7FFD997E0000
	cbp.dll                       0x7FFD998D0000
	faster_workshop.dll           0x7FFDA29E0000
	cudart64_75.dll               0x7FFDA4370000
	AchievementsModsEnabler.dll   0x7FFDA4F30000
	GFSDK_GodraysLib.x64.dll      0x7FFDA7B30000
	achievements.dll              0x7FFDA7CF0000
	flexExtRelease_x64.dll        0x7FFDA7D70000
	OneCoreCommonProxyStub.dll    0x7FFDB4520000
	f4se_steam_loader.dll         0x7FFDB6760000
	X3DAudio1_7.dll               0x7FFDB6790000
	nvapi64.dll                   0x7FFDB6B20000
	inputhost.dll                 0x7FFDBD5E0000
	textinputframework.dll        0x7FFDBD740000
	Windows.UI.dll                0x7FFDBD840000
	XINPUT9_1_0.dll               0x7FFDBE840000
	mskeyprotect.dll              0x7FFDBF600000
	ncryptsslp.dll                0x7FFDBF9C0000
	MSVCP140.dll                  0x7FFDC21D0000
	MessageBus.dll                0x7FFDC35A0000
	VCRUNTIME140.dll              0x7FFDC3F40000
	COMCTL32.dll                  0x7FFDC40E0000
	VCRUNTIME140_1.dll            0x7FFDC4950000
	webio.dll                     0x7FFDC83D0000
	Secur32.dll                   0x7FFDC9D50000
	winmmbase.dll                 0x7FFDCCDF0000
	rasadhlp.dll                  0x7FFDCDAE0000
	fwpuclnt.dll                  0x7FFDCDB20000
	nvToolsExt64_1.dll            0x7FFDCE240000
	MpOav.dll                     0x7FFDCFA60000
	amsi.dll                      0x7FFDCFAF0000
	wbemsvc.dll                   0x7FFDCFBC0000
	fastprox.dll                  0x7FFDCFBE0000
	wbemcomn.dll                  0x7FFDD0190000
	D3DSCache.dll                 0x7FFDD07F0000
	amdihk64.dll                  0x7FFDD15D0000
	atidxx64.dll                  0x7FFDD1810000
	atiuxp64.dll                  0x7FFDD37D0000
	WINMM.dll                     0x7FFDD38B0000
	aticfx64.dll                  0x7FFDD38E0000
	wbemprox.dll                  0x7FFDD3B50000
	OneCoreUAPCommonProxyStub.dll 0x7FFDD3DE0000
	MMDevApi.dll                  0x7FFDD45C0000
	AUDIOSES.DLL                  0x7FFDD4660000
	dxcore.dll                    0x7FFDD4900000
	drvstore.dll                  0x7FFDD62B0000
	cryptnet.dll                  0x7FFDD6590000
	WINHTTP.dll                   0x7FFDD6B10000
	VERSION.dll                   0x7FFDD6E70000
	dhcpcsvc6.DLL                 0x7FFDD78E0000
	twinapi.appcore.dll           0x7FFDD7BE0000
	dhcpcsvc.DLL                  0x7FFDD7F50000
	WINNSI.DLL                    0x7FFDD8380000
	WindowManagementAPI.dll       0x7FFDD8390000
	avrt.dll                      0x7FFDD8BF0000
	PROPSYS.dll                   0x7FFDD9E10000
	d3d11.dll                     0x7FFDDA3A0000
	wintypes.dll                  0x7FFDDB030000
	dcomp.dll                     0x7FFDDB190000
	CoreUIComponents.dll          0x7FFDDB700000
	CoreMessaging.dll             0x7FFDDBA60000
	apphelp.dll                   0x7FFDDBD70000
	WindowsCodecs.dll             0x7FFDDBF50000
	uxtheme.dll                   0x7FFDDC110000
	resourcepolicyclient.dll      0x7FFDDC200000
	dwmapi.dll                    0x7FFDDC480000
	windows.storage.dll           0x7FFDDC950000
	HID.DLL                       0x7FFDDD160000
	dbghelp.dll                   0x7FFDDD230000
	kernel.appcore.dll            0x7FFDDD440000
	dxgi.dll                      0x7FFDDD4B0000
	schannel.DLL                  0x7FFDDDB10000
	rsaenh.dll                    0x7FFDDDC00000
	ntmarta.dll                   0x7FFDDDD20000
	IPHLPAPI.DLL                  0x7FFDDDFC0000
	DNSAPI.dll                    0x7FFDDE000000
	MSWSOCK.dll                   0x7FFDDE2E0000
	CRYPTBASE.DLL                 0x7FFDDE4D0000
	CRYPTSP.dll                   0x7FFDDE4E0000
	Wldp.dll                      0x7FFDDE580000
	NTASN1.dll                    0x7FFDDE5B0000
	ncrypt.dll                    0x7FFDDE5F0000
	msasn1.dll                    0x7FFDDE770000
	devobj.dll                    0x7FFDDE940000
	DPAPI.DLL                     0x7FFDDE9A0000
	UMPDC.dll                     0x7FFDDEA60000
	powrprof.dll                  0x7FFDDEA80000
	SSPICLI.DLL                   0x7FFDDEAD0000
	USERENV.dll                   0x7FFDDEB10000
	profapi.dll                   0x7FFDDEB60000
	msvcp_win.dll                 0x7FFDDEC30000
	gdi32full.dll                 0x7FFDDECD0000
	bcryptPrimitives.dll          0x7FFDDEDF0000
	cfgmgr32.dll                  0x7FFDDEF30000
	ucrtbase.dll                  0x7FFDDEF80000
	KERNELBASE.dll                0x7FFDDF080000
	win32u.dll                    0x7FFDDF380000
	wintrust.dll                  0x7FFDDF3B0000
	bcrypt.dll                    0x7FFDDF420000
	CRYPT32.dll                   0x7FFDDF450000
	sechost.dll                   0x7FFDDF5B0000
	clbcatq.dll                   0x7FFDDF650000
	GDI32.dll                     0x7FFDDF760000
	SHCORE.dll                    0x7FFDDF790000
	ADVAPI32.dll                  0x7FFDDF840000
	USER32.dll                    0x7FFDDF8F0000
	OLEAUT32.dll                  0x7FFDDFCA0000
	SETUPAPI.dll                  0x7FFDDFD70000
	shlwapi.dll                   0x7FFDE01E0000
	combase.dll                   0x7FFDE0240000
	ole32.dll                     0x7FFDE05A0000
	WS2_32.dll                    0x7FFDE06D0000
	COMDLG32.dll                  0x7FFDE0740000
	PSAPI.DLL                     0x7FFDE0820000
	IMM32.DLL                     0x7FFDE08D0000
	KERNEL32.DLL                  0x7FFDE0980000
	SHELL32.dll                   0x7FFDE0A40000
	msvcrt.dll                    0x7FFDE11B0000
	MSCTF.dll                     0x7FFDE1250000
	imagehlp.dll                  0x7FFDE1370000
	NSI.dll                       0x7FFDE1390000
	RPCRT4.dll                    0x7FFDE13A0000
	ntdll.dll                     0x7FFDE1570000

F4SE PLUGINS:
	achievements.dll
	BackportedBA2Support.dll v1
	Buffout4.dll v1.28.6
	cbp.dll
	f4ee.dll
	f4pm.dll
	faster_workshop.dll
	KnockoutFramework.dll v1.4
	LL_fourPlay_1_10_163.dll
	mcm.dll
	place.dll
	PowerGridTools.dll
	RobCo_Patcher.dll v3.6
	terminal+.dll
	transfer_settlements.dll
	wsfw_identifier.dll
	XDI.dll

PLUGINS:
	[00]     Fallout4.esm
	[01]     DLCRobot.esm
	[02]     DLCworkshop01.esm
	[03]     DLCCoast.esm
	[04]     DLCworkshop02.esm
	[05]     DLCworkshop03.esm
	[06]     DLCNukaWorld.esm
	[07]     Unofficial Fallout 4 Patch.esp
	[08]     SimSettlements.esm
	[09]     Robot Home Defence.esm
	[0A]     SettlementKeywords.esm
	[0B]     EthreonMasterPlan.esm
	[0C]     AAF.esm
	[0D]     XDI.esm
	[0E]     Knockout Framework.esm
	[0F]     Homemaker.esm
	[10]     WorkshopFramework.esm
	[11]     PD_LowerWeapon.esp
	[12]     Settlement_Markers.esp
	[13]     NoGuardclean.esp
	[14]     Some Assembly Required.esp
	[15]     More Armor Slots - All Dlc.esp
	[16]     Realistic Death Physics - ALL DLC.esp
	[17]     Reverb and Ambiance Overhaul.esp
	[18]     PhotoMode.esp
	[19]     Nuka-World Fizztop Grille Workshop.esp
	[1A]     PAMAP.esp
	[1B]     Topless Raider Armor.esp
	[1C]     More Scavenging Stations.esp
	[1D]     RCSO_RoboChefSettlementObjects.esp
	[1E]     ScavversSettlementKit.esp
	[1F]     rbi_pack.esp
	[20]     Synth Overhaul.esp
	[21]     Move Store and Assign Power Armor.esp
	[22]     OCDecorator.esp
	[23]     OCDecoratorDLC.esp
	[24]     OCDispenser.esp
	[25]     Nude Them.esp
	[26]     SimSettlementsAddOnPack - RaiderRefugees.esp
	[27]     NukaVimRack.esp
	[28]     SettlementMenuManager.esp
	[29]     SettleObjExpandPack.esp
	[2A]     PlantMe.esp
	[2B]     SKKFastStartNewGame.esp
	[2C]     UniquePlayer.esp
	[2D]     DependencyQuestFix.esp
	[2E]     TinaDeLucaSettlerBrave.esp
	[2F]     Classic Fallout Music Far Harbor.esp
	[30]     Classic Fallout Music NukaWorld.esp
	[31]     KSHairdos.esp
	[32]     TurretStands.esp
	[33]     Buffed Minutemen.esp
	[34]     AAF_UniquePlayer_Patch.esp
	[35]     SavageCabbage_Animations.esp
	[36]     AAF UPF Patch.esp
	[37]     Classic Fallout Music.esp
	[38]     Pos_GuardPositions.esp
	[39]     Pos_ShopPositons.esp
	[3A]     BalconySupports.esp
	[3B]     RobotFactionPaint.esp
	[3C]     OCT_FizztopCleanUp.esp
	[3D]     Crimsomrider's Convenient Resources.esp
	[3E]     BuildableTentPieces.esp
	[3F]     ClothingShelves.esp
	[40]     Canopies.esp
	[41]     BrighterSettlementLights_ExtraBrightv1.1.esp
	[42]     DX_Atom_Girl_Outfit.esp
	[43]     Atomic Lust.esp
	[44]     BetterCompanions.esp
	[45]     Companion Infinite Ammo.esp
	[46]     CompanionsGoHome_A.esp
	[47]     DD_Khassar_De_Templari_Increased_build.esp
	[48]     ImmersiveAnimationFramework.esp
	[49]     Glowing Animals Emit Light.esp
	[4A]     Fizztop_Grille.esp
	[4B]     HotlineMalden.esp
	[4C]     Keep Radiants In Commonwealth.esp
	[4D]     EasyHacking.esp
	[4E]     Minuteman_CB.esp
	[4F]     Invisible_Guard_Marker.esp
	[50]     Minutemen Paint Job.esp
	[51]     GrafsSecurityFences.esp
	[52]     AkaInvisibleFurniture.esp
	[53]     LOCPoweredDoors.esp
	[54]     SSEX.esp
	[55]     LooksMenu.esp
	[56]     LooksMenu Customization Compendium.esp
	[57]     ExpandedSettlementBuildings.esp
	[58]     Eli_Crafting Shiz 9000.esp
	[59]     EssentialVaultRep.esp
	[5A]     Vault75_95Spawns.esp
	[5B]     BetterOpenSeason.esp
	[5C]     g2m_Workshop_Nexus.esp
	[5D]     W.A.T.Minutemen.esp
	[5E]     Thematic and Practical.esp
	[5F]     AnS Wearable Backpacks and Pouches.esp
	[60]     AnS Wearable Backpacks and Pouches - Ballistic Weave.esp
	[61]     AnS Wearable Backpacks and Pouches - No Crafting Perks.esp
	[62]     AnS Wearable Backpacks and Pouches - Power Armor Carry Capacity.esp
	[63]     workingsettlers.esp
	[64]     EvilViking13_WastelandWalls.esp
	[65]     EvilViking13_MinutemenMorale.esp
	[66]     TransferSettlements.esp
	[67]     VisibleCompanionAffinity.esp
	[68]     dinomore.esp
	[69]     g2m_FishFarmBridges.esp
	[6A]     XnjguyFilledMods_AIO.esp
	[6B]     LooksMirror.esp
	[6C]     WWP - PC.esp
	[6D]     WDP-PC.esp
	[6E]     woodysWastelandStuff.esp
	[6F]     JustDebris.esp
	[70]     Housekeeping.esp
	[71]     Homemaker - Streetlights Use Passive Power.esp
	[72]     Homemaker - Unlocked Institute Objects.esp
	[73]     LMBTOverlays.esp
	[FE:000] PPF.esm
	[FE:001] CanarySaveFileMonitor.esl
	[FE:002] Dank_ArmorPaintExtended.esl
	[FE:003] Topless Raider Armor.esl
	[FE:004] TMR_GlitchfinderAIO.esm
	[FE:005] Rebuild_SharedResources.esm
	[FE:006] AAFThemes.esl
	[FE:007] Centaur.esl
	[FE:008] Legendary, rearmed.esl
	[FE:009] EFM_MetalArmor_Mk1.esl
	[FE:00A] MJC_Jail_Cells.esl
	[FE:00B] EFM_RaiderArmor.esl
	[FE:00C] PRP.esp
	[FE:00D] DiamondCityLights.esp
	[FE:00E] Dank_ArmorOverrides.esp
	[FE:00F] Dank_ArmorOverrides_DLCCoast.esp
	[FE:010] Dank_ArmorOverrides_DLCNukaWorld.esp
	[FE:011] Dank_ArmorOverrides_DLCRobot.esp
	[FE:012] Rebuild_TheCastle.esp
	[FE:013] Rebuild_TheCastle_Previs.esp
	[FE:014] Dank_ECO.esp
	[FE:015] Dank_ECO-INNR.esp
	[FE:016] Dank_ECO_DLCCoast.esp
	[FE:017] FastTravelFromVault81.esp
	[FE:018] IAF - Far Harbor & Nuka World.esp
	[FE:019] Dank_ECO_DLCNukaWorld.esp
	[FE:01A] Dank_ECO_DLCRobot.esp
	[FE:01B] Hidden Armor - Invisible Paint.esp
	[FE:01C] lnl_settlements_clutter.esp
	[FE:01D] Visible Idle Markers.esp
