Fallout 4 v1.10.163
Buffout 4 v1.28.6

Unhandled exception "EXCEPTION_ACCESS_VIOLATION" at 0x7FF78167C1F5 Fallout4.exe+20DC1F5

	[Compatibility]
		F4EE: true
	[Crashlog]
		AutoOpen: true
		PromptUpload: true
	[Fixes]
		ActorIsHostileToActor: true
		CellInit: true
		CreateD3DAndSwapChain: true
		EncounterZoneReset: true
		GreyMovies: true
		MagicEffectApplyEvent: true
		MovementPlanner: true
		PackageAllocateLocation: true
		SafeExit: true
		TESObjectREFRGetEncounterZone: true
		UnalignedLoad: true
		UtilityShader: true
	[Patches]
		Achievements: true
		ArchiveLimit: false
		BSMTAManager: true
		BSPreCulledObjects: true
		BSTextureStreamerLocalHeap: false
		HavokMemorySystem: true
		INISettingCollection: true
		InputSwitch: true
		MaxStdIO: -1
		MemoryManager: false
		MemoryManagerDebug: false
		ScaleformAllocator: true
		SmallBlockAllocator: true
		WorkshopMenu: true
	[Warnings]
		CreateTexture2D: true
		ImageSpaceAdapter: true

SYSTEM SPECS:
	OS: Microsoft Windows 10 Pro v10.0.19045
	CPU: AuthenticAMD AMD Ryzen 5 5600G with Radeon Graphics         
	GPU #1: Nvidia GP106 [GeForce GTX 1060 6GB]
	GPU #2: Microsoft Basic Render Driver
	PHYSICAL MEMORY: 14.29 GB/23.79 GB

PROBABLE CALL STACK:
	[ 0] 0x7FF78167C1F5 Fallout4.exe+20DC1F5 -> 33830+0x85
	[ 1] 0x7FF7816388FB Fallout4.exe+20988FB -> 79342+0x8DB
	[ 2] 0x7FF7817C0F8F Fallout4.exe+2220F8F -> 1134266+0x3CF
	[ 3] 0x7FF7817C1365 Fallout4.exe+2221365 -> 1317728+0x115
	[ 4] 0x7FF78163CCCD Fallout4.exe+209CCCD -> 860672+0x3FD
	[ 5] 0x7FF78163385F Fallout4.exe+209385F -> 1505746+0x1BF
	[ 6] 0x7FF781633EFB Fallout4.exe+2093EFB -> 1408842+0x7B
	[ 7] 0x7FF78162FE62 Fallout4.exe+208FE62 -> 437862+0x42
	[ 8] 0x7FF78169C93B Fallout4.exe+20FC93B -> 795951+0x6EB
	[ 9] 0x7FF7816AEEFA Fallout4.exe+210EEFA -> 1165196+0x2A
	[10] 0x7FF7808192C0 Fallout4.exe+12792C0 -> 494688+0x60
	[11] 0x7FF7815E3629 Fallout4.exe+2043629 -> 910928+0xF9
	[12] 0x7FF78025FF41 Fallout4.exe+0CBFF41 -> 132841+0x111
	[13] 0x7FF78026079D Fallout4.exe+0CC079D -> 1166392+0x7D
	[14] 0x7FF7810BCFED Fallout4.exe+1B1CFED -> 1079791+0x3D
	[15] 0x7FFBA9517374 KERNEL32.DLL+0017374
	[16] 0x7FFBA9CBCC91    ntdll.dll+004CC91

REGISTERS:
	RAX 0x237A46A7160      (void*)
	RCX 0x237A3A6EFF0      (void*)
	RDX 0x0                (size_t)
	RBX 0x23827E4AAD8      (void*)
	RSP 0xB6B6C3EC30       (void*)
	RBP 0xB6B6C3ED60       (void*)
	RSI 0xB6B6C3EE48       (void*)
	RDI 0x3FFFFFFFFFFFFFF  (size_t)
	R8  0x3                (size_t)
	R9  0xFFFFFFFFFFFFFFFF (size_t)
	R10 0x0                (size_t)
	R11 0xB6B6C3EB10       (void*)
	R12 0x238228F93E0      (void*)
	R13 0x23831184070      (void*)
	R14 0x3FFFFFFFFFFFFFF  (size_t)
	R15 0x0                (size_t)

STACK:
	[RSP+0   ] 0xB6B6C3EE48       (void*)
	[RSP+8   ] 0x23827E4AAD8      (void*)
	[RSP+10  ] 0xB6B6C3ED60       (void*)
	[RSP+18  ] 0xB6B6C3EE48       (void*)
	[RSP+20  ] 0x23827E4A9F0      (void*)
	[RSP+28  ] 0x7FF7816388FB     (void* -> Fallout4.exe+20988FB)
	[RSP+30  ] 0x149              (size_t)
	[RSP+38  ] 0x23827E4AAD8      (void*)
	[RSP+40  ] 0xB6B6C3ECA0       (void*)
	[RSP+48  ] 0x23827E4AC70      (void*)
	[RSP+50  ] 0xB6B6C3EE28       (void*)
	[RSP+58  ] 0x23844E11EA0      (void*)
	[RSP+60  ] 0xB6B6C3ED09       (void*)
	[RSP+68  ] 0x23844E11EA0      (void*)
	[RSP+70  ] 0xC                (size_t)
	[RSP+78  ] 0x0                (size_t)
	[RSP+80  ] 0x23830A53A30      (void*)
	[RSP+88  ] 0x2385F11D5B0      (void*)
	[RSP+90  ] 0x0                (size_t)
	[RSP+98  ] 0x2                (size_t)
	[RSP+A0  ] 0x0                (size_t)
	[RSP+A8  ] 0x23827E4AA50      (void*)
	[RSP+B0  ] 0x238216775D0      (void*)
	[RSP+B8  ] 0x23831184070      (void*)
	[RSP+C0  ] 0x70D100000108     (size_t)
	[RSP+C8  ] 0x238228F9488      (void*)
	[RSP+D0  ] 0x238228F93E0      (void*)
	[RSP+D8  ] 0x23827E4AA78      (void*)
	[RSP+E0  ] 0x23827EBE978      (void*)
	[RSP+E8  ] 0x0                (size_t)
	[RSP+F0  ] 0x23827EBE9B8      (void*)
	[RSP+F8  ] 0x23800000011      (void*)
	[RSP+100 ] 0x0                (size_t)
	[RSP+108 ] 0x8                (size_t)
	[RSP+110 ] 0x23830A53A30      (void*)
	[RSP+118 ] 0x7FF7819BD1B6     (void* -> Fallout4.exe+241D1B6)
	[RSP+120 ] 0x1                (size_t)
	[RSP+128 ] 0x2384502A9B0      (void*)
	[RSP+130 ] 0xB6B6C3EE70       (void*)
	[RSP+138 ] 0x7FF781605BC5     (void* -> Fallout4.exe+2065BC5)
	[RSP+140 ] 0x4                (size_t)
	[RSP+148 ] 0xFFFFFF49493C1101 (size_t)
	[RSP+150 ] 0x23830A53EE0      (void*)
	[RSP+158 ] 0x2                (size_t)
	[RSP+160 ] 0xB6B6C3EEA0       (void*)
	[RSP+168 ] 0x7FF7817C0F8F     (void* -> Fallout4.exe+2220F8F)
	[RSP+170 ] 0xB6B6C3EE98       (void*)
	[RSP+178 ] 0x23815F098C0      (void*)
	[RSP+180 ] 0x0                (size_t)
	[RSP+188 ] 0x23815F098C0      (void*)
	[RSP+190 ] 0x1                (size_t)
	[RSP+198 ] 0xB6B6C3EE28       (void*)
	[RSP+1A0 ] 0x23821677600      (void*)
	[RSP+1A8 ] 0xB6B6C3EFE0       (char*) "
"
	[RSP+1B0 ] 0xB6B6C3EE90       (void*)
	[RSP+1B8 ] 0x7FF700000000     (size_t)
	[RSP+1C0 ] 0x0                (size_t)
	[RSP+1C8 ] 0x23815F09000      (void*)
	[RSP+1D0 ] 0x23815F09010      (void*)
	[RSP+1D8 ] 0x23815F08EA0      (void*)
	[RSP+1E0 ] 0x23815F09EA0      (void*)
	[RSP+1E8 ] 0x23815F09000      (void*)
	[RSP+1F0 ] 0x23830A9B080      (void*)
	[RSP+1F8 ] 0x2380000000C      (void*)
	[RSP+200 ] 0x0                (size_t)
	[RSP+208 ] 0x23815F098C0      (void*)
	[RSP+210 ] 0x60               (size_t)
	[RSP+218 ] 0x7FF700000000     (size_t)
	[RSP+220 ] 0x0                (size_t)
	[RSP+228 ] 0xB6B6C3EF80       (void*)
	[RSP+230 ] 0x3                (size_t)
	[RSP+238 ] 0x23815F098C0      (void*)
	[RSP+240 ] 0x70D100000011     (size_t)
	[RSP+248 ] 0x0                (size_t)
	[RSP+250 ] 0x8                (size_t)
	[RSP+258 ] 0x23830A53A30      (void*)
	[RSP+260 ] 0x23800000000      (void*)
	[RSP+268 ] 0x70D100000211     (size_t)
	[RSP+270 ] 0x2383E7D9FE0      (void*)
	[RSP+278 ] 0x8                (size_t)
	[RSP+280 ] 0x23830A53A30      (void*)
	[RSP+288 ] 0x7FF7FFFFFFFF     (size_t)
	[RSP+290 ] 0x23800000211      (void*)
	[RSP+298 ] 0x23831016120      (void*)
	[RSP+2A0 ] 0x2380000000E      (void*)
	[RSP+2A8 ] 0x23830A53860      (void*)
	[RSP+2B0 ] 0x2383F7BB9D8      (void*)
	[RSP+2B8 ] 0x237A3A5E700      (void*)
	[RSP+2C0 ] 0x238449DD330      (void*)
	[RSP+2C8 ] 0x7FF7816264A2     (void* -> Fallout4.exe+20864A2)
	[RSP+2D0 ] 0xB6B6C3EF80       (void*)
	[RSP+2D8 ] 0x23827E4A901      (char*) "ddedtostage"
	[RSP+2E0 ] 0x23827E4A9F0      (void*)
	[RSP+2E8 ] 0x2385C778C50      (void*)
	[RSP+2F0 ] 0xA2               (size_t)
	[RSP+2F8 ] 0x238216776C0      (void*)
	[RSP+300 ] 0x0                (size_t)
	[RSP+308 ] 0x23827E4A9F0      (void*)
	[RSP+310 ] 0x23827E4A9F0      (void*)
	[RSP+318 ] 0x7FF78167BFFE     (void* -> Fallout4.exe+20DBFFE)
	[RSP+320 ] 0xB6B6C3F001       (void*)
	[RSP+328 ] 0xB6B6C3F0D0       (void*)
	[RSP+330 ] 0x23830A53EE0      (void*)
	[RSP+338 ] 0x23830A9B080      (void*)
	[RSP+340 ] 0x1                (size_t)
	[RSP+348 ] 0x0                (size_t)
	[RSP+350 ] 0x2380000000C      (void*)
	[RSP+358 ] 0x0                (size_t)
	[RSP+360 ] 0x23815F098C0      (void*)
	[RSP+368 ] 0x237A3A5E700      (void*)
	[RSP+370 ] 0x23844D6ACA0      (void*)
	[RSP+378 ] 0x7FF7817BF18E     (void* -> Fallout4.exe+221F18E)
	[RSP+380 ] 0x0                (size_t)
	[RSP+388 ] 0x7FF7816E1907     (void* -> Fallout4.exe+2141907)
	[RSP+390 ] 0x23815F08FF0      (void*)
	[RSP+398 ] 0x23815F09000      (void*)
	[RSP+3A0 ] 0xB6B6C3EFE0       (char*) "
"
	[RSP+3A8 ] 0x23815F08EA0      (void*)
	[RSP+3B0 ] 0x2380000000A      (void*)
	[RSP+3B8 ] 0x0                (size_t)
	[RSP+3C0 ] 0x23827EBE268      (void*)
	[RSP+3C8 ] 0x23844E1DDD0      (void*)
	[RSP+3D0 ] 0x23800000001      (void*)
	[RSP+3D8 ] 0x0                (size_t)
	[RSP+3E0 ] 0x0                (size_t)
	[RSP+3E8 ] 0x1                (size_t)
	[RSP+3F0 ] 0x70D1B1BD1DA4     (size_t)
	[RSP+3F8 ] 0x0                (size_t)
	[RSP+400 ] 0x0                (size_t)
	[RSP+408 ] 0x23827E5B520      (void*)
	[RSP+410 ] 0x0                (size_t)
	[RSP+418 ] 0x2380122A200      (void*)
	[RSP+420 ] 0x23827E47030      (void*)
	[RSP+428 ] 0x23830A53EE0      (void*)
	[RSP+430 ] 0x23830A53EE0      (void*)
	[RSP+438 ] 0x7FF7817C1365     (void* -> Fallout4.exe+2221365)
	[RSP+440 ] 0x23827E4A9F0      (void*)
	[RSP+448 ] 0x7FF7818B6022     (void* -> Fallout4.exe+2316022)
	[RSP+450 ] 0x23827E4A9F0      (void*)
	[RSP+458 ] 0x23844E1DDD0      (void*)
	[RSP+460 ] 0x0                (size_t)
	[RSP+468 ] 0x1                (size_t)
	[RSP+470 ] 0x0                (size_t)
	[RSP+478 ] 0x0                (size_t)
	[RSP+480 ] 0x291FE47B92       (size_t)
	[RSP+488 ] 0x2384502A9F0      (void*)
	[RSP+490 ] 0x23830A590A0      (void*)
	[RSP+498 ] 0x7FF78163CCCD     (void* -> Fallout4.exe+209CCCD)
	[RSP+4A0 ] 0x23815F098C0      (void*)
	[RSP+4A8 ] 0x23830A53EE0      (void*)
	[RSP+4B0 ] 0xB6B6C3F169       (void*)
	[RSP+4B8 ] 0x2383F7BF060      (void*)
	[RSP+4C0 ] 0x23830A59010      (void*)
	[RSP+4C8 ] 0x3F4000003F800000 (size_t)
	[RSP+4D0 ] 0x0                (size_t)
	[RSP+4D8 ] 0x0                (size_t)
	[RSP+4E0 ] 0x3F800000         (size_t)
	[RSP+4E8 ] 0x0                (size_t)
	[RSP+4F0 ] 0x3F80000000000000 (size_t)
	[RSP+4F8 ] 0x0                (size_t)
	[RSP+500 ] 0x0                (size_t)
	[RSP+508 ] 0x100000000        (size_t)
	[RSP+510 ] 0x40000            (size_t)
	[RSP+518 ] 0x0                (size_t)
	[RSP+520 ] 0x10000080000      (size_t)
	[RSP+528 ] 0xC0               (size_t)
	[RSP+530 ] 0x0                (size_t)
	[RSP+538 ] 0x7FF7818908C7     (void* -> Fallout4.exe+22F08C7)
	[RSP+540 ] 0x2383F7BF770      (void*)
	[RSP+548 ] 0x7FF78179AD25     (void* -> Fallout4.exe+21FAD25)
	[RSP+550 ] 0x2384508FB50      (void*)
	[RSP+558 ] 0x7FF7817F1C62     (void* -> Fallout4.exe+2251C62)
	[RSP+560 ] 0x291FE47B92       (size_t)
	[RSP+568 ] 0x0                (size_t)
	[RSP+570 ] 0x0                (size_t)
	[RSP+578 ] 0x23827E5B2B0      (void*)
	[RSP+580 ] 0x23827E5B338      (void*)
	[RSP+588 ] 0x2384502A9D0      (void*)
	[RSP+590 ] 0x0                (size_t)
	[RSP+598 ] 0x7FF78163385F     (void* -> Fallout4.exe+209385F)
	[RSP+5A0 ] 0x0                (size_t)
	[RSP+5A8 ] 0x7FF781633DA3     (void* -> Fallout4.exe+2093DA3)
	[RSP+5B0 ] 0xB6B6C3F240       (void*)
	[RSP+5B8 ] 0x0                (size_t)
	[RSP+5C0 ] 0x2383F7BFFF0      (void*)
	[RSP+5C8 ] 0x7FF78161F3CD     (void* -> Fallout4.exe+207F3CD)
	[RSP+5D0 ] 0x2383F7BFFB0      (void*)
	[RSP+5D8 ] 0x2383F7BF060      (void*)
	[RSP+5E0 ] 0x2383F7C0060      (void*)
	[RSP+5E8 ] 0x2383F7C0000      (void*)
	[RSP+5F0 ] 0x2384502A9D0      (void*)
	[RSP+5F8 ] 0x7FF78168E5A2     (void* -> Fallout4.exe+20EE5A2)
	[RSP+600 ] 0xB6B6C3F280       (void*)
	[RSP+608 ] 0x0                (size_t)
	[RSP+610 ] 0x23827E5B338      (void*)
	[RSP+618 ] 0x2383F7BF768      (void*)
	[RSP+620 ] 0x23827E5B2B0      (void*)
	[RSP+628 ] 0x7FF781633EFB     (void* -> Fallout4.exe+2093EFB)
	[RSP+630 ] 0x2                (size_t)
	[RSP+638 ] 0x2                (size_t)
	[RSP+640 ] 0x2383F7BF768      (void*)
	[RSP+648 ] 0x1E               (size_t)
	[RSP+650 ] 0x22C8             (size_t)
	[RSP+658 ] 0x23827E5B338      (void*)
	[RSP+660 ] 0x0                (size_t)
	[RSP+668 ] 0x0                (size_t)
	[RSP+670 ] 0x2384502A9D0      (void*)
	[RSP+678 ] 0x2                (size_t)
	[RSP+680 ] 0x2                (size_t)
	[RSP+688 ] 0x7FF78162FE62     (void* -> Fallout4.exe+208FE62)
	[RSP+690 ] 0x23827E5B2B0      (void*)
	[RSP+698 ] 0xB6B6C3F3F0       (void*)
	[RSP+6A0 ] 0x1                (size_t)
	[RSP+6A8 ] 0x23827E47030      (void*)
	[RSP+6B0 ] 0x23827E49958      (void*)
	[RSP+6B8 ] 0x7FF78169C93B     (void* -> Fallout4.exe+20FC93B)
	[RSP+6C0 ] 0x23827E49958      (void*)
	[RSP+6C8 ] 0x1                (size_t)
	[RSP+6D0 ] 0x2                (size_t)
	[RSP+6D8 ] 0x23827E47030      (void*)
	[RSP+6E0 ] 0x23801274F20      (BSScaleformTranslator*)
	[RSP+6E8 ] 0x7FF77FFAFB57     (void* -> Fallout4.exe+0A0FB57)
	[RSP+6F0 ] 0x2B6C30001        (size_t)
	[RSP+6F8 ] 0xB6B6C3F4E0       (void*)
	[RSP+700 ] 0x291FE47B92       (size_t)
	[RSP+708 ] 0x2380122A200      (void*)
	[RSP+710 ] 0x238453509F0      (HUDAmmoCounter*)
	[RSP+718 ] 0x7FF77FFAEAB0     (void* -> Fallout4.exe+0A0EAB0)
	[RSP+720 ] 0x238453509F0      (HUDAmmoCounter*)
	[RSP+728 ] 0x7FF77FFC2BCE     (void* -> Fallout4.exe+0A22BCE)
	[RSP+730 ] 0x0                (size_t)
	[RSP+738 ] 0x0                (size_t)
	[RSP+740 ] 0x0                (size_t)
	[RSP+748 ] 0x0                (size_t)
	[RSP+750 ] 0x2380122A200      (void*)
	[RSP+758 ] 0x2380122A1B0      (void*)
	[RSP+760 ] 0x2380122A250      (void*)
	[RSP+768 ] 0x0                (size_t)
	[RSP+770 ] 0x23801274F20      (BSScaleformTranslator*)
	[RSP+778 ] 0x0                (size_t)
	[RSP+780 ] 0x101              (size_t)
	[RSP+788 ] 0x7FF77FFC2DDC     (void* -> Fallout4.exe+0A22DDC)
	[RSP+790 ] 0x100              (size_t)
	[RSP+798 ] 0xB6B6C3F490       (void*)
	[RSP+7A0 ] 0x238453509F0      (HUDAmmoCounter*)
	[RSP+7A8 ] 0xB6B6C3F400       (void*)
	[RSP+7B0 ] 0x2382C0533E8      (void*)
	[RSP+7B8 ] 0x7FF77FFC2BCE     (void* -> Fallout4.exe+0A22BCE)
	[RSP+7C0 ] 0x238453509F0      (HUDAmmoCounter*)
	[RSP+7C8 ] 0x2382C0532F8      (void*)
	[RSP+7D0 ] 0x20100000000      (size_t)
	[RSP+7D8 ] 0xB6B6C3F540       (void*)
	[RSP+7E0 ] 0x20100000008      (size_t)
	[RSP+7E8 ] 0xB6B6C3F558       (void*)
	[RSP+7F0 ] 0xB6B6C300C0       (void*)
	[RSP+7F8 ] 0xB6B6C3F4B0       (void*)
	[RSP+800 ] 0xB6B6C3F4F0       (void*)
	[RSP+808 ] 0xB6B6C3F4E0       (void*)
	[RSP+810 ] 0xB6B6C3F3C0       (void*)
	[RSP+818 ] 0xB6B6C3F5C8       (void*)
	[RSP+820 ] 0xB6B6C3F588       (void*)
	[RSP+828 ] 0xB6B6C3F370       (void*)
	[RSP+830 ] 0xB6B6C3F390       (void*)
	[RSP+838 ] 0x9C0              (size_t)
	[RSP+840 ] 0x238262B0101      (void*)
	[RSP+848 ] 0xB6B6C3F558       (void*)
	[RSP+850 ] 0x20100001C07      (size_t)
	[RSP+858 ] 0xB6B6C3F570       (char*) "<"
	[RSP+860 ] 0x238262B0101      (void*)
	[RSP+868 ] 0xB6B6C3F540       (void*)
	[RSP+870 ] 0x10000003C        (size_t)
	[RSP+878 ] 0xB6B6C3F570       (char*) "<"
	[RSP+880 ] 0x23883B60100      (void*)
	[RSP+888 ] 0xB6B6C3F3B0       (void*)
	[RSP+890 ] 0xB6B6C3F470       (void*)
	[RSP+898 ] 0xB6B6C3F490       (void*)
	[RSP+8A0 ] 0xB6B6C3F400       (void*)
	[RSP+8A8 ] 0x238453509F0      (HUDAmmoCounter*)
	[RSP+8B0 ] 0x7FF785070100     (void* -> Fallout4.exe+5AD0100)
	[RSP+8B8 ] 0x238453509F0      (HUDAmmoCounter*)
	[RSP+8C0 ] 0x23808390100      (void*)
	[RSP+8C8 ] 0xB6B6C3F5A8       (void*)
	[RSP+8D0 ] 0x201000003E7      (size_t)
	[RSP+8D8 ] 0xB6B6C3F480       (void*)
	[RSP+8E0 ] 0x100              (size_t)
	[RSP+8E8 ] 0x238453509F0      (HUDAmmoCounter*)
	[RSP+8F0 ] 0x10000003C        (size_t)
	[RSP+8F8 ] 0xB6B6C3F4A0       (char*) "<"
	[RSP+900 ] 0x70D1B1BD02F4     (size_t)
	[RSP+908 ] 0xB6B6C3F410       (void*)
	[RSP+910 ] 0x20100000000      (size_t)
	[RSP+918 ] 0x7F018081AA00     (size_t)
	[RSP+920 ] 0x0                (size_t)
	[RSP+928 ] 0x0                (size_t)
	[RSP+930 ] 0x100000000        (size_t)
	[RSP+938 ] 0x238453509F0      (HUDAmmoCounter*)
	[RSP+940 ] 0x1C070000003C     (size_t)
	[RSP+948 ] 0x7FF77FFA7101     (void* -> Fallout4.exe+0A07101)
	[RSP+950 ] 0xB6B6C3F5A8       (void*)
	[RSP+958 ] 0x2382C050100      (void*)
	[RSP+960 ] 0x0                (size_t)
	[RSP+968 ] 0x0                (size_t)
	[RSP+970 ] 0x0                (size_t)
	[RSP+978 ] 0x0                (size_t)
	[RSP+980 ] 0x0                (size_t)
	[RSP+988 ] 0x0                (size_t)
	[RSP+990 ] 0x3CD4FDF4         (size_t)
	[RSP+998 ] 0x0                (size_t)
	[RSP+9A0 ] 0x23920694180      (void*)
	[RSP+9A8 ] 0x9C0              (size_t)
	[RSP+9B0 ] 0x9C0              (size_t)
	[RSP+9B8 ] 0x0                (size_t)
	[RSP+9C0 ] 0x2382C053200      (HUDMenu*)
	[RSP+9C8 ] 0x7FF7816AEEFA     (void* -> Fallout4.exe+210EEFA)
	[RSP+9D0 ] 0x2382C0033D0      (void*)
	[RSP+9D8 ] 0x2382C053200      (HUDMenu*)
	[RSP+9E0 ] 0x564A1            (size_t)
	[RSP+9E8 ] 0x23920694180      (void*)
	[RSP+9F0 ] 0x42               (size_t)
	[RSP+9F8 ] 0x7FF7808192C0     (void* -> Fallout4.exe+12792C0)
	[RSP+A00 ] 0x42               (size_t)
	[RSP+A08 ] 0x564A1            (size_t)
	[RSP+A10 ] 0x7FF7821E96C8     (void* -> Fallout4.exe+2C496C8)
	[RSP+A18 ] 0xB6B6C3F690       (void*)
	[RSP+A20 ] 0x0                (size_t)
	[RSP+A28 ] 0x0                (size_t)
	[RSP+A30 ] 0x0                (size_t)
	[RSP+A38 ] 0x7FF7815E3629     (void* -> Fallout4.exe+2043629)
	[RSP+A40 ] 0x239255B0010      (void*)
	[RSP+A48 ] 0x239255B0030      (void*)
	[RSP+A50 ] 0x7FF785006DD0     (UI*)
	[RSP+A58 ] 0x45               (size_t)
	[RSP+A60 ] 0x23920694AA0      (ScrapHeap*)
	[RSP+A68 ] 0x239255B0010      (void*)
	[RSP+A70 ] 0x4                (size_t)
	[RSP+A78 ] 0x4                (size_t)
	[RSP+A80 ] 0x0                (size_t)
	[RSP+A88 ] 0x0                (size_t)
	[RSP+A90 ] 0x0                (size_t)
	[RSP+A98 ] 0x0                (size_t)
	[RSP+AA0 ] 0x7FF78500BDC0     (JobListManager::ServingThread*)
	[RSP+AA8 ] 0x23920694180      (void*)
	[RSP+AB0 ] 0x9C0              (size_t)
	[RSP+AB8 ] 0x7FF78025FF41     (void* -> Fallout4.exe+0CBFF41)
	[RSP+AC0 ] 0x23920694180      (void*)
	[RSP+AC8 ] 0x239255B0010      (void*)
	[RSP+AD0 ] 0x0                (size_t)
	[RSP+AD8 ] 0x2                (size_t)
	[RSP+AE0 ] 0x0                (size_t)
	[RSP+AE8 ] 0x7FF78026079D     (void* -> Fallout4.exe+0CC079D)
	[RSP+AF0 ] 0x7FF78500BDC0     (JobListManager::ServingThread*)
	[RSP+AF8 ] 0x0                (size_t)
	[RSP+B00 ] 0x0                (size_t)
	[RSP+B08 ] 0x5158             (size_t)
	[RSP+B10 ] 0x7FF78500BDC0     (JobListManager::ServingThread*)
	[RSP+B18 ] 0x7FF7810BCFED     (void* -> Fallout4.exe+1B1CFED)
	[RSP+B20 ] 0x51E4             (size_t)
	[RSP+B28 ] 0xB6B6C3F770       (void*)
	[RSP+B30 ] 0x2387FBFEE70      (void*)
	[RSP+B38 ] 0x0                (size_t)
	[RSP+B40 ] 0x7FF78500BDC0     (JobListManager::ServingThread*)
	[RSP+B48 ] 0x0                (size_t)
	[RSP+B50 ] 0x0                (size_t)
	[RSP+B58 ] 0x7FFBA9517374     (void* -> KERNEL32.DLL+0017374)
	[RSP+B60 ] 0x0                (size_t)
	[RSP+B68 ] 0x0                (size_t)
	[RSP+B70 ] 0x0                (size_t)
	[RSP+B78 ] 0x0                (size_t)
	[RSP+B80 ] 0x0                (size_t)
	[RSP+B88 ] 0x7FFBA9CBCC91     (void* -> ntdll.dll+004CC91)
	[RSP+B90 ] 0x0                (size_t)
	[RSP+B98 ] 0x0                (size_t)
	[RSP+BA0 ] 0x0                (size_t)
	[RSP+BA8 ] 0x0                (size_t)
	[RSP+BB0 ] 0x0                (size_t)
	[RSP+BB8 ] 0x0                (size_t)
	[RSP+BC0 ] 0x3E6CE4AD00000000 (size_t)
	[RSP+BC8 ] 0x0                (size_t)
	[RSP+BD0 ] 0x0                (size_t)
	[RSP+BD8 ] 0x7FFBA77632C0     (void* -> KERNELBASE.dll+01332C0)
	[RSP+BE0 ] 0xB6B6C3DD80       (void*)
	[RSP+BE8 ] 0xFFDCC8D6B3680003 (size_t)
	[RSP+BF0 ] 0x7FFB991AD66D     (size_t)
	[RSP+BF8 ] 0xB6B6C3DD80       (void*)
	[RSP+C00 ] 0x0                (size_t)
	[RSP+C08 ] 0x0                (size_t)
	[RSP+C10 ] 0x0                (size_t)
	[RSP+C18 ] 0x0                (size_t)
	[RSP+C20 ] 0x0                (size_t)
	[RSP+C28 ] 0x0                (size_t)
	[RSP+C30 ] 0x0                (size_t)
	[RSP+C38 ] 0x0                (size_t)
	[RSP+C40 ] 0x0                (size_t)
	[RSP+C48 ] 0x0                (size_t)
	[RSP+C50 ] 0x0                (size_t)
	[RSP+C58 ] 0x0                (size_t)
	[RSP+C60 ] 0x0                (size_t)
	[RSP+C68 ] 0x0                (size_t)
	[RSP+C70 ] 0x0                (size_t)
	[RSP+C78 ] 0x0                (size_t)
	[RSP+C80 ] 0x0                (size_t)
	[RSP+C88 ] 0x0                (size_t)
	[RSP+C90 ] 0x0                (size_t)
	[RSP+C98 ] 0x0                (size_t)
	[RSP+CA0 ] 0x0                (size_t)
	[RSP+CA8 ] 0x0                (size_t)
	[RSP+CB0 ] 0x0                (size_t)
	[RSP+CB8 ] 0x0                (size_t)
	[RSP+CC0 ] 0x0                (size_t)
	[RSP+CC8 ] 0x0                (size_t)
	[RSP+CD0 ] 0x0                (size_t)
	[RSP+CD8 ] 0x0                (size_t)
	[RSP+CE0 ] 0x0                (size_t)
	[RSP+CE8 ] 0x0                (size_t)
	[RSP+CF0 ] 0x0                (size_t)
	[RSP+CF8 ] 0x0                (size_t)
	[RSP+D00 ] 0x0                (size_t)
	[RSP+D08 ] 0x0                (size_t)
	[RSP+D10 ] 0x0                (size_t)
	[RSP+D18 ] 0x0                (size_t)
	[RSP+D20 ] 0x0                (size_t)
	[RSP+D28 ] 0x0                (size_t)
	[RSP+D30 ] 0x0                (size_t)
	[RSP+D38 ] 0x0                (size_t)
	[RSP+D40 ] 0x0                (size_t)
	[RSP+D48 ] 0x0                (size_t)
	[RSP+D50 ] 0x0                (size_t)
	[RSP+D58 ] 0x0                (size_t)
	[RSP+D60 ] 0x0                (size_t)
	[RSP+D68 ] 0x0                (size_t)
	[RSP+D70 ] 0x0                (size_t)
	[RSP+D78 ] 0x0                (size_t)
	[RSP+D80 ] 0x0                (size_t)
	[RSP+D88 ] 0x0                (size_t)
	[RSP+D90 ] 0x0                (size_t)
	[RSP+D98 ] 0x0                (size_t)
	[RSP+DA0 ] 0x0                (size_t)
	[RSP+DA8 ] 0x0                (size_t)
	[RSP+DB0 ] 0x0                (size_t)
	[RSP+DB8 ] 0x0                (size_t)
	[RSP+DC0 ] 0x0                (size_t)
	[RSP+DC8 ] 0x0                (size_t)
	[RSP+DD0 ] 0x0                (size_t)
	[RSP+DD8 ] 0x0                (size_t)
	[RSP+DE0 ] 0x0                (size_t)
	[RSP+DE8 ] 0x0                (size_t)
	[RSP+DF0 ] 0x0                (size_t)
	[RSP+DF8 ] 0x0                (size_t)
	[RSP+E00 ] 0x0                (size_t)
	[RSP+E08 ] 0x0                (size_t)
	[RSP+E10 ] 0x0                (size_t)
	[RSP+E18 ] 0x0                (size_t)
	[RSP+E20 ] 0x0                (size_t)
	[RSP+E28 ] 0x0                (size_t)
	[RSP+E30 ] 0x0                (size_t)
	[RSP+E38 ] 0x0                (size_t)
	[RSP+E40 ] 0x0                (size_t)
	[RSP+E48 ] 0x0                (size_t)
	[RSP+E50 ] 0x0                (size_t)
	[RSP+E58 ] 0x0                (size_t)
	[RSP+E60 ] 0x0                (size_t)
	[RSP+E68 ] 0x0                (size_t)
	[RSP+E70 ] 0x0                (size_t)
	[RSP+E78 ] 0x0                (size_t)
	[RSP+E80 ] 0x0                (size_t)
	[RSP+E88 ] 0x0                (size_t)
	[RSP+E90 ] 0x0                (size_t)
	[RSP+E98 ] 0x0                (size_t)
	[RSP+EA0 ] 0x0                (size_t)
	[RSP+EA8 ] 0x0                (size_t)
	[RSP+EB0 ] 0x0                (size_t)
	[RSP+EB8 ] 0x0                (size_t)
	[RSP+EC0 ] 0x0                (size_t)
	[RSP+EC8 ] 0x0                (size_t)
	[RSP+ED0 ] 0x0                (size_t)
	[RSP+ED8 ] 0x0                (size_t)
	[RSP+EE0 ] 0x0                (size_t)
	[RSP+EE8 ] 0x0                (size_t)
	[RSP+EF0 ] 0x0                (size_t)
	[RSP+EF8 ] 0x0                (size_t)
	[RSP+F00 ] 0x0                (size_t)
	[RSP+F08 ] 0x0                (size_t)
	[RSP+F10 ] 0x0                (size_t)
	[RSP+F18 ] 0x0                (size_t)
	[RSP+F20 ] 0x0                (size_t)
	[RSP+F28 ] 0x0                (size_t)
	[RSP+F30 ] 0x0                (size_t)
	[RSP+F38 ] 0x0                (size_t)
	[RSP+F40 ] 0x0                (size_t)
	[RSP+F48 ] 0x0                (size_t)
	[RSP+F50 ] 0x0                (size_t)
	[RSP+F58 ] 0x0                (size_t)
	[RSP+F60 ] 0x0                (size_t)
	[RSP+F68 ] 0x0                (size_t)
	[RSP+F70 ] 0x0                (size_t)
	[RSP+F78 ] 0x0                (size_t)
	[RSP+F80 ] 0x0                (size_t)
	[RSP+F88 ] 0x0                (size_t)
	[RSP+F90 ] 0x0                (size_t)
	[RSP+F98 ] 0x0                (size_t)
	[RSP+FA0 ] 0x0                (size_t)
	[RSP+FA8 ] 0x0                (size_t)
	[RSP+FB0 ] 0x0                (size_t)
	[RSP+FB8 ] 0x0                (size_t)
	[RSP+FC0 ] 0x0                (size_t)
	[RSP+FC8 ] 0x0                (size_t)
	[RSP+FD0 ] 0x0                (size_t)
	[RSP+FD8 ] 0x0                (size_t)
	[RSP+FE0 ] 0x0                (size_t)
	[RSP+FE8 ] 0x0                (size_t)
	[RSP+FF0 ] 0x0                (size_t)
	[RSP+FF8 ] 0x0                (size_t)
	[RSP+1000] 0x0                (size_t)
	[RSP+1008] 0x0                (size_t)
	[RSP+1010] 0x0                (size_t)
	[RSP+1018] 0x0                (size_t)
	[RSP+1020] 0x0                (size_t)
	[RSP+1028] 0x0                (size_t)
	[RSP+1030] 0x0                (size_t)
	[RSP+1038] 0x0                (size_t)
	[RSP+1040] 0x0                (size_t)
	[RSP+1048] 0x0                (size_t)
	[RSP+1050] 0x0                (size_t)
	[RSP+1058] 0x0                (size_t)
	[RSP+1060] 0x0                (size_t)
	[RSP+1068] 0x0                (size_t)
	[RSP+1070] 0x0                (size_t)
	[RSP+1078] 0x0                (size_t)
	[RSP+1080] 0x0                (size_t)
	[RSP+1088] 0x0                (size_t)
	[RSP+1090] 0x0                (size_t)
	[RSP+1098] 0x0                (size_t)
	[RSP+10A0] 0x0                (size_t)
	[RSP+10A8] 0x0                (size_t)
	[RSP+10B0] 0x0                (size_t)
	[RSP+10B8] 0x0                (size_t)
	[RSP+10C0] 0x0                (size_t)
	[RSP+10C8] 0x0                (size_t)
	[RSP+10D0] 0x0                (size_t)
	[RSP+10D8] 0x0                (size_t)
	[RSP+10E0] 0x0                (size_t)
	[RSP+10E8] 0x0                (size_t)
	[RSP+10F0] 0x0                (size_t)
	[RSP+10F8] 0x0                (size_t)
	[RSP+1100] 0x0                (size_t)
	[RSP+1108] 0x0                (size_t)
	[RSP+1110] 0x0                (size_t)
	[RSP+1118] 0x0                (size_t)
	[RSP+1120] 0x0                (size_t)
	[RSP+1128] 0x0                (size_t)
	[RSP+1130] 0x0                (size_t)
	[RSP+1138] 0x0                (size_t)
	[RSP+1140] 0x0                (size_t)
	[RSP+1148] 0x0                (size_t)
	[RSP+1150] 0x0                (size_t)
	[RSP+1158] 0x0                (size_t)
	[RSP+1160] 0x0                (size_t)
	[RSP+1168] 0x0                (size_t)
	[RSP+1170] 0x0                (size_t)
	[RSP+1178] 0x0                (size_t)
	[RSP+1180] 0x0                (size_t)
	[RSP+1188] 0x0                (size_t)
	[RSP+1190] 0x0                (size_t)
	[RSP+1198] 0x0                (size_t)
	[RSP+11A0] 0x0                (size_t)
	[RSP+11A8] 0x0                (size_t)
	[RSP+11B0] 0x0                (size_t)
	[RSP+11B8] 0x0                (size_t)
	[RSP+11C0] 0x0                (size_t)
	[RSP+11C8] 0x0                (size_t)
	[RSP+11D0] 0x0                (size_t)
	[RSP+11D8] 0x0                (size_t)
	[RSP+11E0] 0x0                (size_t)
	[RSP+11E8] 0x0                (size_t)
	[RSP+11F0] 0x0                (size_t)
	[RSP+11F8] 0x0                (size_t)
	[RSP+1200] 0x0                (size_t)
	[RSP+1208] 0x0                (size_t)
	[RSP+1210] 0x0                (size_t)
	[RSP+1218] 0x0                (size_t)
	[RSP+1220] 0x0                (size_t)
	[RSP+1228] 0x0                (size_t)
	[RSP+1230] 0x0                (size_t)
	[RSP+1238] 0x0                (size_t)
	[RSP+1240] 0x0                (size_t)
	[RSP+1248] 0x0                (size_t)
	[RSP+1250] 0x0                (size_t)
	[RSP+1258] 0x0                (size_t)
	[RSP+1260] 0x0                (size_t)
	[RSP+1268] 0x0                (size_t)
	[RSP+1270] 0x0                (size_t)
	[RSP+1278] 0x0                (size_t)
	[RSP+1280] 0x0                (size_t)
	[RSP+1288] 0x0                (size_t)
	[RSP+1290] 0x0                (size_t)
	[RSP+1298] 0x0                (size_t)
	[RSP+12A0] 0x0                (size_t)
	[RSP+12A8] 0x0                (size_t)
	[RSP+12B0] 0x0                (size_t)
	[RSP+12B8] 0x0                (size_t)
	[RSP+12C0] 0x0                (size_t)
	[RSP+12C8] 0x0                (size_t)
	[RSP+12D0] 0x0                (size_t)
	[RSP+12D8] 0x0                (size_t)
	[RSP+12E0] 0x0                (size_t)
	[RSP+12E8] 0x0                (size_t)
	[RSP+12F0] 0x0                (size_t)
	[RSP+12F8] 0x0                (size_t)
	[RSP+1300] 0x0                (size_t)
	[RSP+1308] 0x0                (size_t)
	[RSP+1310] 0x0                (size_t)
	[RSP+1318] 0x0                (size_t)
	[RSP+1320] 0x0                (size_t)
	[RSP+1328] 0x0                (size_t)
	[RSP+1330] 0x0                (size_t)
	[RSP+1338] 0x0                (size_t)
	[RSP+1340] 0x0                (size_t)
	[RSP+1348] 0x0                (size_t)
	[RSP+1350] 0x0                (size_t)
	[RSP+1358] 0x0                (size_t)
	[RSP+1360] 0x0                (size_t)
	[RSP+1368] 0x0                (size_t)
	[RSP+1370] 0x0                (size_t)
	[RSP+1378] 0x0                (size_t)
	[RSP+1380] 0x0                (size_t)
	[RSP+1388] 0x0                (size_t)
	[RSP+1390] 0x0                (size_t)
	[RSP+1398] 0x0                (size_t)
	[RSP+13A0] 0x0                (size_t)
	[RSP+13A8] 0x0                (size_t)
	[RSP+13B0] 0x0                (size_t)
	[RSP+13B8] 0x0                (size_t)
	[RSP+13C0] 0x0                (size_t)
	[RSP+13C8] 0x0                (size_t)

MODULES:
	XINPUT1_3.dll                      0x000000400000
	X3DAudio1_7.dll                    0x0000549E0000
	steam_api64.dll                    0x0000549F0000
	LL_fourPlay_1_10_163.dll           0x000180000000
	BackportedBA2Support.dll           0x0237EF320000
	wintrust.dll                       0x0238E9280000
	gpapi.dll                          0x0238E9C20000
	Fallout4.exe                       0x7FF77F5A0000
	NvCamera64.dll                     0x7FFB31730000
	steamclient64.dll                  0x7FFB31FA0000
	XAudio2_7.dll                      0x7FFB33B60000
	d3dcompiler_47_64.dll              0x7FFB33BF0000
	gameoverlayrenderer64.dll          0x7FFB34000000
	XDI.dll                            0x7FFB341A0000
	wsfw_identifier.dll                0x7FFB34210000
	vertibird_jump.dll                 0x7FFB34310000
	transfer_settlements.dll           0x7FFB34360000
	terminal+.dll                      0x7FFB34630000
	SUP_F4SE.dll                       0x7FFB34780000
	ScreenArcherMenu.dll               0x7FFB349B0000
	SAF.dll                            0x7FFB34B50000
	RobCo_Patcher.dll                  0x7FFB34CC0000
	TIM.dll                            0x7FFB34F20000
	rename_anything.dll                0x7FFB34F80000
	PRKF.dll                           0x7FFB34FD0000
	PowerGridTools.dll                 0x7FFB35060000
	po3_SpellPerkItemDistributorF4.dll 0x7FFB350D0000
	po3_BaseObjectSwapperF4.dll        0x7FFB351E0000
	place.dll                          0x7FFB352F0000
	NVIDIA_Reflex.dll                  0x7FFB35370000
	modify_frequency.dll               0x7FFB35440000
	MODExplorer.dll                    0x7FFB35530000
	mcm.dll                            0x7FFB355B0000
	LighthousePapyrusExtender.dll      0x7FFB35650000
	Interior-NavCut-Fix.dll            0x7FFB35770000
	HighFPSPhysicsFix.dll              0x7FFB357C0000
	HHS.dll                            0x7FFB35850000
	GCBugFix.dll                       0x7FFB358F0000
	GardenOfEdenPapyrusExtender.dll    0x7FFB35950000
	F4z Ro D'oh.dll                    0x7FFB35C00000
	f4pm.dll                           0x7FFB35C70000
	f4ee.dll                           0x7FFB35CE0000
	ClassicHolsteredWeapons.dll        0x7FFB35DF0000
	BulletCountedReload.dll            0x7FFB35EA0000
	Buffout4.dll                       0x7FFB35F30000
	BakaScrapHeap.dll                  0x7FFB36290000
	BakaMaxPapyrusOps.dll              0x7FFB36480000
	BakaFramework.dll                  0x7FFB36530000
	crafting_highlight_fix.dll         0x7FFB36760000
	f4se_1_10_163.dll                  0x7FFB37470000
	vstdlib_s64.dll                    0x7FFB37550000
	tier0_s64.dll                      0x7FFB37610000
	flexRelease_x64.dll                0x7FFB377B0000
	GFSDK_SSAO_D3D11.win64.dll         0x7FFB39BA0000
	cbp.dll                            0x7FFB3E240000
	MSVCR110.dll                       0x7FFB3E2B0000
	MSVCP110.dll                       0x7FFB3E390000
	DSOUND.DLL                         0x7FFB44820000
	nvspcap64.dll                      0x7FFB56C90000
	AutomatronDisassembler.dll         0x7FFB5B2D0000
	nvppex.dll                         0x7FFB5F7F0000
	usvfs_x64.dll                      0x7FFB60E90000
	cudart64_75.dll                    0x7FFB61BB0000
	atcuf64.dll                        0x7FFB65200000
	bdhkm64.dll                        0x7FFB653C0000
	bink2w64.dll                       0x7FFB66690000
	PriorityMod.dll                    0x7FFB66D20000
	f4se_steam_loader.dll              0x7FFB67930000
	GFSDK_GodraysLib.x64.dll           0x7FFB67D90000
	DINPUT8.dll                        0x7FFB67E20000
	MessageBus.dll                     0x7FFB75570000
	MSVCP140.dll                       0x7FFB79060000
	VCRUNTIME140_1.dll                 0x7FFB79150000
	VCRUNTIME140.dll                   0x7FFB79160000
	CONCRT140.dll                      0x7FFB7B040000
	inputhost.dll                      0x7FFB804F0000
	textinputframework.dll             0x7FFB80CB0000
	Windows.UI.dll                     0x7FFB81320000
	WININET.dll                        0x7FFB824A0000
	dbgcore.DLL                        0x7FFB831E0000
	nvwgf2umx.dll                      0x7FFB88220000
	COMCTL32.dll                       0x7FFB8C3B0000
	gdiplus.dll                        0x7FFB8C650000
	NvMessageBus.dll                   0x7FFB8E8B0000
	flexExtRelease_x64.dll             0x7FFB8F5A0000
	WeaponDebrisCrashFix.dll           0x7FFB8F790000
	winmmbase.dll                      0x7FFB907B0000
	SprintStutteringFix.dll            0x7FFB91F00000
	mskeyprotect.dll                   0x7FFB92040000
	ncryptsslp.dll                     0x7FFB928A0000
	amsi.dll                           0x7FFB93440000
	nvapi64.dll                        0x7FFB93610000
	nvgpucomp64.dll                    0x7FFB945B0000
	nvldumdx.dll                       0x7FFB969F0000
	dxcore.dll                         0x7FFB99A40000
	Secur32.dll                        0x7FFB99F00000
	wbemsvc.dll                        0x7FFB99FE0000
	fastprox.dll                       0x7FFB9A510000
	rasadhlp.dll                       0x7FFB9CA10000
	wbemcomn.dll                       0x7FFB9CA40000
	fwpuclnt.dll                       0x7FFB9CC00000
	wbemprox.dll                       0x7FFB9CC80000
	drvstore.dll                       0x7FFB9CCA0000
	webio.dll                          0x7FFB9CFD0000
	VERSION.dll                        0x7FFB9D990000
	WindowManagementAPI.dll            0x7FFB9D9E0000
	twinapi.appcore.dll                0x7FFB9E980000
	WINHTTP.dll                        0x7FFB9EDC0000
	libdiskCacheEnabler.dll            0x7FFB9FA60000
	cryptnet.dll                       0x7FFB9FB50000
	MMDevApi.dll                       0x7FFB9FFC0000
	dhcpcsvc.DLL                       0x7FFBA0050000
	dhcpcsvc6.DLL                      0x7FFBA0110000
	AUDIOSES.DLL                       0x7FFBA0380000
	WINNSI.DLL                         0x7FFBA0690000
	avrt.dll                           0x7FFBA0C20000
	WINMM.dll                          0x7FFBA14E0000
	d3d11.dll                          0x7FFBA1FE0000
	dcomp.dll                          0x7FFBA2850000
	CoreUIComponents.dll               0x7FFBA3020000
	CoreMessaging.dll                  0x7FFBA33B0000
	XINPUT9_1_0.dll                    0x7FFBA36F0000
	nvToolsExt64_1.dll                 0x7FFBA3700000
	wintypes.dll                       0x7FFBA3840000
	apphelp.dll                        0x7FFBA3F30000
	PROPSYS.dll                        0x7FFBA4330000
	WindowsCodecs.dll                  0x7FFBA47D0000
	uxtheme.dll                        0x7FFBA49E0000
	resourcepolicyclient.dll           0x7FFBA4AC0000
	dwmapi.dll                         0x7FFBA4CF0000
	dbghelp.dll                        0x7FFBA5170000
	windows.storage.dll                0x7FFBA5380000
	HID.DLL                            0x7FFBA5B20000
	kernel.appcore.dll                 0x7FFBA5B30000
	dxgi.dll                           0x7FFBA5B80000
	schannel.DLL                       0x7FFBA6260000
	rsaenh.dll                         0x7FFBA6350000
	ntmarta.dll                        0x7FFBA6470000
	IPHLPAPI.DLL                       0x7FFBA6710000
	DNSAPI.dll                         0x7FFBA6750000
	UMPDC.dll                          0x7FFBA6980000
	POWRPROF.dll                       0x7FFBA69A0000
	MSWSOCK.dll                        0x7FFBA6AA0000
	CRYPTBASE.DLL                      0x7FFBA6C90000
	CRYPTSP.dll                        0x7FFBA6CA0000
	Wldp.dll                           0x7FFBA6D40000
	NTASN1.dll                         0x7FFBA6D70000
	ncrypt.dll                         0x7FFBA6DB0000
	msasn1.dll                         0x7FFBA6ED0000
	devobj.dll                         0x7FFBA70A0000
	DPAPI.DLL                          0x7FFBA7100000
	SSPICLI.DLL                        0x7FFBA71C0000
	profapi.dll                        0x7FFBA7250000
	win32u.dll                         0x7FFBA7390000
	bcrypt.dll                         0x7FFBA73C0000
	ucrtbase.dll                       0x7FFBA73F0000
	bcryptPrimitives.dll               0x7FFBA74F0000
	KERNELBASE.dll                     0x7FFBA7630000
	CRYPT32.dll                        0x7FFBA7930000
	msvcp_win.dll                      0x7FFBA7A90000
	cfgmgr32.dll                       0x7FFBA7B30000
	gdi32full.dll                      0x7FFBA7B80000
	MSCTF.dll                          0x7FFBA7CA0000
	imagehlp.dll                       0x7FFBA7E40000
	clbcatq.dll                        0x7FFBA7E60000
	RPCRT4.dll                         0x7FFBA7F10000
	IMM32.DLL                          0x7FFBA8040000
	PSAPI.DLL                          0x7FFBA8160000
	msvcrt.dll                         0x7FFBA81D0000
	SHCORE.dll                         0x7FFBA8270000
	ADVAPI32.dll                       0x7FFBA8320000
	NSI.dll                            0x7FFBA83D0000
	WS2_32.dll                         0x7FFBA8590000
	COMDLG32.dll                       0x7FFBA8600000
	SETUPAPI.dll                       0x7FFBA86E0000
	sechost.dll                        0x7FFBA8B50000
	SHELL32.dll                        0x7FFBA8BF0000
	shlwapi.dll                        0x7FFBA9370000
	OLEAUT32.dll                       0x7FFBA93D0000
	KERNEL32.DLL                       0x7FFBA9500000
	GDI32.dll                          0x7FFBA95D0000
	USER32.dll                         0x7FFBA9600000
	combase.dll                        0x7FFBA97A0000
	ole32.dll                          0x7FFBA9B00000
	ntdll.dll                          0x7FFBA9C70000

F4SE PLUGINS:
	AutomatronDisassembler.dll
	BackportedBA2Support.dll v1
	BakaFramework.dll v1.8
	BakaMaxPapyrusOps.dll v1.1
	BakaScrapHeap.dll v1.3
	Buffout4.dll v1.28.6
	BulletCountedReload.dll
	cbp.dll
	ClassicHolsteredWeapons.dll
	crafting_highlight_fix.dll
	f4ee.dll
	f4pm.dll
	F4z Ro D'oh.dll v0.2.4.406
	GardenOfEdenPapyrusExtender.dll v18.4
	GCBugFix.dll v1
	HHS.dll
	HighFPSPhysicsFix.dll
	Interior-NavCut-Fix.dll v1.0.3
	libdiskCacheEnabler.dll
	LighthousePapyrusExtender.dll v1.4
	LL_fourPlay_1_10_163.dll
	mcm.dll
	MODExplorer.dll
	modify_frequency.dll
	NVIDIA_Reflex.dll v1
	place.dll
	po3_BaseObjectSwapperF4.dll v1
	po3_SpellPerkItemDistributorF4.dll v2
	PowerGridTools.dll
	PriorityMod.dll
	PRKF.dll
	rename_anything.dll
	RobCo_Patcher.dll v3.6
	SAF.dll
	ScreenArcherMenu.dll
	SprintStutteringFix.dll
	SUP_F4SE.dll
	terminal+.dll
	TIM.dll
	transfer_settlements.dll
	vertibird_jump.dll
	WeaponDebrisCrashFix.dll
	wsfw_identifier.dll
	XDI.dll

PLUGINS:
	[00]     Fallout4.esm
	[01]     DLCRobot.esm
	[02]     DLCworkshop01.esm
	[03]     DLCCoast.esm
	[04]     DLCworkshop02.esm
	[05]     DLCworkshop03.esm
	[06]     DLCNukaWorld.esm
	[07]     Unofficial Fallout 4 Patch.esp
	[08]     XDI.esm
	[09]     WorkshopFramework.esm
	[0A]     HUDFramework.esm
	[0B]     TheRooftops.esm
	[0C]     YouAndWhatArmy2.esm
	[0D]     FWR.esm
	[0E]     ChuckYufarleyCollection.esm
	[0F]     TortureDevices.esm
	[10]     Devious Devices.esm
	[11]     GasCanisterFix.esp
	[12]     AnubisRace.esp
	[13]     Games.esm
	[14]     BarstoolGames.esm
	[15]     TrueStormsFO4.esm
	[16]     Loads.esm
	[17]     TacticalReload.esm
	[18]     Homemaker.esm
	[19]     OP_Workshop.esp
	[1A]     CROP.esm
	[1B]     CWSS Redux.esp
	[1C]     VotWMaster.esm
	[1D]     AAF.esm
	[1E]     CROSS_CosmeticFramework.esm
	[1F]     KziitdFetishToolset.esm
	[20]     Servitron.esm
	[21]     Desperados Overhaul.esp
	[22]     Scopes.esp
	[23]     FO4Hotkeys.esp
	[24]     castle-01.esp
	[25]     PrydwenOverhaul2.esp
	[26]     sunshine.esp
	[27]     OutcastsAndRemnants.esp
	[28]     SlaversCamp.esp
	[29]     coastal-cottage-clean-01.esp
	[2A]     Crimsomrider's Croup Manor Renewal.esp
	[2B]     GreentopIsClean.esp
	[2C]     FLORA - The Fungal Forest.esp
	[2D]     AnimatedCandles.esp
	[2E]     Wasteland Illumination.esp
	[2F]     RW9 LZ Commonwealth.esp
	[30]     Depravity.esp
	[31]     Stm_DiamondCityExpansion.esp
	[32]     Build High - Expanded Settlements.esp
	[33]     The ClockTower.esp
	[34]     Eli_Armour_Compendium.esp
	[35]     CrimeTown.esp
	[36]     AA FusionCityRising.esp
	[37]     ZaZOut4.esp
	[38]     Crazy_Animation_Rugs.esp
	[39]     W.A.T.Minutemen.esp
	[3A]     UpToNoGood.esp
	[3B]     ALOOT_Better_CPS.esp
	[3C]     Eli_Chestnut Lodge DLC.esp
	[3D]     CheatTerminal.esp
	[3E]     VotWStarlightDriveIn.esp
	[3F]     LR_APCTransport.esp
	[40]     Snappy_HouseK.esp
	[41]     ProtectronPodOverhaulWithLights.esp
	[42]     Backpacks of the Commonwealth.esp
	[43]     g2m_Workshop_Nexus.esp
	[44]     MilitarizedMinutemen.esp
	[45]     functionalobjects_vanilla.esp
	[46]     EroticArt.esp
	[47]     cVc Dead Wasteland 6.esp
	[48]     LR_APCNukaWorldExspansion.esp
	[49]     WIPAG_Power Armor Overhaul.esp
	[4A]     powerarmort49.esp
	[4B]     NAC.esp
	[4C]     MisriahArmory.esp
	[4D]     ProjectValkyrie.esp
	[4E]     borderlandsvending.esp
	[4F]     Machine Vending.esp
	[50]     LR_APCFarHarborExspansion.esp
	[51]     LOZ_MasterSword.esp
	[52]     MjolnirMKVB.esp
	[53]     RealHandcuffs.esp
	[54]     Devious Devices Addon - High Heels Sound.esp
	[55]     ZebrinasWorkshopDevices.esp
	[56]     EroticArt - Expanded.esp
	[57]     CWCreateABot.esp
	[58]     See You Sleep CW editon - Beta.esp
	[59]     TCSsoundtrack.esp
	[5A]     WheelMenu.esp
	[5B]     Animated Drinking.esp
	[5C]     HiPolyFaces.esp
	[5D]     ATaAH - Dave's Poses v2.1 compatibility patch.esp
	[5E]     The Eyes Of Beauty.esp
	[5F]     AzarPonytailHairstyles.esp
	[60]     KSHairdos.esp
	[61]     KSHairdos_oel.esp
	[62]     KSHairsFemsheppingRadbeetle.esp
	[63]     PIP-Pad.esp
	[64]     LooksMenu.esp
	[65]     TBOS-AntoHairPack.esp
	[66]     NAC-NW.esp
	[67]     NAC-FH.esp
	[68]     Elite Infiltration.esp
	[69]     Radio_Olivia_Overnight.esp
	[6A]     JetfuelRadio.esp
	[6B]     OWR_OWT.esp
	[6C]     CombatStripLite.esp
	[6D]     ESPExplorerFO4.esp
	[6E]     [mde]_Hotchpotch.esp
	[6F]     AAF_BadEnd_Animations.esp
	[70]     BarstoolGames_NW.esp
	[71]     BarstoolGames_FH.esp
	[72]     OWR_TT.esp
	[73]     Custom Comic Framework.esp
	[74]     battletech.esp
	[75]     GR001-AutomatronRebooted.esp
	[76]     Gary.esp
	[77]     Live Action Handy - With GlowMap.esp
	[78]     TacticalReloadVanilla.esp
	[79]     TacticalReloadDLC.esp
	[7A]     TinaDeLucaSettlerVoiced.esp
	[7B]     3dscopes.esp
	[7C]     combatworkbenchrobot.esp
	[7D]     WestTekTacticalOptics.esp
	[7E]     FotC-DiamondCityEdition.esp
	[7F]     BetterCompanions.esp
	[80]     BetterSettlers.esp
	[81]     Nexus_PMC.esp
	[82]     PMC_extended.esp
	[83]     FotC-SharedResources.esp
	[84]     FotC-DC-VariedDCGuardsPatch.esp
	[85]     Hot Mama Murphy.esp
	[86]     PIP-Pad_LMCC.esp
	[87]     Realidad Crafting.esp
	[88]     NukaRadBans.esp
	[89]     AutoDoors.esp
	[8A]     TransferSettlements.esp
	[8B]     NukaWorldVassalsRemainAllies.esp
	[8C]     Settlement_Markers.esp
	[8D]     SettlementMenuManager.esp
	[8E]     K9TacticalHarness.esp
	[8F]     Gunner_Operator.esp
	[90]     AccessibleBackpacks.esp
	[91]     Clothes Pack 6 by DonEb14n.esp
	[92]     DX_Harley_Quinn_Outfit.esp
	[93]     DX_Vault_111_Outfit.esp
	[94]     FOLON - LugerP08.esp
	[95]     Infinite Armory.esp
	[96]     Misriah_FlashlightFix.esp
	[97]     Rakshasa Armory.esp
	[98]     BasementLiving.esp
	[99]     Snappy_DLC03.esp
	[9A]     Snappy_HouseK-AutodoorsPatch.esp
	[9B]     OP_Workshop_Category.esp
	[9C]     KURO.esp
	[9D]     CRX.esp
	[9E]     OCDecorator.esp
	[9F]     OCDecoratorDLC.esp
	[A0]     SSEX.esp
	[A1]     SettleObjExpandPack.esp
	[A2]     SettleObjExpandPack-AutoDoorsPatch.esp
	[A3]     CompactCrafting.esp
	[A4]     AmmoDisplay.esp
	[A5]     GrafsSecurityFencesNoMenu.esp
	[A6]     Northland Diggers New.esp
	[A7]     Crimsomrider's Unique Furniture.esp
	[A8]     GruffyddsSignsAndPosters.esp
	[A9]     NimroutConstructableFlags.esp
	[AA]     Sandbag Fortifications - Version 2C.esp
	[AB]     Summer Roses.esp
	[AC]     NorthlandDiggers-SummerRoses.esp
	[AD]     vicatsVideos_05.esp
	[AE]     BBVid Holotapes.esp
	[AF]     glo.esp
	[B0]     disncla1DriveIn_05.esp
	[B1]     disncla1Videos_05.esp
	[B2]     Emily Grey Reels.esp
	[B3]     Emily Grey Holotapes.esp
	[B4]     ExoticVideosVol1.esp
	[B5]     Games.esp
	[B6]     Lupe Fuentes Holotapes.esp
	[B7]     GoodOldCartoonsBonus.esp
	[B8]     vicatsDriveIn_05.esp
	[B9]     MoToonsVOL1.esp
	[BA]     ShadAnimations.esp
	[BB]     ShadAnimationsDI.esp
	[BC]     Lupe Fuentes Reels.esp
	[BD]     miakhalifaDriveIn_05.esp
	[BE]     miakhalifaVideos_05.esp
	[BF]     NukaWorld.esp
	[C0]     tbladc.esp
	[C1]     VOTW - Sinner.esp
	[C2]     Prisoner Shackles.esp
	[C3]     SlaveTattoos.esp
	[C4]     THPoses.esp
	[C5]     AAF_AutonomyEnhanced.esp
	[C6]     AAF_CreaturePack01.esp
	[C7]     AAF_CreaturePack02DLC.esp
	[C8]     AAF_GrayAnimations.esp
	[C9]     AAF_Spectators.esp
	[CA]     Vadermania[AAF_anims].esp
	[CB]     AAFMorningSexWithLover.esp
	[CC]     Atomic Lust.esp
	[CD]     BraveAnims.esp
	[CE]     Crazy_Animations_Gun.esp
	[CF]     CumOverlays.esp
	[D0]     dcc-bp-lol.esp
	[D1]     Farelle_Animations.esp
	[D2]     FO4_AnimationsByLeito.esp
	[D3]     FPAttributes.esp
	[D4]     Mutated Lust.esp
	[D5]     Rufgt's Animations.esp
	[D6]     rxl_bp70_animations.esp
	[D7]     SavageCabbage_Animations.esp
	[D8]     Any_Terminal_at_Any_Height.esp
	[D9]     YouAreSPECIAL.esp
	[DA]     CustomCamera.esp
	[DB]     DCRE.esp
	[DC]     AnimChemRedux.esp
	[DD]     ClassicBehemoth.esp
	[DE]     Skibs-223PistolRedux.esp
	[DF]     PlayerVoiceFrequencySlider.esp
	[E0]     DWT_Cricket_and_Guards.esp
	[E1]     ExpandedGagDialogue.esp
	[E2]     Headcrab_Bunny_nonAWKCR.esp
	[E3]     CROSS_Uni_Scarf.esp
	[E4]     Eli_Sleeveless Outfits.esp
	[E5]     Just Business.esp
	[E6]     Rogg DD Items Manager.esp
	[E7]     SimplisticTent.esp
	[E8]     BLUE WATM-MilM Patch.esp
	[E9]     ImprovedMinutemen.esp
	[EA]     Extra_Tracks_Freedom.esp
	[EB]     MilitarisedMinutemen_PatchesAddon.esp
	[EC]     EFF.esp
	[ED]     WoodReduxHD.esp
	[EE]     Publick Occurrences Expanded.esp
	[EF]     SANCTUARY Village.esp
	[F0]     Tri-Companion 2 Cait.esp
	[F1]     ZeX-BodyGen.esp
	[F2]     FusionGirl.esp
	[F3]     CombatZoneRestored.esp
	[F4]     PlayerComments.esp
	[F5]     PlayerComments_UFO4P_Patch.esp
	[F6]     PlayerComments_CZRPatch.esp
	[F7]     StartMeUp.esp
	[F8]     PlayerCommentsStartMeUpPatch.esp
	[F9]     StartMeUpNukaWorldPatch.esp
	[FA]     PlayerCommentsStartMeUpPiperFix.esp
	[FB]     FIS-Naming-Weap-Armo-EN.esp
	[FE:000] ccbgsfo4045-advarccab.esl
	[FE:001] ccfsvfo4003-slocum.esl
	[FE:002] cckgjfo4001-bastion.esl
	[FE:003] MTM-NukaTownEastArchwayFix.esl
	[FE:004] BakaFramework.esm
	[FE:005] BarnacleRemover.esl
	[FE:006] PPF.esm
	[FE:007] No More Fucking Birds.esl
	[FE:008] SSTForestFungusDelit.esl
	[FE:009] RoadsidePinesSettlement.esl
	[FE:00A] Airport_Glass_Transparency_Fix.esl
	[FE:00B] Fixed_Rexford.esl
	[FE:00C] VALENTINE.esl
	[FE:00D] HoloTapeDisplays.esl
	[FE:00E] DiamondCityAmbience.esl
	[FE:00F] BusMod.esl
	[FE:010] BuildableRafts.esl
	[FE:011] Immortal Cats 2.esl
	[FE:012] UnownedTrash.esl
	[FE:013] Teddies76.esl
	[FE:014] CROSS_MojaveManhunter.esl
	[FE:015] Geckos.esl
	[FE:016] Climb_The_Commonwealth.esl
	[FE:017] RecruitRaiders.esl
	[FE:018] Boston Airport Backdoor Buttons.esl
	[FE:019] VCM_LibrarySupportPlugin_F-ESL.esl
	[FE:01A] DoorsNotWalls.esl
	[FE:01B] DaltonFarm-NoTrapBarnacles.esl
	[FE:01C] Balconies.esl
	[FE:01D] HZS NavMesh Fixer.esl
	[FE:01E] PCDugBuildAWall.esl
	[FE:01F] NaiRaeCozyScavver.esl
	[FE:020] CWYaoGuai.esl
	[FE:021] RRShutters.esl
	[FE:022] T65PA.esl
	[FE:023] RecruitPhyllis.esl
	[FE:024] RedShiftPowerArmor.esl
	[FE:025] RecruitKat.esl
	[FE:026] ClassicSuperSledge.esl
	[FE:027] ImmersiveTeleportation.esl
	[FE:028] FixRobotVisualEffects.esl
	[FE:029] Journal.esl
	[FE:02A] Insignificant Object Remover.esl
	[FE:02B] PainTrainShoulderBashAnimationInCombat.esl
	[FE:02C] IceStorms Poses.esl
	[FE:02D] JNFA.esl
	[FE:02E] NoDialogueAutoRotAndForcedPos.esl
	[FE:02F] Vault88LODReset.esl
	[FE:030] Quick_Modification_Weapon_by_tooun.esl
	[FE:031] NISTRONHDColorSystem.esl
	[FE:032] CanarySaveFileMonitor.esl
	[FE:033] MSCCMRD.esl
	[FE:034] NoNakedComment.esl
	[FE:035] BodyTalk3-RaiderNormalsFix.esl
	[FE:036] HiPolyFacesCompanionPlugin.esl
	[FE:037] Wetness Shader Fix.esl
	[FE:038] PowerArmorIntercomVoice.esl
	[FE:039] HCKTerminalHack.esl
	[FE:03A] GRTH.esl
	[FE:03B] NoAffinityCooldown.esl
	[FE:03C] NoNegativeAffinity.esl
	[FE:03D] Fireflies.esl
	[FE:03E] IllumBillboardsCustomReplacer-All In One Billboards.esl
	[FE:03F] RadioactiveSignsAIO.esl
	[FE:040] IllumBillboardsCustomPosterReplacer-AIO.esl
	[FE:041] Military Vehicles Retextured.esl
	[FE:042] Natural Bundle Bunker Set.esl
	[FE:043] Natural Bundle Cave Set.esl
	[FE:044] Natural Bundle Masonry Set.esl
	[FE:045] Natural Bundle Submarine Set.esl
	[FE:046] zElevatorLights.esl
	[FE:047] SSTNoSmolderingTurrets.esl
	[FE:048] Sinking Bodies.esl
	[FE:049] Hot and Horny Wastelands Posters.esl
	[FE:04A] AutomatronMiniLibertyPrime.esl
	[FE:04B] ASBv2.esl
	[FE:04C] Misc Robot Parts.esl
	[FE:04D] Assaultron Combatron.esl
	[FE:04E] AutomatronClaptrap.esl
	[FE:04F] AutomatronDisassembler.esl
	[FE:050] MT_AutomatronVoices.esl
	[FE:051] AutomatronProtectedFix.esl
	[FE:052] AutomatronSecuritron.esl
	[FE:053] AutomatronWheelLegs.esl
	[FE:054] Dlx_assaultron.esl
	[FE:055] MoreRobotVoices.esl
	[FE:056] STBB.esl
	[FE:057] Stronger Behemoth.esl
	[FE:058] PreWar_Rabbit_Replacer.esl
	[FE:059] Immortal Cats - Cat Meat to Cat Food.esl
	[FE:05A] NerfedGhouls.esl
	[FE:05B] Mors Sit Anywhere.esl
	[FE:05C] Munitions - An Ammo Expansion.esl
	[FE:05D] Munitions - Vanilla Ammo Addon.esl
	[FE:05E] NoHumanoidDecaps.esl
	[FE:05F] LoweredJetpakAPDrain.esl
	[FE:060] BetterVertibirdMinigun300.esl
	[FE:061] DropQuestItems.esl
	[FE:062] hercules.esl
	[FE:063] Adamantium Skeleton Improved - No Falling Damage.esl
	[FE:064] Eli_ToolsDontScrap.esl
	[FE:065] 3rd Weapon Lowering Speed 1.00.esl
	[FE:066] Cinematic Reloads.esm
	[FE:067] CleanInstitute.esl
	[FE:068] BusStopLighting.esl
	[FE:069] Player_No_Longer_Rudely_Interrupting_Dialogue_v0.1.esl
	[FE:06A] RaiderQueensLegendaryFaceRevamps.esl
	[FE:06B] NotAllGunsAreImpressive.esl
	[FE:06C] Settler Sandbox Overhaul.esl
	[FE:06D] More NPCs Sandbox Expansion.esl
	[FE:06E] Multiple Floors Sandboxing.esl
	[FE:06F] ProvisionersRelax.esl
	[FE:070] VeryRichMerchants.esl
	[FE:071] HellcatPA.esl
	[FE:072] TrashCompactor.esl
	[FE:073] FreeTimeForSettlers.esl
	[FE:074] UniversalDisassembler.esl
	[FE:075] SKKSettlementAttackSystem.esl
	[FE:076] NB_BudgetLimitRemover.esl
	[FE:077] DoorsWithDoorbells.esl
	[FE:078] Snapgasm.esl
	[FE:079] RecruitVirgil.esl
	[FE:07A] Settlement infinite outside border time.esl
	[FE:07B] Quieter Settlements - Recommended Settings.esl
	[FE:07C] BrighterSettlementLights_LongAndSoft.esl
	[FE:07D] NPSShopping.esl
	[FE:07E] nmbsuc.esl
	[FE:07F] MultipleMarkerBeds_Replacer.esl
	[FE:080] FitnessAtSettlements.esl
	[FE:081] vault_door_fixed.esl
	[FE:082] MultipleMarkerBeds.esl
	[FE:083] SettlersAsHairdressers.esl
	[FE:084] PhoropterUsable.esl
	[FE:085] CROSS_VertibirdFlightsuit.esl
	[FE:086] K-Girl Shoes.esl
	[FE:087] choker.esl
	[FE:088] Straw_ComfyBoots.esl
	[FE:089] nbCap.esl
	[FE:08A] CROSS_BrotherhoodRecon.esl
	[FE:08B] Jinga Closet 2.esl
	[FE:08C] RR Dark Secret Outfit.esl
	[FE:08D] VaultOutfitPack.esl
	[FE:08E] LedImport_ElegantJeans.esl
	[FE:08F] RR Street PE Outfits.esl
	[FE:090] TheKite_ScoopDigger.esl
	[FE:091] Straw_Shemagh.esl
	[FE:092] ClassicUnarmedPack.esl
	[FE:093] SelectBlaster.esl
	[FE:094] Holy Hand Grenade Standalone.esl
	[FE:095] h3minigun.esl
	[FE:096] UNSCFlags.esl
	[FE:097] BetterGenerators.esl
	[FE:098] SLR.esl
	[FE:099] ClimbableLadders.esl
	[FE:09A] ConnectableTelephonePoles - ConstrOnly.esl
	[FE:09B] HighTechElevatorAIO.esl
	[FE:09C] InsElevator.esl
	[FE:09D] Floorsroofswalls.esl
	[FE:09E] RadiationProtectorESL.esl
	[FE:09F] VltElevatorDLC.esl
	[FE:0A0] Passthrough.esl
	[FE:0A1] Generator Fusebox - More realistic version.esl
	[FE:0A2] Ladder.esl
	[FE:0A3] hologramtable.esl
	[FE:0A4] Laptop.esl
	[FE:0A5] MoreDoghouses.esl
	[FE:0A6] SmartRecruitmentBeacon.esl
	[FE:0A7] NewLights.esl
	[FE:0A8] NewWalls.esl
	[FE:0A9] SmallFences.esl
	[FE:0AA] SolarSensorSwitch.esl
	[FE:0AB] WIND FARMS.esl
	[FE:0AC] Eli_FFH2023.esl
	[FE:0AD] PMWorkshopPack.esl
	[FE:0AE] AdvSettleTurretSet.esl
	[FE:0AF] NewPADisplay.esl
	[FE:0B0] CharGenFurnitures.esl
	[FE:0B1] EvilViking13_MinutemenMorale.esl
	[FE:0B2] Cozy Beds.esl
	[FE:0B3] Better Settlement Defence.esl
	[FE:0B4] Billboards.esl
	[FE:0B5] BuildableBurningCampfires.esl
	[FE:0B6] MamaMurphyFurniture.esl
	[FE:0B7] CleanDoghouse.esl
	[FE:0B8] evan_modular kitchen.esl
	[FE:0B9] Wells.esl
	[FE:0BA] PoliceSherifftable.esl
	[FE:0BB] DogBed.esl
	[FE:0BC] PunchingBag.esl
	[FE:0BD] RentableBeds.esl
	[FE:0BE] EsmeraldaColourfulRugsSet.esl
	[FE:0BF] ShackShops.esl
	[FE:0C0] SettlerSpawner.esl
	[FE:0C1] Grounded.esl
	[FE:0C2] HoloDisplay.esl
	[FE:0C3] Water Tower.esl
	[FE:0C4] NewBeds.esl
	[FE:0C5] NuclearNaughtiesPaintings_AIO.esl
	[FE:0C6] ShootingTarget.esl
	[FE:0C7] Placeable Dog Bowls.esl
	[FE:0C8] rev216.esl
	[FE:0C9] SiingleBobbleheadStand.esl
	[FE:0CA] SteamMistFogConstr.esl
	[FE:0CB] toddcard2k.esl
	[FE:0CC] TurretSpotLight-mod-v01.esl
	[FE:0CD] WastelandGuardShacks.esl
	[FE:0CE] VotWSpecialVideos.esl
	[FE:0CF] VotWTheatre.esl
	[FE:0D0] F4MS.esl
	[FE:0D1] TRX_St_VaultGirl.esl
	[FE:0D2] AAFThemes.esl
	[FE:0D3] Bememoth Separated Cart.esl
	[FE:0D4] dpjetandxcell.esl
	[FE:0D5] dppsychoandmedx.esl
	[FE:0D6] KaoruSquishyDog01.esl
	[FE:0D7] KaoruMonobloc01.esl
	[FE:0D8] EquippableMechArm.esl
	[FE:0D9] FrenchMaidFO4-CBBEPhysics.esl
	[FE:0DA] KaoruDomoBackpack01.esl
	[FE:0DB] Fixed Gobo Effects.esp
	[FE:0DC] Search&DestroyFixed.esp
	[FE:0DD] DiamondCityBillboards.esp
	[FE:0DE] PiperCaitCurieDialogueOverhaul.esp
	[FE:0DF] WeirdMattressFix.esp
	[FE:0E0] BADLANDS 2 Landscape.esp
	[FE:0E1] FirstPersonMessagesMerged.esp
	[FE:0E2] SaveManager.esp
	[FE:0E3] SarcasticLoadingScreens.esp
	[FE:0E4] PhotoMode.esp
	[FE:0E5] FO4HHS_AAF.esp
	[FE:0E6] HoloTime_2.esp
	[FE:0E7] JamaicaPlainExpansion.esp
	[FE:0E8] EasyRiderCleanRoads2point0c.esp
	[FE:0E9] DO - Glowing Sea and Misc.esp
	[FE:0EA] Jamaica.esp
	[FE:0EB] Clean and Simple - Spectacle Island Startup.esp
	[FE:0EC] Region Names on Save Files.esp
	[FE:0ED] Clean and Simple - Starlight Drive In Startup.esp
	[FE:0EE] WarwickOverhaul.esp
	[FE:0EF] RailroadRedone.esp
	[FE:0F0] OAR_CELL.esp
	[FE:0F1] Cutlasspost.esp
	[FE:0F2] ForestGroveWaterLock.esp
	[FE:0F3] Ownership Fixes.esp
	[FE:0F4] Clean and Simple - Abernathy Startup.esp
	[FE:0F5] BuildWithPurpose.esp
	[FE:0F6] Airport_Glass_Transparency_Fix.esp
	[FE:0F7] FaceLight.esp
	[FE:0F8] virgil.esp
	[FE:0F9] V88-Light_And_Tunnel_Mod.esp
	[FE:0FA] BetterCoastalWaves.esp
	[FE:0FB] BostonAirportRepaired.esp
	[FE:0FC] RW9 LZ Patch.esp
	[FE:0FD] cleaninstitutereactor.esp
	[FE:0FE] DiamondCityExpansion-eXoPatch.esp
	[FE:0FF] Reverb and Ambiance Overhaul.esp
	[FE:100] LOST Audio Tweaks.esp
	[FE:101] Dalek.esp
	[FE:102] Cyberman.esp
	[FE:103] Somerville Place.esp
	[FE:104] Crimsomrider's Taffington Boathouse.esp
	[FE:105] County Crossing.esp
	[FE:106] sdak-fork-mega-crane.esp
	[FE:107] WeightlessMods.esp
	[FE:108] WeaponModFixes-GOTY.esp
	[FE:109] WeightlessJunk.esp
	[FE:10A] TrainBar.esp
	[FE:10B] Tenpines Bluff.esp
	[FE:10C] EasyCitySettlement.esp
	[FE:10D] AbernathyFarmOverhaul v1.0.esp
	[FE:10E] YAWA2_DO_Patch.esp
	[FE:10F] Eli_Faction Housing Overhaul - Institute.esp
	[FE:110] DeadlierDeathclaws.esp
	[FE:111] Rebuilt_HomePlate.esp
	[FE:112] Lowered Drawbridges.esp
	[FE:113] PRP - Better Coastal Waves.esp
	[FE:114] WhoIsTheGeneral.esp
	[FE:115] highwaysfix.esp
	[FE:116] Oberland Station.esp
	[FE:117] NukaRDC.esp
	[FE:118] Goodneighbor Loft.esp
	[FE:119] CutlassPRE.esp
	[FE:11A] Fog Remover II (AIO) - Interior Fog Remover.esp
	[FE:11B] NightstrikerCreatureMod.esp
	[FE:11C] WeightlessAid.esp
	[FE:11D] STBBrewing.esp
	[FE:11E] CourserJAVELIN.esp
	[FE:11F] W.A.T.Minutemen-eXoPatch.esp
	[FE:120] Vault88ExitToJamaicaPlain.esp
	[FE:121] Zetan.esp
	[FE:122] Lore Notes.esp
	[FE:123] JSN_NunsErotic_WorldArtandWorkshop.esp
	[FE:124] SovietPowerArmor.esp
	[FE:125] kudemborotmantis.esp
	[FE:126] Nuka World Bottle Fix.esp
	[FE:127] DrugEffects.esp
	[FE:128] GoodneighborView.esp
	[FE:129] Dank_ECO.esp
	[FE:12A] TrainPowerArmor.esp
	[FE:12B] Desperados Overhaul Fixes.esp
	[FE:12C] CorvalhoWidowShotgun.esp
	[FE:12D] Keeper of the Commonwealth Radiants.esp
	[FE:12E] FPVertibird.esp
	[FE:12F] TheEagleJetpackSeries.esp
	[FE:130] MakeYourOwnSynths.esp
	[FE:131] CastleToIslandMonorail.esp
	[FE:132] CastleToIslandMonorail_NavMeshPatch.esp
	[FE:133] Eli_RV DC Home.esp
	[FE:134] GoBoard.esp
	[FE:135] CrimeTown[Previsibines].esp
	[FE:136] Diamond City - Player Homes.esp
	[FE:137] RequestTimeAIO.esp
	[FE:138] CCOVulgarVillainsReplacer.esp
	[FE:139] CCOCheekyCasualsReplacer.esp
	[FE:13A] HHFootsteps.esp
	[FE:13B] V88Improvements.esp
	[FE:13C] Treehouses.esp
	[FE:13D] RailroadMoreExits.esp
	[FE:13E] VR_LOD_Workaround.esp
	[FE:13F] a111_DeuceIGPoses_SitAnimation.esp
	[FE:140] a111_Icestormng_Sleeping_Animations.esp
	[FE:141] ImmersiveAnimationFramework.esp
	[FE:142] IAF - Far Harbor & Nuka World.esp
	[FE:143] OMEGA - Slocum IAF Patch.esp
	[FE:144] Nability - IAF Fusion City Rising Patch.esp
	[FE:145] Nability - IAF Outcasts And Remnants Patch.esp
	[FE:146] SAKCameraPassive.esp
	[FE:147] AutomatronRobotHatFixESLVersion.esp
	[FE:148] NoCombatMusicLoop.esp
	[FE:149] DLCCoast_WorkshopDialogue_Doctor.esp
	[FE:14A] ConduitsCeiling.esp
	[FE:14B] cryofix.esp
	[FE:14C] CryoSpellFix.esp
	[FE:14D] Third Person Movement Speed Fix.esp
	[FE:14E] Perception Bug Fix Redux.esp
	[FE:14F] OverbossPA-Headlamp.esp
	[FE:150] RustyFaceFixRedux.esp
	[FE:151] TeslaModsFix.esp
	[FE:152] Scrounger DLC Fix.esp
	[FE:153] WeaponRackFixes-NukaWorld.esp
	[FE:154] Idiot Slut.esp
	[FE:155] NoteRacks.esp
	[FE:156] Better_Notes.esp
	[FE:157] ScreenArcherMenu.esp
	[FE:158] SunLightAlignment.esp
	[FE:159] GoodneighborView_BetterGoodneighbor_Patch.esp
	[FE:15A] HandmadeLeverActionSG.esp
	[FE:15B] TerrainUndersides.esp
	[FE:15C] SkipKelloggMemories.esp
	[FE:15D] No Hurrying Dialogue Comments MCM Version.esp
	[FE:15E] alcoholshelf.esp
	[FE:15F] Aigni_BarberSurgery_Camera.esp
	[FE:160] Lots More Female Hairstyles.esp
	[FE:161] JackalCourserLoredump.esp
	[FE:162] Ghouls Revamped.esp
	[FE:163] EyesoftheUniverse.esp
	[FE:164] Ellie Remake Vanilla hair.esp
	[FE:165] hathairaio.esp
	[FE:166] Hoodless Scribe Hat.esp
	[FE:167] LookingStranger.esp
	[FE:168] Lots More Facial Hair.esp
	[FE:169] Lots More Male Hairstyles.esp
	[FE:16A] SF Gage.esp
	[FE:16B] LookingStranger-PorterGage.esp
	[FE:16C] Realistic Crippled Limbs Effects Basic.esp
	[FE:16D] LooksMenu Customization Compendium.esp
	[FE:16E] LooksMirror.esp
	[FE:16F] MiscHairstyle.esp
	[FE:170] VHCE.esp
	[FE:171] Swans Pond Test Fix.esp
	[FE:172] sandycastle.esp
	[FE:173] TrueStormsFO4-FarHarbor.esp
	[FE:174] TrueStormsFO4-NukaWorld-FH-Compat.esp
	[FE:175] Nac-TrueStormsFHPatch.esp
	[FE:176] ts_desert.esp
	[FE:177] DonnyKowalskiNewHome.esp
	[FE:178] SkyrimInspiredPowerArmor.esp
	[FE:179] CityAmbience.esp
	[FE:17A] BarefootFootstepExtended.esp
	[FE:17B] Elzee Cough.esp
	[FE:17C] Elzee Car Alarm.esp
	[FE:17D] Higher Voice For Curie - Type A3.esp
	[FE:17E] CagebreakerPowerArmor.esp
	[FE:17F] AK74M.esp
	[FE:180] (SKI-NotDave) P-5 Power Armor.esp
	[FE:181] RB_ProtonAxe.esp
	[FE:182] (Tumba) Gunner Power Armor.esp
	[FE:183] CMC.esp
	[FE:184] LAT Expansion Announcements.esp
	[FE:185] Louder Workshop Radio + NukaWorld.esp
	[FE:186] Meleebangs.esp
	[FE:187] STARCORES.esp
	[FE:188] PRP-Hotfix.esp
	[FE:189] OP_Workbench.esp
	[FE:18A] BusMod_OnR.esp
	[FE:18B] ExcavatorPA.esp
	[FE:18C] T-51C Power Armor.esp
	[FE:18D] More_Vehicles01.esp
	[FE:18E] KaoruNeonNights.esp
	[FE:18F] KaoruParasol01.esp
	[FE:190] KaoruShayDecor01.esp
	[FE:191] AkaWaterWorld.esp
	[FE:192] CROSS_BreakActionLaser.esp
	[FE:193] Dank_ECO_DisablePlacedItems.esp
	[FE:194] (SKI-Tumba) Heavy Shotgun.esp
	[FE:195] DiamondCityAutoClose.esp
	[FE:196] Physics Sound Overhaul.esp
	[FE:197] Project Reality Footsteps FO4.esp
	[FE:198] LAT RAO - Olivia Overnight Patch.esp
	[FE:199] LAT RAO - JetfuelRadio Patch.esp
	[FE:19A] Stimpaks help you breathe.esp
	[FE:19B] SuperMutantBruteVoices.esp
	[FE:19C] EasyHacking.esp
	[FE:19D] dusty_fooddrinks.esp
	[FE:19E] Weightless Bodies and Objects.esp
	[FE:19F] Bubbler.esp
	[FE:1A0] CR-TrainBar_Candles.esp
	[FE:1A1] The Post Apocalypse Trailer.esp
	[FE:1A2] Thoreaus_cabin_fixed.esp
	[FE:1A3] InoueRockstarFurniture01.esp
	[FE:1A4] RoninsVaultPieces.esp
	[FE:1A5] BuildTreehouse.esp
	[FE:1A6] Hamed Bridge.esp
	[FE:1A7] ChuckYufarley_BarracksSet.esp
	[FE:1A8] ChuckYufarley_GreenhouseSet.esp
	[FE:1A9] Cho1-Workshop-Framework-stuff.esp
	[FE:1AA] cVc Dead Wasteland 6 DLC.esp
	[FE:1AB] cVc Dead Wasteland 6 DLC2.esp
	[FE:1AC] cVc Dead Wasteland 6 DLC3.esp
	[FE:1AD] Computer Console illuminated Part 2.esp
	[FE:1AE] Computer Console illuminated.esp
	[FE:1AF] desperados_sandshop.esp
	[FE:1B0] TrueGrass.esp
	[FE:1B1] BADLANDS 2 GRASSES.esp
	[FE:1B2] Eli_Immersive Coffee Mod 9000 GTX French Roast.esp
	[FE:1B3] dustyBL_food.esp
	[FE:1B4] dustyDO_fooddrinks.esp
	[FE:1B5] Traffic Lights illuminated.esp
	[FE:1B6] Gnat-Free Commonwealth.esp
	[FE:1B7] MM Shelter.esp
	[FE:1B8] Wet Effects.esp
	[FE:1B9] workingslotmachine.esp
	[FE:1BA] TrueStormsFO4-GlowingSeaExtraRads.esp
	[FE:1BB] No Turret Invulnerability 90.esp
	[FE:1BC] PicselsSpicyPeriodicals.esp
	[FE:1BD] Disable Enemy Killmove.esp
	[FE:1BE] Hananahs_Adult_Textures.esp
	[FE:1BF] Hot and Horny Wastelands Billboards.esp
	[FE:1C0] InoueNoodleBoxes01.esp
	[FE:1C1] Melee Impact Overhaul.esp
	[FE:1C2] MM Brotherhood.esp
	[FE:1C3] NACskintonefix.esp
	[FE:1C4] NeoClassicNukaCola.esp
	[FE:1C5] OP_SSCoffeeCup.esp
	[FE:1C6] Paintings Straight.esp
	[FE:1C7] PD_LowerWeapon.esp
	[FE:1C8] Realistic melee range.esp
	[FE:1C9] Prismatic - Laser Colors by Diranar.esp
	[FE:1CA] Prismatic - Laser Colors Institute by Diranar.esp
	[FE:1CB] TrueStormsFO4-FarHarborExtraRads.esp
	[FE:1CC] AutomatronSDTank.esp
	[FE:1CD] AEWS.esp
	[FE:1CE] AEWS_NukaWorldPatch.esp
	[FE:1CF] ASmallMAMA.esp
	[FE:1D0] Fleshsmith.esp
	[FE:1D1] RobotMilitaryPaint.esp
	[FE:1D2] MAID_by_Justice.esp
	[FE:1D3] Assaultron Junk Parts.esp
	[FE:1D4] JezebelComp.esp
	[FE:1D5] AutomatronPrewarPaints.esp
	[FE:1D6] battletechfootstep.esp
	[FE:1D7] Battlemech_MAID.esp
	[FE:1D8] RobotFactionPaint.esp
	[FE:1D9] Misc Robot Weapons.esp
	[FE:1DA] ModdableRobotSettlers.esp
	[FE:1DB] InstituteBotLasers.esp
	[FE:1DC] VaultTechRobotPaint.esp
	[FE:1DD] R97R Camo Robot Skins.esp
	[FE:1DE] Robot Merge.esp
	[FE:1DF] 40K_Necron_Weapons_and_More.esp
	[FE:1E0] DogmeatsManyFacesNewVegasEdition.esp
	[FE:1E1] Anti-Phobia-Insects-Arachnids-0.3.esp
	[FE:1E2] Anti-Phobia-Insects-Arachnids-Nuka-World-0.1.esp
	[FE:1E3] VLPad.esp
	[FE:1E4] BusMod-VISG.esp
	[FE:1E5] Coyotes.esp
	[FE:1E6] Docile Radstags.esp
	[FE:1E7] FPVBoSPilot.esp
	[FE:1E8] FPV_Armored.esp
	[FE:1E9] FPVTrackingModule.esp
	[FE:1EA] FPVPilotCommands.esp
	[FE:1EB] FPVRings.esp
	[FE:1EC] Gary_RadRoach_Replacer.esp
	[FE:1ED] GLXRM - Classic Deathclaws Standalone.esp
	[FE:1EE] Necron.esp
	[FE:1EF] NecronWeaponsV2.esp
	[FE:1F0] No Mirelurk Hatchlings.esp
	[FE:1F1] PAVertibirdDockFix.esp
	[FE:1F2] PAVertibirdNoFSTFix.esp
	[FE:1F3] vb_doublespeed.esp
	[FE:1F4] VertibirdBeacon.esp
	[FE:1F5] Loads of Ammo - Leveled Lists.esp
	[FE:1F6] Elzee Have a Seat.esp
	[FE:1F7] Smoke-able Cigars.esp
	[FE:1F8] Locksmith.esp
	[FE:1F9] USP .45_by_tooun.esp
	[FE:1FA] DragAnything.esp
	[FE:1FB] No Aggro Impact Landing.esp
	[FE:1FC] Esk_NoTeleportingCreatures.esp
	[FE:1FD] Nuka-World No Forced Preston Hatred.esp
	[FE:1FE] Realistic Crippled Limbs Effects LMCC Patch.esp
	[FE:1FF] Better Chems.esp
	[FE:200] TakeCover.esp
	[FE:201] WeightlessSpecialAmmo.esp
	[FE:202] Chemfluence AI Combat Dynamics.esp
	[FE:203] EvilInstituteHD2K.esp
	[FE:204] Stm_DiamondCityExpansion_x_LowerVolume.esp
	[FE:205] MS06f_Jetpack.esp
	[FE:206] CROSS_Jetpack.esp
	[FE:207] CREF-BoSKnightCaptainCade.esp
	[FE:208] Alias.esp
	[FE:209] Alias - SuperMutants.esp
	[FE:20A] Alias - Settler.esp
	[FE:20B] Alias - Robot.esp
	[FE:20C] Alias - Brotherhood.esp
	[FE:20D] CREF-BoSProctorQuinlan.esp
	[FE:20E] ChildrenOfAtomFace.esp
	[FE:20F] curiecurie8.esp
	[FE:210] CompanionCarryWeightModifications.esp
	[FE:211] CREF-BoSProctorIngram.esp
	[FE:212] CREF-BoSScribeNeriah.esp
	[FE:213] CREF-Cathy.esp
	[FE:214] CREF-Fahrenheit.esp
	[FE:215] CREF-Polly.esp
	[FE:216] CREF-Geneva.esp
	[FE:217] CREF-MoeCronin.esp
	[FE:218] CREF-Solomon.esp
	[FE:219] CREF-V81_BobbyDeLuca-vanilla.esp
	[FE:21A] CREF-V81_GwenMcNamara.esp
	[FE:21B] CREF-V81_HoltCombes.esp
	[FE:21C] CREF-V81_Horatio.esp
	[FE:21D] CREF-V81_JacobForsythe.esp
	[FE:21E] GKKessler.1995C.esp
	[FE:21F] CREF-V81_KatherinePinn.esp
	[FE:220] CREF-V81_MariaSummerset.esp
	[FE:221] CREF-V81_MarkSummerset.esp
	[FE:222] CREF-V81_MirandaSong.esp
	[FE:223] CREF-V81_Rachel.esp
	[FE:224] Cute Rylee.esp
	[FE:225] BetterSettlersCleanFacePack.esp
	[FE:226] Fractured Marcy_Make-up.esp
	[FE:227] DogmeatNoGender.esp
	[FE:228] FemX6.esp
	[FE:229] CROSS_InstituteExpeditionarySuit.esp
	[FE:22A] CROSS_CourserStrigidae.esp
	[FE:22B] Look At Me IE.esp
	[FE:22C] Female DC Security.esp
	[FE:22D] FalloutEmotions.esp
	[FE:22E] FemaleHumanVirgil.esp
	[FE:22F] CROSS_CoA.esp
	[FE:230] Look At Me GE.esp
	[FE:231] SF MacCready.esp
	[FE:232] Fractured Blake.esp
	[FE:233] Fractured Jun.esp
	[FE:234] Fractured Lucy.esp
	[FE:235] GKChase.esp
	[FE:236] GKGlory.esp
	[FE:237] Guards.esp
	[FE:238] HotMamaBoSB.esp
	[FE:239] HotMamaBoSSquires.esp
	[FE:23A] Khajiis_Disciple_Looks_01.esp
	[FE:23B] SF FredAllen.esp
	[FE:23C] TheDogsperience.esp
	[FE:23D] PopDogmeatPadfoot.esp
	[FE:23E] SF OldLongfellow.esp
	[FE:23F] SF Triggermen.esp
	[FE:240] NPCs Use Items.esp
	[FE:241] More Hair for Children 2.esp
	[FE:242] VaultTecRepIsAPersonTaggedESL.esp
	[FE:243] Actually Viable Power Armor Punching.esp
	[FE:244] combat_PA.esp
	[FE:245] DoomEngine.esp
	[FE:246] ExplosiveVent_Knockdown.esp
	[FE:247] Vault-Tec Power Armor by NewerMind43 & Captain-Ultima.esp
	[FE:248] PA_UnderwearPerks.esp
	[FE:249] BetterInteriorWorkshops.esp
	[FE:24A] Farming Resources.esp
	[FE:24B] UniversalDisassembler-VISG.esp
	[FE:24C] TrashCompactor-VISG.esp
	[FE:24D] SettlementPrivacy.esp
	[FE:24E] RemoveTurretPowerReq.esp
	[FE:24F] OH_Kellogg_IEX.esp
	[FE:250] DansesWearableHolotags_v01-2.esp
	[FE:251] OsareUndies.esp
	[FE:252] Converse_Shoes_FO4.esp
	[FE:253] DogmeatHelmetsAndHats.esp
	[FE:254] dogmeatscribehat.esp
	[FE:255] Socks Fashion.esp
	[FE:256] UnknownZombie_bandanaFitsK9Harness.esp
	[FE:257] BoS Suit.esp
	[FE:258] BOS Armor REDUX.esp
	[FE:259] DX_Banshee_Recon_Armor.esp
	[FE:25A] Female Tactical Armor.esp
	[FE:25B] Skeggjald Suit.esp
	[FE:25C] Vault-Tec Armor Redux - Modular Expansion & Fixes.esp
	[FE:25D] QwibLucyBag.esp
	[FE:25E] Improved - Animated Accessible Backpack.esp
	[FE:25F] CCOSilverShroudReplacer.esp
	[FE:260] TheKite_VTS.esp
	[FE:261] CCOFoxyFactionsReplacer.esp
	[FE:262] CCOSaucySettlersReplacer.esp
	[FE:263] Clothes Pack 4 by DonEb14n.esp
	[FE:264] Crimson_Punk_Outfit.esp
	[FE:265] Obi Casual Outfit.esp
	[FE:266] TheKite_Railroad_Handmaiden.esp
	[FE:267] DlxClothesPack.esp
	[FE:268] Vault-Tec Armor Redux - No SPECIAL Buffs.esp
	[FE:269] Obi's Vault Suit.esp
	[FE:26A] TCNJeans.esp
	[FE:26B] K-Girl outfits.esp
	[FE:26C] PelgarKgirls.esp
	[FE:26D] Kharneth_Slave_Clothes.esp
	[FE:26E] TheKite_HCD_SynthUniform.esp
	[FE:26F] PelgarKGirls PrewarDress Replacer.esp
	[FE:270] ObiCozyClassic.esp
	[FE:271] SOA suit.esp
	[FE:272] TheKite_CaitSet.esp
	[FE:273] TheKite_HCD_SynthUniform_Replacer.esp
	[FE:274] AD_DLC.esp
	[FE:275] AD_Homemaker_1_72_ESL_PATCH.esp
	[FE:276] BorderJunk.esp
	[FE:277] AutoDoor_BorderJunk_Patch.esp
	[FE:278] DakRevolverRifle.esp
	[FE:279] ComedyMallet.esp
	[FE:27A] CROSS_CryoLance.esp
	[FE:27B] TeddyMine.esp
	[FE:27C] FastHawk.esp
	[FE:27D] InstituteRifleDebulked.esp
	[FE:27E] M2_Flamethrower_2.2.esp
	[FE:27F] MKIIGrenadeReplacer.esp
	[FE:280] Quad_RAWLauncher.esp
	[FE:281] SESAME.esp
	[FE:282] SESAME-VISG.esp
	[FE:283] MA37_FlashlightFix.esp
	[FE:284] FWR - Stattenheim.esp
	[FE:285] FWR tune radio pipboy.esp
	[FE:286] FWR_improved_datastore_F4SE.esp
	[FE:287] FWR_Staser_replica.esp
	[FE:288] Misriah_Holstered.esp
	[FE:289] Rakshasa Armory Camo.esp
	[FE:28A] BB_BuildingBridges.esp
	[FE:28B] Elzee Gramophone.esp
	[FE:28C] BuildableTentPieces.esp
	[FE:28D] Solar Street Lamps.esp
	[FE:28E] ConduitFloors.esp
	[FE:28F] WSA_WoodenSupportAdditions.esp
	[FE:290] WorkingTableLamps.esp
	[FE:291] LongerPowerLinesInf.esp
	[FE:292] HexHomes.esp
	[FE:293] DD_All_the_COncrete.esp
	[FE:294] RRDIA.esp
	[FE:295] JCWBuilder.esp
	[FE:296] EEE.esp
	[FE:297] ImmersiveTeleportationVis.esp
	[FE:298] FancyFenceBGD00.esp
	[FE:299] pylons.esp
	[FE:29A] InstituteBuildPieces.esp
	[FE:29B] ImmersiveTeleportation_lessPower.esp
	[FE:29C] ImmersiveTeleportation_lessRads.esp
	[FE:29D] ImmersiveTeleportation_quickstart.esp
	[FE:29E] JaL.esp
	[FE:29F] MMO_MoreMetalObjects.esp
	[FE:2A0] ManufacturingExtended.esp
	[FE:2A1] ManufacturingExtendedFH.esp
	[FE:2A2] MasterworkArchitectureProject.esp
	[FE:2A3] MTM-ConstructionLights.esp
	[FE:2A4] NewShacksBGD00.esp
	[FE:2A5] NISTRONLiveSettlementMaps.esp
	[FE:2A6] NISTRONSmartHome.esp
	[FE:2A7] PipeGalore.esp
	[FE:2A8] ProjectorTerminal.esp
	[FE:2A9] Snappable Covenant Walls.esp
	[FE:2AA] SSF_SmallSlateFloor.esp
	[FE:2AB] tent.esp
	[FE:2AC] TurretStands.esp
	[FE:2AD] OP_T-wall_Type_01.esp
	[FE:2AE] OP_MilitaryTent_700x850.esp
	[FE:2AF] OP_Military_Metal_Storage.esp
	[FE:2B0] Eli_Pride2023.esp
	[FE:2B1] AkaSinger.esp
	[FE:2B2] AkaSingersWardrobe.esp
	[FE:2B3] AWARHERO Japanese Decor Pack.esp
	[FE:2B4] BusySettlers.esp
	[FE:2B5] OCDispenser.esp
	[FE:2B6] whisperExtraPieces.esp
	[FE:2B7] woodysWastelandStuff.esp
	[FE:2B8] xA_Vault88Extras.esp
	[FE:2B9] eXoMagazineShelf.esp
	[FE:2BA] NukaVimRack.esp
	[FE:2BB] AA HotC - Standalone - SE.esp
	[FE:2BC] SnapBeds.esp
	[FE:2BD] aes_FURN.esp
	[FE:2BE] aes_rendeco.esp
	[FE:2BF] dinomore.esp
	[FE:2C0] Alex_Stripper_Pole_2.esp
	[FE:2C1] nixieclock.esp
	[FE:2C2] Alex_Stripper_Pole_Working_Hours.esp
	[FE:2C3] FilledBookcasesAIO.esp
	[FE:2C4] Pride Month.esp
	[FE:2C5] BedLocker.esp
	[FE:2C6] BluesMinutemenFlagsStandalone.esp
	[FE:2C7] KLPosters.esp
	[FE:2C8] ButcherMeatRack.esp
	[FE:2C9] cabaretgirl poster.esp
	[FE:2CA] DD-Posters.esp
	[FE:2CB] cartman1975_warehouse.esp
	[FE:2CC] Fountain of Olympus.esp
	[FE:2CD] CherayeMod.esp
	[FE:2CE] Nuka-Mix_Lantern_Workshop.esp
	[FE:2CF] CleanSettlement Beds.esp
	[FE:2D0] TheScaryDoor.esp
	[FE:2D1] ConstructibleSettlementFactionGuards.esp
	[FE:2D2] Vault Cooking Stove.esp
	[FE:2D3] Vendor_Registers.esp
	[FE:2D4] WDP-PC.esp
	[FE:2D5] CROPext.esp
	[FE:2D6] DCP23_FoodSynthesizer.esp
	[FE:2D7] V's Stylish Decor2.esp
	[FE:2D8] RailRoad Signs - Settlement Decorations.esp
	[FE:2D9] MoreVaultSigns.esp
	[FE:2DA] Eli_Display Shelves.esp
	[FE:2DB] FireHydrant.esp
	[FE:2DC] Flag of Ukraine.esp
	[FE:2DD] Graffity2ElectricBoogaloo.esp
	[FE:2DE] GS&P-FactionsOther.esp
	[FE:2DF] GS&P-Community.esp
	[FE:2E0] GS&P-Entertainment.esp
	[FE:2E1] GS&P-SignsOfTheTimes.esp
	[FE:2E2] GS&P-GenericAndMiscellaneous.esp
	[FE:2E3] ToroInstaBell.esp
	[FE:2E4] GS&P-Businesses.esp
	[FE:2E5] GS&P-LawAndSafety.esp
	[FE:2E6] HighTechDesk.esp
	[FE:2E7] SinksProduceWaterHappy.esp
	[FE:2E8] KLPostersAdult.esp
	[FE:2E9] MagazineExt.esp
	[FE:2EA] Northland Diggers - Fixes.esp
	[FE:2EB] personal paintings.esp
	[FE:2EC] Simple Artillery Strikes.esp
	[FE:2ED] RealTroughs.esp
	[FE:2EE] Snappable Clutter and Display.esp
	[FE:2EF] workShopDashButton.esp
	[FE:2F0] Vault Meat Paintings.esp
	[FE:2F1] DisroberWeapons-GetNudeDamnit.esp
	[FE:2F2] DisroberWeapons-Mods.esp
	[FE:2F3] FusionCity_CELL.esp
	[FE:2F4] CleanSettlement.esp
	[FE:2F5] CleanSettlement Auto Doors Compatibility.esp
	[FE:2F6] VotWCells.esp
	[FE:2F7] KziitdAnimationPoses.esp
	[FE:2F8] a111 Daily Life Of Hookers - 3dPoses.esp
	[FE:2F9] VeryNaughtyPaintings.esp
	[FE:2FA] Hananahs_Workshop.esp
	[FE:2FB] LadyKillerBed.esp
	[FE:2FC] Vioxsis_Strap-Ons.esp
	[FE:2FD] WIPAG_ECORedux_Addon.esp
	[FE:2FE] Deathclaw_nude.esp
	[FE:2FF] ErectionFix_SilverPerv.esp
	[FE:300] PotC_FGMP.esp
	[FE:301] SMBehemoth Loincloth.esp
	[FE:302] Kaoru_Memphis_Furn01.esp
	[FE:303] KziitdFetishToolset_DD_Compatibility.esp
	[FE:304] SuperMutantFreezeFix.esp
	[FE:305] indarello_synthclampon.esp
	[FE:306] ServitronStrap.esp
	[FE:307] RZ_Boudoir.esp
	[FE:308] RealHandcuffs_DD_Servitron_Compatibility.esp
	[FE:309] RealHandcuffs_JB_Compatibility.esp
	[FE:30A] DD_hider_addon.esp
	[FE:30B] Devious Devices Face Morphs.esp
	[FE:30C] M8rDisablePipboyEffects.esp
	[FE:30D] Dank_ECO-UniversalDisassembler.esp
	[FE:30E] Dank_ECO-Munitions.esp
	[FE:30F] Dank_ECO-INNR.esp
	[FE:310] Dank_ECO_TacticalReload.esp
	[FE:311] Dank_ECO_DLCRobot.esp
	[FE:312] Dank_ECO_DLCCoast.esp
	[FE:313] Dank_ECO_DLCNukaWorld.esp
	[FE:314] Dank_ECO-Munitions_INNR_CS.esp
	[FE:315] Melee Impact Sound Fix.esp
	[FE:316] TargetPracticeDummy.esp
	[FE:317] TPD_ExtraMannequins.esp
	[FE:318] W.A.T.Minutemen-Alias.esp
	[FE:319] ImprovedMinutemenGeneralPatch.esp
	[FE:31A] ImprovedMinutemenNoPA.esp
	[FE:31B] W.A.T.Minutemen-EAC.esp
	[FE:31C] W.A.T.Minutemen-WhoIsTheGeneral.esp
	[FE:31D] Retro Aesthetics Institute.esp
	[FE:31E] WoodReduxHD-BFTDTC-Patch.esp
	[FE:31F] WoodReduxHD-InvertedTile-OptionalPatch.esp
	[FE:320] WIPAG_Vault_Tec_Addon.esp
	[FE:321] WIPAG_Storyteller_Addon.esp
	[FE:322] WIPAG_Excavator_Addon.esp
	[FE:323] WIPAG_Raider_Addon.esp
	[FE:324] WIPAG_CIS_Override.esp
	[FE:325] WIPAG_T65_Addon.esp
	[FE:326] WIPAG_Combat_Addon.esp
	[FE:327] WIPAG_Contraptions_DLC_Addon.esp
	[FE:328] WIPAG_FarHarbor_DLC_Addon.esp
	[FE:329] WIPAG_Hellcat_Addon.esp
	[FE:32A] WIPAG_NukaWorld_DLC_Addon.esp
	[FE:32B] WIPAG_RedShift_Addon (esl).esp
	[FE:32C] WIPAG_T51c_Addon.esp
	[FE:32D] GKAster.100463E.esp
	[FE:32E] GKChase.100463A.esp
	[FE:32F] GKAnneHargraves.36D6F.esp
	[FE:330] SF Companions - Paladin Danse.esp
	[FE:331] SF Companions - Paladin Danse [No Hood].esp
	[FE:332] FashionableSynthBrothers.esp
	[FE:333] SF Companions - Old Longfellow.esp
	[FE:334] (Tumba) Heavy Flamer Armor.esp
	[FE:335] RailroadHeavy.esp
	[FE:336] Tumba_Heavyshotgun_MunitionsRocketpatch.esp
	[FE:337] Tumba_Bos_Armor_Collection.esp
	[FE:338] Tumba_Bos_TheScribeReplacer.esp
	[FE:339] Tumba_Bos_GavilReplacer.esp
	[FE:33A] Tumba_Bos_SoldierReplacer.esp
	[FE:33B] Tumba_Bos_LuciaReplacer.esp
	[FE:33C] Tumba_Bos_MaxsonReplacer.esp
	[FE:33D] Tumba_Bos_HaylenReplacer.esp
	[FE:33E] Tumba_Bos_BallisticWeave.esp
	[FE:33F] Tumba_Bos_BrandisReplacer.esp
	[FE:340] Tumba_Bos_DanseReplacer.esp
	[FE:341] Tumba_Bos_NeriahReplacer.esp
	[FE:342] Tumba_Bos_NoCraftingRequirements.esp
	[FE:343] Tumba_Bos_QuinlanReplacer.esp
	[FE:344] Tumba_MM_Armor_Collection.esp
	[FE:345] Tumba_MM_AnnouncerReplacer.esp
	[FE:346] Tumba_MM_RonnieReplacer.esp
	[FE:347] Tumba_MM_LL_Injection.esp
	[FE:348] Tumba_MM_PrestonReplacer.esp
	[FE:349] Tumba_MM_BallisticWeave.esp
	[FE:34A] BetterSettlersCCAPack2.0.esp
	[FE:34B] BetterSettlersMostlyFemale.esp
	[FE:34C] BetterSettlersNoLollygagging.esp
	[FE:34D] keke-bu Magnolia.2268A_1.0.1.esp
	[FE:34E] Piper_Redone.esp
	[FE:34F] NPCInventoryManipulator.esp
	[FE:350] Publick Occurrences Expanded - DLC-SS2-UFO4P Patch.esp
	[FE:351] Vault-Tec Workshop Overhaul Redux.esp
	[FE:352] Vault88 - Essentials.esp
	[FE:353] PRP.esp
	[FE:354] PRP-Compat-DesperadosOverhaul.esp
	[FE:355] PRP-Compat-RegionNames.esp
	[FE:356] FusionCity_Previsibines.esp
	[FE:357] TheSlog_DC_F-ESL.esp
	[FE:358] OAR_Previsibines.esp
	[FE:359] DiamondCity-PreVis.esp
	[FE:35A] FallonsBasementOverhaul.esp
	[FE:35B] Minutemen Monument Light.esp
	[FE:35C] SanctuaryDrawbridge.esp
	[FE:35D] DEEPriver NoRads.esp
	[FE:35E] Clean and Simple - Red Rocket Startup.esp
