Fallout 4 v1.10.163
Buffout 4 v1.28.6

Unhandled exception "EXCEPTION_ACCESS_VIOLATION" at 0x7FF634321FC1 Fallout4.exe+0A01FC1

	[Compatibility]
		F4EE: true
	[Crashlog]
		AutoOpen: false
		PromptUpload: false
	[Fixes]
		ActorIsHostileToActor: true
		CellInit: true
		CreateD3DAndSwapChain: true
		EncounterZoneReset: true
		GreyMovies: true
		MagicEffectApplyEvent: true
		MovementPlanner: true
		PackageAllocateLocation: true
		SafeExit: true
		TESObjectREFRGetEncounterZone: true
		UnalignedLoad: true
		UtilityShader: true
	[Patches]
		Achievements: false
		ArchiveLimit: false
		BSMTAManager: true
		BSPreCulledObjects: true
		BSTextureStreamerLocalHeap: true
		HavokMemorySystem: true
		INISettingCollection: true
		InputSwitch: false
		MaxStdIO: -1
		MemoryManager: true
		MemoryManagerDebug: false
		ScaleformAllocator: true
		SmallBlockAllocator: true
		WorkshopMenu: true
	[Warnings]
		CreateTexture2D: true
		ImageSpaceAdapter: true

SYSTEM SPECS:
	OS: Microsoft Windows 10 Home v10.0.19045
	CPU: GenuineIntel 11th Gen Intel(R) Core(TM) i7-11370H @ 3.30GHz
	GPU #1: Nvidia GA104M [GeForce RTX 3070 Mobile / Max-Q]
	GPU #2: Intel TigerLake-LP GT2 [Iris Xe Graphics]
	GPU #3: Microsoft Basic Render Driver
	PHYSICAL MEMORY: 13.33 GB/15.69 GB

PROBABLE CALL STACK:
	[0] 0x7FF634321FC1 Fallout4.exe+0A01FC1 -> 841876+0x11
	[1] 0x7FF634321DEF Fallout4.exe+0A01DEF -> 962478+0xEF
	[2] 0x7FF63465CF6C Fallout4.exe+0D3CF6C -> 1525013+0x15C
	[3] 0x7FF634656A6E Fallout4.exe+0D36A6E -> 665510+0x9CE
	[4] 0x7FF634655947 Fallout4.exe+0D35947 -> 668528+0x17
	[5] 0x7FF636257157 Fallout4.exe+2937157 -> 1104651+0x143
	[6] 0x7FFBB57C7374 KERNEL32.DLL+0017374
	[7] 0x7FFBB6D5CC91    ntdll.dll+004CC91

REGISTERS:
	RAX 0x0                (size_t)
	RCX 0x7FF6393DC140     (FlatScreenModel*)
	RDX 0x66696EAC6ACEAD   (size_t)
	RBX 0x7FF6393DC140     (FlatScreenModel*)
	RSP 0x6BA21CF590       (void*)
	RBP 0x0                (size_t)
	RSI 0x1D06F73F600      (void*)
	RDI 0x1D073C15310      (char*) "B"
	R8  0xFFFFFFFF         (size_t)
	R9  0x0                (size_t)
	R10 0x4B               (size_t)
	R11 0x4C               (size_t)
	R12 0x0                (size_t)
	R13 0x0                (size_t)
	R14 0x9C0              (size_t)
	R15 0x0                (size_t)

STACK:
	[RSP+0  ] 0x0                (size_t)
	[RSP+8  ] 0x0                (size_t)
	[RSP+10 ] 0x1                (size_t)
	[RSP+18 ] 0x7FF63596B2EB     (void* -> Fallout4.exe+204B2EB)
	[RSP+20 ] 0x7FF63656A948     (void* -> Fallout4.exe+2C4A948)
	[RSP+28 ] 0x6BA21CF4B0       (char*) "meshes\Interface/Objects/HUDGlassFlat.nif"
	[RSP+30 ] 0x0                (size_t)
	[RSP+38 ] 0x9C0              (size_t)
	[RSP+40 ] 0x1D073C15310      (char*) "B"
	[RSP+48 ] 0x7FF634321DEF     (void* -> Fallout4.exe+0A01DEF)
	[RSP+50 ] 0x7FF6393DC140     (FlatScreenModel*)
	[RSP+58 ] 0x7FF6393DC140     (FlatScreenModel*)
	[RSP+60 ] 0x0                (size_t)
	[RSP+68 ] 0x7FF6393DC140     (FlatScreenModel*)
	[RSP+70 ] 0x0                (size_t)
	[RSP+78 ] 0x3D               (size_t)
	[RSP+80 ] 0x1D073C15310      (char*) "B"
	[RSP+88 ] 0x7FF63465CF6C     (void* -> Fallout4.exe+0D3CF6C)
	[RSP+90 ] 0x2                (size_t)
	[RSP+98 ] 0x6BA21CF760       (void*)
	[RSP+A0 ] 0xA                (size_t)
	[RSP+A8 ] 0xA                (size_t)
	[RSP+B0 ] 0x1D073C14950      (void*)
	[RSP+B8 ] 0xA                (size_t)
	[RSP+C0 ] 0x1D073C14950      (void*)
	[RSP+C8 ] 0x7FF634656A6E     (void* -> Fallout4.exe+0D36A6E)
	[RSP+D0 ] 0x18A4             (size_t)
	[RSP+D8 ] 0x18A4             (size_t)
	[RSP+E0 ] 0x0                (size_t)
	[RSP+E8 ] 0x0                (size_t)
	[RSP+F0 ] 0x0                (size_t)
	[RSP+F8 ] 0x1D073C10000      (void*)
	[RSP+100] 0x0                (size_t)
	[RSP+108] 0x0                (size_t)
	[RSP+110] 0x73726573555C3A43 (size_t)
	[RSP+118] 0x4F5C65646E615A5C (size_t)
	[RSP+120] 0x5C6576697244656E (size_t)
	[RSP+128] 0x746E656D75636F44 (size_t)
	[RSP+130] 0x614720794D5C736F (size_t)
	[RSP+138] 0x6C6C61465C73656D (size_t)
	[RSP+140] 0x6C61465C3474756F (size_t)
	[RSP+148] 0x6572503474756F6C (size_t)
	[RSP+150] 0x696E692E7366     (size_t)
	[RSP+158] 0x17000            (size_t)
	[RSP+160] 0x0                (size_t)
	[RSP+168] 0x7FFBB44E055B     (void* -> KERNELBASE.dll+006055B)
	[RSP+170] 0x0                (size_t)
	[RSP+178] 0x7FF636538670     (void* -> Fallout4.exe+2C18670)
	[RSP+180] 0xA95AF793DD3B     (size_t)
	[RSP+188] 0x0                (size_t)
	[RSP+190] 0x6BA21CF7E0       (void*)
	[RSP+198] 0x7FFB65F243B8     (void* -> MSVCR110.dll+00243B8)
	[RSP+1A0] 0x1D000000000      (void*)
	[RSP+1A8] 0x1D073CA0DA0      (void*)
	[RSP+1B0] 0x6BA21CF7F0       (void*)
	[RSP+1B8] 0x0                (size_t)
	[RSP+1C0] 0x4                (size_t)
	[RSP+1C8] 0x7FFB65F2432B     (void* -> MSVCR110.dll+002432B)
	[RSP+1D0] 0x6BA21CF7E0       (void*)
	[RSP+1D8] 0x7FFB41967600     (void* -> Buffout4.dll+0187600)
	[RSP+1E0] 0x1D0777AEEF0      (void*)
	[RSP+1E8] 0x301E0            (size_t)
	[RSP+1F0] 0x6BA21CF7E0       (void*)
	[RSP+1F8] 0x7FFB65F3CF7F     (void* -> MSVCR110.dll+003CF7F)
	[RSP+200] 0x1D0777AEEF0      (void*)
	[RSP+208] 0x7FFB418AE9D8     (void* -> Buffout4.dll+00CE9D8)
	[RSP+210] 0x1D0777AEEF0      (void*)
	[RSP+218] 0x7FF600000000     (size_t)
	[RSP+220] 0x0                (size_t)
	[RSP+228] 0xA                (size_t)
	[RSP+230] 0x0                (size_t)
	[RSP+238] 0x0                (size_t)
	[RSP+240] 0x0                (size_t)
	[RSP+248] 0x7FF634655947     (void* -> Fallout4.exe+0D35947)
	[RSP+250] 0x1D000000000      (void*)
	[RSP+258] 0x52814            (size_t)
	[RSP+260] 0x66E222FC         (size_t)
	[RSP+268] 0x1D073C188D9      (void*)
	[RSP+270] 0x0                (size_t)
	[RSP+278] 0x7FF636257157     (void* -> Fallout4.exe+2937157)
	[RSP+280] 0x1D073C188D8      (char*) """
	[RSP+288] 0xA                (size_t)
	[RSP+290] 0x0                (size_t)
	[RSP+298] 0xA                (size_t)
	[RSP+2A0] 0x0                (size_t)
	[RSP+2A8] 0x1D073C188D9      (void*)
	[RSP+2B0] 0x0                (size_t)
	[RSP+2B8] 0x7FFBB57C7374     (void* -> KERNEL32.DLL+0017374)
	[RSP+2C0] 0x0                (size_t)
	[RSP+2C8] 0x0                (size_t)
	[RSP+2D0] 0x0                (size_t)
	[RSP+2D8] 0x7FFB54790000     (void*)
	[RSP+2E0] 0x0                (size_t)
	[RSP+2E8] 0x7FFBB6D5CC91     (void* -> ntdll.dll+004CC91)
	[RSP+2F0] 0x0                (size_t)
	[RSP+2F8] 0x0                (size_t)
	[RSP+300] 0x0                (size_t)
	[RSP+308] 0x0                (size_t)
	[RSP+310] 0x0                (size_t)
	[RSP+318] 0x0                (size_t)
	[RSP+320] 0x547B0C5F00000000 (size_t)
	[RSP+328] 0x0                (size_t)
	[RSP+330] 0x0                (size_t)
	[RSP+338] 0x7FFBB45B32C0     (void* -> KERNELBASE.dll+01332C0)
	[RSP+340] 0x6BA21CE0C0       (void*)
	[RSP+348] 0xC0407D3E0000FFF7 (size_t)
	[RSP+350] 0x7FFBE0203E9F     (size_t)
	[RSP+358] 0x6BA21CE0C0       (void*)
	[RSP+360] 0x202              (size_t)
	[RSP+368] 0x0                (size_t)
	[RSP+370] 0x0                (size_t)
	[RSP+378] 0x0                (size_t)
	[RSP+380] 0x0                (size_t)
	[RSP+388] 0x0                (size_t)
	[RSP+390] 0x0                (size_t)
	[RSP+398] 0x0                (size_t)
	[RSP+3A0] 0x0                (size_t)
	[RSP+3A8] 0x0                (size_t)
	[RSP+3B0] 0x0                (size_t)
	[RSP+3B8] 0x0                (size_t)
	[RSP+3C0] 0x0                (size_t)
	[RSP+3C8] 0x0                (size_t)
	[RSP+3D0] 0x0                (size_t)
	[RSP+3D8] 0x0                (size_t)
	[RSP+3E0] 0x0                (size_t)
	[RSP+3E8] 0x0                (size_t)
	[RSP+3F0] 0x0                (size_t)
	[RSP+3F8] 0x0                (size_t)
	[RSP+400] 0x0                (size_t)
	[RSP+408] 0x0                (size_t)
	[RSP+410] 0x0                (size_t)
	[RSP+418] 0x0                (size_t)
	[RSP+420] 0x0                (size_t)
	[RSP+428] 0x0                (size_t)
	[RSP+430] 0x0                (size_t)
	[RSP+438] 0x0                (size_t)
	[RSP+440] 0x0                (size_t)
	[RSP+448] 0x0                (size_t)
	[RSP+450] 0x0                (size_t)
	[RSP+458] 0x0                (size_t)
	[RSP+460] 0x0                (size_t)
	[RSP+468] 0x0                (size_t)
	[RSP+470] 0x0                (size_t)
	[RSP+478] 0x0                (size_t)
	[RSP+480] 0x0                (size_t)
	[RSP+488] 0x0                (size_t)
	[RSP+490] 0x0                (size_t)
	[RSP+498] 0x0                (size_t)
	[RSP+4A0] 0x0                (size_t)
	[RSP+4A8] 0x0                (size_t)
	[RSP+4B0] 0x0                (size_t)
	[RSP+4B8] 0x0                (size_t)
	[RSP+4C0] 0x0                (size_t)
	[RSP+4C8] 0x0                (size_t)
	[RSP+4D0] 0x0                (size_t)
	[RSP+4D8] 0x0                (size_t)
	[RSP+4E0] 0x0                (size_t)
	[RSP+4E8] 0x0                (size_t)
	[RSP+4F0] 0x0                (size_t)
	[RSP+4F8] 0x0                (size_t)
	[RSP+500] 0x0                (size_t)
	[RSP+508] 0x0                (size_t)
	[RSP+510] 0x0                (size_t)
	[RSP+518] 0x0                (size_t)
	[RSP+520] 0x0                (size_t)
	[RSP+528] 0x0                (size_t)
	[RSP+530] 0x0                (size_t)
	[RSP+538] 0x0                (size_t)
	[RSP+540] 0x0                (size_t)
	[RSP+548] 0x0                (size_t)
	[RSP+550] 0x0                (size_t)
	[RSP+558] 0x0                (size_t)
	[RSP+560] 0x0                (size_t)
	[RSP+568] 0x0                (size_t)
	[RSP+570] 0x0                (size_t)
	[RSP+578] 0x0                (size_t)
	[RSP+580] 0x0                (size_t)
	[RSP+588] 0x0                (size_t)
	[RSP+590] 0x0                (size_t)
	[RSP+598] 0x0                (size_t)
	[RSP+5A0] 0x0                (size_t)
	[RSP+5A8] 0x0                (size_t)
	[RSP+5B0] 0x0                (size_t)
	[RSP+5B8] 0x0                (size_t)
	[RSP+5C0] 0x0                (size_t)
	[RSP+5C8] 0x0                (size_t)
	[RSP+5D0] 0x0                (size_t)
	[RSP+5D8] 0x0                (size_t)
	[RSP+5E0] 0x0                (size_t)
	[RSP+5E8] 0x0                (size_t)
	[RSP+5F0] 0x0                (size_t)
	[RSP+5F8] 0x0                (size_t)
	[RSP+600] 0x0                (size_t)
	[RSP+608] 0x0                (size_t)
	[RSP+610] 0x0                (size_t)
	[RSP+618] 0x0                (size_t)
	[RSP+620] 0x0                (size_t)
	[RSP+628] 0x0                (size_t)
	[RSP+630] 0x0                (size_t)
	[RSP+638] 0x0                (size_t)
	[RSP+640] 0x0                (size_t)
	[RSP+648] 0x0                (size_t)
	[RSP+650] 0x0                (size_t)
	[RSP+658] 0x0                (size_t)
	[RSP+660] 0x0                (size_t)
	[RSP+668] 0x0                (size_t)
	[RSP+670] 0x0                (size_t)
	[RSP+678] 0x0                (size_t)
	[RSP+680] 0x0                (size_t)
	[RSP+688] 0x0                (size_t)
	[RSP+690] 0x0                (size_t)
	[RSP+698] 0x0                (size_t)
	[RSP+6A0] 0x0                (size_t)
	[RSP+6A8] 0x0                (size_t)
	[RSP+6B0] 0x0                (size_t)
	[RSP+6B8] 0x0                (size_t)
	[RSP+6C0] 0x0                (size_t)
	[RSP+6C8] 0x0                (size_t)
	[RSP+6D0] 0x0                (size_t)
	[RSP+6D8] 0x0                (size_t)
	[RSP+6E0] 0x0                (size_t)
	[RSP+6E8] 0x0                (size_t)
	[RSP+6F0] 0x0                (size_t)
	[RSP+6F8] 0x0                (size_t)
	[RSP+700] 0x0                (size_t)
	[RSP+708] 0x0                (size_t)
	[RSP+710] 0x0                (size_t)
	[RSP+718] 0x0                (size_t)
	[RSP+720] 0x0                (size_t)
	[RSP+728] 0x0                (size_t)
	[RSP+730] 0x0                (size_t)
	[RSP+738] 0x0                (size_t)
	[RSP+740] 0x0                (size_t)
	[RSP+748] 0x0                (size_t)
	[RSP+750] 0x0                (size_t)
	[RSP+758] 0x0                (size_t)
	[RSP+760] 0x0                (size_t)
	[RSP+768] 0x0                (size_t)
	[RSP+770] 0x0                (size_t)
	[RSP+778] 0x0                (size_t)
	[RSP+780] 0x0                (size_t)
	[RSP+788] 0x0                (size_t)
	[RSP+790] 0x0                (size_t)
	[RSP+798] 0x0                (size_t)
	[RSP+7A0] 0x0                (size_t)
	[RSP+7A8] 0x0                (size_t)
	[RSP+7B0] 0x0                (size_t)
	[RSP+7B8] 0x0                (size_t)
	[RSP+7C0] 0x0                (size_t)
	[RSP+7C8] 0x0                (size_t)
	[RSP+7D0] 0x0                (size_t)
	[RSP+7D8] 0x0                (size_t)
	[RSP+7E0] 0x0                (size_t)
	[RSP+7E8] 0x0                (size_t)
	[RSP+7F0] 0x0                (size_t)
	[RSP+7F8] 0x0                (size_t)
	[RSP+800] 0x0                (size_t)
	[RSP+808] 0x0                (size_t)
	[RSP+810] 0x0                (size_t)
	[RSP+818] 0x0                (size_t)
	[RSP+820] 0x0                (size_t)
	[RSP+828] 0x0                (size_t)
	[RSP+830] 0x0                (size_t)
	[RSP+838] 0x0                (size_t)
	[RSP+840] 0x0                (size_t)
	[RSP+848] 0x0                (size_t)
	[RSP+850] 0x0                (size_t)
	[RSP+858] 0x0                (size_t)
	[RSP+860] 0x0                (size_t)
	[RSP+868] 0x0                (size_t)
	[RSP+870] 0x0                (size_t)
	[RSP+878] 0x0                (size_t)
	[RSP+880] 0x0                (size_t)
	[RSP+888] 0x0                (size_t)
	[RSP+890] 0x0                (size_t)
	[RSP+898] 0x0                (size_t)
	[RSP+8A0] 0x0                (size_t)
	[RSP+8A8] 0x0                (size_t)
	[RSP+8B0] 0x0                (size_t)
	[RSP+8B8] 0x0                (size_t)
	[RSP+8C0] 0x0                (size_t)
	[RSP+8C8] 0x0                (size_t)
	[RSP+8D0] 0x0                (size_t)
	[RSP+8D8] 0x0                (size_t)
	[RSP+8E0] 0x0                (size_t)
	[RSP+8E8] 0x0                (size_t)
	[RSP+8F0] 0x0                (size_t)
	[RSP+8F8] 0x0                (size_t)
	[RSP+900] 0x0                (size_t)
	[RSP+908] 0x0                (size_t)
	[RSP+910] 0x0                (size_t)
	[RSP+918] 0x0                (size_t)
	[RSP+920] 0x0                (size_t)
	[RSP+928] 0x0                (size_t)
	[RSP+930] 0x0                (size_t)
	[RSP+938] 0x0                (size_t)
	[RSP+940] 0x0                (size_t)
	[RSP+948] 0x0                (size_t)
	[RSP+950] 0x0                (size_t)
	[RSP+958] 0x0                (size_t)
	[RSP+960] 0x0                (size_t)
	[RSP+968] 0x0                (size_t)
	[RSP+970] 0x0                (size_t)
	[RSP+978] 0x0                (size_t)
	[RSP+980] 0x0                (size_t)
	[RSP+988] 0x0                (size_t)
	[RSP+990] 0x0                (size_t)
	[RSP+998] 0x0                (size_t)
	[RSP+9A0] 0x0                (size_t)
	[RSP+9A8] 0x0                (size_t)
	[RSP+9B0] 0x0                (size_t)
	[RSP+9B8] 0x0                (size_t)
	[RSP+9C0] 0x0                (size_t)
	[RSP+9C8] 0x0                (size_t)
	[RSP+9D0] 0x0                (size_t)
	[RSP+9D8] 0x0                (size_t)
	[RSP+9E0] 0x0                (size_t)
	[RSP+9E8] 0x0                (size_t)
	[RSP+9F0] 0x0                (size_t)
	[RSP+9F8] 0x0                (size_t)
	[RSP+A00] 0x0                (size_t)
	[RSP+A08] 0x0                (size_t)
	[RSP+A10] 0x0                (size_t)
	[RSP+A18] 0x0                (size_t)
	[RSP+A20] 0x0                (size_t)
	[RSP+A28] 0x0                (size_t)
	[RSP+A30] 0x0                (size_t)
	[RSP+A38] 0x0                (size_t)
	[RSP+A40] 0x0                (size_t)
	[RSP+A48] 0x0                (size_t)
	[RSP+A50] 0x0                (size_t)
	[RSP+A58] 0x0                (size_t)
	[RSP+A60] 0x0                (size_t)
	[RSP+A68] 0x0                (size_t)

MODULES:
	XINPUT1_3.dll                 0x000000400000
	X3DAudio1_7.dll               0x000067230000
	steam_api64.dll               0x000067240000
	Fallout4.exe                  0x7FF633920000
	nvppex.dll                    0x7FFB186B0000
	nvspcap64.dll                 0x7FFB18990000
	steamclient64.dll             0x7FFB3CD50000
	IPHLPAPI.DLL                  0x7FFB3FE70000
	Buffout4.dll                  0x7FFB417E0000
	tier0_s64.dll                 0x7FFB542D0000
	gameoverlayrenderer64.dll     0x7FFB54790000
	flexRelease_x64.dll           0x7FFB5AF40000
	XAudio2_7.dll                 0x7FFB657A0000
	cudart64_75.dll               0x7FFB658B0000
	GFSDK_SSAO_D3D11.win64.dll    0x7FFB65B30000
	MSVCR110.dll                  0x7FFB65F00000
	vstdlib_s64.dll               0x7FFB664F0000
	bink2w64.dll                  0x7FFB66600000
	GFSDK_GodraysLib.x64.dll      0x7FFB687D0000
	MSVCP110.dll                  0x7FFB697A0000
	VCRUNTIME140_1.dll            0x7FFB8E7C0000
	VCRUNTIME140.dll              0x7FFB8E7D0000
	MSVCP140.dll                  0x7FFB8E890000
	flexExtRelease_x64.dll        0x7FFB91400000
	OneCoreCommonProxyStub.dll    0x7FFB992D0000
	Secur32.dll                   0x7FFB999B0000
	COMCTL32.dll                  0x7FFB9A520000
	WINSPOOL.DRV                  0x7FFB9A7C0000
	MSIMG32.dll                   0x7FFB9B6C0000
	NvMessageBus.dll              0x7FFB9BCF0000
	nvwgf2umx.dll                 0x7FFB9C050000
	nvapi64.dll                   0x7FFBA0790000
	nvgpucomp64.dll               0x7FFBA21B0000
	InputHost.dll                 0x7FFBA5560000
	textinputframework.dll        0x7FFBA56C0000
	Windows.UI.dll                0x7FFBA57C0000
	nvldumdx.dll                  0x7FFBA6430000
	WINMM.dll                     0x7FFBA6710000
	dxcore.dll                    0x7FFBA69E0000
	OneCoreUAPCommonProxyStub.dll 0x7FFBA71E0000
	WindowManagementAPI.dll       0x7FFBA8190000
	drvstore.dll                  0x7FFBA87D0000
	cryptnet.dll                  0x7FFBA8920000
	VERSION.dll                   0x7FFBA8980000
	d3d11.dll                     0x7FFBA98B0000
	dcomp.dll                     0x7FFBAA580000
	CoreUIComponents.dll          0x7FFBAAC10000
	apphelp.dll                   0x7FFBAB240000
	twinapi.appcore.dll           0x7FFBAB6B0000
	MMDevApi.dll                  0x7FFBAC270000
	AUDIOSES.DLL                  0x7FFBAC550000
	CoreMessaging.dll             0x7FFBAC6E0000
	avrt.dll                      0x7FFBACAA0000
	WINHTTP.dll                   0x7FFBAD5B0000
	wintypes.dll                  0x7FFBADFB0000
	PROPSYS.dll                   0x7FFBAEA50000
	nvToolsExt64_1.dll            0x7FFBAEDB0000
	UxTheme.dll                   0x7FFBAEFE0000
	resourcepolicyclient.dll      0x7FFBAF1C0000
	dwmapi.dll                    0x7FFBAF2C0000
	windows.storage.dll           0x7FFBAF7C0000
	HID.DLL                       0x7FFBB2620000
	DbgHelp.dll                   0x7FFBB2900000
	kernel.appcore.dll            0x7FFBB2BD0000
	dxgi.dll                      0x7FFBB2D60000
	rsaenh.dll                    0x7FFBB33F0000
	ntmarta.dll                   0x7FFBB3530000
	UMPDC.dll                     0x7FFBB37B0000
	IpHlpAPI.dll                  0x7FFBB37D0000
	POWRPROF.dll                  0x7FFBB38F0000
	MSWSOCK.dll                   0x7FFBB3B40000
	CRYPTBASE.DLL                 0x7FFBB3D30000
	CRYPTSP.dll                   0x7FFBB3D40000
	Wldp.dll                      0x7FFBB3DE0000
	msasn1.dll                    0x7FFBB3F70000
	devobj.dll                    0x7FFBB4140000
	SSPICLI.DLL                   0x7FFBB4260000
	profapi.dll                   0x7FFBB42F0000
	wintrust.dll                  0x7FFBB43C0000
	cfgmgr32.dll                  0x7FFBB4430000
	KERNELBASE.dll                0x7FFBB4480000
	msvcp_win.dll                 0x7FFBB4780000
	CRYPT32.dll                   0x7FFBB4820000
	ucrtbase.dll                  0x7FFBB4980000
	bcrypt.dll                    0x7FFBB4A80000
	bcryptPrimitives.dll          0x7FFBB4AB0000
	gdi32full.dll                 0x7FFBB4B40000
	win32u.dll                    0x7FFBB4C60000
	PSAPI.DLL                     0x7FFBB4D40000
	MSCTF.dll                     0x7FFBB4DE0000
	SHELL32.dll                   0x7FFBB4F60000
	OLEAUT32.dll                  0x7FFBB56D0000
	KERNEL32.DLL                  0x7FFBB57B0000
	shcore.dll                    0x7FFBB5880000
	imagehlp.dll                  0x7FFBB5B40000
	clbcatq.dll                   0x7FFBB5B60000
	WS2_32.dll                    0x7FFBB5C10000
	SETUPAPI.dll                  0x7FFBB5D00000
	SHLWAPI.dll                   0x7FFBB6170000
	COMDLG32.dll                  0x7FFBB61D0000
	IMM32.DLL                     0x7FFBB62B0000
	USER32.dll                    0x7FFBB62E0000
	RPCRT4.dll                    0x7FFBB64F0000
	msvcrt.dll                    0x7FFBB6620000
	sechost.dll                   0x7FFBB66C0000
	GDI32.dll                     0x7FFBB6760000
	ADVAPI32.dll                  0x7FFBB6790000
	ole32.dll                     0x7FFBB6840000
	combase.dll                   0x7FFBB6970000
	ntdll.dll                     0x7FFBB6D10000

F4SE PLUGINS:
	Buffout4.dll v1.28.6

PLUGINS:
