Fallout 4 v1.10.163
Buffout 4 v1.26.2

Unhandled exception "EXCEPTION_ACCESS_VIOLATION" at 0x7FF68D2E7EEF Fallout4.exe+05B7EEF

	[Compatibility]
		F4EE: false
	[Fixes]
		ActorIsHostileToActor: true
		CellInit: true
		CreateD3DAndSwapChain: true
		EncounterZoneReset: true
		GreyMovies: true
		MagicEffectApplyEvent: true
		MovementPlanner: true
		PackageAllocateLocation: true
		SafeExit: true
		TESObjectREFRGetEncounterZone: true
		UnalignedLoad: true
		UtilityShader: true
	[Patches]
		Achievements: true
		BSMTAManager: true
		BSPreCulledObjects: true
		BSTextureStreamerLocalHeap: true
		HavokMemorySystem: true
		INISettingCollection: true
		InputSwitch: false
		MaxStdIO: -1
		MemoryManager: true
		MemoryManagerDebug: false
		ScaleformAllocator: true
		SmallBlockAllocator: true
		WorkshopMenu: true
	[Warnings]
		CreateTexture2D: true
		ImageSpaceAdapter: true

SYSTEM SPECS:
	OS: Microsoft Windows 11 Home v10.0.22621
	CPU: GenuineIntel 12th Gen Intel(R) Core(TM) i7-12700F
	GPU #1: Nvidia GA104 [GeForce RTX 3070 Lite Hash Rate]
	GPU #2: Microsoft Basic Render Driver
	PHYSICAL MEMORY: 8.01 GB/15.85 GB

PROBABLE CALL STACK:
	[0] 0x7FF68D2E7EEF Fallout4.exe+05B7EEF -> 561320+0x83F
	[1] 0x7FF68CE82C3C Fallout4.exe+0152C3C -> 1420843+0x7C
	[2] 0x7FF68CE584CD Fallout4.exe+01284CD -> 1551875+0x4D
	[3] 0x7FF68E880F26 Fallout4.exe+1B50F26 -> 329005+0xC6
	[4] 0x7FF68E881432 Fallout4.exe+1B51432 -> 194800+0x202
	[5] 0x7FF68E883F67 Fallout4.exe+1B53F67 -> 1492866+0x67
	[6] 0x7FF68E84CFED Fallout4.exe+1B1CFED -> 1079791+0x3D
	[7] 0x7FFA037A26BD KERNEL32.DLL+00126BD
	[8] 0x7FFA04BADFB8    ntdll.dll+005DFB8

REGISTERS:
	RAX 0x285E2FC0FA0      (void*)
	RCX 0x22D49            (size_t)
	RDX 0x99D74            (size_t)
	RBX 0x285E30C9540      (BGSCharacterTint::PaletteEntry*)
	RSP 0xE92699F4A0       (void*)
	RBP 0xE92699F518       (void*)
	RSI 0x285E2F6DD00      (BGSCharacterTint::Template::TextureSet*)
	RDI 0x285E308B900      (TESNPC*)
		File: "Fatigues Extended.esp"
		Flags: 0x00440000
		Form ID: 0xDA005481
		Form Type: 45
		Full Name: "Commando"
	R8  0x285E3044E30      (void*)
	R9  0x22D49            (size_t)
	R10 0xB9C4             (size_t)
	R11 0x8F99ADE8         (size_t)
	R12 0x0                (size_t)
	R13 0xFFFF             (size_t)
	R14 0x0                (size_t)
	R15 0x285C1A7EB00      (TESRace*)
		File: "LooksMenu Customization Compendium.esp"
		Flags: 0x00000009
		Form ID: 0x00013746
		Form Type: 17
		Full Name: "Human"

STACK:
	[RSP+0  ] 0x285E30C9540      (BGSCharacterTint::PaletteEntry*)
	[RSP+8  ] 0x285E312077F      (void*)
	[RSP+10 ] 0x0                (size_t)
	[RSP+18 ] 0x285E2F6DD00      (BGSCharacterTint::Template::TextureSet*)
	[RSP+20 ] 0xE92699F538       (void*)
	[RSP+28 ] 0x7FF692918088     (void* -> Fallout4.exe+5BE8088)
	[RSP+30 ] 0x2857A424290      (ScrapHeap*)
	[RSP+38 ] 0x285E835BF00      (void*)
	[RSP+40 ] 0x10               (size_t)
	[RSP+48 ] 0x2850000000F      (void*)
	[RSP+50 ] 0x7FF692918084     (void* -> Fallout4.exe+5BE8084)
	[RSP+58 ] 0x1                (size_t)
	[RSP+60 ] 0x7FF692918080     (void* -> Fallout4.exe+5BE8080)
	[RSP+68 ] 0x7FF692918088     (void* -> Fallout4.exe+5BE8088)
	[RSP+70 ] 0x2857A424330      (char*) "b"
	[RSP+78 ] 0x285E308B900      (TESNPC*)
		File: "Fatigues Extended.esp"
		Flags: 0x00440000
		Form ID: 0xDA005481
		Form Type: 45
		Full Name: "Commando"
	[RSP+80 ] 0x0                (size_t)
	[RSP+88 ] 0x7FF68CE82C3C     (void* -> Fallout4.exe+0152C3C)
	[RSP+90 ] 0x2850010742F      (void*)
	[RSP+98 ] 0xF                (size_t)
	[RSP+A0 ] 0x2                (size_t)
	[RSP+A8 ] 0x7FF692918080     (void* -> Fallout4.exe+5BE8080)
	[RSP+B0 ] 0x285E308B900      (TESNPC*)
		File: "Fatigues Extended.esp"
		Flags: 0x00440000
		Form ID: 0xDA005481
		Form Type: 45
		Full Name: "Commando"
	[RSP+B8 ] 0x285E308B9F8      (TESNPC*)
		File: "Fatigues Extended.esp"
		Flags: 0x00440000
		Form ID: 0xDA005481
		Form Type: 45
		Full Name: "Commando"
	[RSP+C0 ] 0x285E308B968      (TESNPC*)
		File: "Fatigues Extended.esp"
		Flags: 0x00440000
		Form ID: 0xDA005481
		Form Type: 45
		Full Name: "Commando"
	[RSP+C8 ] 0x0                (size_t)
	[RSP+D0 ] 0x0                (size_t)
	[RSP+D8 ] 0x285E308B9D0      (TESNPC*)
		File: "Fatigues Extended.esp"
		Flags: 0x00440000
		Form ID: 0xDA005481
		Form Type: 45
		Full Name: "Commando"
	[RSP+E0 ] 0x0                (size_t)
	[RSP+E8 ] 0x0                (size_t)
	[RSP+F0 ] 0x285E308BA20      (TESNPC*)
		File: "Fatigues Extended.esp"
		Flags: 0x00440000
		Form ID: 0xDA005481
		Form Type: 45
		Full Name: "Commando"
	[RSP+F8 ] 0x0                (size_t)
	[RSP+100] 0x0                (size_t)
	[RSP+108] 0x0                (size_t)
	[RSP+110] 0x0                (size_t)
	[RSP+118] 0x0                (size_t)
	[RSP+120] 0x285E308BAB0      (TESNPC*)
		File: "Fatigues Extended.esp"
		Flags: 0x00440000
		Form ID: 0xDA005481
		Form Type: 45
		Full Name: "Commando"
	[RSP+128] 0x0                (size_t)
	[RSP+130] 0x285E308B9E8      (TESNPC*)
		File: "Fatigues Extended.esp"
		Flags: 0x00440000
		Form ID: 0xDA005481
		Form Type: 45
		Full Name: "Commando"
	[RSP+138] 0x0                (size_t)
	[RSP+140] 0x0                (size_t)
	[RSP+148] 0x0                (size_t)
	[RSP+150] 0x0                (size_t)
	[RSP+158] 0x285E308BA38      (TESNPC*)
		File: "Fatigues Extended.esp"
		Flags: 0x00440000
		Form ID: 0xDA005481
		Form Type: 45
		Full Name: "Commando"
	[RSP+160] 0x0                (size_t)
	[RSP+168] 0x0                (size_t)
	[RSP+170] 0x0                (size_t)
	[RSP+178] 0x0                (size_t)
	[RSP+180] 0x0                (size_t)
	[RSP+188] 0x0                (size_t)
	[RSP+190] 0x285E308BA48      (TESNPC*)
		File: "Fatigues Extended.esp"
		Flags: 0x00440000
		Form ID: 0xDA005481
		Form Type: 45
		Full Name: "Commando"
	[RSP+198] 0x285E308BA58      (TESNPC*)
		File: "Fatigues Extended.esp"
		Flags: 0x00440000
		Form ID: 0xDA005481
		Form Type: 45
		Full Name: "Commando"
	[RSP+1A0] 0x0                (size_t)
	[RSP+1A8] 0x0                (size_t)
	[RSP+1B0] 0x285E308BA78      (TESNPC*)
		File: "Fatigues Extended.esp"
		Flags: 0x00440000
		Form ID: 0xDA005481
		Form Type: 45
		Full Name: "Commando"
	[RSP+1B8] 0x285E308BAC0      (TESNPC*)
		File: "Fatigues Extended.esp"
		Flags: 0x00440000
		Form ID: 0xDA005481
		Form Type: 45
		Full Name: "Commando"
	[RSP+1C0] 0x285E308BA88      (TESNPC*)
		File: "Fatigues Extended.esp"
		Flags: 0x00440000
		Form ID: 0xDA005481
		Form Type: 45
		Full Name: "Commando"
	[RSP+1C8] 0x285E308BB20      (BGSAttachParentArray*)
	[RSP+1D0] 0x285E308B930      (BGSMod::Template::Items*)
	[RSP+1D8] 0x285E308B950      (BGSPreviewTransform*)
	[RSP+1E0] 0x0                (size_t)
	[RSP+1E8] 0x0                (size_t)
	[RSP+1F0] 0x285E308BAA0      (TESNPC*)
		File: "Fatigues Extended.esp"
		Flags: 0x00440000
		Form ID: 0xDA005481
		Form Type: 45
		Full Name: "Commando"
	[RSP+1F8] 0x285E308BAF8      (TESNPC*)
		File: "Fatigues Extended.esp"
		Flags: 0x00440000
		Form ID: 0xDA005481
		Form Type: 45
		Full Name: "Commando"
	[RSP+200] 0x285E308BB08      (TESNPC*)
		File: "Fatigues Extended.esp"
		Flags: 0x00440000
		Form ID: 0xDA005481
		Form Type: 45
		Full Name: "Commando"
	[RSP+208] 0x0                (size_t)
	[RSP+210] 0x285E308B960      (BGSSoundTagComponent*)
	[RSP+218] 0x0                (size_t)
	[RSP+220] 0x285D61A9798      (void*)
	[RSP+228] 0x7FF68CE584CD     (void* -> Fallout4.exe+01284CD)
	[RSP+230] 0x285D61A96E0      (void*)
	[RSP+238] 0x0                (size_t)
	[RSP+240] 0x0                (size_t)
	[RSP+248] 0x0                (size_t)
	[RSP+250] 0x285DB34E780      (void*)
	[RSP+258] 0x7FF68E880F26     (void* -> Fallout4.exe+1B50F26)
	[RSP+260] 0x7FF69291AB00     (void* -> Fallout4.exe+5BEAB00)
	[RSP+268] 0x7FF69291AAB0     (BSJobs::JobThread*)
	[RSP+270] 0x7FF69291AAB0     (BSJobs::JobThread*)
	[RSP+278] 0x7FF68EAAC6DE     (void* -> Fallout4.exe+1D7C6DE)
	[RSP+280] 0x0                (size_t)
	[RSP+288] 0x0                (size_t)
	[RSP+290] 0x0                (size_t)
	[RSP+298] 0x0                (size_t)
	[RSP+2A0] 0x7FF69291AAB0     (BSJobs::JobThread*)
	[RSP+2A8] 0x7FF68E881432     (void* -> Fallout4.exe+1B51432)
	[RSP+2B0] 0x0                (size_t)
	[RSP+2B8] 0x7FF69291AAB0     (BSJobs::JobThread*)
	[RSP+2C0] 0x0                (size_t)
	[RSP+2C8] 0xE92699F7C0       (void*)
	[RSP+2D0] 0x0                (size_t)
	[RSP+2D8] 0x0                (size_t)
	[RSP+2E0] 0x0                (size_t)
	[RSP+2E8] 0x7FF68E883F67     (void* -> Fallout4.exe+1B53F67)
	[RSP+2F0] 0x7FF69291AAB0     (BSJobs::JobThread*)
	[RSP+2F8] 0x0                (size_t)
	[RSP+300] 0x0                (size_t)
	[RSP+308] 0x0                (size_t)
	[RSP+310] 0x7FF69291AAB0     (BSJobs::JobThread*)
	[RSP+318] 0x7FF68E84CFED     (void* -> Fallout4.exe+1B1CFED)
	[RSP+320] 0x49D8             (size_t)
	[RSP+328] 0xE92699F7E0       (void*)
	[RSP+330] 0x2857678BC90      (void*)
	[RSP+338] 0x0                (size_t)
	[RSP+340] 0x7FF69291AAB0     (BSJobs::JobThread*)
	[RSP+348] 0x0                (size_t)
	[RSP+350] 0x0                (size_t)
	[RSP+358] 0x7FFA037A26BD     (void* -> KERNEL32.DLL+00126BD)
	[RSP+360] 0x0                (size_t)
	[RSP+368] 0x0                (size_t)
	[RSP+370] 0x0                (size_t)
	[RSP+378] 0x0                (size_t)
	[RSP+380] 0x0                (size_t)
	[RSP+388] 0x7FFA04BADFB8     (void* -> ntdll.dll+005DFB8)
	[RSP+390] 0x0                (size_t)
	[RSP+398] 0x0                (size_t)
	[RSP+3A0] 0x0                (size_t)
	[RSP+3A8] 0x0                (size_t)
	[RSP+3B0] 0x0                (size_t)
	[RSP+3B8] 0x0                (size_t)
	[RSP+3C0] 0x181F1B6100000000 (size_t)
	[RSP+3C8] 0x0                (size_t)
	[RSP+3D0] 0x4F0FFFFFB30      (size_t)
	[RSP+3D8] 0x7FFA02186980     (void* -> KERNELBASE.dll+0156980)
	[RSP+3E0] 0xE92699E5C0       (void*)
	[RSP+3E8] 0xD03B97080003FFD  (size_t)
	[RSP+3F0] 0x7FFA1A0772E1     (size_t)
	[RSP+3F8] 0xE92699E5C0       (void*)
	[RSP+400] 0x0                (size_t)
	[RSP+408] 0x0                (size_t)
	[RSP+410] 0x0                (size_t)
	[RSP+418] 0x0                (size_t)
	[RSP+420] 0x0                (size_t)
	[RSP+428] 0x0                (size_t)
	[RSP+430] 0x0                (size_t)
	[RSP+438] 0x0                (size_t)
	[RSP+440] 0x0                (size_t)
	[RSP+448] 0x0                (size_t)
	[RSP+450] 0x0                (size_t)
	[RSP+458] 0x0                (size_t)
	[RSP+460] 0x0                (size_t)
	[RSP+468] 0x0                (size_t)
	[RSP+470] 0x0                (size_t)
	[RSP+478] 0x0                (size_t)
	[RSP+480] 0x0                (size_t)
	[RSP+488] 0x0                (size_t)
	[RSP+490] 0x0                (size_t)
	[RSP+498] 0x0                (size_t)
	[RSP+4A0] 0x0                (size_t)
	[RSP+4A8] 0x0                (size_t)
	[RSP+4B0] 0x0                (size_t)
	[RSP+4B8] 0x0                (size_t)
	[RSP+4C0] 0x0                (size_t)
	[RSP+4C8] 0x0                (size_t)
	[RSP+4D0] 0x0                (size_t)
	[RSP+4D8] 0x0                (size_t)
	[RSP+4E0] 0x0                (size_t)
	[RSP+4E8] 0x0                (size_t)
	[RSP+4F0] 0x0                (size_t)
	[RSP+4F8] 0x0                (size_t)
	[RSP+500] 0x0                (size_t)
	[RSP+508] 0x0                (size_t)
	[RSP+510] 0x0                (size_t)
	[RSP+518] 0x0                (size_t)
	[RSP+520] 0x0                (size_t)
	[RSP+528] 0x0                (size_t)
	[RSP+530] 0x0                (size_t)
	[RSP+538] 0x0                (size_t)
	[RSP+540] 0x0                (size_t)
	[RSP+548] 0x0                (size_t)
	[RSP+550] 0x0                (size_t)
	[RSP+558] 0x0                (size_t)
	[RSP+560] 0x0                (size_t)
	[RSP+568] 0x0                (size_t)
	[RSP+570] 0x0                (size_t)
	[RSP+578] 0x0                (size_t)
	[RSP+580] 0x0                (size_t)
	[RSP+588] 0x0                (size_t)
	[RSP+590] 0x0                (size_t)
	[RSP+598] 0x0                (size_t)
	[RSP+5A0] 0x0                (size_t)
	[RSP+5A8] 0x0                (size_t)
	[RSP+5B0] 0x0                (size_t)
	[RSP+5B8] 0x0                (size_t)
	[RSP+5C0] 0x0                (size_t)
	[RSP+5C8] 0x0                (size_t)
	[RSP+5D0] 0x0                (size_t)
	[RSP+5D8] 0x0                (size_t)
	[RSP+5E0] 0x0                (size_t)
	[RSP+5E8] 0x0                (size_t)
	[RSP+5F0] 0x0                (size_t)
	[RSP+5F8] 0x0                (size_t)
	[RSP+600] 0x0                (size_t)
	[RSP+608] 0x0                (size_t)
	[RSP+610] 0x0                (size_t)
	[RSP+618] 0x0                (size_t)
	[RSP+620] 0x0                (size_t)
	[RSP+628] 0x0                (size_t)
	[RSP+630] 0x0                (size_t)
	[RSP+638] 0x0                (size_t)
	[RSP+640] 0x0                (size_t)
	[RSP+648] 0x0                (size_t)
	[RSP+650] 0x0                (size_t)
	[RSP+658] 0x0                (size_t)
	[RSP+660] 0x0                (size_t)
	[RSP+668] 0x0                (size_t)
	[RSP+670] 0x0                (size_t)
	[RSP+678] 0x0                (size_t)
	[RSP+680] 0x0                (size_t)
	[RSP+688] 0x0                (size_t)
	[RSP+690] 0x0                (size_t)
	[RSP+698] 0x0                (size_t)
	[RSP+6A0] 0x0                (size_t)
	[RSP+6A8] 0x0                (size_t)
	[RSP+6B0] 0x0                (size_t)
	[RSP+6B8] 0x0                (size_t)
	[RSP+6C0] 0x0                (size_t)
	[RSP+6C8] 0x0                (size_t)
	[RSP+6D0] 0x0                (size_t)
	[RSP+6D8] 0x0                (size_t)
	[RSP+6E0] 0x0                (size_t)
	[RSP+6E8] 0x0                (size_t)
	[RSP+6F0] 0x0                (size_t)
	[RSP+6F8] 0x0                (size_t)
	[RSP+700] 0x0                (size_t)
	[RSP+708] 0x0                (size_t)
	[RSP+710] 0x0                (size_t)
	[RSP+718] 0x0                (size_t)
	[RSP+720] 0x0                (size_t)
	[RSP+728] 0x0                (size_t)
	[RSP+730] 0x0                (size_t)
	[RSP+738] 0x0                (size_t)
	[RSP+740] 0x0                (size_t)
	[RSP+748] 0x0                (size_t)
	[RSP+750] 0x0                (size_t)
	[RSP+758] 0x0                (size_t)
	[RSP+760] 0x0                (size_t)
	[RSP+768] 0x0                (size_t)
	[RSP+770] 0x0                (size_t)
	[RSP+778] 0x0                (size_t)
	[RSP+780] 0x0                (size_t)
	[RSP+788] 0x0                (size_t)
	[RSP+790] 0x0                (size_t)
	[RSP+798] 0x0                (size_t)
	[RSP+7A0] 0x0                (size_t)
	[RSP+7A8] 0x0                (size_t)
	[RSP+7B0] 0x0                (size_t)
	[RSP+7B8] 0x0                (size_t)
	[RSP+7C0] 0x0                (size_t)
	[RSP+7C8] 0x0                (size_t)
	[RSP+7D0] 0x0                (size_t)
	[RSP+7D8] 0x0                (size_t)
	[RSP+7E0] 0x0                (size_t)
	[RSP+7E8] 0x0                (size_t)
	[RSP+7F0] 0x0                (size_t)
	[RSP+7F8] 0x0                (size_t)
	[RSP+800] 0x0                (size_t)
	[RSP+808] 0x0                (size_t)
	[RSP+810] 0x0                (size_t)
	[RSP+818] 0x0                (size_t)
	[RSP+820] 0x0                (size_t)
	[RSP+828] 0x0                (size_t)
	[RSP+830] 0x0                (size_t)
	[RSP+838] 0x0                (size_t)
	[RSP+840] 0x0                (size_t)
	[RSP+848] 0x0                (size_t)
	[RSP+850] 0x0                (size_t)
	[RSP+858] 0x0                (size_t)
	[RSP+860] 0x0                (size_t)
	[RSP+868] 0x0                (size_t)
	[RSP+870] 0x0                (size_t)
	[RSP+878] 0x0                (size_t)
	[RSP+880] 0x0                (size_t)
	[RSP+888] 0x0                (size_t)
	[RSP+890] 0x0                (size_t)
	[RSP+898] 0x0                (size_t)
	[RSP+8A0] 0x0                (size_t)
	[RSP+8A8] 0x0                (size_t)
	[RSP+8B0] 0x0                (size_t)
	[RSP+8B8] 0x0                (size_t)
	[RSP+8C0] 0x0                (size_t)
	[RSP+8C8] 0x0                (size_t)
	[RSP+8D0] 0x0                (size_t)
	[RSP+8D8] 0x0                (size_t)
	[RSP+8E0] 0x0                (size_t)
	[RSP+8E8] 0x0                (size_t)
	[RSP+8F0] 0x0                (size_t)
	[RSP+8F8] 0x0                (size_t)
	[RSP+900] 0x0                (size_t)
	[RSP+908] 0x0                (size_t)
	[RSP+910] 0x0                (size_t)
	[RSP+918] 0x0                (size_t)
	[RSP+920] 0x0                (size_t)
	[RSP+928] 0x0                (size_t)
	[RSP+930] 0x0                (size_t)
	[RSP+938] 0x0                (size_t)
	[RSP+940] 0x0                (size_t)
	[RSP+948] 0x0                (size_t)
	[RSP+950] 0x0                (size_t)
	[RSP+958] 0x0                (size_t)
	[RSP+960] 0x0                (size_t)
	[RSP+968] 0x0                (size_t)
	[RSP+970] 0x0                (size_t)
	[RSP+978] 0x0                (size_t)
	[RSP+980] 0x0                (size_t)
	[RSP+988] 0x0                (size_t)
	[RSP+990] 0x0                (size_t)
	[RSP+998] 0x0                (size_t)
	[RSP+9A0] 0x0                (size_t)
	[RSP+9A8] 0x0                (size_t)
	[RSP+9B0] 0x0                (size_t)
	[RSP+9B8] 0x0                (size_t)
	[RSP+9C0] 0x0                (size_t)
	[RSP+9C8] 0x0                (size_t)
	[RSP+9D0] 0x0                (size_t)
	[RSP+9D8] 0x0                (size_t)
	[RSP+9E0] 0x0                (size_t)
	[RSP+9E8] 0x0                (size_t)
	[RSP+9F0] 0x0                (size_t)
	[RSP+9F8] 0x0                (size_t)
	[RSP+A00] 0x0                (size_t)
	[RSP+A08] 0x0                (size_t)
	[RSP+A10] 0x0                (size_t)
	[RSP+A18] 0x0                (size_t)
	[RSP+A20] 0x0                (size_t)
	[RSP+A28] 0x0                (size_t)
	[RSP+A30] 0x0                (size_t)
	[RSP+A38] 0x0                (size_t)
	[RSP+A40] 0x0                (size_t)
	[RSP+A48] 0x0                (size_t)
	[RSP+A50] 0x0                (size_t)
	[RSP+A58] 0x0                (size_t)
	[RSP+A60] 0x0                (size_t)
	[RSP+A68] 0x0                (size_t)
	[RSP+A70] 0x0                (size_t)
	[RSP+A78] 0x0                (size_t)
	[RSP+A80] 0x0                (size_t)
	[RSP+A88] 0x0                (size_t)
	[RSP+A90] 0x0                (size_t)
	[RSP+A98] 0x0                (size_t)
	[RSP+AA0] 0x0                (size_t)
	[RSP+AA8] 0x0                (size_t)
	[RSP+AB0] 0x0                (size_t)
	[RSP+AB8] 0x0                (size_t)
	[RSP+AC0] 0x0                (size_t)
	[RSP+AC8] 0x0                (size_t)
	[RSP+AD0] 0x0                (size_t)
	[RSP+AD8] 0x0                (size_t)
	[RSP+AE0] 0x0                (size_t)
	[RSP+AE8] 0x0                (size_t)
	[RSP+AF0] 0x0                (size_t)
	[RSP+AF8] 0x0                (size_t)
	[RSP+B00] 0x0                (size_t)
	[RSP+B08] 0x0                (size_t)
	[RSP+B10] 0x0                (size_t)
	[RSP+B18] 0x0                (size_t)
	[RSP+B20] 0x0                (size_t)
	[RSP+B28] 0x0                (size_t)
	[RSP+B30] 0x0                (size_t)
	[RSP+B38] 0x0                (size_t)
	[RSP+B40] 0x0                (size_t)
	[RSP+B48] 0x0                (size_t)
	[RSP+B50] 0x0                (size_t)
	[RSP+B58] 0x0                (size_t)

MODULES:

F4SE PLUGINS:
	achievements.dll
	BakaScrapHeap.dll v1.3
	BetterConsole.dll
	BetterPowerArmorRedux.dll
	BodyPartsUI.dll v1
	Buffout4.dll v1.26.2
	BulletCountedReload.dll
	ClassicHolsteredWeapons.dll
	crafting_highlight_fix.dll
	enbhelperf4.dll v1
	encounter_zone_recalculation.dll
	f4ee.dll
	HighFPSPhysicsFix.dll
	mcm.dll
	NoScrollwheelPOVChange.dll
	PowerGridTools.dll
	PriorityMod.dll
	ProjectMojave.dll
	SprintStutteringFix.dll
	UneducatedShooter.dll v1
	wsfw_identifier.dll
	XDI.dll

PLUGINS:
	[00]     Fallout4.esm
	[01]     DLCRobot.esm
	[02]     DLCworkshop01.esm
	[03]     DLCCoast.esm
	[04]     DLCworkshop02.esm
	[05]     DLCworkshop03.esm
	[06]     DLCNukaWorld.esm
	[07]     Unofficial Fallout 4 Patch.esp
	[08]     WorkshopFramework.esm
	[09]     ArmorKeywords.esm
	[0A]     XDI.esm
	[0B]     HUDFramework.esm
	[0C]     CheatBunker.esm
	[0D]     ProjectMojave.esm
	[0E]     CALIBER-COMPLEX.esm
	[0F]     ExtendedWeaponSystem.esm
	[10]     Overlays.esm
	[11]     Talos_Armor.esp
	[12]     Better Power Armor - Redux.esp
	[13]     StrongerSentryBot.esp
	[14]     TaurusJudge.esp
	[15]     Lots More Female Hairstyles.esp
	[16]     RemoveTurretPower-100def.esp
	[17]     Glock19x.esp
	[18]     ehtyeci_MPX.esp
	[19]     Zenit.esp
	[1A]     DiamondCityOverhaul.esp
	[1B]     NEWSANCTUARY.esp
	[1C]     UltraInteriorLighting.esp
	[1D]     PH_HighwayProject.esp
	[1E]     WelcometoGoodneighbor.esp
	[1F]     ENBLightsHDRPatch.esp
	[20]     Armorsmith Extended.esp
	[21]     ImmersiveScrapping.esp
	[22]     MutilatedDeadBodies.esp
	[23]     subwayrunnnernodynamic.esp
	[24]     _hod.esp
	[25]     Raider Children.esp
	[26]     EBW-Merged.esp
	[27]     No Combat Boundaries.esp
	[28]     The Train.esp
	[29]     CombatZoneRestored.esp
	[2A]     Reverb and Ambiance Overhaul.esp
	[2B]     jsrs.esp
	[2C]     W.A.T.Minutemen.esp
	[2D]     dD-Enhanced Blood Basic.esp
	[2E]     GhoulBlood.esp
	[2F]     ImmersiveAnimationFramework.esp
	[30]     Penetration Framework.esp
	[31]     jDS__HP_Skull_Mask.esp
	[32]     maleBITCHESfemaleFUCKERS.esp
	[33]     NoMoreRustyGunners.esp
	[34]     m249.esp
	[35]     ScaryDeathclaws.esp
	[36]     GojiraSmallerExtreme.esp
	[37]     AAlpha12.esp
	[38]     NPC Spawner.esp
	[39]     ClassicBehemoth.esp
	[3A]     KSHairdos.esp
	[3B]     AzarPonytailHairstyles.esp
	[3C]     CBBE.esp
	[3D]     NoNegativeAffinityNoFucks.esp
	[3E]     ShortAffinityCooldown.esp
	[3F]     MS SkipPreWar.esp
	[40]     1CAS_ServiceRifle.esp
	[41]     MGRemesh.esp
	[42]     RadiationOverhaulSP.esp
	[43]     DeadlyRadstorms_Damage_70.esp
	[44]     TacticalCourser_Standalone.esp
	[45]     DD_Khassar_De_Templari_Increased_build.esp
	[46]     leonsoutfit.esp
	[47]     The Eyes Of Beauty.esp
	[48]     SurvivalOptions.esp
	[49]     BZW_COD_Ghost_Jawbone.esp
	[4A]     Modern Assassin.esp
	[4B]     NRAW_Common.esp
	[4C]     More_Clothes_Textures.esp
	[4D]     US_Rangers.esp
	[4E]     [ARRETH] FGEP.esp
	[4F]     LegendaryModification.esp
	[50]     LegendaryModification - DLC Far Harbor.esp
	[51]     LegendaryModification2LM.esp
	[52]     LegendaryModification - DLC Far Harbor (2LM).esp
	[53]     LegendaryModification2LMAKPatch.esp
	[54]     LegendaryModificationGroknak.esp
	[55]     LegendaryModificationMisc.esp
	[56]     Mosin.esp
	[57]     3dscopes-mosin.esp
	[58]     ReconPack.esp
	[59]     3dscopes-reconpack.esp
	[5A]     3dscopes.esp
	[5B]     MWvalpha.esp
	[5C]     AX50.esp
	[5D]     Smoke-able Cigars.esp
	[5E]     Lots More Facial Hair.esp
	[5F]     Tracksuit.esp
	[60]     AimFatigue f4se.esp
	[61]     dD-Action Ragdoll Force.esp
	[62]     Ambient Wasteland.esp
	[63]     PD_LowerWeapon.esp
	[64]     APC9.esp
	[65]     BlackoutTats1.esp
	[66]     PersonalGuard.esp
	[67]     CustomCamera.esp
	[68]     CustomMossberg590A1.esp
	[69]     DSR 50.esp
	[6A]     dD - Screen Blood Duration Medium.esp
	[6B]     ELFX_ENBLight_Patch.esp
	[6C]     EntrenchingToolStandalone.esp
	[6D]     FIS-Naming-Weap-Armo-EN.esp
	[6E]     Scopes.esp
	[6F]     FlaconOil_BA2_1K_Part2.esp
	[70]     GCM.esp
	[71]     HoneyBadger.esp
	[72]     Immersive HUD.esp
	[73]     K9TacticalHarness.esp
	[74]     KrissVector.esp
	[75]     LongRangeBulletHoles.esp
	[76]     LMBTOverlays.esp
	[77]     LooksMenu.esp
	[78]     Lots More Male Hairstyles.esp
	[79]     M2Agency.esp
	[7A]     MKIIGrenadeStandalone.esp
	[7B]     MP153.esp
	[7C]     M4k4rov - PPSh.esp
	[7D]     AlexMakarovPistol.esp
	[7E]     Metro Gas Masks.esp
	[7F]     Military_Cap_Extended_Full.esp
	[80]     Military Gorka Suit.esp
	[81]     Mossberg500.esp
	[82]     NPC Accuracy Revised.esp
	[83]     OakleyMFrame.esp
	[84]     PL-14.esp
	[85]     Pet - Call -Feed Dogmeat.esp
	[86]     Project Reality Footsteps FO4.esp
	[87]     RBJustin.esp
	[88]     M870.esp
	[89]     RussianAssaultPack.esp
	[8A]     SKKCombatStalkers.esp
	[8B]     STALKER Music_Complete.esp
	[8C]     TacticalBeanie.esp
	[8D]     Nexus_PMC.esp
	[8E]     PMC_extended.esp
	[8F]     PMC_NVG.esp
	[90]     EFF.esp
	[91]     WestTekTacticalOptics.esp
	[92]     SpotlightFix-100-Shadow.esp
	[93]     GR123 West Tek Tactical Gloves.esp
	[94]     Stalker Suit.esp
	[95]     CK-SimpleCritsOutsideVATS.esp
	[96]     LTC Patch - More MAIM Human Loot.esp
	[97]     101GlowingSea.esp
	[98]     GhillieModRedux.esp
	[99]     Flashy_PersonalEssentials.esp
	[9A]     Minutemen Supply Caches.esp
	[9B]     Gas Masks of the Wasteland.esp
	[9C]     Gas Mask NPC.esp
	[9D]     EnclaveFactionItems.esp
	[9E]     Flashy_CrimeAndPunishment_GunForHire_Addon.esp
	[9F]     Backpacks of the Commonwealth.esp
	[A0]     MilitarizedMinutemen.esp
	[A1]     Buffed Minutemen.esp
	[A2]     Mk41GyrojetHMG.esp
	[A3]     Mercenary.esp
	[A4]     CSEPBountyMod.esp
	[A5]     The Metro.esp
	[A6]     MREs.esp
	[A7]     Rangergearnew.esp
	[A8]     MK18.esp
	[A9]     Wana_SA58.esp
	[AA]     Eli_BunkerSafehouse.esp
	[AB]     Cheat_Engine.esp
	[AC]     M2045MagnumRevolverRifle.esp
	[AD]     ECV_Remnants.esp
	[AE]     RU556.esp
	[AF]     RU556Armouryprojectv3.esp
	[B0]     Galac-TactREDUX.esp
	[B1]     Killable Children.esp
	[B2]     Elzee Human Grab Attacks.esp
	[B3]     BH_MCX_Spear.esp
	[B4]     Chiappa_Rhino.esp
	[B5]     PKMnv.esp
	[B6]     SteyrAUGnv.esp
	[B7]     NAC.esp
	[B8]     FO4 NPCs Travel.esp
	[B9]     DX_Black_Widow.esp
	[BA]     M&P 2.0.esp
	[BB]     StealthSuitDrk.esp
	[BC]     MTs255.esp
	[BD]     Ghoul_Radio.esp
	[BE]     DesertEagleNV.esp
	[BF]     SVT40.esp
	[C0]     FCOM.esp
	[C1]     G3A3.esp
	[C2]     FnScar.esp
	[C3]     2029 Radio- Pipboy Custom Radio 40 Song Version.esp
	[C4]     MP7.esp
	[C5]     ASH127.esp
	[C6]     Gas Mask ArmorKeywords.esp
	[C7]     Tough Cait.esp
	[C8]     Lethal Headshot (english ver).esp
	[C9]     TacticalCourser.esp
	[CA]     HaxRPG7.esp
	[CB]     RU556CombatRifleReplacer.esp
	[CC]     NAC X - No Snow Under the Rooof - Patch.esp
	[CD]     Enclave-X02.esp
	[CE]     9x39Project.esp
	[CF]     3dscopes-9x39project.esp
	[D0]     Hellfirenew.esp
	[D1]     DeadlyRadstorms_Climate_20.esp
	[D2]     3dscopes-ru556.esp
	[D3]     SV-98.esp
	[D4]     3dscopes-svt40.esp
	[D5]     G3Family.esp
	[D6]     HKUSP9mm.esp
	[D7]     BetterNightVision.esp
	[D8]     DarkerNights.esp
	[D9]     FCOM-MM.esp
	[DA]     Fatigues Extended.esp
	[DB]     G36Complex.esp
	[DC]     G3A3_AnimationUpdate.esp
	[DD]     HK_MP5.esp
	[DE]     HK_UMP.esp
	[DF]     LooksMenu Customization Compendium.esp
	[E0]     M203.esp
	[E1]     P220.esp
	[E2]     P220 Animation Overhaul.esp
	[E3]     MK18 Armory Project.esp
	[E4]     P90.esp
	[E5]     Remington700.esp
	[E6]     P90NPC.esp
	[E7]     MilitarisedMinutemen_PatchesAddon.esp
	[E8]     NAC-FH.esp
	[E9]     NAC-NW.esp
	[EA]     STEALTH AND DETECTION SYSTEM(base).esp
	[EB]     SVT40-2xDMG.esp
	[EC]     SVT40-AWKCR.esp
	[ED]     M1A.esp
	[EE]     Mercenary_TexEdits.esp
	[EF]     SPR300.esp
	[F0]     HCFB_Maccready.esp
	[F1]     TFRangerGear.esp
	[F2]     Galac-tacwesttek.esp
	[F3]     EnhancedLightsandFX.esp
	[F4]     Pip-Boy Flashlight.esp
	[F5]     Scrap Everything - Ultimate Edition.esp
	[FE:000] Skb_MachinegunsRebirth.esl
	[FE:001] Leah's Dead Bugs.esl
	[FE:002] CastleExtended.esl
	[FE:003] EssentialPlayer.esl
	[FE:004] Diamond City Security Mildly Expanded Leveled List - Outfits.esl
	[FE:005] BerettaM9FS.esl
	[FE:006] CanarySaveFileMonitor.esl
	[FE:007] ClimbingAxe.esl
	[FE:008] GTFOB.esl
	[FE:009] ImmersiveDogmeat.esl
	[FE:00A] M84FlashBang.esl
	[FE:00B] WeaponsFramework.esm
	[FE:00C] YouAndWhatArmy.esl
	[FE:00D] tooun_Animationpack.esl
	[FE:00E] M9A3.esp
	[FE:00F] M9A3_CaliberComplexPatch.esp
	[FE:010] M9A3_LvlLists.esp
	[FE:011] Beretta92FS_CALIBER_COMPLEX_PATCH.esp
	[FE:012] DLCCoast_RadiumRifle_CALIBER_COMPLEX_PATCH.esp
	[FE:013] Deliverer_CALIBER_COMPLEX_PATCH.esp
	[FE:014] FX0x01Glock19x_CALIBER_COMPLEX_PATCH.esp
	[FE:015] FallUI_CALIBER_COMPLEX_PATCH.esp
	[FE:016] FallUI_FCAB_CALIBER_COMPLEX_PATCH.esp
	[FE:017] GLOCK19x_CALIBER_COMPLEX_PATCH.esp
	[FE:018] SIG SAUER MPX_CALIBER_COMPLEX_PATCH.esp
	[FE:019] ZENIT REDUX - AK_No TR_CALIBER_COMPLEX_PATCH.esp
	[FE:01A] M8rDisablePipboyEffects.esp
	[FE:01B] MAIM Distributor.esp
	[FE:01C] MAIM 2.esp
	[FE:01D] Penetration Framework_CALIBER_COMPLEX_PATCH.esp
	[FE:01E] SREP_Redux_CALIBER_COMPLEX_PATCH.esp
	[FE:01F] ClassicRadiationPoisoning2.esp
	[FE:020] LostWorld.esp
	[FE:021] NRAW_MORS.esp
	[FE:022] MosinNagant_CALIBER_COMPLEX_PATCH.esp
	[FE:023] ReconPack_CALIBER_COMPLEX_PATCH.esp
	[FE:024] APC9_CALIBER_COMPLEX_PATCH.esp
	[FE:025] APC9_LeveledListPatch.esp
	[FE:026] ConditionBoy.esp
	[FE:027] Elzee Cough.esp
	[FE:028] HoneyBadger_CALIBER_COMPLEX_PATCH.esp
	[FE:029] IAF - Far Harbor & Nuka World.esp
	[FE:02A] More Human Raider Loot.esp
	[FE:02B] KrissVector_CALIBER_COMPLEX_PATCH.esp
	[FE:02C] M2AgencyLvlListPatch.esp
	[FE:02D] MAIM 2 - EZ Keywords.esp
	[FE:02E] RussianStimpack.esp
	[FE:02F] MAIM 2 - Russian Stimpak Patch.esp
	[FE:030] Stimpaks help you breathe.esp
	[FE:031] MAIM 2 - Stimpaks Help You Breathe Patch.esp
	[FE:032] MAIM Speed.esp
	[FE:033] M4k4rovPPSH_CALIBER_COMPLEX_PATCH.esp
	[FE:034] MAKAROV_COMPLEX_CALIBER_PATCH.esp
	[FE:035] Mossberg500_CALIBER_COMPLEX_PATCH.esp
	[FE:036] RussianAssaultPack_CALIBER_COMPLEX_PATCH.esp
	[FE:037] GLXRM_AmmoCheck.esp
	[FE:038] PMC_Flashlights.esp
	[FE:039] PMC_extended_lore.esp
	[FE:03A] WestTekTacticalOptics_-_REACTOR_ENB_PATCH_1.1.esp
	[FE:03B] JSRS_Regions.esp
	[FE:03C] Fallout 4 AI Overhaul.esp
	[FE:03D] LootableVertibirds.esp
	[FE:03E] Deathclaw Grab Skills.esp
	[FE:03F] Feral Ghoul Bite Skills.esp
	[FE:040] BH_MCX_SPEAR_CALIBER_COMPLEX_PATCH.esp
	[FE:041] Chiappa_CALIBER_COMPLEX_PATCH.esp
	[FE:042] FNFAL-SA58_CALIBER_COMPLEX_PATCH.esp
	[FE:043] MK18_CALIBER_COMPLEX_PATCH.esp
	[FE:044] PKM_CALIBER_COMPLEX_PATCH.esp
	[FE:045] Steyr AUG_CALIBER_COMPLEX_PATCH.esp
	[FE:046] SW_M-P_2_CALIBER_COMPLEX_PATCH.esp
	[FE:047] MTs255_VanillaAnimation_CALIBER_COMPLEX_PATCH.esp
	[FE:048] SVT40_2_CALIBER_COMPLEX_PATCH.esp
	[FE:049] Burst Impact Blast FX.esp
	[FE:04A] HK G3A3_CALIBER_COMPLEX_PATCH.esp
	[FE:04B] FN SCAR_CALIBER_COMPLEX_PATCH.esp
	[FE:04C] ASH-12.7_CALIBER_COMPLEX_PATCH.esp
	[FE:04D] MP7_CALIBER_COMPLEX_PATCH.esp
	[FE:04E] 9x39Project_CALIBER_COMPLEX_PATCH.esp
	[FE:04F] Modern Weapon Replacer - Smith and Wesson M-P 2.0 - 10mm Pistols.esp
	[FE:050] SV-98_Caliber.esp
	[FE:051] G3Family_CALIBER_COMPLEX_PATCH.esp
	[FE:052] HKUSP9mm_CALIBER_COMPLEX_PATCH.esp
	[FE:053] BH_MCX_Spear_STS_Patch.esp
	[FE:054] BH_MCX_Spear_LvlListPatch.esp
	[FE:055] G36_CALIBER_COMPLEX_PATCH.esp
	[FE:056] G3A3LvlListPatch.esp
	[FE:057] HK_UMP_CALIBER_COMPLEX_PATCH.esp
	[FE:058] MP5_COMPLEX_CALIBER_PATCH.esp
	[FE:059] M203_LeveledList.esp
	[FE:05A] P220_CALIBER_COMPLEX_PATCH.esp
	[FE:05B] P90_COMPLEX_CALIBER_PATCH.esp
	[FE:05C] R700_CALIBER_COMPLEX_PATCH.esp
	[FE:05D] Modern Weapon Replacer - Smith and Wesson M-P 2.0 - Gamma Guns.esp
	[FE:05E] Springfield Armory M1A_CALIBER_COMPLEX_PATCH.esp
	[FE:05F] MercenaryPMC.esp
	[FE:060] SPR300_CALIBER_COMPLEX_PATCH.esp
