Fallout 4 v1.10.163
Buffout 4 v1.28.6

Unhandled exception "EXCEPTION_ACCESS_VIOLATION" at 0x7FF62E1292A7 Fallout4.exe+24892A7

	[Compatibility]
		F4EE: false
	[Crashlog]
		AutoOpen: true
		PromptUpload: true
	[Fixes]
		ActorIsHostileToActor: true
		CellInit: true
		CreateD3DAndSwapChain: true
		EncounterZoneReset: true
		GreyMovies: true
		MagicEffectApplyEvent: true
		MovementPlanner: true
		PackageAllocateLocation: true
		SafeExit: true
		TESObjectREFRGetEncounterZone: true
		UnalignedLoad: true
		UtilityShader: true
	[Patches]
		Achievements: true
		ArchiveLimit: false
		BSMTAManager: true
		BSPreCulledObjects: true
		BSTextureStreamerLocalHeap: false
		HavokMemorySystem: true
		INISettingCollection: true
		InputSwitch: false
		MaxStdIO: -1
		MemoryManager: true
		MemoryManagerDebug: false
		ScaleformAllocator: true
		SmallBlockAllocator: true
		WorkshopMenu: true
	[Warnings]
		CreateTexture2D: true
		ImageSpaceAdapter: true

SYSTEM SPECS:
	OS: Microsoft Windows 10 Home v10.0.19045
	CPU: GenuineIntel Intel(R) Core(TM) i7-9700K CPU @ 3.60GHz
	GPU #1: Nvidia TU104 [GeForce RTX 2080 SUPER]
	GPU #2: Microsoft Basic Render Driver
	PHYSICAL MEMORY: 14.34 GB/31.93 GB

PROBABLE CALL STACK:
	[ 0] 0x7FF62E1292A7 Fallout4.exe+24892A7 -> 1501949+0x27
	[ 1] 0x7FF62E19B5F1 Fallout4.exe+24FB5F1 -> 1488255+0x31
	[ 2] 0x7FF62CE882DB Fallout4.exe+11E82DB -> 204194+0x7B
	[ 3] 0x7FF62E1C1FFF Fallout4.exe+2521FFF -> 997604+0x2FF
	[ 4] 0x7FF62E1C2218 Fallout4.exe+2522218 -> 770231+0xD8
	[ 5] 0x7FF62E1C0ADB Fallout4.exe+2520ADB -> 647839+0x38B
	[ 6] 0x7FF62C439F4B Fallout4.exe+0799F4B -> 1283293+0x9B
	[ 7] 0x7FF62E12C961 Fallout4.exe+248C961 -> 402432+0xF1
	[ 8] 0x7FF62E145C37 Fallout4.exe+24A5C37 -> 877770+0x417
	[ 9] 0x7FF62E14C234 Fallout4.exe+24AC234 -> 382823+0xE4
	[10] 0x7FF62D7BCFED Fallout4.exe+1B1CFED -> 1079791+0x3D
	[11] 0x7FFD18407344 KERNEL32.DLL+0017344
	[12] 0x7FFD197626B1    ntdll.dll+00526B1

REGISTERS:
	RAX 0x786B682E3372     (size_t)
	RCX 0x0                (size_t)
	RDX 0x28A68A1C580      (void*)
	RBX 0x28ACC173A18      (void*)
	RSP 0xF57FB7F400       (char*) "p"
	RBP 0xF57FB7F5A0       (void*)
	RSI 0x28A68A1C580      (void*)
	RDI 0x28A68A1C580      (void*)
	R8  0x2D               (size_t)
	R9  0x38               (size_t)
	R10 0xF57FB7F480       (BSTArrayBase::IAllocatorFunctor*)
	R11 0x28ACC173040      (void*)
	R12 0x1                (size_t)
	R13 0x28A689C3640      (void*)
	R14 0xF57FB7F7E0       (BSPathBuilder*)
	R15 0x28A68A46901      (void*)

STACK:
	[RSP+0  ] 0x70               (size_t)
	[RSP+8  ] 0x7FF631753508     (FindTriangleForLocationFilterCheckDeltaZ*)
	[RSP+10 ] 0xF500000000       (void*)
	[RSP+18 ] 0x7FF62D7B0DE3     (void* -> Fallout4.exe+1B10DE3)
	[RSP+20 ] 0x28ACC173A18      (void*)
	[RSP+28 ] 0x7FF62E19B5F1     (void* -> Fallout4.exe+24FB5F1)
	[RSP+30 ] 0x28B62DD7650      (void*)
	[RSP+38 ] 0x478DA63AC7447FDF (size_t)
	[RSP+40 ] 0x0                (size_t)
	[RSP+48 ] 0x28A00000038      (void*)
	[RSP+50 ] 0x28ACC173040      (void*)
	[RSP+58 ] 0x7FF62CE882DB     (void* -> Fallout4.exe+11E82DB)
	[RSP+60 ] 0x2D               (size_t)
	[RSP+68 ] 0x28A4428B2DC      (size_t)
	[RSP+70 ] 0x28A68A46980      (void*)
	[RSP+78 ] 0x0                (size_t)
	[RSP+80 ] 0x7FF62E8E96C8     (void* -> Fallout4.exe+2C496C8)
	[RSP+88 ] 0x28B62DD7648      (char*) "@"
	[RSP+90 ] 0x2D               (size_t)
	[RSP+98 ] 0x7FF62E1C1FFF     (void* -> Fallout4.exe+2521FFF)
	[RSP+A0 ] 0x28AA1479EE0      (PathingLockData*)
	[RSP+A8 ] 0x2D               (size_t)
	[RSP+B0 ] 0xF57FB7F5A0       (void*)
	[RSP+B8 ] 0x28A689C3640      (void*)
	[RSP+C0 ] 0x28B06D84318      (void*)
	[RSP+C8 ] 0x28A689C3640      (void*)
	[RSP+D0 ] 0xF57FB7F4E0       (void*)
	[RSP+D8 ] 0x7FFC00000000     (size_t)
	[RSP+E0 ] 0x289FF1A6860      (ScrapHeap*)
	[RSP+E8 ] 0x28AA3EDCE00      (void*)
	[RSP+F0 ] 0x40               (size_t)
	[RSP+F8 ] 0x7FF600000038     (size_t)
	[RSP+100] 0x289FF1A6860      (ScrapHeap*)
	[RSP+108] 0x28AA3EDCA00      (void*)
	[RSP+110] 0x4790000000000040 (size_t)
	[RSP+118] 0xC74FBD0200000037 (size_t)
	[RSP+120] 0x45BBAEEE478FCD34 (size_t)
	[RSP+128] 0x7FFC5A10AB4F     (void* -> Buffout4.dll+004AB4F)
	[RSP+130] 0x45BBD654         (size_t)
	[RSP+138] 0x0                (size_t)
	[RSP+140] 0x0                (size_t)
	[RSP+148] 0x0                (size_t)
	[RSP+150] 0x28AA3457FF8      (void*)
	[RSP+158] 0x7FFC5A10BDCE     (void* -> Buffout4.dll+004BDCE)
	[RSP+160] 0x28AA3457FF8      (void*)
	[RSP+168] 0x28A68ABA140      (void*)
	[RSP+170] 0xFFFFFFFF         (size_t)
	[RSP+178] 0xF57FB7F800       (void*)
	[RSP+180] 0x28A56BEBF40      (void*)
	[RSP+188] 0x7FFC5A10C289     (void* -> Buffout4.dll+004C289)
	[RSP+190] 0x28A56BEBF40      (void*)
	[RSP+198] 0x28A68ABA140      (void*)
	[RSP+1A0] 0xF57FB7F800       (void*)
	[RSP+1A8] 0x0                (size_t)
	[RSP+1B0] 0xF57FB7F6C0       (void*)
	[RSP+1B8] 0x7FF62E129EE7     (void* -> Fallout4.exe+2489EE7)
	[RSP+1C0] 0x1                (size_t)
	[RSP+1C8] 0xF57FB7F600       (void*)
	[RSP+1D0] 0x1                (size_t)
	[RSP+1D8] 0x28A779E3100      (TESObjectCELL*)
		File: "Atomic Forest.esp"
		Flags: 0x0004000B
		Form ID: 0x0000DD1F
		Form Type: 63
		Full Name: ""
	[RSP+1E0] 0xF57FB7F619       (void*)
	[RSP+1E8] 0x7FF62E19B595     (void* -> Fallout4.exe+24FB595)
	[RSP+1F0] 0xF57FB7F700       (void*)
	[RSP+1F8] 0x0                (size_t)
	[RSP+200] 0x44967180C52D3780 (size_t)
	[RSP+208] 0x44127808         (size_t)
	[RSP+210] 0xFF7FFFFFFF7FFFFF (size_t)
	[RSP+218] 0x7F7FFFFFFF7FFFFF (size_t)
	[RSP+220] 0x7F7FFFFF7F7FFFFF (size_t)
	[RSP+228] 0x0                (size_t)
	[RSP+230] 0x453EF411477B77F5 (size_t)
	[RSP+238] 0xF54428B2DC       (size_t)
	[RSP+240] 0x28A68A46980      (void*)
	[RSP+248] 0x0                (size_t)
	[RSP+250] 0x28AA1BC1340      (PathingCell*)
	[RSP+258] 0x7FF60001FFFF     (size_t)
	[RSP+260] 0x28A68A46980      (void*)
	[RSP+268] 0xF57FB7F8B8       (void*)
	[RSP+270] 0x289FF1A5F40      (void*)
	[RSP+278] 0xF57FB7F7E0       (BSPathBuilder*)
	[RSP+280] 0xF57FB7F7E0       (BSPathBuilder*)
	[RSP+288] 0x7FF62E1C2218     (void* -> Fallout4.exe+2522218)
	[RSP+290] 0x42800000         (size_t)
	[RSP+298] 0x28A68A46980      (void*)
	[RSP+2A0] 0x28A689C3640      (void*)
	[RSP+2A8] 0x7FF62ECD13A0     (char*) "Request Destination: "
	[RSP+2B0] 0x0                (size_t)
	[RSP+2B8] 0x289FF1A5F40      (void*)
	[RSP+2C0] 0x900              (size_t)
	[RSP+2C8] 0xF57FB7F8B8       (void*)
	[RSP+2D0] 0xF57FB7F708       (void*)
	[RSP+2D8] 0x4A               (size_t)
	[RSP+2E0] 0x28B06D842C0      (PathingRequest*)
	[RSP+2E8] 0x7FF62E1C0ADB     (void* -> Fallout4.exe+2520ADB)
	[RSP+2F0] 0x4A               (size_t)
	[RSP+2F8] 0x900              (size_t)
	[RSP+300] 0x7FF62ECD13A0     (char*) "Request Destination: "
	[RSP+308] 0x7FF62ECD1388     (char*) "Request Origin: "
	[RSP+310] 0x42800000         (size_t)
	[RSP+318] 0x289FF1A6900      (char*) "J"
	[RSP+320] 0x289FF1A6900      (char*) "J"
	[RSP+328] 0x28AA30FDFA8      (void*)
	[RSP+330] 0xF57FB7F8B8       (void*)
	[RSP+338] 0x7FF62ECCDED8     (void* -> Fallout4.exe+302DED8)
	[RSP+340] 0x4280000000000000 (size_t)
	[RSP+348] 0xF57FB7F701       (void*)
	[RSP+350] 0x43E10000         (size_t)
	[RSP+358] 0x7FF62ECCDED8     (void* -> Fallout4.exe+302DED8)
	[RSP+360] 0x4280000000000000 (size_t)
	[RSP+368] 0x7FF631753501     (void* -> Fallout4.exe+5AB3501)
	[RSP+370] 0x20043E10000      (size_t)
	[RSP+378] 0xF57FB7F8B8       (void*)
	[RSP+380] 0x0                (size_t)
	[RSP+388] 0x0                (size_t)
	[RSP+390] 0x289FF1A6900      (char*) "J"
	[RSP+398] 0x28AA30FDFA8      (void*)
	[RSP+3A0] 0x28AA30FDFA8      (void*)
	[RSP+3A8] 0x330EB0E3         (size_t)
	[RSP+3B0] 0x28B06D842C0      (PathingRequest*)
	[RSP+3B8] 0x7FF62C439F4B     (void* -> Fallout4.exe+0799F4B)
	[RSP+3C0] 0xFFFFFFFF         (size_t)
	[RSP+3C8] 0x289FF1A6900      (char*) "J"
	[RSP+3D0] 0xF57FB7F8B8       (void*)
	[RSP+3D8] 0x7FF62C4167E5     (void* -> Fallout4.exe+07767E5)
	[RSP+3E0] 0x7FF62ECD1288     (void* -> Fallout4.exe+3031288)
	[RSP+3E8] 0x453EF411477B77F5 (size_t)
	[RSP+3F0] 0x28A4428B2DC      (size_t)
	[RSP+3F8] 0x28A68A46980      (void*)
	[RSP+400] 0x0                (size_t)
	[RSP+408] 0x28AA1BC1340      (PathingCell*)
	[RSP+410] 0x28B0001FFFF      (void*)
	[RSP+418] 0x28B06D842C0      (PathingRequest*)
	[RSP+420] 0x28B62DD7640      (void*)
	[RSP+428] 0x289FF1A6860      (ScrapHeap*)
	[RSP+430] 0x289FF1A6900      (char*) "J"
	[RSP+438] 0x7FF62BCC44E3     (void* -> Fallout4.exe+00244E3)
	[RSP+440] 0x28AA30FDFB0      (void*)
	[RSP+448] 0x7FF62E12C961     (void* -> Fallout4.exe+248C961)
	[RSP+450] 0x4A               (size_t)
	[RSP+458] 0x28B06D842C0      (PathingRequest*)
	[RSP+460] 0x7FF631581C00     (void* -> Fallout4.exe+58E1C00)
	[RSP+468] 0x0                (size_t)
	[RSP+470] 0x0                (size_t)
	[RSP+478] 0x28AA30FDFA0      (void*)
	[RSP+480] 0x28A2287C390      (void*)
	[RSP+488] 0x2                (size_t)
	[RSP+490] 0x28AA30FDFA0      (void*)
	[RSP+498] 0x7FF62E145C37     (void* -> Fallout4.exe+24A5C37)
	[RSP+4A0] 0xF57FB7F939       (void*)
	[RSP+4A8] 0xF520C75C5E       (size_t)
	[RSP+4B0] 0x28AA30FDFA0      (void*)
	[RSP+4B8] 0x28B62DD7640      (void*)
	[RSP+4C0] 0x3                (size_t)
	[RSP+4C8] 0x28B06D84400      (PathingRequest*)
	[RSP+4D0] 0x28B62DD7700      (void*)
	[RSP+4D8] 0x0                (size_t)
	[RSP+4E0] 0x28BC00000BB      (size_t)
	[RSP+4E8] 0x0                (size_t)
	[RSP+4F0] 0xEDBC9DCE00009F80 (size_t)
	[RSP+4F8] 0x7FFD171AB62E     (void* -> KERNELBASE.dll+004B62E)
	[RSP+500] 0xF57FB7F9B8       (void*)
	[RSP+508] 0x7FF62E90CA70     (void* -> Fallout4.exe+2C6CA70)
	[RSP+510] 0x28AB030F688      (void*)
	[RSP+518] 0x0                (size_t)
	[RSP+520] 0xFFFFFFFFFFFFD8F0 (size_t)
	[RSP+528] 0x0                (size_t)
	[RSP+530] 0x48               (size_t)
	[RSP+538] 0x7FF600000001     (size_t)
	[RSP+540] 0x0                (size_t)
	[RSP+548] 0x0                (size_t)
	[RSP+550] 0x0                (size_t)
	[RSP+558] 0x0                (size_t)
	[RSP+560] 0x0                (size_t)
	[RSP+568] 0x0                (size_t)
	[RSP+570] 0x1                (size_t)
	[RSP+578] 0x28A2287C340      (`anonymous namespace'::PathManagerServer*)
	[RSP+580] 0x1                (size_t)
	[RSP+588] 0x28A2287C3B0      (void*)
	[RSP+590] 0x28AA30FFC80      (void*)
	[RSP+598] 0x7FF62E14C234     (void* -> Fallout4.exe+24AC234)
	[RSP+5A0] 0x28AA30FDFA0      (void*)
	[RSP+5A8] 0x28AA30FDFA0      (void*)
	[RSP+5B0] 0x28A2287C390      (void*)
	[RSP+5B8] 0x0                (size_t)
	[RSP+5C0] 0x0                (size_t)
	[RSP+5C8] 0x0                (size_t)
	[RSP+5D0] 0x0                (size_t)
	[RSP+5D8] 0x0                (size_t)
	[RSP+5E0] 0x0                (size_t)
	[RSP+5E8] 0x7FF62D7BCFED     (void* -> Fallout4.exe+1B1CFED)
	[RSP+5F0] 0x28A2287C340      (`anonymous namespace'::PathManagerServer*)
	[RSP+5F8] 0x0                (size_t)
	[RSP+600] 0x0                (size_t)
	[RSP+608] 0x0                (size_t)
	[RSP+610] 0x28A2287C340      (`anonymous namespace'::PathManagerServer*)
	[RSP+618] 0x0                (size_t)
	[RSP+620] 0x0                (size_t)
	[RSP+628] 0x7FFD18407344     (void* -> KERNEL32.DLL+0017344)
	[RSP+630] 0x0                (size_t)
	[RSP+638] 0x0                (size_t)
	[RSP+640] 0x0                (size_t)
	[RSP+648] 0x0                (size_t)
	[RSP+650] 0x0                (size_t)
	[RSP+658] 0x7FFD197626B1     (void* -> ntdll.dll+00526B1)
	[RSP+660] 0x0                (size_t)
	[RSP+668] 0x0                (size_t)
	[RSP+670] 0x0                (size_t)
	[RSP+678] 0x0                (size_t)
	[RSP+680] 0x0                (size_t)
	[RSP+688] 0x0                (size_t)
	[RSP+690] 0xD00B09EC00000000 (size_t)
	[RSP+698] 0x0                (size_t)
	[RSP+6A0] 0x0                (size_t)
	[RSP+6A8] 0x7FFD1728DE30     (void* -> KERNELBASE.dll+012DE30)
	[RSP+6B0] 0xF57FB7E500       (void*)
	[RSP+6B8] 0xFFDC723D7DC00007 (size_t)
	[RSP+6C0] 0x7FFDC723D7DC     (size_t)
	[RSP+6C8] 0xF57FB7E500       (void*)
	[RSP+6D0] 0x0                (size_t)
	[RSP+6D8] 0x0                (size_t)
	[RSP+6E0] 0x0                (size_t)
	[RSP+6E8] 0x0                (size_t)
	[RSP+6F0] 0x0                (size_t)
	[RSP+6F8] 0x0                (size_t)
	[RSP+700] 0x0                (size_t)
	[RSP+708] 0x0                (size_t)
	[RSP+710] 0x0                (size_t)
	[RSP+718] 0x0                (size_t)
	[RSP+720] 0x0                (size_t)
	[RSP+728] 0x0                (size_t)
	[RSP+730] 0x0                (size_t)
	[RSP+738] 0x0                (size_t)
	[RSP+740] 0x0                (size_t)
	[RSP+748] 0x0                (size_t)
	[RSP+750] 0x0                (size_t)
	[RSP+758] 0x0                (size_t)
	[RSP+760] 0x0                (size_t)
	[RSP+768] 0x0                (size_t)
	[RSP+770] 0x0                (size_t)
	[RSP+778] 0x0                (size_t)
	[RSP+780] 0x0                (size_t)
	[RSP+788] 0x0                (size_t)
	[RSP+790] 0x0                (size_t)
	[RSP+798] 0x0                (size_t)
	[RSP+7A0] 0x0                (size_t)
	[RSP+7A8] 0x0                (size_t)
	[RSP+7B0] 0x0                (size_t)
	[RSP+7B8] 0x0                (size_t)
	[RSP+7C0] 0x0                (size_t)
	[RSP+7C8] 0x0                (size_t)
	[RSP+7D0] 0x0                (size_t)
	[RSP+7D8] 0x0                (size_t)
	[RSP+7E0] 0x0                (size_t)
	[RSP+7E8] 0x0                (size_t)
	[RSP+7F0] 0x0                (size_t)
	[RSP+7F8] 0x0                (size_t)
	[RSP+800] 0x0                (size_t)
	[RSP+808] 0x0                (size_t)
	[RSP+810] 0x0                (size_t)
	[RSP+818] 0x0                (size_t)
	[RSP+820] 0x0                (size_t)
	[RSP+828] 0x0                (size_t)
	[RSP+830] 0x0                (size_t)
	[RSP+838] 0x0                (size_t)
	[RSP+840] 0x0                (size_t)
	[RSP+848] 0x0                (size_t)
	[RSP+850] 0x0                (size_t)
	[RSP+858] 0x0                (size_t)
	[RSP+860] 0x0                (size_t)
	[RSP+868] 0x0                (size_t)
	[RSP+870] 0x0                (size_t)
	[RSP+878] 0x0                (size_t)
	[RSP+880] 0x0                (size_t)
	[RSP+888] 0x0                (size_t)
	[RSP+890] 0x0                (size_t)
	[RSP+898] 0x0                (size_t)
	[RSP+8A0] 0x0                (size_t)
	[RSP+8A8] 0x0                (size_t)
	[RSP+8B0] 0x0                (size_t)
	[RSP+8B8] 0x0                (size_t)
	[RSP+8C0] 0x0                (size_t)
	[RSP+8C8] 0x0                (size_t)
	[RSP+8D0] 0x0                (size_t)
	[RSP+8D8] 0x0                (size_t)
	[RSP+8E0] 0x0                (size_t)
	[RSP+8E8] 0x0                (size_t)
	[RSP+8F0] 0x0                (size_t)
	[RSP+8F8] 0x0                (size_t)
	[RSP+900] 0x0                (size_t)
	[RSP+908] 0x0                (size_t)
	[RSP+910] 0x0                (size_t)
	[RSP+918] 0x0                (size_t)
	[RSP+920] 0x0                (size_t)
	[RSP+928] 0x0                (size_t)
	[RSP+930] 0x0                (size_t)
	[RSP+938] 0x0                (size_t)
	[RSP+940] 0x0                (size_t)
	[RSP+948] 0x0                (size_t)
	[RSP+950] 0x0                (size_t)
	[RSP+958] 0x0                (size_t)
	[RSP+960] 0x0                (size_t)
	[RSP+968] 0x0                (size_t)
	[RSP+970] 0x0                (size_t)
	[RSP+978] 0x0                (size_t)
	[RSP+980] 0x0                (size_t)
	[RSP+988] 0x0                (size_t)
	[RSP+990] 0x0                (size_t)
	[RSP+998] 0x0                (size_t)
	[RSP+9A0] 0x0                (size_t)
	[RSP+9A8] 0x0                (size_t)
	[RSP+9B0] 0x0                (size_t)
	[RSP+9B8] 0x0                (size_t)
	[RSP+9C0] 0x0                (size_t)
	[RSP+9C8] 0x0                (size_t)
	[RSP+9D0] 0x0                (size_t)
	[RSP+9D8] 0x0                (size_t)
	[RSP+9E0] 0x0                (size_t)
	[RSP+9E8] 0x0                (size_t)
	[RSP+9F0] 0x0                (size_t)
	[RSP+9F8] 0x0                (size_t)
	[RSP+A00] 0x0                (size_t)
	[RSP+A08] 0x0                (size_t)
	[RSP+A10] 0x0                (size_t)
	[RSP+A18] 0x0                (size_t)
	[RSP+A20] 0x0                (size_t)
	[RSP+A28] 0x0                (size_t)
	[RSP+A30] 0x0                (size_t)
	[RSP+A38] 0x0                (size_t)
	[RSP+A40] 0x0                (size_t)
	[RSP+A48] 0x0                (size_t)
	[RSP+A50] 0x0                (size_t)
	[RSP+A58] 0x0                (size_t)
	[RSP+A60] 0x0                (size_t)
	[RSP+A68] 0x0                (size_t)
	[RSP+A70] 0x0                (size_t)
	[RSP+A78] 0x0                (size_t)
	[RSP+A80] 0x0                (size_t)
	[RSP+A88] 0x0                (size_t)
	[RSP+A90] 0x0                (size_t)
	[RSP+A98] 0x0                (size_t)
	[RSP+AA0] 0x0                (size_t)
	[RSP+AA8] 0x0                (size_t)
	[RSP+AB0] 0x0                (size_t)
	[RSP+AB8] 0x0                (size_t)
	[RSP+AC0] 0x0                (size_t)
	[RSP+AC8] 0x0                (size_t)
	[RSP+AD0] 0x0                (size_t)
	[RSP+AD8] 0x0                (size_t)
	[RSP+AE0] 0x0                (size_t)
	[RSP+AE8] 0x0                (size_t)
	[RSP+AF0] 0x0                (size_t)
	[RSP+AF8] 0x0                (size_t)
	[RSP+B00] 0x0                (size_t)
	[RSP+B08] 0x0                (size_t)
	[RSP+B10] 0x0                (size_t)
	[RSP+B18] 0x0                (size_t)
	[RSP+B20] 0x0                (size_t)
	[RSP+B28] 0x0                (size_t)
	[RSP+B30] 0x0                (size_t)
	[RSP+B38] 0x0                (size_t)
	[RSP+B40] 0x0                (size_t)
	[RSP+B48] 0x0                (size_t)
	[RSP+B50] 0x0                (size_t)
	[RSP+B58] 0x0                (size_t)
	[RSP+B60] 0x0                (size_t)
	[RSP+B68] 0x0                (size_t)
	[RSP+B70] 0x0                (size_t)
	[RSP+B78] 0x0                (size_t)
	[RSP+B80] 0x0                (size_t)
	[RSP+B88] 0x0                (size_t)
	[RSP+B90] 0x0                (size_t)
	[RSP+B98] 0x0                (size_t)
	[RSP+BA0] 0x0                (size_t)
	[RSP+BA8] 0x0                (size_t)
	[RSP+BB0] 0x0                (size_t)
	[RSP+BB8] 0x0                (size_t)
	[RSP+BC0] 0x0                (size_t)
	[RSP+BC8] 0x0                (size_t)
	[RSP+BD0] 0x0                (size_t)
	[RSP+BD8] 0x0                (size_t)
	[RSP+BE0] 0x0                (size_t)
	[RSP+BE8] 0x0                (size_t)
	[RSP+BF0] 0x0                (size_t)
	[RSP+BF8] 0x0                (size_t)

MODULES:
	XINPUT1_3.dll                      0x000000400000
	X3DAudio1_7.dll                    0x00006A750000
	steam_api64.dll                    0x00006A760000
	FallSouls.dll                      0x0289B92C0000
	Fallout4.exe                       0x7FF62BCA0000
	XAudio2_7.dll                      0x7FFC59800000
	gameoverlayrenderer64.dll          0x7FFC59890000
	XDI.dll                            0x7FFC59A20000
	WhoseQuestIsItAnywayF4.dll         0x7FFC59A90000
	ToYourFaceFO4.dll                  0x7FFC59AF0000
	SprintSpeedController.dll          0x7FFC59B40000
	RobCo_Patcher.dll                  0x7FFC59B90000
	RememberPickAngleUpdated.dll       0x7FFC59C80000
	ReloadFix.dll                      0x7FFC59D40000
	PrivateProfileRedirector.dll       0x7FFC59D90000
	po3_SimpleOffenceSuppressionF4.dll 0x7FFC59DF0000
	Outfit-ReDress-Fix.dll             0x7FFC59E80000
	MGEFConditionFix.dll               0x7FFC59ED0000
	mcm.dll                            0x7FFC59F20000
	LongLoadingTimesFix.dll            0x7FFC59FC0000
	CONCRT140.dll                      0x7FFC5A020000
	Interior-NavCut-Fix.dll            0x7FFC5A070000
	Buffout4.dll                       0x7FFC5A0C0000
	steamclient64.dll                  0x7FFC5A420000
	HighFPSPhysicsFix.dll              0x7FFC63EB0000
	ClassicHolsteredWeapons.dll        0x7FFC63F40000
	BulletCountedReload.dll            0x7FFC64070000
	BLD_Helper.dll                     0x7FFC64100000
	BakaMaxPapyrusOps.dll              0x7FFC64460000
	f4se_1_10_163.dll                  0x7FFC64920000
	tier0_s64.dll                      0x7FFC64A00000
	DirectHit.dll                      0x7FFC65030000
	vstdlib_s64.dll                    0x7FFC65090000
	CCExtenderF4.dll                   0x7FFC651E0000
	GLXRM_FriendlyFire.dll             0x7FFC652B0000
	cudart64_75.dll                    0x7FFC65390000
	GFSDK_SSAO_D3D11.win64.dll         0x7FFC655A0000
	flexRelease_x64.dll                0x7FFC65630000
	MSVCR110.dll                       0x7FFC65780000
	MSVCP110.dll                       0x7FFC65860000
	GFSDK_GodraysLib.x64.dll           0x7FFC6B230000
	bink2w64.dll                       0x7FFC6B290000
	Bastion.dll                        0x7FFC6BE50000
	flexExtRelease_x64.dll             0x7FFC6C330000
	ArmorPenetrationBugFix.dll         0x7FFC6C3E0000
	f4se_steam_loader.dll              0x7FFC77540000
	nvspcap64.dll                      0x7FFC78C50000
	encounter_zone_recalculation.dll   0x7FFC80240000
	AmmoRemover.dll                    0x7FFC803A0000
	SprintStutteringFix.dll            0x7FFC81390000
	mskeyprotect.dll                   0x7FFCEBED0000
	ncryptsslp.dll                     0x7FFCEBF20000
	MSVCP140.dll                       0x7FFCFA760000
	winmmbase.dll                      0x7FFCFA7F0000
	DSOUND.DLL                         0x7FFCFAE40000
	VCRUNTIME140_1.dll                 0x7FFCFB2A0000
	VCRUNTIME140.dll                   0x7FFCFB2B0000
	MSVCP140_ATOMIC_WAIT.dll           0x7FFCFD290000
	nvToolsExt64_1.dll                 0x7FFCFD3C0000
	Secur32.dll                        0x7FFCFE1C0000
	OneCoreCommonProxyStub.dll         0x7FFCFE6F0000
	COMCTL32.dll                       0x7FFCFFE20000
	MpOav.dll                          0x7FFD002A0000
	fastprox.dll                       0x7FFD00780000
	amsi.dll                           0x7FFD00890000
	fwpuclnt.dll                       0x7FFD00980000
	MessageBus.dll                     0x7FFD00C90000
	webio.dll                          0x7FFD013D0000
	wbemsvc.dll                        0x7FFD014F0000
	wbemcomn.dll                       0x7FFD01930000
	nvapi64.dll                        0x7FFD01DF0000
	nvwgf2umx.dll                      0x7FFD025A0000
	dbghelp.dll                        0x7FFD079B0000
	WINMM.dll                          0x7FFD082F0000
	nvgpucomp64.dll                    0x7FFD0AB90000
	InputHost.dll                      0x7FFD0D0D0000
	textinputframework.dll             0x7FFD0D230000
	nvldumdx.dll                       0x7FFD0D330000
	Windows.UI.dll                     0x7FFD0D3F0000
	OneCoreUAPCommonProxyStub.dll      0x7FFD0DD40000
	dxcore.dll                         0x7FFD0E590000
	wbemprox.dll                       0x7FFD0F2C0000
	drvstore.dll                       0x7FFD0FBC0000
	VERSION.dll                        0x7FFD0FD10000
	cryptnet.dll                       0x7FFD0FE40000
	rasadhlp.dll                       0x7FFD10010000
	dhcpcsvc.DLL                       0x7FFD10220000
	dhcpcsvc6.DLL                      0x7FFD10290000
	twinapi.appcore.dll                0x7FFD10620000
	AUDIOSES.DLL                       0x7FFD10830000
	WINNSI.DLL                         0x7FFD10AD0000
	MMDevApi.dll                       0x7FFD10B10000
	WindowManagementAPI.dll            0x7FFD10BA0000
	avrt.dll                           0x7FFD11110000
	WINHTTP.dll                        0x7FFD11300000
	PROPSYS.dll                        0x7FFD12810000
	d3d11.dll                          0x7FFD12B00000
	wintypes.dll                       0x7FFD138D0000
	dcomp.dll                          0x7FFD13A30000
	CoreUIComponents.dll               0x7FFD13FA0000
	CoreMessaging.dll                  0x7FFD14300000
	apphelp.dll                        0x7FFD14630000
	uxtheme.dll                        0x7FFD14800000
	resourcepolicyclient.dll           0x7FFD148C0000
	dwmapi.dll                         0x7FFD14AF0000
	kernel.appcore.dll                 0x7FFD14CD0000
	windows.storage.dll                0x7FFD14ED0000
	HID.DLL                            0x7FFD15670000
	dxgi.dll                           0x7FFD156B0000
	schannel.DLL                       0x7FFD15D00000
	rsaenh.dll                         0x7FFD15DF0000
	ntmarta.dll                        0x7FFD15F10000
	IPHLPAPI.DLL                       0x7FFD161B0000
	DNSAPI.dll                         0x7FFD161F0000
	MSWSOCK.dll                        0x7FFD164C0000
	CRYPTBASE.DLL                      0x7FFD16710000
	CRYPTSP.dll                        0x7FFD16720000
	UMPDC.dll                          0x7FFD167C0000
	Wldp.dll                           0x7FFD167E0000
	powrprof.dll                       0x7FFD16810000
	NTASN1.dll                         0x7FFD16860000
	ncrypt.dll                         0x7FFD168A0000
	msasn1.dll                         0x7FFD169C0000
	devobj.dll                         0x7FFD16B80000
	DPAPI.DLL                          0x7FFD16BE0000
	USERENV.dll                        0x7FFD16CA0000
	SSPICLI.DLL                        0x7FFD16CD0000
	profapi.dll                        0x7FFD16D20000
	wintrust.dll                       0x7FFD16DF0000
	msvcp_win.dll                      0x7FFD16E60000
	bcryptPrimitives.dll               0x7FFD16F00000
	bcrypt.dll                         0x7FFD16F90000
	cfgmgr32.dll                       0x7FFD16FC0000
	win32u.dll                         0x7FFD17010000
	gdi32full.dll                      0x7FFD17040000
	KERNELBASE.dll                     0x7FFD17160000
	ucrtbase.dll                       0x7FFD17510000
	CRYPT32.dll                        0x7FFD17610000
	shlwapi.dll                        0x7FFD17770000
	COMDLG32.dll                       0x7FFD177D0000
	RPCRT4.dll                         0x7FFD178B0000
	SHELL32.dll                        0x7FFD179E0000
	MSCTF.dll                          0x7FFD18130000
	PSAPI.DLL                          0x7FFD18340000
	sechost.dll                        0x7FFD18350000
	KERNEL32.DLL                       0x7FFD183F0000
	ADVAPI32.dll                       0x7FFD184B0000
	clbcatq.dll                        0x7FFD18560000
	ole32.dll                          0x7FFD18620000
	OLEAUT32.dll                       0x7FFD18960000
	NSI.dll                            0x7FFD18A30000
	SHCORE.dll                         0x7FFD18A40000
	msvcrt.dll                         0x7FFD18AF0000
	USER32.dll                         0x7FFD18B90000
	SETUPAPI.dll                       0x7FFD18D30000
	combase.dll                        0x7FFD191A0000
	imagehlp.dll                       0x7FFD195E0000
	IMM32.DLL                          0x7FFD19600000
	WS2_32.dll                         0x7FFD19630000
	GDI32.dll                          0x7FFD196A0000
	ntdll.dll                          0x7FFD19710000

F4SE PLUGINS:
	AmmoRemover.dll v1.0.5
	ArmorPenetrationBugFix.dll v1
	BakaMaxPapyrusOps.dll v1.1
	Bastion.dll v1
	BLD_Helper.dll v1
	Buffout4.dll v1.28.6
	BulletCountedReload.dll
	CCExtenderF4.dll v1.2
	ClassicHolsteredWeapons.dll
	DirectHit.dll v1
	encounter_zone_recalculation.dll
	FallSouls.dll
	GLXRM_FriendlyFire.dll v1
	HighFPSPhysicsFix.dll
	Interior-NavCut-Fix.dll v1.0.3
	LongLoadingTimesFix.dll
	mcm.dll
	MGEFConditionFix.dll v1
	Outfit-ReDress-Fix.dll v1
	po3_SimpleOffenceSuppressionF4.dll v1
	PrivateProfileRedirector.dll
	ReloadFix.dll v1.2.4
	RememberPickAngleUpdated.dll
	RobCo_Patcher.dll v3.5
	SprintSpeedController.dll v1
	SprintStutteringFix.dll
	ToYourFaceFO4.dll
	WhoseQuestIsItAnywayF4.dll v1
	XDI.dll

PLUGINS:
	[00]     Fallout4.esm
	[01]     DLCRobot.esm
	[02]     DLCworkshop01.esm
	[03]     DLCCoast.esm
	[04]     DLCworkshop02.esm
	[05]     DLCworkshop03.esm
	[06]     DLCNukaWorld.esm
	[07]     Unofficial Fallout 4 Patch.esp
	[08]     HUDFramework.esm
	[09]     XDI.esm
	[0A]     TrueStormsFO4.esm
	[0B]     DEF_WIDGETS_CORE.esm
	[0C]     TacticalReload.esm
	[0D]     SouthOfTheSea.esm
	[0E]     TheWilderness.esm
	[0F]     RED.esp
	[10]     DLC Timing.esp
	[11]     Better Locational Damage.esp
	[12]     Realistic Survival Damage.esp
	[13]     BLD - AI Tweaks.esp
	[14]     Better Perks.esp
	[15]     Better Locational Damage - DLC_WWorkshop.esp
	[16]     WeaponModFixes-GOTY.esp
	[17]     A Forest.esp
	[18]     RynsFallout4.esp
	[19]     Boston_Police_Department.esp
	[1A]     SD-Starlight-Overhaul.esp
	[1B]     BTInteriors_Project.esp
	[1C]     FortHope.esp
	[1D]     3DNPC_FO4.esp
	[1E]     BTInt_Optimization.esp
	[1F]     Murkwater revisited.esp
	[20]     MutilatedDeadBodies.esp
	[21]     TenpinesBluff-OverHaul-redux.esp
	[22]     awayfromitall.esp
	[23]     ImmersiveGunnersPlazaInterior.esp
	[24]     _hod.esp
	[25]     NEST_BUNKER_PROJECT.esp
	[26]     USAFSatelliteStation.esp
	[27]     subwayrunnnerdynamiclighting.esp
	[28]     ImmersiveGunnersPlazaExterior.esp
	[29]     sectorv.esp
	[2A]     SC-SanctuaryCrash-redux.esp
	[2B]     Atomic World.esp
	[2C]     moreXplore.esp
	[2D]     ImmersiveHubCityAutoWreckers.esp
	[2E]     Immersive_Lexington.esp
	[2F]     AlleyEncampmentSettlement.esp
	[30]     NRO-NewRedRocketOverhaul.esp
	[31]     The House.esp
	[32]     3DNPC_FO4_DLC.esp
	[33]     ConcordEXPANDED.esp
	[34]     BeantownConcordExpandedPatch.esp
	[35]     Raider Children.esp
	[36]     JalbertBrotherSettlement.esp
	[37]     ImmersiveBeantown.esp
	[38]     WZWildWasteland.esp
	[39]     TFRangerGear.esp
	[3A]     Desert Ranger Combat Armor.esp
	[3B]     SalemEXPANDED.esp
	[3C]     SwampsEXPANDED.esp
	[3D]     HagenEXPANDED.esp
	[3E]     LR_APCTransport.esp
	[3F]     Immersive Nahant.esp
	[40]     Backpacks of the Commonwealth.esp
	[41]     3DNPC_FO4Settler.esp
	[42]     Ballistic Weaver NW.esp
	[43]     Far Harbor Ballistic Weaver.esp
	[44]     BallisticWeaver.esp
	[45]     Orphans.esp
	[46]     ChildrenofGoodneighbor.esp
	[47]     MortalYouths.esp
	[48]     ImmersiveCovenantCompound.esp
	[49]     4estGimp - SotS AS MMWatchtower.esp
	[4A]     CSEPBIARedux.esp
	[4B]     LR_APCNukaWorldExspansion.esp
	[4C]     Minutemen Supply Caches.esp
	[4D]     atlanticofficesf23.esp
	[4E]     LR_APCFarHarborExspansion.esp
	[4F]     Firelance2.5.esp
	[50]     AtomicRadio.esp
	[51]     ChildrenofBunkerHill.esp
	[52]     TrueStormsFO4-FarHarbor.esp
	[53]     TrueStormsFO4-EarlierSunsetsFH.esp
	[54]     TrueStormsFO4-EarlierSunsets.esp
	[55]     TrueStormsFO4-NukaWorld-FH-Compat.esp
	[56]     DEF_WIDGETS_SURVIVAL1.esp
	[57]     TacticalReloadVanilla.esp
	[58]     TacticalReloadDLC.esp
	[59]     LeverActionBCR.esp
	[5A]     Less Annoying Berry Mentats.esp
	[5B]     StartMeUp.esp
	[5C]     StartMeUpNukaWorldPatch.esp
	[FE:000] PPF.esm
	[FE:001] Community Fixes Merged.esp
	[FE:002] TMR_GlitchfinderAIO.esm
	[FE:003] Ownership Fixes.esp
	[FE:004] SSTMinutemanWatchtowers.esl
	[FE:005] REFramework.esm
	[FE:006] Rad Barrels illuminated.esp
	[FE:007] Computer Console illuminated Part 2.esp
	[FE:008] Computer Console illuminated.esp
	[FE:009] DLC Timing - UFO4P Patch.esp
	[FE:00A] Bastion.esp
	[FE:00B] Community Fixes Merged - BPA Redux Patch.esp
	[FE:00C] Better Locational Damage - DLC_Far_Harbor.esp
	[FE:00D] BLD - Leveled Lists - DLC.esp
	[FE:00E] Better Locational Damage - DLC_Nuka_World.esp
	[FE:00F] Better Locational Damage - DLC_Automatron.esp
	[FE:010] Less intrusive tutorial.esp
	[FE:011] LetMeUseThat.esp
	[FE:012] A Forest-Base Mod Patch.esp
	[FE:013] A Forest-Hanscom AFB patch.esp
	[FE:014] A Forest-Fort Hope Revisited patch.esp
	[FE:015] Keep Radiants In Commonwealth.esp
	[FE:016] A Forest-StarlightOverhaul patch.esp
	[FE:017] A Forest-RynsFallout4.esp
	[FE:018] A Forest-Away From It All patch.esp
	[FE:019] A Forest-Immersive Lexington.esp
	[FE:01A] LR_APCTransport_murkwater_revisited_patch.esp
	[FE:01B] Backpacks of the Commonwealth - UFO4P Patch.esp
	[FE:01C] StartMeUpShaunDefaultAppearance.esp
	[FE:01D] A Forest-NRO-NewRedRocketOverhaul.esp
	[FE:01E] A Forest-Murkwater Revisited.esp
	[FE:01F] A Forest-Tenpines Bluff Overhaul Redux.esp
	[FE:020] A Forest-Sanctuary Hills Overhaul Redux.esp
	[FE:021] A Forest-Jalbert Brothers Expansion.esp
	[FE:022] A Forest-Vault 28 patch.esp
	[FE:023] A Forest-Boston_Police_Department.esp
	[FE:024] A Forest-AlleyEncampmentSettlement.esp
	[FE:025] A Forest-USAFStationOlivia.esp
	[FE:026] M8rDisablePipboyEffects.esp
	[FE:027] Bullet in the Chamber.esp
	[FE:028] ImTalkingToYou.esp
	[FE:029] PuddleReflectionFix.esp
	[FE:02A] Wetness Shader Fix.esp
	[FE:02B] Community Fixes Merged - Weapon Mod Fixes Patch.esp
	[FE:02C] StopRemoveItems.esp
	[FE:02D] PRP.esp
	[FE:02E] Atomic Forest.esp
	[FE:02F] SouthOfTheSea[Previs].esp
	[FE:030] SouthOfTheSea[PatchWZWildWasteland].esp
