Fallout 4 v1.10.163
Buffout 4 v1.26.2

Unhandled exception "EXCEPTION_ACCESS_VIOLATION" at 0x7FF7E66209F2 Fallout4.exe+26F09F2

	[Compatibility]
		F4EE: true
	[Fixes]
		ActorIsHostileToActor: true
		CellInit: true
		CreateD3DAndSwapChain: true
		EncounterZoneReset: true
		GreyMovies: true
		MagicEffectApplyEvent: true
		MovementPlanner: true
		PackageAllocateLocation: true
		SafeExit: true
		TESObjectREFRGetEncounterZone: true
		UnalignedLoad: true
		UtilityShader: true
	[Patches]
		Achievements: true
		BSMTAManager: true
		BSPreCulledObjects: true
		BSTextureStreamerLocalHeap: true
		HavokMemorySystem: true
		INISettingCollection: true
		InputSwitch: false
		MaxStdIO: -1
		MemoryManager: false
		MemoryManagerDebug: false
		ScaleformAllocator: true
		SmallBlockAllocator: true
		WorkshopMenu: true
	[Warnings]
		CreateTexture2D: true
		ImageSpaceAdapter: true

SYSTEM SPECS:
	OS: Microsoft Windows 10 Pro v10.0.19041
	CPU: GenuineIntel Intel(R) Core(TM) i7-4790K CPU @ 4.00GHz
	GPU #1: Nvidia GP104 [GeForce GTX 1070]
	GPU #2: Intel Xeon E3-1200 v3/4th Gen Core Processor Integrated Graphics Controller
	GPU #3: Microsoft Basic Render Driver
	PHYSICAL MEMORY: 10.37 GB/23.88 GB

PROBABLE CALL STACK:
	[ 0] 0x7FF7E66209F2      Fallout4.exe+26F09F2 -> 1183888+0x92
	[ 1] 0x7FF7E664B818      Fallout4.exe+271B818 -> 877265+0x38
	[ 2] 0x7FF7E6686177      Fallout4.exe+2756177 -> 1466234+0xC7
	[ 3] 0x7FF7E6670EAE      Fallout4.exe+2740EAE -> 155003+0x7E
	[ 4] 0x7FF7E667174E      Fallout4.exe+274174E -> 1202197+0x14E
	[ 5] 0x7FF7E666B52D      Fallout4.exe+273B52D -> 1096241+0x25D
	[ 6] 0x7FF7E52A3E65      Fallout4.exe+1373E65 -> 428960+0x215
	[ 7] 0x7FF7E4C14C17      Fallout4.exe+0CE4C17 -> 52259+0xF7
	[ 8] 0x7FF7E4C0F49A      Fallout4.exe+0CDF49A -> 1328347+0xAAA
	[ 9] 0x7FFC9EDDEDC5 f4se_1_10_163.dll+000EDC5
	[10] 0x7FF7E4C1DA7D      Fallout4.exe+0CEDA7D -> 540706+0x38D
	[11] 0x7FF7E4C23A4D      Fallout4.exe+0CF3A4D -> 646554+0x2D
	[12] 0x7FF7E5A80F26      Fallout4.exe+1B50F26 -> 329005+0xC6
	[13] 0x7FF7E5A81432      Fallout4.exe+1B51432 -> 194800+0x202
	[14] 0x7FF7E5A83F67      Fallout4.exe+1B53F67 -> 1492866+0x67
	[15] 0x7FF7E5A4CFED      Fallout4.exe+1B1CFED -> 1079791+0x3D
	[16] 0x7FFCEF267034      KERNEL32.DLL+0017034
	[17] 0x7FFCF01026A1         ntdll.dll+00526A1

REGISTERS:
	RAX 0x115EA5           (size_t)
	RCX 0x115EB0           (size_t)
	RDX 0x115EB0           (size_t)
	RBX 0x14               (size_t)
	RSP 0xA1D73EEED0       (void*)
	RBP 0x268C5BE10C0      (void*)
	RSI 0x0                (size_t)
	RDI 0x2697A596CE0      (void*)
	R8  0x115EB0           (size_t)
	R9  0x7FFCA70F0000     (void*)
	R10 0x269165387E8      (void*)
	R11 0x269165387E8      (void*)
	R12 0x268EF590368      (void*)
	R13 0x273383CC3E       (size_t)
	R14 0x268C5BE0700      (void*)
	R15 0x268C5BE0701      (void*)

STACK:
	[RSP+0   ] 0x268C5BE0701      (void*)
	[RSP+8   ] 0x268C5BE0700      (void*)
	[RSP+10  ] 0x273383CC3E       (size_t)
	[RSP+18  ] 0x268EF590368      (void*)
	[RSP+20  ] 0x4                (size_t)
	[RSP+28  ] 0x7FF7E664B818     (void* -> Fallout4.exe+271B818)
	[RSP+30  ] 0x2697A596CE0      (void*)
	[RSP+38  ] 0x1                (size_t)
	[RSP+40  ] 0x2697A596CC0      (void*)
	[RSP+48  ] 0x26910148F08      (void*)
	[RSP+50  ] 0x2697A596CC0      (void*)
	[RSP+58  ] 0x7FF7E6686177     (void* -> Fallout4.exe+2756177)
	[RSP+60  ] 0x97               (size_t)
	[RSP+68  ] 0x268EF590360      (void*)
	[RSP+70  ] 0x268EF590330      (void*)
	[RSP+78  ] 0x7FF7E5A45908     (void* -> Fallout4.exe+1B15908)
	[RSP+80  ] 0x1                (size_t)
	[RSP+88  ] 0xFFFF00000008     (size_t)
	[RSP+90  ] 0x0                (size_t)
	[RSP+98  ] 0x0                (size_t)
	[RSP+A0  ] 0x0                (size_t)
	[RSP+A8  ] 0x0                (size_t)
	[RSP+B0  ] 0x268C5BE0700      (void*)
	[RSP+B8  ] 0x268C5BE0700      (void*)
	[RSP+C0  ] 0x0                (size_t)
	[RSP+C8  ] 0x268EF590330      (void*)
	[RSP+D0  ] 0x268EF584500      (BSScript::Internal::VirtualMachine*)
	[RSP+D8  ] 0x7FF7E6670EAE     (void* -> Fallout4.exe+2740EAE)
	[RSP+E0  ] 0x12               (size_t)
	[RSP+E8  ] 0x0                (size_t)
	[RSP+F0  ] 0x268EF590358      (void*)
	[RSP+F8  ] 0x9C0              (size_t)
	[RSP+100 ] 0x7FF7E6FAE814     (char*) "Struct"
	[RSP+108 ] 0x268EF584500      (BSScript::Internal::VirtualMachine*)
	[RSP+110 ] 0x0                (size_t)
	[RSP+118 ] 0x0                (size_t)
	[RSP+120 ] 0x0                (size_t)
	[RSP+128 ] 0x12               (size_t)
	[RSP+130 ] 0x268EF584500      (BSScript::Internal::VirtualMachine*)
	[RSP+138 ] 0x7FF7E667174E     (void* -> Fallout4.exe+274174E)
	[RSP+140 ] 0x268EF584500      (BSScript::Internal::VirtualMachine*)
	[RSP+148 ] 0x901              (size_t)
	[RSP+150 ] 0x4104             (size_t)
	[RSP+158 ] 0x7FF700000001     (size_t)
	[RSP+160 ] 0x7FF7E6BD5E14     (char*) "Object"
	[RSP+168 ] 0x268EF584500      (BSScript::Internal::VirtualMachine*)
	[RSP+170 ] 0x1E7A0            (size_t)
	[RSP+178 ] 0x268EF584518      (BSScript::Internal::VirtualMachine*)
	[RSP+180 ] 0x0                (size_t)
	[RSP+188 ] 0x268C5BE10C0      (void*)
	[RSP+190 ] 0x58               (size_t)
	[RSP+198 ] 0x7FF7E666B52D     (void* -> Fallout4.exe+273B52D)
	[RSP+1A0 ] 0x268EF5903C8      (void*)
	[RSP+1A8 ] 0x268EF5903C8      (void*)
	[RSP+1B0 ] 0x0                (size_t)
	[RSP+1B8 ] 0x7                (size_t)
	[RSP+1C0 ] 0x7FF7E99ED8F0     (GameVM*)
	[RSP+1C8 ] 0x268EC3137D0      (void*)
	[RSP+1D0 ] 0xA1D73EF188       (LoadStorageWrapper*)
	[RSP+1D8 ] 0x3E9              (size_t)
	[RSP+1E0 ] 0x2698AC527A8      (char*) "Save3_484975D5_526564_PrewarVault111_000029_20221023053047_1_2"
	[RSP+1E8 ] 0x7FF7E52A3E65     (void* -> Fallout4.exe+1373E65)
	[RSP+1F0 ] 0x0                (size_t)
	[RSP+1F8 ] 0x7                (size_t)
	[RSP+200 ] 0x1E7A0            (size_t)
	[RSP+208 ] 0x7FF7E5A80001     (void* -> Fallout4.exe+1B50001)
	[RSP+210 ] 0xA1D73EF1F0       (void*)
	[RSP+218 ] 0x268EC313B08      (void*)
	[RSP+220 ] 0x7FF7E6FAB6F0     (void* -> Fallout4.exe+307B6F0)
	[RSP+228 ] 0x7FF7E6CC2DC8     (char*) "Errors occurred while loading the Papyrus save game data"
	[RSP+230 ] 0x0                (size_t)
	[RSP+238 ] 0x7FF7E4C3A64B     (void* -> Fallout4.exe+0D0A64B)
	[RSP+240 ] 0x1E7A0            (size_t)
	[RSP+248 ] 0x7                (size_t)
	[RSP+250 ] 0x8                (size_t)
	[RSP+258 ] 0x3807C8           (size_t)
	[RSP+260 ] 0x2698AC527A8      (char*) "Save3_484975D5_526564_PrewarVault111_000029_20221023053047_1_2"
	[RSP+268 ] 0x7FF7E4C14C17     (void* -> Fallout4.exe+0CE4C17)
	[RSP+270 ] 0x7FF7E99ED800     (void* -> Fallout4.exe+5ABD800)
	[RSP+278 ] 0x0                (size_t)
	[RSP+280 ] 0x8                (size_t)
	[RSP+288 ] 0x58               (size_t)
	[RSP+290 ] 0x7FF7E6C68B38     (void* -> Fallout4.exe+2D38B38)
	[RSP+298 ] 0x0                (size_t)
	[RSP+2A0 ] 0x0                (size_t)
	[RSP+2A8 ] 0x7FF700000000     (size_t)
	[RSP+2B0 ] 0x0                (size_t)
	[RSP+2B8 ] 0x7FF7E6C68ED8     (void* -> Fallout4.exe+2D38ED8)
	[RSP+2C0 ] 0x0                (size_t)
	[RSP+2C8 ] 0x0                (size_t)
	[RSP+2D0 ] 0x7FF7E6C68B00     (void* -> Fallout4.exe+2D38B00)
	[RSP+2D8 ] 0x2698AC527A8      (char*) "Save3_484975D5_526564_PrewarVault111_000029_20221023053047_1_2"
	[RSP+2E0 ] 0x3807C8           (size_t)
	[RSP+2E8 ] 0x26800000000      (size_t)
	[RSP+2F0 ] 0x268EC313B08      (void*)
	[RSP+2F8 ] 0x58               (size_t)
	[RSP+300 ] 0x2698B810668      (void*)
	[RSP+308 ] 0x7FF7E4C0F49A     (void* -> Fallout4.exe+0CDF49A)
	[RSP+310 ] 0xA1D73EF2E0       (void*)
	[RSP+318 ] 0x269000003E9      (void*)
	[RSP+320 ] 0xA101A90162       (size_t)
	[RSP+328 ] 0x0                (size_t)
	[RSP+330 ] 0x1                (size_t)
	[RSP+338 ] 0x1                (size_t)
	[RSP+340 ] 0x0                (size_t)
	[RSP+348 ] 0xA100003CF5       (size_t)
	[RSP+350 ] 0x1E7A0            (size_t)
	[RSP+358 ] 0x2698C7D7248      (char*) "'DD"
	[RSP+360 ] 0x26800000058      (size_t)
	[RSP+368 ] 0x0                (size_t)
	[RSP+370 ] 0x7FF780000003     (size_t)
	[RSP+378 ] 0x2698C7D7248      (char*) "'DD"
	[RSP+380 ] 0x7FF7E6B86C68     (void* -> Fallout4.exe+2C56C68)
	[RSP+388 ] 0x0                (size_t)
	[RSP+390 ] 0x0                (size_t)
	[RSP+398 ] 0x7FFC00000000     (size_t)
	[RSP+3A0 ] 0x0                (size_t)
	[RSP+3A8 ] 0x1B0602D82A       (size_t)
	[RSP+3B0 ] 0x24               (size_t)
	[RSP+3B8 ] 0x26972B91CE0      (Hazard*)
		Object Reference: 
			File: "DLCNukaWorld.esm"
			Flags: 0x00000009
			Form ID: 0x0602D829
			Form Type: 52
		File: "DLCNukaWorld.esm"
		Flags: 0x00400C09
		Form ID: 0x0602D82A
		Form Type: 73
	[RSP+3C0 ] 0x1                (size_t)
	[RSP+3C8 ] 0x44270000         (size_t)
	[RSP+3D0 ] 0x268C5BE10C0      (void*)
	[RSP+3D8 ] 0x268C5BE0FBC      (void*)
	[RSP+3E0 ] 0x0                (size_t)
	[RSP+3E8 ] 0x7FFC00000000     (size_t)
	[RSP+3F0 ] 0x26800000000      (size_t)
	[RSP+3F8 ] 0x0                (size_t)
	[RSP+400 ] 0x0                (size_t)
	[RSP+408 ] 0x7FFC00000000     (size_t)
	[RSP+410 ] 0x1E5D8EF01E109AB  (size_t)
	[RSP+418 ] 0x105054000F3444   (size_t)
	[RSP+420 ] 0x38060300106FA1   (size_t)
	[RSP+428 ] 0xE0000000C        (size_t)
	[RSP+430 ] 0x3CF500000008     (size_t)
	[RSP+438 ] 0x0                (size_t)
	[RSP+440 ] 0x0                (size_t)
	[RSP+448 ] 0x0                (size_t)
	[RSP+450 ] 0x0                (size_t)
	[RSP+458 ] 0x0                (size_t)
	[RSP+460 ] 0x0                (size_t)
	[RSP+468 ] 0x0                (size_t)
	[RSP+470 ] 0x0                (size_t)
	[RSP+478 ] 0x0                (size_t)
	[RSP+480 ] 0xFFFFFFFF         (size_t)
	[RSP+488 ] 0xDBD5A170         (size_t)
	[RSP+490 ] 0x0                (size_t)
	[RSP+498 ] 0x7FF7E75FDAD4     (void* -> Fallout4.exe+36CDAD4)
	[RSP+4A0 ] 0x268DBD5A170      (char*) "
oading F4SEDelayFunctorManager data...a....h.esp7 - Submachine Guns.espipe Bolt Action.esp000029_20221023053047_1_2.f4seded correctlylytlyrrectlyded correctlyy"
	[RSP+4A8 ] 0x0                (size_t)
	[RSP+4B0 ] 0x3                (size_t)
	[RSP+4B8 ] 0x9EE4DABE         (size_t)
	[RSP+4C0 ] 0x0                (size_t)
	[RSP+4C8 ] 0x7FF7E75FDAD4     (void* -> Fallout4.exe+36CDAD4)
	[RSP+4D0 ] 0x7FFC9EE940E8     (void* -> f4se_1_10_163.dll+00C40E8)
	[RSP+4D8 ] 0x0                (size_t)
	[RSP+4E0 ] 0x6D0400000001     (size_t)
	[RSP+4E8 ] 0x7FFC9EE42F7D     (void* -> f4se_1_10_163.dll+0072F7D)
	[RSP+4F0 ] 0x38345F3365766153 (size_t)
	[RSP+4F8 ] 0x355F354435373934 (size_t)
	[RSP+500 ] 0x72505F3436353632 (size_t)
	[RSP+508 ] 0x6C75615672617765 (size_t)
	[RSP+510 ] 0x3030305F31313174 (size_t)
	[RSP+518 ] 0x323230325F393230 (size_t)
	[RSP+520 ] 0x3033353033323031 (size_t)
	[RSP+528 ] 0x662E325F315F3734 (size_t)
	[RSP+530 ] 0x7FFC9E00736F     (size_t)
	[RSP+538 ] 0x7FFC9EE3C89E     (void* -> f4se_1_10_163.dll+006C89E)
	[RSP+540 ] 0x7FFC9EE940E8     (void* -> f4se_1_10_163.dll+00C40E8)
	[RSP+548 ] 0x7FFC9EE42BDC     (void* -> f4se_1_10_163.dll+0072BDC)
	[RSP+550 ] 0x268CE9BE560      (void*)
	[RSP+558 ] 0xA1D73EF480       (void*)
	[RSP+560 ] 0xA1D73EF5A8       (void*)
	[RSP+568 ] 0x7FFC9EE42E18     (void* -> f4se_1_10_163.dll+0072E18)
	[RSP+570 ] 0x0                (size_t)
	[RSP+578 ] 0xA                (size_t)
	[RSP+580 ] 0x268CE9BE500      (char*) "@"
	[RSP+588 ] 0x7FFC9EE94270     (void* -> f4se_1_10_163.dll+00C4270)
	[RSP+590 ] 0x268CEA0BAC0      (void*)
	[RSP+598 ] 0x268CE9BE501      (void*)
	[RSP+5A0 ] 0xA1D73EF400       (char*) "os"
	[RSP+5A8 ] 0xA1D73EF400       (char*) "os"
	[RSP+5B0 ] 0x7FFC9EE940E8     (void* -> f4se_1_10_163.dll+00C40E8)
	[RSP+5B8 ] 0x7FFC9EE940E8     (void* -> f4se_1_10_163.dll+00C40E8)
	[RSP+5C0 ] 0xA1D73EF4E0       (char*) " 18:05:21, EXE Version: 1.10.163.0, Save Version 15.68"
	[RSP+5C8 ] 0xA1D73EF440       (void*)
	[RSP+5D0 ] 0xA1D73EF4E8       (char*) "1, EXE Version: 1.10.163.0, Save Version 15.68"
	[RSP+5D8 ] 0xA1D73EF4F0       (char*) "ersion: 1.10.163.0, Save Version 15.68"
	[RSP+5E0 ] 0xA1D73EF4F8       (char*) "1.10.163.0, Save Version 15.68"
	[RSP+5E8 ] 0x7FFC9EE42CBD     (void* -> f4se_1_10_163.dll+0072CBD)
	[RSP+5F0 ] 0x7FFC9EE61A70     (char*) "%s
"
	[RSP+5F8 ] 0x7FFC9EE940E8     (void* -> f4se_1_10_163.dll+00C40E8)
	[RSP+600 ] 0x3031202D20646552 (size_t)
	[RSP+608 ] 0x323230322F34322F (size_t)
	[RSP+610 ] 0x323A35303A383120 (size_t)
	[RSP+618 ] 0x5620455845202C31 (size_t)
	[RSP+620 ] 0x203A6E6F69737265 (size_t)
	[RSP+628 ] 0x3336312E30312E31 (size_t)
	[RSP+630 ] 0x65766153202C302E (size_t)
	[RSP+638 ] 0x6E6F697372655620 (size_t)
	[RSP+640 ] 0x38362E353120     (size_t)
	[RSP+648 ] 0x7FFC8BC56B6C     (void* -> SUP_F4SE.dll+0006B6C)
	[RSP+650 ] 0x26A8C683601      (void*)
	[RSP+658 ] 0x7FFC9C0AB1BD     (void* -> SSW.dll+000B1BD)
	[RSP+660 ] 0x7FFC9EE61A70     (char*) "%s
"
	[RSP+668 ] 0x7FFC9EE9B770     (char*) "Loading F4SEDelayFunctorManager data..."
	[RSP+670 ] 0x3E               (size_t)
	[RSP+678 ] 0xFFFFFFFF         (size_t)
	[RSP+680 ] 0xD                (size_t)
	[RSP+688 ] 0x7FFC8BD1A259     (void* -> SUP_F4SE.dll+00CA259)
	[RSP+690 ] 0x0                (size_t)
	[RSP+698 ] 0x7FFC8BE75150     (void* -> SUP_F4SE.dll+0225150)
	[RSP+6A0 ] 0xFFFFFFFF         (size_t)
	[RSP+6A8 ] 0x7FFC8BD6169A     (void* -> SUP_F4SE.dll+011169A)
	[RSP+6B0 ] 0x268DDE202C0      (void*)
	[RSP+6B8 ] 0x7FFC9EE752B8     (char*) "F4SE"
	[RSP+6C0 ] 0xD                (size_t)
	[RSP+6C8 ] 0xD70E7254BFB9     (size_t)
	[RSP+6D0 ] 0x268DDE202C0      (void*)
	[RSP+6D8 ] 0x7FFC9EE2B371     (void* -> f4se_1_10_163.dll+005B371)
	[RSP+6E0 ] 0x7FFC8BE3F190     (char*) "Latest save name is %s "
	[RSP+6E8 ] 0x26B14034CF0      (char*) "Save3_484975D5_526564_PrewarVault111_000029_20221023053047_1_2"
	[RSP+6F0 ] 0x3E               (size_t)
	[RSP+6F8 ] 0x40               (size_t)
	[RSP+700 ] 0x7FFC9EE752B8     (char*) "F4SE"
	[RSP+708 ] 0x3E00000002       (size_t)
	[RSP+710 ] 0x2698AC527A8      (char*) "Save3_484975D5_526564_PrewarVault111_000029_20221023053047_1_2"
	[RSP+718 ] 0x7FF7E99A34C0     (char*) "Save3_484975D5_526564_PrewarVault111_000029_20221023053047_1_2"
	[RSP+720 ] 0xFFFFFF00         (size_t)
	[RSP+728 ] 0x0                (size_t)
	[RSP+730 ] 0xA1D73EF6D0       (void*)
	[RSP+738 ] 0x1                (size_t)
	[RSP+740 ] 0x268EC3137D0      (void*)
	[RSP+748 ] 0x7FFC9EDDEDC5     (void* -> f4se_1_10_163.dll+000EDC5)
	[RSP+750 ] 0x2698AC52701      (void*)
	[RSP+758 ] 0x2698AC527A8      (char*) "Save3_484975D5_526564_PrewarVault111_000029_20221023053047_1_2"
	[RSP+760 ] 0x2698AC527A8      (char*) "Save3_484975D5_526564_PrewarVault111_000029_20221023053047_1_2"
	[RSP+768 ] 0x0                (size_t)
	[RSP+770 ] 0x0                (size_t)
	[RSP+778 ] 0x0                (size_t)
	[RSP+780 ] 0x0                (size_t)
	[RSP+788 ] 0x0                (size_t)
	[RSP+790 ] 0x0                (size_t)
	[RSP+798 ] 0x0                (size_t)
	[RSP+7A0 ] 0x2                (size_t)
	[RSP+7A8 ] 0x7FF7E4C1DA7D     (void* -> Fallout4.exe+0CEDA7D)
	[RSP+7B0 ] 0x1                (size_t)
	[RSP+7B8 ] 0xA1D73EF780       (void*)
	[RSP+7C0 ] 0x2689F9776B0      (BGSSaveLoadManager*)
	[RSP+7C8 ] 0x2                (size_t)
	[RSP+7D0 ] 0x7FF7E99EDB78     (GameScript::ObjectBindPolicy*)
	[RSP+7D8 ] 0x7FF7E5A4093F     (void* -> Fallout4.exe+1B1093F)
	[RSP+7E0 ] 0xE6FEEA58         (size_t)
	[RSP+7E8 ] 0x0                (size_t)
	[RSP+7F0 ] 0x7FF7E77ECE00     (void* -> Fallout4.exe+38BCE00)
	[RSP+7F8 ] 0x0                (size_t)
	[RSP+800 ] 0x268C5BE1020      (ScrapHeap*)
	[RSP+808 ] 0x26AD37C33F0      (void*)
	[RSP+810 ] 0x26900000008      (void*)
	[RSP+818 ] 0x26800000005      (size_t)
	[RSP+820 ] 0x268C5BE10C0      (void*)
	[RSP+828 ] 0x0                (size_t)
	[RSP+830 ] 0x7FF7E77ECED0     (void* -> Fallout4.exe+38BCED0)
	[RSP+838 ] 0x268C5BE1020      (ScrapHeap*)
	[RSP+840 ] 0x0                (size_t)
	[RSP+848 ] 0x268C5BE10C0      (void*)
	[RSP+850 ] 0xA1D73EF7B0       (void*)
	[RSP+858 ] 0xFFFF00000000     (size_t)
	[RSP+860 ] 0x7FF7E6B79DB8     (void* -> Fallout4.exe+2C49DB8)
	[RSP+868 ] 0xA1D73EF7B0       (void*)
	[RSP+870 ] 0x268C5BE10C0      (void*)
	[RSP+878 ] 0xA1D73EF8D0       (void*)
	[RSP+880 ] 0x268C5BE10C0      (void*)
	[RSP+888 ] 0xA1D73EFCD0       (void*)
	[RSP+890 ] 0x0                (size_t)
	[RSP+898 ] 0xFFFFF00C7146     (size_t)
	[RSP+8A0 ] 0x7FF7E99EDB78     (GameScript::ObjectBindPolicy*)
	[RSP+8A8 ] 0x14               (size_t)
	[RSP+8B0 ] 0x0                (size_t)
	[RSP+8B8 ] 0x7FF7E524BF9F     (void* -> Fallout4.exe+131BF9F)
	[RSP+8C0 ] 0x0                (size_t)
	[RSP+8C8 ] 0xFFFFF00C7146     (size_t)
	[RSP+8D0 ] 0x268C5BE1000      (void*)
	[RSP+8D8 ] 0xA1D73EF701       (void*)
	[RSP+8E0 ] 0x0                (size_t)
	[RSP+8E8 ] 0x0                (size_t)
	[RSP+8F0 ] 0x7FF700000000     (size_t)
	[RSP+8F8 ] 0x26900000000      (void*)
	[RSP+900 ] 0x269892B6FF0      (TESObjectREFR*)
		Object Reference: 
			File: "Fallout4.esm"
			Flags: 0x00000009
			Form ID: 0x0001D0B7
			Form Type: 36
		File: "EnhancedLightsandFX.esp"
		Flags: 0x00000408
		Form ID: 0xF00C7146
		Form Type: 64
	[RSP+908 ] 0x7FF7E52A377E     (void* -> Fallout4.exe+137377E)
	[RSP+910 ] 0xA1D73EF8D0       (void*)
	[RSP+918 ] 0xFFFFFFFF         (size_t)
	[RSP+920 ] 0x2696AE6AE28      (void*)
	[RSP+928 ] 0x7FF7E99ED928     (GameVM*)
	[RSP+930 ] 0x7FF7E99082C0     (void* -> Fallout4.exe+59D82C0)
	[RSP+938 ] 0x7FF7E438EBE4     (void* -> Fallout4.exe+045EBE4)
	[RSP+940 ] 0x2696AE6AE20      (void*)
	[RSP+948 ] 0xFFFFFFFF         (size_t)
	[RSP+950 ] 0x0                (size_t)
	[RSP+958 ] 0x7FF7E6B79DB8     (void* -> Fallout4.exe+2C49DB8)
	[RSP+960 ] 0x0                (size_t)
	[RSP+968 ] 0x7FF7E5A446B3     (void* -> Fallout4.exe+1B146B3)
	[RSP+970 ] 0x26AD37C0000      (void*)
	[RSP+978 ] 0x26AD37C0000      (void*)
	[RSP+980 ] 0x268C5BE1020      (ScrapHeap*)
	[RSP+988 ] 0x7FF7E6B79DB8     (void* -> Fallout4.exe+2C49DB8)
	[RSP+990 ] 0x6D75636F445C3A45 (size_t)
	[RSP+998 ] 0x20794D5C73746E65 (size_t)
	[RSP+9A0 ] 0x61465C73656D6147 (size_t)
	[RSP+9A8 ] 0x535C3474756F6C6C (size_t)
	[RSP+9B0 ] 0x7661535C73657661 (size_t)
	[RSP+9B8 ] 0x37393438345F3365 (size_t)
	[RSP+9C0 ] 0x353632355F354435 (size_t)
	[RSP+9C8 ] 0x61776572505F3436 (size_t)
	[RSP+9D0 ] 0x3131746C75615672 (size_t)
	[RSP+9D8 ] 0x3932303030305F31 (size_t)
	[RSP+9E0 ] 0x323031323230325F (size_t)
	[RSP+9E8 ] 0x5F37343033353033 (size_t)
	[RSP+9F0 ] 0x736F662E325F31   (size_t)
	[RSP+9F8 ] 0x7FF7E432DA84     (void* -> Fallout4.exe+03FDA84)
	[RSP+A00 ] 0x269892B6FF0      (TESObjectREFR*)
		Object Reference: 
			File: "Fallout4.esm"
			Flags: 0x00000009
			Form ID: 0x0001D0B7
			Form Type: 36
		File: "EnhancedLightsandFX.esp"
		Flags: 0x00000408
		Form ID: 0xF00C7146
		Form Type: 64
	[RSP+A08 ] 0x62               (size_t)
	[RSP+A10 ] 0xFFFFFFFF         (size_t)
	[RSP+A18 ] 0x0                (size_t)
	[RSP+A20 ] 0x0                (size_t)
	[RSP+A28 ] 0x7FF7E431D86B     (void* -> Fallout4.exe+03ED86B)
	[RSP+A30 ] 0x2841C8           (size_t)
	[RSP+A38 ] 0x269892B6FF0      (TESObjectREFR*)
		Object Reference: 
			File: "Fallout4.esm"
			Flags: 0x00000009
			Form ID: 0x0001D0B7
			Form Type: 36
		File: "EnhancedLightsandFX.esp"
		Flags: 0x00000408
		Form ID: 0xF00C7146
		Form Type: 64
	[RSP+A40 ] 0x0                (size_t)
	[RSP+A48 ] 0xFFFFFFFF         (size_t)
	[RSP+A50 ] 0x0                (size_t)
	[RSP+A58 ] 0x0                (size_t)
	[RSP+A60 ] 0x7FF7E6B79DB8     (void* -> Fallout4.exe+2C49DB8)
	[RSP+A68 ] 0x26987437A40      (TESObjectCELL*)
		File: "EnhancedLightsandFX.esp"
		Flags: 0x00040009
		Form ID: 0xF00C7145
		Form Type: 63
		Full Name: ""
	[RSP+A70 ] 0x0                (size_t)
	[RSP+A78 ] 0x0                (size_t)
	[RSP+A80 ] 0x0                (size_t)
	[RSP+A88 ] 0x0                (size_t)
	[RSP+A90 ] 0x7FF7E6B79DB8     (void* -> Fallout4.exe+2C49DB8)
	[RSP+A98 ] 0x0                (size_t)
	[RSP+AA0 ] 0x38345F3365766153 (size_t)
	[RSP+AA8 ] 0x355F354435373934 (size_t)
	[RSP+AB0 ] 0x72505F3436353632 (size_t)
	[RSP+AB8 ] 0x6C75615672617765 (size_t)
	[RSP+AC0 ] 0x3030305F31313174 (size_t)
	[RSP+AC8 ] 0x323230325F393230 (size_t)
	[RSP+AD0 ] 0x3033353033323031 (size_t)
	[RSP+AD8 ] 0x325F315F3734     (size_t)
	[RSP+AE0 ] 0x2696AE76230      (ExtraStartingPosition*)
	[RSP+AE8 ] 0x7FF700000000     (size_t)
	[RSP+AF0 ] 0x269892B6FF0      (TESObjectREFR*)
		Object Reference: 
			File: "Fallout4.esm"
			Flags: 0x00000009
			Form ID: 0x0001D0B7
			Form Type: 36
		File: "EnhancedLightsandFX.esp"
		Flags: 0x00000408
		Form ID: 0xF00C7146
		Form Type: 64
	[RSP+AF8 ] 0x7FF7E5A4093F     (void* -> Fallout4.exe+1B1093F)
	[RSP+B00 ] 0x0                (size_t)
	[RSP+B08 ] 0x0                (size_t)
	[RSP+B10 ] 0x0                (size_t)
	[RSP+B18 ] 0x0                (size_t)
	[RSP+B20 ] 0x0                (size_t)
	[RSP+B28 ] 0x7FF7E5F72234     (void* -> Fallout4.exe+2042234)
	[RSP+B30 ] 0x7FF7E9996DD0     (UI*)
	[RSP+B38 ] 0x0                (size_t)
	[RSP+B40 ] 0x0                (size_t)
	[RSP+B48 ] 0x0                (size_t)
	[RSP+B50 ] 0x26968DE1E00      (void*)
	[RSP+B58 ] 0x7FF7E4DCAC99     (void* -> Fallout4.exe+0E9AC99)
	[RSP+B60 ] 0x2DD9BCF4         (size_t)
	[RSP+B68 ] 0x0                (size_t)
	[RSP+B70 ] 0x268EFD5A440      (PlayerCharacter*)
		Object Reference: 
			File: "Follower Revive System.esp"
			Flags: 0x00040009
			Form ID: 0x00000007
			Form Type: 45
		File: ""
		Flags: 0x00400448
		Form ID: 0x00000014
		Form Type: 65
	[RSP+B78 ] 0x7FF7E9996DD0     (UI*)
	[RSP+B80 ] 0x0                (size_t)
	[RSP+B88 ] 0x7FF7E4C096A7     (void* -> Fallout4.exe+0CD96A7)
	[RSP+B90 ] 0x2696AE76238      (void*)
	[RSP+B98 ] 0x0                (size_t)
	[RSP+BA0 ] 0x0                (size_t)
	[RSP+BA8 ] 0x0                (size_t)
	[RSP+BB0 ] 0x38345F3365766153 (size_t)
	[RSP+BB8 ] 0x355F354435373934 (size_t)
	[RSP+BC0 ] 0x72505F3436353632 (size_t)
	[RSP+BC8 ] 0x6C75615672617765 (size_t)
	[RSP+BD0 ] 0x3030305F31313174 (size_t)
	[RSP+BD8 ] 0x323230325F393230 (size_t)
	[RSP+BE0 ] 0x3033353033323031 (size_t)
	[RSP+BE8 ] 0x662E325F315F3734 (size_t)
	[RSP+BF0 ] 0x2698900736F      (void*)
	[RSP+BF8 ] 0xF00C7146         (size_t)
	[RSP+C00 ] 0x268EC3137D0      (void*)
	[RSP+C08 ] 0x0                (size_t)
	[RSP+C10 ] 0x0                (size_t)
	[RSP+C18 ] 0x0                (size_t)
	[RSP+C20 ] 0x0                (size_t)
	[RSP+C28 ] 0x0                (size_t)
	[RSP+C30 ] 0x0                (size_t)
	[RSP+C38 ] 0x0                (size_t)
	[RSP+C40 ] 0x26987437A40      (TESObjectCELL*)
		File: "EnhancedLightsandFX.esp"
		Flags: 0x00040009
		Form ID: 0xF00C7145
		Form Type: 63
		Full Name: ""
	[RSP+C48 ] 0x0                (size_t)
	[RSP+C50 ] 0x7FF7E6B79DB8     (void* -> Fallout4.exe+2C49DB8)
	[RSP+C58 ] 0x0                (size_t)
	[RSP+C60 ] 0x0                (size_t)
	[RSP+C68 ] 0x7FF7E42DE41C     (void* -> Fallout4.exe+03AE41C)
	[RSP+C70 ] 0x269892B6FF0      (TESObjectREFR*)
		Object Reference: 
			File: "Fallout4.esm"
			Flags: 0x00000009
			Form ID: 0x0001D0B7
			Form Type: 36
		File: "EnhancedLightsandFX.esp"
		Flags: 0x00000408
		Form ID: 0xF00C7146
		Form Type: 64
	[RSP+C78 ] 0xA1D73EFC40       (void*)
	[RSP+C80 ] 0x8BC              (size_t)
	[RSP+C88 ] 0xA1D73EFCD0       (void*)
	[RSP+C90 ] 0x7FF700000000     (size_t)
	[RSP+C98 ] 0x7FF7E5A3F0B4     (void* -> Fallout4.exe+1B0F0B4)
	[RSP+CA0 ] 0x3F80000000000000 (size_t)
	[RSP+CA8 ] 0x26900000000      (void*)
	[RSP+CB0 ] 0x2                (size_t)
	[RSP+CB8 ] 0x0                (size_t)
	[RSP+CC0 ] 0x6D75636F445C3A45 (size_t)
	[RSP+CC8 ] 0x20794D5C73746E65 (size_t)
	[RSP+CD0 ] 0x61465C73656D6147 (size_t)
	[RSP+CD8 ] 0x535C3474756F6C6C (size_t)
	[RSP+CE0 ] 0x5C73657661       (size_t)
	[RSP+CE8 ] 0x0                (size_t)
	[RSP+CF0 ] 0x3F80000000000000 (size_t)
	[RSP+CF8 ] 0x0                (size_t)
	[RSP+D00 ] 0x0                (size_t)
	[RSP+D08 ] 0x3F800000         (size_t)
	[RSP+D10 ] 0x7FF7E6B796C8     (void* -> Fallout4.exe+2C496C8)
	[RSP+D18 ] 0xA1D73EFB88       (void*)
	[RSP+D20 ] 0xA1D73EFCB0       (void*)
	[RSP+D28 ] 0x268C5BE0700      (void*)
	[RSP+D30 ] 0x0                (size_t)
	[RSP+D38 ] 0x0                (size_t)
	[RSP+D40 ] 0x0                (size_t)
	[RSP+D48 ] 0x0                (size_t)
	[RSP+D50 ] 0x0                (size_t)
	[RSP+D58 ] 0x0                (size_t)
	[RSP+D60 ] 0x0                (size_t)
	[RSP+D68 ] 0x0                (size_t)
	[RSP+D70 ] 0x0                (size_t)
	[RSP+D78 ] 0x0                (size_t)
	[RSP+D80 ] 0x0                (size_t)
	[RSP+D88 ] 0x0                (size_t)
	[RSP+D90 ] 0x0                (size_t)
	[RSP+D98 ] 0x0                (size_t)
	[RSP+DA0 ] 0x1                (size_t)
	[RSP+DA8 ] 0x7FF7E4C369F0     (void* -> Fallout4.exe+0D069F0)
	[RSP+DB0 ] 0x7FF7E9800B00     (void* -> Fallout4.exe+58D0B00)
	[RSP+DB8 ] 0x7FF7E9B18084     (void* -> Fallout4.exe+5BE8084)
	[RSP+DC0 ] 0x7FF7E9B18088     (void* -> Fallout4.exe+5BE8088)
	[RSP+DC8 ] 0x1                (size_t)
	[RSP+DD0 ] 0x7FF7E9B18120     (void* -> Fallout4.exe+5BE8120)
	[RSP+DD8 ] 0xA1D62FF8D0       (void*)
	[RSP+DE0 ] 0x7FF7E9B18084     (void* -> Fallout4.exe+5BE8084)
	[RSP+DE8 ] 0x1                (size_t)
	[RSP+DF0 ] 0x7FF7E9B18080     (void* -> Fallout4.exe+5BE8080)
	[RSP+DF8 ] 0x7FF7E9B18088     (void* -> Fallout4.exe+5BE8088)
	[RSP+E00 ] 0x26968DE1EE0      (void*)
	[RSP+E08 ] 0x0                (size_t)
	[RSP+E10 ] 0x0                (size_t)
	[RSP+E18 ] 0x7FF7E4C23A4D     (void* -> Fallout4.exe+0CF3A4D)
	[RSP+E20 ] 0x1                (size_t)
	[RSP+E28 ] 0x7FF7E99A34C0     (char*) "Save3_484975D5_526564_PrewarVault111_000029_20221023053047_1_2"
	[RSP+E30 ] 0xFFFFFFFF         (size_t)
	[RSP+E38 ] 0x0                (size_t)
	[RSP+E40 ] 0x0                (size_t)
	[RSP+E48 ] 0x7FFCED873001     (char*) "0H"
	[RSP+E50 ] 0x7FF7E9B18120     (void* -> Fallout4.exe+5BE8120)
	[RSP+E58 ] 0x7FF7E5A80F26     (void* -> Fallout4.exe+1B50F26)
	[RSP+E60 ] 0x7FF7E9B18120     (void* -> Fallout4.exe+5BE8120)
	[RSP+E68 ] 0x26978CAE270      (void*)
	[RSP+E70 ] 0x0                (size_t)
	[RSP+E78 ] 0x7FFCED8AFD7D     (void* -> KERNELBASE.dll+005FD7D)
	[RSP+E80 ] 0x0                (size_t)
	[RSP+E88 ] 0x0                (size_t)
	[RSP+E90 ] 0x7FF7E9B308C0     (void* -> Fallout4.exe+5C008C0)
	[RSP+E98 ] 0x0                (size_t)
	[RSP+EA0 ] 0x7FF7E9B180D0     (BSJobs::JobThread*)
	[RSP+EA8 ] 0x7FF7E5A81432     (void* -> Fallout4.exe+1B51432)
	[RSP+EB0 ] 0x0                (size_t)
	[RSP+EB8 ] 0x7FF7E9B180D0     (BSJobs::JobThread*)
	[RSP+EC0 ] 0x0                (size_t)
	[RSP+EC8 ] 0xA1D73EFDF0       (void*)
	[RSP+ED0 ] 0x0                (size_t)
	[RSP+ED8 ] 0x0                (size_t)
	[RSP+EE0 ] 0x0                (size_t)
	[RSP+EE8 ] 0x7FF7E5A83F67     (void* -> Fallout4.exe+1B53F67)
	[RSP+EF0 ] 0x7FF7E9B180D0     (BSJobs::JobThread*)
	[RSP+EF8 ] 0x0                (size_t)
	[RSP+F00 ] 0x0                (size_t)
	[RSP+F08 ] 0x0                (size_t)
	[RSP+F10 ] 0x7FF7E9B180D0     (BSJobs::JobThread*)
	[RSP+F18 ] 0x7FF7E5A4CFED     (void* -> Fallout4.exe+1B1CFED)
	[RSP+F20 ] 0x49B4             (size_t)
	[RSP+F28 ] 0xA1D73EFE10       (void*)
	[RSP+F30 ] 0x26968DDEE70      (void*)
	[RSP+F38 ] 0x0                (size_t)
	[RSP+F40 ] 0x7FF7E9B180D0     (BSJobs::JobThread*)
	[RSP+F48 ] 0x0                (size_t)
	[RSP+F50 ] 0x0                (size_t)
	[RSP+F58 ] 0x7FFCEF267034     (void* -> KERNEL32.DLL+0017034)
	[RSP+F60 ] 0x0                (size_t)
	[RSP+F68 ] 0x0                (size_t)
	[RSP+F70 ] 0x0                (size_t)
	[RSP+F78 ] 0x0                (size_t)
	[RSP+F80 ] 0x0                (size_t)
	[RSP+F88 ] 0x7FFCF01026A1     (void* -> ntdll.dll+00526A1)
	[RSP+F90 ] 0x0                (size_t)
	[RSP+F98 ] 0x0                (size_t)
	[RSP+FA0 ] 0x0                (size_t)
	[RSP+FA8 ] 0x0                (size_t)
	[RSP+FB0 ] 0x0                (size_t)
	[RSP+FB8 ] 0x0                (size_t)
	[RSP+FC0 ] 0xD94558D300000000 (size_t)
	[RSP+FC8 ] 0x0                (size_t)
	[RSP+FD0 ] 0x0                (size_t)
	[RSP+FD8 ] 0x7FFCED960100     (void* -> KERNELBASE.dll+0110100)
	[RSP+FE0 ] 0xA1D73EE040       (void*)
	[RSP+FE8 ] 0x6B3A60000FFF869A (size_t)
	[RSP+FF0 ] 0x7FFC34D359D3     (size_t)
	[RSP+FF8 ] 0xA1D73EE040       (void*)
	[RSP+1000] 0x0                (size_t)
	[RSP+1008] 0x0                (size_t)
	[RSP+1010] 0x0                (size_t)
	[RSP+1018] 0x0                (size_t)
	[RSP+1020] 0x0                (size_t)
	[RSP+1028] 0x0                (size_t)
	[RSP+1030] 0x0                (size_t)
	[RSP+1038] 0x0                (size_t)
	[RSP+1040] 0x0                (size_t)
	[RSP+1048] 0x0                (size_t)
	[RSP+1050] 0x0                (size_t)
	[RSP+1058] 0x0                (size_t)
	[RSP+1060] 0x0                (size_t)
	[RSP+1068] 0x0                (size_t)
	[RSP+1070] 0x0                (size_t)
	[RSP+1078] 0x0                (size_t)
	[RSP+1080] 0x0                (size_t)
	[RSP+1088] 0x0                (size_t)
	[RSP+1090] 0x0                (size_t)
	[RSP+1098] 0x0                (size_t)
	[RSP+10A0] 0x0                (size_t)
	[RSP+10A8] 0x0                (size_t)
	[RSP+10B0] 0x0                (size_t)
	[RSP+10B8] 0x0                (size_t)
	[RSP+10C0] 0x0                (size_t)
	[RSP+10C8] 0x0                (size_t)
	[RSP+10D0] 0x0                (size_t)
	[RSP+10D8] 0x0                (size_t)
	[RSP+10E0] 0x0                (size_t)
	[RSP+10E8] 0x0                (size_t)
	[RSP+10F0] 0x0                (size_t)
	[RSP+10F8] 0x0                (size_t)
	[RSP+1100] 0x0                (size_t)
	[RSP+1108] 0x0                (size_t)
	[RSP+1110] 0x0                (size_t)
	[RSP+1118] 0x0                (size_t)
	[RSP+1120] 0x0                (size_t)
	[RSP+1128] 0x0                (size_t)

MODULES:

F4SE PLUGINS:
	AmmoRemover.dll v1.0.5
	BakaScrapHeap.dll v1.3
	Buffout4.dll v1.26.2
	enbhelperf4.dll v1
	encounter_zone_recalculation.dll
	f4ee.dll
	f4pm.dll
	HHS.dll
	HighFPSPhysicsFix.dll
	hudextension.dll
	LL_fourPlay_1_10_163.dll
	mcm.dll
	modify_frequency.dll
	NVIDIA_Reflex.dll v1
	po3_SpellPerkItemDistributor.dll v1
	PowerGridTools.dll
	PriorityMod.dll
	ProjectMojave.dll
	ShadowBoostFO4.dll
	SSW.dll
	SUP_F4SE.dll
	UneducatedShooter.dll v1
	UnlimitedSurvivalMode.dll
	weaponInstanceExtended.dll v1
	WmkActiveEffects.dll
	wsfw_identifier.dll
	XDI.dll

PLUGINS:
	[00]     Fallout4.esm
	[01]     DLCRobot.esm
	[02]     DLCworkshop01.esm
	[03]     DLCCoast.esm
	[04]     DLCworkshop02.esm
	[05]     DLCworkshop03.esm
	[06]     DLCNukaWorld.esm
	[07]     Unofficial Fallout 4 Patch.esp
	[08]     ArmorKeywords.esm
	[09]     HUDFramework.esm
	[0A]     WorkshopFramework.esm
	[0B]     XDI.esm
	[0C]     TacticalReload.esm
	[0D]     AAF.esm
	[0E]     NoraSpouse.esm
	[0F]     Companion Infinite Ammo and Unbreakable Power Armour.esm
	[10]     PACE.esm
	[11]     PANPC.esm
	[12]     SS2.esm
	[13]     SS2_XPAC_Chapter2.esm
	[14]     TheSewers.esm
	[15]     ProjectMojave.esm
	[16]     CWWorkshopMaster.esm
	[17]     MoreHairstyles4Female.esp
	[18]     MoreBeards.esp
	[19]     VHCE.esp
	[1A]     KSHairdos_oel.esp
	[1B]     Lots More Facial Hair.esp
	[1C]     LookingStranger.esp
	[1D]     PlayerComments.esp
	[1E]     UnbogusFallout.esp
	[1F]     Look At Me CE.esp
	[20]     Lil More Hair - Beatnik and Beards.esp
	[21]     BOCW Outfit Pack.esp
	[22]     No Borders.esp
	[23]     PlayerVoiceFrequencySlider.esp
	[24]     Phase4DLC.esp
	[25]     Armorsmith Extended.esp
	[26]     Better Locational Damage.esp
	[27]     Better Locational Damage - DLC_Far_Harbor.esp
	[28]     Reverb and Ambiance Overhaul.esp
	[29]     JSSynths.esp
	[2A]     Better Landscape Grass.esp
	[2B]     NiceBush.esp
	[2C]     PiperCaitCurieDialogueOverhaul.esp
	[2D]     Hunkered Down.esp
	[2E]     RailroadRedone.esp
	[2F]     Remove Interior Fog - All Dlc.esp
	[30]     SuperMutantRedux.esp
	[31]     CROSS_PlasRail.esp
	[32]     [777] Sanctuary - Reworked Roads.esp
	[33]     FLORA - The Fungal Forest.esp
	[34]     OutcastsAndRemnants.esp
	[35]     CrimeTown.esp
	[36]     AnimatedCandles.esp
	[37]     Wasteland Illumination.esp
	[38]     Depravity.esp
	[39]     Faded Glory - Soundtrack Expansion.esp
	[3A]     DiamondNewVendors.esp
	[3B]     America Rising - A Tale of the Enclave.esp
	[3C]     TrainBar.esp
	[3D]     Eli_Armour_Compendium.esp
	[3E]     moreXplore.esp
	[3F]     jsrs.esp
	[40]     MoreOutfitVariations.esp
	[41]     AA FusionCityRising.esp
	[42]     SS2Extended.esp
	[43]     BetterDrumlinDiner.esp
	[44]     W.A.T.Minutemen.esp
	[45]     Building_Bridges_FO4.esp
	[46]     Fusion Gun.esp
	[47]     ZombieWalkers.esp
	[48]     GhoulBlood.esp
	[49]     atlanticofficesf23.esp
	[4A]     RockySatellite.esp
	[4B]     InstituteJunkyard.esp
	[4C]     WmkActiveEffects.esp
	[4D]     PersonalRadio.esp
	[4E]     MWM91.esp
	[4F]     C_VWAS.esp
	[50]     Mark V[B] Redux.esp
	[51]     Zenit.esp
	[52]     Mark V[B] Armory.esp
	[53]     TrueGrass.esp
	[54]     EBSO.esp
	[55]     The Eyes Of Beauty.esp
	[56]     PIP-Pad.esp
	[57]     LooksMenu Customization Compendium.esp
	[58]     Ketaros_World.esp
	[59]     3dscopes-replacer.esp
	[5A]     KrissVector.esp
	[5B]     CraftingFramework.esp
	[5C]     NAC.esp
	[5D]     STEALTH AND DETECTION SYSTEM(base).esp
	[5E]     Backpacks of the Commonwealth.esp
	[5F]     JK_IonCannon.esp
	[60]     1CAS_ServiceRifle.esp
	[61]     Immortal Cats 2.esp
	[62]     Minuteman Watchtowers.esp
	[63]     EG7.esp
	[64]     MisriahArmory.esp
	[65]     ProjectValkyrie.esp
	[66]     MjolnirMKVB.esp
	[67]     Cinematic Lensflares.esp
	[68]     UltracitePA.esp
	[69]     Ak5C.esp
	[6A]     Tec-9.esp
	[6B]     CSEPBIARedux.esp
	[6C]     WattzLaserGun.esp
	[6D]     MK18.esp
	[6E]     Midwest Power Armor Evolution.esp
	[6F]     CWCreateABot.esp
	[70]     essen_protovta.esp
	[71]     llamaCompanionHeatherv2.esp
	[72]     VisibleWeaponsOnPacks.esp
	[73]     00LK_MW2019_SAS_Companions.esp
	[74]     FO4 NPCs Travel.esp
	[75]     RU556.esp
	[76]     HuntingShotgun.esp
	[77]     EnclaveUniform.esp
	[78]     SigMCX.esp
	[79]     EvilViking13_PatchworkSanctuaryBridge.esp
	[7A]     SigSauer127.esp
	[7B]     AQUILA.esp
	[7C]     FOC_NCR_Armors.esp
	[7D]     PowerArmorSkinPack.esp
	[7E]     PhotoMode.esp
	[7F]     Quad_RAWLauncher.esp
	[80]     RU556_VWAS.esp
	[81]     RemingtonM11.esp
	[82]     IWJackal.esp
	[83]     SleekStylesPack.esp
	[84]     IWSynaptic.esp
	[85]     EFF.esp
	[86]     TFRangerGear.esp
	[87]     VtawWardrobe8.esp
	[88]     VtawWardrobe6.esp
	[89]     DX_Predator.esp
	[8A]     KSHairsFemsheppingRadbeetle.esp
	[8B]     IWProtag.esp
	[8C]     BZW_COD_Ghost_Jawbone.esp
	[8D]     Casio_W59.esp
	[8E]     KSHairdos.esp
	[8F]     CriticalFX.esp
	[90]     Look At Me GE.esp
	[91]     Guards.esp
	[92]     ECV_RemnantsArmor.esp
	[93]     EnclaveX02.esp
	[94]     Factor.esp
	[95]     Scopes.esp
	[96]     UZK50gi.esp
	[97]     Holsters & sheaths.esp
	[98]     Infinite Armory.esp
	[99]     MW-Yegor.esp
	[9A]     MW-Krueger.esp
	[9B]     [MW2R] Shadow Company.esp
	[9C]     MW-Farah.esp
	[9D]     Delta.esp
	[9E]     870.esp
	[9F]     Riot_Armor.esp
	[A0]     nimroutroguesyntharmorstandalone.esp
	[A1]     CazadorML.esp
	[A2]     Remington700.esp
	[A3]     octi_taticaloutfit.esp
	[A4]     Cyberpunk 2077 Malorian Animations.esp
	[A5]     battletech.esp
	[A6]     Fallout Suite.esp
	[A7]     Ghouls Revamped.esp
	[A8]     SS2_CityPlanPack_RiseOfTheCommonwealth.esp
	[A9]     SS2WastelandReconstructionKit.esp
	[AA]     battletechfootstep.esp
	[AB]     NoraSpouseFarHarbor.esp
	[AC]     PD_LowerWeapon.esp
	[AD]     70PercentLessRodentMacCready.esp
	[AE]     Edit_Hancock.esp
	[AF]     ChiappaTripleThreat.esp
	[B0]     JSRS_Footsteps.esp
	[B1]     CompanionStatus.esp
	[B2]     QuickTrade.esp
	[B3]     BADLANDS 2 GRASSES.esp
	[B4]     HaxRPG7.esp
	[B5]     4estGimp - FusionGunSentinalSitePrevis.esp
	[B6]     LightsaberMod.esp
	[B7]     GaussRevolver.esp
	[B8]     SS2_Addon_PSC_Plots.esp
	[B9]     ASL_CyberPunkAccessories.esp
	[BA]     Hellfirenew.esp
	[BB]     dustyBL_food.esp
	[BC]     zzzzzenhancedbloodetso.esp
	[BD]     CCRAIORicketyBridgePatch.esp
	[BE]     PEACEKEEPER.esp
	[BF]     NRAW_Common.esp
	[C0]     [ARR] FallEvil - Zombie Dogs REVisited.esp
	[C1]     [ETH] DeusExPraguePolice.esp
	[C2]     Immersive HUD.esp
	[C3]     Weapon Rack Extended.esp
	[C4]     PersonalRadioReceiver.esp
	[C5]     Cerruti MSV.esp
	[C6]     TraumaTeam.esp
	[C7]     Synths Revamped.esp
	[C8]     VisibleWeapons.esp
	[C9]     WastelandGirlArmor.esp
	[CA]     XM2010_SniperRifle_by_tooun.esp
	[CB]     ACO+MOV Patch.esp
	[CC]     More_Clothes_Textures.esp
	[CD]     LooksMenu.esp
	[CE]     MP-412.esp
	[CF]     plasmaproject.esp
	[D0]     Regs_Enhanced_PainGrunts.esp
	[D1]     EquippableMechArm.esp
	[D2]     Chiappa_Rhino.esp
	[D3]     UnbogusPatch_Wattz.esp
	[D4]     AnimChemRedux.esp
	[D5]     UnbogusPatch_AnimChemRedux.esp
	[D6]     PIP-Pad_LMCC.esp
	[D7]     Follower Revive System.esp
	[D8]     PJ_New_Stimpak.esp
	[D9]     HiPolyFaces.esp
	[DA]     LongRangeBulletHoles.esp
	[DB]     Secret Service Armor.esp
	[DC]     Infinite Armory - Institute.esp
	[DD]     SkibsWeapons-REDUX.esp
	[DE]     MP7.esp
	[DF]     Falcon3.esp
	[E0]     Companion_BloodRose.esp
	[E1]     G36Complex.esp
	[E2]     HKUSP9mm.esp
	[E3]     HK_UMP.esp
	[E4]     Cyberpunk Falcon3.esp
	[E5]     HK_MP5.esp
	[E6]     Karma-45.esp
	[E7]     MWM4.esp
	[E8]     FRDZ_Piper_NoPluginDep.2F1E.esp
	[E9]     myLOD.esp
	[EA]     anti-phobia-radscorpions-0.2.esp
	[EB]     NukaRadBans.esp
	[EC]     QuickReflexes.esp
	[ED]     MWHitFx.esp
	[EE]     CCR_AIOSettlements.esp
	[EF]     CCR_AIOSettlements02.esp
	[F0]     EnhancedLightsandFX.esp
	[F1]     PIP-Pad_Pip-BoyFlashlight.esp
	[FE:000] CanarySaveFileMonitor.esl
	[FE:001] PPF.esm
	[FE:002] LIF.esl
	[FE:003] Quick_Modification_Weapon_by_tooun.esl
	[FE:004] Cerruti MSV.esl
	[FE:005] YouAndWhatArmy.esl
	[FE:006] YouAndWhatArmy-ButItsBrotherhood.esl
	[FE:007] YouAndWhatArmy-ButItsTheInstitute.esl
	[FE:008] Airport_Glass_Transparency_Fix.esl
	[FE:009] WorldwideGhoulsV400.esl
	[FE:00A] DocsoftheCW.esl
	[FE:00B] Skb-MinigunsRebirth.esl
	[FE:00C] T65PA.esl
	[FE:00D] RedShiftPowerArmor.esl
	[FE:00E] Skb_MachinegunsRebirth.esl
	[FE:00F] TeslaHeavyGun.esl
	[FE:010] LadderVanilla.esl
	[FE:011] CompanionHolotape.esl
	[FE:012] CWWorkshopPackPart2.esl
	[FE:013] FaceLight.esl
	[FE:014] EnclavePack.esl
	[FE:015] HellcatPA.esl
	[FE:016] DMCatOutfits.esl
	[FE:017] DMCatOutfits - DLCs.esl
	[FE:018] Cho1_Vault88_Metro_Plan.esl
	[FE:019] GavMan_Vault88_CityPlan.esl
	[FE:01A] SS2WorkshopHUDOverride.esl
	[FE:01B] Sunshine-Medical Center1.1.esl
	[FE:01C] Quick_Change_Armor_by_tooun.esl
	[FE:01D] Indubitable Ivy.esl
	[FE:01E] Ladder.esl
	[FE:01F] EquippableMechArm.esl
	[FE:020] JmenaruHairPack.esl
	[FE:021] converseSneakers.esl
	[FE:022] cpTrenchCoat.esl
	[FE:023] jmNecklacePack2.esl
	[FE:024] jmSantaHat.esl
	[FE:025] jmWoolScarf.esl
	[FE:026] jmenaruGlasses.esl
	[FE:027] jmenaruRingPack.esl
	[FE:028] KillTips_by_tooun.esl
	[FE:029] Dilapidated Roads - Faded.esl
	[FE:02A] SavrenXBetterRobotHDLibertyPrime.esp
	[FE:02B] Flicker Fixer.esp
	[FE:02C] ManCoat.esp
	[FE:02D] More Human Raider Loot.esp
	[FE:02E] CROSS_Wasteland_Ronin.esp
	[FE:02F] CROSS_CoA.esp
	[FE:030] CROSS_2077.esp
	[FE:031] Lots More Male Hairstyles.esp
	[FE:032] PuddleMod.esp
	[FE:033] M8r_Item_Tags_Vanilla_EN.esp
	[FE:034] Metal Tape.esp
	[FE:035] Better Locational Damage - DLC_Nuka_World.esp
	[FE:036] Better Locational Damage - DLC_Automatron.esp
	[FE:037] ArmorClothingOverhaul.esp
	[FE:038] MetroReplacer.esp
	[FE:039] PlayerComments_PiperCaitCurieDialogueOverhaul_Patch.esp
	[FE:03A] QuestTagsRedux.esp
	[FE:03B] Look At Me AE.esp
	[FE:03C] Look At Me AE x NBGS.esp
	[FE:03D] FPSL.esp
	[FE:03E] SuperMutantRedux VIS Patch.esp
	[FE:03F] Glowing Animals Emit Light.esp
	[FE:040] Better Locational Damage - DLC_WWorkshop.esp
	[FE:041] PACE - Less Combat Chatter.esp
	[FE:042] PlayerComments_NoraSpouse_Patch.esp
	[FE:043] AidanWatts3dAssets.esp
	[FE:044] TheKite_Railroad_Handmaiden.esp
	[FE:045] ModdableRobotSettlers.esp
	[FE:046] BetterCoastalWaves.esp
	[FE:047] MegaExplosions_x2.esp
	[FE:048] Bullet Impact Overhaul.esp
	[FE:049] PANPC SS2 Chapter 2 NoEnableKeyword patch.esp
	[FE:04A] WhoIsTheGeneral.esp
	[FE:04B] LOST Audio Tweaks.esp
	[FE:04C] ALR - All DLC.esp
	[FE:04D] No 3D Objects - All DLC + Unoffical Patch.esp
	[FE:04E] CROSS_InstituteExpeditionarySuit.esp
	[FE:04F] dD-Enhanced Blood Basic.esp
	[FE:050] BlurKillerComplete.esp
	[FE:051] RRR - Improved.esp
	[FE:052] MetroReplacer_BetterThirdRail.esp
	[FE:053] JSRS_Regions.esp
	[FE:054] 4estGimp - BDD_HunkeredDown.esp
	[FE:055] MisriahArmory_TacticalReloadPatch.esp
	[FE:056] CROSS_MojaveManhunter.esp
	[FE:057] Look At Me NE.esp
	[FE:058] Look At Me NE x NBGS.esp
	[FE:059] PRP-SS2-Fixes-Ch2.esp
	[FE:05A] LootableVertibirds.esp
	[FE:05B] Anti-Phobia-Fog-Crawler-Far-Harbor-0.1.esp
	[FE:05C] M1911-WARSStandaloneWeapon.esp
	[FE:05D] BadBoys-PowerArmorCivilServants.esp
	[FE:05E] Kedr.esp
	[FE:05F] DP_CaravanShotgun.esp
	[FE:060] SF BOS.esp
	[FE:061] US_Rangers.esp
	[FE:062] Live Action Handy.esp
	[FE:063] CompRedo.esp
	[FE:064] SF Curie.esp
	[FE:065] Nexus_PMC.esp
	[FE:066] PMC_extended.esp
	[FE:067] NPC Accuracy Revised.esp
	[FE:068] RemoveLowHealthBlur.esp
	[FE:069] GunmetalArmorSkins-ArmoredCoat.esp
	[FE:06A] GunmetalArmorSkins-ArmyFatigues.esp
	[FE:06B] GunmetalArmorSkins-SynthUniform.esp
	[FE:06C] 12.7mm cyberpunk.esp
	[FE:06D] mm journals.esp
	[FE:06E] Realistic Death Physics - ALL DLC.esp
	[FE:06F] Hollywood Lasers.esp
	[FE:070] HWL - Institute Red.esp
	[FE:071] HWL - Main Light Blue.esp
	[FE:072] FRDZ_Cait_NoPluginDep.79249.esp
	[FE:073] SF MacCready.esp
	[FE:074] 4estGimp_FusionGun_InstituteLaserGun_Replaser.esp
	[FE:075] dusty_fooddrinks.esp
	[FE:076] Wasteland Workshop Streetlights.esp
	[FE:077] MyCart_Biohazard.esp
	[FE:078] Zenit_TacticalReloadPatch.esp
	[FE:079] KrissVector_TacticalReloadPatch.esp
	[FE:07A] Ak5C_TacticalReloadPatch.esp
	[FE:07B] MK18_TacticalReloadPatch.esp
	[FE:07C] Kedr_TacticalReloadPatch.esp
	[FE:07D] DP_CaravanShotgun_TacticalReloadPatch.esp
	[FE:07E] SigSauer127_TacticalReloadPatch.esp
	[FE:07F] E3PC.esp
	[FE:080] [ETH]EthnetsMeleeSounds.esp
	[FE:081] K9TacticalHarness.esp
	[FE:082] Cinematographic fog effect - Light.esp
	[FE:083] zzzzzzenhcancedblood.esp
	[FE:084] Immortal Cats - Cat Meat to Cat Food.esp
	[FE:085] MM Brotherhood.esp
	[FE:086] Real Catmeat - Black.esp
	[FE:087] Real Catmeat.esp
	[FE:088] SS2_DLCSettlerPatch.esp
	[FE:089] MiscHairstyle.esp
	[FE:08A] SF Triggermen.esp
	[FE:08B] Classic And Funny Death Narriations (Memium).esp
	[FE:08C] keke-bu NPCs in Drumlin Diner_1.0.0.esp
	[FE:08D] BetterCasingEjection.esp
	[FE:08E] CROSS_BreakActionLaser.esp
	[FE:08F] CROSS_CourserStrigidae.esp
	[FE:090] Look At Me IE.esp
	[FE:091] OH_Kellogg_IEX.esp
	[FE:092] AddEnemyFootstepSound.esp
	[FE:093] Look At Me RE.esp
	[FE:094] SF Railroad.esp
	[FE:095] Look At Me RE x NBGS.esp
	[FE:096] Look At Me IE x NBGS.esp
	[FE:097] Look At Me TE.esp
	[FE:098] Burst Impact Blast FX.esp
	[FE:099] WeightlessAmmoForSurvival.esp
	[FE:09A] PRP-Hotfix.esp
	[FE:09B] TEC9.esp
	[FE:09C] Modern Weapon Replacer - AnotherOne TEC-9 - Pipe Guns.esp
	[FE:09D] Penetration Framework.esp
	[FE:09E] 50 Cal Penetrator Demonstration.esp
	[FE:09F] FlaconOil_BA2_1K_Part2.esp
	[FE:0A0] BADLANDS 2 Landscape.esp
	[FE:0A1] CapsWidget.esp
	[FE:0A2] FlaconOil_BA2_1K_Part1.esp
	[FE:0A3] C_VWAS-VWOP.esp
	[FE:0A4] 00LK_MW_Explosions.esp
	[FE:0A5] Modern Weapon Replacer - Kriss Vector - Radium Rifles.esp
	[FE:0A6] ehtyeci_MPX.esp
	[FE:0A7] Energy Weapon Replacer - Wattz Laser Gun - Laser Guns.esp
	[FE:0A8] Modern Weapon Replacer - Ak5C - Combat Rifles.esp
	[FE:0A9] Movement Speed Revised.esp
	[FE:0AA] NAC-FH.esp
	[FE:0AB] NAC-NW.esp
	[FE:0AC] OakleyMFrame.esp
	[FE:0AD] OpsCoreFASTHelmet.esp
	[FE:0AE] AzarPonytailHairstyles.esp
	[FE:0AF] SF Goodneighbor.esp
	[FE:0B0] LovingCait.esp
	[FE:0B1] Realistic Survival Damage.esp
	[FE:0B2] Elzee Breathe.esp
	[FE:0B3] RutahTattooPack_FO4.esp
	[FE:0B4] TacticalHuman.esp
	[FE:0B5] TheOthers.esp
	[FE:0B6] YAWA - BOS Hostility Patch.esp
	[FE:0B7] YAWA - INST Hostility Patch.esp
	[FE:0B8] LC's UHD Mutant Hound.esp
	[FE:0B9] VCMT Expansion patch - PROJECT VARIANCE.esp
	[FE:0BA] LC's UHD Mirelurk Queen.esp
	[FE:0BB] ACO_DLCw03.esp
	[FE:0BC] BOCW Outfit - Minutemen.esp
	[FE:0BD] BiohazardSuit - Forged.esp
	[FE:0BE] TEC9_TacticalReloadPatch.esp
	[FE:0BF] G36Complex_TacticalReloadPatch.esp
	[FE:0C0] HK_UMP_TacticalReloadPatch.esp
	[FE:0C1] GITS_CBBE_suit03.esp
	[FE:0C2] NAC X Water LOD Fix.esp
	[FE:0C3] waterLODfix.esp
	[FE:0C4] 3rd Person Cam SmallFix.esp
	[FE:0C5] Deathclaw Grab Skills.esp
	[FE:0C6] Defective_Synth.esp
	[FE:0C7] M8rDisablePipboyEffects.esp
	[FE:0C8] Improved - Animated Accessible Backpack.esp
	[FE:0C9] Infinite Armory - RR.esp
	[FE:0CA] LC's UHD Bloodrage Mirelurk.esp
	[FE:0CB] [MW2R] Shadow Company - Bos Soldiers.esp
	[FE:0CC] MW-Krueger-Raiders.esp
	[FE:0CD] MwOtter.esp
	[FE:0CE] Modern Weapon Replacer - MP-412 - .44 Revolvers.esp
	[FE:0CF] JSRS_NukaWorld.esp
	[FE:0D0] Remington700_TR.esp
	[FE:0D1] Remington700_Replacer.esp
	[FE:0D2] JSRS_FarHarbor.esp
	[FE:0D3] LC's UHD Skeletons.esp
	[FE:0D4] 00LK_MWGS.esp
	[FE:0D5] DLCCoast_MWGS_Patch_KSSM_Ver.esp
	[FE:0D6] LC's UHD Skeleton Wardrobe.esp
	[FE:0D7] DLCNukaWorld_MWGS_Patch_KSSM_Ver.esp
	[FE:0D8] LC's UHD Deathclaw.esp
	[FE:0D9] DMCatApparel - K9 Tactical Harness Patch.esp
	[FE:0DA] LAT Update.esp
	[FE:0DB] Modern Shipping Containers.esp
	[FE:0DC] NACskintonefix.esp
	[FE:0DD] SS2_XDI Patch.esp
	[FE:0DE] SS2Extended_OutfitInjectionPatch.esp
	[FE:0DF] SS2 Nora Spouse Patch.esp
	[FE:0E0] NoraSpousePatch.esp
	[FE:0E1] FlaconOil_BA2_1K_Part3.esp
	[FE:0E2] FPSL - NukaWorld.esp
	[FE:0E3] RemingtonM11_TacticalReloadPatch.esp
	[FE:0E4] RemingtonM11_LvlListPatch.esp
	[FE:0E5] Dank_CrossArmorIntegration.esp
	[FE:0E6] 4estGimp - CROSS_Institute_BreakActionLaser.esp
	[FE:0E7] Sten.esp
	[FE:0E8] SIGMCXArmoryProject.esp
	[FE:0E9] SigMCX_TacticalReload.esp
	[FE:0EA] Energy Weapon Replacer - Wattz Laser Gun - Laser Muskets.esp
	[FE:0EB] Energy Weapon Replacer - Aquila - Laser Muskets.esp
	[FE:0EC] NRAW_AE4.esp
	[FE:0ED] [ETH] PraguePoliceDC.esp
	[FE:0EE] Modern Weapon Replacer - Personal Minigun - Miniguns.esp
	[FE:0EF] Stimpaks help you breathe.esp
	[FE:0F0] Jump Grunt.esp
	[FE:0F1] CraftingFrameworkAWKCR2.esp
	[FE:0F2] Dilapidated Roads - Faded.esp
	[FE:0F3] off10mm.esp
	[FE:0F4] off44.esp
	[FE:0F5] offbaseballbat.esp
	[FE:0F6] offbaton.esp
	[FE:0F7] offboard.esp
	[FE:0F8] offbroadsider.esp
	[FE:0F9] offcombatrifle.esp
	[FE:0FA] offdeliverer.esp
	[FE:0FB] offgamma.esp
	[FE:0FC] offgauss.esp
	[FE:0FD] offknife.esp
	[FE:0FE] offknuckles.esp
	[FE:0FF] offleadpipes.esp
	[FE:100] offpiperevolver.esp
	[FE:101] offpipewrench.esp
	[FE:102] offpowerfist.esp
	[FE:103] offrollingpin.esp
	[FE:104] offsledgehammer.esp
	[FE:105] offsupersledge.esp
	[FE:106] offtireiron.esp
	[FE:107] Redistribute Weapon Lists.esp
	[FE:108] Leveled Raiders.esp
	[FE:109] Modern Weapon Replacer - Hunting Shotgun - Combat Shotguns.esp
	[FE:10A] HK_MP5_TacticalReloadPatch.esp
	[FE:10B] MWHitFX - Automatron Patch.esp
	[FE:10C] PlayerComments_UFO4P_Patch.esp
	[FE:10D] PANPC SS2 Chapter 1 NoEnableKeyword patch.esp
	[FE:10E] freefov.esp
	[FE:10F] freefovpowerarmor.esp
	[FE:110] MetroReplacer_VaultTecDLC.esp
	[FE:111] BloodStingDisc.esp
	[FE:112] RoachBloatScav.esp
	[FE:113] Modern Weapon Replacer - SREP Redux - Assault Rifles.esp
	[FE:114] offassault.esp
	[FE:115] offpipegun.esp
	[FE:116] MM Aesthetics.esp
	[FE:117] Modern Weapon Replacer - AnotherOne PP-91 Kedr - Pipe Bolt Action.esp
	[FE:118] offpipeboltaction.esp
	[FE:119] Modern Weapon Replacer - MP7 - Submachine Guns.esp
	[FE:11A] offsmg.esp
	[FE:11B] MP7_TacticalReloadPatch.esp
	[FE:11C] PRP.esp
	[FE:11D] CCRAIOSanctuaryReworkedRoadsPatch.esp
	[FE:11E] CrimeTown[Previsibines].esp
	[FE:11F] FallonsBasementOverhaul.esp
	[FE:120] PRP-SS2.esp
	[FE:121] PRP-Compat-JSRS-Regions.esp
	[FE:122] PRP-SS2-Fixes.esp
	[FE:123] Pip-Boy Flashlight.esp
	[FE:124] EnhancedLightsandFX - Automatron.esp
	[FE:125] SatelliteWorldMap.esp
	[FE:126] WorkshopFramework_ScriptOverride.esp
