Fallout 4 v1.10.163
Buffout 4 v1.26.2

Unhandled exception "EXCEPTION_ACCESS_VIOLATION" at 0x7FFE6CAFC4C7 MSVCR110.dll+003C4C7

	[Compatibility]
		F4EE: false
	[Fixes]
		ActorIsHostileToActor: true
		CellInit: true
		CreateD3DAndSwapChain: true
		EncounterZoneReset: true
		GreyMovies: true
		MagicEffectApplyEvent: true
		MovementPlanner: true
		PackageAllocateLocation: true
		SafeExit: true
		TESObjectREFRGetEncounterZone: true
		UnalignedLoad: true
		UtilityShader: true
	[Patches]
		Achievements: true
		BSMTAManager: true
		BSPreCulledObjects: true
		BSTextureStreamerLocalHeap: true
		HavokMemorySystem: true
		INISettingCollection: true
		InputSwitch: false
		MaxStdIO: -1
		MemoryManager: true
		MemoryManagerDebug: false
		ScaleformAllocator: true
		SmallBlockAllocator: true
		WorkshopMenu: true
	[Warnings]
		CreateTexture2D: true
		ImageSpaceAdapter: true

SYSTEM SPECS:
	OS: Microsoft Windows 10 Pro v10.0.19041
	CPU: GenuineIntel Intel(R) Core(TM) i9-10900 CPU @ 2.80GHz
	GPU #1: Nvidia GA102 [GeForce RTX 3080]
	GPU #2: Microsoft Basic Render Driver
	PHYSICAL MEMORY: 22.25 GB/31.93 GB

PROBABLE CALL STACK:
	[ 0] 0x7FFE6CAFC4C7      MSVCR110.dll+003C4C7
	[ 1] 0x7FF7F6A56E45      Fallout4.exe+0D06E45 -> 1451631+0x25
	[ 2] 0x7FF7F6A39E5F      Fallout4.exe+0CE9E5F -> 4671+0x4F
	[ 3] 0x7FF7F6A2EBFD      Fallout4.exe+0CDEBFD -> 1328347+0x20D
	[ 4] 0x7FFE55BBEDC5 f4se_1_10_163.dll+000EDC5
	[ 5] 0x7FF7F6A3DA7D      Fallout4.exe+0CEDA7D -> 540706+0x38D
	[ 6] 0x7FF7F6A43A4D      Fallout4.exe+0CF3A4D -> 646554+0x2D
	[ 7] 0x7FF7F78A0F26      Fallout4.exe+1B50F26 -> 329005+0xC6
	[ 8] 0x7FF7F78A1432      Fallout4.exe+1B51432 -> 194800+0x202
	[ 9] 0x7FF7F78A3F67      Fallout4.exe+1B53F67 -> 1492866+0x67
	[10] 0x7FF7F786CFED      Fallout4.exe+1B1CFED -> 1079791+0x3D
	[11] 0x7FFE9DF57034      KERNEL32.DLL+0017034
	[12] 0x7FFE9EF626A1         ntdll.dll+00526A1

REGISTERS:
	RAX 0x7FFE6CAFC4C7     (void* -> MSVCR110.dll+003C4C7)
	RCX 0x178903F000       (void*)
	RDX 0x0                (size_t)
	RBX 0x178903EFB0       (BGSLoadGameBuffer*)
	RSP 0x178903EF38       (void*)
	RBP 0x178903F100       (void*)
	RSI 0xF1EF7            (size_t)
	RDI 0x4                (size_t)
	R8  0x4                (size_t)
	R9  0x7FFE6CAC0000     (void*)
	R10 0x178903F000       (void*)
	R11 0x178903F000       (void*)
	R12 0x1E6B6C9BEC0      (char*) "Autosave3_F6180F2BS5368696765746F7261_Commonwealth_002147_20221109065241_35_2"
	R13 0x1E69F192080      (void*)
	R14 0x1E63D779FD0      (void*)
	R15 0x1E69F1923A0      (void*)

STACK:
	[RSP+0   ] 0x7FF7F6A56E45     (void* -> Fallout4.exe+0D06E45)
	[RSP+8   ] 0x58               (size_t)
	[RSP+10  ] 0x178903EFB0       (BGSLoadGameBuffer*)
	[RSP+18  ] 0x1E63D77A990      (char*) "X"
	[RSP+20  ] 0xF1EF7            (size_t)
	[RSP+28  ] 0x1E69F1923A0      (void*)
	[RSP+30  ] 0x7FF7F6A39E5F     (void* -> Fallout4.exe+0CE9E5F)
	[RSP+38  ] 0x0                (size_t)
	[RSP+40  ] 0x178903F100       (void*)
	[RSP+48  ] 0xF1EF7            (size_t)
	[RSP+50  ] 0x1E69F1923A0      (void*)
	[RSP+58  ] 0x0                (size_t)
	[RSP+60  ] 0x1700000000       (size_t)
	[RSP+68  ] 0x1700000000       (size_t)
	[RSP+70  ] 0x7FF7F6A39B8B     (void* -> Fallout4.exe+0CE9B8B)
	[RSP+78  ] 0x7FF7F8A88B38     (void* -> Fallout4.exe+2D38B38)
	[RSP+80  ] 0x0                (size_t)
	[RSP+88  ] 0x1E63D77A8F0      (ScrapHeap*)
	[RSP+90  ] 0x7FF700000000     (size_t)
	[RSP+98  ] 0x0                (size_t)
	[RSP+A0  ] 0x1E69F1923A0      (void*)
	[RSP+A8  ] 0x1E69F1923A0      (void*)
	[RSP+B0  ] 0x1E63D779FD0      (void*)
	[RSP+B8  ] 0x58               (size_t)
	[RSP+C0  ] 0x7FF7F6A2EBFD     (void* -> Fallout4.exe+0CDEBFD)
	[RSP+C8  ] 0x1700000000       (size_t)
	[RSP+D0  ] 0x178903F4F0       (void*)
	[RSP+D8  ] 0x178903F100       (void*)
	[RSP+E0  ] 0x178903F4F0       (void*)
	[RSP+E8  ] 0x90               (size_t)
	[RSP+F0  ] 0x4                (size_t)
	[RSP+F8  ] 0x1E5DB090000      (void*)
	[RSP+100 ] 0x178903F0F9       (void*)
	[RSP+108 ] 0x1E69F1923E4      (char*) "D"
	[RSP+110 ] 0x7FFE9EF3B3C7     (void* -> ntdll.dll+002B3C7)
	[RSP+118 ] 0x1E500000058      (size_t)
	[RSP+120 ] 0x1E600000001      (void*)
	[RSP+128 ] 0x90               (size_t)
	[RSP+130 ] 0x0                (size_t)
	[RSP+138 ] 0x7FF7FB937C70     (void* -> Fallout4.exe+5BE7C70)
	[RSP+140 ] 0x7FFDDF52A24C     (void* -> Buffout4.dll+004A24C)
	[RSP+148 ] 0x20000002F        (size_t)
	[RSP+150 ] 0x7FFE9EF35BA1     (void* -> ntdll.dll+0025BA1)
	[RSP+158 ] 0x17               (size_t)
	[RSP+160 ] 0x7FFE55C5C690     (char*) "sLocalSavePath:General"
	[RSP+168 ] 0x17               (size_t)
	[RSP+170 ] 0x0                (size_t)
	[RSP+178 ] 0x0                (size_t)
	[RSP+180 ] 0x0                (size_t)
	[RSP+188 ] 0x1E63D77A990      (char*) "X"
	[RSP+190 ] 0x1E63D77A88C      (void*)
	[RSP+198 ] 0x0                (size_t)
	[RSP+1A0 ] 0x7FFE00000000     (size_t)
	[RSP+1A8 ] 0x1E500000000      (size_t)
	[RSP+1B0 ] 0x0                (size_t)
	[RSP+1B8 ] 0x0                (size_t)
	[RSP+1C0 ] 0x7FFE00000000     (size_t)
	[RSP+1C8 ] 0x5C3C70015C3B7001 (size_t)
	[RSP+1D0 ] 0x5C3E70015C3D7001 (size_t)
	[RSP+1D8 ] 0x5C4070015C3F7001 (size_t)
	[RSP+1E0 ] 0x5C4270015C417001 (size_t)
	[RSP+1E8 ] 0x66B970015C437001 (size_t)
	[RSP+1F0 ] 0x66BA7002C3A77001 (size_t)
	[RSP+1F8 ] 0x66BC700166BB7001 (size_t)
	[RSP+200 ] 0x66BE700166BD7001 (size_t)
	[RSP+208 ] 0x66C0700166BF7001 (size_t)
	[RSP+210 ] 0x66C2700166C17001 (size_t)
	[RSP+218 ] 0x66C4700166C37001 (size_t)
	[RSP+220 ] 0x66C6700166C57001 (size_t)
	[RSP+228 ] 0x66C77001         (size_t)
	[RSP+230 ] 0x0                (size_t)
	[RSP+238 ] 0xFFFFFFFF         (size_t)
	[RSP+240 ] 0x8E9DD2170        (size_t)
	[RSP+248 ] 0x800000007        (size_t)
	[RSP+250 ] 0x7FF7F941DAD4     (void* -> Fallout4.exe+36CDAD4)
	[RSP+258 ] 0x1E5E9DD2170      (char*) "
ull save path: C:\Users\PC\Documents\My Games\Fallout4\__MO_Saves\\Autosave3_F6180F2BS5368696765746F7261_Commonwealth_002147_20221109065241_35_2.f4seectlyly correctly"
	[RSP+260 ] 0x1E69EEA7100      (void*)
	[RSP+268 ] 0x3                (size_t)
	[RSP+270 ] 0x855C2DABE        (size_t)
	[RSP+278 ] 0x800000007        (size_t)
	[RSP+280 ] 0x7FF7F941DAD4     (void* -> Fallout4.exe+36CDAD4)
	[RSP+288 ] 0x7FFE55C740E8     (void* -> f4se_1_10_163.dll+00C40E8)
	[RSP+290 ] 0x1E69EEA6B80      (void*)
	[RSP+298 ] 0xCE1D00000001     (size_t)
	[RSP+2A0 ] 0x7FFE55C22F7D     (void* -> f4se_1_10_163.dll+0072F7D)
	[RSP+2A8 ] 0x657661736F747541 (size_t)
	[RSP+2B0 ] 0x4630383136465F33 (size_t)
	[RSP+2B8 ] 0x3638363335534232 (size_t)
	[RSP+2C0 ] 0x3634373536373639 (size_t)
	[RSP+2C8 ] 0x6F435F3136323746 (size_t)
	[RSP+2D0 ] 0x6C6165776E6F6D6D (size_t)
	[RSP+2D8 ] 0x34313230305F6874 (size_t)
	[RSP+2E0 ] 0x3131323230325F37 (size_t)
	[RSP+2E8 ] 0x3134323536303930 (size_t)
	[RSP+2F0 ] 0x6F662E325F35335F (size_t)
	[RSP+2F8 ] 0x7FFE55C70073     (void* -> f4se_1_10_163.dll+00C0073)
	[RSP+300 ] 0x7FFE55C22BDC     (void* -> f4se_1_10_163.dll+0072BDC)
	[RSP+308 ] 0x1E5DB143C00      (void*)
	[RSP+310 ] 0x178903F2A0       (void*)
	[RSP+318 ] 0x178903F3C8       (void*)
	[RSP+320 ] 0x7FFE55C22E18     (void* -> f4se_1_10_163.dll+0072E18)
	[RSP+328 ] 0x0                (size_t)
	[RSP+330 ] 0xA                (size_t)
	[RSP+338 ] 0x1E5DB143C00      (void*)
	[RSP+340 ] 0x7FFE55C74270     (void* -> f4se_1_10_163.dll+00C4270)
	[RSP+348 ] 0x1E5DB117860      (void*)
	[RSP+350 ] 0x1E5DB143C01      (void*)
	[RSP+358 ] 0x178903F200       (char*) "F7261_Commonwealth_002147_20221109065241_35_2.fos"
	[RSP+360 ] 0x178903F200       (char*) "F7261_Commonwealth_002147_20221109065241_35_2.fos"
	[RSP+368 ] 0x7FFE55C740E8     (void* -> f4se_1_10_163.dll+00C40E8)
	[RSP+370 ] 0x7FFE55C740E8     (void* -> f4se_1_10_163.dll+00C40E8)
	[RSP+378 ] 0x178903F300       (char*) "7:57:20, EXE Version: 1.10.163.0, Save Version 15.68"
	[RSP+380 ] 0x178903F260       (void*)
	[RSP+388 ] 0x178903F308       (char*) " EXE Version: 1.10.163.0, Save Version 15.68"
	[RSP+390 ] 0x178903F310       (char*) "sion: 1.10.163.0, Save Version 15.68"
	[RSP+398 ] 0x178903F318       (char*) "10.163.0, Save Version 15.68"
	[RSP+3A0 ] 0x7FFE55C22CBD     (void* -> f4se_1_10_163.dll+0072CBD)
	[RSP+3A8 ] 0x7FFE55C41A70     (char*) "%s
"
	[RSP+3B0 ] 0x7FFE55C740E8     (void* -> f4se_1_10_163.dll+00C40E8)
	[RSP+3B8 ] 0x2F3131202D204350 (size_t)
	[RSP+3C0 ] 0x3120323230322F39 (size_t)
	[RSP+3C8 ] 0x2C30323A37353A37 (size_t)
	[RSP+3D0 ] 0x7265562045584520 (size_t)
	[RSP+3D8 ] 0x2E31203A6E6F6973 (size_t)
	[RSP+3E0 ] 0x302E3336312E3031 (size_t)
	[RSP+3E8 ] 0x562065766153202C (size_t)
	[RSP+3F0 ] 0x31206E6F69737265 (size_t)
	[RSP+3F8 ] 0xCCCCCC0038362E35 (size_t)
	[RSP+400 ] 0xCCCCCCCCCCCCCCCC (size_t)
	[RSP+408 ] 0xCCCCCCCCCCCCCCCC (size_t)
	[RSP+410 ] 0xCCCCCCCCCCCCCCCC (size_t)
	[RSP+418 ] 0xCCCCCCCCCCCCCCCC (size_t)
	[RSP+420 ] 0xCCCCCCCCCCCCCCCC (size_t)
	[RSP+428 ] 0xFFFFFFFFFFFFFFFE (size_t)
	[RSP+430 ] 0xCCCCCCCCCCCCCCCC (size_t)
	[RSP+438 ] 0xCCCCCCCCCCCCCCCC (size_t)
	[RSP+440 ] 0xCCCCCCCCCCCCCCCC (size_t)
	[RSP+448 ] 0xCCCCCCCCCCCCCCCC (size_t)
	[RSP+450 ] 0x7FFE3462B033     (void* -> SideAim.dll+000B033)
	[RSP+458 ] 0xCCCCCCCCCCCCCCCC (size_t)
	[RSP+460 ] 0x4D               (size_t)
	[RSP+468 ] 0x0                (size_t)
	[RSP+470 ] 0xFFFFFFFF         (size_t)
	[RSP+478 ] 0x0                (size_t)
	[RSP+480 ] 0xBFF94EFE8D6D     (size_t)
	[RSP+488 ] 0x1E5E9DC6050      (void*)
	[RSP+490 ] 0x7FFE55C0B371     (void* -> f4se_1_10_163.dll+005B371)
	[RSP+498 ] 0x178903F3F0       (void*)
	[RSP+4A0 ] 0x1E5E9DC6000      (void*)
	[RSP+4A8 ] 0x1E5E9DC6020      (void*)
	[RSP+4B0 ] 0xD                (size_t)
	[RSP+4B8 ] 0x7FFE55C552B8     (char*) "F4SE"
	[RSP+4C0 ] 0x4D00000002       (size_t)
	[RSP+4C8 ] 0x1E6B6C9BEC0      (char*) "Autosave3_F6180F2BS5368696765746F7261_Commonwealth_002147_20221109065241_35_2"
	[RSP+4D0 ] 0x1E665D83740      (void*)
	[RSP+4D8 ] 0xFFFFFF00         (size_t)
	[RSP+4E0 ] 0x0                (size_t)
	[RSP+4E8 ] 0x178903F4F0       (void*)
	[RSP+4F0 ] 0x0                (size_t)
	[RSP+4F8 ] 0x1E69F192080      (void*)
	[RSP+500 ] 0x7FFE55BBEDC5     (void* -> f4se_1_10_163.dll+000EDC5)
	[RSP+508 ] 0x1E6B6C9BE01      (void*)
	[RSP+510 ] 0x1E6B6C9BEC0      (char*) "Autosave3_F6180F2BS5368696765746F7261_Commonwealth_002147_20221109065241_35_2"
	[RSP+518 ] 0x1E6B6C9BEC0      (char*) "Autosave3_F6180F2BS5368696765746F7261_Commonwealth_002147_20221109065241_35_2"
	[RSP+520 ] 0x7FFE9C9DEE85     (void* -> KERNELBASE.dll+007EE85)
	[RSP+528 ] 0x0                (size_t)
	[RSP+530 ] 0x0                (size_t)
	[RSP+538 ] 0x0                (size_t)
	[RSP+540 ] 0x0                (size_t)
	[RSP+548 ] 0x0                (size_t)
	[RSP+550 ] 0x0                (size_t)
	[RSP+558 ] 0x2                (size_t)
	[RSP+560 ] 0x7FF7F6A3DA7D     (void* -> Fallout4.exe+0CEDA7D)
	[RSP+568 ] 0x0                (size_t)
	[RSP+570 ] 0x178903F5A0       (void*)
	[RSP+578 ] 0x1E665B5AB00      (BGSSaveLoadManager*)
	[RSP+580 ] 0x2                (size_t)
	[RSP+588 ] 0x0                (size_t)
	[RSP+590 ] 0x0                (size_t)
	[RSP+598 ] 0x0                (size_t)
	[RSP+5A0 ] 0x0                (size_t)
	[RSP+5A8 ] 0x0                (size_t)
	[RSP+5B0 ] 0x0                (size_t)
	[RSP+5B8 ] 0x0                (size_t)
	[RSP+5C0 ] 0x0                (size_t)
	[RSP+5C8 ] 0x0                (size_t)
	[RSP+5D0 ] 0x7FFE00000000     (size_t)
	[RSP+5D8 ] 0x1E63D77A990      (char*) "X"
	[RSP+5E0 ] 0x7FF7F786093F     (void* -> Fallout4.exe+1B1093F)
	[RSP+5E8 ] 0x657661736F747541 (size_t)
	[RSP+5F0 ] 0x4630383136465F33 (size_t)
	[RSP+5F8 ] 0x3638363335534232 (size_t)
	[RSP+600 ] 0x3634373536373639 (size_t)
	[RSP+608 ] 0x6F435F3136323746 (size_t)
	[RSP+610 ] 0x6C6165776E6F6D6D (size_t)
	[RSP+618 ] 0x34313230305F6874 (size_t)
	[RSP+620 ] 0x3131323230325F37 (size_t)
	[RSP+628 ] 0x3134323536303930 (size_t)
	[RSP+630 ] 0x325F35335F       (size_t)
	[RSP+638 ] 0x0                (size_t)
	[RSP+640 ] 0x0                (size_t)
	[RSP+648 ] 0x0                (size_t)
	[RSP+650 ] 0x0                (size_t)
	[RSP+658 ] 0x0                (size_t)
	[RSP+660 ] 0x0                (size_t)
	[RSP+668 ] 0x0                (size_t)
	[RSP+670 ] 0x0                (size_t)
	[RSP+678 ] 0x0                (size_t)
	[RSP+680 ] 0x0                (size_t)
	[RSP+688 ] 0x0                (size_t)
	[RSP+690 ] 0x0                (size_t)
	[RSP+698 ] 0x0                (size_t)
	[RSP+6A0 ] 0x0                (size_t)
	[RSP+6A8 ] 0x0                (size_t)
	[RSP+6B0 ] 0x0                (size_t)
	[RSP+6B8 ] 0x0                (size_t)
	[RSP+6C0 ] 0x0                (size_t)
	[RSP+6C8 ] 0x0                (size_t)
	[RSP+6D0 ] 0x0                (size_t)
	[RSP+6D8 ] 0x0                (size_t)
	[RSP+6E0 ] 0x0                (size_t)
	[RSP+6E8 ] 0x0                (size_t)
	[RSP+6F0 ] 0x1E6C588C260      (void*)
	[RSP+6F8 ] 0x23               (size_t)
	[RSP+700 ] 0x300000002        (size_t)
	[RSP+708 ] 0x2F6180F2B        (size_t)
	[RSP+710 ] 0x0                (size_t)
	[RSP+718 ] 0xADBE908900130009 (size_t)
	[RSP+720 ] 0x0                (size_t)
	[RSP+728 ] 0x1E6000D000C      (size_t)
	[RSP+730 ] 0x0                (size_t)
	[RSP+738 ] 0x70006            (size_t)
	[RSP+740 ] 0x100000101        (size_t)
	[RSP+748 ] 0x73726573555C3A43 (size_t)
	[RSP+750 ] 0x75636F445C43505C (size_t)
	[RSP+758 ] 0x794D5C73746E656D (size_t)
	[RSP+760 ] 0x465C73656D614720 (size_t)
	[RSP+768 ] 0x5C3474756F6C6C61 (size_t)
	[RSP+770 ] 0x7661535F4F4D5F5F (size_t)
	[RSP+778 ] 0x736F7475415C7365 (size_t)
	[RSP+780 ] 0x3136465F33657661 (size_t)
	[RSP+788 ] 0x3335534232463038 (size_t)
	[RSP+790 ] 0x3536373639363836 (size_t)
	[RSP+798 ] 0x3136323746363437 (size_t)
	[RSP+7A0 ] 0x776E6F6D6D6F435F (size_t)
	[RSP+7A8 ] 0x30305F68746C6165 (size_t)
	[RSP+7B0 ] 0x3230325F37343132 (size_t)
	[RSP+7B8 ] 0x3536303930313132 (size_t)
	[RSP+7C0 ] 0x325F35335F313432 (size_t)
	[RSP+7C8 ] 0x100736F662E      (size_t)
	[RSP+7D0 ] 0x0                (size_t)
	[RSP+7D8 ] 0x0                (size_t)
	[RSP+7E0 ] 0x7FFDDF529FC5     (void* -> Buffout4.dll+0049FC5)
	[RSP+7E8 ] 0x0                (size_t)
	[RSP+7F0 ] 0x0                (size_t)
	[RSP+7F8 ] 0x0                (size_t)
	[RSP+800 ] 0x7FFDDF529E2E     (void* -> Buffout4.dll+0049E2E)
	[RSP+808 ] 0x8                (size_t)
	[RSP+810 ] 0x4                (size_t)
	[RSP+818 ] 0x7FF7FB938080     (void* -> Fallout4.exe+5BE8080)
	[RSP+820 ] 0x1E6B2E7EC01      (void*)
	[RSP+828 ] 0x1E6D391D780      (void*)
	[RSP+830 ] 0x7FFDDF52A2E9     (void* -> Buffout4.dll+004A2E9)
	[RSP+838 ] 0x1E6D391D780      (void*)
	[RSP+840 ] 0x1E6B2E7EC01      (void*)
	[RSP+848 ] 0x1E6B2E7EC28      (void*)
	[RSP+850 ] 0x0                (size_t)
	[RSP+858 ] 0x657661736F747541 (size_t)
	[RSP+860 ] 0x4630383136465F33 (size_t)
	[RSP+868 ] 0x3638363335534232 (size_t)
	[RSP+870 ] 0x3634373536373639 (size_t)
	[RSP+878 ] 0x6F435F3136323746 (size_t)
	[RSP+880 ] 0x6C6165776E6F6D6D (size_t)
	[RSP+888 ] 0x34313230305F6874 (size_t)
	[RSP+890 ] 0x3131323230325F37 (size_t)
	[RSP+898 ] 0x3134323536303930 (size_t)
	[RSP+8A0 ] 0x325F35335F       (size_t)
	[RSP+8A8 ] 0x1E6B2D82860      (BGSStoryManagerQuestNode*)
		File: "W.A.T.Minutemen.esp"
		Flags: 0x00000009
		Form ID: 0x00249E50
		Form Type: 117
	[RSP+8B0 ] 0x7FFE6CB1FB6D     (void* -> MSVCR110.dll+005FB6D)
	[RSP+8B8 ] 0x7FF7F9421598     (type_info*)
	[RSP+8C0 ] 0x0                (size_t)
	[RSP+8C8 ] 0x0                (size_t)
	[RSP+8D0 ] 0x7FFDDF529FC5     (void* -> Buffout4.dll+0049FC5)
	[RSP+8D8 ] 0x1E6D2FA9F00      (TESQuest*)
		File: "W.A.T.Minutemen.esp"
		Flags: 0x00000008
		Form ID: 0x76069694
		Form Type: 80
		Full Name: ""
	[RSP+8E0 ] 0x7FF7F8E286C8     (void* -> Fallout4.exe+30D86C8)
	[RSP+8E8 ] 0x178903F919       (void*)
	[RSP+8F0 ] 0x7FFE6CB1FB8F     (void* -> MSVCR110.dll+005FB8F)
	[RSP+8F8 ] 0x0                (size_t)
	[RSP+900 ] 0x1E6D1888AA0      (BGSStoryManagerQuestNode*)
		File: "W.A.T.Minutemen.esp"
		Flags: 0x00000008
		Form ID: 0x76069E31
		Form Type: 117
	[RSP+908 ] 0x7FF7FB938080     (void* -> Fallout4.exe+5BE8080)
	[RSP+910 ] 0x7FF7FB938088     (void* -> Fallout4.exe+5BE8088)
	[RSP+918 ] 0x1E6D1888B68      (void*)
	[RSP+920 ] 0x7FFDDF52A24C     (void* -> Buffout4.dll+004A24C)
	[RSP+928 ] 0x10               (size_t)
	[RSP+930 ] 0x178903F919       (void*)
	[RSP+938 ] 0x4                (size_t)
	[RSP+940 ] 0x7FF7F65421DF     (void* -> Fallout4.exe+07F21DF)
	[RSP+948 ] 0x4                (size_t)
	[RSP+950 ] 0x7FF7F7861042     (void* -> Fallout4.exe+1B11042)
	[RSP+958 ] 0x0                (size_t)
	[RSP+960 ] 0x1E6D1888AA0      (BGSStoryManagerQuestNode*)
		File: "W.A.T.Minutemen.esp"
		Flags: 0x00000008
		Form ID: 0x76069E31
		Form Type: 117
	[RSP+968 ] 0x657661736F747541 (size_t)
	[RSP+970 ] 0x4630383136465F33 (size_t)
	[RSP+978 ] 0x3638363335534232 (size_t)
	[RSP+980 ] 0x3634373536373639 (size_t)
	[RSP+988 ] 0x6F435F3136323746 (size_t)
	[RSP+990 ] 0x6C6165776E6F6D6D (size_t)
	[RSP+998 ] 0x34313230305F6874 (size_t)
	[RSP+9A0 ] 0x3131323230325F37 (size_t)
	[RSP+9A8 ] 0x3134323536303930 (size_t)
	[RSP+9B0 ] 0x6F662E325F35335F (size_t)
	[RSP+9B8 ] 0x87190F7F6B880073 (size_t)
	[RSP+9C0 ] 0xC170F78A07883F82 (size_t)
	[RSP+9C8 ] 0x1E6D2FA9F00      (TESQuest*)
		File: "W.A.T.Minutemen.esp"
		Flags: 0x00000008
		Form ID: 0x76069694
		Form Type: 80
		Full Name: ""
	[RSP+9D0 ] 0x0                (size_t)
	[RSP+9D8 ] 0x0                (size_t)
	[RSP+9E0 ] 0x0                (size_t)
	[RSP+9E8 ] 0x0                (size_t)
	[RSP+9F0 ] 0x0                (size_t)
	[RSP+9F8 ] 0x178903F9A0       (void*)
	[RSP+A00 ] 0x7FF7FB938084     (void* -> Fallout4.exe+5BE8084)
	[RSP+A08 ] 0x7FF7FB938080     (void* -> Fallout4.exe+5BE8080)
	[RSP+A10 ] 0x7FF7FB938088     (void* -> Fallout4.exe+5BE8088)
	[RSP+A18 ] 0x1E6D1888AA0      (BGSStoryManagerQuestNode*)
		File: "W.A.T.Minutemen.esp"
		Flags: 0x00000008
		Form ID: 0x76069E31
		Form Type: 117
	[RSP+A20 ] 0x1E63D77A990      (char*) "X"
	[RSP+A28 ] 0x2                (size_t)
	[RSP+A30 ] 0x1                (size_t)
	[RSP+A38 ] 0x1E6B6475A60      (BGSStoryManagerEventNode*)
		File: "DLCCoast.esm"
		Flags: 0x00000009
		Form ID: 0x03057155
		Form Type: 118
	[RSP+A40 ] 0x7FF7F5EA2C3C     (void* -> Fallout4.exe+0152C3C)
	[RSP+A48 ] 0x1E6AC6A6440      (void*)
	[RSP+A50 ] 0x2                (size_t)
	[RSP+A58 ] 0x87190F7F         (size_t)
	[RSP+A60 ] 0x8B18F363         (size_t)
	[RSP+A68 ] 0x1E6D1888AA0      (BGSStoryManagerQuestNode*)
		File: "W.A.T.Minutemen.esp"
		Flags: 0x00000008
		Form ID: 0x76069E31
		Form Type: 117
	[RSP+A70 ] 0x0                (size_t)
	[RSP+A78 ] 0x73726573555C3A43 (size_t)
	[RSP+A80 ] 0x75636F445C43505C (size_t)
	[RSP+A88 ] 0x794D5C73746E656D (size_t)
	[RSP+A90 ] 0x465C73656D614720 (size_t)
	[RSP+A98 ] 0x5C3474756F6C6C61 (size_t)
	[RSP+AA0 ] 0x7661535F4F4D5F5F (size_t)
	[RSP+AA8 ] 0x5C7365           (size_t)
	[RSP+AB0 ] 0x0                (size_t)
	[RSP+AB8 ] 0x0                (size_t)
	[RSP+AC0 ] 0x0                (size_t)
	[RSP+AC8 ] 0x0                (size_t)
	[RSP+AD0 ] 0x0                (size_t)
	[RSP+AD8 ] 0x0                (size_t)
	[RSP+AE0 ] 0x0                (size_t)
	[RSP+AE8 ] 0x0                (size_t)
	[RSP+AF0 ] 0x0                (size_t)
	[RSP+AF8 ] 0x0                (size_t)
	[RSP+B00 ] 0x0                (size_t)
	[RSP+B08 ] 0x0                (size_t)
	[RSP+B10 ] 0x0                (size_t)
	[RSP+B18 ] 0x0                (size_t)
	[RSP+B20 ] 0x0                (size_t)
	[RSP+B28 ] 0x0                (size_t)
	[RSP+B30 ] 0x0                (size_t)
	[RSP+B38 ] 0x0                (size_t)
	[RSP+B40 ] 0x0                (size_t)
	[RSP+B48 ] 0x0                (size_t)
	[RSP+B50 ] 0x0                (size_t)
	[RSP+B58 ] 0x0                (size_t)
	[RSP+B60 ] 0x0                (size_t)
	[RSP+B68 ] 0x0                (size_t)
	[RSP+B70 ] 0x0                (size_t)
	[RSP+B78 ] 0x0                (size_t)
	[RSP+B80 ] 0x0                (size_t)
	[RSP+B88 ] 0x0                (size_t)
	[RSP+B90 ] 0x1786DDF6B0       (void*)
	[RSP+B98 ] 0x7FF7FB938084     (void* -> Fallout4.exe+5BE8084)
	[RSP+BA0 ] 0x1                (size_t)
	[RSP+BA8 ] 0x7FF7FB938080     (void* -> Fallout4.exe+5BE8080)
	[RSP+BB0 ] 0x7FF7FB938088     (void* -> Fallout4.exe+5BE8088)
	[RSP+BB8 ] 0x1E5FB37FF20      (void*)
	[RSP+BC0 ] 0x0                (size_t)
	[RSP+BC8 ] 0x0                (size_t)
	[RSP+BD0 ] 0x7FF7F6A43A4D     (void* -> Fallout4.exe+0CF3A4D)
	[RSP+BD8 ] 0x1E6B2D50001      (void*)
	[RSP+BE0 ] 0x1E665D83740      (void*)
	[RSP+BE8 ] 0x1E6FFFFFFFF      (size_t)
	[RSP+BF0 ] 0x1E600000000      (void*)
	[RSP+BF8 ] 0x1                (size_t)
	[RSP+C00 ] 0x7FFE9C983000     (char*) "$0H"
	[RSP+C08 ] 0x7FF7FB939610     (void* -> Fallout4.exe+5BE9610)
	[RSP+C10 ] 0x7FF7F78A0F26     (void* -> Fallout4.exe+1B50F26)
	[RSP+C18 ] 0x7FF7FB939610     (void* -> Fallout4.exe+5BE9610)
	[RSP+C20 ] 0x0                (size_t)
	[RSP+C28 ] 0x0                (size_t)
	[RSP+C30 ] 0x7FF7F7ACC6DE     (void* -> Fallout4.exe+1D7C6DE)
	[RSP+C38 ] 0x0                (size_t)
	[RSP+C40 ] 0x0                (size_t)
	[RSP+C48 ] 0x7FF7FB94D180     (void* -> Fallout4.exe+5BFD180)
	[RSP+C50 ] 0x0                (size_t)
	[RSP+C58 ] 0x7FF7FB9395C0     (BSJobs::JobThread*)
	[RSP+C60 ] 0x7FF7F78A1432     (void* -> Fallout4.exe+1B51432)
	[RSP+C68 ] 0x0                (size_t)
	[RSP+C70 ] 0x7FF7FB9395C0     (BSJobs::JobThread*)
	[RSP+C78 ] 0x0                (size_t)
	[RSP+C80 ] 0x178903FC10       (void*)
	[RSP+C88 ] 0x0                (size_t)
	[RSP+C90 ] 0x0                (size_t)
	[RSP+C98 ] 0x0                (size_t)
	[RSP+CA0 ] 0x7FF7F78A3F67     (void* -> Fallout4.exe+1B53F67)
	[RSP+CA8 ] 0x7FF7FB9395C0     (BSJobs::JobThread*)
	[RSP+CB0 ] 0x0                (size_t)
	[RSP+CB8 ] 0x0                (size_t)
	[RSP+CC0 ] 0x0                (size_t)
	[RSP+CC8 ] 0x7FF7FB9395C0     (BSJobs::JobThread*)
	[RSP+CD0 ] 0x7FF7F786CFED     (void* -> Fallout4.exe+1B1CFED)
	[RSP+CD8 ] 0x4F14             (size_t)
	[RSP+CE0 ] 0x178903FC30       (void*)
	[RSP+CE8 ] 0x1E5FB35BC90      (void*)
	[RSP+CF0 ] 0x0                (size_t)
	[RSP+CF8 ] 0x7FF7FB9395C0     (BSJobs::JobThread*)
	[RSP+D00 ] 0x0                (size_t)
	[RSP+D08 ] 0x0                (size_t)
	[RSP+D10 ] 0x7FFE9DF57034     (void* -> KERNEL32.DLL+0017034)
	[RSP+D18 ] 0x0                (size_t)
	[RSP+D20 ] 0x0                (size_t)
	[RSP+D28 ] 0x0                (size_t)
	[RSP+D30 ] 0x0                (size_t)
	[RSP+D38 ] 0x0                (size_t)
	[RSP+D40 ] 0x7FFE9EF626A1     (void* -> ntdll.dll+00526A1)
	[RSP+D48 ] 0x0                (size_t)
	[RSP+D50 ] 0x0                (size_t)
	[RSP+D58 ] 0x0                (size_t)
	[RSP+D60 ] 0x0                (size_t)
	[RSP+D68 ] 0x0                (size_t)
	[RSP+D70 ] 0x0                (size_t)
	[RSP+D78 ] 0x62693A8200000000 (size_t)
	[RSP+D80 ] 0x0                (size_t)
	[RSP+D88 ] 0x0                (size_t)
	[RSP+D90 ] 0x7FFE9CA70100     (void* -> KERNELBASE.dll+0110100)
	[RSP+D98 ] 0x178903E000       (void*)
	[RSP+DA0 ] 0x80001FFFBFB38EE0 (size_t)
	[RSP+DA8 ] 0x7FFEFECE3B82     (size_t)
	[RSP+DB0 ] 0x178903E000       (void*)
	[RSP+DB8 ] 0x0                (size_t)
	[RSP+DC0 ] 0x0                (size_t)
	[RSP+DC8 ] 0x0                (size_t)
	[RSP+DD0 ] 0x0                (size_t)
	[RSP+DD8 ] 0x0                (size_t)
	[RSP+DE0 ] 0x0                (size_t)
	[RSP+DE8 ] 0x0                (size_t)
	[RSP+DF0 ] 0x0                (size_t)
	[RSP+DF8 ] 0x0                (size_t)
	[RSP+E00 ] 0x0                (size_t)
	[RSP+E08 ] 0x0                (size_t)
	[RSP+E10 ] 0x0                (size_t)
	[RSP+E18 ] 0x0                (size_t)
	[RSP+E20 ] 0x0                (size_t)
	[RSP+E28 ] 0x0                (size_t)
	[RSP+E30 ] 0x0                (size_t)
	[RSP+E38 ] 0x0                (size_t)
	[RSP+E40 ] 0x0                (size_t)
	[RSP+E48 ] 0x0                (size_t)
	[RSP+E50 ] 0x0                (size_t)
	[RSP+E58 ] 0x0                (size_t)
	[RSP+E60 ] 0x0                (size_t)
	[RSP+E68 ] 0x0                (size_t)
	[RSP+E70 ] 0x0                (size_t)
	[RSP+E78 ] 0x0                (size_t)
	[RSP+E80 ] 0x0                (size_t)
	[RSP+E88 ] 0x0                (size_t)
	[RSP+E90 ] 0x0                (size_t)
	[RSP+E98 ] 0x0                (size_t)
	[RSP+EA0 ] 0x0                (size_t)
	[RSP+EA8 ] 0x0                (size_t)
	[RSP+EB0 ] 0x0                (size_t)
	[RSP+EB8 ] 0x0                (size_t)
	[RSP+EC0 ] 0x0                (size_t)
	[RSP+EC8 ] 0x0                (size_t)
	[RSP+ED0 ] 0x0                (size_t)
	[RSP+ED8 ] 0x0                (size_t)
	[RSP+EE0 ] 0x0                (size_t)
	[RSP+EE8 ] 0x0                (size_t)
	[RSP+EF0 ] 0x0                (size_t)
	[RSP+EF8 ] 0x0                (size_t)
	[RSP+F00 ] 0x0                (size_t)
	[RSP+F08 ] 0x0                (size_t)
	[RSP+F10 ] 0x0                (size_t)
	[RSP+F18 ] 0x0                (size_t)
	[RSP+F20 ] 0x0                (size_t)
	[RSP+F28 ] 0x0                (size_t)
	[RSP+F30 ] 0x0                (size_t)
	[RSP+F38 ] 0x0                (size_t)
	[RSP+F40 ] 0x0                (size_t)
	[RSP+F48 ] 0x0                (size_t)
	[RSP+F50 ] 0x0                (size_t)
	[RSP+F58 ] 0x0                (size_t)
	[RSP+F60 ] 0x0                (size_t)
	[RSP+F68 ] 0x0                (size_t)
	[RSP+F70 ] 0x0                (size_t)
	[RSP+F78 ] 0x0                (size_t)
	[RSP+F80 ] 0x0                (size_t)
	[RSP+F88 ] 0x0                (size_t)
	[RSP+F90 ] 0x0                (size_t)
	[RSP+F98 ] 0x0                (size_t)
	[RSP+FA0 ] 0x0                (size_t)
	[RSP+FA8 ] 0x0                (size_t)
	[RSP+FB0 ] 0x0                (size_t)
	[RSP+FB8 ] 0x0                (size_t)
	[RSP+FC0 ] 0x0                (size_t)
	[RSP+FC8 ] 0x0                (size_t)
	[RSP+FD0 ] 0x0                (size_t)
	[RSP+FD8 ] 0x0                (size_t)
	[RSP+FE0 ] 0x0                (size_t)
	[RSP+FE8 ] 0x0                (size_t)
	[RSP+FF0 ] 0x0                (size_t)
	[RSP+FF8 ] 0x0                (size_t)
	[RSP+1000] 0x0                (size_t)
	[RSP+1008] 0x0                (size_t)
	[RSP+1010] 0x0                (size_t)
	[RSP+1018] 0x0                (size_t)
	[RSP+1020] 0x0                (size_t)
	[RSP+1028] 0x0                (size_t)
	[RSP+1030] 0x0                (size_t)
	[RSP+1038] 0x0                (size_t)
	[RSP+1040] 0x0                (size_t)
	[RSP+1048] 0x0                (size_t)
	[RSP+1050] 0x0                (size_t)
	[RSP+1058] 0x0                (size_t)
	[RSP+1060] 0x0                (size_t)
	[RSP+1068] 0x0                (size_t)
	[RSP+1070] 0x0                (size_t)
	[RSP+1078] 0x0                (size_t)
	[RSP+1080] 0x0                (size_t)
	[RSP+1088] 0x0                (size_t)
	[RSP+1090] 0x0                (size_t)
	[RSP+1098] 0x0                (size_t)
	[RSP+10A0] 0x0                (size_t)
	[RSP+10A8] 0x0                (size_t)
	[RSP+10B0] 0x0                (size_t)
	[RSP+10B8] 0x0                (size_t)
	[RSP+10C0] 0x0                (size_t)

MODULES:

F4SE PLUGINS:
	achievements.dll
	AutoBeam.dll v1
	BakaScrapHeap.dll v1.3
	BetterConsole.dll
	BodyPartsUI.dll v1
	Buffout4.dll v1.26.2
	BulletCountedReload.dll
	ClassicHolsteredWeapons.dll
	crafting_highlight_fix.dll
	enbhelperf4.dll v1
	encounter_zone_recalculation.dll
	ESPExplorer.dll
	f4ee.dll
	FallSouls.dll
	HighFPSPhysicsFix.dll
	LooksmenuPlayerRotation.dll
	mcm.dll
	modify_frequency.dll
	NoScrollwheelPOVChange.dll
	NVIDIA_Reflex.dll v1
	place.dll
	PowerGridTools.dll
	PriorityMod.dll
	SeamlessInspect.dll v1
	ShadowBoostFO4.dll
	SideAim.dll v1.4
	SprintStutteringFix.dll
	UneducatedShooter.dll v1
	WeaponsFramework.dll
	wsfw_identifier.dll
	XDI.dll

PLUGINS:
	[00]     Fallout4.esm
	[01]     DLCRobot.esm
	[02]     DLCworkshop01.esm
	[03]     DLCCoast.esm
	[04]     DLCworkshop02.esm
	[05]     DLCworkshop03.esm
	[06]     DLCNukaWorld.esm
	[07]     Unofficial Fallout 4 Patch.esp
	[08]     HUDFramework.esm
	[09]     WorkshopFramework.esm
	[0A]     XDI.esm
	[0B]     ArmorKeywords.esm
	[0C]     CALIBER-COMPLEX.esm
	[0D]     CleanMySettlement.esm
	[0E]     Overlays.esm
	[0F]     ExtendedWeaponSystem.esm
	[10]     TacticalReload.esm
	[11]     3dscopes.esp
	[12]     9x39Project.esp
	[13]     _hod.esp
	[14]     A Forest.esp
	[15]     AimFatigue f4se.esp
	[16]     AlexMakarovPistol.esp
	[17]     APC9.esp
	[18]     Armorsmith Extended.esp
	[19]     ASH127.esp
	[1A]     Backpacks of the Commonwealth.esp
	[1B]     BasementLiving.esp
	[1C]     BH_MCX_Spear.esp
	[1D]     Boston Natural Surroundings.esp
	[1E]     Chiappa_Rhino.esp
	[1F]     CombatZoneRestored.esp
	[20]     CSEPBountyMod.esp
	[21]     CustomMossberg590A1.esp
	[22]     DarkerNights.esp
	[23]     DCGuard_Overhaul.esp
	[24]     DesertEagleNV.esp
	[25]     DSR 50.esp
	[26]     ECV_Remnants.esp
	[27]     EFF.esp
	[28]     EG7.esp
	[29]     Eli_BunkerSafehouse.esp
	[2A]     ENBLightsHDRPatch.esp
	[2B]     EnclaveFactionItems.esp
	[2C]     EnhancedLightsandFX.esp
	[2D]     Factor.esp
	[2E]     FCOM PMCs_3.0.esp
	[2F]     FCOM.esp
	[30]     Flashy_CrimeAndPunishment_GunForHire_Addon.esp
	[31]     Flashy_PersonalEssentials.esp
	[32]     FnScar.esp
	[33]     FO4 NPCs Travel.esp
	[34]     G36Complex.esp
	[35]     G3A3.esp
	[36]     Galac-TactREDUX.esp
	[37]     GCM.esp
	[38]     GhillieModRedux.esp
	[39]     Glock17_TacticalReload.esp
	[3A]     Glock19x.esp
	[3B]     HaxRPG7.esp
	[3C]     HK_MP5.esp
	[3D]     HK_UMP.esp
	[3E]     HoneyBadger.esp
	[3F]     Immersive HUD.esp
	[40]     Infinite Armory.esp
	[41]     jsrs.esp
	[42]     KrissVector.esp
	[43]     LooksMenu Customization Compendium.esp
	[44]     M&P 2.0.esp
	[45]     M1A.esp
	[46]     M203.esp
	[47]     M2Agency.esp
	[48]     Mercenary.esp
	[49]     Metro Gas Masks.esp
	[4A]     MilitarisedMinutemen_PatchesAddon.esp
	[4B]     MilitarizedMinutemen.esp
	[4C]     Military Gorka Suit.esp
	[4D]     Minutemen Supply Caches.esp
	[4E]     MK18.esp
	[4F]     More_Clothes_Textures.esp
	[50]     Mosin.esp
	[51]     Mossberg500.esp
	[52]     MP153.esp
	[53]     MP7.esp
	[54]     MREs.esp
	[55]     MTs255.esp
	[56]     NAC.esp
	[57]     P220.esp
	[58]     P90.esp
	[59]     PD_LowerWeapon.esp
	[5A]     Pet - Call -Feed Dogmeat.esp
	[5B]     PH_HighwayProject.esp
	[5C]     PIP-Pad.esp
	[5D]     PKMnv.esp
	[5E]     PL-14.esp
	[5F]     PlayerVoiceFrequencySlider.esp
	[60]     PMC_NVG.esp
	[61]     Quad_Fusillade.esp
	[62]     ReconPack.esp
	[63]     Remington700.esp
	[64]     Reverb and Ambiance Overhaul.esp
	[65]     RU556.esp
	[66]     RU556Armouryprojectv3.esp
	[67]     RussianAssaultPack.esp
	[68]     Sandbag Fortifications - Version 2C.esp
	[69]     Scopes.esp
	[6A]     SideAim.esp
	[6B]     SKKCombatStalkers.esp
	[6C]     StartMeUp.esp
	[6D]     StartMeUpNukaWorldPatch.esp
	[6E]     STEALTH AND DETECTION SYSTEM(base).esp
	[6F]     SteyrAUGnv.esp
	[70]     subwayrunnnernodynamic.esp
	[71]     SV-98.esp
	[72]     SVT40.esp
	[73]     The Train.esp
	[74]     Tracksuit.esp
	[75]     UltraInteriorLighting.esp
	[76]     W.A.T.Minutemen.esp
	[77]     Wana_SA58.esp
	[78]     WelcometoGoodneighbor.esp
	[79]     WestTekTacticalOptics.esp
	[7A]     Zenit.esp
	[7B]     [XHX] MW SP-R 208.esp
	[7C]     Apexmod.esp
	[7D]     AAC_HoneyBadger.esp
	[7E]     FanClub_M200.esp
	[7F]     F4NVSingleActionArmy.esp
	[80]     ESPExplorerFO4.esp
	[81]     AAlpha12.esp
	[82]     ar500.esp
	[83]     CombinedArmsEXPack.esp
	[84]     CombinedArmsNV.esp
	[85]     CW1911.esp
	[86]     CWKrig6.esp
	[87]     FO4Hotkeys.esp
	[88]     Holsters & sheaths.esp
	[89]     MWAkilo47.esp
	[8A]     MWAN94.esp
	[8B]     MWEagle.esp
	[8C]     MWM19.esp
	[8D]     MWMike4.esp
	[8E]     MWMpapa40.esp
	[8F]     MWMpapa5.esp
	[90]     MWPP19.esp
	[91]     MWRam7.esp
	[92]     MWScarL.esp
	[93]     MWvalpha.esp
	[94]     MWVictor.esp
	[95]     PredatorCannon.esp
	[96]     WZAK47.esp
	[97]     GIAT_FAMAS.esp
	[98]     CazadorML.esp
	[99]     CorpusPraesidium.esp
	[9A]     Mac10.esp
	[9B]     Quick Save.esp
	[9C]     MjolnirMKVB.esp
	[9D]     MA37.esp
	[9E]     KSHairdos_oel.esp
	[9F]     KSHairdos.esp
	[A0]     TheMobileMechanic.esp
	[A1]     AnimeRace_Nanako.esp
	[A2]     EFTPack.esp
	[A3]     MWIILimax.esp
	[A4]     MWIIM4.esp
	[A5]     ValiusHDTextures4K.esp
	[A6]     BerettaM9FS.esp
	[A7]     RPD.esp
	[FE:000] CanarySaveFileMonitor.esl
	[FE:001] ClimbingAxe.esl
	[FE:002] GTFOB.esl
	[FE:003] ImmersiveDogmeat.esl
	[FE:004] Ladder.esl
	[FE:005] M84FlashBang.esl
	[FE:006] PPF.esm
	[FE:007] Quick_Modification_Weapon_by_tooun.esl
	[FE:008] tooun_Animationpack.esl
	[FE:009] YouAndWhatArmy.esl
	[FE:00A] [XHX] MW Weapons Shared.esl
	[FE:00B] Inspectweapons.esl
	[FE:00C] IceStormsCombatDrone.esl
	[FE:00D] G11.esl
	[FE:00E] BerettaM9FS.esl
	[FE:00F] M8rDisablePipboyEffects.esp
	[FE:010] 3dscopes-9x39project.esp
	[FE:011] 3dscopes-aug.esp
	[FE:012] 3dscopes-fnfal.esp
	[FE:013] 3dscopes-m1a.esp
	[FE:014] 3dscopes-mosin.esp
	[FE:015] 3dscopes-reconpack.esp
	[FE:016] 3dscopes-ru556.esp
	[FE:017] 3dscopes-sv98.esp
	[FE:018] 3dscopes-svt40.esp
	[FE:019] 9x39Project_SA.esp
	[FE:01A] 9x39Project_TacticalReloadPatch.esp
	[FE:01B] AlexMakarovPistol_TacticalReloadPatch.esp
	[FE:01C] Ambient Wasteland.esp
	[FE:01D] APC9_LeveledListPatch.esp
	[FE:01E] APC9_TacticalReloadPatch.esp
	[FE:01F] BerettaM9FSESL_TacticalReloadPatch.esp
	[FE:020] BH_MCX_Spear_LvlListPatch.esp
	[FE:021] BH_MCX_Spear_SA.esp
	[FE:022] BH_MCX_Spear_STS_Patch.esp
	[FE:023] BH_MCX_Spear_TR.esp
	[FE:024] BlurKillerComplete.esp
	[FE:025] Burst Impact Blast FX.esp
	[FE:026] ConditionBoy.esp
	[FE:027] CustomCamera.esp
	[FE:028] DarkerNightsDetection.esp
	[FE:029] dD - Screen Blood Duration Medium.esp
	[FE:02A] dD-Action Ragdoll Force.esp
	[FE:02B] dD-Enhanced Blood Basic.esp
	[FE:02C] DevtacRonin.esp
	[FE:02D] Distant Warfare.esp
	[FE:02E] ehtyeci_MPX.esp
	[FE:02F] ELFX_ENBLight_Patch.esp
	[FE:030] Elzee Cough.esp
	[FE:031] EntrenchingToolStandalone.esp
	[FE:032] Fallout 4 AI Overhaul.esp
	[FE:033] FallUI_CALIBER_COMPLEX_PATCH.esp
	[FE:034] Faster Stations.esp
	[FE:035] FCOM-MM.esp
	[FE:036] FIS-Naming-Weap-Armo-EN.esp
	[FE:037] FlaconOil_BA2_1K_Part1.esp
	[FE:038] FlaconOil_BA2_1K_Part2.esp
	[FE:039] FlaconOil_BA2_1K_Part3.esp
	[FE:03A] FnScar_SA_TR.esp
	[FE:03B] FnScar_TacticalReload.esp
	[FE:03C] Fog Remover Combo 2.0.esp
	[FE:03D] Fog Remover Recommended.esp
	[FE:03E] G36Complex_SA.esp
	[FE:03F] G36Complex_TacticalReloadPatch.esp
	[FE:040] G3A3_AnimationUpdate.esp
	[FE:041] G3A3LvlListPatch.esp
	[FE:042] Galac-tacwesttek.esp
	[FE:043] GhillieModRedux - LMCC+PIPPad.esp
	[FE:044] Glock19x_TacticalReloadPatch.esp
	[FE:045] GLXRM_AmmoCheck.esp
	[FE:046] GR123 West Tek Tactical Gloves.esp
	[FE:047] Grasslands - Healthy.esp
	[FE:048] HK_MP5_TacticalReloadPatch.esp
	[FE:049] HK_UMP_TacticalReloadPatch.esp
	[FE:04A] HoneyBadger_SA.esp
	[FE:04B] IAF - Far Harbor & Nuka World.esp
	[FE:04C] ImmersiveAnimationFramework.esp
	[FE:04D] Infinite Armory - Institute.esp
	[FE:04E] Insignificant Object Remover.esp
	[FE:04F] JSRS_Regions.esp
	[FE:050] K9TacticalHarness.esp
	[FE:051] Kedr.esp
	[FE:052] KrissVector_TacticalReloadPatch.esp
	[FE:053] LeverActionBCR.esp
	[FE:054] LongRangeBulletHoles.esp
	[FE:055] LooksMenu.esp
	[FE:056] LootableVertibirds.esp
	[FE:057] LOST PMC Extended Patch.esp
	[FE:058] M1A_TacticalReloadPatch.esp
	[FE:059] M203_LeveledList.esp
	[FE:05A] M2AgencyLvlListPatch.esp
	[FE:05B] M2AgencyTacticalReloadPatch.esp
	[FE:05C] M4k4rov - PPSh.esp
	[FE:05D] M870.esp
	[FE:05E] MAIM 2 - EZ Keywords.esp
	[FE:05F] MAIM 2 - Russian Stimpak Patch.esp
	[FE:060] MAIM 2 - Stimpaks Help You Breathe Patch.esp
	[FE:061] MAIM 2.esp
	[FE:062] MAIM Distributor.esp
	[FE:063] MAIM Speed.esp
	[FE:064] MAIM-SOUND-PICK-UPS.esp
	[FE:065] Mercenary_TexEdits.esp
	[FE:066] MercenaryPMC.esp
	[FE:067] Mike32.esp
	[FE:068] Military_Cap_Extended_Full.esp
	[FE:069] MinutemenPropaganda.esp
	[FE:06A] MK18 Armory Project.esp
	[FE:06B] MK18_SA.esp
	[FE:06C] MK18_TacticalReloadPatch.esp
	[FE:06D] MKIIGrenadeStandalone.esp
	[FE:06E] More Human Loot Tweaks.esp
	[FE:06F] More Human Raider Loot.esp
	[FE:070] More MAIM Human Loot.esp
	[FE:071] MP7_TacticalReloadPatch.esp
	[FE:072] NAC-FH.esp
	[FE:073] NAC-NW.esp
	[FE:074] Nexus_PMC.esp
	[FE:075] No Combat Boundaries.esp
	[FE:076] NPC Accuracy Revised.esp
	[FE:077] OakleyMFrame.esp
	[FE:078] OpsCoreFASTHelmet.esp
	[FE:079] P220 Animation Overhaul.esp
	[FE:07A] P90_TacticalReloadPatch.esp
	[FE:07B] P90NPC.esp
	[FE:07C] Penetration Framework.esp
	[FE:07D] Pine Trees Redone - BNS 2.4.esp
	[FE:07E] Pip-Boy Flashlight.esp
	[FE:07F] PIP-Pad_LMCC.esp
	[FE:080] PIP-Pad_Pip-BoyFlashlight.esp
	[FE:081] PL-14_TacticalReloadPatch.esp
	[FE:082] PMC_extended.esp
	[FE:083] PMC_extended_lore.esp
	[FE:084] PMC_Flashlights.esp
	[FE:085] Project Reality Footsteps FO4.esp
	[FE:086] PRP.esp
	[FE:087] RBJustin.esp
	[FE:088] ReconPack_TacticalReloadPatch.esp
	[FE:089] Remington700_SA.esp
	[FE:08A] Remington700_TR.esp
	[FE:08B] RU556_SA_AP.esp
	[FE:08C] Rubles.esp
	[FE:08D] RussianStimpack.esp
	[FE:08E] SpotlightFix-100-Shadow.esp
	[FE:08F] STALKER Music_Complete.esp
	[FE:090] StartMeUpShaunDefaultAppearance.esp
	[FE:091] SteyrAUGnv_TacticalReloadPatch.esp
	[FE:092] Stimpaks help you breathe.esp
	[FE:093] SV-98_TacticalReloadPatch.esp
	[FE:094] SVT40-2xDMG.esp
	[FE:095] SVT40-AWKCR.esp
	[FE:096] SVT40_TacticalReloadPatch.esp
	[FE:097] TacticalBeanie.esp
	[FE:098] TacticalReloadDLC.esp
	[FE:099] TacticalReloadVanilla.esp
	[FE:09A] TRUBY9.esp
	[FE:09B] Wana SA58 TR.esp
	[FE:09C] WestTekTacticalOptics_-_REACTOR_ENB_PATCH_1.1.esp
	[FE:09D] Zenit_TacticalReloadPatch.esp
	[FE:09E] AWARHERO TitanFall 2 Outfits.esp
	[FE:09F] AX50_by_tooun.esp
	[FE:0A0] AX50_by_tooun_TR_patch.esp
	[FE:0A1] AAC_HoneyBadger_TacticalReloadPatch.esp
	[FE:0A2] CBBE.esp
	[FE:0A3] CROSS_CourserStrigidae.esp
	[FE:0A4] QMW-3DM82A3.esp
	[FE:0A5] QMW-3DSCOPEAUG.esp
	[FE:0A6] QMW-3DSCOPEM249.esp
	[FE:0A7] QMW-3DSCOPEMK12.esp
	[FE:0A8] QMW-3DSCOPESPAS12.esp
	[FE:0A9] QMW-3DSCOPEVSS.esp
	[FE:0AA] QMW-CAE-ALLINONE.esp
	[FE:0AB] QMW-CAG36.esp
	[FE:0AC] QWM-3DSCOPE550.esp
	[FE:0AD] QWM-CAAKM.esp
	[FE:0AE] VisibleWeapons.esp
	[FE:0AF] DX Courser X-92 Power Suit.esp
	[FE:0B0] Elzee Breathe.esp
	[FE:0B1] STM9.esp
	[FE:0B2] CombinedArmsNV_TacticalReloadPatch.esp
	[FE:0B3] DesertEagleNV_TacticalReloadPatch.esp
	[FE:0B4] GIAT_FAMAS_TacticalReloadPatch.esp
	[FE:0B5] Kedr_TacticalReloadPatch.esp
	[FE:0B6] 512StandaloneHairColors.esp
	[FE:0B7] RaceCustomizer - Far Harbor Compatibility Patch.esp
	[FE:0B8] RaceCustomizer - LMCC Compatibility Patch.esp
	[FE:0B9] RaceCustomizer.esp
	[FE:0BA] Fennec_addons.esp
