Fallout 4 v1.10.163
Buffout 4 v1.24.5

Unhandled exception "EXCEPTION_ACCESS_VIOLATION" at 0x7FF75C348F6A Fallout4.exe+1AF8F6A

SETTINGS:
	[Compatibility]
		F4EE: true
	[Fixes]
		ActorIsHostileToActor: true
		CellInit: true
		EncounterZoneReset: true
		GreyMovies: true
		MagicEffectApplyEvent: true
		MovementPlanner: true
		PackageAllocateLocation: true
		SafeExit: true
		UnalignedLoad: true
		UtilityShader: true
	[Patches]
		Achievements: true
		BSMTAManager: true
		BSPreCulledObjects: true
		BSTextureStreamerLocalHeap: true
		HavokMemorySystem: true
		INISettingCollection: true
		InputSwitch: false
		MaxStdIO: -1
		MemoryManager: true
		MemoryManagerDebug: false
		ScaleformAllocator: true
		SmallBlockAllocator: true
		WorkshopMenu: true
	[Warnings]
		CreateTexture2D: true
		ImageSpaceAdapter: true

SYSTEM SPECS:
	OS: Microsoft Windows 11 Pro v10.0.22621
	CPU: GenuineIntel Intel(R) Core(TM) i7-8700K CPU @ 3.70GHz
	GPU #1: Nvidia GP104 [GeForce GTX 1070]
	GPU #2: Microsoft Basic Render Driver
	PHYSICAL MEMORY: 12.92 GB/31.94 GB

PROBABLE CALL STACK:
	[ 0] 0x7FF75C348F6A      Fallout4.exe+1AF8F6A -> 1447818+0x3A
	[ 1] 0x7FF75C3D3FC9      Fallout4.exe+1B83FC9 -> 116219+0x1F9
	[ 2] 0x7FF75C3D5FD7      Fallout4.exe+1B85FD7 -> 847044+0x57
	[ 3] 0x7FF75C3C6832      Fallout4.exe+1B76832 -> 270048+0x42
	[ 4] 0x7FF75C3CA34B      Fallout4.exe+1B7A34B -> 1309589+0x9B
	[ 5] 0x7FF75C3C9F44      Fallout4.exe+1B79F44 -> 1285198+0x1C4
	[ 6] 0x7FF75C3BFCDC      Fallout4.exe+1B6FCDC -> 1566228+0x61C
	[ 7] 0x7FF75C3CD93A      Fallout4.exe+1B7D93A -> 1261045+0x3A
	[ 8] 0x7FF75A96D6C4      Fallout4.exe+011D6C4 -> 280736+0x2B4
	[ 9] 0x7FF75A966E9F      Fallout4.exe+0116E9F -> 57137+0x27F
	[10] 0x7FF75B587CD4      Fallout4.exe+0D37CD4 -> 708657+0x2F4
	[11] 0x7FF75B58F253      Fallout4.exe+0D3F253 -> 407290+0x263
	[12] 0x7FF75B5A35A9      Fallout4.exe+0D535A9 -> 1085735+0x29
	[13] 0x7FF8D7DC743C f4se_1_10_163.dll+001743C
	[14] 0x7FF75C36CFED      Fallout4.exe+1B1CFED -> 1079791+0x3D
	[15] 0x7FF963AB244D      KERNEL32.DLL+001244D
	[16] 0x7FF9654EDF88         ntdll.dll+005DF88

REGISTERS:
	RAX 0x0                (size_t)
	RCX 0x1000             (size_t)
	RDX 0x0                (size_t)
	RBX 0x7FF760457038     (void* -> Fallout4.exe+5C07038)
	RSP 0xDA5821EB60       (void*)
	RBP 0x1                (size_t)
	RSI 0x7FF760457038     (void* -> Fallout4.exe+5C07038)
	RDI 0x213D8BE0A00      (BSResource::`anonymous namespace'::LooseFileAsyncStream*)
	R8  0x326162FA46A777   (size_t)
	R9  0x213D8BE0A00      (BSResource::`anonymous namespace'::LooseFileAsyncStream*)
	R10 0x7FF7603B7580     (void* -> Fallout4.exe+5B67580)
	R11 0xDA5821EA50       (void*)
	R12 0x2131D8DBC78      (char*) "DATA\"
	R13 0x0                (size_t)
	R14 0x2131D8DBD20      (BSResource::LooseFileLocation*)
	R15 0x213C18D0280      (char*) "	"

STACK:
	[RSP+0   ] 0xDA5821EBD0       (void*)
	[RSP+8   ] 0x213D8BE0A00      (BSResource::`anonymous namespace'::LooseFileAsyncStream*)
	[RSP+10  ] 0x1                (size_t)
	[RSP+18  ] 0x9                (size_t)
	[RSP+20  ] 0x9                (size_t)
	[RSP+28  ] 0x7FF75C3D3FC9     (void* -> Fallout4.exe+1B83FC9)
	[RSP+30  ] 0x0                (size_t)
	[RSP+38  ] 0xDA5821EBE0       (void*)
	[RSP+40  ] 0x7FF7603B7580     (void* -> Fallout4.exe+5B67580)
	[RSP+48  ] 0x0                (size_t)
	[RSP+50  ] 0x5D27D5F          (size_t)
	[RSP+58  ] 0x7FF920B62300     (void* -> usvfs_x64.dll+0092300)
	[RSP+60  ] 0x2131D8DBD20      (BSResource::LooseFileLocation*)
	[RSP+68  ] 0x100              (size_t)
	[RSP+70  ] 0x0                (size_t)
	[RSP+78  ] 0x213D8BE0A00      (BSResource::`anonymous namespace'::LooseFileAsyncStream*)
	[RSP+80  ] 0x0                (size_t)
	[RSP+88  ] 0x0                (size_t)
	[RSP+90  ] 0x73656D61475C3A45 (size_t)
	[RSP+98  ] 0x735C6D616574535C (size_t)
	[RSP+A0  ] 0x737070616D616574 (size_t)
	[RSP+A8  ] 0x5C6E6F6D6D6F635C (size_t)
	[RSP+B0  ] 0x2074756F6C6C6146 (size_t)
	[RSP+B8  ] 0x6C5C415441445C34 (size_t)
	[RSP+C0  ] 0x706D6F43616D616C (size_t)
	[RSP+C8  ] 0x6165486E6F696E61 (size_t)
	[RSP+D0  ] 0x2D20327672656874 (size_t)
	[RSP+D8  ] 0x5F736563696F5620 (size_t)
	[RSP+E0  ] 0x3261622E6E65     (size_t)
	[RSP+E8  ] 0x100              (size_t)
	[RSP+F0  ] 0x246              (size_t)
	[RSP+F8  ] 0x0                (size_t)
	[RSP+100 ] 0xDA5821F110       (void*)
	[RSP+108 ] 0x213C0A12250      (void*)
	[RSP+110 ] 0x2131D91F7C0      (void*)
	[RSP+118 ] 0x100              (size_t)
	[RSP+120 ] 0x1                (size_t)
	[RSP+128 ] 0x7FF75C392FE8     (void* -> Fallout4.exe+1B42FE8)
	[RSP+130 ] 0x0                (size_t)
	[RSP+138 ] 0x23595DB515720000 (size_t)
	[RSP+140 ] 0x206              (size_t)
	[RSP+148 ] 0x7FF962BAAB6F     (void* -> KERNELBASE.dll+002AB6F)
	[RSP+150 ] 0x2131D91F7C0      (void*)
	[RSP+158 ] 0x7FF91CE9B41A     (void* -> tbbmalloc.dll+000B41A)
	[RSP+160 ] 0x2131D91F7C0      (void*)
	[RSP+168 ] 0x2131D91C000      (void*)
	[RSP+170 ] 0x100              (size_t)
	[RSP+178 ] 0x7FF75C3D580B     (void* -> Fallout4.exe+1B8580B)
	[RSP+180 ] 0x7FF91CEB9B60     (void* -> tbbmalloc.dll+0029B60)
	[RSP+188 ] 0x7FF91CE9C4D7     (void* -> tbbmalloc.dll+000C4D7)
	[RSP+190 ] 0x2131D91F7C0      (void*)
	[RSP+198 ] 0x100              (size_t)
	[RSP+1A0 ] 0xDA5821F0F0       (void*)
	[RSP+1A8 ] 0xDA5821F4A0       (char*) "llamaCompanionHeatherv2 - Voices_en.ba2"
	[RSP+1B0 ] 0x213C18D0280      (char*) "	"
	[RSP+1B8 ] 0x100              (size_t)
	[RSP+1C0 ] 0x3000             (size_t)
	[RSP+1C8 ] 0x213D94D9318      (char*) "llamaCompanionHeatherv2 - Voices_en.ba2"
	[RSP+1D0 ] 0x7FF760457038     (void* -> Fallout4.exe+5C07038)
	[RSP+1D8 ] 0x7FF75C3D5FD7     (void* -> Fallout4.exe+1B85FD7)
	[RSP+1E0 ] 0x7FF705D27D5F     (size_t)
	[RSP+1E8 ] 0x213DCD295A0      (BSResource::`anonymous namespace'::LooseFileStream*)
	[RSP+1F0 ] 0x7FF760456838     (void* -> Fallout4.exe+5C06838)
	[RSP+1F8 ] 0x7FF760457038     (void* -> Fallout4.exe+5C07038)
	[RSP+200 ] 0xDA5821ED80       (void*)
	[RSP+208 ] 0x7FF75C398300     (void* -> Fallout4.exe+1B48300)
	[RSP+210 ] 0x7FF760456008     (BSResource::Archive2::Index*)
	[RSP+218 ] 0x7FF75C3C6832     (void* -> Fallout4.exe+1B76832)
	[RSP+220 ] 0x213C18D0280      (char*) "	"
	[RSP+228 ] 0xDA5821F0F0       (void*)
	[RSP+230 ] 0xDA5821F110       (void*)
	[RSP+238 ] 0x100              (size_t)
	[RSP+240 ] 0x213C18D0280      (char*) "	"
	[RSP+248 ] 0x9                (size_t)
	[RSP+250 ] 0xDA5821F0F0       (void*)
	[RSP+258 ] 0x7FF75C3CA34B     (void* -> Fallout4.exe+1B7A34B)
	[RSP+260 ] 0x7FF760456008     (BSResource::Archive2::Index*)
	[RSP+268 ] 0x7FF760457C60     (char*) "8i"
	[RSP+270 ] 0x7FF760456008     (BSResource::Archive2::Index*)
	[RSP+278 ] 0x36800            (size_t)
	[RSP+280 ] 0xDA5821F0F0       (void*)
	[RSP+288 ] 0x213CFB0CB20      (void*)
	[RSP+290 ] 0xDA5821EF90       (char*) "aCompanionHeatherv2.esp/PlayerVoiceMale01/00EED782_1.fuz"
	[RSP+298 ] 0x7FF75C3C9F44     (void* -> Fallout4.exe+1B79F44)
	[RSP+2A0 ] 0x213CFB0CB00      (void*)
	[RSP+2A8 ] 0x7FF760457C68     (char*) "8i"
	[RSP+2B0 ] 0x0                (size_t)
	[RSP+2B8 ] 0x5D27D5F          (size_t)
	[RSP+2C0 ] 0x0                (size_t)
	[RSP+2C8 ] 0x7FF75C3C8A2B     (void* -> Fallout4.exe+1B78A2B)
	[RSP+2D0 ] 0x0                (size_t)
	[RSP+2D8 ] 0x7FF760456000     (void* -> Fallout4.exe+5C06000)
	[RSP+2E0 ] 0x4C524E47         (size_t)
	[RSP+2E8 ] 0x0                (size_t)
	[RSP+2F0 ] 0xDA5821F110       (void*)
	[RSP+2F8 ] 0x7FF75C3BF0FB     (void* -> Fallout4.exe+1B6F0FB)
	[RSP+300 ] 0xB8E              (size_t)
	[RSP+308 ] 0xDA5821EF90       (char*) "aCompanionHeatherv2.esp/PlayerVoiceMale01/00EED782_1.fuz"
	[RSP+310 ] 0x61               (size_t)
	[RSP+318 ] 0x7FF760456000     (void* -> Fallout4.exe+5C06000)
	[RSP+320 ] 0x4C524E47         (size_t)
	[RSP+328 ] 0x7FF75C3BFCDC     (void* -> Fallout4.exe+1B6FCDC)
	[RSP+330 ] 0x0                (size_t)
	[RSP+338 ] 0xDA5821F0F0       (void*)
	[RSP+340 ] 0x213CFB0CB00      (void*)
	[RSP+348 ] 0xDA5821F08C       (void*)
	[RSP+350 ] 0xDA5821EF18       (void*)
	[RSP+358 ] 0x0                (size_t)
	[RSP+360 ] 0x2131671E718      (void*)
	[RSP+368 ] 0x213D94D9300      (void*)
	[RSP+370 ] 0x213C54510C0      (void*)
	[RSP+378 ] 0x0                (size_t)
	[RSP+380 ] 0x100000           (size_t)
	[RSP+388 ] 0x100000           (size_t)
	[RSP+390 ] 0x1A010            (size_t)
	[RSP+398 ] 0x100000           (size_t)
	[RSP+3A0 ] 0x158445442        (size_t)
	[RSP+3A8 ] 0xB8E4C524E47      (size_t)
	[RSP+3B0 ] 0x5CF1526          (size_t)
	[RSP+3B8 ] 0x36839            (size_t)
	[RSP+3C0 ] 0x0                (size_t)
	[RSP+3C8 ] 0x7FF920B623AA     (void* -> usvfs_x64.dll+00923AA)
	[RSP+3D0 ] 0x23830594FA72     (size_t)
	[RSP+3D8 ] 0x100000           (size_t)
	[RSP+3E0 ] 0x32616223BD42BC   (size_t)
	[RSP+3E8 ] 0x7FF900000000     (size_t)
	[RSP+3F0 ] 0x213C5573100      (char*) "P"
	[RSP+3F8 ] 0x0                (size_t)
	[RSP+400 ] 0x5CF1526          (size_t)
	[RSP+408 ] 0x5D27D5F          (size_t)
	[RSP+410 ] 0x36839            (size_t)
	[RSP+418 ] 0x36839            (size_t)
	[RSP+420 ] 0x6F562F646E756F00 (size_t)
	[RSP+428 ] 0x6D616C6C2F656369 (size_t)
	[RSP+430 ] 0x696E61706D6F4361 (size_t)
	[RSP+438 ] 0x6568746165486E6F (size_t)
	[RSP+440 ] 0x2F7073652E327672 (size_t)
	[RSP+448 ] 0x6F56726579616C50 (size_t)
	[RSP+450 ] 0x30656C614D656369 (size_t)
	[RSP+458 ] 0x3744454530302F31 (size_t)
	[RSP+460 ] 0x7A75662E315F3238 (size_t)
	[RSP+468 ] 0x7A75662E00007A00 (size_t)
	[RSP+470 ] 0xDA5821F200       (void*)
	[RSP+478 ] 0x213C0A12250      (void*)
	[RSP+480 ] 0x0                (size_t)
	[RSP+488 ] 0x0                (size_t)
	[RSP+490 ] 0xDA5821F250       (char*) "DATA\llamaCompanionHeatherv2 - Voices_en.ba2"
	[RSP+498 ] 0x63A4             (size_t)
	[RSP+4A0 ] 0x0                (size_t)
	[RSP+4A8 ] 0x23595DB515720000 (size_t)
	[RSP+4B0 ] 0x206              (size_t)
	[RSP+4B8 ] 0x7FF962BAAB6F     (void* -> KERNELBASE.dll+002AB6F)
	[RSP+4C0 ] 0x63A4             (size_t)
	[RSP+4C8 ] 0x0                (size_t)
	[RSP+4D0 ] 0x0                (size_t)
	[RSP+4D8 ] 0x0                (size_t)
	[RSP+4E0 ] 0x7FF760457EF4     (void* -> Fallout4.exe+5C07EF4)
	[RSP+4E8 ] 0x7FF75C3D47BC     (void* -> Fallout4.exe+1B847BC)
	[RSP+4F0 ] 0x5D27D5F          (size_t)
	[RSP+4F8 ] 0x7FF760457EF4     (void* -> Fallout4.exe+5C07EF4)
	[RSP+500 ] 0x1                (size_t)
	[RSP+508 ] 0xDA5821F410       (void*)
	[RSP+510 ] 0x400000000        (size_t)
	[RSP+518 ] 0x0                (size_t)
	[RSP+520 ] 0xB8E00000000      (size_t)
	[RSP+528 ] 0xB8E              (size_t)
	[RSP+530 ] 0x4                (size_t)
	[RSP+538 ] 0x213C18D0280      (char*) "	"
	[RSP+540 ] 0x2131D8DBD20      (BSResource::LooseFileLocation*)
	[RSP+548 ] 0x7FF760456000     (void* -> Fallout4.exe+5C06000)
	[RSP+550 ] 0x1D8780C7074A604  (size_t)
	[RSP+558 ] 0x5D27D5F          (size_t)
	[RSP+560 ] 0x73656D61475C3A45 (size_t)
	[RSP+568 ] 0x735C6D616574535C (size_t)
	[RSP+570 ] 0x737070616D616574 (size_t)
	[RSP+578 ] 0x5C6E6F6D6D6F635C (size_t)
	[RSP+580 ] 0x2074756F6C6C6146 (size_t)
	[RSP+588 ] 0x6C5C415441445C34 (size_t)
	[RSP+590 ] 0x213DCD295A0      (BSResource::`anonymous namespace'::LooseFileStream*)
	[RSP+598 ] 0xDA5821EED0       (void*)
	[RSP+5A0 ] 0xDA5821EF50       (void*)
	[RSP+5A8 ] 0x5F73656300000B8E (size_t)
	[RSP+5B0 ] 0x32616223BD42BC   (size_t)
	[RSP+5B8 ] 0x7275747800000000 (size_t)
	[RSP+5C0 ] 0xDA5821F4A0       (char*) "llamaCompanionHeatherv2 - Voices_en.ba2"
	[RSP+5C8 ] 0xB8E4C524E47      (size_t)
	[RSP+5D0 ] 0x0                (size_t)
	[RSP+5D8 ] 0x0                (size_t)
	[RSP+5E0 ] 0x0                (size_t)
	[RSP+5E8 ] 0x0                (size_t)
	[RSP+5F0 ] 0x0                (size_t)
	[RSP+5F8 ] 0x0                (size_t)
	[RSP+600 ] 0x616C6C5C41544144 (size_t)
	[RSP+608 ] 0x6E61706D6F43616D (size_t)
	[RSP+610 ] 0x213DCD295A0      (BSResource::`anonymous namespace'::LooseFileStream*)
	[RSP+618 ] 0x47202D2032767265 (size_t)
	[RSP+620 ] 0x2E797274656D6F65 (size_t)
	[RSP+628 ] 0x677363           (size_t)
	[RSP+630 ] 0xDA5821F4BC       (char*) "ices_en.ba2"
	[RSP+638 ] 0x7FF75C3D191B     (void* -> Fallout4.exe+1B8191B)
	[RSP+640 ] 0xDA5821F310       (void*)
	[RSP+648 ] 0xDA5821F289       (void*)
	[RSP+650 ] 0x0                (size_t)
	[RSP+658 ] 0x0                (size_t)
	[RSP+660 ] 0xDA5821F308       (void*)
	[RSP+668 ] 0xDA5821F255       (char*) "llamaCompanionHeatherv2 - Voices_en.ba2"
	[RSP+670 ] 0xDA5821F27C       (void*)
	[RSP+678 ] 0x0                (size_t)
	[RSP+680 ] 0x7FF75D4996C8     (void* -> Fallout4.exe+2C496C8)
	[RSP+688 ] 0xDA5821F250       (char*) "DATA\llamaCompanionHeatherv2 - Voices_en.ba2"
	[RSP+690 ] 0x2131D8DBCE0      (void*)
	[RSP+698 ] 0x7FF75C3D1BEB     (void* -> Fallout4.exe+1B81BEB)
	[RSP+6A0 ] 0x7FF760457EF4     (void* -> Fallout4.exe+5C07EF4)
	[RSP+6A8 ] 0xDA5821F410       (void*)
	[RSP+6B0 ] 0x0                (size_t)
	[RSP+6B8 ] 0x0                (size_t)
	[RSP+6C0 ] 0x213D9FCDF90      (void*)
	[RSP+6C8 ] 0x7FF75C3CF60D     (void* -> Fallout4.exe+1B7F60D)
	[RSP+6D0 ] 0x7FF760457F20     (BSResource::`anonymous namespace'::GlobalPaths*)
	[RSP+6D8 ] 0xDA5821F4A0       (char*) "llamaCompanionHeatherv2 - Voices_en.ba2"
	[RSP+6E0 ] 0x0                (size_t)
	[RSP+6E8 ] 0xDA5821F390       (void*)
	[RSP+6F0 ] 0x616C6C5C41544144 (size_t)
	[RSP+6F8 ] 0x6E61706D6F43616D (size_t)
	[RSP+700 ] 0x68746165486E6F69 (size_t)
	[RSP+708 ] 0x56202D2032767265 (size_t)
	[RSP+710 ] 0x6E655F736563696F (size_t)
	[RSP+718 ] 0x7F003261622E     (size_t)
	[RSP+720 ] 0x61               (size_t)
	[RSP+728 ] 0x7FF75C4D1830     (void* -> Fallout4.exe+1C81830)
	[RSP+730 ] 0xDA5821F340       (void*)
	[RSP+738 ] 0xDA5821F330       (void*)
	[RSP+740 ] 0xDA5821F328       (void*)
	[RSP+748 ] 0xDA5821F320       (void*)
	[RSP+750 ] 0x7FF75D4996C8     (void* -> Fallout4.exe+2C496C8)
	[RSP+758 ] 0x7FF700000000     (size_t)
	[RSP+760 ] 0x213C18CFFB9      (void*)
	[RSP+768 ] 0x7FF75C4D18BB     (void* -> Fallout4.exe+1C818BB)
	[RSP+770 ] 0xDA5821F4BC       (char*) "ices_en.ba2"
	[RSP+778 ] 0xDA5821F32B       (void*)
	[RSP+780 ] 0xDA5821F560       (void*)
	[RSP+788 ] 0x7FF75ABB1FCC     (void* -> Fallout4.exe+0361FCC)
	[RSP+790 ] 0x7FF7601C5E30     (BGSCombinedCellGeometryDB::CDX*)
	[RSP+798 ] 0x57A6129BCC13     (size_t)
	[RSP+7A0 ] 0x7FF8D20E3698     (void* -> MSVCR110.dll+0053698)
	[RSP+7A8 ] 0x104              (size_t)
	[RSP+7B0 ] 0x213C18CFFB9      (void*)
	[RSP+7B8 ] 0x0                (size_t)
	[RSP+7C0 ] 0x7FF75D4A7A68     (char*) "%s%s%s%s"
	[RSP+7C8 ] 0xDA5821F4A0       (char*) "llamaCompanionHeatherv2 - Voices_en.ba2"
	[RSP+7D0 ] 0xDA5821F390       (void*)
	[RSP+7D8 ] 0x7FF8D20C416E     (void* -> MSVCR110.dll+003416E)
	[RSP+7E0 ] 0xDA5821F4C3       (char*) ".ba2"
	[RSP+7E8 ] 0x7FF760457C40     (void* -> Fallout4.exe+5C07C40)
	[RSP+7F0 ] 0x213CFC07D00      (void*)
	[RSP+7F8 ] 0x7FF75C3C7B42     (void* -> Fallout4.exe+1B77B42)
	[RSP+800 ] 0x0                (size_t)
	[RSP+808 ] 0x7FF75C3D1C78     (void* -> Fallout4.exe+1B81C78)
	[RSP+810 ] 0xDA5821F428       (void*)
	[RSP+818 ] 0xDA5821F4A0       (char*) "llamaCompanionHeatherv2 - Voices_en.ba2"
	[RSP+820 ] 0xDA5821F410       (void*)
	[RSP+828 ] 0x213D9FCDF90      (void*)
	[RSP+830 ] 0xDA5821F410       (void*)
	[RSP+838 ] 0x0                (size_t)
	[RSP+840 ] 0x213CFC07D00      (void*)
	[RSP+848 ] 0x7FF75C3D1D3D     (void* -> Fallout4.exe+1B81D3D)
	[RSP+850 ] 0x7FF75D49BB83     (void* -> Fallout4.exe+2C4BB83)
	[RSP+858 ] 0xDA5821F560       (void*)
	[RSP+860 ] 0x0                (size_t)
	[RSP+868 ] 0x7FF75A8744E3     (void* -> Fallout4.exe+00244E3)
	[RSP+870 ] 0x7FF75D4996C8     (void* -> Fallout4.exe+2C496C8)
	[RSP+878 ] 0x213D9FCDF90      (void*)
	[RSP+880 ] 0x0                (size_t)
	[RSP+888 ] 0x7FF75D4A5B98     (char*) "en"
	[RSP+890 ] 0x213C18CFFB9      (void*)
	[RSP+898 ] 0x7FF75D4A5B98     (char*) "en"
	[RSP+8A0 ] 0xDA5821F560       (void*)
	[RSP+8A8 ] 0x7FF75C3CD93A     (void* -> Fallout4.exe+1B7D93A)
	[RSP+8B0 ] 0x1D8770F58445442  (size_t)
	[RSP+8B8 ] 0x7FF75D49BB83     (void* -> Fallout4.exe+2C4BB83)
	[RSP+8C0 ] 0x0                (size_t)
	[RSP+8C8 ] 0x213DCD295A0      (BSResource::`anonymous namespace'::LooseFileStream*)
	[RSP+8D0 ] 0x7FF75D6638C8     (void* -> Fallout4.exe+2E138C8)
	[RSP+8D8 ] 0x0                (size_t)
	[RSP+8E0 ] 0x0                (size_t)
	[RSP+8E8 ] 0x7FF760457F20     (BSResource::`anonymous namespace'::GlobalPaths*)
	[RSP+8F0 ] 0x7FF75D4A5B98     (char*) "en"
	[RSP+8F8 ] 0x7FF75A96D6C4     (void* -> Fallout4.exe+011D6C4)
	[RSP+900 ] 0x7FF75D49BB83     (void* -> Fallout4.exe+2C4BB83)
	[RSP+908 ] 0x7FF75D4A5B98     (char*) "en"
	[RSP+910 ] 0x213CFC07D00      (void*)
	[RSP+918 ] 0xDA5821F5B0       (char*) "llamaCompanionHeatherv2"
	[RSP+920 ] 0x7FF75D4A63D8     (char*) " - Voices_"
	[RSP+928 ] 0x7FF75D4A5B98     (char*) "en"
	[RSP+930 ] 0x7FF75D4A63E4     (char*) ".ba2"
	[RSP+938 ] 0xF3               (size_t)
	[RSP+940 ] 0x6D6F43616D616C6C (size_t)
	[RSP+948 ] 0x65486E6F696E6170 (size_t)
	[RSP+950 ] 0x2032767265687461 (size_t)
	[RSP+958 ] 0x736563696F56202D (size_t)
	[RSP+960 ] 0x3261622E6E655F   (size_t)
	[RSP+968 ] 0x0                (size_t)
	[RSP+970 ] 0x0                (size_t)
	[RSP+978 ] 0x0                (size_t)
	[RSP+980 ] 0x0                (size_t)
	[RSP+988 ] 0x0                (size_t)
	[RSP+990 ] 0x0                (size_t)
	[RSP+998 ] 0x0                (size_t)
	[RSP+9A0 ] 0x0                (size_t)
	[RSP+9A8 ] 0x0                (size_t)
	[RSP+9B0 ] 0x0                (size_t)
	[RSP+9B8 ] 0x0                (size_t)
	[RSP+9C0 ] 0x0                (size_t)
	[RSP+9C8 ] 0x0                (size_t)
	[RSP+9D0 ] 0x0                (size_t)
	[RSP+9D8 ] 0x0                (size_t)
	[RSP+9E0 ] 0x0                (size_t)
	[RSP+9E8 ] 0x0                (size_t)
	[RSP+9F0 ] 0x0                (size_t)
	[RSP+9F8 ] 0x0                (size_t)
	[RSP+A00 ] 0x0                (size_t)
	[RSP+A08 ] 0x0                (size_t)
	[RSP+A10 ] 0x0                (size_t)
	[RSP+A18 ] 0x0                (size_t)
	[RSP+A20 ] 0x0                (size_t)
	[RSP+A28 ] 0x0                (size_t)
	[RSP+A30 ] 0x0                (size_t)
	[RSP+A38 ] 0x0                (size_t)
	[RSP+A40 ] 0x21300000000      (size_t)
	[RSP+A48 ] 0x213D9FBFC40      (char*) "DLCNukaWorld.esm"
	[RSP+A50 ] 0x6D6F43616D616C6C (size_t)
	[RSP+A58 ] 0x65486E6F696E6170 (size_t)
	[RSP+A60 ] 0x32767265687461   (size_t)
	[RSP+A68 ] 0x767275535F680078 (size_t)
	[RSP+A70 ] 0x317473696C617669 (size_t)
	[RSP+A78 ] 0x6F6D72006D6D3732 (size_t)
	[RSP+A80 ] 0x726F6D7241200072 (size_t)
	[RSP+A88 ] 0x0                (size_t)
	[RSP+A90 ] 0x0                (size_t)
	[RSP+A98 ] 0x800              (size_t)
	[RSP+AA0 ] 0x213D91B4620      (void*)
	[RSP+AA8 ] 0x7FF75C3981AC     (void* -> Fallout4.exe+1B481AC)
	[RSP+AB0 ] 0x800              (size_t)
	[RSP+AB8 ] 0x213D91B44B8      (void*)
	[RSP+AC0 ] 0x1                (size_t)
	[RSP+AC8 ] 0x7FF962BEAE5D     (void* -> KERNELBASE.dll+006AE5D)
	[RSP+AD0 ] 0x10000            (size_t)
	[RSP+AD8 ] 0x2                (size_t)
	[RSP+AE0 ] 0x0                (size_t)
	[RSP+AE8 ] 0x213D918F580      (void*)
	[RSP+AF0 ] 0x2                (size_t)
	[RSP+AF8 ] 0x7FF75C3A5BA7     (void* -> Fallout4.exe+1B55BA7)
	[RSP+B00 ] 0x213D91B4480      (BSFile*)
	[RSP+B08 ] 0x213D918F580      (void*)
	[RSP+B10 ] 0x18               (size_t)
	[RSP+B18 ] 0x7FF8D20C6480     (void* -> MSVCR110.dll+0036480)
	[RSP+B20 ] 0x2                (size_t)
	[RSP+B28 ] 0x0                (size_t)
	[RSP+B30 ] 0x213D91B4480      (BSFile*)
	[RSP+B38 ] 0x0                (size_t)
	[RSP+B40 ] 0x213D91B4480      (BSFile*)
	[RSP+B48 ] 0x7FF75C3A5D2E     (void* -> Fallout4.exe+1B55D2E)
	[RSP+B50 ] 0x6                (size_t)
	[RSP+B58 ] 0xDA5821F5B0       (char*) "llamaCompanionHeatherv2"
	[RSP+B60 ] 0x1040017          (size_t)
	[RSP+B68 ] 0x0                (size_t)
	[RSP+B70 ] 0x7073652E         (size_t)
	[RSP+B78 ] 0x7FF760120B00     (void* -> Fallout4.exe+58D0B00)
	[RSP+B80 ] 0x213D91B4480      (BSFile*)
	[RSP+B88 ] 0x7FF75C3A5AC3     (void* -> Fallout4.exe+1B55AC3)
	[RSP+B90 ] 0x57616B754E434C44 (size_t)
	[RSP+B98 ] 0x6D73652E646C726F (size_t)
	[RSP+BA0 ] 0x73652E7875006D00 (size_t)
	[RSP+BA8 ] 0x7FF91CE90070     (void* -> tbbmalloc.dll+0000070)
	[RSP+BB0 ] 0x7073652E736575   (size_t)
	[RSP+BB8 ] 0x707365007073     (size_t)
	[RSP+BC0 ] 0x0                (size_t)
	[RSP+BC8 ] 0x7FF91CE9B482     (void* -> tbbmalloc.dll+000B482)
	[RSP+BD0 ] 0x8                (size_t)
	[RSP+BD8 ] 0x80               (size_t)
	[RSP+BE0 ] 0x213C18CFFB9      (void*)
	[RSP+BE8 ] 0x213D91A6C01      (void*)
	[RSP+BF0 ] 0x7FF91CEB9B60     (void* -> tbbmalloc.dll+0029B60)
	[RSP+BF8 ] 0x7FF91CE9C4D7     (void* -> tbbmalloc.dll+000C4D7)
	[RSP+C00 ] 0x213D9FDC400      (void*)
	[RSP+C08 ] 0x213D91A6C01      (void*)
	[RSP+C10 ] 0x213D91A6C00      (void*)
	[RSP+C18 ] 0x7FF760120B00     (void* -> Fallout4.exe+58D0B00)
	[RSP+C20 ] 0x100              (size_t)
	[RSP+C28 ] 0x7FF75C3611C2     (void* -> Fallout4.exe+1B111C2)
	[RSP+C30 ] 0x7FF760121AC0     (void* -> Fallout4.exe+58D1AC0)
	[RSP+C38 ] 0x7FF75C361042     (void* -> Fallout4.exe+1B11042)
	[RSP+C40 ] 0x7FF760121AB0     (void* -> Fallout4.exe+58D1AB0)
	[RSP+C48 ] 0x213C18CFFB9      (void*)
	[RSP+C50 ] 0x213D9FCDD30      (void*)
	[RSP+C58 ] 0x0                (size_t)
	[RSP+C60 ] 0x7FF75D49A948     (void* -> Fallout4.exe+2C4A948)
	[RSP+C68 ] 0x7FF75C360DE3     (void* -> Fallout4.exe+1B10DE3)
	[RSP+C70 ] 0x99               (size_t)
	[RSP+C78 ] 0xDA5821F6D0       (char*) ".esp"
	[RSP+C80 ] 0x21301040004      (size_t)
	[RSP+C88 ] 0x213D91A6C00      (void*)
	[RSP+C90 ] 0x7FF75D49A948     (void* -> Fallout4.exe+2C4A948)
	[RSP+C98 ] 0x213D9166000      (void*)
	[RSP+CA0 ] 0x7FF760120B00     (void* -> Fallout4.exe+58D0B00)
	[RSP+CA8 ] 0x7FF75A966E9F     (void* -> Fallout4.exe+0116E9F)
	[RSP+CB0 ] 0x7FF760121AC0     (void* -> Fallout4.exe+58D1AC0)
	[RSP+CB8 ] 0x7FF760121AD8     (void* -> Fallout4.exe+58D1AD8)
	[RSP+CC0 ] 0x7FF75D4A6440     (void* -> Fallout4.exe+2C56440)
	[RSP+CC8 ] 0x7FF75D4A6470     (void* -> Fallout4.exe+2C56470)
	[RSP+CD0 ] 0x7FF75D4996C8     (void* -> Fallout4.exe+2C496C8)
	[RSP+CD8 ] 0x7FF760121AD8     (void* -> Fallout4.exe+58D1AD8)
	[RSP+CE0 ] 0x7FF75D4996C8     (void* -> Fallout4.exe+2C496C8)
	[RSP+CE8 ] 0x7FF760121AC0     (void* -> Fallout4.exe+58D1AC0)
	[RSP+CF0 ] 0x66               (size_t)
	[RSP+CF8 ] 0x9C0              (size_t)
	[RSP+D00 ] 0x2131D8F2800      (SceneGraph*)
		Name: "WorldRoot Node"
	[RSP+D08 ] 0x0                (size_t)
	[RSP+D10 ] 0x0                (size_t)
	[RSP+D18 ] 0x213C18CF800      (void*)
	[RSP+D20 ] 0x7FF75DFDE400     (void* -> Fallout4.exe+378E400)
	[RSP+D28 ] 0x2131D9FCCC0      (NiNode*)
		Name: "ObjectLODRoot"
	[RSP+D30 ] 0x7FF75DFDE400     (void* -> Fallout4.exe+378E400)
	[RSP+D38 ] 0x7FF75B587CD4     (void* -> Fallout4.exe+0D37CD4)
	[RSP+D40 ] 0x7FF700200000     (size_t)
	[RSP+D48 ] 0x213D9FB7000      (void*)
	[RSP+D50 ] 0x7FF700000002     (size_t)
	[RSP+D58 ] 0x213C18D0280      (char*) "	"
	[RSP+D60 ] 0x0                (size_t)
	[RSP+D68 ] 0x2131D9FCF40      (NiNode*)
		Name: "WaterLOD"
	[RSP+D70 ] 0x0                (size_t)
	[RSP+D78 ] 0x0                (size_t)
	[RSP+D80 ] 0x80000            (size_t)
	[RSP+D88 ] 0x7FF700000000     (size_t)
	[RSP+D90 ] 0x56C8             (size_t)
	[RSP+D98 ] 0x7FF96552EE90     (void* -> ntdll.dll+009EE90)
	[RSP+DA0 ] 0x56C8             (size_t)
	[RSP+DA8 ] 0x0                (size_t)
	[RSP+DB0 ] 0x7FF76032D640     (GameScript::PathingCallbackMgr*)
	[RSP+DB8 ] 0x7FF75C360DBA     (void* -> Fallout4.exe+1B10DBA)
	[RSP+DC0 ] 0x7FF7602F5178     (void* -> Fallout4.exe+5AA5178)
	[RSP+DC8 ] 0x7FF7602F5168     (void* -> Fallout4.exe+5AA5168)
	[RSP+DD0 ] 0x246              (size_t)
	[RSP+DD8 ] 0x0                (size_t)
	[RSP+DE0 ] 0x0                (size_t)
	[RSP+DE8 ] 0x213C0A12250      (void*)
	[RSP+DF0 ] 0x7FF7602F5160     (void* -> Fallout4.exe+5AA5160)
	[RSP+DF8 ] 0x7FF75BB91B9B     (void* -> Fallout4.exe+1341B9B)
	[RSP+E00 ] 0x7FF7602F5160     (void* -> Fallout4.exe+5AA5160)
	[RSP+E08 ] 0x0                (size_t)
	[RSP+E10 ] 0x213C18D0280      (char*) "	"
	[RSP+E18 ] 0x23595DB515720000 (size_t)
	[RSP+E20 ] 0x202              (size_t)
	[RSP+E28 ] 0x7FF91CE9B482     (void* -> tbbmalloc.dll+000B482)
	[RSP+E30 ] 0x56C8             (size_t)
	[RSP+E38 ] 0x0                (size_t)
	[RSP+E40 ] 0x7FF75D49A948     (void* -> Fallout4.exe+2C4A948)
	[RSP+E48 ] 0x7FF7602F5168     (void* -> Fallout4.exe+5AA5168)
	[RSP+E50 ] 0x7FF76032D640     (GameScript::PathingCallbackMgr*)
	[RSP+E58 ] 0x7FF75BB8FDE6     (void* -> Fallout4.exe+133FDE6)
	[RSP+E60 ] 0x0                (size_t)
	[RSP+E68 ] 0x213C18D0280      (char*) "	"
	[RSP+E70 ] 0x2                (size_t)
	[RSP+E78 ] 0x0                (size_t)
	[RSP+E80 ] 0x213C18D0280      (char*) "	"
	[RSP+E88 ] 0x7FF75BBC1DAA     (void* -> Fallout4.exe+1371DAA)
	[RSP+E90 ] 0x2                (size_t)
	[RSP+E98 ] 0x0                (size_t)
	[RSP+EA0 ] 0x0                (size_t)
	[RSP+EA8 ] 0x0                (size_t)
	[RSP+EB0 ] 0x0                (size_t)
	[RSP+EB8 ] 0x7FF75B58F253     (void* -> Fallout4.exe+0D3F253)
	[RSP+EC0 ] 0x2                (size_t)
	[RSP+EC8 ] 0x0                (size_t)
	[RSP+ED0 ] 0x0                (size_t)
	[RSP+ED8 ] 0x213C18D0280      (char*) "	"
	[RSP+EE0 ] 0x0                (size_t)
	[RSP+EE8 ] 0x7FF75B5A35A9     (void* -> Fallout4.exe+0D535A9)
	[RSP+EF0 ] 0x2139EAFAB60      (`anonymous namespace'::InitGameDataThread*)
	[RSP+EF8 ] 0x0                (size_t)
	[RSP+F00 ] 0x0                (size_t)
	[RSP+F08 ] 0x0                (size_t)
	[RSP+F10 ] 0x2139EAFAB60      (`anonymous namespace'::InitGameDataThread*)
	[RSP+F18 ] 0x7FF8D7DC743C     (void* -> f4se_1_10_163.dll+001743C)
	[RSP+F20 ] 0x0                (size_t)
	[RSP+F28 ] 0x0                (size_t)
	[RSP+F30 ] 0x0                (size_t)
	[RSP+F38 ] 0x0                (size_t)
	[RSP+F40 ] 0x0                (size_t)
	[RSP+F48 ] 0x0                (size_t)
	[RSP+F50 ] 0x2139EAFAB60      (`anonymous namespace'::InitGameDataThread*)
	[RSP+F58 ] 0x0                (size_t)
	[RSP+F60 ] 0x0                (size_t)
	[RSP+F68 ] 0x7FF75C36CFED     (void* -> Fallout4.exe+1B1CFED)
	[RSP+F70 ] 0x0                (size_t)
	[RSP+F78 ] 0xDA5821FAF0       (void*)
	[RSP+F80 ] 0x2131D8DBC90      (void*)
	[RSP+F88 ] 0x0                (size_t)
	[RSP+F90 ] 0x2139EAFAB60      (`anonymous namespace'::InitGameDataThread*)
	[RSP+F98 ] 0x0                (size_t)
	[RSP+FA0 ] 0x0                (size_t)
	[RSP+FA8 ] 0x7FF963AB244D     (void* -> KERNEL32.DLL+001244D)
	[RSP+FB0 ] 0x0                (size_t)
	[RSP+FB8 ] 0x0                (size_t)
	[RSP+FC0 ] 0x0                (size_t)
	[RSP+FC8 ] 0x0                (size_t)
	[RSP+FD0 ] 0x0                (size_t)
	[RSP+FD8 ] 0x7FF9654EDF88     (void* -> ntdll.dll+005DF88)
	[RSP+FE0 ] 0x0                (size_t)
	[RSP+FE8 ] 0x0                (size_t)
	[RSP+FF0 ] 0x0                (size_t)
	[RSP+FF8 ] 0x0                (size_t)
	[RSP+1000] 0x0                (size_t)
	[RSP+1008] 0x0                (size_t)
	[RSP+1010] 0xD8D729BD00000000 (size_t)
	[RSP+1018] 0x0                (size_t)
	[RSP+1020] 0x4F0FFFFFB30      (size_t)
	[RSP+1028] 0x7FF962CD55A0     (void* -> KERNELBASE.dll+01555A0)
	[RSP+1030] 0xDA5821DC00       (void*)
	[RSP+1038] 0x3FFCDD0D3E0E8    (size_t)
	[RSP+1040] 0x7FF9BA1A7C1D     (size_t)
	[RSP+1048] 0xDA5821DC00       (void*)
	[RSP+1050] 0x0                (size_t)
	[RSP+1058] 0x0                (size_t)
	[RSP+1060] 0x0                (size_t)
	[RSP+1068] 0x0                (size_t)
	[RSP+1070] 0x0                (size_t)
	[RSP+1078] 0x0                (size_t)
	[RSP+1080] 0x0                (size_t)
	[RSP+1088] 0x0                (size_t)
	[RSP+1090] 0x0                (size_t)
	[RSP+1098] 0x0                (size_t)
	[RSP+10A0] 0x0                (size_t)
	[RSP+10A8] 0x0                (size_t)
	[RSP+10B0] 0x0                (size_t)
	[RSP+10B8] 0x0                (size_t)
	[RSP+10C0] 0x0                (size_t)
	[RSP+10C8] 0x0                (size_t)
	[RSP+10D0] 0x0                (size_t)
	[RSP+10D8] 0x0                (size_t)
	[RSP+10E0] 0x0                (size_t)
	[RSP+10E8] 0x0                (size_t)
	[RSP+10F0] 0x0                (size_t)
	[RSP+10F8] 0x0                (size_t)
	[RSP+1100] 0x0                (size_t)
	[RSP+1108] 0x0                (size_t)
	[RSP+1110] 0x0                (size_t)
	[RSP+1118] 0x0                (size_t)
	[RSP+1120] 0x0                (size_t)
	[RSP+1128] 0x0                (size_t)
	[RSP+1130] 0x0                (size_t)
	[RSP+1138] 0x0                (size_t)
	[RSP+1140] 0x0                (size_t)
	[RSP+1148] 0x0                (size_t)
	[RSP+1150] 0x0                (size_t)
	[RSP+1158] 0x0                (size_t)
	[RSP+1160] 0x0                (size_t)
	[RSP+1168] 0x0                (size_t)
	[RSP+1170] 0x0                (size_t)
	[RSP+1178] 0x0                (size_t)
	[RSP+1180] 0x0                (size_t)
	[RSP+1188] 0x0                (size_t)
	[RSP+1190] 0x0                (size_t)
	[RSP+1198] 0x0                (size_t)
	[RSP+11A0] 0x0                (size_t)
	[RSP+11A8] 0x0                (size_t)
	[RSP+11B0] 0x0                (size_t)
	[RSP+11B8] 0x0                (size_t)
	[RSP+11C0] 0x0                (size_t)
	[RSP+11C8] 0x0                (size_t)
	[RSP+11D0] 0x0                (size_t)
	[RSP+11D8] 0x0                (size_t)
	[RSP+11E0] 0x0                (size_t)
	[RSP+11E8] 0x0                (size_t)
	[RSP+11F0] 0x0                (size_t)
	[RSP+11F8] 0x0                (size_t)
	[RSP+1200] 0x0                (size_t)
	[RSP+1208] 0x0                (size_t)
	[RSP+1210] 0x0                (size_t)
	[RSP+1218] 0x0                (size_t)
	[RSP+1220] 0x0                (size_t)
	[RSP+1228] 0x0                (size_t)
	[RSP+1230] 0x0                (size_t)
	[RSP+1238] 0x0                (size_t)
	[RSP+1240] 0x0                (size_t)
	[RSP+1248] 0x0                (size_t)
	[RSP+1250] 0x0                (size_t)
	[RSP+1258] 0x0                (size_t)
	[RSP+1260] 0x0                (size_t)
	[RSP+1268] 0x0                (size_t)
	[RSP+1270] 0x0                (size_t)
	[RSP+1278] 0x0                (size_t)
	[RSP+1280] 0x0                (size_t)
	[RSP+1288] 0x0                (size_t)
	[RSP+1290] 0x0                (size_t)
	[RSP+1298] 0x0                (size_t)
	[RSP+12A0] 0x0                (size_t)
	[RSP+12A8] 0x0                (size_t)
	[RSP+12B0] 0x0                (size_t)
	[RSP+12B8] 0x0                (size_t)
	[RSP+12C0] 0x0                (size_t)
	[RSP+12C8] 0x0                (size_t)
	[RSP+12D0] 0x0                (size_t)
	[RSP+12D8] 0x0                (size_t)
	[RSP+12E0] 0x0                (size_t)
	[RSP+12E8] 0x0                (size_t)
	[RSP+12F0] 0x0                (size_t)
	[RSP+12F8] 0x0                (size_t)
	[RSP+1300] 0x0                (size_t)
	[RSP+1308] 0x0                (size_t)
	[RSP+1310] 0x0                (size_t)
	[RSP+1318] 0x0                (size_t)
	[RSP+1320] 0x0                (size_t)
	[RSP+1328] 0x0                (size_t)
	[RSP+1330] 0x0                (size_t)
	[RSP+1338] 0x0                (size_t)
	[RSP+1340] 0x0                (size_t)
	[RSP+1348] 0x0                (size_t)
	[RSP+1350] 0x0                (size_t)
	[RSP+1358] 0x0                (size_t)
	[RSP+1360] 0x0                (size_t)
	[RSP+1368] 0x0                (size_t)
	[RSP+1370] 0x0                (size_t)
	[RSP+1378] 0x0                (size_t)
	[RSP+1380] 0x0                (size_t)
	[RSP+1388] 0x0                (size_t)
	[RSP+1390] 0x0                (size_t)
	[RSP+1398] 0x0                (size_t)
	[RSP+13A0] 0x0                (size_t)
	[RSP+13A8] 0x0                (size_t)
	[RSP+13B0] 0x0                (size_t)
	[RSP+13B8] 0x0                (size_t)
	[RSP+13C0] 0x0                (size_t)
	[RSP+13C8] 0x0                (size_t)
	[RSP+13D0] 0x0                (size_t)
	[RSP+13D8] 0x0                (size_t)
	[RSP+13E0] 0x0                (size_t)
	[RSP+13E8] 0x0                (size_t)
	[RSP+13F0] 0x0                (size_t)
	[RSP+13F8] 0x0                (size_t)
	[RSP+1400] 0x0                (size_t)
	[RSP+1408] 0x0                (size_t)
	[RSP+1410] 0x0                (size_t)
	[RSP+1418] 0x0                (size_t)
	[RSP+1420] 0x0                (size_t)
	[RSP+1428] 0x0                (size_t)
	[RSP+1430] 0x0                (size_t)
	[RSP+1438] 0x0                (size_t)
	[RSP+1440] 0x0                (size_t)
	[RSP+1448] 0x0                (size_t)
	[RSP+1450] 0x0                (size_t)
	[RSP+1458] 0x0                (size_t)
	[RSP+1460] 0x0                (size_t)
	[RSP+1468] 0x0                (size_t)
	[RSP+1470] 0x0                (size_t)
	[RSP+1478] 0x0                (size_t)
	[RSP+1480] 0x0                (size_t)
	[RSP+1488] 0x0                (size_t)
	[RSP+1490] 0x0                (size_t)
	[RSP+1498] 0x0                (size_t)

MODULES:
	XINPUT1_3.dll                    0x000000400000
	steam_api64.dll                  0x00006CB40000
	X3DAudio1_7.dll                  0x00006CD90000
	Fallout4.exe                     0x7FF75A850000
	XAudio2_7.dll                    0x7FF8AF660000
	gameoverlayrenderer64.dll        0x7FF8AF6F0000
	XDI.dll                          0x7FF8AF8D0000
	wsfw_identifier.dll              0x7FF8AF940000
	steamclient64.dll                0x7FF8AFA40000
	IPHLPAPI.DLL                     0x7FF8B0F80000
	PowerGridTools.dll               0x7FF8B1540000
	mcm.dll                          0x7FF8B15B0000
	Buffout4.dll                     0x7FF8B1650000
	place.dll                        0x7FF8B8270000
	lootman.dll                      0x7FF8B82F0000
	F4z Ro D'oh.dll                  0x7FF8B8350000
	GFSDK_SSAO_D3D11.win64.dll       0x7FF8D0500000
	flexRelease_x64.dll              0x7FF8D1F40000
	MSVCR110.dll                     0x7FF8D2090000
	cudart64_75.dll                  0x7FF8D2AA0000
	MSVCP110.dll                     0x7FF8D2B00000
	GFSDK_GodraysLib.x64.dll         0x7FF8D4ED0000
	f4ee.dll                         0x7FF8D4F30000
	HighFPSPhysicsFix.dll            0x7FF8D5040000
	tier0_s64.dll                    0x7FF8D5650000
	AcLayers.DLL                     0x7FF8D69B0000
	bink2w64.dll                     0x7FF8D7B30000
	f4se_1_10_163.dll                0x7FF8D7DB0000
	flexExtRelease_x64.dll           0x7FF8D81E0000
	BulletCountedReload.dll          0x7FF8D8450000
	vstdlib_s64.dll                  0x7FF8D84E0000
	AcGenral.DLL                     0x7FF8DBFF0000
	BetterConsole.dll                0x7FF8DC060000
	ESPExplorer.dll                  0x7FF8DC3C0000
	UnlimitedFastTravel.dll          0x7FF908B30000
	nvwgf2umx.dll                    0x7FF919EA0000
	crafting_highlight_fix.dll       0x7FF91CD00000
	tbbmalloc.dll                    0x7FF91CE90000
	usvfs_x64.dll                    0x7FF920AD0000
	PriorityMod.dll                  0x7FF921300000
	WeaponDebrisCrashFix.dll         0x7FF921F80000
	f4se_steam_loader.dll            0x7FF922170000
	encounter_zone_recalculation.dll 0x7FF9233B0000
	MSVCP140_ATOMIC_WAIT.dll         0x7FF924490000
	nvToolsExt64_1.dll               0x7FF924AA0000
	COMCTL32.dll                     0x7FF947920000
	WINSPOOL.DRV                     0x7FF947C90000
	nvldumdx.dll                     0x7FF94C0A0000
	ncryptsslp.dll                   0x7FF94E8D0000
	Windows.UI.dll                   0x7FF94E960000
	Secur32.dll                      0x7FF94EE10000
	msdmo.dll                        0x7FF950710000
	ResampleDmo.DLL                  0x7FF951250000
	winmmbase.dll                    0x7FF951310000
	VCRUNTIME140_1.dll               0x7FF951400000
	webio.dll                        0x7FF951880000
	MPR.dll                          0x7FF951A20000
	DSOUND.DLL                       0x7FF951AB0000
	MSVCP140.dll                     0x7FF952750000
	VCRUNTIME140.dll                 0x7FF952820000
	textinputframework.dll           0x7FF954FC0000
	MSIMG32.dll                      0x7FF955570000
	WINMM.dll                        0x7FF9556F0000
	directxdatabasehelper.dll        0x7FF955AB0000
	avrt.dll                         0x7FF956860000
	DbgHelp.dll                      0x7FF956D80000
	rasadhlp.dll                     0x7FF9576E0000
	MpOav.dll                        0x7FF957AB0000
	amsi.dll                         0x7FF957E70000
	CoreUIComponents.dll             0x7FF957E90000
	AUDIOSES.DLL                     0x7FF958200000
	wbemsvc.dll                      0x7FF958D90000
	fastprox.dll                     0x7FF958DB0000
	nvapi64.dll                      0x7FF959840000
	MMDevApi.dll                     0x7FF95B530000
	wbemcomn.dll                     0x7FF95B600000
	wbemprox.dll                     0x7FF95B680000
	drvstore.dll                     0x7FF95BD10000
	cryptnet.dll                     0x7FF95BFC0000
	VERSION.dll                      0x7FF95C000000
	fwpuclnt.dll                     0x7FF95C050000
	dhcpcsvc.DLL                     0x7FF95C7B0000
	dhcpcsvc6.DLL                    0x7FF95C7D0000
	WINHTTP.dll                      0x7FF95C7F0000
	d3d11.dll                        0x7FF95EA20000
	CoreMessaging.dll                0x7FF95FA30000
	apphelp.dll                      0x7FF95FD10000
	UxTheme.dll                      0x7FF95FEC0000
	WINNSI.DLL                       0x7FF95FF80000
	dxcore.dll                       0x7FF95FFF0000
	dxgi.dll                         0x7FF960040000
	resourcepolicyclient.dll         0x7FF9603A0000
	wintypes.dll                     0x7FF960790000
	windows.storage.dll              0x7FF9608D0000
	HID.DLL                          0x7FF961190000
	IpHlpAPI.dll                     0x7FF961420000
	DNSAPI.dll                       0x7FF961450000
	schannel.DLL                     0x7FF961780000
	rsaenh.dll                       0x7FF961880000
	kernel.appcore.dll               0x7FF961910000
	UMPDC.dll                        0x7FF961B80000
	powrprof.dll                     0x7FF961C00000
	SspiCli.dll                      0x7FF961C50000
	MSWSOCK.dll                      0x7FF961E50000
	USERENV.dll                      0x7FF961EF0000
	wldp.dll                         0x7FF9620C0000
	CRYPTBASE.DLL                    0x7FF962140000
	CRYPTSP.dll                      0x7FF962160000
	NTASN1.dll                       0x7FF962220000
	ncrypt.dll                       0x7FF962260000
	bcrypt.dll                       0x7FF962290000
	msasn1.dll                       0x7FF962580000
	devobj.dll                       0x7FF9625A0000
	cfgmgr32.dll                     0x7FF9625D0000
	DPAPI.DLL                        0x7FF962640000
	profapi.dll                      0x7FF962810000
	WINTRUST.DLL                     0x7FF9628E0000
	CRYPT32.dll                      0x7FF962950000
	KERNELBASE.dll                   0x7FF962B80000
	bcryptPrimitives.dll             0x7FF962F20000
	msvcp_win.dll                    0x7FF962FA0000
	gdi32full.dll                    0x7FF963040000
	win32u.dll                       0x7FF963160000
	ucrtbase.dll                     0x7FF963190000
	SETUPAPI.dll                     0x7FF9632B0000
	shcore.dll                       0x7FF963730000
	SHLWAPI.dll                      0x7FF963830000
	sechost.dll                      0x7FF963890000
	advapi32.dll                     0x7FF9639C0000
	GDI32.dll                        0x7FF963A70000
	KERNEL32.DLL                     0x7FF963AA0000
	USER32.dll                       0x7FF963B70000
	PSAPI.DLL                        0x7FF963D20000
	SHELL32.dll                      0x7FF963D30000
	MSCTF.dll                        0x7FF964510000
	COMDLG32.dll                     0x7FF964630000
	WS2_32.dll                       0x7FF964730000
	msvcrt.dll                       0x7FF9647B0000
	NSI.dll                          0x7FF9648E0000
	ole32.dll                        0x7FF964940000
	clbcatq.dll                      0x7FF964D00000
	imagehlp.dll                     0x7FF964DB0000
	RPCRT4.dll                       0x7FF964DE0000
	OLEAUT32.dll                     0x7FF964F00000
	combase.dll                      0x7FF964FF0000
	IMM32.DLL                        0x7FF965410000
	ntdll.dll                        0x7FF965490000

F4SE PLUGINS:
	BetterConsole.dll
	Buffout4.dll v1.24.5
	BulletCountedReload.dll
	crafting_highlight_fix.dll
	encounter_zone_recalculation.dll
	ESPExplorer.dll
	f4ee.dll
	F4z Ro D'oh.dll v0.2.4.406
	HighFPSPhysicsFix.dll
	lootman.dll
	mcm.dll
	place.dll
	PowerGridTools.dll
	PriorityMod.dll
	UnlimitedFastTravel.dll
	WeaponDebrisCrashFix.dll
	wsfw_identifier.dll
	XDI.dll

PLUGINS:
	[00]     Fallout4.esm
	[01]     DLCRobot.esm
	[02]     DLCworkshop01.esm
	[03]     DLCCoast.esm
	[04]     DLCworkshop02.esm
	[05]     DLCworkshop03.esm
	[06]     DLCNukaWorld.esm
	[07]     ccrzrfo4001-tunnelsnakes.esm
	[08]     ccswkfo4001-astronautpowerarmor.esm
	[09]     cczsef04001-bhouse.esm
	[0A]     cctosfo4001-neosky.esm
	[0B]     cczsefo4002-smanor.esm
	[0C]     cctosfo4002_neonflats.esm
	[0D]     CleanMySettlement.esm
	[0E]     Unofficial Fallout 4 Patch.esp
	[0F]     WorkshopFramework.esm
	[10]     HUDFramework.esm
	[11]     XDI.esm
	[12]     SS2.esm
	[13]     SS2_XPAC_Chapter2.esm
	[14]     TacticalReload.esm
	[15]     PACE.esm
	[16]     PANPC.esm
	[17]     Depravity.esp
	[18]     AGNISNikaCola01.esp
	[19]     AA FusionCityRising.esp
	[1A]     OutcastsAndRemnants.esp
	[1B]     AA FusionCityRising - HotC.esp
	[1C]     ProjectZeta.esm
	[1D]     Darlene.esm
	[1E]     ProjectValkyrie.esp
	[1F]     CompJennyLCCA.esp
	[20]     NoSharedDogmeatTemplate.esp
	[21]     LooksMenu Customization Compendium.esp
	[22]     ESPExplorerFO4.esp
	[23]     Playable Synth Eyes.esp
	[24]     KSHairdos.esp
	[25]     KSHairdos_oel.esp
	[26]     TBOS-AntoHairPack.esp
	[27]     KSHairsFemsheppingRadbeetle.esp
	[28]     HN66Fo4_Nails.esp
	[29]     AllSetsExtended.esp
	[2A]     ECO.esp
	[2B]     Ketaros_Treasures.esp
	[2C]     CROSS_PlasRail.esp
	[2D]     SuperMutantRedux.esp
	[2E]     Fusion Gun.esp
	[2F]     Lightweight Lighting.esp
	[30]     The Eyes Of Beauty.esp
	[31]     ohSIM_Sim2_Settlements_Scrappers_Addon.esp
	[32]     WestTekTacticalOptics.esp
	[33]     CF_AtomicWarlord.esp
	[34]     F3metalarmor.esp
	[35]     ss2radiantpower.esp
	[36]     skkunlockcompanions.esp
	[37]     DarleneDLC.esp
	[38]     Raider Gang Extended NPC (Fixed & Cleaned).esp
	[39]     Altyn Assault Helmet.esp
	[3A]     Metro Gas Masks.esp
	[3B]     RaiderOverhaul.esp
	[3C]     WattzLaserGun.esp
	[3D]     CheatTerminal.esp
	[3E]     InstituteSettlements2.esp
	[3F]     Croup Manor Navmesh - retakrew7.esp
	[40]     SS2_FDK_TinyLiving.esp
	[41]     skkfastreunions.esp
	[42]     SS2-PraRandomAddon.esp
	[43]     W.A.T.Minutemen.esp
	[44]     pulsecarbine.esp
	[45]     Lost Souls No Hostility.esp
	[46]     autoweapons.esp
	[47]     AutomatronUnlockedNukaParts.esp
	[48]     CobaltForge.esp
	[49]     skkfastbos.esp
	[4A]     rfortaleza2.esp
	[4B]     rpampas.esp
	[4C]     HN66Fo4_EasyGirl_BS.esp
	[4D]     Reload Sounds.esp
	[4E]     Factor.esp
	[4F]     PowerArmorPaintFixes.esp
	[50]     Liberator.esp
	[51]     Ak5C.esp
	[52]     QuickTrade.esp
	[53]     X12Plasmacaster.esp
	[54]     USP 45.esp
	[55]     MG69.esp
	[56]     CorvalhoWidowShotgun.esp
	[57]     CreationClubDelay.esp
	[58]     SS2Extended.esp
	[59]     SS2_SIMPDDDD.esp
	[5A]     Enclave-X02.esp
	[5B]     9mmPistol.esp
	[5C]     F4NVServiceRifleRedux.esp
	[5D]     SS2HappyTrails.esp
	[5E]     T-51C Power Armor.esp
	[5F]     CAPA.esp
	[60]     AER15.esp
	[61]     HandmadeSMG.esp
	[62]     DesertEagleNV.esp
	[63]     SS2WastelandVenturers.esp
	[64]     SS2_Addon_R2R.esp
	[65]     [SS20Addon] SimSettlements SuperStructures.esp
	[66]     FO4 NPCs Travel.esp
	[67]     LARGrizzly.esp
	[68]     AK74M.esp
	[69]     SS2-Jampads2.esp
	[6A]     SS2_ruined_simsettlement_addonpack.esp
	[6B]     JunkTownTwo.esp
	[6C]     skkcombatsettlers.esp
	[6D]     RU556.esp
	[6E]     FNX45.esp
	[6F]     BullpupBozar.esp
	[70]     Zapgun.esp
	[71]     P220.esp
	[72]     Bulldog_308_SRSS.esp
	[73]     127SMG.esp
	[74]     SCAR-L.esp
	[75]     DP_CaravanShotgun.esp
	[76]     Sjogren.esp
	[77]     skkfastminutemen.esp
	[78]     P90.esp
	[79]     SigSauer127.esp
	[7A]     F4CW10mmSMG.esp
	[7B]     AQUILA.esp
	[7C]     MP7.esp
	[7D]     FnScar.esp
	[7E]     M1A.esp
	[7F]     TotalHackRevisited.esp
	[80]     HuntingRevolver.esp
	[81]     G36Complex.esp
	[82]     GIAT_FAMAS.esp
	[83]     HRP_Mk23.esp
	[84]     22LR_SilentPistol_ENG.esp
	[85]     ElMudoStore.esp
	[86]     WinCowbowRepeater.esp
	[87]     HomemadeLasRevolver.esp
	[88]     HK_UMP.esp
	[89]     Fallschirmjagergewehr.esp
	[8A]     GreaseGunSMG.esp
	[8B]     Glock17.esp
	[8C]     CROSS_RugerMkV.esp
	[8D]     WD_44.esp
	[8E]     Cranky.esp
	[8F]     QBZ191.esp
	[90]     Mk41GyrojetHMG.esp
	[91]     LeeEnfieldNo4MkI.esp
	[92]     M72GaussRifle.esp
	[93]     1CAS_ServiceRifle.esp
	[94]     HKUSP9mm.esp
	[95]     win1897.esp
	[96]     HK_MP5.esp
	[97]     American180nv.esp
	[98]     HK XM8.esp
	[99]     llamaCompanionHeatherv2.esp
	[FE:000] ccbgsfo4016-prey.esl
	[FE:001] ccbgsfo4018-gaussrifleprototype.esl
	[FE:002] ccbgsfo4019-chinesestealtharmor.esl
	[FE:003] ccbgsfo4042-bfg.esl
	[FE:004] ccbgsfo4044-hellfirepowerarmor.esl
	[FE:005] ccfrsfo4001-handmadeshotgun.esl
	[FE:006] ccbgsfo4045-advarccab.esl
	[FE:007] ccfrsfo4002-antimaterielrifle.esl
	[FE:008] cceejfo4002-nuka.esl
	[FE:009] ccsbjfo4001-solarflare.esl
	[FE:00A] ccqdrfo4001_powerarmorai.esl
	[FE:00B] ccbgsfo4115-x02.esl
	[FE:00C] ccrzrfo4002-disintegrate.esl
	[FE:00D] ccbgsfo4035-pint.esl
	[FE:00E] ccbgsfo4047-qthund.esl
	[FE:00F] ccfrsfo4003-cr75l.esl
	[FE:010] ccsbjfo4002_manwellrifle.esl
	[FE:011] ccbgsfo4046-tescan.esl
	[FE:012] ccgcafo4025-pagunmm.esl
	[FE:013] IDEKsLogisticsStation2.esl
	[FE:014] CanarySaveFileMonitor.esl
	[FE:015] ConfigurableHotkeys.esl
	[FE:016] DDLL.esl
	[FE:017] EasyLockpicking.esl
	[FE:018] IceStormsHair.esl
	[FE:019] CROSS_VertibirdFlightsuit.esl
	[FE:01A] PPF.esm
	[FE:01B] Bunker Hill Mega City.esl
	[FE:01C] BunkerHillSkymall.esl
	[FE:01D] Cafe88JamaicaPlains.esl
	[FE:01E] Castle Restoration Project 1.1.esl
	[FE:01F] Cho1_Vault88_Metro_Plan.esl
	[FE:020] GavMan_Zimonja_Cityplan.esl
	[FE:021] CC2_CoastalCottageVacationCityPlan.esl
	[FE:022] CC2_CoastalNukaCade_Ch2.esl
	[FE:023] coastalcottageWG.esl
	[FE:024] GavMan_CovenantSep21_CityPlan.esl
	[FE:025] FortifiedCroupManorHub.esl
	[FE:026] CroupManorChemlab.esl
	[FE:027] EchoLakeRestoration.esl
	[FE:028] GavMan_Egret_CityPlan.esl
	[FE:029] GavMan_Finch_Feb22_CityPlan.esl
	[FE:02A] Finch Farm Arms Fair.esl
	[FE:02B] Gavman_JamaicaAPR21_Cityplan.esl
	[FE:02C] JamaicaplainMinutemenBase.esl
	[FE:02D] CSC_NeonFlats_Base.esl
	[FE:02E] Murkburgers.esl
	[FE:02F] Murwater Observatory.esl
	[FE:030] regretwg.esl
	[FE:031] Reina_CroupMar2021.esl
	[FE:032] Reina_Vault88-SS2.esl
	[FE:033] sanctuaryWG.esl
	[FE:034] CroumanVil_V2.esl
	[FE:035] Echo Lake Lumber - EchoVil.esl
	[FE:036] Kingsport Lighthouse - KingsVil.esl
	[FE:037] Murkwater Construction Site - DozerVil.esl
	[FE:038] Summervil.esl
	[FE:039] Tenpines Bluff - PinesVil.esl
	[FE:03A] CSC_CharlestonCondo_Bar.esl
	[FE:03B] CSC_NoirPenthouse_Base.esl
	[FE:03C] CSC_NuCafeOlaOutpost.esl
	[FE:03D] CSC_ShroudManor_Base.esl
	[FE:03E] SLOG BOG.esl
	[FE:03F] SpectacleIslandWG.esl
	[FE:040] ZJ - TenpinesInn.esl
	[FE:041] ZJ PerfPlan - Abernathy.esl
	[FE:042] ZJ PerfPlan - RedRocket.esl
	[FE:043] ZJ PerfPlan - Sanctuary.esl
	[FE:044] ZJ PerfPlan - Sunshine.esl
	[FE:045] ZJ PerfPlan - Taffington.esl
	[FE:046] ZJ PerfPlan - Tenpinesv2.esl
	[FE:047] ZJ PerfPlan - Zimonja.esl
	[FE:048] ZJ-Starlight-PerfPlan.esl
	[FE:049] MM-Castle-HQ-By-Tarkkh-V2.6.esl
	[FE:04A] GavMan_Vault88_CityPlan.esl
	[FE:04B] HiPolyFacesCompanionPlugin.esl
	[FE:04C] Mors Shortcut to Curie.esl
	[FE:04D] Earlier Pipboy.esl
	[FE:04E] RedRocketJunkDepot.esl
	[FE:04F] RedRocket Happycity 1.esl
	[FE:050] RedRocketFoundry.esl
	[FE:051] GavMan_NordhagenApr22_CityPlan.esl
	[FE:052] NukaExplosiveFix.esl
	[FE:053] RocketVil_V2.esl
	[FE:054] SilverSidearmLegend.esl
	[FE:055] Trinity Church-Abandoned nursery-SadMusic.esl
	[FE:056] LongerPowerLinesInf.esl
	[FE:057] KezzDaddy Dalton_Church_City_Plan.esl
	[FE:058] StarlightHive.esl
	[FE:059] ChineseStealthPatch.esl
	[FE:05A] TeslaCannonPatch.esl
	[FE:05B] Cho1_CPC_April_2022_Port_Dalton.esl
	[FE:05C] Warwick Correctional Facility.esl
	[FE:05D] DaltonGardens.esl
	[FE:05E] Starlight The ron tower.nocc.esl
	[FE:05F] StandaloneWorkbenches.esl
	[FE:060] NeonFlatsCompleteNavmeshFix.esl
	[FE:061] Skb_MachinegunsRebirth.esl
	[FE:062] BulldogRevolver.esl
	[FE:063] TeslaHeavyGun.esl
	[FE:064] UltracitePA.esl
	[FE:065] HandmadeAntiMaterielRifle.esl
	[FE:066] JamaicaPlainPathing.esl
	[FE:067] NoirPenthouseNavmeshFix.esl
	[FE:068] Goodneighor Warehouses - No Trespass.esl
	[FE:069] WG City Plans Pack ESL.esl
	[FE:06A] MeanMachineEyes.esl
	[FE:06B] Skb-MinigunsRebirth.esl
	[FE:06C] T65PA.esl
	[FE:06D] SelectAssaultRifle.esl
	[FE:06E] SS2WorkshopHUDOverride.esl
	[FE:06F] GunGS.esl
	[FE:070] GunGSSideAiming.esl
	[FE:071] HoloGlow100.esl
	[FE:072] CovenantHelp.esl
	[FE:073] Visible Galaxy and Skystars.esl
	[FE:074] CoAPowerArmor.esp
	[FE:075] EnclavePack.esl
	[FE:076] HellcatPA.esl
	[FE:077] CW32Pistol.esl
	[FE:078] BerettaM9FS.esl
	[FE:079] SW1905.esl
	[FE:07A] CW10mmPistol.esl
	[FE:07B] SelectRevolver.esl
	[FE:07C] MGHP.esl
	[FE:07D] CPDHP.esl
	[FE:07E] FixRobotVisualEffects.esl
	[FE:07F] ColterFix.esp
	[FE:080] SavrenX HD Vanilla Clothes Optimized.esp
	[FE:081] SavrenX HD Vanilla Armor.esp
	[FE:082] SavrenXHdDlcPowerArmor.esp
	[FE:083] SavrenXWeaponHD.esp
	[FE:084] Protectron HD 4K.esp
	[FE:085] LooksMenu.esp
	[FE:086] 10SPECIAL.esp
	[FE:087] CBBE.esp
	[FE:088] HiPolyFaces.esp
	[FE:089] 512StandaloneHairColors.esp
	[FE:08A] AzarPonytailHairstyles.esp
	[FE:08B] Lots More Female Hairstyles.esp
	[FE:08C] Lots More Facial Hair.esp
	[FE:08D] Lots More Male Hairstyles.esp
	[FE:08E] MoreHairstyles4Female.esp
	[FE:08F] MoreHairstyles4Male.esp
	[FE:090] MiscHairstyle.esp
	[FE:091] Lil More Hair - Beatnik and Beards.esp
	[FE:092] Quad_Accelerator.esp
	[FE:093] Actor Scale Remover.esp
	[FE:094] AdvSettleTurretSet.esp
	[FE:095] EBMD_AllInOne.esp
	[FE:096] Gunsmith Overhaul.esp
	[FE:097] EqualArmor.esp
	[FE:098] AutomatronUnlocked.esp
	[FE:099] BetterGenerators.esp
	[FE:09A] SS2_NobodysLeaders2.esp
	[FE:09B] BobbleGirl.esp
	[FE:09C] LookingStranger.esp
	[FE:09D] VHCE.esp
	[FE:09E] MoreBeards.esp
	[FE:09F] BrighterSettlementLights.esp
	[FE:0A0] SS2AOP_VaultTecTools.esp
	[FE:0A1] SimHomestead2.esp
	[FE:0A2] JunkTown-FENCES2.esp
	[FE:0A3] IDEKsLogisticsStation2_SS2_Patch.esp
	[FE:0A4] SimSettlements2_AddOnPack_ApocalypticAdditions_SirLach.esp
	[FE:0A5] SS2WalledGardensAndMore.esp
	[FE:0A6] SS2WhisperPowerPlots.esp
	[FE:0A7] TacticalCourser_Standalone.esp
	[FE:0A8] RoundGlasses.esp
	[FE:0A9] WTTO - Colour Targeting HUD.esp
	[FE:0AA] CF_AtomicWarlord_CBBE.esp
	[FE:0AB] SS2CoastalCottage-CSR.esp
	[FE:0AC] Synth Overhaul.esp
	[FE:0AD] CompanionStatus.esp
	[FE:0AE] ConstructionLight_Medium_Shadows_Wireless.esp
	[FE:0AF] CountryCrossing.esp
	[FE:0B0] CROSS_CryoLance.esp
	[FE:0B1] CROSS_CoA.esp
	[FE:0B2] DiscreteFemaleSkeleton.esp
	[FE:0B3] LMBTOverlays.esp
	[FE:0B4] EssentialSlogNPCs.esp
	[FE:0B5] Easier Kill XP.esp
	[FE:0B6] FemsheppingsPorts_LeahLilithAndKalilies_AWKCR_AE.esp
	[FE:0B7] GammaOverhaul.esp
	[FE:0B8] LuckyYouPerk.esp
	[FE:0B9] HN66Fo4_Rings.esp
	[FE:0BA] HN66Fo4_EarringsV1.esp
	[FE:0BB] LKsDoctorAmari.esp
	[FE:0BC] LKsIrma.esp
	[FE:0BD] SS2LightweightMarkIBeacon.esp
	[FE:0BE] Lightweight-Vitomatic.esp
	[FE:0BF] Regening Life Giver.esp
	[FE:0C0] Settler Sandbox Overhaul.esp
	[FE:0C1] RutahTattooPack_FO4.esp
	[FE:0C2] [SS2] National Park Training Ground.esp
	[FE:0C3] SS2_CityPlanContestAssistant.esp
	[FE:0C4] SS2Tweaks.esp
	[FE:0C5] Children_of_Somerville.esp
	[FE:0C6] MyCityPlans.esp
	[FE:0C7] [CSR]SS2_Nordhagen_Beach.esp
	[FE:0C8] TaffingtonFishery.esp
	[FE:0C9] KitCompanionPerkNoFall.esp
	[FE:0CA] LooksMenu1stPersonViewItemsFix.esp
	[FE:0CB] WestTek Add-On.esp
	[FE:0CC] SS2_WestTek.esp
	[FE:0CD] Finch Farm by Karvoc.esp
	[FE:0CE] Molerat_Disease_Immunity_PA_Hazmat.esp
	[FE:0CF] Cho1_NW_SS2_Patch.esp
	[FE:0D0] NoNegativeAffinity.esp
	[FE:0D1] AffinityGainDouble.esp
	[FE:0D2] NoAffinityCooldown.esp
	[FE:0D3] Nuka Ants In The Commonwealth.esp
	[FE:0D4] ECO_CCNeonflats.esp
	[FE:0D5] ECO_CCNoirPentHouse.esp
	[FE:0D6] ECO_CCNukaCollector.esp
	[FE:0D7] ECO_CCShroudManor.esp
	[FE:0D8] ECO_CROSSVertbirdFlightsuit.esp
	[FE:0D9] ECO_MythicLegendaryModifications.esp
	[FE:0DA] ECO_LegendaryModificationEnhanced.esp
	[FE:0DB] SS2 XDI Perk Speech Checks.esp
	[FE:0DC] SS2_XDI Patch.esp
	[FE:0DD] SaveAcadiaFromBoS.esp
	[FE:0DE] Skip DIMA memories.esp
	[FE:0DF] 4estGimp Edit - Raider Gangs Extended.esp
	[FE:0E0] Power Armor to the People.esp
	[FE:0E1] WattzLaserGun-UnofficialUpdate.esp
	[FE:0E2] Eli_Armour_Compendium.esp
	[FE:0E3] NukaWorldRebalanced.esp
	[FE:0E4] Power Armor to the People - Nuka-World.esp
	[FE:0E5] Overboss-PA-NoChain.esp
	[FE:0E6] Power Armor to the People - Overboss No Chains.esp
	[FE:0E7] 4estGimp - Overboss-PA-NoChain_INNR_PAttP.esp
	[FE:0E8] NWRebal-UFO4P.esp
	[FE:0E9] NWRebal-ECO.esp
	[FE:0EA] 4estGimp - CR-ECO_MM.esp
	[FE:0EB] InstituteGatlingLaser.esp
	[FE:0EC] W.A.T.MinutemenInstituteGatlingLaser.esp
	[FE:0ED] W.A.T.MinutemenInstitutePowerArmor.esp
	[FE:0EE] W.A.T.MinutemenInstituteWeaponsPulseCarbine.esp
	[FE:0EF] WhoIsTheGeneral.esp
	[FE:0F0] Keep Radiants In Commonwealth.esp
	[FE:0F1] WTG - KRIC Patch.esp
	[FE:0F2] Energy Weapon Replacer - Wattz Laser Gun - Institute Guns.esp
	[FE:0F3] ReceiversMuzzlesPruned.esp
	[FE:0F4] Energy Weapon Replacer - Wattz Laser Gun - Laser Muskets.esp
	[FE:0F5] 4estGimp_FusionGun_InstituteLaserGun_Peer.esp
	[FE:0F6] SS2_RobotMod.esp
	[FE:0F7] Natural Camouflage.esp
	[FE:0F8] Faster Terminal Displays (20x).esp
	[FE:0F9] The WARwicks Dock.esp
	[FE:0FA] Creation Club Neon Flats Unofficial Fallout 4 Patch Fixes.esp
	[FE:0FB] WD_BFG_ANIMATIONS.esp
	[FE:0FC] SS2 Junk Storage Capacity.esp
	[FE:0FD] PROJECTCLARITY.esp
	[FE:0FE] Lootman.esp
	[FE:0FF] ArmorBlaster.esp
	[FE:100] KKYpampas.esp
	[FE:101] HN66-SiriusArmor.esp
	[FE:102] Makeshiftshotgun.esp
	[FE:103] AmrTweaks.esp
	[FE:104] SRO - Syringer Overhaul.esp
	[FE:105] whisperUnLockedPowerArmorPaints.esp
	[FE:106] StoryWealth-SS2-DEP-Patch.esp
	[FE:107] X12Plasmacaster-FactionSkins.esp
	[FE:108] Jake'sMod.esp
	[FE:109] Jacq-CompanionPerkMags.esp
	[FE:10A] SS2Extended_OutfitInjectionPatch.esp
	[FE:10B] O&R Enclave X-02 Armor.esp
	[FE:10C] CROSS_InstituteExpeditionarySuit.esp
	[FE:10D] ECO_CROSSInstituteExpeditionarySuit.esp
	[FE:10E] F4NVServiceRifleRedux_Patch_Uniques.esp
	[FE:10F] 4estGimp_CombatRifleReplacer_F4NVServiceRifleRedux.esp
	[FE:110] Power Armor to the People - Ultracite Power Armor.esp
	[FE:111] Power Armor to the People - T-65.esp
	[FE:112] Power Armor to the People - T-51c.esp
	[FE:113] Power Armor to the People - Classic Advanced Power Armor.esp
	[FE:114] AtomsGloryThreads.esp
	[FE:115] UniformSettlers.esp
	[FE:116] RedShiftPowerArmor.esp
	[FE:117] Power Armor to the People - Red Shift Power Armor.esp
	[FE:118] FasterTrinityTower.esp
	[FE:119] AtomsGloryThreadsPatch_CoAOverhaul.esp
	[FE:11A] SelectAssaultRifle_LLInjector.esp
	[FE:11B] SelectRevolver_LLInjector.esp
	[FE:11C] SS2Addon_MS_BareEssentials.esp
	[FE:11D] whisperExtraPieces.esp
	[FE:11E] Mega Reggae(1).esp
	[FE:11F] RU556_Balance_Patch.esp
	[FE:120] P220 Animation Overhaul.esp
	[FE:121] RCW.esp
	[FE:122] CROSS_BreakActionLaser.esp
	[FE:123] 4estGimp - CROSS_Institute_BreakActionLaser.esp
	[FE:124] USP .45_by_tooun.esp
	[FE:125] F4NVServiceRifleRedux_Patch_Survivalist127mm.esp
	[FE:126] TMaH Atlantic Office fix.esp
	[FE:127] PPS43.esp
	[FE:128] 127mmSMGAmmo.esp
	[FE:129] HK416.esp
	[FE:12A] ECO_F4NVServiceRifleRedux.esp
	[FE:12B] GreaseGun 9mm Receivers.esp
	[FE:12C] DualGun.esp
	[FE:12D] Sjorgen_vanilla_mods.esp
	[FE:12E] Sten.esp
	[FE:12F] R91M.esp
	[FE:130] S&W_pack.esp
	[FE:131] HK XM8 Levelled List.esp
	[FE:132] soakerfix.esp
