Fallout 4 v1.10.163
Buffout 4 v1.26.2

Unhandled exception "EXCEPTION_ACCESS_VIOLATION" at 0x7FFAD73E7AE3 flexRelease_x64.dll+0027AE3

	[Compatibility]
		F4EE: false
	[Fixes]
		ActorIsHostileToActor: true
		CellInit: true
		CreateD3DAndSwapChain: true
		EncounterZoneReset: true
		GreyMovies: true
		MagicEffectApplyEvent: true
		MovementPlanner: true
		PackageAllocateLocation: true
		SafeExit: true
		TESObjectREFRGetEncounterZone: true
		UnalignedLoad: true
		UtilityShader: true
	[Patches]
		Achievements: true
		BSMTAManager: true
		BSPreCulledObjects: true
		BSTextureStreamerLocalHeap: true
		HavokMemorySystem: true
		INISettingCollection: true
		InputSwitch: false
		MaxStdIO: -1
		MemoryManager: true
		MemoryManagerDebug: false
		ScaleformAllocator: true
		SmallBlockAllocator: true
		WorkshopMenu: true
	[Warnings]
		CreateTexture2D: true
		ImageSpaceAdapter: true

SYSTEM SPECS:
	OS: Microsoft Windows 11 Home v10.0.22621
	CPU: GenuineIntel 11th Gen Intel(R) Core(TM) i7-11370H @ 3.30GHz
	GPU #1: Nvidia GA104M [GeForce RTX 3070 Mobile / Max-Q]
	GPU #2: Intel TigerLake-LP GT2 [Iris Xe Graphics]
	GPU #3: Microsoft Basic Render Driver
	PHYSICAL MEMORY: 13.61 GB/15.69 GB

PROBABLE CALL STACK:
	[0] 0x7FFAD73E7AE3 flexRelease_x64.dll+0027AE3
	[1] 0x01AB2867E6D8                    

REGISTERS:
	RAX 0x0                (size_t)
	RCX 0x78               (size_t)
	RDX 0x0                (size_t)
	RBX 0x1ABA0D7FEC0      (hknpCompressedMeshShape*)
	RSP 0x7A5CCEE8E0       (void*)
	RBP 0x7A5CCEEB30       (void*)
	RSI 0x1AB2867E600      (void*)
	RDI 0x0                (size_t)
	R8  0x78               (size_t)
	R9  0x8                (size_t)
	R10 0x7FFAD7B31390     (void* -> MSVCR110.dll+00C1390)
	R11 0x0                (size_t)
	R12 0x1AB6C182B00      (hknpBSWorld*)
	R13 0x1ABA0D7FEC0      (hknpCompressedMeshShape*)
	R14 0x1AB2867E600      (void*)
	R15 0x7A5CCEFC60       (void*)

STACK:
	[RSP+0   ] 0x1AB2867E6D8      (void*)
	[RSP+8   ] 0x7FFAD73C5CCA     (void* -> flexRelease_x64.dll+0005CCA)
	[RSP+10  ] 0x1AB00000078      (void*)
	[RSP+18  ] 0x1AB2867E600      (void*)
	[RSP+20  ] 0x7FFAD2B82510     (void* -> Buffout4.dll+0262510)
	[RSP+28  ] 0x7FFAD2B82510     (void* -> Buffout4.dll+0262510)
	[RSP+30  ] 0x6000             (size_t)
	[RSP+38  ] 0x7FF60D309CFD     (void* -> Fallout4.exe+0259CFD)
	[RSP+40  ] 0x0                (size_t)
	[RSP+48  ] 0x0                (size_t)
	[RSP+50  ] 0x0                (size_t)
	[RSP+58  ] 0x0                (size_t)
	[RSP+60  ] 0x405FF800         (size_t)
	[RSP+68  ] 0x1AB2661B010      (void*)
	[RSP+70  ] 0x1AB2867E6D8      (void*)
	[RSP+78  ] 0x7FF60D306F3C     (void* -> Fallout4.exe+0256F3C)
	[RSP+80  ] 0x1ABA0D7FEC0      (hknpCompressedMeshShape*)
	[RSP+88  ] 0x1AB2867E600      (void*)
	[RSP+90  ] 0x3C23D70A         (size_t)
	[RSP+98  ] 0x0                (size_t)
	[RSP+A0  ] 0x3F800000         (size_t)
	[RSP+A8  ] 0x0                (size_t)
	[RSP+B0  ] 0xBE9F1FE8C1AE0554 (size_t)
	[RSP+B8  ] 0xBE9F1FE8BE9F1FE8 (size_t)
	[RSP+C0  ] 0x1ABA0D7FEC0      (hknpCompressedMeshShape*)
	[RSP+C8  ] 0x7FF60E62B319     (void* -> Fallout4.exe+157B319)
	[RSP+D0  ] 0x0                (size_t)
	[RSP+D8  ] 0x7FF60FD16EC8     (char*) "CreateTriangleMesh"
	[RSP+E0  ] 0x7A5CCEFC60       (void*)
	[RSP+E8  ] 0x1ABA954B001      (void*)
	[RSP+F0  ] 0x1ABA954B094      (void*)
	[RSP+F8  ] 0x1AB2867E6D8      (void*)
	[RSP+100 ] 0x1AB2867E600      (void*)
	[RSP+108 ] 0x7A5CCEEB30       (void*)
	[RSP+110 ] 0x0                (size_t)
	[RSP+118 ] 0x7FF60D325ED7     (void* -> Fallout4.exe+0275ED7)
	[RSP+120 ] 0x0                (size_t)
	[RSP+128 ] 0x7A5CCEEB30       (void*)
	[RSP+130 ] 0x7A5CCEF870       (hknpTriangleShape*)
	[RSP+138 ] 0x7A5CCEEC20       (void*)
	[RSP+140 ] 0x7A5CCEEB38       (void*)
	[RSP+148 ] 0x1AB00000187      (void*)
	[RSP+150 ] 0x1AB2867E6D8      (void*)
	[RSP+158 ] 0x1AB2867E720      (void*)
	[RSP+160 ] 0x1AB2867E738      (void*)
	[RSP+168 ] 0x1AB2867E750      (void*)
	[RSP+170 ] 0x1AB2867E768      (void*)
	[RSP+178 ] 0x1AB2867E780      (void*)
	[RSP+180 ] 0x1AB2867E798      (void*)
	[RSP+188 ] 0x1AB2867E708      (void*)
	[RSP+190 ] 0x1AB2867E6F0      (void*)
	[RSP+198 ] 0x0                (size_t)
	[RSP+1A0 ] 0x0                (size_t)
	[RSP+1A8 ] 0x0                (size_t)
	[RSP+1B0 ] 0x0                (size_t)
	[RSP+1B8 ] 0x0                (size_t)
	[RSP+1C0 ] 0x0                (size_t)
	[RSP+1C8 ] 0x0                (size_t)
	[RSP+1D0 ] 0x955FFFFF         (size_t)
	[RSP+1D8 ] 0x0                (size_t)
	[RSP+1E0 ] 0xBE5672E0BEBB1358 (size_t)
	[RSP+1E8 ] 0x402634AB         (size_t)
	[RSP+1F0 ] 0xC28FB10AC2973508 (size_t)
	[RSP+1F8 ] 0xBDC37BBE         (size_t)
	[RSP+200 ] 0x429C5AF042CF7924 (size_t)
	[RSP+208 ] 0x4346A4C9         (size_t)
	[RSP+210 ] 0x1AB83BA3280      (void*)
	[RSP+218 ] 0x800              (size_t)
	[RSP+220 ] 0x49B              (size_t)
	[RSP+228 ] 0x1AB838A7240      (void*)
	[RSP+230 ] 0x1000             (size_t)
	[RSP+238 ] 0xB5B              (size_t)
	[RSP+240 ] 0x0                (size_t)
	[RSP+248 ] 0x0                (size_t)
	[RSP+250 ] 0x0                (size_t)
	[RSP+258 ] 0xFFFFFFFF         (size_t)
	[RSP+260 ] 0x0                (size_t)
	[RSP+268 ] 0x0                (size_t)
	[RSP+270 ] 0xB5900000B58      (size_t)
	[RSP+278 ] 0xB5400000B5A      (size_t)
	[RSP+280 ] 0x3400000034000000 (size_t)
	[RSP+288 ] 0x3400000034000000 (size_t)
	[RSP+290 ] 0xBB4600000000     (size_t)
	[RSP+298 ] 0x7FFB589E39F0     (void* -> ntdll.dll+00539F0)
	[RSP+2A0 ] 0x7FF60FCF96C8     (void* -> Fallout4.exe+2C496C8)
	[RSP+2A8 ] 0x7A5CCEEB08       (void*)
	[RSP+2B0 ] 0x7FF60FCF96C8     (void* -> Fallout4.exe+2C496C8)
	[RSP+2B8 ] 0x7A5CCEEAF0       (void*)
	[RSP+2C0 ] 0xBE5672E0BEBB1358 (size_t)
	[RSP+2C8 ] 0x3F800000402634AB (size_t)
	[RSP+2D0 ] 0x7FF60FCF96C8     (void* -> Fallout4.exe+2C496C8)
	[RSP+2D8 ] 0x7A5CCEEAF0       (void*)
	[RSP+2E0 ] 0x7A5CCEED00       (char*) "
"
	[RSP+2E8 ] 0x7FFB5628976B     (void* -> KERNELBASE.dll+002976B)
	[RSP+2F0 ] 0x7A00000000       (size_t)
	[RSP+2F8 ] 0x1AB2667E2A0      (char*) "T@"
	[RSP+300 ] 0xBB464B1F0591     (size_t)
	[RSP+308 ] 0x7FFAD73F16DD     (void* -> flexRelease_x64.dll+00316DD)
	[RSP+310 ] 0x7FFAD7B315D0     (void* -> MSVCR110.dll+00C15D0)
	[RSP+318 ] 0x7FFAD7A943B8     (void* -> MSVCR110.dll+00243B8)
	[RSP+320 ] 0x7FF60FD18280     (char*) "NVFlex::convertCompressedMeshShape"
	[RSP+328 ] 0x7FFB589E39F0     (void* -> ntdll.dll+00539F0)
	[RSP+330 ] 0x1AB2667E201      (void*)
	[RSP+338 ] 0x7FFAD7AC3659     (void* -> MSVCR110.dll+0053659)
	[RSP+340 ] 0x3F800000         (size_t)
	[RSP+348 ] 0x0                (size_t)
	[RSP+350 ] 0x3F80000000000000 (size_t)
	[RSP+358 ] 0x0                (size_t)
	[RSP+360 ] 0x0                (size_t)
	[RSP+368 ] 0x3F800000         (size_t)
	[RSP+370 ] 0x0                (size_t)
	[RSP+378 ] 0x3F80000000000000 (size_t)
	[RSP+380 ] 0x3F8000003F800000 (size_t)
	[RSP+388 ] 0x3F8000003F800000 (size_t)
	[RSP+390 ] 0xBB4600000015     (size_t)
	[RSP+398 ] 0x7A5CCEF870       (hknpTriangleShape*)
	[RSP+3A0 ] 0x0                (size_t)
	[RSP+3A8 ] 0x7A5CCEF870       (hknpTriangleShape*)
	[RSP+3B0 ] 0x1ABA0D7FEC0      (hknpCompressedMeshShape*)
	[RSP+3B8 ] 0xFFFFFFFF         (size_t)
	[RSP+3C0 ] 0x1AB26683040      (char*) "	"
	[RSP+3C8 ] 0x7FFB589E39F0     (void* -> ntdll.dll+00539F0)
	[RSP+3D0 ] 0xBB464B1F02A1     (size_t)
	[RSP+3D8 ] 0x7FFAD73ED249     (void* -> flexRelease_x64.dll+002D249)
	[RSP+3E0 ] 0x7A5CCEEE00       (void*)
	[RSP+3E8 ] 0x7FFB5628976B     (void* -> KERNELBASE.dll+002976B)
	[RSP+3F0 ] 0x7A00000000       (size_t)
	[RSP+3F8 ] 0x1AB2667E2A0      (char*) "T@"
	[RSP+400 ] 0xBB464B1F0291     (size_t)
	[RSP+408 ] 0x7FFAD73F16DD     (void* -> flexRelease_x64.dll+00316DD)
	[RSP+410 ] 0x7FFAD7B315D0     (void* -> MSVCR110.dll+00C15D0)
	[RSP+418 ] 0x7FFAD7A943B8     (void* -> MSVCR110.dll+00243B8)
	[RSP+420 ] 0xA                (size_t)
	[RSP+428 ] 0x7FFAD7AADBFA     (void* -> MSVCR110.dll+003DBFA)
	[RSP+430 ] 0x1AB2667E2B0      (char*) "	"
	[RSP+438 ] 0x7FFAD7AC3659     (void* -> MSVCR110.dll+0053659)
	[RSP+440 ] 0x7A5CCEF0B8       (void*)
	[RSP+448 ] 0x7FFAD7A976E9     (void* -> MSVCR110.dll+00276E9)
	[RSP+450 ] 0x1AAF3F69D80      (char*) "R"
	[RSP+458 ] 0x1AAF3FACC60      (void*)
	[RSP+460 ] 0xFFFFFFFD         (size_t)
	[RSP+468 ] 0x7FFAD7B31500     (void* -> MSVCR110.dll+00C1500)
	[RSP+470 ] 0x7A5CCEF01D       (void*)
	[RSP+478 ] 0x7FFAD7AC2381     (void* -> MSVCR110.dll+0052381)
	[RSP+480 ] 0x7A5CCEF01D       (void*)
	[RSP+488 ] 0x7A5CCEEE60       (void*)
	[RSP+490 ] 0x40               (size_t)
	[RSP+498 ] 0x0                (size_t)
	[RSP+4A0 ] 0x1AB2667E2B0      (char*) "	"
	[RSP+4A8 ] 0x7FFAD7403284     (void* -> flexRelease_x64.dll+0043284)
	[RSP+4B0 ] 0x0                (size_t)
	[RSP+4B8 ] 0x7FFAD74152E0     (char*) "R"
	[RSP+4C0 ] 0x300000000        (void*)
	[RSP+4C8 ] 0x1AB00000000      (void*)
	[RSP+4D0 ] 0xBE2E0B2CBEA013D6 (size_t)
	[RSP+4D8 ] 0x3A229FA540282CD0 (size_t)
	[RSP+4E0 ] 0xBE1FDB08BEA0B676 (size_t)
	[RSP+4E8 ] 0x3A229FA540274B47 (size_t)
	[RSP+4F0 ] 0xBE5672E0BEBB1358 (size_t)
	[RSP+4F8 ] 0x3A229FA5402634AB (size_t)
	[RSP+500 ] 0xBE2E0B2CBEA013D6 (size_t)
	[RSP+508 ] 0x3A229FA540282CD0 (size_t)
	[RSP+510 ] 0x7FF60FD181A9     (void* -> Fallout4.exe+2C681A9)
	[RSP+518 ] 0x7FFB589E39F0     (void* -> ntdll.dll+00539F0)
	[RSP+520 ] 0x1AAF3F69D80      (char*) "R"
	[RSP+528 ] 0x1AAF3FACC60      (void*)
	[RSP+530 ] 0x1AB2667E2A0      (char*) "T@"
	[RSP+538 ] 0x7FFB56289701     (void* -> KERNELBASE.dll+0029701)
	[RSP+540 ] 0x7A00000000       (size_t)
	[RSP+548 ] 0x1AB26683030      (char*) "T@"
	[RSP+550 ] 0xBB464B1F0021     (size_t)
	[RSP+558 ] 0x7FFB589E39F0     (void* -> ntdll.dll+00539F0)
	[RSP+560 ] 0x0                (size_t)
	[RSP+568 ] 0x7FFAD73F1A30     (void* -> flexRelease_x64.dll+0031A30)
	[RSP+570 ] 0x20               (size_t)
	[RSP+578 ] 0x7FFB5628976B     (void* -> KERNELBASE.dll+002976B)
	[RSP+580 ] 0x1AB26683040      (char*) "	"
	[RSP+588 ] 0x7FFB589E39F0     (void* -> ntdll.dll+00539F0)
	[RSP+590 ] 0xBB464B1F0061     (size_t)
	[RSP+598 ] 0x7FFAD73ED249     (void* -> flexRelease_x64.dll+002D249)
	[RSP+5A0 ] 0x7A5CCEEFC0       (char*) "X"
	[RSP+5A8 ] 0x7FFB5628976B     (void* -> KERNELBASE.dll+002976B)
	[RSP+5B0 ] 0x7A00000000       (size_t)
	[RSP+5B8 ] 0x1AB2667E2A0      (char*) "T@"
	[RSP+5C0 ] 0xBB464B1F0051     (size_t)
	[RSP+5C8 ] 0x7FFAD73F16DD     (void* -> flexRelease_x64.dll+00316DD)
	[RSP+5D0 ] 0x7FFAD7B315D0     (void* -> MSVCR110.dll+00C15D0)
	[RSP+5D8 ] 0x7FFAD7A943B8     (void* -> MSVCR110.dll+00243B8)
	[RSP+5E0 ] 0xA                (size_t)
	[RSP+5E8 ] 0x7FFAD7AADBFA     (void* -> MSVCR110.dll+003DBFA)
	[RSP+5F0 ] 0x1AB2667E2B0      (char*) "	"
	[RSP+5F8 ] 0x7FFAD7AC3659     (void* -> MSVCR110.dll+0053659)
	[RSP+600 ] 0x7A5CCEF278       (void*)
	[RSP+608 ] 0x7FFAD7A976E9     (void* -> MSVCR110.dll+00276E9)
	[RSP+610 ] 0x1AAF3F69D80      (char*) "R"
	[RSP+618 ] 0x1AAF3FACC60      (void*)
	[RSP+620 ] 0xFFFFFFFC         (size_t)
	[RSP+628 ] 0x7FFAD7B31500     (void* -> MSVCR110.dll+00C1500)
	[RSP+630 ] 0x7A5CCEF1DC       (void*)
	[RSP+638 ] 0x7FFAD7AC2381     (void* -> MSVCR110.dll+0052381)
	[RSP+640 ] 0x7A5CCEF1DC       (void*)
	[RSP+648 ] 0x7A5CCEF020       (void*)
	[RSP+650 ] 0x40               (size_t)
	[RSP+658 ] 0x0                (size_t)
	[RSP+660 ] 0x1AB2667E2B0      (char*) "	"
	[RSP+668 ] 0x7FFAD7401A24     (void* -> flexRelease_x64.dll+0041A24)
	[RSP+670 ] 0x7A5CCEEFB8       (void*)
	[RSP+678 ] 0x7FFAD74152E0     (char*) "R"
	[RSP+680 ] 0x40000005A        (size_t)
	[RSP+688 ] 0x0                (size_t)
	[RSP+690 ] 0x15253E4AAE89     (size_t)
	[RSP+698 ] 0x7FFAD7AD9AC2     (void* -> MSVCR110.dll+0069AC2)
	[RSP+6A0 ] 0x1AAED783110      (char*) "Flex: Cuda error: 77 in cudaMallocHost(&ptr, size) - ../../../flex.cu:5007
cu:6505
380
../bvh.cu:576
83
"
	[RSP+6A8 ] 0x65               (size_t)
	[RSP+6B0 ] 0x0                (size_t)
	[RSP+6B8 ] 0x7FFAD7B365A0     (void* -> MSVCR110.dll+00C65A0)
	[RSP+6C0 ] 0x1                (size_t)
	[RSP+6C8 ] 0x0                (size_t)
	[RSP+6D0 ] 0x1                (size_t)
	[RSP+6D8 ] 0x7FFAD7AD9A6E     (void* -> MSVCR110.dll+0069A6E)
	[RSP+6E0 ] 0x58               (size_t)
	[RSP+6E8 ] 0x0                (size_t)
	[RSP+6F0 ] 0xFFFFFFFF         (size_t)
	[RSP+6F8 ] 0x7FFB589E39F0     (void* -> ntdll.dll+00539F0)
	[RSP+700 ] 0x1AB2573AF70      (void*)
	[RSP+708 ] 0x0                (size_t)
	[RSP+710 ] 0x0                (size_t)
	[RSP+718 ] 0x7FFB5628976B     (void* -> KERNELBASE.dll+002976B)
	[RSP+720 ] 0x0                (size_t)
	[RSP+728 ] 0x7FFB589E39F0     (void* -> ntdll.dll+00539F0)
	[RSP+730 ] 0xBB464B1F01C1     (size_t)
	[RSP+738 ] 0x7FFAD7B315D0     (void* -> MSVCR110.dll+00C15D0)
	[RSP+740 ] 0x7A5CCEF168       (void*)
	[RSP+748 ] 0x7FFB5628976B     (void* -> KERNELBASE.dll+002976B)
	[RSP+750 ] 0xFFFFFFFFFFFF0000 (size_t)
	[RSP+758 ] 0xFFFFFFFFFFFFFFFF (size_t)
	[RSP+760 ] 0x9C3FFFFFFFF      (size_t)
	[RSP+768 ] 0x7FFB589E39F0     (void* -> ntdll.dll+00539F0)
	[RSP+770 ] 0x7A5CCEF198       (void*)
	[RSP+778 ] 0x7FFB00000000     (size_t)
	[RSP+780 ] 0x0                (size_t)
	[RSP+788 ] 0x1AB26683030      (char*) "T@"
	[RSP+790 ] 0xBB464B1F1E61     (size_t)
	[RSP+798 ] 0x7FFB589E39F0     (void* -> ntdll.dll+00539F0)
	[RSP+7A0 ] 0x0                (size_t)
	[RSP+7A8 ] 0x7FFAD73F1A30     (void* -> flexRelease_x64.dll+0031A30)
	[RSP+7B0 ] 0x20               (size_t)
	[RSP+7B8 ] 0x7FFB5628976B     (void* -> KERNELBASE.dll+002976B)
	[RSP+7C0 ] 0x1AB26683040      (char*) "	"
	[RSP+7C8 ] 0x7FFB589E39F0     (void* -> ntdll.dll+00539F0)
	[RSP+7D0 ] 0xBB464B1F1EA1     (size_t)
	[RSP+7D8 ] 0x7FFAD73ED249     (void* -> flexRelease_x64.dll+002D249)
	[RSP+7E0 ] 0x7A5CCEF200       (void*)
	[RSP+7E8 ] 0x7FFB5628976B     (void* -> KERNELBASE.dll+002976B)
	[RSP+7F0 ] 0x7A00000000       (size_t)
	[RSP+7F8 ] 0x1AB2667E2A0      (char*) "T@"
	[RSP+800 ] 0xBB464B1F1E91     (size_t)
	[RSP+808 ] 0x7FFAD73F16DD     (void* -> flexRelease_x64.dll+00316DD)
	[RSP+810 ] 0x7FFAD7B315D0     (void* -> MSVCR110.dll+00C15D0)
	[RSP+818 ] 0x7FFAD7A943B8     (void* -> MSVCR110.dll+00243B8)
	[RSP+820 ] 0xA                (size_t)
	[RSP+828 ] 0x7FFAD7AADBFA     (void* -> MSVCR110.dll+003DBFA)
	[RSP+830 ] 0x1AB2667E2B0      (char*) "	"
	[RSP+838 ] 0x7FFAD7AC3659     (void* -> MSVCR110.dll+0053659)
	[RSP+840 ] 0x7A5CCEF4B8       (void*)
	[RSP+848 ] 0x7FFAD7A976E9     (void* -> MSVCR110.dll+00276E9)
	[RSP+850 ] 0x1AAF3F69D80      (char*) "R"
	[RSP+858 ] 0x1AAF3FACC60      (void*)
	[RSP+860 ] 0xFFFFFFFC         (size_t)
	[RSP+868 ] 0x7FFAD7B31500     (void* -> MSVCR110.dll+00C1500)
	[RSP+870 ] 0x7A5CCEF41C       (void*)
	[RSP+878 ] 0x7FFAD7AC2381     (void* -> MSVCR110.dll+0052381)
	[RSP+880 ] 0x7A5CCEF41C       (void*)
	[RSP+888 ] 0x7A5CCEF260       (void*)
	[RSP+890 ] 0x40               (size_t)
	[RSP+898 ] 0x0                (size_t)
	[RSP+8A0 ] 0x1AB2667E2B0      (char*) "	"
	[RSP+8A8 ] 0x7FFAD73FFA84     (void* -> flexRelease_x64.dll+003FA84)
	[RSP+8B0 ] 0x0                (size_t)
	[RSP+8B8 ] 0x7FFAD74152E0     (char*) "R"
	[RSP+8C0 ] 0x400000053        (size_t)
	[RSP+8C8 ] 0x1AB00000000      (void*)
	[RSP+8D0 ] 0x0                (size_t)
	[RSP+8D8 ] 0x0                (size_t)
	[RSP+8E0 ] 0x7FF600000000     (size_t)
	[RSP+8E8 ] 0x7FFAD7B315D0     (void* -> MSVCR110.dll+00C15D0)
	[RSP+8F0 ] 0x1AA00000000      (size_t)
	[RSP+8F8 ] 0x0                (size_t)
	[RSP+900 ] 0x1AB2667E2A0      (char*) "T@"
	[RSP+908 ] 0x1AB2667E2B0      (char*) "	"
	[RSP+910 ] 0x7FF60FD181A9     (void* -> Fallout4.exe+2C681A9)
	[RSP+918 ] 0x7FFAD7A9E889     (void* -> MSVCR110.dll+002E889)
	[RSP+920 ] 0x1AAF3F69D80      (char*) "R"
	[RSP+928 ] 0x1AAF3FACC60      (void*)
	[RSP+930 ] 0x1AB2667E2A0      (char*) "T@"
	[RSP+938 ] 0x1AB2867E601      (void*)
	[RSP+940 ] 0x0                (size_t)
	[RSP+948 ] 0x7FFAA4F2D207     (void* -> nvcuda64.dll+019D207)
	[RSP+950 ] 0x7FFAD74019F8     (char*) "../../../flex.cu"
	[RSP+958 ] 0x1AB2661B010      (void*)
	[RSP+960 ] 0x0                (size_t)
	[RSP+968 ] 0x7FFAA4F2D207     (void* -> nvcuda64.dll+019D207)
	[RSP+970 ] 0x7A5CCEFAD0       (void*)
	[RSP+978 ] 0x1AB2661B010      (void*)
	[RSP+980 ] 0x1AB2664C880      (void*)
	[RSP+988 ] 0x7FFAA4DDFEA4     (void* -> nvcuda64.dll+004FEA4)
	[RSP+990 ] 0x7FF60FD18198     (char*) "Flex: %s - %s:%d
"
	[RSP+998 ] 0x7A5CCEF290       (void*)
	[RSP+9A0 ] 0x1AAED0D7EB0      (void*)
	[RSP+9A8 ] 0x7FFAA4DDFEA4     (void* -> nvcuda64.dll+004FEA4)
	[RSP+9B0 ] 0x7272652061647543 (size_t)
	[RSP+9B8 ] 0x69203737203A726F (size_t)
	[RSP+9C0 ] 0x1AAED0D7EB0      (void*)
	[RSP+9C8 ] 0x6E7973417970636D (size_t)
	[RSP+9D0 ] 0x73202C7473642863 (size_t)
	[RSP+9D8 ] 0x6E756F63202C6372 (size_t)
	[RSP+9E0 ] 0x2C646E696B202C74 (size_t)
	[RSP+9E8 ] 0x1                (size_t)
	[RSP+9F0 ] 0x0                (size_t)
	[RSP+9F8 ] 0x1AB2664C880      (void*)
	[RSP+A00 ] 0x1AB2664C880      (void*)
	[RSP+A08 ] 0x7A5CCEF720       (void*)
	[RSP+A10 ] 0x0                (size_t)
	[RSP+A18 ] 0x7FFAA4DE01D4     (void* -> nvcuda64.dll+00501D4)
	[RSP+A20 ] 0x1AB26645501      (void*)
	[RSP+A28 ] 0x1AAED0D7EB0      (void*)
	[RSP+A30 ] 0x2                (size_t)
	[RSP+A38 ] 0x1AB2664C880      (void*)
	[RSP+A40 ] 0x2                (size_t)
	[RSP+A48 ] 0x0                (size_t)
	[RSP+A50 ] 0x7A5CCEF720       (void*)
	[RSP+A58 ] 0x0                (size_t)
	[RSP+A60 ] 0x15253E4AA2F9     (size_t)
	[RSP+A68 ] 0x7FFAD7AD9AC2     (void* -> MSVCR110.dll+0069AC2)
	[RSP+A70 ] 0x1AAED783110      (char*) "Flex: Cuda error: 77 in cudaMallocHost(&ptr, size) - ../../../flex.cu:5007
cu:6505
380
../bvh.cu:576
83
"
	[RSP+A78 ] 0x57               (size_t)
	[RSP+A80 ] 0x0                (size_t)
	[RSP+A88 ] 0x0                (size_t)
	[RSP+A90 ] 0x15253E4AA289     (size_t)
	[RSP+A98 ] 0x7FFAD7AD9AC2     (void* -> MSVCR110.dll+0069AC2)
	[RSP+AA0 ] 0x1AAED783110      (char*) "Flex: Cuda error: 77 in cudaMallocHost(&ptr, size) - ../../../flex.cu:5007
cu:6505
380
../bvh.cu:576
83
"
	[RSP+AA8 ] 0x53               (size_t)
	[RSP+AB0 ] 0x0                (size_t)
	[RSP+AB8 ] 0x7FFAD7B365A0     (void* -> MSVCR110.dll+00C65A0)
	[RSP+AC0 ] 0x1                (size_t)
	[RSP+AC8 ] 0x0                (size_t)
	[RSP+AD0 ] 0x1                (size_t)
	[RSP+AD8 ] 0x7FFAD7AD9A6E     (void* -> MSVCR110.dll+0069A6E)
	[RSP+AE0 ] 0x58               (size_t)
	[RSP+AE8 ] 0x0                (size_t)
	[RSP+AF0 ] 0xFFFFFFFF         (size_t)
	[RSP+AF8 ] 0x0                (size_t)
	[RSP+B00 ] 0x0                (size_t)
	[RSP+B08 ] 0x0                (size_t)
	[RSP+B10 ] 0x0                (size_t)
	[RSP+B18 ] 0x53               (size_t)
	[RSP+B20 ] 0x0                (size_t)
	[RSP+B28 ] 0x7FFAD7A9EDDE     (void* -> MSVCR110.dll+002EDDE)
	[RSP+B30 ] 0x7FFA00000001     (size_t)
	[RSP+B38 ] 0x7FFAD7B315D0     (void* -> MSVCR110.dll+00C15D0)
	[RSP+B40 ] 0x800              (size_t)
	[RSP+B48 ] 0x15253E4A8BB9     (size_t)
	[RSP+B50 ] 0x53               (size_t)
	[RSP+B58 ] 0x7FFAD7A9E889     (void* -> MSVCR110.dll+002E889)
	[RSP+B60 ] 0x7FFAD7B315D0     (void* -> MSVCR110.dll+00C15D0)
	[RSP+B68 ] 0x1AAFA0B4DB0      (NVFlex::FlexThread*)
	[RSP+B70 ] 0x7A5CCEF4B8       (void*)
	[RSP+B78 ] 0x1AAFA0B4DB0      (NVFlex::FlexThread*)
	[RSP+B80 ] 0x53               (size_t)
	[RSP+B88 ] 0x7FFAD7AA150E     (void* -> MSVCR110.dll+003150E)
	[RSP+B90 ] 0x7FFAD73FFA58     (char*) "../../../flex.cu"
	[RSP+B98 ] 0x7A5CCEF4B8       (void*)
	[RSP+BA0 ] 0x1                (size_t)
	[RSP+BA8 ] 0x1AAFA0B4DB0      (NVFlex::FlexThread*)
	[RSP+BB0 ] 0x7A5CCEFD10       (void*)
	[RSP+BB8 ] 0x0                (size_t)
	[RSP+BC0 ] 0x7FFAD73FFA58     (char*) "../../../flex.cu"
	[RSP+BC8 ] 0x7FFAD73C176F     (void* -> flexRelease_x64.dll+000176F)
	[RSP+BD0 ] 0x7FF60FD18198     (char*) "Flex: %s - %s:%d
"
	[RSP+BD8 ] 0x7A5CCEF4D0       (char*) "Cuda error: 77 in cudaEventSynchronize(gGlobalFence)"
	[RSP+BE0 ] 0x7FFAD73FFA58     (char*) "../../../flex.cu"
	[RSP+BE8 ] 0x1969             (size_t)
	[RSP+BF0 ] 0x7272652061647543 (size_t)
	[RSP+BF8 ] 0x69203737203A726F (size_t)
	[RSP+C00 ] 0x764561647563206E (size_t)
	[RSP+C08 ] 0x68636E7953746E65 (size_t)
	[RSP+C10 ] 0x6728657A696E6F72 (size_t)
	[RSP+C18 ] 0x65466C61626F6C47 (size_t)
	[RSP+C20 ] 0xB5002965636E     (size_t)
	[RSP+C28 ] 0x0                (size_t)
	[RSP+C30 ] 0xC                (size_t)
	[RSP+C38 ] 0x7FFAA4DE8C77     (void* -> nvcuda64.dll+0058C77)
	[RSP+C40 ] 0x2                (size_t)
	[RSP+C48 ] 0x0                (size_t)
	[RSP+C50 ] 0x7A5CCEF6B0       (void*)
	[RSP+C58 ] 0x7A5CCEF650       (void*)
	[RSP+C60 ] 0x0                (size_t)
	[RSP+C68 ] 0x304EE8200        (void*)
	[RSP+C70 ] 0x8095FEA00        (size_t)
	[RSP+C78 ] 0xC                (size_t)
	[RSP+C80 ] 0x8095FEA00        (size_t)
	[RSP+C88 ] 0x7A5CCEF680       (void*)
	[RSP+C90 ] 0x0                (size_t)
	[RSP+C98 ] 0x7FFAA4DF085D     (void* -> nvcuda64.dll+006085D)
	[RSP+CA0 ] 0x1AAED0D7EB0      (void*)
	[RSP+CA8 ] 0x8095FEA00        (size_t)
	[RSP+CB0 ] 0x0                (size_t)
	[RSP+CB8 ] 0x0                (size_t)
	[RSP+CC0 ] 0x7A00000001       (size_t)
	[RSP+CC8 ] 0x7A5CCEF5C8       (void*)
	[RSP+CD0 ] 0x3E7              (size_t)
	[RSP+CD8 ] 0x0                (size_t)
	[RSP+CE0 ] 0x7A5CCEF740       (void*)
	[RSP+CE8 ] 0x0                (size_t)
	[RSP+CF0 ] 0x0                (size_t)
	[RSP+CF8 ] 0x0                (size_t)
	[RSP+D00 ] 0x0                (size_t)
	[RSP+D08 ] 0x0                (size_t)
	[RSP+D10 ] 0x0                (size_t)
	[RSP+D18 ] 0x0                (size_t)
	[RSP+D20 ] 0x7A00000002       (size_t)
	[RSP+D28 ] 0x0                (size_t)
	[RSP+D30 ] 0x8095FEA00        (size_t)
	[RSP+D38 ] 0x0                (size_t)
	[RSP+D40 ] 0x0                (size_t)
	[RSP+D48 ] 0x0                (size_t)
	[RSP+D50 ] 0x0                (size_t)
	[RSP+D58 ] 0x0                (size_t)
	[RSP+D60 ] 0x0                (size_t)
	[RSP+D68 ] 0x0                (size_t)
	[RSP+D70 ] 0x0                (size_t)
	[RSP+D78 ] 0x1                (size_t)
	[RSP+D80 ] 0x304EE8200        (void*)
	[RSP+D88 ] 0x0                (size_t)
	[RSP+D90 ] 0x0                (size_t)
	[RSP+D98 ] 0x0                (size_t)
	[RSP+DA0 ] 0x0                (size_t)
	[RSP+DA8 ] 0x0                (size_t)
	[RSP+DB0 ] 0xC                (size_t)
	[RSP+DB8 ] 0x1                (size_t)
	[RSP+DC0 ] 0x1                (size_t)
	[RSP+DC8 ] 0x7FFB0FB75266     (void* -> cudart64_75.dll+0005266)
	[RSP+DD0 ] 0x2BC              (size_t)
	[RSP+DD8 ] 0x1AB2661B010      (void*)
	[RSP+DE0 ] 0x0                (size_t)
	[RSP+DE8 ] 0x0                (size_t)
	[RSP+DF0 ] 0x0                (size_t)
	[RSP+DF8 ] 0x0                (size_t)
	[RSP+E00 ] 0x0                (size_t)
	[RSP+E08 ] 0x0                (size_t)
	[RSP+E10 ] 0x0                (size_t)
	[RSP+E18 ] 0x0                (size_t)
	[RSP+E20 ] 0x0                (size_t)
	[RSP+E28 ] 0x0                (size_t)
	[RSP+E30 ] 0x0                (size_t)
	[RSP+E38 ] 0x0                (size_t)
	[RSP+E40 ] 0x0                (size_t)
	[RSP+E48 ] 0x0                (size_t)
	[RSP+E50 ] 0x0                (size_t)
	[RSP+E58 ] 0x0                (size_t)
	[RSP+E60 ] 0x0                (size_t)
	[RSP+E68 ] 0x0                (size_t)
	[RSP+E70 ] 0x0                (size_t)
	[RSP+E78 ] 0x0                (size_t)
	[RSP+E80 ] 0x0                (size_t)
	[RSP+E88 ] 0x0                (size_t)
	[RSP+E90 ] 0x0                (size_t)
	[RSP+E98 ] 0x0                (size_t)
	[RSP+EA0 ] 0x0                (size_t)
	[RSP+EA8 ] 0x0                (size_t)
	[RSP+EB0 ] 0x0                (size_t)
	[RSP+EB8 ] 0x0                (size_t)
	[RSP+EC0 ] 0x0                (size_t)
	[RSP+EC8 ] 0x7FFAD2969FC5     (void* -> Buffout4.dll+0049FC5)
	[RSP+ED0 ] 0x0                (size_t)
	[RSP+ED8 ] 0x7FF60D30A62F     (void* -> Fallout4.exe+025A62F)
	[RSP+EE0 ] 0x0                (size_t)
	[RSP+EE8 ] 0x7FFAD2968BAF     (void* -> Buffout4.dll+0048BAF)
	[RSP+EF0 ] 0xF50              (size_t)
	[RSP+EF8 ] 0x6                (size_t)
	[RSP+F00 ] 0x1AB2867E6F0      (void*)
	[RSP+F08 ] 0x1AB2867E6D8      (void*)
	[RSP+F10 ] 0x1ABA95A7FA0      (void*)
	[RSP+F18 ] 0x7FFAD296A2E9     (void* -> Buffout4.dll+004A2E9)
	[RSP+F20 ] 0x1ABA95A7FA0      (void*)
	[RSP+F28 ] 0x1ABA9B19440      (hknpConvexPolytopeShape*)
	[RSP+F30 ] 0x1ABA9B19440      (hknpConvexPolytopeShape*)
	[RSP+F38 ] 0x0                (size_t)
	[RSP+F40 ] 0x0                (size_t)
	[RSP+F48 ] 0x7FF60D329DF0     (void* -> Fallout4.exe+0279DF0)
	[RSP+F50 ] 0x6                (size_t)
	[RSP+F58 ] 0x1AB3C23D70A      (void*)
	[RSP+F60 ] 0x0                (size_t)
	[RSP+F68 ] 0x0                (size_t)
	[RSP+F70 ] 0x1ABA95A7FA0      (void*)
	[RSP+F78 ] 0x600000000        (size_t)
	[RSP+F80 ] 0xBEFFFF3A00000000 (size_t)
	[RSP+F88 ] 0x7FF60D30A62F     (void* -> Fallout4.exe+025A62F)
	[RSP+F90 ] 0x7FF60FE6D468     (void* -> Fallout4.exe+2DBD468)
	[RSP+F98 ] 0xF00001           (size_t)
	[RSP+FA0 ] 0x10009C3          (size_t)
	[RSP+FA8 ] 0xF413D173         (size_t)
	[RSP+FB0 ] 0x0                (size_t)
	[RSP+FB8 ] 0x0                (size_t)
	[RSP+FC0 ] 0x200004           (size_t)
	[RSP+FC8 ] 0x0                (size_t)
	[RSP+FD0 ] 0x8C000400500004   (size_t)
	[RSP+FD8 ] 0x980008           (size_t)
	[RSP+FE0 ] 0xBE2E0B2CBEA013D6 (size_t)
	[RSP+FE8 ] 0x3F00000040282CD0 (size_t)
	[RSP+FF0 ] 0xBE1FDB08BEA0B676 (size_t)
	[RSP+FF8 ] 0x3F00000140274B47 (size_t)
	[RSP+1000] 0xBE5672E0BEBB1358 (size_t)
	[RSP+1008] 0x3F000002402634AB (size_t)
	[RSP+1010] 0xBE2E0B2CBEA013D6 (size_t)
	[RSP+1018] 0x3F00000040282CD0 (size_t)
	[RSP+1020] 0x3EF7B2EABF2E9A63 (size_t)
	[RSP+1028] 0xBFC93B5C3F0C6569 (size_t)
	[RSP+1030] 0xBEF7B2EA3F2E9A63 (size_t)
	[RSP+1038] 0x3FC93B5CBF0C6569 (size_t)
	[RSP+1040] 0x3EF7B2EABF2E9A63 (size_t)
	[RSP+1048] 0xBFC93B5C3F0C6569 (size_t)
	[RSP+1050] 0x3EF7B2EABF2E9A63 (size_t)
	[RSP+1058] 0xBFC93B5C3F0C6569 (size_t)
	[RSP+1060] 0x7F0400047F040000 (size_t)
	[RSP+1068] 0x7F0400007F040000 (size_t)
	[RSP+1070] 0x300010203020100  (size_t)
	[RSP+1078] 0x0                (size_t)
	[RSP+1080] 0x0                (size_t)
	[RSP+1088] 0x0                (size_t)
	[RSP+1090] 0x0                (size_t)
	[RSP+1098] 0x0                (size_t)
	[RSP+10A0] 0x0                (size_t)
	[RSP+10A8] 0x0                (size_t)
	[RSP+10B0] 0x0                (size_t)
	[RSP+10B8] 0x0                (size_t)
	[RSP+10C0] 0x3F800000         (size_t)
	[RSP+10C8] 0x0                (size_t)
	[RSP+10D0] 0x405FF8D5         (size_t)
	[RSP+10D8] 0x0                (size_t)
	[RSP+10E0] 0x1AB779BB460      (void*)
	[RSP+10E8] 0x1ABA954B094      (void*)
	[RSP+10F0] 0x0                (size_t)
	[RSP+10F8] 0x1AB6C182B00      (hknpBSWorld*)
	[RSP+1100] 0x1AB2867E6D8      (void*)
	[RSP+1108] 0x1AB2867E600      (void*)
	[RSP+1110] 0x7A5CCEFB30       (void*)
	[RSP+1118] 0x7FF60D306565     (void* -> Fallout4.exe+0256565)
	[RSP+1120] 0x1AB2867E600      (void*)
	[RSP+1128] 0x1ABA0D7FEC0      (hknpCompressedMeshShape*)
	[RSP+1130] 0x7A5CCEFC60       (void*)
	[RSP+1138] 0x1AB2867E720      (void*)
	[RSP+1140] 0x1AB405FF8D5      (void*)
	[RSP+1148] 0x1AB2867E600      (void*)
	[RSP+1150] 0x1ABA954B094      (void*)
	[RSP+1158] 0x1AB2867E6D8      (void*)
	[RSP+1160] 0x1AB2867E720      (void*)
	[RSP+1168] 0x1AB2867E738      (void*)
	[RSP+1170] 0x1AB2867E750      (void*)
	[RSP+1178] 0x1AB2867E768      (void*)
	[RSP+1180] 0x1AB2867E780      (void*)
	[RSP+1188] 0x1AB2867E798      (void*)
	[RSP+1190] 0x1AB2867E708      (void*)
	[RSP+1198] 0x1AB2867E6F0      (void*)
	[RSP+11A0] 0x304EE8200        (void*)
	[RSP+11A8] 0x0                (size_t)
	[RSP+11B0] 0x1AB2661B010      (void*)
	[RSP+11B8] 0x7FFAA4F2D207     (void* -> nvcuda64.dll+019D207)
	[RSP+11C0] 0x7A5CCEFB40       (void*)
	[RSP+11C8] 0x1AB2661B010      (void*)
	[RSP+11D0] 0x1AAED0D7EB0      (void*)
	[RSP+11D8] 0x7A5CCEFB10       (void*)
	[RSP+11E0] 0x0                (size_t)
	[RSP+11E8] 0x7A5CCEFB00       (void*)
	[RSP+11F0] 0x1AAED0D7EB0      (void*)
	[RSP+11F8] 0x7FFAA4E0AF49     (void* -> nvcuda64.dll+007AF49)
	[RSP+1200] 0x7FF60FD18E28     (char*) "COMPRESSED_MESH"
	[RSP+1208] 0x7FF60EBC093F     (void* -> Fallout4.exe+1B1093F)
	[RSP+1210] 0x1                (size_t)
	[RSP+1218] 0x1AB2661B010      (void*)
	[RSP+1220] 0x0                (size_t)
	[RSP+1228] 0x1AB245A0F90      (void*)
	[RSP+1230] 0x1AB52E62710      (void*)
	[RSP+1238] 0x7FF60D0F36DE     (void* -> Fallout4.exe+00436DE)
	[RSP+1240] 0x1AB52E62730      (void*)
	[RSP+1248] 0x7FFAA4FC6D2F     (void* -> nvcuda64.dll+0236D2F)
	[RSP+1250] 0x0                (size_t)
	[RSP+1258] 0x7FFAA4FF44D0     (void* -> nvcuda64.dll+02644D0)
	[RSP+1260] 0x1AACF7E1588      (void*)
	[RSP+1268] 0x7FF60D144F99     (void* -> Fallout4.exe+0094F99)
	[RSP+1270] 0x0                (size_t)
	[RSP+1278] 0x1AB6C182B00      (hknpBSWorld*)
	[RSP+1280] 0x0                (size_t)
	[RSP+1288] 0x0                (size_t)
	[RSP+1290] 0x1AACF7E1588      (void*)
	[RSP+1298] 0x1AB6C182B00      (hknpBSWorld*)
	[RSP+12A0] 0x7A5CCEFCC0       (void*)
	[RSP+12A8] 0x7FF60EBC093F     (void* -> Fallout4.exe+1B1093F)
	[RSP+12B0] 0x405FF8D5         (size_t)
	[RSP+12B8] 0x0                (size_t)
	[RSP+12C0] 0x1AB2867E620      (void*)
	[RSP+12C8] 0xB1044A9B         (size_t)
	[RSP+12D0] 0x7A5CCEFCC0       (void*)
	[RSP+12D8] 0x7FF60D306AD6     (void* -> Fallout4.exe+0256AD6)
	[RSP+12E0] 0x1AB6C183190      (void*)
	[RSP+12E8] 0x1ABA0D7FEC0      (hknpCompressedMeshShape*)
	[RSP+12F0] 0x1AAF5ADD710      (void*)
	[RSP+12F8] 0x7A5CCEFC60       (void*)
	[RSP+1300] 0x7A3F800000       (size_t)
	[RSP+1308] 0x7A5CCEFD00       (void*)
	[RSP+1310] 0x1ABA954B094      (void*)
	[RSP+1318] 0x7FFAD2969FC5     (void* -> Buffout4.dll+0049FC5)
	[RSP+1320] 0x300000000        (void*)
	[RSP+1328] 0xB1044A9B0000011E (size_t)
	[RSP+1330] 0x1ABB1044A9B      (void*)
	[RSP+1338] 0x2                (size_t)
	[RSP+1340] 0x1AB218C0780      (void*)
	[RSP+1348] 0x7FF60FCF96C8     (void* -> Fallout4.exe+2C496C8)
	[RSP+1350] 0x1AB2867E600      (void*)
	[RSP+1358] 0x1AB6C182B00      (hknpBSWorld*)
	[RSP+1360] 0x1B               (size_t)
	[RSP+1368] 0x7FF60FD16E10     (char*) "NVFlex::CollisionGeometryCache::GetCollisionGeometries"
	[RSP+1370] 0x120000000A       (size_t)
	[RSP+1378] 0x101              (size_t)
	[RSP+1380] 0x3F800000         (size_t)
	[RSP+1388] 0x0                (size_t)
	[RSP+1390] 0x3F80000000000000 (size_t)
	[RSP+1398] 0x0                (size_t)
	[RSP+13A0] 0x0                (size_t)
	[RSP+13A8] 0x3F800000         (size_t)
	[RSP+13B0] 0xC083AC7141124DD3 (size_t)
	[RSP+13B8] 0xBF83AC71         (size_t)
	[RSP+13C0] 0x3C8CA11B         (size_t)
	[RSP+13C8] 0x0                (size_t)
	[RSP+13D0] 0x3C8CA11B         (size_t)
	[RSP+13D8] 0x0                (size_t)
	[RSP+13E0] 0x0                (size_t)
	[RSP+13E8] 0x0                (size_t)
	[RSP+13F0] 0x1AACF7E1588      (void*)
	[RSP+13F8] 0x1AB2867E080      (void*)
	[RSP+1400] 0x1AB6C182B00      (hknpBSWorld*)
	[RSP+1408] 0x1AB779E1590      (void*)
	[RSP+1410] 0x7A5CCEFD89       (void*)
	[RSP+1418] 0x7FF60D31CA1E     (void* -> Fallout4.exe+026CA1E)
	[RSP+1420] 0x1AB2867E600      (void*)
	[RSP+1428] 0x1AB6C182B00      (hknpBSWorld*)
	[RSP+1430] 0x7A5CCEFD20       (void*)
	[RSP+1438] 0x7FF600000009     (size_t)
	[RSP+1440] 0x1ABA95BBF80      (void*)
	[RSP+1448] 0x1AB00000020      (void*)
	[RSP+1450] 0x1AB0000001B      (void*)
	[RSP+1458] 0x0                (size_t)
	[RSP+1460] 0x3FB93F64416D     (size_t)
	[RSP+1468] 0x3FBB3EDB40B6     (size_t)
	[RSP+1470] 0x7FF60FCF96C8     (void* -> Fallout4.exe+2C496C8)
	[RSP+1478] 0x7A5CCEFD20       (void*)
	[RSP+1480] 0x7FF60FD17F08     (char*) "Collect Havok Ids"
	[RSP+1488] 0xC0472B8F         (size_t)
	[RSP+1490] 0xC03BBDE44133A301 (size_t)
	[RSP+1498] 0x3F86FE3A         (size_t)
	[RSP+14A0] 0x7FF60FD17ED0     (char*) "NVFlex::Simulation::updateCollisionGeometryCache"
	[RSP+14A8] 0x7FF60FD17E88     (char*) "NVFlex::Simulation::updateHostSideSolverData"
	[RSP+14B0] 0x1                (size_t)
	[RSP+14B8] 0x7FFB00000001     (size_t)
	[RSP+14C0] 0x3C8CA11B         (size_t)
	[RSP+14C8] 0x0                (size_t)
	[RSP+14D0] 0x0                (size_t)
	[RSP+14D8] 0x0                (size_t)
	[RSP+14E0] 0x0                (size_t)
	[RSP+14E8] 0x1AACF7E1588      (void*)
	[RSP+14F0] 0x0                (size_t)
	[RSP+14F8] 0x1AAFA0B4DB0      (NVFlex::FlexThread*)
	[RSP+1500] 0x1AB2867E080      (void*)
	[RSP+1508] 0x7FF60D31C45E     (void* -> Fallout4.exe+026C45E)
	[RSP+1510] 0x1AB2867E080      (void*)
	[RSP+1518] 0x1AACF7E1580      (void*)
	[RSP+1520] 0x0                (size_t)
	[RSP+1528] 0x0                (size_t)
	[RSP+1530] 0x0                (size_t)
	[RSP+1538] 0x0                (size_t)
	[RSP+1540] 0x0                (size_t)
	[RSP+1548] 0x0                (size_t)
	[RSP+1550] 0x0                (size_t)
	[RSP+1558] 0x0                (size_t)
	[RSP+1560] 0x0                (size_t)
	[RSP+1568] 0x7FF60D31AB0C     (void* -> Fallout4.exe+026AB0C)
	[RSP+1570] 0x1AACF7E1580      (void*)
	[RSP+1578] 0x1AAFA0B4DB0      (NVFlex::FlexThread*)
	[RSP+1580] 0x1AACF7E1588      (void*)
	[RSP+1588] 0x0                (size_t)
	[RSP+1590] 0x0                (size_t)
	[RSP+1598] 0x7FF60EBCCFED     (void* -> Fallout4.exe+1B1CFED)
	[RSP+15A0] 0x1AAFA0B4DB0      (NVFlex::FlexThread*)
	[RSP+15A8] 0x0                (size_t)
	[RSP+15B0] 0x0                (size_t)
	[RSP+15B8] 0x0                (size_t)
	[RSP+15C0] 0x1AAFA0B4DB0      (NVFlex::FlexThread*)
	[RSP+15C8] 0x0                (size_t)
	[RSP+15D0] 0x0                (size_t)
	[RSP+15D8] 0x7FFB575A26BD     (void* -> KERNEL32.DLL+00126BD)
	[RSP+15E0] 0x0                (size_t)
	[RSP+15E8] 0x0                (size_t)
	[RSP+15F0] 0x0                (size_t)
	[RSP+15F8] 0x0                (size_t)
	[RSP+1600] 0x0                (size_t)
	[RSP+1608] 0x7FFB589EDFB8     (void* -> ntdll.dll+005DFB8)
	[RSP+1610] 0x0                (size_t)
	[RSP+1618] 0x0                (size_t)
	[RSP+1620] 0x0                (size_t)
	[RSP+1628] 0x0                (size_t)
	[RSP+1630] 0x0                (size_t)
	[RSP+1638] 0x0                (size_t)
	[RSP+1640] 0x7229411300000000 (size_t)
	[RSP+1648] 0x0                (size_t)
	[RSP+1650] 0x4F0FFFFFB30      (size_t)
	[RSP+1658] 0x7FFB563B64D0     (void* -> KERNELBASE.dll+01564D0)
	[RSP+1660] 0x7A5CCED3C0       (void*)
	[RSP+1668] 0x44B860000FFF6482 (size_t)
	[RSP+1670] 0x7FFB241225C3     (size_t)
	[RSP+1678] 0x7A5CCED3C0       (void*)
	[RSP+1680] 0x0                (size_t)
	[RSP+1688] 0x0                (size_t)
	[RSP+1690] 0x0                (size_t)
	[RSP+1698] 0x0                (size_t)
	[RSP+16A0] 0x0                (size_t)
	[RSP+16A8] 0x0                (size_t)
	[RSP+16B0] 0x0                (size_t)
	[RSP+16B8] 0x0                (size_t)
	[RSP+16C0] 0x0                (size_t)
	[RSP+16C8] 0x0                (size_t)
	[RSP+16D0] 0x0                (size_t)
	[RSP+16D8] 0x0                (size_t)
	[RSP+16E0] 0x0                (size_t)
	[RSP+16E8] 0x0                (size_t)
	[RSP+16F0] 0x0                (size_t)
	[RSP+16F8] 0x0                (size_t)
	[RSP+1700] 0x0                (size_t)
	[RSP+1708] 0x0                (size_t)
	[RSP+1710] 0x0                (size_t)
	[RSP+1718] 0x0                (size_t)

MODULES:

F4SE PLUGINS:
	Buffout4.dll v1.26.2

PLUGINS:
	[00]     Fallout4.esm
	[01]     DLCRobot.esm
	[02]     DLCworkshop01.esm
	[03]     DLCCoast.esm
	[04]     DLCworkshop02.esm
	[05]     DLCworkshop03.esm
	[06]     DLCNukaWorld.esm
	[07]     Unofficial Fallout 4 Patch.esp
	[08]     StartMeUp.esp
	[09]     StartMeUpNukaWorldPatch.esp
	[FE:000] ccbgsfo4006-pipboy(chrome).esl
	[FE:001] ccfsvfo4001-modularmilitarybackpack.esl
	[FE:002] ccgcafo4003-factionws03bos.esl
	[FE:003] ccgcafo4009-factionws09mm.esl
	[FE:004] ccgcafo4018-factionas07mm.esl
	[FE:005] ccswkfo4003-pipquan.esl
	[FE:006] ccfrsfo4002-antimaterielrifle.esl
	[FE:007] ccsbjfo4001-solarflare.esl
	[FE:008] ccbgsfo4117-capmerc.esl
	[FE:009] ccgcafo4025-pagunmm.esl
	[FE:00A] StartMeUpShaunDefaultAppearance.esp
