Fallout 4 v1.10.163
Buffout 4 v1.28.3

Unhandled exception "EXCEPTION_ACCESS_VIOLATION" at 0x7FF6792238F0 Fallout4.exe+1B938F0

	[Compatibility]
		F4EE: false
	[Fixes]
		ActorIsHostileToActor: true
		CellInit: true
		CreateD3DAndSwapChain: true
		EncounterZoneReset: true
		GreyMovies: true
		MagicEffectApplyEvent: true
		MovementPlanner: true
		PackageAllocateLocation: true
		SafeExit: true
		TESObjectREFRGetEncounterZone: true
		UnalignedLoad: true
		UtilityShader: true
	[Patches]
		Achievements: true
		ArchiveLimit: true
		BSMTAManager: true
		BSPreCulledObjects: true
		BSTextureStreamerLocalHeap: false
		HavokMemorySystem: true
		INISettingCollection: true
		InputSwitch: false
		MaxStdIO: -1
		MemoryManager: true
		MemoryManagerDebug: false
		ScaleformAllocator: true
		SmallBlockAllocator: true
		WorkshopMenu: true
	[Warnings]
		CreateTexture2D: true
		ImageSpaceAdapter: true

SYSTEM SPECS:
	OS: Microsoft Windows 11 Home v10.0.22621
	CPU: AuthenticAMD AMD Ryzen 7 7745HX with Radeon Graphics        
	GPU #1: Nvidia AD107M [GeForce RTX 4060 Max-Q / Mobile]
	GPU #2: Microsoft Basic Render Driver
	PHYSICAL MEMORY: 12.42 GB/15.69 GB

PROBABLE CALL STACK:
	[ 0] 0x7FF6792238F0      Fallout4.exe+1B938F0 -> 306612+0xB0
	[ 1] 0x7FF678D7902C      Fallout4.exe+16E902C -> 1130555+0x5C
	[ 2] 0x7FF678D796D8      Fallout4.exe+16E96D8 -> 875252+0x88
	[ 3] 0x7FF678D78ACC      Fallout4.exe+16E8ACC -> 228779+0x4C
	[ 4] 0x7FF6777BA0F4      Fallout4.exe+012A0F4 -> 610272+0x1C4
	[ 5] 0x7FF6777AB7D5      Fallout4.exe+011B7D5 -> 189223+0x765
	[ 6] 0x7FF6777A7075      Fallout4.exe+0117075 -> 57137+0x455
	[ 7] 0x7FF6783C7CD4      Fallout4.exe+0D37CD4 -> 708657+0x2F4
	[ 8] 0x7FF6783CF253      Fallout4.exe+0D3F253 -> 407290+0x263
	[ 9] 0x7FF6783E35A9      Fallout4.exe+0D535A9 -> 1085735+0x29
	[10] 0x7FF8F85CA8AC f4se_1_10_163.dll+000A8AC
	[11] 0x7FF6791ACFED      Fallout4.exe+1B1CFED -> 1079791+0x3D
	[12] 0x7FF9178F26AD      KERNEL32.DLL+00126AD
	[13] 0x7FF9180CAA68         ntdll.dll+005AA68

REGISTERS:
	RAX 0x1DEE9077880      (void*)
	RCX 0x0                (size_t)
	RDX 0x9C0              (size_t)
	RBX 0x61               (size_t)
	RSP 0x32440CED50       (void*)
	RBP 0x32440CEEA0       (void*)
	RSI 0x32440CEE10       (BSResourceNiBinaryStream*)
	RDI 0x1                (size_t)
	R8  0x1                (size_t)
	R9  0x1                (size_t)
	R10 0x0                (size_t)
	R11 0x32440CF4A8       (void*)
	R12 0x1DEFE800430      (void*)
	R13 0x0                (size_t)
	R14 0x32440CF4D0       (void*)
	R15 0x1                (size_t)

STACK:
	[RSP+0   ] 0x1DEE8381BE0      (void*)
	[RSP+8   ] 0x1DEE8382050      (char*) "\"
	[RSP+10  ] 0x0                (size_t)
	[RSP+18  ] 0x0                (size_t)
	[RSP+20  ] 0x32440CF630       (void*)
	[RSP+28  ] 0x1DEFE800168      (void*)
	[RSP+30  ] 0x1DEFE800169      (void*)
	[RSP+38  ] 0x0                (size_t)
	[RSP+40  ] 0x32440CF540       (void*)
	[RSP+48  ] 0x7FF678D7902C     (void* -> Fallout4.exe+16E902C)
	[RSP+50  ] 0x32440CEEA0       (void*)
	[RSP+58  ] 0x1                (size_t)
	[RSP+60  ] 0x32440CF4D0       (void*)
	[RSP+68  ] 0x7FF9180AAB01     (void* -> ntdll.dll+003AB01)
	[RSP+70  ] 0x1DEE8381EE0      (void*)
	[RSP+78  ] 0x1DEF0D70000      (void*)
	[RSP+80  ] 0x0                (size_t)
	[RSP+88  ] 0x0                (size_t)
	[RSP+90  ] 0x0                (size_t)
	[RSP+98  ] 0x7D4024951C63     (size_t)
	[RSP+A0  ] 0x0                (size_t)
	[RSP+A8  ] 0x7FF91807E507     (void* -> ntdll.dll+000E507)
	[RSP+B0  ] 0x32440CEE50       (void*)
	[RSP+B8  ] 0x32440CF4D0       (void*)
	[RSP+C0  ] 0x7FF67A4A4278     (void* -> Fallout4.exe+2E14278)
	[RSP+C8  ] 0x0                (size_t)
	[RSP+D0  ] 0x0                (size_t)
	[RSP+D8  ] 0x0                (size_t)
	[RSP+E0  ] 0x0                (size_t)
	[RSP+E8  ] 0x0                (size_t)
	[RSP+F0  ] 0xB241EB2B01D3     (size_t)
	[RSP+F8  ] 0x0                (size_t)
	[RSP+100 ] 0x0                (size_t)
	[RSP+108 ] 0x0                (size_t)
	[RSP+110 ] 0x32440CF2E0       (char*) "."
	[RSP+118 ] 0x7FF67921F566     (void* -> Fallout4.exe+1B8F566)
	[RSP+120 ] 0x32440CF080       (void*)
	[RSP+128 ] 0x0                (size_t)
	[RSP+130 ] 0x0                (size_t)
	[RSP+138 ] 0x0                (size_t)
	[RSP+140 ] 0x7FD9341E00000030 (size_t)
	[RSP+148 ] 0xD963A39201D9B69E (size_t)
	[RSP+150 ] 0x7FDDD85801D9B69E (size_t)
	[RSP+158 ] 0x1D9B69E          (size_t)
	[RSP+160 ] 0x6B6B51F00003000  (size_t)
	[RSP+168 ] 0xE8B8D4339FBFE4A5 (size_t)
	[RSP+170 ] 0x32440CF490       (void*)
	[RSP+178 ] 0x7FF679213C57     (void* -> Fallout4.exe+1B83C57)
	[RSP+180 ] 0x1DF31A0DB9F      (void*)
	[RSP+188 ] 0xE6635C0100000014 (size_t)
	[RSP+190 ] 0x50C8             (size_t)
	[RSP+198 ] 0x1DF319CB0E0      (void*)
	[RSP+1A0 ] 0x1DF31A0D010      (void*)
	[RSP+1A8 ] 0x3440CF020        (size_t)
	[RSP+1B0 ] 0x1DF31A0D9F0      (void*)
	[RSP+1B8 ] 0x860084           (size_t)
	[RSP+1C0 ] 0x1DF31A0D9F0      (void*)
	[RSP+1C8 ] 0x1                (size_t)
	[RSP+1D0 ] 0x6D616574735C3A63 (size_t)
	[RSP+1D8 ] 0x70616D616574735C (size_t)
	[RSP+1E0 ] 0x6F6D6D6F635C7370 (size_t)
	[RSP+1E8 ] 0x756F6C6C61465C6E (size_t)
	[RSP+1F0 ] 0x415441445C342074 (size_t)
	[RSP+1F8 ] 0x5C53454853454D5C (size_t)
	[RSP+200 ] 0x747865546D696E41 (size_t)
	[RSP+208 ] 0x696E415C61746144 (size_t)
	[RSP+210 ] 0x69466E6F6974616D (size_t)
	[RSP+218 ] 0x2E5C61746144656C (size_t)
	[RSP+220 ] 0x0                (size_t)
	[RSP+228 ] 0x0                (size_t)
	[RSP+230 ] 0x0                (size_t)
	[RSP+238 ] 0xC7D7A8B4B0D09822 (size_t)
	[RSP+240 ] 0x0                (size_t)
	[RSP+248 ] 0x0                (size_t)
	[RSP+250 ] 0x0                (size_t)
	[RSP+258 ] 0x0                (size_t)
	[RSP+260 ] 0x0                (size_t)
	[RSP+268 ] 0x0                (size_t)
	[RSP+270 ] 0xA093             (size_t)
	[RSP+278 ] 0x7FF6791D3C21     (void* -> Fallout4.exe+1B43C21)
	[RSP+280 ] 0x0                (size_t)
	[RSP+288 ] 0x0                (size_t)
	[RSP+290 ] 0x0                (size_t)
	[RSP+298 ] 0x0                (size_t)
	[RSP+2A0 ] 0x32440CF150       (void*)
	[RSP+2A8 ] 0x7FF6791D3EF1     (void* -> Fallout4.exe+1B43EF1)
	[RSP+2B0 ] 0x0                (size_t)
	[RSP+2B8 ] 0x7FF67A49F340     (void* -> Fallout4.exe+2E0F340)
	[RSP+2C0 ] 0xB62EFBC5         (size_t)
	[RSP+2C8 ] 0x1DF4A8C5998      (void*)
	[RSP+2D0 ] 0x7FF67D277DF0     (void* -> Fallout4.exe+5BE7DF0)
	[RSP+2D8 ] 0x7FF6791D9A5F     (void* -> Fallout4.exe+1B49A5F)
	[RSP+2E0 ] 0x7FF67D277DF0     (void* -> Fallout4.exe+5BE7DF0)
	[RSP+2E8 ] 0x32440CF110       (void*)
	[RSP+2F0 ] 0x32440CF110       (void*)
	[RSP+2F8 ] 0x1DEFE800430      (void*)
	[RSP+300 ] 0x1DEFE800169      (void*)
	[RSP+308 ] 0x0                (size_t)
	[RSP+310 ] 0x1DEF8356C68      (char*) "DATA\MESHES\AnimTextData\AnimationFileData\."
	[RSP+318 ] 0x1DEF839BD20      (BSResource::LooseFileLocation*)
	[RSP+320 ] 0x32440CF4D0       (void*)
	[RSP+328 ] 0x7FF67921442D     (void* -> Fallout4.exe+1B8442D)
	[RSP+330 ] 0x3200000000       (size_t)
	[RSP+338 ] 0x1DEF839BD20      (BSResource::LooseFileLocation*)
	[RSP+340 ] 0x1DEF8356C68      (char*) "DATA\MESHES\AnimTextData\AnimationFileData\."
	[RSP+348 ] 0x32440CF4D0       (void*)
	[RSP+350 ] 0x32440CF490       (void*)
	[RSP+358 ] 0x1DF4A8C5900      (void*)
	[RSP+360 ] 0x53454D5C41544144 (size_t)
	[RSP+368 ] 0x6D696E415C534548 (size_t)
	[RSP+370 ] 0x6174614474786554 (size_t)
	[RSP+378 ] 0x6974616D696E415C (size_t)
	[RSP+380 ] 0x6144656C69466E6F (size_t)
	[RSP+388 ] 0x100005C6174      (size_t)
	[RSP+390 ] 0x7FF67D1F7580     (void* -> Fallout4.exe+5B67580)
	[RSP+398 ] 0x1DEF839BC78      (char*) "DATA\"
	[RSP+3A0 ] 0x1DF4A8C5988      (void*)
	[RSP+3A8 ] 0x7FF6792173EE     (void* -> Fallout4.exe+1B873EE)
	[RSP+3B0 ] 0x1DF4A8C5970      (void*)
	[RSP+3B8 ] 0x11010B5C66063BCA (size_t)
	[RSP+3C0 ] 0x0                (size_t)
	[RSP+3C8 ] 0x7FF9180ABE60     (void* -> ntdll.dll+003BE60)
	[RSP+3D0 ] 0xD70DD2EEA00AE201 (size_t)
	[RSP+3D8 ] 0x0                (size_t)
	[RSP+3E0 ] 0xD06016F7A7672601 (size_t)
	[RSP+3E8 ] 0x3E6E77DB4969474D (size_t)
	[RSP+3F0 ] 0xD9D65ADC00000001 (size_t)
	[RSP+3F8 ] 0xFFFFFFFFFFFFFFFF (size_t)
	[RSP+400 ] 0x6D616574735C3A63 (size_t)
	[RSP+408 ] 0x70616D616574735C (size_t)
	[RSP+410 ] 0xD567             (size_t)
	[RSP+418 ] 0x7FF6791D3C21     (void* -> Fallout4.exe+1B43C21)
	[RSP+420 ] 0x415441445C342074 (size_t)
	[RSP+428 ] 0x74756F6C6C61465C (size_t)
	[RSP+430 ] 0x6873654D202D2034 (size_t)
	[RSP+438 ] 0x2A003261622E7365 (size_t)
	[RSP+440 ] 0x1DF321D6FE0      (char*) "Meshes\SetDressing\MonoRailStation\MonorailStationSupport01.nif"
	[RSP+448 ] 0x7FF6791D3EF1     (void* -> Fallout4.exe+1B43EF1)
	[RSP+450 ] 0x0                (size_t)
	[RSP+458 ] 0x7FF67A49F340     (void* -> Fallout4.exe+2E0F340)
	[RSP+460 ] 0x0                (size_t)
	[RSP+468 ] 0x1DEF8356C93      (char*) "."
	[RSP+470 ] 0x1DEF8356C94      (void*)
	[RSP+478 ] 0x1                (size_t)
	[RSP+480 ] 0x53454D5C41544144 (size_t)
	[RSP+488 ] 0x6D696E415C534548 (size_t)
	[RSP+490 ] 0x6174614474786554 (size_t)
	[RSP+498 ] 0x6974616D696E415C (size_t)
	[RSP+4A0 ] 0x6144656C69466E6F (size_t)
	[RSP+4A8 ] 0x7FF8005C6174     (size_t)
	[RSP+4B0 ] 0x1                (size_t)
	[RSP+4B8 ] 0x7FF8845063BC     (void* -> Buffout4.dll+00563BC)
	[RSP+4C0 ] 0x1A000            (size_t)
	[RSP+4C8 ] 0x7FF8847C9AE0     (void* -> Buffout4.dll+0319AE0)
	[RSP+4D0 ] 0x1DF52C20040      (void*)
	[RSP+4D8 ] 0x0                (size_t)
	[RSP+4E0 ] 0x1A000            (size_t)
	[RSP+4E8 ] 0x0                (size_t)
	[RSP+4F0 ] 0x0                (size_t)
	[RSP+4F8 ] 0x7FF8847C9B10     (void* -> Buffout4.dll+0319B10)
	[RSP+500 ] 0x0                (size_t)
	[RSP+508 ] 0x7FF8847C9AE0     (void* -> Buffout4.dll+0319AE0)
	[RSP+510 ] 0xC                (size_t)
	[RSP+518 ] 0x1A000            (size_t)
	[RSP+520 ] 0x1                (size_t)
	[RSP+528 ] 0x0                (size_t)
	[RSP+530 ] 0x7FF8847C9AE0     (void* -> Buffout4.dll+0319AE0)
	[RSP+538 ] 0x7FF88450571B     (void* -> Buffout4.dll+005571B)
	[RSP+540 ] 0x1DF52C20040      (void*)
	[RSP+548 ] 0x1DF52A70000      (void*)
	[RSP+550 ] 0x0                (size_t)
	[RSP+558 ] 0x2E00             (size_t)
	[RSP+560 ] 0x0                (size_t)
	[RSP+568 ] 0x7FF8847C9AE0     (void* -> Buffout4.dll+0319AE0)
	[RSP+570 ] 0x1A000            (size_t)
	[RSP+578 ] 0x7FF884505F6C     (void* -> Buffout4.dll+0055F6C)
	[RSP+580 ] 0x2                (size_t)
	[RSP+588 ] 0x2EA7             (size_t)
	[RSP+590 ] 0x2E               (size_t)
	[RSP+598 ] 0x7FF884502F89     (void* -> Buffout4.dll+0052F89)
	[RSP+5A0 ] 0x18000            (size_t)
	[RSP+5A8 ] 0x7FF8847C9A00     (void* -> Buffout4.dll+0319A00)
	[RSP+5B0 ] 0x32440CF380       (void*)
	[RSP+5B8 ] 0x0                (size_t)
	[RSP+5C0 ] 0x1DF00000002      (void*)
	[RSP+5C8 ] 0x7FF6791D2FE8     (void* -> Fallout4.exe+1B42FE8)
	[RSP+5D0 ] 0x32440CF388       (void*)
	[RSP+5D8 ] 0x1A000            (size_t)
	[RSP+5E0 ] 0x0                (size_t)
	[RSP+5E8 ] 0x7FF8847CFC20     (void* -> Buffout4.dll+031FC20)
	[RSP+5F0 ] 0x1DEF82D6780      (void*)
	[RSP+5F8 ] 0x0                (size_t)
	[RSP+600 ] 0x40               (size_t)
	[RSP+608 ] 0x1A000            (size_t)
	[RSP+610 ] 0x7FF8847C9AE0     (void* -> Buffout4.dll+0319AE0)
	[RSP+618 ] 0x7FF8847C9AD0     (void* -> Buffout4.dll+0319AD0)
	[RSP+620 ] 0x41700000009      (size_t)
	[RSP+628 ] 0x7FF8844FB70C     (void* -> Buffout4.dll+004B70C)
	[RSP+630 ] 0x1DF34C97E60      (void*)
	[RSP+638 ] 0x7FF6791D2FE8     (void* -> Fallout4.exe+1B42FE8)
	[RSP+640 ] 0x1A000            (size_t)
	[RSP+648 ] 0x7FF8847C9A01     (void* -> Buffout4.dll+0319A01)
	[RSP+650 ] 0x41700000009      (size_t)
	[RSP+658 ] 0x7FF8844FBDDE     (void* -> Buffout4.dll+004BDDE)
	[RSP+660 ] 0x5629553C         (size_t)
	[RSP+668 ] 0x1DF34C97E48      (void*)
	[RSP+670 ] 0x7FF67D297C40     (void* -> Fallout4.exe+5C07C40)
	[RSP+678 ] 0x1DF34C97E60      (void*)
	[RSP+680 ] 0x32440CF501       (void*)
	[RSP+688 ] 0x7FF6791D1F2C     (void* -> Fallout4.exe+1B41F2C)
	[RSP+690 ] 0x18000            (size_t)
	[RSP+698 ] 0x1DF488824E8      (void*)
	[RSP+6A0 ] 0x61               (size_t)
	[RSP+6A8 ] 0x7FF679201B93     (void* -> Fallout4.exe+1B71B93)
	[RSP+6B0 ] 0x32440CF4D0       (void*)
	[RSP+6B8 ] 0x1DF34C97D00      (void*)
	[RSP+6C0 ] 0x32440CF500       (void*)
	[RSP+6C8 ] 0x1DF52C322B8      (void*)
	[RSP+6D0 ] 0x0                (size_t)
	[RSP+6D8 ] 0x0                (size_t)
	[RSP+6E0 ] 0x1DF34C97D00      (void*)
	[RSP+6E8 ] 0x7FF679208116     (void* -> Fallout4.exe+1B78116)
	[RSP+6F0 ] 0x1                (size_t)
	[RSP+6F8 ] 0x32440CF630       (void*)
	[RSP+700 ] 0x32440CF4D8       (void*)
	[RSP+708 ] 0x1DF34C97D00      (void*)
	[RSP+710 ] 0x32440CF540       (void*)
	[RSP+718 ] 0x32440CF4D0       (void*)
	[RSP+720 ] 0x1                (size_t)
	[RSP+728 ] 0x7FF679201FDB     (void* -> Fallout4.exe+1B71FDB)
	[RSP+730 ] 0x1DEFE800168      (void*)
	[RSP+738 ] 0x1                (size_t)
	[RSP+740 ] 0x9A3C16E9         (size_t)
	[RSP+748 ] 0x32440CF540       (void*)
	[RSP+750 ] 0x0                (size_t)
	[RSP+758 ] 0x7FF678D796D8     (void* -> Fallout4.exe+16E96D8)
	[RSP+760 ] 0x1                (size_t)
	[RSP+768 ] 0x0                (size_t)
	[RSP+770 ] 0x32440CF540       (void*)
	[RSP+778 ] 0x9A3C16E9         (size_t)
	[RSP+780 ] 0x0                (size_t)
	[RSP+788 ] 0x0                (size_t)
	[RSP+790 ] 0x1DF9A3C16E9      (size_t)
	[RSP+798 ] 0x0                (size_t)
	[RSP+7A0 ] 0x1DE9A3C16E9      (char*) "te."
	[RSP+7A8 ] 0x32440CF4F0       (void*)
	[RSP+7B0 ] 0x7FF67CF5ECA0     (void* -> Fallout4.exe+58CECA0)
	[RSP+7B8 ] 0x7FF678D78ACC     (void* -> Fallout4.exe+16E8ACC)
	[RSP+7C0 ] 0x7FF67D193170     (`anonymous namespace'::AnimationFileLookupSingletonHelper*)
	[RSP+7C8 ] 0x7FF67D192560     (void* -> Fallout4.exe+5B02560)
	[RSP+7D0 ] 0x1DF3A0E5B68      (void*)
	[RSP+7D8 ] 0x1DF34C97D00      (void*)
	[RSP+7E0 ] 0x0                (size_t)
	[RSP+7E8 ] 0x1DE9A3C16E9      (char*) "te."
	[RSP+7F0 ] 0x7FF67D192970     (void* -> Fallout4.exe+5B02970)
	[RSP+7F8 ] 0x7FF67D193170     (`anonymous namespace'::AnimationFileLookupSingletonHelper*)
	[RSP+800 ] 0x1DF3A0E5B48      (void*)
	[RSP+808 ] 0x7FF6777BA0F4     (void* -> Fallout4.exe+012A0F4)
	[RSP+810 ] 0x0                (size_t)
	[RSP+818 ] 0x1DF3A0E5B40      (void*)
	[RSP+820 ] 0x1DF3A0E5B68      (void*)
	[RSP+828 ] 0x7FF600000000     (size_t)
	[RSP+830 ] 0x7FF67D192850     (void* -> Fallout4.exe+5B02850)
	[RSP+838 ] 0x7FF67D192848     (void* -> Fallout4.exe+5B02848)
	[RSP+840 ] 0x1F               (size_t)
	[RSP+848 ] 0x7FF6777B2480     (void* -> Fallout4.exe+0122480)
	[RSP+850 ] 0x0                (size_t)
	[RSP+858 ] 0x0                (size_t)
	[RSP+860 ] 0x1DEF82E23E0      (void*)
	[RSP+868 ] 0x7FF640000000     (size_t)
	[RSP+870 ] 0x7FF67CF60D00     (void* -> Fallout4.exe+58D0D00)
	[RSP+878 ] 0x7FF67D192560     (void* -> Fallout4.exe+5B02560)
	[RSP+880 ] 0x0                (size_t)
	[RSP+888 ] 0x1DEFE800430      (void*)
	[RSP+890 ] 0x0                (size_t)
	[RSP+898 ] 0x7FF6777AB7D5     (void* -> Fallout4.exe+011B7D5)
	[RSP+8A0 ] 0x1                (size_t)
	[RSP+8A8 ] 0x32440CF630       (void*)
	[RSP+8B0 ] 0x1DF3A0E5B48      (void*)
	[RSP+8B8 ] 0x7FF67CF60D00     (void* -> Fallout4.exe+58D0D00)
	[RSP+8C0 ] 0x1DF39A97470      (void*)
	[RSP+8C8 ] 0x2                (size_t)
	[RSP+8D0 ] 0x1DF39AA7C00      (void*)
	[RSP+8D8 ] 0x7FF6777A7075     (void* -> Fallout4.exe+0117075)
	[RSP+8E0 ] 0x7FF67D16FF00     (void* -> Fallout4.exe+5ADFF00)
	[RSP+8E8 ] 0x1DF39A97470      (void*)
	[RSP+8F0 ] 0x7FF67CF60B00     (void* -> Fallout4.exe+58D0B00)
	[RSP+8F8 ] 0x2                (size_t)
	[RSP+900 ] 0x7FF67A2D96C8     (void* -> Fallout4.exe+2C496C8)
	[RSP+908 ] 0x7FF67CF61AD8     (void* -> Fallout4.exe+58D1AD8)
	[RSP+910 ] 0x7FF67CF60B00     (void* -> Fallout4.exe+58D0B00)
	[RSP+918 ] 0x32440CF6C0       (void*)
	[RSP+920 ] 0x66               (size_t)
	[RSP+928 ] 0x9C0              (size_t)
	[RSP+930 ] 0x1DEF83B2800      (SceneGraph*)
		Name: "WorldRoot Node"
	[RSP+938 ] 0x0                (size_t)
	[RSP+940 ] 0x0                (size_t)
	[RSP+948 ] 0x1DEFE7FFA00      (void*)
	[RSP+950 ] 0x7FF67AE1E400     (void* -> Fallout4.exe+378E400)
	[RSP+958 ] 0x1DEF84BCCC0      (NiNode*)
		Name: "ObjectLODRoot"
	[RSP+960 ] 0x7FF67AE1E400     (void* -> Fallout4.exe+378E400)
	[RSP+968 ] 0x7FF6783C7CD4     (void* -> Fallout4.exe+0D37CD4)
	[RSP+970 ] 0x7FF600200000     (size_t)
	[RSP+978 ] 0x1DF39A9E000      (void*)
	[RSP+980 ] 0x7FF600000002     (size_t)
	[RSP+988 ] 0x1DEFE800430      (void*)
	[RSP+990 ] 0x0                (size_t)
	[RSP+998 ] 0x1DEF84BCF40      (NiNode*)
		Name: "WaterLOD"
	[RSP+9A0 ] 0x0                (size_t)
	[RSP+9A8 ] 0x0                (size_t)
	[RSP+9B0 ] 0x80000            (size_t)
	[RSP+9B8 ] 0x7FF600000000     (size_t)
	[RSP+9C0 ] 0x0                (size_t)
	[RSP+9C8 ] 0x0                (size_t)
	[RSP+9D0 ] 0x0                (size_t)
	[RSP+9D8 ] 0x0                (size_t)
	[RSP+9E0 ] 0x7FF67D16D640     (GameScript::PathingCallbackMgr*)
	[RSP+9E8 ] 0x7FF6791A0DBA     (void* -> Fallout4.exe+1B10DBA)
	[RSP+9F0 ] 0x7FF67D135178     (void* -> Fallout4.exe+5AA5178)
	[RSP+9F8 ] 0x7FF67D135168     (void* -> Fallout4.exe+5AA5168)
	[RSP+A00 ] 0x0                (size_t)
	[RSP+A08 ] 0x0                (size_t)
	[RSP+A10 ] 0x0                (size_t)
	[RSP+A18 ] 0x0                (size_t)
	[RSP+A20 ] 0x7FF67D135160     (void* -> Fallout4.exe+5AA5160)
	[RSP+A28 ] 0x7FF6789D1B9B     (void* -> Fallout4.exe+1341B9B)
	[RSP+A30 ] 0x7FF67D135160     (void* -> Fallout4.exe+5AA5160)
	[RSP+A38 ] 0x0                (size_t)
	[RSP+A40 ] 0x1DEFE800430      (void*)
	[RSP+A48 ] 0x1DF35CED3C0      (void*)
	[RSP+A50 ] 0x519C             (size_t)
	[RSP+A58 ] 0x7FF8844FBDDE     (void* -> Buffout4.dll+004BDDE)
	[RSP+A60 ] 0x0                (size_t)
	[RSP+A68 ] 0x519C             (size_t)
	[RSP+A70 ] 0x7FF67A2DA948     (void* -> Fallout4.exe+2C4A948)
	[RSP+A78 ] 0x7FF67D135168     (void* -> Fallout4.exe+5AA5168)
	[RSP+A80 ] 0x7FF67D16D640     (GameScript::PathingCallbackMgr*)
	[RSP+A88 ] 0x7FF6789CFDE6     (void* -> Fallout4.exe+133FDE6)
	[RSP+A90 ] 0x0                (size_t)
	[RSP+A98 ] 0x1DEFE800430      (void*)
	[RSP+AA0 ] 0x2                (size_t)
	[RSP+AA8 ] 0x0                (size_t)
	[RSP+AB0 ] 0x1DEFE800430      (void*)
	[RSP+AB8 ] 0x7FF678A01DAA     (void* -> Fallout4.exe+1371DAA)
	[RSP+AC0 ] 0x2                (size_t)
	[RSP+AC8 ] 0x0                (size_t)
	[RSP+AD0 ] 0x0                (size_t)
	[RSP+AD8 ] 0x0                (size_t)
	[RSP+AE0 ] 0x0                (size_t)
	[RSP+AE8 ] 0x7FF6783CF253     (void* -> Fallout4.exe+0D3F253)
	[RSP+AF0 ] 0x2                (size_t)
	[RSP+AF8 ] 0x0                (size_t)
	[RSP+B00 ] 0x0                (size_t)
	[RSP+B08 ] 0x1DEFE800430      (void*)
	[RSP+B10 ] 0x0                (size_t)
	[RSP+B18 ] 0x7FF6783E35A9     (void* -> Fallout4.exe+0D535A9)
	[RSP+B20 ] 0x1DEDEB73A00      (`anonymous namespace'::InitGameDataThread*)
	[RSP+B28 ] 0x0                (size_t)
	[RSP+B30 ] 0x0                (size_t)
	[RSP+B38 ] 0x0                (size_t)
	[RSP+B40 ] 0x1DEDEB73A00      (`anonymous namespace'::InitGameDataThread*)
	[RSP+B48 ] 0x7FF8F85CA8AC     (void* -> f4se_1_10_163.dll+000A8AC)
	[RSP+B50 ] 0x0                (size_t)
	[RSP+B58 ] 0x0                (size_t)
	[RSP+B60 ] 0x0                (size_t)
	[RSP+B68 ] 0x0                (size_t)
	[RSP+B70 ] 0x0                (size_t)
	[RSP+B78 ] 0x0                (size_t)
	[RSP+B80 ] 0x1DEDEB73A00      (`anonymous namespace'::InitGameDataThread*)
	[RSP+B88 ] 0x0                (size_t)
	[RSP+B90 ] 0x0                (size_t)
	[RSP+B98 ] 0x7FF6791ACFED     (void* -> Fallout4.exe+1B1CFED)
	[RSP+BA0 ] 0x0                (size_t)
	[RSP+BA8 ] 0x32440CF910       (void*)
	[RSP+BB0 ] 0x1DEF839BC90      (void*)
	[RSP+BB8 ] 0x0                (size_t)
	[RSP+BC0 ] 0x1DEDEB73A00      (`anonymous namespace'::InitGameDataThread*)
	[RSP+BC8 ] 0x0                (size_t)
	[RSP+BD0 ] 0x0                (size_t)
	[RSP+BD8 ] 0x7FF9178F26AD     (void* -> KERNEL32.DLL+00126AD)
	[RSP+BE0 ] 0x0                (size_t)
	[RSP+BE8 ] 0x0                (size_t)
	[RSP+BF0 ] 0x0                (size_t)
	[RSP+BF8 ] 0x0                (size_t)
	[RSP+C00 ] 0x0                (size_t)
	[RSP+C08 ] 0x7FF9180CAA68     (void* -> ntdll.dll+005AA68)
	[RSP+C10 ] 0x0                (size_t)
	[RSP+C18 ] 0x0                (size_t)
	[RSP+C20 ] 0x0                (size_t)
	[RSP+C28 ] 0x0                (size_t)
	[RSP+C30 ] 0x0                (size_t)
	[RSP+C38 ] 0x0                (size_t)
	[RSP+C40 ] 0x3B5C07C100000000 (size_t)
	[RSP+C48 ] 0x0                (size_t)
	[RSP+C50 ] 0x4F0FFFFFB30      (size_t)
	[RSP+C58 ] 0x7FF91580BB40     (void* -> KERNELBASE.dll+015BB40)
	[RSP+C60 ] 0x32440CD840       (void*)
	[RSP+C68 ] 0x80003FFC976E5E40 (size_t)
	[RSP+C70 ] 0x7FF92EDCBC81     (size_t)
	[RSP+C78 ] 0x32440CD840       (void*)
	[RSP+C80 ] 0x0                (size_t)
	[RSP+C88 ] 0x0                (size_t)
	[RSP+C90 ] 0x0                (size_t)
	[RSP+C98 ] 0x0                (size_t)
	[RSP+CA0 ] 0x0                (size_t)
	[RSP+CA8 ] 0x0                (size_t)
	[RSP+CB0 ] 0x0                (size_t)
	[RSP+CB8 ] 0x0                (size_t)
	[RSP+CC0 ] 0x0                (size_t)
	[RSP+CC8 ] 0x0                (size_t)
	[RSP+CD0 ] 0x0                (size_t)
	[RSP+CD8 ] 0x0                (size_t)
	[RSP+CE0 ] 0x0                (size_t)
	[RSP+CE8 ] 0x0                (size_t)
	[RSP+CF0 ] 0x0                (size_t)
	[RSP+CF8 ] 0x0                (size_t)
	[RSP+D00 ] 0x0                (size_t)
	[RSP+D08 ] 0x0                (size_t)
	[RSP+D10 ] 0x0                (size_t)
	[RSP+D18 ] 0x0                (size_t)
	[RSP+D20 ] 0x0                (size_t)
	[RSP+D28 ] 0x0                (size_t)
	[RSP+D30 ] 0x0                (size_t)
	[RSP+D38 ] 0x0                (size_t)
	[RSP+D40 ] 0x0                (size_t)
	[RSP+D48 ] 0x0                (size_t)
	[RSP+D50 ] 0x0                (size_t)
	[RSP+D58 ] 0x0                (size_t)
	[RSP+D60 ] 0x0                (size_t)
	[RSP+D68 ] 0x0                (size_t)
	[RSP+D70 ] 0x0                (size_t)
	[RSP+D78 ] 0x0                (size_t)
	[RSP+D80 ] 0x0                (size_t)
	[RSP+D88 ] 0x0                (size_t)
	[RSP+D90 ] 0x0                (size_t)
	[RSP+D98 ] 0x0                (size_t)
	[RSP+DA0 ] 0x0                (size_t)
	[RSP+DA8 ] 0x0                (size_t)
	[RSP+DB0 ] 0x0                (size_t)
	[RSP+DB8 ] 0x0                (size_t)
	[RSP+DC0 ] 0x0                (size_t)
	[RSP+DC8 ] 0x0                (size_t)
	[RSP+DD0 ] 0x0                (size_t)
	[RSP+DD8 ] 0x0                (size_t)
	[RSP+DE0 ] 0x0                (size_t)
	[RSP+DE8 ] 0x0                (size_t)
	[RSP+DF0 ] 0x0                (size_t)
	[RSP+DF8 ] 0x0                (size_t)
	[RSP+E00 ] 0x0                (size_t)
	[RSP+E08 ] 0x0                (size_t)
	[RSP+E10 ] 0x0                (size_t)
	[RSP+E18 ] 0x0                (size_t)
	[RSP+E20 ] 0x0                (size_t)
	[RSP+E28 ] 0x0                (size_t)
	[RSP+E30 ] 0x0                (size_t)
	[RSP+E38 ] 0x0                (size_t)
	[RSP+E40 ] 0x0                (size_t)
	[RSP+E48 ] 0x0                (size_t)
	[RSP+E50 ] 0x0                (size_t)
	[RSP+E58 ] 0x0                (size_t)
	[RSP+E60 ] 0x0                (size_t)
	[RSP+E68 ] 0x0                (size_t)
	[RSP+E70 ] 0x0                (size_t)
	[RSP+E78 ] 0x0                (size_t)
	[RSP+E80 ] 0x0                (size_t)
	[RSP+E88 ] 0x0                (size_t)
	[RSP+E90 ] 0x0                (size_t)
	[RSP+E98 ] 0x0                (size_t)
	[RSP+EA0 ] 0x0                (size_t)
	[RSP+EA8 ] 0x0                (size_t)
	[RSP+EB0 ] 0x0                (size_t)
	[RSP+EB8 ] 0x0                (size_t)
	[RSP+EC0 ] 0x0                (size_t)
	[RSP+EC8 ] 0x0                (size_t)
	[RSP+ED0 ] 0x0                (size_t)
	[RSP+ED8 ] 0x0                (size_t)
	[RSP+EE0 ] 0x0                (size_t)
	[RSP+EE8 ] 0x0                (size_t)
	[RSP+EF0 ] 0x0                (size_t)
	[RSP+EF8 ] 0x0                (size_t)
	[RSP+F00 ] 0x0                (size_t)
	[RSP+F08 ] 0x0                (size_t)
	[RSP+F10 ] 0x0                (size_t)
	[RSP+F18 ] 0x0                (size_t)
	[RSP+F20 ] 0x0                (size_t)
	[RSP+F28 ] 0x0                (size_t)
	[RSP+F30 ] 0x0                (size_t)
	[RSP+F38 ] 0x0                (size_t)
	[RSP+F40 ] 0x0                (size_t)
	[RSP+F48 ] 0x0                (size_t)
	[RSP+F50 ] 0x0                (size_t)
	[RSP+F58 ] 0x0                (size_t)
	[RSP+F60 ] 0x0                (size_t)
	[RSP+F68 ] 0x0                (size_t)
	[RSP+F70 ] 0x0                (size_t)
	[RSP+F78 ] 0x0                (size_t)
	[RSP+F80 ] 0x0                (size_t)
	[RSP+F88 ] 0x0                (size_t)
	[RSP+F90 ] 0x0                (size_t)
	[RSP+F98 ] 0x0                (size_t)
	[RSP+FA0 ] 0x0                (size_t)
	[RSP+FA8 ] 0x0                (size_t)
	[RSP+FB0 ] 0x0                (size_t)
	[RSP+FB8 ] 0x0                (size_t)
	[RSP+FC0 ] 0x0                (size_t)
	[RSP+FC8 ] 0x0                (size_t)
	[RSP+FD0 ] 0x0                (size_t)
	[RSP+FD8 ] 0x0                (size_t)
	[RSP+FE0 ] 0x0                (size_t)
	[RSP+FE8 ] 0x0                (size_t)
	[RSP+FF0 ] 0x0                (size_t)
	[RSP+FF8 ] 0x0                (size_t)
	[RSP+1000] 0x0                (size_t)
	[RSP+1008] 0x0                (size_t)
	[RSP+1010] 0x0                (size_t)
	[RSP+1018] 0x0                (size_t)
	[RSP+1020] 0x0                (size_t)
	[RSP+1028] 0x0                (size_t)
	[RSP+1030] 0x0                (size_t)
	[RSP+1038] 0x0                (size_t)
	[RSP+1040] 0x0                (size_t)
	[RSP+1048] 0x0                (size_t)
	[RSP+1050] 0x0                (size_t)
	[RSP+1058] 0x0                (size_t)
	[RSP+1060] 0x0                (size_t)
	[RSP+1068] 0x0                (size_t)
	[RSP+1070] 0x0                (size_t)
	[RSP+1078] 0x0                (size_t)
	[RSP+1080] 0x0                (size_t)
	[RSP+1088] 0x0                (size_t)
	[RSP+1090] 0x0                (size_t)
	[RSP+1098] 0x0                (size_t)
	[RSP+10A0] 0x0                (size_t)
	[RSP+10A8] 0x0                (size_t)
	[RSP+10B0] 0x0                (size_t)
	[RSP+10B8] 0x0                (size_t)
	[RSP+10C0] 0x0                (size_t)
	[RSP+10C8] 0x0                (size_t)
	[RSP+10D0] 0x0                (size_t)
	[RSP+10D8] 0x0                (size_t)
	[RSP+10E0] 0x0                (size_t)
	[RSP+10E8] 0x0                (size_t)
	[RSP+10F0] 0x0                (size_t)
	[RSP+10F8] 0x0                (size_t)
	[RSP+1100] 0x0                (size_t)
	[RSP+1108] 0x0                (size_t)
	[RSP+1110] 0x0                (size_t)
	[RSP+1118] 0x0                (size_t)
	[RSP+1120] 0x0                (size_t)
	[RSP+1128] 0x0                (size_t)
	[RSP+1130] 0x0                (size_t)
	[RSP+1138] 0x0                (size_t)
	[RSP+1140] 0x0                (size_t)
	[RSP+1148] 0x0                (size_t)
	[RSP+1150] 0x0                (size_t)
	[RSP+1158] 0x0                (size_t)
	[RSP+1160] 0x0                (size_t)
	[RSP+1168] 0x0                (size_t)
	[RSP+1170] 0x0                (size_t)
	[RSP+1178] 0x0                (size_t)
	[RSP+1180] 0x0                (size_t)
	[RSP+1188] 0x0                (size_t)
	[RSP+1190] 0x0                (size_t)
	[RSP+1198] 0x0                (size_t)
	[RSP+11A0] 0x0                (size_t)
	[RSP+11A8] 0x0                (size_t)
	[RSP+11B0] 0x0                (size_t)
	[RSP+11B8] 0x0                (size_t)
	[RSP+11C0] 0x0                (size_t)
	[RSP+11C8] 0x0                (size_t)
	[RSP+11D0] 0x0                (size_t)
	[RSP+11D8] 0x0                (size_t)
	[RSP+11E0] 0x0                (size_t)
	[RSP+11E8] 0x0                (size_t)
	[RSP+11F0] 0x0                (size_t)
	[RSP+11F8] 0x0                (size_t)
	[RSP+1200] 0x0                (size_t)
	[RSP+1208] 0x0                (size_t)
	[RSP+1210] 0x0                (size_t)
	[RSP+1218] 0x0                (size_t)
	[RSP+1220] 0x0                (size_t)
	[RSP+1228] 0x0                (size_t)
	[RSP+1230] 0x0                (size_t)
	[RSP+1238] 0x0                (size_t)
	[RSP+1240] 0x0                (size_t)
	[RSP+1248] 0x0                (size_t)
	[RSP+1250] 0x0                (size_t)
	[RSP+1258] 0x0                (size_t)
	[RSP+1260] 0x0                (size_t)
	[RSP+1268] 0x0                (size_t)
	[RSP+1270] 0x0                (size_t)
	[RSP+1278] 0x0                (size_t)
	[RSP+1280] 0x0                (size_t)
	[RSP+1288] 0x0                (size_t)
	[RSP+1290] 0x0                (size_t)
	[RSP+1298] 0x0                (size_t)
	[RSP+12A0] 0x0                (size_t)
	[RSP+12A8] 0x0                (size_t)

MODULES:
	XINPUT1_3.dll                 0x000000400000
	steam_api64.dll               0x000068790000
	X3DAudio1_7.dll               0x0000689B0000
	NSI.dll                       0x01DEF2C80000
	BakaScrapHeap.dll             0x01DEF51A0000
	Fallout4.exe                  0x7FF677690000
	Buffout4.dll                  0x7FF8844B0000
	steamclient64.dll             0x7FF884F70000
	gameoverlayrenderer64.dll     0x7FF894B70000
	OPENGL32.dll                  0x7FF8A50C0000
	medal-hook64.dll              0x7FF8A6920000
	nvspcap64.dll                 0x7FF8BFF60000
	ResampleDmo.DLL               0x7FF8C09E0000
	DSOUND.DLL                    0x7FF8C0AA0000
	msdmo.dll                     0x7FF8C1F60000
	d3d12.dll                     0x7FF8D99E0000
	XAudio2_7.dll                 0x7FF8E3BA0000
	MessageBus.dll                0x7FF8EA070000
	HighFPSPhysicsFix.dll         0x7FF8ECC30000
	textinputframework.dll        0x7FF8EF270000
	Windows.UI.dll                0x7FF8F12B0000
	Secur32.dll                   0x7FF8F57C0000
	MSVCP140.dll                  0x7FF8F6BC0000
	comctl32.dll                  0x7FF8F74D0000
	GLU32.dll                     0x7FF8F84C0000
	f4se_1_10_163.dll             0x7FF8F85C0000
	AUDIOSES.DLL                  0x7FF8F8C20000
	nvwgf2umx.dll                 0x7FF8F9DF0000
	nvapi64.dll                   0x7FF8FFD50000
	VCRUNTIME140.dll              0x7FF901A80000
	OneCoreCommonProxyStub.dll    0x7FF903B10000
	winmmbase.dll                 0x7FF905AA0000
	MMDevApi.dll                  0x7FF9084F0000
	nvldumdx.dll                  0x7FF908D50000
	dbghelp.dll                   0x7FF908E10000
	drvstore.dll                  0x7FF909790000
	OneCoreUAPCommonProxyStub.dll 0x7FF909BA0000
	cryptnet.dll                  0x7FF90A730000
	VERSION.dll                   0x7FF90A770000
	tier0_s64.dll                 0x7FF90BEA0000
	vstdlib_s64.dll               0x7FF90C040000
	f4se_steam_loader.dll         0x7FF90C100000
	cudart64_75.dll               0x7FF90C140000
	GFSDK_GodraysLib.x64.dll      0x7FF90C1A0000
	GFSDK_SSAO_D3D11.win64.dll    0x7FF90C200000
	flexRelease_x64.dll           0x7FF90C470000
	MSVCR110.dll                  0x7FF90C5C0000
	flexExtRelease_x64.dll        0x7FF90C970000
	MSVCP110.dll                  0x7FF90CA40000
	bink2w64.dll                  0x7FF90CAF0000
	dhcpcsvc.DLL                  0x7FF90DBB0000
	CoreUIComponents.dll          0x7FF90DBF0000
	WINMM.dll                     0x7FF90DF60000
	WINHTTP.dll                   0x7FF90E420000
	directxdatabasehelper.dll     0x7FF90E650000
	avrt.dll                      0x7FF90E990000
	VCRUNTIME140_1.dll            0x7FF90FDC0000
	d3d11.dll                     0x7FF9112A0000
	dcomp.dll                     0x7FF911530000
	CoreMessaging.dll             0x7FF911BD0000
	nvToolsExt64_1.dll            0x7FF911F80000
	apphelp.dll                   0x7FF912510000
	uxtheme.dll                   0x7FF912950000
	dxgi.dll                      0x7FF912AC0000
	dwmapi.dll                    0x7FF912BD0000
	dxcore.dll                    0x7FF912C40000
	resourcepolicyclient.dll      0x7FF912EE0000
	wintypes.dll                  0x7FF9132E0000
	windows.storage.dll           0x7FF913420000
	HID.DLL                       0x7FF913CF0000
	IPHLPAPI.DLL                  0x7FF913FC0000
	UMPDC.dll                     0x7FF914310000
	powrprof.dll                  0x7FF914330000
	rsaenh.dll                    0x7FF9144D0000
	kernel.appcore.dll            0x7FF914510000
	ntmarta.dll                   0x7FF914580000
	SSPICLI.DLL                   0x7FF9147D0000
	MSWSOCK.dll                   0x7FF9149E0000
	CRYPTSP.dll                   0x7FF914C60000
	CRYPTBASE.DLL                 0x7FF914C80000
	wldp.dll                      0x7FF914D30000
	bcrypt.dll                    0x7FF914E20000
	msasn1.dll                    0x7FF915110000
	devobj.dll                    0x7FF915130000
	cfgmgr32.dll                  0x7FF915160000
	profapi.dll                   0x7FF9153A0000
	gdi32full.dll                 0x7FF915470000
	bcryptPrimitives.dll          0x7FF915590000
	win32u.dll                    0x7FF915610000
	wintrust.dll                  0x7FF915640000
	KERNELBASE.dll                0x7FF9156B0000
	msvcp_win.dll                 0x7FF915A60000
	ucrtbase.dll                  0x7FF915B00000
	CRYPT32.dll                   0x7FF915C20000
	MSCTF.dll                     0x7FF915FE0000
	sechost.dll                   0x7FF916110000
	ADVAPI32.dll                  0x7FF9161C0000
	combase.dll                   0x7FF916270000
	SHELL32.dll                   0x7FF916690000
	imagehlp.dll                  0x7FF916E90000
	SETUPAPI.dll                  0x7FF916EB0000
	msvcrt.dll                    0x7FF917340000
	USER32.dll                    0x7FF9173F0000
	shlwapi.dll                   0x7FF9175A0000
	GDI32.dll                     0x7FF917680000
	WS2_32.dll                    0x7FF9176B0000
	ole32.dll                     0x7FF917740000
	KERNEL32.DLL                  0x7FF9178E0000
	PSAPI.DLL                     0x7FF9179B0000
	clbcatq.dll                   0x7FF9179C0000
	SHCORE.dll                    0x7FF917A70000
	OLEAUT32.dll                  0x7FF917BC0000
	RPCRT4.dll                    0x7FF917D10000
	IMM32.DLL                     0x7FF917FF0000
	ntdll.dll                     0x7FF918070000

F4SE PLUGINS:
	BakaScrapHeap.dll v1.3
	Buffout4.dll v1.28.3
	HighFPSPhysicsFix.dll

PLUGINS:
	[00]     Fallout4.esm
	[01]     DLCRobot.esm
	[02]     DLCworkshop01.esm
	[03]     DLCCoast.esm
	[04]     DLCworkshop02.esm
	[05]     DLCworkshop03.esm
	[06]     DLCNukaWorld.esm
	[07]     ChinaLakeandHolorifle.esp
	[08]     F4NVLaserPistol.esp
	[09]     PBW-TheServicePackRELOADED.esp
	[FE:000] Munitions - An Ammo Expansion.esl
	[FE:001] Munitions - Vanilla Ammo Addon.esl
