Fallout 4 v1.10.163
Buffout 4 v1.28.6

Unhandled exception "EXCEPTION_ACCESS_VIOLATION" at 0x7FF77F2DF7AB Fallout4.exe+1B1F7AB

	[Compatibility]
		F4EE: true
	[Crashlog]
		AutoOpen: true
		PromptUpload: true
	[Fixes]
		ActorIsHostileToActor: true
		CellInit: true
		CreateD3DAndSwapChain: true
		EncounterZoneReset: true
		GreyMovies: true
		MagicEffectApplyEvent: true
		MovementPlanner: true
		PackageAllocateLocation: true
		SafeExit: true
		TESObjectREFRGetEncounterZone: true
		UnalignedLoad: true
		UtilityShader: true
	[Patches]
		Achievements: true
		ArchiveLimit: false
		BSMTAManager: true
		BSPreCulledObjects: true
		BSTextureStreamerLocalHeap: false
		HavokMemorySystem: true
		INISettingCollection: true
		InputSwitch: true
		MaxStdIO: -1
		MemoryManager: false
		MemoryManagerDebug: false
		ScaleformAllocator: true
		SmallBlockAllocator: true
		WorkshopMenu: true
	[Warnings]
		CreateTexture2D: true
		ImageSpaceAdapter: true

SYSTEM SPECS:
	OS: Microsoft Windows 11 Home v10.0.22621
	CPU: AuthenticAMD AMD Ryzen 7 5800H with Radeon Graphics         
	GPU #1: Nvidia GA106M [GeForce RTX 3060 Mobile / Max-Q]
	GPU #2: AMD Cezanne [Radeon Vega Series / Radeon Vega Mobile Series]
	GPU #3: Microsoft Basic Render Driver
	PHYSICAL MEMORY: 14.97 GB/15.36 GB

PROBABLE CALL STACK:
	[ 0] 0x7FF77F2DF7AB Fallout4.exe+1B1F7AB -> 505156+0x2B
	[ 1] 0x7FF77F2DF3B1 Fallout4.exe+1B1F3B1 -> 293976+0x81
	[ 2] 0x7FF77F2DF072 Fallout4.exe+1B1F072 -> 1040095+0xC2
	[ 3] 0x7FF77F2DEE86 Fallout4.exe+1B1EE86 -> 1147109+0x66
	[ 4] 0x7FF77F2CF39E Fallout4.exe+1B0F39E -> 1582181+0xBE
	[ 5] 0x7FF77F2CF2A8 Fallout4.exe+1B0F2A8 -> 1502917+0x78
	[ 6] 0x7FFD32E2F9BC Buffout4.dll+009F9BC
	[ 7] 0x7FF77EC97249 Fallout4.exe+14D7249 -> 92548+0x49
	[ 8] 0x7FF77F18BB27 Fallout4.exe+19CBB27 -> 873099+0x47
	[ 9] 0x7FF77F18A29E Fallout4.exe+19CA29E -> 1030426+0x2FE
	[10] 0x7FF77F18A7CE Fallout4.exe+19CA7CE -> 1030426+0x82E
	[11] 0x7FF77F189013 Fallout4.exe+19C9013 -> 719067+0x213
	[12] 0x7FF77F0A1307 Fallout4.exe+18E1307 -> 448784+0x257
	[13] 0x7FF77EEFC2E2 Fallout4.exe+173C2E2 -> 601838+0xE2
	[14] 0x7FF77EEDA5A6 Fallout4.exe+171A5A6 -> 104582+0x156
	[15] 0x7FF77EED7974 Fallout4.exe+1717974 -> 1159267+0x44
	[16] 0x7FF77EED610E Fallout4.exe+171610E -> 1368301+0x2E
	[17] 0x7FF77EED1282 Fallout4.exe+1711282 -> 1374178+0x132
	[18] 0x7FF77F467E53 Fallout4.exe+1CA7E53 -> 1362677+0xA3
	[19] 0x7FF77F468B04 Fallout4.exe+1CA8B04 -> 1384230+0xB4
	[20] 0x7FF77F32E7DA Fallout4.exe+1B6E7DA -> 255785+0x2A
	[21] 0x7FF77F32E90D Fallout4.exe+1B6E90D -> 1479062+0xBD
	[22] 0x7FF77F32D60C Fallout4.exe+1B6D60C -> 742090+0x8C
	[23] 0x7FF77F4646EE Fallout4.exe+1CA46EE -> 721152+0x8E
	[24] 0x7FF77F467696 Fallout4.exe+1CA7696 -> 1034198+0x1F6
	[25] 0x7FF77F2DCFED Fallout4.exe+1B1CFED -> 1079791+0x3D
	[26] 0x7FFD9228257D KERNEL32.DLL+001257D
	[27] 0x7FFD92E0AA78    ntdll.dll+005AA78

REGISTERS:
	RAX 0x8FA7D6A32235E3D7 (size_t)
	RCX 0x4D6C351E25036754 (size_t)
	RDX 0x2CD2CF84540      (void*)
	RBX 0x2CD2CF84540      (void*)
	RSP 0xFBDCA7E740       (void*)
	RBP 0x1FFFFFFFFFFFFFFF (size_t)
	RSI 0x2CD2CF84540      (void*)
	RDI 0x2CCBD17D0B0      (MemoryHeap*)
	R8  0x0                (size_t)
	R9  0x1                (size_t)
	R10 0x2CD2CF7C540      (void*)
	R11 0x2CD2BEC3A80      (void*)
	R12 0x7FF783D29420     (void* -> Fallout4.exe+6569420)
	R13 0x2CD3E24BFA0      (hkbStateMachine::TransitionInfoArray*)
	R14 0x2000000000000000 (size_t)
	R15 0xE000000000000000 (size_t)

STACK:
	[RSP+0   ] 0x0                (size_t)
	[RSP+8   ] 0x0                (size_t)
	[RSP+10  ] 0x2CCBD17D0B0      (MemoryHeap*)
	[RSP+18  ] 0x137C0            (size_t)
	[RSP+20  ] 0x2CD2CF84540      (void*)
	[RSP+28  ] 0x7FF77F2DF3B1     (void* -> Fallout4.exe+1B1F3B1)
	[RSP+30  ] 0x0                (size_t)
	[RSP+38  ] 0x0                (size_t)
	[RSP+40  ] 0x2CCBD17D0B0      (MemoryHeap*)
	[RSP+48  ] 0xFFFFFFFFFFFFFFF0 (size_t)
	[RSP+50  ] 0x2CCBD17D0B0      (MemoryHeap*)
	[RSP+58  ] 0x7FF77F2DF072     (void* -> Fallout4.exe+1B1F072)
	[RSP+60  ] 0x2CD2CF754E0      (void*)
	[RSP+68  ] 0x2CD2CF754E0      (void*)
	[RSP+70  ] 0x10000            (size_t)
	[RSP+78  ] 0x2CDE18ED330      (void*)
	[RSP+80  ] 0xFBDCA7F178       (hkObjectCopier*)
	[RSP+88  ] 0x2CD2CF7C540      (void*)
	[RSP+90  ] 0x2CCBD17D0B8      (void*)
	[RSP+98  ] 0x7FF77F2DEE86     (void* -> Fallout4.exe+1B1EE86)
	[RSP+A0  ] 0x7FF78108C980     (void* -> Fallout4.exe+38CC980)
	[RSP+A8  ] 0x2CCBD17D0B0      (MemoryHeap*)
	[RSP+B0  ] 0xFBDCA7F1F8       (void*)
	[RSP+B8  ] 0x2CD2CF7C540      (void*)
	[RSP+C0  ] 0x1                (size_t)
	[RSP+C8  ] 0x7FF77F2CF39E     (void* -> Fallout4.exe+1B0F39E)
	[RSP+D0  ] 0x7FF78108C980     (void* -> Fallout4.exe+38CC980)
	[RSP+D8  ] 0x2CD2CF7C540      (void*)
	[RSP+E0  ] 0x7FF78108C980     (void* -> Fallout4.exe+38CC980)
	[RSP+E8  ] 0x2CD2CF7C540      (void*)
	[RSP+F0  ] 0x10000            (size_t)
	[RSP+F8  ] 0x7FF77F2CF2A8     (void* -> Fallout4.exe+1B0F2A8)
	[RSP+100 ] 0x2CD2BEC3A80      (void*)
	[RSP+108 ] 0x2CD2CF7C540      (void*)
	[RSP+110 ] 0x7FF78108C980     (void* -> Fallout4.exe+38CC980)
	[RSP+118 ] 0x2CD2CF7C540      (void*)
	[RSP+120 ] 0xFBDCA7F120       (void*)
	[RSP+128 ] 0x7FFD32E2F9BC     (void* -> Buffout4.dll+009F9BC)
	[RSP+130 ] 0xFBDCA7F120       (void*)
	[RSP+138 ] 0xFBDCA7EA30       (void*)
	[RSP+140 ] 0x20               (size_t)
	[RSP+148 ] 0x7FF77F0A32B4     (void* -> Fallout4.exe+18E32B4)
	[RSP+150 ] 0x7FF783319901     (void* -> Fallout4.exe+5B59901)
	[RSP+158 ] 0x2CD90EEF840      (void*)
	[RSP+160 ] 0xFBDCA7F120       (void*)
	[RSP+168 ] 0x7FF77EC97249     (void* -> Fallout4.exe+14D7249)
	[RSP+170 ] 0xFBDCA7F120       (void*)
	[RSP+178 ] 0x20               (size_t)
	[RSP+180 ] 0x0                (size_t)
	[RSP+188 ] 0x7FF77EF8599D     (void* -> Fallout4.exe+17C599D)
	[RSP+190 ] 0x2CD3E220190      (hkbBlendingTransitionEffect*)
	[RSP+198 ] 0x7FF77F18BB27     (void* -> Fallout4.exe+19CBB27)
	[RSP+1A0 ] 0x0                (size_t)
	[RSP+1A8 ] 0x7FF7832C7B10     (void* -> Fallout4.exe+5B07B10)
	[RSP+1B0 ] 0x2CD00010000      (void*)
	[RSP+1B8 ] 0x7FF77EF8477F     (void* -> Fallout4.exe+17C477F)
	[RSP+1C0 ] 0x2CD0001EAF0      (void*)
	[RSP+1C8 ] 0x2CD00000010      (void*)
	[RSP+1D0 ] 0xFBDCA7F1F8       (void*)
	[RSP+1D8 ] 0xFB00000000       (size_t)
	[RSP+1E0 ] 0x20               (size_t)
	[RSP+1E8 ] 0x7FF77F18A29E     (void* -> Fallout4.exe+19CA29E)
	[RSP+1F0 ] 0x2CD3E24BFF0      (void*)
	[RSP+1F8 ] 0xFBDCA7F178       (hkObjectCopier*)
	[RSP+200 ] 0x2CD3E24BFF0      (void*)
	[RSP+208 ] 0xFBDCA7F028       (hkOArchive*)
	[RSP+210 ] 0x7FF700000000     (size_t)
	[RSP+218 ] 0x7FF70001EAE0     (size_t)
	[RSP+220 ] 0x7FF70001EAD0     (size_t)
	[RSP+228 ] 0xFBDCA7F110       (void*)
	[RSP+230 ] 0xFBDCA7EFE0       (void*)
	[RSP+238 ] 0x3                (size_t)
	[RSP+240 ] 0x8000000000000000 (size_t)
	[RSP+248 ] 0x8                (size_t)
	[RSP+250 ] 0x7FF7810198B0     (void* -> Fallout4.exe+38598B0)
	[RSP+258 ] 0x7FF7810198B0     (void* -> Fallout4.exe+38598B0)
	[RSP+260 ] 0x1                (size_t)
	[RSP+268 ] 0x2CD3E220190      (hkbBlendingTransitionEffect*)
	[RSP+270 ] 0xA00000002        (size_t)
	[RSP+278 ] 0xFBDCA7F178       (hkObjectCopier*)
	[RSP+280 ] 0x0                (size_t)
	[RSP+288 ] 0x7FF77F189364     (void* -> Fallout4.exe+19C9364)
	[RSP+290 ] 0x7FF78061D1B0     (void* -> Fallout4.exe+2E5D1B0)
	[RSP+298 ] 0xFBDCA7F028       (hkOArchive*)
	[RSP+2A0 ] 0xFBDCA7F028       (hkOArchive*)
	[RSP+2A8 ] 0xFBDCA7F178       (hkObjectCopier*)
	[RSP+2B0 ] 0x0                (size_t)
	[RSP+2B8 ] 0x0                (size_t)
	[RSP+2C0 ] 0x2CDA45D7428      (void*)
	[RSP+2C8 ] 0x7FF77F2DF9BA     (void* -> Fallout4.exe+1B1F9BA)
	[RSP+2D0 ] 0x2CD2D43C440      (void*)
	[RSP+2D8 ] 0x0                (size_t)
	[RSP+2E0 ] 0x2CCBD17D0B0      (MemoryHeap*)
	[RSP+2E8 ] 0x1                (size_t)
	[RSP+2F0 ] 0x1                (size_t)
	[RSP+2F8 ] 0x10               (size_t)
	[RSP+300 ] 0x2000             (size_t)
	[RSP+308 ] 0x7FF78108C980     (void* -> Fallout4.exe+38CC980)
	[RSP+310 ] 0x2CCBD17D0B0      (MemoryHeap*)
	[RSP+318 ] 0x7FF77F2DF31A     (void* -> Fallout4.exe+1B1F31A)
	[RSP+320 ] 0x0                (size_t)
	[RSP+328 ] 0x0                (size_t)
	[RSP+330 ] 0x2000             (size_t)
	[RSP+338 ] 0x7FF77F2DF760     (void* -> Fallout4.exe+1B1F760)
	[RSP+340 ] 0x2CCBD17D0B0      (MemoryHeap*)
	[RSP+348 ] 0x7FF77F2DF31A     (void* -> Fallout4.exe+1B1F31A)
	[RSP+350 ] 0x2CD416F6630      (void*)
	[RSP+358 ] 0x0                (size_t)
	[RSP+360 ] 0x4000             (size_t)
	[RSP+368 ] 0x2CD2BE93F60      (void*)
	[RSP+370 ] 0x2CD2BE93F80      (void*)
	[RSP+378 ] 0x7FF77F2DEDF6     (void* -> Fallout4.exe+1B1EDF6)
	[RSP+380 ] 0x2CCBD17D0B8      (void*)
	[RSP+388 ] 0x28C0             (size_t)
	[RSP+390 ] 0x2CCBD17D0B8      (void*)
	[RSP+398 ] 0x2CD2BE97F80      (void*)
	[RSP+3A0 ] 0x2CCBD17D278      (void*)
	[RSP+3A8 ] 0x7FF77F2DF760     (void* -> Fallout4.exe+1B1F760)
	[RSP+3B0 ] 0x2CD90E748A0      (void*)
	[RSP+3B8 ] 0x7FF77F2DC613     (void* -> Fallout4.exe+1B1C613)
	[RSP+3C0 ] 0x10               (size_t)
	[RSP+3C8 ] 0x2CCBD17D0B0      (MemoryHeap*)
	[RSP+3D0 ] 0x7FF783319970     (void* -> Fallout4.exe+5B59970)
	[RSP+3D8 ] 0x7FF783319900     (BSSmallBlockAllocator*)
	[RSP+3E0 ] 0x7FF783319900     (BSSmallBlockAllocator*)
	[RSP+3E8 ] 0x7FF77F2CF0B4     (void* -> Fallout4.exe+1B0F0B4)
	[RSP+3F0 ] 0xFBDCA7EC98       (void*)
	[RSP+3F8 ] 0x8                (size_t)
	[RSP+400 ] 0x7FF78108C980     (void* -> Fallout4.exe+38CC980)
	[RSP+408 ] 0x7FF77F2DEE94     (void* -> Fallout4.exe+1B1EE94)
	[RSP+410 ] 0x2CCBD17D0B8      (void*)
	[RSP+418 ] 0x7FF78108C980     (void* -> Fallout4.exe+38CC980)
	[RSP+420 ] 0x7A00000000       (size_t)
	[RSP+428 ] 0x2CDE18ED330      (void*)
	[RSP+430 ] 0x7FF7806092F8     (char*) "FLAG_IGNORE_FROM_WORLD_FROM_MODEL"
	[RSP+438 ] 0x10               (size_t)
	[RSP+440 ] 0x7FF7806090B0     (void* -> Fallout4.exe+2E490B0)
	[RSP+448 ] 0x0                (size_t)
	[RSP+450 ] 0x0                (size_t)
	[RSP+458 ] 0x7FF77F0A32B4     (void* -> Fallout4.exe+18E32B4)
	[RSP+460 ] 0x4000             (size_t)
	[RSP+468 ] 0x7FF77F0A32B4     (void* -> Fallout4.exe+18E32B4)
	[RSP+470 ] 0x7FF783319970     (void* -> Fallout4.exe+5B59970)
	[RSP+478 ] 0x2CD90EEF840      (void*)
	[RSP+480 ] 0xFBDCA7F178       (hkObjectCopier*)
	[RSP+488 ] 0x19               (size_t)
	[RSP+490 ] 0xFBDCA7F178       (hkObjectCopier*)
	[RSP+498 ] 0x7FF77F0A32B4     (void* -> Fallout4.exe+18E32B4)
	[RSP+4A0 ] 0x7FF78061D450     (void* -> Fallout4.exe+2E5D450)
	[RSP+4A8 ] 0x7FF77ECBF73C     (void* -> Fallout4.exe+14FF73C)
	[RSP+4B0 ] 0x80000001         (size_t)
	[RSP+4B8 ] 0xFBDCA7ED20       (void*)
	[RSP+4C0 ] 0xFBDCA7F178       (hkObjectCopier*)
	[RSP+4C8 ] 0xFBDCA7F028       (hkOArchive*)
	[RSP+4D0 ] 0x4                (size_t)
	[RSP+4D8 ] 0x7FF77ECBF73C     (void* -> Fallout4.exe+14FF73C)
	[RSP+4E0 ] 0xFFFFFFDE         (size_t)
	[RSP+4E8 ] 0xFBDCA7F028       (hkOArchive*)
	[RSP+4F0 ] 0xFBDCA7F178       (hkObjectCopier*)
	[RSP+4F8 ] 0x2CD3E24BFB0      (void*)
	[RSP+500 ] 0xFBDCA7ED50       (void*)
	[RSP+508 ] 0x7FF77F18A7CE     (void* -> Fallout4.exe+19CA7CE)
	[RSP+510 ] 0xFBDCA7F178       (hkObjectCopier*)
	[RSP+518 ] 0x2CD3E24BFD0      (void*)
	[RSP+520 ] 0x7FF783D292E0     (void* -> Fallout4.exe+65692E0)
	[RSP+528 ] 0xFBDCA7F028       (hkOArchive*)
	[RSP+530 ] 0x7FF783D292E0     (void* -> Fallout4.exe+65692E0)
	[RSP+538 ] 0xFB0001EAD0       (size_t)
	[RSP+540 ] 0x7FF70001EAD0     (size_t)
	[RSP+548 ] 0xFBDCA7F110       (void*)
	[RSP+550 ] 0xFBDCA7EFE0       (void*)
	[RSP+558 ] 0x2                (size_t)
	[RSP+560 ] 0x0                (size_t)
	[RSP+568 ] 0x7FF70001EAD0     (size_t)
	[RSP+570 ] 0x7FF783D292E0     (void* -> Fallout4.exe+65692E0)
	[RSP+578 ] 0x7FF783D292E0     (void* -> Fallout4.exe+65692E0)
	[RSP+580 ] 0x2CD3E24BFD0      (void*)
	[RSP+588 ] 0x7FF78059DFF8     (char*) "hkbStateMachineTransitionInfoArray"
	[RSP+590 ] 0x400000001        (size_t)
	[RSP+598 ] 0x1EAA0            (size_t)
	[RSP+5A0 ] 0x0                (size_t)
	[RSP+5A8 ] 0x2CC00000000      (size_t)
	[RSP+5B0 ] 0x7FF7806090B0     (void* -> Fallout4.exe+2E490B0)
	[RSP+5B8 ] 0x7FF7805BF598     (char*) "BLEND_CURVE_SMOOTH"
	[RSP+5C0 ] 0x2CCFB8B0201      (void*)
	[RSP+5C8 ] 0xE0               (size_t)
	[RSP+5D0 ] 0x0                (size_t)
	[RSP+5D8 ] 0x10               (size_t)
	[RSP+5E0 ] 0x2CD2B4E8C40      (void*)
	[RSP+5E8 ] 0x7FF77F2DEDF6     (void* -> Fallout4.exe+1B1EDF6)
	[RSP+5F0 ] 0x2CCBD17D0B8      (void*)
	[RSP+5F8 ] 0x7FF700000000     (size_t)
	[RSP+600 ] 0x2CD2C2FF000      (void*)
	[RSP+608 ] 0x2CD2B4E8C40      (void*)
	[RSP+610 ] 0x2CCBD17D258      (void*)
	[RSP+618 ] 0x2A0              (size_t)
	[RSP+620 ] 0x2CCBD17D0B0      (MemoryHeap*)
	[RSP+628 ] 0x7FF77F2DF31A     (void* -> Fallout4.exe+1B1F31A)
	[RSP+630 ] 0x0                (size_t)
	[RSP+638 ] 0x0                (size_t)
	[RSP+640 ] 0x29200            (size_t)
	[RSP+648 ] 0x2CD2BE9A840      (void*)
	[RSP+650 ] 0x2CD2BE9A860      (void*)
	[RSP+658 ] 0x7FF77F2DEDF6     (void* -> Fallout4.exe+1B1EDF6)
	[RSP+660 ] 0x2CCBD17D0B8      (void*)
	[RSP+668 ] 0x237E0            (size_t)
	[RSP+670 ] 0x2CCBD17D0B8      (void*)
	[RSP+678 ] 0x2CD2BEC3A60      (void*)
	[RSP+680 ] 0x2CCBD17D298      (void*)
	[RSP+688 ] 0x29200            (size_t)
	[RSP+690 ] 0x29200            (size_t)
	[RSP+698 ] 0xFFFFFFFFFFFFFFF0 (size_t)
	[RSP+6A0 ] 0x10               (size_t)
	[RSP+6A8 ] 0x2CCBD17D0B0      (MemoryHeap*)
	[RSP+6B0 ] 0x2CCBD17D0B0      (MemoryHeap*)
	[RSP+6B8 ] 0x7FF77F2DF31A     (void* -> Fallout4.exe+1B1F31A)
	[RSP+6C0 ] 0x29200            (size_t)
	[RSP+6C8 ] 0x2CDE18ED330      (void*)
	[RSP+6D0 ] 0xFBDCA7F178       (hkObjectCopier*)
	[RSP+6D8 ] 0x2CD2BE85F40      (void*)
	[RSP+6E0 ] 0x2CD2BE85F40      (void*)
	[RSP+6E8 ] 0x7FF77F2DEE94     (void* -> Fallout4.exe+1B1EE94)
	[RSP+6F0 ] 0x2CCBD17D0B8      (void*)
	[RSP+6F8 ] 0x7FF78108C980     (void* -> Fallout4.exe+38CC980)
	[RSP+700 ] 0x2CCBD17D0B8      (void*)
	[RSP+708 ] 0x2CCBD17D0B0      (MemoryHeap*)
	[RSP+710 ] 0x1                (size_t)
	[RSP+718 ] 0x7FF77F2CF39E     (void* -> Fallout4.exe+1B0F39E)
	[RSP+720 ] 0x7FF78108C980     (void* -> Fallout4.exe+38CC980)
	[RSP+728 ] 0x2CD2BE85F40      (void*)
	[RSP+730 ] 0x7FF78108C980     (void* -> Fallout4.exe+38CC980)
	[RSP+738 ] 0x2CD2BE85F40      (void*)
	[RSP+740 ] 0x29200            (size_t)
	[RSP+748 ] 0x7FF77F2CF2A8     (void* -> Fallout4.exe+1B0F2A8)
	[RSP+750 ] 0x2CCBD17D0B0      (MemoryHeap*)
	[RSP+758 ] 0x7FF77F2DF31A     (void* -> Fallout4.exe+1B1F31A)
	[RSP+760 ] 0x2CD2CF955C0      (void*)
	[RSP+768 ] 0x2CD2CF955C0      (void*)
	[RSP+770 ] 0x2CD00E73720      (void*)
	[RSP+778 ] 0x7FF77F0A32B4     (void* -> Fallout4.exe+18E32B4)
	[RSP+780 ] 0x2CD00E73720      (void*)
	[RSP+788 ] 0x7FF77F2DF0D0     (void* -> Fallout4.exe+1B1F0D0)
	[RSP+790 ] 0x2CD00000000      (void*)
	[RSP+798 ] 0x7FF77F2DF31A     (void* -> Fallout4.exe+1B1F31A)
	[RSP+7A0 ] 0x0                (size_t)
	[RSP+7A8 ] 0x7FF77F2DC503     (void* -> Fallout4.exe+1B1C503)
	[RSP+7B0 ] 0x2CD2DADC3A0      (void*)
	[RSP+7B8 ] 0x7FF77F18B00B     (void* -> Fallout4.exe+19CB00B)
	[RSP+7C0 ] 0x8                (size_t)
	[RSP+7C8 ] 0x1EAC8            (size_t)
	[RSP+7D0 ] 0xFBDCA7F178       (hkObjectCopier*)
	[RSP+7D8 ] 0x2CD995677A0      (hkArrayStreamWriter*)
	[RSP+7E0 ] 0x1EAC8            (size_t)
	[RSP+7E8 ] 0x7FF77F0A32B4     (void* -> Fallout4.exe+18E32B4)
	[RSP+7F0 ] 0x2CD2DADC390      (void*)
	[RSP+7F8 ] 0x8000001000000000 (size_t)
	[RSP+800 ] 0x2CD2DADC390      (void*)
	[RSP+808 ] 0x1EAA0            (size_t)
	[RSP+810 ] 0x2CD995677A0      (hkArrayStreamWriter*)
	[RSP+818 ] 0x7FF783D29420     (void* -> Fallout4.exe+6569420)
	[RSP+820 ] 0xFBDCA7F031       (void*)
	[RSP+828 ] 0x7FF77F189013     (void* -> Fallout4.exe+19C9013)
	[RSP+830 ] 0xFBDCA7F178       (hkObjectCopier*)
	[RSP+838 ] 0x2CD3E24BFA0      (hkbStateMachine::TransitionInfoArray*)
	[RSP+840 ] 0x7FF783D29420     (void* -> Fallout4.exe+6569420)
	[RSP+848 ] 0xFBDCA7F028       (hkOArchive*)
	[RSP+850 ] 0x7FF783D29420     (void* -> Fallout4.exe+6569420)
	[RSP+858 ] 0xFB0001EAA0       (size_t)
	[RSP+860 ] 0x1EAD0            (size_t)
	[RSP+868 ] 0xFBDCA7F110       (void*)
	[RSP+870 ] 0xFBDCA7EFE0       (void*)
	[RSP+878 ] 0x2CD00000001      (void*)
	[RSP+880 ] 0x2CD2DADBF10      (void*)
	[RSP+888 ] 0x8000040000000050 (size_t)
	[RSP+890 ] 0x2CD2DADBF10      (void*)
	[RSP+898 ] 0x7FF700000400     (size_t)
	[RSP+8A0 ] 0x2CD2DADC310      (void*)
	[RSP+8A8 ] 0x8000001000000004 (size_t)
	[RSP+8B0 ] 0x2CD2DADC310      (void*)
	[RSP+8B8 ] 0x2CD00000010      (void*)
	[RSP+8C0 ] 0x7FF780583DC8     (void* -> Fallout4.exe+2DC3DC8)
	[RSP+8C8 ] 0x7FFDFFFF0002     (size_t)
	[RSP+8D0 ] 0xFBDCA7EFC0       (void*)
	[RSP+8D8 ] 0x7FF780FEA4D0     (hkContainerHeapAllocator::Allocator*)
	[RSP+8E0 ] 0x100000050        (size_t)
	[RSP+8E8 ] 0x7FF7805875A8     (void* -> Fallout4.exe+2DC75A8)
	[RSP+8F0 ] 0xFBFFFF0001       (size_t)
	[RSP+8F8 ] 0xFBDCA7F000       (hkArrayStreamWriter*)
	[RSP+900 ] 0xFBDCA7F000       (hkArrayStreamWriter*)
	[RSP+908 ] 0x7FF77ECBFACB     (void* -> Fallout4.exe+14FFACB)
	[RSP+910 ] 0x28F              (size_t)
	[RSP+918 ] 0x2CD7ED6ED20      (hkVtableClassRegistry*)
	[RSP+920 ] 0xFBDCA7F238       (void*)
	[RSP+928 ] 0x28F0             (size_t)
	[RSP+930 ] 0xFBDCA7F180       (void*)
	[RSP+938 ] 0x7FF77F0A1307     (void* -> Fallout4.exe+18E1307)
	[RSP+940 ] 0x7FF783D29420     (void* -> Fallout4.exe+6569420)
	[RSP+948 ] 0x7FF783D29420     (void* -> Fallout4.exe+6569420)
	[RSP+950 ] 0x400              (size_t)
	[RSP+958 ] 0x2CD3E24BFA0      (hkbStateMachine::TransitionInfoArray*)
	[RSP+960 ] 0x2CD995677A0      (hkArrayStreamWriter*)
	[RSP+968 ] 0x7FF783D29420     (void* -> Fallout4.exe+6569420)
	[RSP+970 ] 0xFBDCA7F110       (void*)
	[RSP+978 ] 0x7FF77F2DF31A     (void* -> Fallout4.exe+1B1F31A)
	[RSP+980 ] 0x2CD2BE8DF60      (void*)
	[RSP+988 ] 0x40000000290      (size_t)
	[RSP+990 ] 0x2CD2CF895A0      (void*)
	[RSP+998 ] 0x40000000348      (size_t)
	[RSP+9A0 ] 0x2CD2BE9A860      (void*)
	[RSP+9A8 ] 0x292000001EAD0    (size_t)
	[RSP+9B0 ] 0x2CD2BE85F40      (void*)
	[RSP+9B8 ] 0x7FF00000348      (size_t)
	[RSP+9C0 ] 0x2CD2CF8D5C0      (void*)
	[RSP+9C8 ] 0x7FF00000290      (size_t)
	[RSP+9D0 ] 0x2CD2CF87580      (char*) "8"
	[RSP+9D8 ] 0x40000000337      (size_t)
	[RSP+9E0 ] 0x2CD2CF7C540      (void*)
	[RSP+9E8 ] 0x40000000400      (size_t)
	[RSP+9F0 ] 0x2CD2BE93F80      (void*)
	[RSP+9F8 ] 0x40000000290      (size_t)
	[RSP+A00 ] 0x0                (size_t)
	[RSP+A08 ] 0x8000000000000000 (size_t)
	[RSP+A10 ] 0x0                (size_t)
	[RSP+A18 ] 0x7FFD5614AEB7     (void* -> usvfs_x64.dll+009AEB7)
	[RSP+A20 ] 0x7FF780583D28     (void* -> Fallout4.exe+2DC3D28)
	[RSP+A28 ] 0x7FF7FFFF0001     (size_t)
	[RSP+A30 ] 0x2CD995677A0      (hkArrayStreamWriter*)
	[RSP+A38 ] 0x7FF7805ACC38     (void* -> Fallout4.exe+2DECC38)
	[RSP+A40 ] 0x2CEFFFF0001      (size_t)
	[RSP+A48 ] 0x100010801000108  (size_t)
	[RSP+A50 ] 0x20000000002      (size_t)
	[RSP+A58 ] 0x7FF70001EAA0     (size_t)
	[RSP+A60 ] 0x2CEE4F50048      (void*)
	[RSP+A68 ] 0x2CEE4F50000      (char*) "8"
	[RSP+A70 ] 0x7FF7832C57A8     (void* -> Fallout4.exe+5B057A8)
	[RSP+A78 ] 0x8                (size_t)
	[RSP+A80 ] 0x2CDE18EDCF0      (char*) "z"
	[RSP+A88 ] 0x7FF7832C5790     (void* -> Fallout4.exe+5B05790)
	[RSP+A90 ] 0x2CD3E21CD90      (hkbStateMachine*)
	[RSP+A98 ] 0x2CD3E21CBC0      (hkbBehaviorGraph*)
	[RSP+AA0 ] 0xFBDCA7F269       (void*)
	[RSP+AA8 ] 0x7FF77EEFC2E2     (void* -> Fallout4.exe+173C2E2)
	[RSP+AB0 ] 0x7FF701000101     (size_t)
	[RSP+AB8 ] 0x7FF700000000     (size_t)
	[RSP+AC0 ] 0x2CD7ED6ED20      (hkVtableClassRegistry*)
	[RSP+AC8 ] 0x2CD7ED6ED20      (hkVtableClassRegistry*)
	[RSP+AD0 ] 0x2CD7ED767E0      (hkTypeInfoRegistry*)
	[RSP+AD8 ] 0x2                (size_t)
	[RSP+AE0 ] 0xFBDCA7F310       (void*)
	[RSP+AE8 ] 0x7FF77F2D1325     (void* -> Fallout4.exe+1B11325)
	[RSP+AF0 ] 0x2CDE18EDC50      (ScrapHeap*)
	[RSP+AF8 ] 0x0                (size_t)
	[RSP+B00 ] 0xFFFFFFFF00000000 (size_t)
	[RSP+B08 ] 0xFBDCA7F250       (void*)
	[RSP+B10 ] 0x0                (size_t)
	[RSP+B18 ] 0xFFFFFFFF00000000 (size_t)
	[RSP+B20 ] 0x2CDA45D74E8      (void*)
	[RSP+B28 ] 0x7FF77EED7D03     (void* -> Fallout4.exe+1717D03)
	[RSP+B30 ] 0xFB00000002       (size_t)
	[RSP+B38 ] 0x0                (size_t)
	[RSP+B40 ] 0x7FF7804096C8     (void* -> Fallout4.exe+2C496C8)
	[RSP+B48 ] 0x1                (size_t)
	[RSP+B50 ] 0x73               (size_t)
	[RSP+B58 ] 0x2CD3E21CBC0      (hkbBehaviorGraph*)
	[RSP+B60 ] 0xFBDCA7F339       (void*)
	[RSP+B68 ] 0x7FF77EEDA5A6     (void* -> Fallout4.exe+171A5A6)
	[RSP+B70 ] 0x2CD3E21CBC0      (hkbBehaviorGraph*)
	[RSP+B78 ] 0x80000000         (size_t)
	[RSP+B80 ] 0x2CDA45D7401      (void*)
	[RSP+B88 ] 0x7FFD56180100     (void* -> usvfs_x64.dll+00D0100)
	[RSP+B90 ] 0x2CD7ED6ED20      (hkVtableClassRegistry*)
	[RSP+B98 ] 0x2CD7ED767E0      (hkTypeInfoRegistry*)
	[RSP+BA0 ] 0x0                (size_t)
	[RSP+BA8 ] 0x0                (size_t)
	[RSP+BB0 ] 0xE31B5532C762A3B2 (size_t)
	[RSP+BB8 ] 0x8                (size_t)
	[RSP+BC0 ] 0xE1FEBE8700000000 (size_t)
	[RSP+BC8 ] 0x0                (size_t)
	[RSP+BD0 ] 0x2CDE18EDC50      (ScrapHeap*)
	[RSP+BD8 ] 0x2CEE4F50010      (void*)
	[RSP+BE0 ] 0x2CD00000007      (void*)
	[RSP+BE8 ] 0x7FFD00000007     (size_t)
	[RSP+BF0 ] 0x2CD00000000      (void*)
	[RSP+BF8 ] 0x0                (size_t)
	[RSP+C00 ] 0x7FF7832C5794     (void* -> Fallout4.exe+5B05794)
	[RSP+C08 ] 0x7FF780579C28     (void* -> Fallout4.exe+2DB9C28)
	[RSP+C10 ] 0x2CD9FB18A10      (BShkbHkxDB::hkxDBData*)
	[RSP+C18 ] 0x7FF780582020     (void* -> Fallout4.exe+2DC2020)
	[RSP+C20 ] 0x0                (size_t)
	[RSP+C28 ] 0x2CDE18EDCF0      (char*) "z"
	[RSP+C30 ] 0x2CDA45D73E0      (BSSubBehaviorGraphSingletonData*)
	[RSP+C38 ] 0x73               (size_t)
	[RSP+C40 ] 0x2CDE18EDCF0      (char*) "z"
	[RSP+C48 ] 0x12B              (size_t)
	[RSP+C50 ] 0xFBDCA7F429       (void*)
	[RSP+C58 ] 0x7FF77EED7974     (void* -> Fallout4.exe+1717974)
	[RSP+C60 ] 0x7FF7832C5790     (void* -> Fallout4.exe+5B05790)
	[RSP+C68 ] 0x2CDA45D74E8      (void*)
	[RSP+C70 ] 0x0                (size_t)
	[RSP+C78 ] 0x2CE00000001      (void*)
	[RSP+C80 ] 0x2CDA40841D0      (`anonymous namespace'::QueuedSubBehaviorHandles*)
	[RSP+C88 ] 0x7FF77EED610E     (void* -> Fallout4.exe+171610E)
	[RSP+C90 ] 0x2CDA45D74E8      (void*)
	[RSP+C98 ] 0x6D98             (size_t)
	[RSP+CA0 ] 0x0                (size_t)
	[RSP+CA8 ] 0x4EBAFCC13F430000 (size_t)
	[RSP+CB0 ] 0x206              (size_t)
	[RSP+CB8 ] 0x7FFD902E3B7F     (void* -> KERNELBASE.dll+0023B7F)
	[RSP+CC0 ] 0x6D98             (size_t)
	[RSP+CC8 ] 0x0                (size_t)
	[RSP+CD0 ] 0x7FF700000000     (size_t)
	[RSP+CD8 ] 0x7FF780579C28     (void* -> Fallout4.exe+2DB9C28)
	[RSP+CE0 ] 0x2CDA412A3C0      (BSResource::`anonymous namespace'::LooseFileStream*)
	[RSP+CE8 ] 0x7FF77F345F6E     (void* -> Fallout4.exe+1B85F6E)
	[RSP+CF0 ] 0x2CD9FB18A10      (BShkbHkxDB::hkxDBData*)
	[RSP+CF8 ] 0x7FF77EF09A4C     (void* -> Fallout4.exe+1749A4C)
	[RSP+D00 ] 0xFBDCA7F4B0       (void*)
	[RSP+D08 ] 0x2CD010AE400      (void*)
	[RSP+D10 ] 0x2CDE18EDCF0      (char*) "z"
	[RSP+D18 ] 0x12A              (size_t)
	[RSP+D20 ] 0x7FF780582020     (void* -> Fallout4.exe+2DC2020)
	[RSP+D28 ] 0x2CDA40841D0      (`anonymous namespace'::QueuedSubBehaviorHandles*)
	[RSP+D30 ] 0x2CDA45D73E0      (BSSubBehaviorGraphSingletonData*)
	[RSP+D38 ] 0x2                (size_t)
	[RSP+D40 ] 0x4                (size_t)
	[RSP+D48 ] 0x7FF77EED1282     (void* -> Fallout4.exe+1711282)
	[RSP+D50 ] 0x0                (size_t)
	[RSP+D58 ] 0x2CDFFFF0001      (void*)
	[RSP+D60 ] 0x2CDA412A3C0      (BSResource::`anonymous namespace'::LooseFileStream*)
	[RSP+D68 ] 0x5440             (size_t)
	[RSP+D70 ] 0x2CDA45D73E0      (BSSubBehaviorGraphSingletonData*)
	[RSP+D78 ] 0xFBDCA7F4C8       (BSAutoQueuedResourceCollection<`anonymous namespace'::QueuedSubBehaviorHandles>*)
	[RSP+D80 ] 0x0                (size_t)
	[RSP+D88 ] 0x7FF780582020     (void* -> Fallout4.exe+2DC2020)
	[RSP+D90 ] 0x0                (size_t)
	[RSP+D98 ] 0x2CDA40841D0      (`anonymous namespace'::QueuedSubBehaviorHandles*)
	[RSP+DA0 ] 0x7FF700000002     (size_t)
	[RSP+DA8 ] 0x2CD998EEF80      (void*)
	[RSP+DB0 ] 0x1                (size_t)
	[RSP+DB8 ] 0x1                (size_t)
	[RSP+DC0 ] 0x5                (size_t)
	[RSP+DC8 ] 0x4                (size_t)
	[RSP+DD0 ] 0x2CDA40841D0      (`anonymous namespace'::QueuedSubBehaviorHandles*)
	[RSP+DD8 ] 0x7FF77F467E53     (void* -> Fallout4.exe+1CA7E53)
	[RSP+DE0 ] 0x2                (size_t)
	[RSP+DE8 ] 0x7FF77D7C0000     (void*)
	[RSP+DF0 ] 0x2CD82D26B00      (IOManagerThread*)
	[RSP+DF8 ] 0x1                (size_t)
	[RSP+E00 ] 0xFBDCA7F618       (void*)
	[RSP+E08 ] 0x7FF77F468B04     (void* -> Fallout4.exe+1CA8B04)
	[RSP+E10 ] 0x0                (size_t)
	[RSP+E18 ] 0x2CDA4084230      (`anonymous namespace'::QueuedSubBehaviorHandles*)
	[RSP+E20 ] 0x2CDA4084230      (`anonymous namespace'::QueuedSubBehaviorHandles*)
	[RSP+E28 ] 0x0                (size_t)
	[RSP+E30 ] 0xFBDCA7F618       (void*)
	[RSP+E38 ] 0x7FF77F32E7DA     (void* -> Fallout4.exe+1B6E7DA)
	[RSP+E40 ] 0x1                (size_t)
	[RSP+E48 ] 0x2CDA4084230      (`anonymous namespace'::QueuedSubBehaviorHandles*)
	[RSP+E50 ] 0x2CDA4084230      (`anonymous namespace'::QueuedSubBehaviorHandles*)
	[RSP+E58 ] 0x7FF78329FEA0     (void* -> Fallout4.exe+5ADFEA0)
	[RSP+E60 ] 0x7FF78329FE98     (void* -> Fallout4.exe+5ADFE98)
	[RSP+E68 ] 0x7FF77F32E90D     (void* -> Fallout4.exe+1B6E90D)
	[RSP+E70 ] 0x0                (size_t)
	[RSP+E78 ] 0x7FF78329FF60     (void* -> Fallout4.exe+5ADFF60)
	[RSP+E80 ] 0x0                (size_t)
	[RSP+E88 ] 0x0                (size_t)
	[RSP+E90 ] 0x7FF78329FE60     (BSResource::EntryDB<BShkbHkxDB::DBTraits>*)
	[RSP+E98 ] 0x2                (size_t)
	[RSP+EA0 ] 0x0                (size_t)
	[RSP+EA8 ] 0x7FF77F32D60C     (void* -> Fallout4.exe+1B6D60C)
	[RSP+EB0 ] 0x2                (size_t)
	[RSP+EB8 ] 0x2CD82E5BC50      (void*)
	[RSP+EC0 ] 0x2010000DAD1DAD1  (size_t)
	[RSP+EC8 ] 0x0                (size_t)
	[RSP+ED0 ] 0xFBDCA7F678       (void*)
	[RSP+ED8 ] 0xFBDCA7F678       (void*)
	[RSP+EE0 ] 0xFBDCA7F610       (void*)
	[RSP+EE8 ] 0xFBDCA7F660       (void*)
	[RSP+EF0 ] 0x2                (size_t)
	[RSP+EF8 ] 0x2CDA47A84E0      (BSTextureDB::QueuedHandles*)
	[RSP+F00 ] 0xFF               (size_t)
	[RSP+F08 ] 0x0                (size_t)
	[RSP+F10 ] 0x2CD82E5BC34      (void*)
	[RSP+F18 ] 0x7FF77F4646EE     (void* -> Fallout4.exe+1CA46EE)
	[RSP+F20 ] 0x2CD00000000      (void*)
	[RSP+F28 ] 0x2CD82E5BC50      (void*)
	[RSP+F30 ] 0xFFFFFFFF         (size_t)
	[RSP+F38 ] 0x0                (size_t)
	[RSP+F40 ] 0x2010000DAD1DAD1  (size_t)
	[RSP+F48 ] 0x0                (size_t)
	[RSP+F50 ] 0x0                (size_t)
	[RSP+F58 ] 0x7FF77F467696     (void* -> Fallout4.exe+1CA7696)
	[RSP+F60 ] 0x2CDA47A84E0      (BSTextureDB::QueuedHandles*)
	[RSP+F68 ] 0xFFFFFFFF         (size_t)
	[RSP+F70 ] 0x2CD06F542A0      (IOManager*)
	[RSP+F78 ] 0x0                (size_t)
	[RSP+F80 ] 0x2CD000028D8      (void*)
	[RSP+F88 ] 0x0                (size_t)
	[RSP+F90 ] 0x2010000DAD1DAD1  (size_t)
	[RSP+F98 ] 0x2CD82E5BC50      (void*)
	[RSP+FA0 ] 0x2CD82E5BC50      (void*)
	[RSP+FA8 ] 0x0                (size_t)
	[RSP+FB0 ] 0x0                (size_t)
	[RSP+FB8 ] 0x0                (size_t)
	[RSP+FC0 ] 0x0                (size_t)
	[RSP+FC8 ] 0x0                (size_t)
	[RSP+FD0 ] 0x0                (size_t)
	[RSP+FD8 ] 0x0                (size_t)
	[RSP+FE0 ] 0x0                (size_t)
	[RSP+FE8 ] 0x0                (size_t)
	[RSP+FF0 ] 0x2CD82D26B00      (IOManagerThread*)
	[RSP+FF8 ] 0x7FF77F2DCFED     (void* -> Fallout4.exe+1B1CFED)
	[RSP+1000] 0x2CD82D26B00      (IOManagerThread*)
	[RSP+1008] 0xFBDCA7F700       (void*)
	[RSP+1010] 0x2CD7ED6EE00      (void*)
	[RSP+1018] 0xFFFFFFFF         (size_t)
	[RSP+1020] 0x2CD82D26B00      (IOManagerThread*)
	[RSP+1028] 0x0                (size_t)
	[RSP+1030] 0x0                (size_t)
	[RSP+1038] 0x7FFD9228257D     (void* -> KERNEL32.DLL+001257D)
	[RSP+1040] 0x0                (size_t)
	[RSP+1048] 0x0                (size_t)
	[RSP+1050] 0x0                (size_t)
	[RSP+1058] 0x0                (size_t)
	[RSP+1060] 0x0                (size_t)
	[RSP+1068] 0x7FFD92E0AA78     (void* -> ntdll.dll+005AA78)
	[RSP+1070] 0x0                (size_t)
	[RSP+1078] 0x0                (size_t)
	[RSP+1080] 0x0                (size_t)
	[RSP+1088] 0x0                (size_t)
	[RSP+1090] 0x0                (size_t)
	[RSP+1098] 0x0                (size_t)
	[RSP+10A0] 0xE0F8A7D00000000  (size_t)
	[RSP+10A8] 0x0                (size_t)
	[RSP+10B0] 0x4F0FFFFFB30      (size_t)
	[RSP+10B8] 0x7FFD9041C550     (void* -> KERNELBASE.dll+015C550)
	[RSP+10C0] 0xFBDCA7D880       (void*)
	[RSP+10C8] 0x3FFECF2727968    (size_t)
	[RSP+10D0] 0x7FFD9E4E4F2D     (size_t)
	[RSP+10D8] 0xFBDCA7D880       (void*)
	[RSP+10E0] 0x0                (size_t)
	[RSP+10E8] 0x0                (size_t)
	[RSP+10F0] 0x0                (size_t)
	[RSP+10F8] 0x0                (size_t)
	[RSP+1100] 0x0                (size_t)
	[RSP+1108] 0x0                (size_t)
	[RSP+1110] 0x0                (size_t)
	[RSP+1118] 0x0                (size_t)
	[RSP+1120] 0x0                (size_t)
	[RSP+1128] 0x0                (size_t)
	[RSP+1130] 0x0                (size_t)
	[RSP+1138] 0x0                (size_t)
	[RSP+1140] 0x0                (size_t)
	[RSP+1148] 0x0                (size_t)
	[RSP+1150] 0x0                (size_t)
	[RSP+1158] 0x0                (size_t)
	[RSP+1160] 0x0                (size_t)
	[RSP+1168] 0x0                (size_t)
	[RSP+1170] 0x0                (size_t)
	[RSP+1178] 0x0                (size_t)
	[RSP+1180] 0x0                (size_t)
	[RSP+1188] 0x0                (size_t)
	[RSP+1190] 0x0                (size_t)
	[RSP+1198] 0x0                (size_t)
	[RSP+11A0] 0x0                (size_t)
	[RSP+11A8] 0x0                (size_t)
	[RSP+11B0] 0x0                (size_t)
	[RSP+11B8] 0x0                (size_t)
	[RSP+11C0] 0x0                (size_t)
	[RSP+11C8] 0x0                (size_t)
	[RSP+11D0] 0x0                (size_t)
	[RSP+11D8] 0x0                (size_t)
	[RSP+11E0] 0x0                (size_t)
	[RSP+11E8] 0x0                (size_t)
	[RSP+11F0] 0x0                (size_t)
	[RSP+11F8] 0x0                (size_t)
	[RSP+1200] 0x0                (size_t)
	[RSP+1208] 0x0                (size_t)
	[RSP+1210] 0x0                (size_t)
	[RSP+1218] 0x0                (size_t)
	[RSP+1220] 0x0                (size_t)
	[RSP+1228] 0x0                (size_t)
	[RSP+1230] 0x0                (size_t)
	[RSP+1238] 0x0                (size_t)
	[RSP+1240] 0x0                (size_t)
	[RSP+1248] 0x0                (size_t)
	[RSP+1250] 0x0                (size_t)
	[RSP+1258] 0x0                (size_t)
	[RSP+1260] 0x0                (size_t)
	[RSP+1268] 0x0                (size_t)
	[RSP+1270] 0x0                (size_t)
	[RSP+1278] 0x0                (size_t)
	[RSP+1280] 0x0                (size_t)
	[RSP+1288] 0x0                (size_t)
	[RSP+1290] 0x0                (size_t)
	[RSP+1298] 0x0                (size_t)
	[RSP+12A0] 0x0                (size_t)
	[RSP+12A8] 0x0                (size_t)
	[RSP+12B0] 0x0                (size_t)
	[RSP+12B8] 0x0                (size_t)
	[RSP+12C0] 0x0                (size_t)
	[RSP+12C8] 0x0                (size_t)
	[RSP+12D0] 0x0                (size_t)
	[RSP+12D8] 0x0                (size_t)
	[RSP+12E0] 0x0                (size_t)
	[RSP+12E8] 0x0                (size_t)
	[RSP+12F0] 0x0                (size_t)
	[RSP+12F8] 0x0                (size_t)
	[RSP+1300] 0x0                (size_t)
	[RSP+1308] 0x0                (size_t)
	[RSP+1310] 0x0                (size_t)
	[RSP+1318] 0x0                (size_t)
	[RSP+1320] 0x0                (size_t)
	[RSP+1328] 0x0                (size_t)
	[RSP+1330] 0x0                (size_t)
	[RSP+1338] 0x0                (size_t)
	[RSP+1340] 0x0                (size_t)
	[RSP+1348] 0x0                (size_t)
	[RSP+1350] 0x0                (size_t)
	[RSP+1358] 0x0                (size_t)
	[RSP+1360] 0x0                (size_t)
	[RSP+1368] 0x0                (size_t)
	[RSP+1370] 0x0                (size_t)
	[RSP+1378] 0x0                (size_t)
	[RSP+1380] 0x0                (size_t)
	[RSP+1388] 0x0                (size_t)
	[RSP+1390] 0x0                (size_t)
	[RSP+1398] 0x0                (size_t)
	[RSP+13A0] 0x0                (size_t)
	[RSP+13A8] 0x0                (size_t)
	[RSP+13B0] 0x0                (size_t)
	[RSP+13B8] 0x0                (size_t)
	[RSP+13C0] 0x0                (size_t)
	[RSP+13C8] 0x0                (size_t)
	[RSP+13D0] 0x0                (size_t)
	[RSP+13D8] 0x0                (size_t)
	[RSP+13E0] 0x0                (size_t)
	[RSP+13E8] 0x0                (size_t)
	[RSP+13F0] 0x0                (size_t)
	[RSP+13F8] 0x0                (size_t)
	[RSP+1400] 0x0                (size_t)
	[RSP+1408] 0x0                (size_t)
	[RSP+1410] 0x0                (size_t)
	[RSP+1418] 0x0                (size_t)
	[RSP+1420] 0x0                (size_t)
	[RSP+1428] 0x0                (size_t)
	[RSP+1430] 0x0                (size_t)
	[RSP+1438] 0x0                (size_t)
	[RSP+1440] 0x0                (size_t)
	[RSP+1448] 0x0                (size_t)
	[RSP+1450] 0x0                (size_t)
	[RSP+1458] 0x0                (size_t)
	[RSP+1460] 0x0                (size_t)
	[RSP+1468] 0x0                (size_t)
	[RSP+1470] 0x0                (size_t)
	[RSP+1478] 0x0                (size_t)
	[RSP+1480] 0x0                (size_t)
	[RSP+1488] 0x0                (size_t)
	[RSP+1490] 0x0                (size_t)
	[RSP+1498] 0x0                (size_t)
	[RSP+14A0] 0x0                (size_t)
	[RSP+14A8] 0x0                (size_t)
	[RSP+14B0] 0x0                (size_t)
	[RSP+14B8] 0x0                (size_t)
	[RSP+14C0] 0x0                (size_t)
	[RSP+14C8] 0x0                (size_t)
	[RSP+14D0] 0x0                (size_t)
	[RSP+14D8] 0x0                (size_t)
	[RSP+14E0] 0x0                (size_t)
	[RSP+14E8] 0x0                (size_t)
	[RSP+14F0] 0x0                (size_t)
	[RSP+14F8] 0x0                (size_t)
	[RSP+1500] 0x0                (size_t)
	[RSP+1508] 0x0                (size_t)
	[RSP+1510] 0x0                (size_t)
	[RSP+1518] 0x0                (size_t)
	[RSP+1520] 0x0                (size_t)
	[RSP+1528] 0x0                (size_t)
	[RSP+1530] 0x0                (size_t)
	[RSP+1538] 0x0                (size_t)
	[RSP+1540] 0x0                (size_t)
	[RSP+1548] 0x0                (size_t)
	[RSP+1550] 0x0                (size_t)
	[RSP+1558] 0x0                (size_t)
	[RSP+1560] 0x0                (size_t)
	[RSP+1568] 0x0                (size_t)
	[RSP+1570] 0x0                (size_t)
	[RSP+1578] 0x0                (size_t)
	[RSP+1580] 0x0                (size_t)
	[RSP+1588] 0x0                (size_t)
	[RSP+1590] 0x0                (size_t)
	[RSP+1598] 0x0                (size_t)
	[RSP+15A0] 0x0                (size_t)
	[RSP+15A8] 0x0                (size_t)
	[RSP+15B0] 0x0                (size_t)
	[RSP+15B8] 0x0                (size_t)
	[RSP+15C0] 0x0                (size_t)
	[RSP+15C8] 0x0                (size_t)
	[RSP+15D0] 0x0                (size_t)
	[RSP+15D8] 0x0                (size_t)
	[RSP+15E0] 0x0                (size_t)
	[RSP+15E8] 0x0                (size_t)
	[RSP+15F0] 0x0                (size_t)
	[RSP+15F8] 0x0                (size_t)
	[RSP+1600] 0x0                (size_t)
	[RSP+1608] 0x0                (size_t)
	[RSP+1610] 0x0                (size_t)
	[RSP+1618] 0x0                (size_t)
	[RSP+1620] 0x0                (size_t)
	[RSP+1628] 0x0                (size_t)
	[RSP+1630] 0x0                (size_t)
	[RSP+1638] 0x0                (size_t)
	[RSP+1640] 0x0                (size_t)
	[RSP+1648] 0x0                (size_t)
	[RSP+1650] 0x0                (size_t)
	[RSP+1658] 0x0                (size_t)
	[RSP+1660] 0x0                (size_t)
	[RSP+1668] 0x0                (size_t)
	[RSP+1670] 0x0                (size_t)
	[RSP+1678] 0x0                (size_t)
	[RSP+1680] 0x0                (size_t)
	[RSP+1688] 0x0                (size_t)
	[RSP+1690] 0x0                (size_t)
	[RSP+1698] 0x0                (size_t)
	[RSP+16A0] 0x0                (size_t)
	[RSP+16A8] 0x0                (size_t)
	[RSP+16B0] 0x0                (size_t)
	[RSP+16B8] 0x0                (size_t)
	[RSP+16C0] 0x0                (size_t)
	[RSP+16C8] 0x0                (size_t)
	[RSP+16D0] 0x0                (size_t)
	[RSP+16D8] 0x0                (size_t)
	[RSP+16E0] 0x0                (size_t)
	[RSP+16E8] 0x0                (size_t)
	[RSP+16F0] 0x0                (size_t)
	[RSP+16F8] 0x0                (size_t)
	[RSP+1700] 0x0                (size_t)
	[RSP+1708] 0x0                (size_t)
	[RSP+1710] 0x0                (size_t)
	[RSP+1718] 0x0                (size_t)
	[RSP+1720] 0x0                (size_t)
	[RSP+1728] 0x0                (size_t)
	[RSP+1730] 0x0                (size_t)
	[RSP+1738] 0x0                (size_t)
	[RSP+1740] 0x0                (size_t)
	[RSP+1748] 0x0                (size_t)
	[RSP+1750] 0x0                (size_t)
	[RSP+1758] 0x0                (size_t)
	[RSP+1760] 0x0                (size_t)
	[RSP+1768] 0x0                (size_t)
	[RSP+1770] 0x0                (size_t)
	[RSP+1778] 0x0                (size_t)
	[RSP+1780] 0x0                (size_t)
	[RSP+1788] 0x0                (size_t)
	[RSP+1790] 0x0                (size_t)
	[RSP+1798] 0x0                (size_t)
	[RSP+17A0] 0x0                (size_t)
	[RSP+17A8] 0x0                (size_t)
	[RSP+17B0] 0x0                (size_t)
	[RSP+17B8] 0x0                (size_t)
	[RSP+17C0] 0x0                (size_t)
	[RSP+17C8] 0x0                (size_t)
	[RSP+17D0] 0x0                (size_t)
	[RSP+17D8] 0x0                (size_t)
	[RSP+17E0] 0x0                (size_t)
	[RSP+17E8] 0x0                (size_t)
	[RSP+17F0] 0x0                (size_t)
	[RSP+17F8] 0x0                (size_t)
	[RSP+1800] 0x0                (size_t)
	[RSP+1808] 0x0                (size_t)
	[RSP+1810] 0x0                (size_t)
	[RSP+1818] 0x0                (size_t)
	[RSP+1820] 0x0                (size_t)
	[RSP+1828] 0x0                (size_t)
	[RSP+1830] 0x0                (size_t)
	[RSP+1838] 0x0                (size_t)
	[RSP+1840] 0x0                (size_t)
	[RSP+1848] 0x0                (size_t)
	[RSP+1850] 0x0                (size_t)
	[RSP+1858] 0x0                (size_t)
	[RSP+1860] 0x0                (size_t)
	[RSP+1868] 0x0                (size_t)
	[RSP+1870] 0x0                (size_t)
	[RSP+1878] 0x0                (size_t)
	[RSP+1880] 0x0                (size_t)
	[RSP+1888] 0x0                (size_t)
	[RSP+1890] 0x0                (size_t)
	[RSP+1898] 0x0                (size_t)
	[RSP+18A0] 0x0                (size_t)
	[RSP+18A8] 0x0                (size_t)
	[RSP+18B0] 0x0                (size_t)
	[RSP+18B8] 0x0                (size_t)

MODULES:
	XINPUT1_3.dll                      0x000000400000
	steam_api64.dll                    0x0000744B0000
	X3DAudio1_7.dll                    0x0000744F0000
	d3d11.dll                          0x000180000000
	SprintStutteringFix.dll            0x02CCA0350000
	MSCTF.dll                          0x02CCEF050000
	tbb.dll                            0x02CCFD550000
	tbbmalloc.dll                      0x02CCFD5D0000
	clbcatq.dll                        0x02CDE2190000
	Fallout4.exe                       0x7FF77D7C0000
	nvcuda64.dll                       0x7FFCBDB00000
	d3dcompiler_47_64.dll              0x7FFCBE4B0000
	NvCamera64.dll                     0x7FFCBE8C0000
	d3dcompiler_46e.dll                0x7FFCC6560000
	gameoverlayrenderer64.dll          0x7FFCC6920000
	SUP_F4SE.dll                       0x7FFCC6AB0000
	steamclient64.dll                  0x7FFCC7910000
	wsfw_identifier.dll                0x7FFCEDC70000
	ScreenArcherMenu.dll               0x7FFCEDD70000
	KiLoaderSatelliteENB.dllplugin     0x7FFCEE2C0000
	XDI.dll                            0x7FFCEE5F0000
	SAF.dll                            0x7FFCEE660000
	RobCo_Patcher.dll                  0x7FFCEEB40000
	NAF.dll                            0x7FFCEEC30000
	SprintSpeedController.dll          0x7FFCEFC30000
	PowerGridTools.dll                 0x7FFCF0870000
	LighthousePapyrusExtender.dll      0x7FFCF08E0000
	po3_SimpleOffenceSuppressionF4.dll 0x7FFCF3850000
	Outfit-ReDress-Fix.dll             0x7FFCF3970000
	KiENBExtender.dll                  0x7FFCF39C0000
	LongLoadingTimesFix.dll            0x7FFD0E160000
	KiLoader.dll                       0x7FFD0E1C0000
	KiLoaderSatelliteF4SE.dll          0x7FFD0E250000
	HHS.dll                            0x7FFD0E2A0000
	CONCRT140.dll                      0x7FFD0E720000
	Interior-NavCut-Fix.dll            0x7FFD0E770000
	GLXRM_UnleveledWorld.dll           0x7FFD0E7C0000
	GLXRM_SprintOverhaul.dll           0x7FFD16F50000
	GLXRM_ScalingFlagRemover.dll       0x7FFD16FA0000
	f4pm.dll                           0x7FFD16FF0000
	f4ee.dll                           0x7FFD17060000
	CookableGrenade.dll                0x7FFD17170000
	cbp.dll                            0x7FFD171C0000
	BodyPartsUI.dll                    0x7FFD17240000
	BlockingOverhaul.dll               0x7FFD17290000
	BakaLevelUpMenu.dll                0x7FFD172E0000
	BakaFramework.dll                  0x7FFD173A0000
	ShadowBoostFO4.dll                 0x7FFD17490000
	po3_SpellPerkItemDistributorF4.dll 0x7FFD17560000
	po3_BaseObjectSwapperF4.dll        0x7FFD17670000
	mcm.dll                            0x7FFD17780000
	ENBInputDisabler.dll               0x7FFD17820000
	WhoseQuestIsItAnywayF4.dll         0x7FFD1EE50000
	ArmorPenetrationBugFix.dll         0x7FFD212B0000
	HighFPSPhysicsFix.dll              0x7FFD21300000
	FavoritesMenuEx.dll                0x7FFD244C0000
	vertibird_jump.dll                 0x7FFD24B10000
	UneducatedShooter.dll              0x7FFD258D0000
	Discord_Presence_F4SE.dll          0x7FFD2B940000
	FloatingDamage.dll                 0x7FFD2BA80000
	UnlimitedSurvivalMode.dll          0x7FFD2BF00000
	ToYourFaceFO4.dll                  0x7FFD2C900000
	DINPUT8.dll                        0x7FFD2CE50000
	MessageBus.dll                     0x7FFD2E0E0000
	ASM.Plugin.AudioDevProps2.dll      0x7FFD2F560000
	rename_anything.dll                0x7FFD303F0000
	AudioDevProps2.dll                 0x7FFD31E00000
	F4z Ro D'oh.dll                    0x7FFD32BD0000
	Buffout4.dll                       0x7FFD32D90000
	NahimicOSD.dll                     0x7FFD33900000
	ProductInfo.dll                    0x7FFD339B0000
	deviceaccess.dll                   0x7FFD33A20000
	LooksmenuPlayerRotation.dll        0x7FFD34CD0000
	hudextension.dll                   0x7FFD40000000
	flexRelease_x64.dll                0x7FFD41340000
	CustomScaleFix.dll                 0x7FFD414A0000
	ClassicHolsteredWeapons.dll        0x7FFD41510000
	CCExtenderF4.dll                   0x7FFD415C0000
	BetterConsole.dll                  0x7FFD41630000
	BakaScrapHeap.dll                  0x7FFD416A0000
	nvwgf2umx.dll                      0x7FFD42090000
	PriorityMod.dll                    0x7FFD47E20000
	cudart64_75.dll                    0x7FFD47FE0000
	libdiskCacheEnabler.dll            0x7FFD48250000
	bink2w64.dll                       0x7FFD48270000
	enbhelperf4.dll                    0x7FFD48330000
	crafting_highlight_fix.dll         0x7FFD48830000
	f4se_1_10_163.dll                  0x7FFD49500000
	BakaMaxPapyrusOps.dll              0x7FFD497F0000
	d3dx11_43.dll                      0x7FFD49960000
	tier0_s64.dll                      0x7FFD49AB0000
	WINHTTP.dll                        0x7FFD49C50000
	flexExtRelease_x64.dll             0x7FFD4A290000
	ActorVelocityFramework.dll         0x7FFD4A430000
	vstdlib_s64.dll                    0x7FFD4A4D0000
	D3DCOMPILER_43.dll                 0x7FFD4A7A0000
	XAudio2_7.dll                      0x7FFD4B040000
	GFSDK_SSAO_D3D11.win64.dll         0x7FFD4B0D0000
	MSVCR110.dll                       0x7FFD4B370000
	f4se_steam_loader.dll              0x7FFD4B7C0000
	MSVCP110.dll                       0x7FFD52310000
	usvfs_x64.dll                      0x7FFD560B0000
	GFSDK_GodraysLib.x64.dll           0x7FFD56C90000
	encounter_zone_recalculation.dll   0x7FFD58850000
	ncryptsslp.dll                     0x7FFD5D060000
	WININET.dll                        0x7FFD5D1C0000
	nvapi64.dll                        0x7FFD60D40000
	nvgpucomp64.dll                    0x7FFD64ED0000
	MSVCP140.dll                       0x7FFD6B0B0000
	MessageBus.dll                     0x7FFD6B340000
	VCRUNTIME140.dll                   0x7FFD6BD40000
	MpOav.dll                          0x7FFD6C3B0000
	amsi.dll                           0x7FFD6CEB0000
	textinputframework.dll             0x7FFD6F300000
	VCRUNTIME140_1.dll                 0x7FFD73930000
	ResampleDmo.DLL                    0x7FFD74780000
	winmmbase.dll                      0x7FFD74840000
	AudioSes.dll                       0x7FFD773B0000
	MMDevApi.dll                       0x7FFD78740000
	DSOUND.DLL                         0x7FFD78E20000
	nvldumdx.dll                       0x7FFD7BC80000
	MSVCP140_ATOMIC_WAIT.dll           0x7FFD7BF00000
	nvspcap64.dll                      0x7FFD7C720000
	Windows.UI.dll                     0x7FFD7D7B0000
	inputhost.dll                      0x7FFD7D980000
	gdiplus.dll                        0x7FFD7E030000
	AmmoRemover.dll                    0x7FFD7EAE0000
	XINPUT9_1_0.dll                    0x7FFD7ED40000
	wbemsvc.dll                        0x7FFD7F780000
	fastprox.dll                       0x7FFD7F7A0000
	webio.dll                          0x7FFD7FD40000
	dbghelp.dll                        0x7FFD82D00000
	nvToolsExt64_1.dll                 0x7FFD83230000
	KiHalloc.dll                       0x7FFD83250000
	MSIMG32.dll                        0x7FFD83290000
	wbemcomn.dll                       0x7FFD832A0000
	wbemprox.dll                       0x7FFD838C0000
	drvstore.dll                       0x7FFD83920000
	cryptnet.dll                       0x7FFD83A80000
	atidxx64.dll                       0x7FFD83D00000
	COMCTL32.dll                       0x7FFD85C50000
	aticfx64.dll                       0x7FFD867D0000
	amdihk64.dll                       0x7FFD86A20000
	atiuxp64.dll                       0x7FFD86A50000
	SilentProtagonistF4SE.dll          0x7FFD87890000
	fwpuclnt.dll                       0x7FFD879B0000
	VERSION.dll                        0x7FFD87A40000
	rasadhlp.dll                       0x7FFD87A50000
	WINMM.dll                          0x7FFD87D00000
	CoreUIComponents.dll               0x7FFD897A0000
	dhcpcsvc.DLL                       0x7FFD89E40000
	dhcpcsvc6.DLL                      0x7FFD89E60000
	avrt.dll                           0x7FFD89E80000
	WINHTTP.DLL                        0x7FFD89FB0000
	directxdatabasehelper.dll          0x7FFD8A110000
	PropSys.dll                        0x7FFD8AE20000
	xinput1_4.dll                      0x7FFD8B180000
	msdmo.dll                          0x7FFD8B840000
	D3DCOMPILER_47.dll                 0x7FFD8BAD0000
	WindowsCodecs.dll                  0x7FFD8BEC0000
	d3d11.dll                          0x7FFD8C8E0000
	dcomp.dll                          0x7FFD8CB40000
	CoreMessaging.dll                  0x7FFD8D1B0000
	apphelp.dll                        0x7FFD8D490000
	WINNSI.DLL                         0x7FFD8D610000
	UxTheme.dll                        0x7FFD8D620000
	dxcore.dll                         0x7FFD8D740000
	dxgi.dll                           0x7FFD8D780000
	dwmapi.dll                         0x7FFD8D8B0000
	resourcepolicyclient.dll           0x7FFD8DBF0000
	wintypes.dll                       0x7FFD8DF20000
	windows.storage.dll                0x7FFD8E060000
	HID.DLL                            0x7FFD8E960000
	IPHLPAPI.DLL                       0x7FFD8EBB0000
	DNSAPI.dll                         0x7FFD8EBE0000
	Secur32.dll                        0x7FFD8EF40000
	schannel.DLL                       0x7FFD8EFC0000
	rsaenh.dll                         0x7FFD8F0D0000
	kernel.appcore.dll                 0x7FFD8F170000
	ntmarta.dll                        0x7FFD8F190000
	SSPICLI.DLL                        0x7FFD8F3D0000
	MSWSOCK.dll                        0x7FFD8F5F0000
	USERENV.dll                        0x7FFD8F6E0000
	CRYPTBASE.DLL                      0x7FFD8F840000
	CRYPTSP.dll                        0x7FFD8F850000
	wldp.dll                           0x7FFD8F8F0000
	NTASN1.dll                         0x7FFD8F970000
	ncrypt.dll                         0x7FFD8F9B0000
	bcrypt.dll                         0x7FFD8F9E0000
	devobj.dll                         0x7FFD8FD50000
	CFGMGR32.dll                       0x7FFD8FD80000
	DPAPI.DLL                          0x7FFD8FDF0000
	MSASN1.dll                         0x7FFD8FE00000
	UMPDC.dll                          0x7FFD8FFE0000
	powrprof.dll                       0x7FFD90000000
	profapi.dll                        0x7FFD90060000
	gdi32full.dll                      0x7FFD90130000
	WINTRUST.dll                       0x7FFD90250000
	KERNELBASE.dll                     0x7FFD902C0000
	ucrtbase.dll                       0x7FFD90670000
	win32u.dll                         0x7FFD90790000
	msvcp_win.dll                      0x7FFD907C0000
	bcryptPrimitives.dll               0x7FFD90860000
	CRYPT32.dll                        0x7FFD908E0000
	NSI.dll                            0x7FFD90B10000
	msvcrt.dll                         0x7FFD90B20000
	imagehlp.dll                       0x7FFD90BD0000
	OLEAUT32.dll                       0x7FFD90D40000
	SHLWAPI.dll                        0x7FFD90E20000
	combase.dll                        0x7FFD90E80000
	SHELL32.dll                        0x7FFD91210000
	sechost.dll                        0x7FFD91A70000
	ADVAPI32.dll                       0x7FFD91B20000
	shcore.dll                         0x7FFD91BD0000
	RPCRT4.dll                         0x7FFD91CD0000
	SETUPAPI.dll                       0x7FFD91DF0000
	KERNEL32.DLL                       0x7FFD92270000
	WS2_32.dll                         0x7FFD925B0000
	IMM32.DLL                          0x7FFD92730000
	COMDLG32.dll                       0x7FFD92770000
	ole32.dll                          0x7FFD92870000
	GDI32.dll                          0x7FFD92AA0000
	USER32.dll                         0x7FFD92BA0000
	PSAPI.DLL                          0x7FFD92D50000
	ntdll.dll                          0x7FFD92DB0000

F4SE PLUGINS:
	ActorVelocityFramework.dll v1
	AmmoRemover.dll v1.0.5
	ArmorPenetrationBugFix.dll v1
	BakaFramework.dll v1.10
	BakaLevelUpMenu.dll v2
	BakaMaxPapyrusOps.dll v1.1
	BakaScrapHeap.dll v1.3
	BetterConsole.dll
	BlockingOverhaul.dll v1
	BodyPartsUI.dll v1
	Buffout4.dll v1.28.6
	cbp.dll
	CCExtenderF4.dll v1.2
	ClassicHolsteredWeapons.dll
	CookableGrenade.dll v1
	crafting_highlight_fix.dll
	CustomScaleFix.dll
	Discord_Presence_F4SE.dll
	enbhelperf4.dll v1
	ENBInputDisabler.dll v1
	encounter_zone_recalculation.dll
	f4ee.dll
	f4pm.dll
	F4z Ro D'oh.dll v1.1.6.1030
	FavoritesMenuEx.dll
	FloatingDamage.dll
	GLXRM_ScalingFlagRemover.dll v1
	GLXRM_SprintOverhaul.dll v1
	GLXRM_UnleveledWorld.dll v1
	HHS.dll
	HighFPSPhysicsFix.dll
	hudextension.dll
	Interior-NavCut-Fix.dll v1.0.3
	KiLoaderSatelliteF4SE.dll v1.2
	libdiskCacheEnabler.dll
	LighthousePapyrusExtender.dll v1.4
	LongLoadingTimesFix.dll
	LooksmenuPlayerRotation.dll
	mcm.dll
	NAF.dll v0.7.9
	Outfit-ReDress-Fix.dll v1
	po3_BaseObjectSwapperF4.dll v1
	po3_SimpleOffenceSuppressionF4.dll v1
	po3_SpellPerkItemDistributorF4.dll v2
	PowerGridTools.dll
	PriorityMod.dll
	rename_anything.dll
	RobCo_Patcher.dll v3.5
	SAF.dll
	ScreenArcherMenu.dll
	ShadowBoostFO4.dll
	SilentProtagonistF4SE.dll
	SprintSpeedController.dll v1
	SprintStutteringFix.dll
	SUP_F4SE.dll
	ToYourFaceFO4.dll
	UneducatedShooter.dll v1
	UnlimitedSurvivalMode.dll
	vertibird_jump.dll
	WhoseQuestIsItAnywayF4.dll v1
	wsfw_identifier.dll
	XDI.dll

PLUGINS:
	[00]     Fallout4.esm
	[01]     DLCRobot.esm
	[02]     DLCworkshop01.esm
	[03]     DLCCoast.esm
	[04]     DLCworkshop02.esm
	[05]     DLCworkshop03.esm
	[06]     DLCNukaWorld.esm
	[07]     Unofficial Fallout 4 Patch.esp
	[08]     HUDFramework.esm
	[09]     XDI.esm
	[0A]     WorkshopFramework.esm
	[0B]     MutantMenagerie.esm
	[0C]     SS2.esm
	[0D]     SS2_XPAC_Chapter2.esm
	[0E]     SS2_XPAC_Chapter3.esm
	[0F]     TacticalReload.esm
	[10]     T6M_BurstFireFramework.esm
	[11]     DamnApocalypse_CORE.esm
	[12]     Serene Skin.esp
	[13]     PiperCaitCurieDialogueOverhaul.esp
	[14]     SettlementMenuManager.esp
	[15]     CompanionStatus.esp
	[16]     PhotoMode.esp
	[17]     LooksMenu.esp
	[18]     Q_DarkCommonwealth.esp
	[19]     DamnApocalypse_Loot.esp
	[1A]     Another Pine Forest Mod.esp
	[1B]     RED.esp
	[1C]     Q_Light_ExitSignOff.esp
	[1D]     SS2Extended.esp
	[1E]     DamnApocalypse_PowerArmor.esp
	[1F]     SuperMutantRedux.esp
	[20]     OutcastsAndRemnants.esp
	[21]     Depravity.esp
	[22]     RaiderOverhaul.esp
	[23]     Clothing Of The Commonwealth.esp
	[24]     AA FusionCityRising.esp
	[25]     AA FusionCityRising - HotC.esp
	[26]     Realistic Reverb and Ambiance.esp
	[27]     ImmersiveAnimationFramework.esp
	[28]     CommonwealthBounties.esp
	[29]     MusicMergedDLC.esp
	[2A]     Flashy_PersonalEssentials.esp
	[2B]     AVBPipeGunsReplace.esp
	[2C]     3dscopes-replacer.esp
	[2D]     Flashy_CrimeAndPunishment.esp
	[2E]     Flashy_CrimeAndPunishment_GunForHire_Addon.esp
	[2F]     Skb_RiflesRebirth.esp
	[30]     IKAROS-Androids.esp
	[31]     TacticalTablet.esp
	[32]     LooksMenu Customization Compendium.esp
	[33]     The Eyes Of Beauty.esp
	[34]     AzarPonytailHairstyles.esp
	[35]     Calamity Weathers.esp
	[36]     AA Lots More Settlers and Enemies.esp
	[37]     [ARR] FallEvil - Palehead.esp
	[38]     Classic Combat Armor.esp
	[39]     Ev_CPA10.esp
	[3A]     Nexus_PMC.esp
	[3B]     CROSS_GoreCrits.esp
	[3C]     Armament.esp
	[3D]     Backpacks of the Commonwealth.esp
	[3E]     ProjectValkyrie.esp
	[3F]     XM2010_SniperRifle_by_tooun.esp
	[40]     FirstMod101.esp
	[41]     Flashy_CrimeAndPunishment_Kidnapping_Addon.esp
	[42]     QBZ191.esp
	[43]     RU556.esp
	[44]     PoseidonOffices.esp
	[45]     T65PA.esp
	[46]     CBBE.esp
	[47]     TheKite_CharredVaultSuit.esp
	[48]     TacticalReloadVanilla.esp
	[49]     KSHairdos.esp
	[4A]     RedShiftPowerArmor.esp
	[4B]     IKAROS-Androids Voice Modulator.esp
	[4C]     TheKite_VTS.esp
	[4D]     CustomCamera.esp
	[4E]     VAFS Redux.esp
	[4F]     BetterCompanions.esp
	[50]     SettleObjExpandPack.esp
	[51]     ZombieWalkers.esp
	[52]     [ARR] FallEvil - Mega Zombie Pack.esp
	[53]     [LEO] Licker.esp
	[54]     [ARR] Hunter Beta.esp
	[55]     [ARR] FallEvil - Zombie Dogs REVisited.esp
	[56]     SS2_CityPlanPack_RiseOfTheCommonwealth.esp
	[57]     Synth Overhaul.esp
	[58]     SKKOmodStripper.esp
	[59]     TheEyesOfBeauty.esp
	[5A]     Penetration Framework.esp
	[5B]     Liga.esp
	[5C]     NPCs Use Items.esp
	[5D]     JSRS_Footsteps.esp
	[5E]     AA LMSE_VTWorkshop_Patch.esp
	[5F]     QuickTrade.esp
	[60]     CROSS_GoreCrits_FarHarborPatch.esp
	[61]     THPoses.esp
	[62]     PowerArmorImpactEffects.esp
	[63]     3dscopes-replacer-robcorecon.esp
	[64]     NAF.esp
	[65]     PMC_extended.esp
	[66]     BDO Hair.esp
	[67]     FF7R.esp
	[68]     AAC_HoneyBadger.esp
	[69]     AlienAssaultRifle.esp
	[6A]     TacticalReloadDLC.esp
	[6B]     WD_44.esp
	[6C]     SKKCombatStalkers.esp
	[6D]     Fatigue.esp
	[6E]     PersistentVolumeSliders.esp
	[6F]     Crimsomrider's Accessories.esp
	[70]     WestTekTacticalOptics.esp
	[71]     HiPolyFaces.esp
	[72]     TheKite_ScoopDigger.esp
	[73]     TheKite_CaitSet.esp
	[74]     TheKite_MilitiaWoman.esp
	[75]     TheKite_HCD_SynthUniform.esp
	[76]     VtawWardrobe1.esp
	[77]     VtawWardrobe2.esp
	[78]     VtawWardrobe4.esp
	[79]     VtawUtilityPack1.esp
	[7A]     VtawWardrobe6.esp
	[7B]     VtawWardrobe7.esp
	[7C]     VtawWardrobe8.esp
	[7D]     Grenade Timer Overhaul.esp
	[7E]     VtawWardrobe5.esp
	[7F]     ObiGothGirlPack.esp
	[80]     ObiRandom.esp
	[81]     ObiSportsWear.esp
	[82]     TechWear.esp
	[83]     WastelandRags.esp
	[84]     WrappedOutfit.esp
	[85]     Obi's Cowboy Hat.esp
	[86]     rpampas.esp
	[87]     PoseidonOffices_NoBugs.esp
	[88]     MG42.esp
	[89]     Scopes.esp
	[8A]     TCD.esp
	[8B]     StartMeUp.esp
	[8C]     StartMeUpSS2Patch.esp
	[8D]     StartMeUpNukaWorldPatch.esp
	[8E]     RED-StartMeUp.esp
	[8F]     fixed perks.esp
	[90]     M8r Complex Sorter.esp
	[FE:000] BakaFramework.esm
	[FE:001] KillTips_by_tooun.esl
	[FE:002] ammoUI_by_tooun.esl
	[FE:003] LIF.esl
	[FE:004] PPF.esm
	[FE:005] Community Fixes Merged.esp
	[FE:006] TMR_GlitchfinderAIO.esm
	[FE:007] tooun_Animationpack.esl
	[FE:008] Dogs can grab player.esl
	[FE:009] AORobcoReconScope.esl
	[FE:00A] 3dscopes-nightvision.esl
	[FE:00B] REFramework.esm
	[FE:00C] Fleshy FEV Hounds.esl
	[FE:00D] M84FlashBang.esl
	[FE:00E] DN Music.esl
	[FE:00F] DNMega.esl
	[FE:010] Faded Glory - Soundtrack Expansion.esl
	[FE:011] Dank_ArmorPaintExtended.esl
	[FE:012] Dank_ArmorPaintExtended_CIS.esl
	[FE:013] SS2WorkshopHUDOverride.esl
	[FE:014] Skb_MachinegunsRebirth.esl
	[FE:015] BakaLevelUpMenu.esm
	[FE:016] Fallout Suite.esl
	[FE:017] HiPolyFacesCompanionPlugin.esl
	[FE:018] BodyTalk3-RaiderNormalsFix.esl
	[FE:019] RadioactiveSignsAIO.esl
	[FE:01A] Ownership Fixes.esp
	[FE:01B] VCM_Sanctuary_Navmesh_Update_W_Roof.esl
	[FE:01C] VCM_StarlightDrivein_Navmesh_Update.esl
	[FE:01D] VCM_CoastalCottage_Navmesh_Update.esl
	[FE:01E] VCM_EgretTours_Navmesh_Update.esl
	[FE:01F] VCM_TheSlog_Navmesh_Update.esl
	[FE:020] VCM_KingsportLighthouse_Vanilla_Navmesh_Update.esl
	[FE:021] VCM_GreentopNursery_Navmesh_Update.esl
	[FE:022] VCM_RedRocket_Navmesh_Update.esl
	[FE:023] VCM_CountyCrossing_Vanilla_NavmeshUpdate.esl
	[FE:024] VCM_Murkwater_Navmesh_Update.esl
	[FE:025] Skb-MinigunsRebirth.esl
	[FE:026] VCM_CoastalCottage_GarageFloorFix_F-ESL.esl
	[FE:027] M8rDisablePipboyEffects.esp
	[FE:028] DeftHands.esp
	[FE:029] ScreenArcherMenu.esp
	[FE:02A] ROBOT2K.esp
	[FE:02B] WCLI_PoseidonEnergyTurbine.esp
	[FE:02C] Meliora - Clothing Redistribution.esp
	[FE:02D] Dank_ArmorOverrides.esp
	[FE:02E] WCLI_RockIslandLighthouse.esp
	[FE:02F] eXofied Depravity - Fallons.esp
	[FE:030] PLI_Roadside_Pines_Motel.esp
	[FE:031] AccessibleBridges.esp
	[FE:032] WCLI_NahantRedRocket.esp
	[FE:033] WulfRaiderAccessories.esp
	[FE:034] Look At Me RAE.esp
	[FE:035] MAIM Distributor.esp
	[FE:036] MAIM 2.esp
	[FE:037] LOST Audio Tweaks.esp
	[FE:038] Dank_LEO.esp
	[FE:039] WCLI_North_Point_Park.esp
	[FE:03A] WCLI_LilGentryPlayground.esp
	[FE:03B] StoryWealth-SS2-DEP-Patch.esp
	[FE:03C] PAC - Vault 111.esp
	[FE:03D] Q_LightFixes.esp
	[FE:03E] OutcastsAndRemnants-SS2-Patch.esp
	[FE:03F] PLI_Dark_Hollow_Pond.esp
	[FE:040] SRO - Syringer Overhaul.esp
	[FE:041] PLI_Unmarked_Raider_Camps_P1.esp
	[FE:042] GunForHire-eXoPatch.esp
	[FE:043] CROSS_BrotherhoodRecon.esp
	[FE:044] CROSS_VertibirdFlightsuit.esp
	[FE:045] Look At Me BE.esp
	[FE:046] DamnApocalypse Immersive Fountains.esp
	[FE:047] CROSS_Wasteland_Ronin.esp
	[FE:048] Look At Me CE.esp
	[FE:049] CROSS_2077.esp
	[FE:04A] Look At Me AE.esp
	[FE:04B] WCLI_NRR_NoRandomEncounters.esp
	[FE:04C] Dank_ECO.esp
	[FE:04D] Look At Me GNR RDX.esp
	[FE:04E] CROSS_InstituteExpeditionarySuit.esp
	[FE:04F] CROSS_CourserStrigidae.esp
	[FE:050] Look At Me IE.esp
	[FE:051] TheKite_Railroad_Handmaiden.esp
	[FE:052] Look At Me RE.esp
	[FE:053] PLI_HarbormasterHotel.esp
	[FE:054] CROSS_MojaveManhunter.esp
	[FE:055] Look At Me NE.esp
	[FE:056] Burst Impact Blast FX.esp
	[FE:057] PRP-SS2-Fixes-Ch2.esp
	[FE:058] PLIRPM_OCR_Patch.esp
	[FE:059] PLIDHP_APF_Patch.esp
	[FE:05A] CCOSaucySettlersCraftable.esp
	[FE:05B] CCOVulgarVillainsCraftable.esp
	[FE:05C] CCOCheekyCasualsCraftable.esp
	[FE:05D] 4estGimp - Rifles Rebirth 4 Replacers.esp
	[FE:05E] WD_Pistol_Renimation_Pack.esp
	[FE:05F] fortaleza2.esp
	[FE:060] aBitBetterRaidersFaces.esp
	[FE:061] PRP-SS2-Fixes-Ch1.esp
	[FE:062] PoseidonOffices_AB_Patch.esp
	[FE:063] Dank_ECO_DisablePlacedItems.esp
	[FE:064] HellcatPA.esp
	[FE:065] Look At Me PAA.esp
	[FE:066] VividFallout - AiO - BestChoice.esp
	[FE:067] VividFallout - Quarry - BestChoice.esp
	[FE:068] Vivid Fallout - LOD.esp
	[FE:069] Vivid Fallout - Nuka World LOD.esp
	[FE:06A] Vivid Fallout - Far Harbor LOD.esp
	[FE:06B] Calamity Weathers - Interiors.esp
	[FE:06C] StartMeUpShaunDefaultAppearance.esp
	[FE:06D] SS2_MagnussonTerminalFix.esp
	[FE:06E] SS2_DLCSettlerPatch.esp
	[FE:06F] SS2 XDI Perk Speech Checks.esp
	[FE:070] SS2_XDI Patch.esp
	[FE:071] SS2Extended_OutfitInjectionPatch.esp
	[FE:072] Calamity Weathers - Far Harbor.esp
	[FE:073] Calamity Weathers - Nuka World.esp
	[FE:074] eXofied Depravity - Barter.esp
	[FE:075] [ARR] FallEvil - MZP and Walkers Patch.esp
	[FE:076] [ARR] FallEvil - MZP Nuka World Patch.esp
	[FE:077] [ARR] MZP Far Harbor Patch.esp
	[FE:078] Dank_ArmorOverrides_DLCNukaWorld.esp
	[FE:079] [FV20] Piotr Purge Masks.esp
	[FE:07A] BlockingOverhaul.esp
	[FE:07B] Chemfluence AI Combat Dynamics.esp
	[FE:07C] Look At Me TE.esp
	[FE:07D] DamnApocalypse No Broken Weps.esp
	[FE:07E] DamnApocalypse Purified Water Workshop.esp
	[FE:07F] DamnApocalypse Remove Harvest.esp
	[FE:080] DamnApocalypse RevertConnieAbernathyVendor.esp
	[FE:081] Ambient Wasteland.esp
	[FE:082] Elzee Cut SFX Restored.esp
	[FE:083] Elzee Car Alarm.esp
	[FE:084] Assaultron Grab Skills.esp
	[FE:085] Deathclaw Grab Skills.esp
	[FE:086] Feral Ghoul Bite Skills.esp
	[FE:087] Radscorpion Stab Skill.esp
	[FE:088] Radstag Grab Skill.esp
	[FE:089] Yaoguai grab skill.esp
	[FE:08A] Dank_LEO_DLCNukaWorld.esp
	[FE:08B] Dank_LEO-Automatron.esp
	[FE:08C] Dank_LEO_DLCCoast.esp
	[FE:08D] Dank_LEO-LME.esp
	[FE:08E] Dank_LEO-MLM.esp
	[FE:08F] F4lloutNV - Killcam.esp
	[FE:090] No Underarmor Scalling.esp
	[FE:091] Dank_ArmorOverrides_DLCCoast.esp
	[FE:092] Dank_ArmorOverrides_DLCRobot.esp
	[FE:093] Dank_INNRoverride.esp
	[FE:094] Dank_LAB.esp
	[FE:095] Dank_LAB_DLCNukaWorld.esp
	[FE:096] Dank_LAB_LEO.esp
	[FE:097] Modern Shipping Containers.esp
	[FE:098] Seen some 2k shit - Pulowski Shelter.esp
	[FE:099] Oxidized alumin(i)um bird.esp
	[FE:09A] 1k Turrets - Seen some shit.esp
	[FE:09B] Capsules seen some 1k shit.esp
	[FE:09C] ConditionBoy.esp
	[FE:09D] RetroInstitute.esp
	[FE:09E] AIO 2K Edition.esp
	[FE:09F] DiaryOfAMadman.esp
	[FE:0A0] Dank_ECO_DLCCoast.esp
	[FE:0A1] Dank_ECO_DLCNukaWorld.esp
	[FE:0A2] Dank_ECO_DLCRobot.esp
	[FE:0A3] Dank_ECO-Armament.esp
	[FE:0A4] Dank_ECO-PenetrationFramework.esp
	[FE:0A5] Dank_ECO_BFF.esp
	[FE:0A6] PMC_extended_flags.esp
	[FE:0A7] PMC_extended_flags_ASI.esp
	[FE:0A8] PMC_extended_flags_EUR.esp
	[FE:0A9] PMC_extended_lore.esp
	[FE:0AA] Look At Me GNR RDX x PMC Extended.esp
	[FE:0AB] ProjectValkyrie-SS2-Patch.esp
	[FE:0AC] Dank_ECO-LEO.esp
	[FE:0AD] Flashy_CrimeAndPunishment_OAR_Depravity_Patch.esp
	[FE:0AE] Flashy_CrimeAndPunishment_Depravity_Patch.esp
	[FE:0AF] Another PIEne Forest.esp
	[FE:0B0] ParagonHairs.esp
	[FE:0B1] IAF - Far Harbor & Nuka World.esp
	[FE:0B2] True Damage.esp
	[FE:0B3] True Damage - Armament.esp
	[FE:0B4] Armament+BurstImpactBlastFX Combo Patch.esp
	[FE:0B5] DiverseBodies.esp
	[FE:0B6] TAEPE - RU556.esp
	[FE:0B7] WheelMenu.esp
	[FE:0B8] VAFS Redux DLC Patch.esp
	[FE:0B9] FO4HHS.esp
	[FE:0BA] ElderlyAndChildrenVanillaAnims.esp
	[FE:0BB] SCOURGE - Vanilla.esp
	[FE:0BC] SCOURGE - Automatron.esp
	[FE:0BD] SCOURGE - Far Harbor.esp
	[FE:0BE] SCOURGE - Nuka World.esp
	[FE:0BF] Elzee Dynamic Timescale.esp
	[FE:0C0] Elzee Have a Seat.esp
	[FE:0C1] Tactical Reload Dry Fire Fix.esp
	[FE:0C2] MAIM 2 - DA Loot Module.esp
	[FE:0C3] Diverse Body - MAIM2 - Compatibility Patch ESL Tag.esp
	[FE:0C4] True Damage - DLC.esp
	[FE:0C5] True Damage - Perk Module.esp
	[FE:0C6] True Damage - Perk Module DLC.esp
	[FE:0C7] TD - Machineguns Rebirth ESL.esp
	[FE:0C8] TD - Skb-MinigunsRebirth ESL.esp
	[FE:0C9] XM2010_SniperRifle_TR_patch.esp
	[FE:0CA] XM2010_LLInjector.esp
	[FE:0CB] QBZ191_Console Fov90-100_for_longScope.esp
	[FE:0CC] QBZ191_NO_LL_Patch.esp
	[FE:0CD] QBZ191_TR_patch.esp
	[FE:0CE] QBZ191_LLInjector.esp
	[FE:0CF] Flashy_GunForHire_NamesPatch.esp
	[FE:0D0] Far West Minutemen.esp
	[FE:0D1] STALKER Music_Complete.esp
	[FE:0D2] 4estGimp - LostWorld_STALKER_Merged.esp
	[FE:0D3] DiscreteFemaleSkeleton.esp
	[FE:0D4] TacticalTablet_LMCC.esp
	[FE:0D5] CCOSilverShroudReplacer.esp
	[FE:0D6] CCOCaitCorsetReplacer.esp
	[FE:0D7] CCOFoxyFactionsCraftable.esp
	[FE:0D8] 00-Movements101.esp
	[FE:0D9] Meliora - Clothing Redistribution x NEO.esp
	[FE:0DA] CBBEHR.esp
	[FE:0DB] Enjoy the Darkness.esp
	[FE:0DC] Enjoy the Darkness - West Tek.esp
	[FE:0DD] Enjoy the Darkness - XM2010.esp
	[FE:0DE] Elzee_idroid.esp
	[FE:0DF] fortaleza2-outfit-basic_colors.esp
	[FE:0E0] fortaleza2-outfit.esp
	[FE:0E1] Fortaleza2-armor-basic_colors.esp
	[FE:0E2] Fortaleza2-armor.esp
	[FE:0E3] LetMeUseThat.esp
	[FE:0E4] FORTITUDE.esp
	[FE:0E5] aBitPrettierBOSFaces.esp
	[FE:0E6] aBitBetterGunnerFaces.esp
	[FE:0E7] ObiGothGirlPack_PerfectFit.esp
	[FE:0E8] ObiGothGirlPack_Body.esp
	[FE:0E9] Fallout 4 AI Overhaul.esp
	[FE:0EA] Obi Jewelry Crafting AIO.esp
	[FE:0EB] Dickys Pinup Outfit.esp
	[FE:0EC] XM2010_SniperRifle_STS_consoleFOV90_100.esp
	[FE:0ED] HelpMePackItUp.esp
	[FE:0EE] PoseidonEnergyCanHaveRadarTransmitter.esp
	[FE:0EF] MinimalMinutemenRadiants.esp
	[FE:0F0] CRF_NukaWorldHairDyes.esp
	[FE:0F1] YouAndWhatArmy.esp
	[FE:0F2] REPatch_CrimeAndPunishment.esp
	[FE:0F3] REPatch_CrimeAndPunishmentGunForHire.esp
	[FE:0F4] XM2010_NV_Brightnessincrease.esp
	[FE:0F5] Wolfmeat - Dogmeat Replacer.esp
	[FE:0F6] 00LK_MWGS.esp
	[FE:0F7] DLCCoast_MWGS_Patch_KSSM_Ver.esp
	[FE:0F8] DLCNukaWorld_MWGS_Patch_KSSM_Ver.esp
	[FE:0F9] Fallout4_Vanilla_Weapons_MWGS_Patch_KSSM_Ver.esp
	[FE:0FA] 00LK_MW_Explosions.esp
	[FE:0FB] 00LK_MW_Explosion_Reflection_Amplified.esp
	[FE:0FC] MG42_MWGS_Patch_KSSM_Ver.esp
	[FE:0FD] QBZ191_MWGS_Patch_KSSM_Ver.esp
	[FE:0FE] TCDM.esp
	[FE:0FF] TCDOverlays.esp
	[FE:100] Stimpaks help you breathe.esp
	[FE:101] MAIM 2 - Stimpaks Help You Breathe Patch.esp
	[FE:102] Realistic Death Physics.esp
	[FE:103] Elzee Stomp.esp
	[FE:104] Elzee Breathe.esp
	[FE:105] Elzee Jolly Item Sounds.esp
	[FE:106] Elzee Cough.esp
	[FE:107] Jump Grunt.esp
	[FE:108] AAC_HoneyBadger_TacticalReloadPatch.esp
	[FE:109] Flashy_PersonalEssentials - MAIM 2.esp
	[FE:10A] Rant - AN76 - vanilla Projectiles Patch.esp
	[FE:10B] Rant - AN76 - no Headshots Patch.esp
	[FE:10C] PRP.esp
	[FE:10D] Thuggysmurf_Optimization.esp
	[FE:10E] PLI_USAF_Satellite_Station_Olivia.esp
	[FE:10F] PLIUSAFSSO_SS2CH3_Patch.esp
	[FE:110] PRP-SS2.esp
	[FE:111] WCLIPET18F_PRP_Patch.esp
	[FE:112] WCLIRIL_PRP_Patch.esp
	[FE:113] PLIRPM_PRP_Patch.esp
	[FE:114] PLIDHP_PRP_Patch.esp
	[FE:115] WCLI_NRR_PRP_Patch.esp
	[FE:116] WCLINPP_PRP_Patch.esp
	[FE:117] WCLILGP_Previs.esp
	[FE:118] PRP-SS2-Ch3-CR.esp
	[FE:119] WCLI_NatickSubstation.esp
	[FE:11A] WCLINS_PRP_Patch.esp
	[FE:11B] SatelliteWorldMap.esp
	[FE:11C] Dank_ECO-INNR.esp
	[FE:11D] BashPatch.esp
	[FE:11E] PRP Patches.esp
