Fallout 4 v1.10.163
Buffout 4 v1.31.1 Feb 28 2023 00:32:02

Unhandled exception "EXCEPTION_ACCESS_VIOLATION" at 0x7FF7877386FD Fallout4.exe+01786FD	mov rdx, [r15+0x28] |  BGSConstructFormsInFileMap::ConstructForms(TESFile*,BGSConstructedForms*)_1786FD)

	[Compatibility]
		F4EE: false
	[Debug]
		Symcache: c:symcache
		WaitForDebugger: false
	[Fixes]
		ActorIsHostileToActor: true
		CellInit: true
		CreateD3DAndSwapChain: true
		EncounterZoneReset: true
		GreyMovies: true
		MagicEffectApplyEvent: true
		MovementPlanner: true
		PackageAllocateLocation: true
		PipboyLightInvFix: false
		SafeExit: true
		TESObjectREFRGetEncounterZone: true
		UnalignedLoad: true
		UtilityShader: true
		WorkBenchSwap: true
	[Patches]
		Achievements: true
		BSMTAManager: true
		BSPreCulledObjects: true
		BSTextureStreamerLocalHeap: true
		HavokMemorySystem: true
		INISettingCollection: true
		InputSwitch: false
		MaxStdIO: 2048
		MemoryManager: true
		MemoryManagerDebug: false
		ScaleformAllocator: true
		SmallBlockAllocator: true
		WorkshopMenu: true
	[Warnings]
		CreateTexture2D: true
		ImageSpaceAdapter: true

SYSTEM SPECS:
	OS: Microsoft Windows 11 Home v10.0.22621
	CPU: GenuineIntel Intel(R) Core(TM) i7-9750H CPU @ 2.60GHz
	GPU #1: Nvidia TU106M [GeForce RTX 2060 Mobile]
	GPU #2: Intel CoffeeLake-H GT2 [UHD Graphics 630]
	GPU #3: Microsoft Basic Render Driver
	PHYSICAL MEMORY: 14.96 GB/31.84 GB


PROBABLE CALL STACK:
	[ 0] 0x7FF7877386FD      Fallout4.exe+01786FD	mov rdx, [r15+0x28] |  BGSConstructFormsInFileMap::ConstructForms(TESFile*,BGSConstructedForms*)_1786FD -> 1271839+0x8AD	mov rdx, [r15+0x28]
	[ 1] 0x7FF78773A20F      Fallout4.exe+017A20F	nop |  BSTScatterTableBase<BSTScatterTableTraits<TESFile*,BGSConstructFormsInFileMap*,BSTScatterTableDefaultKVStorage,BSTScatterTableDefaultHashPolicy<TESFile*>,BSTScatterTableHeapAllocator<BSTScatterTableEntry<TESFile*,BGSConstructFormsInFileMap*,BSTScatterTableDefaultKVStorage>>,8>>::ForEachImpl<`anonymous_namespace'::ConstructFormsFunctor>(`anonymous_namespace'::ConstructFormsFunctor&)_17A20F -> 313377+0x7F	nop
	[ 2] 0x7FF7877394F3      Fallout4.exe+01794F3	lea rdx, [0x00007FF787739910] |  BGSConstructFormsInAllFilesMap::ConstructForms(bool)_1794F3 -> 1528868+0x83	lea rdx, [0x00007FF787739910]
	[ 3] 0x7FF788297BE4      Fallout4.exe+0CD7BE4	lea rcx, [rdi+0x30] |  BGSReconstructFormsInAllFilesMap::ReconstructForms(bool)_CD7BE4 -> 1094255+0x34	lea rcx, [rdi+0x30]
	[ 4] 0x7FF78829C20A      Fallout4.exe+0CDC20A	lea rcx, [r13+0x1A8] |  BGSSaveLoadGame::RevertCurrentChanges(BGSSaveLoadChangesMap*,BGSSaveLoadFormIDMap*)_CDC20A -> 468974+0x4DA	lea rcx, [r13+0x1A8]
	[ 5] 0x7FF78829F038      Fallout4.exe+0CDF038	lea rcx, [rbp+0x70] |  BGSSaveLoadGame::LoadGame(BGSSaveLoadFile*,bool,BSScrapArray<BSFixedString>&)_CDF038 -> 1328347+0x648	lea rcx, [rbp+0x70]
	[ 6] 0x7FF89E4DEDC5 f4se_1_10_163.dll+000EDC5
	[ 7] 0x7FF7882ADA7D      Fallout4.exe+0CEDA7D	movzx r13d, al |  BGSSaveLoadManager::DoLoadGame(char*,int,uint,bool,bool)_CEDA7D -> 540706+0x38D	movzx r13d, al
	[ 8] 0x7FF7882B3A4D      Fallout4.exe+0CF3A4D	mov [rbx+0x1A], al |  LoadGameJob::JobFn(void*)_CF3A4D -> 646554+0x2D	mov [rbx+0x1A], al
	[ 9] 0x7FF789110F26      Fallout4.exe+1B50F26	mov ecx, [rbx+0x0C] |  BSJobs::JobListLocal::RunJobsInternal(uint,BSJobs::ThreadJobListState&,bool)_1B50F26 -> 329005+0xC6	mov ecx, [rbx+0x0C]
	[10] 0x7FF789111432      Fallout4.exe+1B51432	mov r14d, eax |  BSJobs::JobThread::RunJob(void)_1B51432 -> 194800+0x202	mov r14d, eax
	[11] 0x7FF789113F67      Fallout4.exe+1B53F67	movzx eax, byte ptr [rbx+0xA74] |  BSJobs::JobThread::ThreadProc(void)_1B53F67 -> 1492866+0x67	movzx eax, byte ptr [rbx+0xA74]
	[12] 0x7FF7890DCFED      Fallout4.exe+1B1CFED	mov rcx, [0x00007FF78D11BD38] |  BSThread::CallThreadProc(void)_1B1CFED -> 1079791+0x3D	mov rcx, [0x00007FF78D11BD38]
	[13] 0x7FF8D7AE257D      KERNEL32.DLL+001257D
	[14] 0x7FF8D9DCAA78         ntdll.dll+005AA78

REGISTERS:
	RAX 0x25A98FA7         (size_t) [631869351]
	RCX 0x3A               (size_t) [58]
	RDX 0x51DE00           (size_t) [5365248]
	RBX 0x23D23FDD1C0      (void*)
	RSP 0xE090CDE920       (void*)
	RBP 0xE090CDEA20       (void*)
	RSI 0x23D13BFB400      (void*)
	RDI 0x3100             (size_t) [12544]
	R8  0xC65D07           (size_t) [12999943]
	R9  0xC65D07B2         (size_t) [3327985586]
	R10 0x0                (size_t) [0]
	R11 0xE090CDE998       (void*)
	R12 0x0                (size_t) [0]
	R13 0x0                (size_t) [0]
	R14 0x0                (size_t) [0]
	R15 0x0                (size_t) [0]

STACK:
	[RSP+0   ] 0x23D23FDD1C0      (void*)
	[RSP+8   ] 0x0                (size_t) [0]
	[RSP+10  ] 0x23D13BFB400      (void*)
	[RSP+18  ] 0x8                (size_t) [8]
	[RSP+20  ] 0x0                (size_t) [0]
	[RSP+28  ] 0x7FF887285510     (void* -> Buffout4.dll+02E5510	adc [rbp+0x28], dl |  ?memPoolListLock@MemoryPool@internal@rml@@2VMallocMutex@@A_2E5510)
	[RSP+30  ] 0x0                (size_t) [0]
	[RSP+38  ] 0x0                (size_t) [0]
	[RSP+40  ] 0x0                (size_t) [0]
	[RSP+48  ] 0x0                (size_t) [0]
	[RSP+50  ] 0x23C00000000      (char*) "ame"
	[RSP+58  ] 0x23C6DE52C80      (ScrapHeap*)
	[RSP+60  ] 0x23D13A4C800      (void*)
	[RSP+68  ] 0x20               (size_t) [32]
	[RSP+70  ] 0x0                (size_t) [0]
	[RSP+78  ] 0x7FF825A98FA7     (void* -> nvwgf2umx.dll+3038FA7	stosd)
	[RSP+80  ] 0x99158A6E         (size_t) [2568325742]
	[RSP+88  ] 0x0                (size_t) [0]
	[RSP+90  ] 0x1EB00000024      (size_t) [2108828942372]
	[RSP+98  ] 0x7FF887285500     (void* -> Buffout4.dll+02E5500	add [rax], al |  ?memPoolListLock@MemoryPool@internal@rml@@2VMallocMutex@@A_2E5500)
	[RSP+A0  ] 0x7FF78A209DB8     (void* -> Fallout4.exe+2C49DB8	loopne 0x00007FF78A209DD0 |  hkbInternal::hks::execute<0>(hkbInternal::lua_State*,hkbInternal::hksInstruction*,int)_2C49DB8)
	[RSP+A8  ] 0xE090CDE978       (void*)
	[RSP+B0  ] 0x1EB00000024      (size_t) [2108828942372]
	[RSP+B8  ] 0x23C64289980      (void*)
	[RSP+C0  ] 0x40               (size_t) [64]
	[RSP+C8  ] 0x7FF887285500     (void* -> Buffout4.dll+02E5500	add [rax], al |  ?memPoolListLock@MemoryPool@internal@rml@@2VMallocMutex@@A_2E5500)
	[RSP+D0  ] 0x23C64289980      (void*)
	[RSP+D8  ] 0x7FF88709BFF0     (void* -> Buffout4.dll+00FBFF0	jmp 0x00007FF88709BFF4 |  E:\Documents\source\repos\vcpkg\buildtrees\tbb\src\v2021.8.0-b8941aa9b2.clean\src\tbbmalloc\frontend.cpp:2558 ?getTLS@MemoryPool@internal@rml@@QEAAPEAVTLSData@23@_N@Z E:\Documents\source\repos\vcpkg\buildtrees\tbb\src\v2021.8.0-b8941aa9b2.clean\src\tbbmalloc\Synchronize.h:38 ?getTLS@MemoryPool@internal@rml@@QEAAPEAVTLSData@23@_N@Z)
	[RSP+E0  ] 0x3F70             (size_t) [16240]
	[RSP+E8  ] 0x7FF887285500     (void* -> Buffout4.dll+02E5500	add [rax], al |  ?memPoolListLock@MemoryPool@internal@rml@@2VMallocMutex@@A_2E5500)
	[RSP+F0  ] 0x3F70             (size_t) [16240]
	[RSP+F8  ] 0x23CAF94E288      (void*)
	[RSP+100 ] 0x23C6DE52C1C      (void*)
	[RSP+108 ] 0x7FF78A2096C8     (void* -> Fallout4.exe+2C496C8	 |  hkbInternal::hks::execute<0>(hkbInternal::lua_State*,hkbInternal::hksInstruction*,int)_2C496C8)
	[RSP+110 ] 0x23CAF94E080      (void*)
	[RSP+118 ] 0x1                (size_t) [1]
	[RSP+120 ] 0x23CAF94E288      (void*)
	[RSP+128 ] 0x7FF7876F2B87     (void* -> Fallout4.exe+0132B87	mov rcx, [rbp+0x38] |  TESFile::ClearMasterLists(void)_132B87)
	[RSP+130 ] 0x23D13D3D300      (void*)
	[RSP+138 ] 0x7FF78A20A948     (void* -> Fallout4.exe+2C4A948	shl byte ptr [rdx], 0x01 |  hkbInternal::hks::execute<0>(hkbInternal::lua_State*,hkbInternal::hksInstruction*,int)_2C4A948)
	[RSP+140 ] 0x10               (size_t) [16]
	[RSP+148 ] 0xE090CDEE00       (void*)
	[RSP+150 ] 0x3F7              (size_t) [1015]
	[RSP+158 ] 0x7FF7890D1042     (void* -> Fallout4.exe+1B11042	mov rcx, rax |  BSTArrayHeapAllocator::Allocate(uint,uint)_1B11042)
	[RSP+160 ] 0xE090CDEB20       (void*)
	[RSP+168 ] 0x7FF7876F2335     (void* -> Fallout4.exe+0132335	mov r8d, edi |  TESFile::GetThreadSafeFile(uint)_132335)
	[RSP+170 ] 0x23C6DE52C1C      (void*)
	[RSP+178 ] 0xE090CDEB50       (void*)
	[RSP+180 ] 0x6F9              (size_t) [1785]
	[RSP+188 ] 0x1                (size_t) [1]
	[RSP+190 ] 0x23D13D3D600      (void*)
	[RSP+198 ] 0x23D13D3D300      (void*)
	[RSP+1A0 ] 0x23D13D3D600      (void*)
	[RSP+1A8 ] 0x7FF78773A20F     (void* -> Fallout4.exe+017A20F	nop |  BSTScatterTableBase<BSTScatterTableTraits<TESFile*,BGSConstructFormsInFileMap*,BSTScatterTableDefaultKVStorage,BSTScatterTableDefaultHashPolicy<TESFile*>,BSTScatterTableHeapAllocator<BSTScatterTableEntry<TESFile*,BGSConstructFormsInFileMap*,BSTScatterTableDefaultKVStorage>>,8>>::ForEachImpl<`anonymous_namespace'::ConstructFormsFunctor>(`anonymous_namespace'::ConstructFormsFunctor&)_17A20F)
	[RSP+1B0 ] 0x23D23FDD1C0      (void*)
	[RSP+1B8 ] 0x23D23FDD1C0      (void*)
	[RSP+1C0 ] 0x23CAF94E258      (void*)
	[RSP+1C8 ] 0x23CAF94E200      (void*)
	[RSP+1D0 ] 0x0                (size_t) [0]
	[RSP+1D8 ] 0x7FF7877394F3     (void* -> Fallout4.exe+01794F3	lea rdx, [0x00007FF787739910] |  BGSConstructFormsInAllFilesMap::ConstructForms(bool)_1794F3)
	[RSP+1E0 ] 0x23C6DE52360      (void*)
	[RSP+1E8 ] 0x0                (size_t) [0]
	[RSP+1F0 ] 0x23CAF94E228      (void*)
	[RSP+1F8 ] 0x23CAF94E258      (void*)
	[RSP+200 ] 0x0                (size_t) [0]
	[RSP+208 ] 0x23CAF94E3B8      (void*)
	[RSP+210 ] 0x23CAF94E080      (void*)
	[RSP+218 ] 0x23D00F0FEC0      (char*) "Exitsave0_EF9D3478__SanctuaryHillsWorld_000012_20231105120128_1_2"
	[RSP+220 ] 0x23CAF94E228      (void*)
	[RSP+228 ] 0x7FF788297BE4     (void* -> Fallout4.exe+0CD7BE4	lea rcx, [rdi+0x30] |  BGSReconstructFormsInAllFilesMap::ReconstructForms(bool)_CD7BE4)
	[RSP+230 ] 0x23CAF94E258      (void*)
	[RSP+238 ] 0x23C6DE52C1C      (void*)
	[RSP+240 ] 0xE090CDEC80       (void*)
	[RSP+248 ] 0x23C6DE52D20      (char*) "X"
	[RSP+250 ] 0x58               (size_t) [88]
	[RSP+258 ] 0x7FF78829C20A     (void* -> Fallout4.exe+0CDC20A	lea rcx, [r13+0x1A8] |  BGSSaveLoadGame::RevertCurrentChanges(BGSSaveLoadChangesMap*,BGSSaveLoadFormIDMap*)_CDC20A)
	[RSP+260 ] 0x23CCFA30980      (void*)
	[RSP+268 ] 0xE090CDEC80       (void*)
	[RSP+270 ] 0x23CCFA30980      (void*)
	[RSP+278 ] 0x24A884           (size_t) [2402436]
	[RSP+280 ] 0x23D00000000      (void*)
	[RSP+288 ] 0xE090CDEC59       (void*)
	[RSP+290 ] 0x23D00000000      (void*)
	[RSP+298 ] 0x0                (size_t) [0]
	[RSP+2A0 ] 0x0                (size_t) [0]
	[RSP+2A8 ] 0x23CCFA30980      (void*)
	[RSP+2B0 ] 0xFF0023F6         (size_t) [4278199286]
	[RSP+2B8 ] 0x80000403         (size_t) [2147484675]
	[RSP+2C0 ] 0x23C6DE52D20      (char*) "X"
	[RSP+2C8 ] 0x7FF78829FE30     (void* -> Fallout4.exe+0CDFE30	test rax, rax |  BGSSaveLoadGame::CheckInitialData(BGSSaveLoadFile*,BGSLoadFormData*,BGSSaveLoadFormIDMap*)_CDFE30)
	[RSP+2D0 ] 0x7FF78A2F8B38     (void* -> Fallout4.exe+2D38B38	push rax |  aDiveBombChance_2D38B38)
	[RSP+2D8 ] 0x0                (size_t) [0]
	[RSP+2E0 ] 0x0                (size_t) [0]
	[RSP+2E8 ] 0xE000000000       (size_t) [962072674304]
	[RSP+2F0 ] 0x0                (size_t) [0]
	[RSP+2F8 ] 0x0                (size_t) [0]
	[RSP+300 ] 0x23D00000000      (void*)
	[RSP+308 ] 0x23CBD0965C0      (TESObjectREFR*)
		Object Reference: 
		File: "Fallout4.esm"
		Flags: 0x00400009
		EditorID: "ElevatorMeterHiTech"
		FormID: 0x000F7C5D
		FormType: kACTI (27)
		File: "Fallout4.esm"
		Flags: 0x00400409
		FormID: 0x0013C8D0
		FormType: kREFR (64)
	[RSP+310 ] 0x200000000000000  (size_t) [144115188075855872]
	[RSP+318 ] 0x23D23000004      (void*)
	[RSP+320 ] 0x0                (size_t) [0]
	[RSP+328 ] 0x0                (size_t) [0]
	[RSP+330 ] 0x23CB149D288      (void*)
	[RSP+338 ] 0x7FF7882988CA     (void* -> Fallout4.exe+0CD88CA	movzx eax, dil |  BGSSaveLoadChangesMap::RemoveChanges(uint)_CD88CA)
	[RSP+340 ] 0x23CB149D2B0      (void*)
	[RSP+348 ] 0x23CB149D2B0      (void*)
	[RSP+350 ] 0xFF0023F6         (size_t) [4278199286]
	[RSP+358 ] 0x23CAF94E3B8      (void*)
	[RSP+360 ] 0x23D00F0FEC0      (char*) "Exitsave0_EF9D3478__SanctuaryHillsWorld_000012_20231105120128_1_2"
	[RSP+368 ] 0xFF0023F6         (size_t) [4278199286]
	[RSP+370 ] 0x23CAF94E080      (void*)
	[RSP+378 ] 0x58               (size_t) [88]
	[RSP+380 ] 0x23CFB063740      (void*)
	[RSP+388 ] 0x4057             (size_t) [16471]
	[RSP+390 ] 0xE090CDEDC0       (void*)
	[RSP+398 ] 0x7FF78829F038     (void* -> Fallout4.exe+0CDF038	lea rcx, [rbp+0x70] |  BGSSaveLoadGame::LoadGame(BGSSaveLoadFile*,bool,BSScrapArray<BSFixedString>&)_CDF038)
	[RSP+3A0 ] 0x0                (size_t) [0]
	[RSP+3A8 ] 0x23D00000058      (void*)
	[RSP+3B0 ] 0xE090CDEE30       (void*)
	[RSP+3B8 ] 0x23CCFA30980      (void*)
	[RSP+3C0 ] 0x7FF78A219301     (char*) "NFO"
	[RSP+3C8 ] 0x7FF8D9DB75A3     (void* -> ntdll.dll+00475A3	movzx eax, word ptr [rbx+0x1E])
	[RSP+3D0 ] 0x0                (size_t) [0]
	[RSP+3D8 ] 0x4057             (size_t) [16471]
	[RSP+3E0 ] 0x23CFB063740      (void*)
	[RSP+3E8 ] 0xE000000000       (size_t) [962072674304]
	[RSP+3F0 ] 0x58               (size_t) [88]
	[RSP+3F8 ] 0x23D23EF0CC0      (TESObjectREFR*)
		Object Reference: 
		File: "VIS-G Item Sorting.esp"
		Modified by: Fallout4.esm -> ArmorKeywords.esm -> Loads.esm -> VIS-G Item Sorting.esp
		Flags: 0x00000009
		Name: "Gun"
		EditorID: "Fatman"
		FormID: 0x000BD56F
		FormType: kWEAP (43)
		Flags: 0x00200408
		FormID: 0xFF0023F6
		FormType: kREFR (64)
	[RSP+400 ] 0x7FF78A2096C8     (void* -> Fallout4.exe+2C496C8	 |  hkbInternal::hks::execute<0>(hkbInternal::lua_State*,hkbInternal::hksInstruction*,int)_2C496C8)
	[RSP+408 ] 0x23CAF94E3B8      (void*)
	[RSP+410 ] 0x7FF78A216C68     (void* -> Fallout4.exe+2C56C68	nop |  hkbInternal::hks::execute<0>(hkbInternal::lua_State*,hkbInternal::hksInstruction*,int)_2C56C68)
	[RSP+418 ] 0x0                (size_t) [0]
	[RSP+420 ] 0x0                (size_t) [0]
	[RSP+428 ] 0x7FF800000000     (size_t) [140703128616960]
	[RSP+430 ] 0x0                (size_t) [0]
	[RSP+438 ] 0x5AFF0023F6       (size_t) [390825255926]
	[RSP+440 ] 0x5F               (size_t) [95]
	[RSP+448 ] 0x23D23EF0CC0      (TESObjectREFR*)
		Object Reference: 
		File: "VIS-G Item Sorting.esp"
		Modified by: Fallout4.esm -> ArmorKeywords.esm -> Loads.esm -> VIS-G Item Sorting.esp
		Flags: 0x00000009
		Name: "Gun"
		EditorID: "Fatman"
		FormID: 0x000BD56F
		FormType: kWEAP (43)
		Flags: 0x00200408
		FormID: 0xFF0023F6
		FormType: kREFR (64)
	[RSP+450 ] 0x80000403         (size_t) [2147484675]
	[RSP+458 ] 0x44000000         (size_t) [1140850688]
	[RSP+460 ] 0x23C6DE52D20      (char*) "X"
	[RSP+468 ] 0x23C6DE52C1C      (void*)
	[RSP+470 ] 0x0                (size_t) [0]
	[RSP+478 ] 0x7FF800000000     (size_t) [140703128616960]
	[RSP+480 ] 0x23C00000000      (char*) "ame"
	[RSP+488 ] 0x0                (size_t) [0]
	[RSP+490 ] 0x0                (size_t) [0]
	[RSP+498 ] 0x7FF800000000     (size_t) [140703128616960]
	[RSP+4A0 ] 0x2C4653202BC0E02  (size_t) [199395548979793410]
	[RSP+4A8 ] 0x10820F000F1E4C   (size_t) [4646600564481612]
	[RSP+4B0 ] 0x56AC560010A08C   (size_t) [24396333365371020]
	[RSP+4B8 ] 0xE0000000C        (size_t) [60129542156]
	[RSP+4C0 ] 0x405700000008     (size_t) [70742406332424]
	[RSP+4C8 ] 0x0                (size_t) [0]
	[RSP+4D0 ] 0x0                (size_t) [0]
	[RSP+4D8 ] 0x0                (size_t) [0]
	[RSP+4E0 ] 0x0                (size_t) [0]
	[RSP+4E8 ] 0x0                (size_t) [0]
	[RSP+4F0 ] 0x0                (size_t) [0]
	[RSP+4F8 ] 0x0                (size_t) [0]
	[RSP+500 ] 0x0                (size_t) [0]
	[RSP+508 ] 0x0                (size_t) [0]
	[RSP+510 ] 0xFFFFFFFF         (size_t) [4294967295]
	[RSP+518 ] 0x855AA7C20        (size_t) [35796974624]
	[RSP+520 ] 0x800000007        (size_t) [34359738375]
	[RSP+528 ] 0x7FF78AC8DAD4     (void* -> Fallout4.exe+36CDAD4	fisubr st0, word ptr [rbp+0x2CD8EFBE] |  aDiveBombChance_36CDAD4)
	[RSP+530 ] 0x23C55AA7C20      (char*) "
ull save path: C:\Users\18633\Documents\My Games\Fallout4\Saves\\Exitsave0_EF9D3478__SanctuaryHillsWorld_000012_20231105120128_1_2.f4seectly correctly02) loaded correctly"
	[RSP+538 ] 0x23CAF758B80      (void*)
	[RSP+540 ] 0x3                (size_t) [3]
	[RSP+548 ] 0x89E54DABE        (size_t) [37016099518]
	[RSP+550 ] 0x800000007        (size_t) [34359738375]
	[RSP+558 ] 0x7FF78AC8DAD4     (void* -> Fallout4.exe+36CDAD4	fisubr st0, word ptr [rbp+0x2CD8EFBE] |  aDiveBombChance_36CDAD4)
	[RSP+560 ] 0x7FF89E5940E8     (void* -> f4se_1_10_163.dll+00C40E8	rcr byte ptr [rdx+0x23C55AA], cl)
	[RSP+568 ] 0x23CAF759B00      (void*)
	[RSP+570 ] 0x9F7000000001     (size_t) [175303385153537]
	[RSP+578 ] 0x7FF89E542F7D     (void* -> f4se_1_10_163.dll+0072F7D	mov rbp, [rsp+0x48])
	[RSP+580 ] 0x6576617374697845 (size_t) [7311138193584781381]
	[RSP+588 ] 0x3433443946455F30 (size_t) [3761425126567272240]
	[RSP+590 ] 0x636E61535F5F3837 (size_t) [7164771067903293495]
	[RSP+598 ] 0x6C69487972617574 (size_t) [7811854715098068340]
	[RSP+5A0 ] 0x5F646C726F57736C (size_t) [6873738170024293228]
	[RSP+5A8 ] 0x325F323130303030 (size_t) [3629675011527159856]
	[RSP+5B0 ] 0x3135303131333230 (size_t) [3545793269461103152]
	[RSP+5B8 ] 0x5F315F3832313032 (size_t) [6859368402426867762]
	[RSP+5C0 ] 0x736F662E32       (size_t) [495790206514]
	[RSP+5C8 ] 0x7FF89E53C89E     (void* -> f4se_1_10_163.dll+006C89E	mov edi, eax)
	[RSP+5D0 ] 0x7FF89E5940E8     (void* -> f4se_1_10_163.dll+00C40E8	rcr byte ptr [rdx+0x23C55AA], cl)
	[RSP+5D8 ] 0x7FF89E542BDC     (void* -> f4se_1_10_163.dll+0072BDC	test eax, eax)
	[RSP+5E0 ] 0x23C538F5400      (void*)
	[RSP+5E8 ] 0xE090CDEF60       (void*)
	[RSP+5F0 ] 0xE090CDF088       (void*)
	[RSP+5F8 ] 0x7FF89E542E18     (void* -> f4se_1_10_163.dll+0072E18	mov eax, edi)
	[RSP+600 ] 0x0                (size_t) [0]
	[RSP+608 ] 0xA                (size_t) [10]
	[RSP+610 ] 0x23C538F5400      (void*)
	[RSP+618 ] 0x7FF89E594270     (void* -> f4se_1_10_163.dll+00C4270	)
	[RSP+620 ] 0x23C538586A0      (void*)
	[RSP+628 ] 0x23C538F5401      (void*)
	[RSP+630 ] 0xE090CDEF00       (void*)
	[RSP+638 ] 0xE090CDEF00       (void*)
	[RSP+640 ] 0x7FF89E5940E8     (void* -> f4se_1_10_163.dll+00C40E8	rcr byte ptr [rdx+0x23C55AA], cl)
	[RSP+648 ] 0x7FF89E5940E8     (void* -> f4se_1_10_163.dll+00C40E8	rcr byte ptr [rdx+0x23C55AA], cl)
	[RSP+650 ] 0xE090CDEFC0       (char*) "3 07:43:53, EXE Version: 1.10.163.0, Save Version 15.68"
	[RSP+658 ] 0xE090CDEF20       (void*)
	[RSP+660 ] 0xE090CDEFC8       (char*) "53, EXE Version: 1.10.163.0, Save Version 15.68"
	[RSP+668 ] 0xE090CDEFD0       (char*) "Version: 1.10.163.0, Save Version 15.68"
	[RSP+670 ] 0xE090CDEFD8       (char*) " 1.10.163.0, Save Version 15.68"
	[RSP+678 ] 0x7FF89E542CBD     (void* -> f4se_1_10_163.dll+0072CBD	add rsp, 0x38)
	[RSP+680 ] 0x7FF89E561A70     (char*) "%s
"
	[RSP+688 ] 0x7FF89E5940E8     (void* -> f4se_1_10_163.dll+00C40E8	rcr byte ptr [rdx+0x23C55AA], cl)
	[RSP+690 ] 0x202D203333363831 (size_t) [2318544787440285745]
	[RSP+698 ] 0x3230322F352F3131 (size_t) [3616445679115645233]
	[RSP+6A0 ] 0x3A33343A37302033 (size_t) [4193753102650712115]
	[RSP+6A8 ] 0x20455845202C3335 (size_t) [2325361836522484533]
	[RSP+6B0 ] 0x3A6E6F6973726556 (size_t) [4210425200337118550]
	[RSP+6B8 ] 0x36312E30312E3120 (size_t) [3904953136425349408]
	[RSP+6C0 ] 0x766153202C302E33 (size_t) [8530190566861844019]
	[RSP+6C8 ] 0x6F69737265562065 (size_t) [8028074745928228965]
	[RSP+6D0 ] 0x38362E3531206E   (size_t) [15822170784604270]
	[RSP+6D8 ] 0xE090CDF088       (void*)
	[RSP+6E0 ] 0x23CC3463F01      (void*)
	[RSP+6E8 ] 0x7FF89CEDF16C     (void* -> F4z Ro D'oh.dll+000F16C	add rsp, 0x78)
	[RSP+6F0 ] 0x7FF89E561A70     (char*) "%s
"
	[RSP+6F8 ] 0x7FF89E59B770     (char*) "full save path: C:\Users\18633\Documents\My Games\Fallout4\Saves\\Exitsave0_EF9D3478__SanctuaryHillsWorld_000012_20231105120128_1_2.f4se"
	[RSP+700 ] 0xFFFFFFFFFFFFFFFE (size_t) [uint: 18446744073709551614 int: -2]
	[RSP+708 ] 0x23C55AA7C21      (char*) "ull save path: C:\Users\18633\Documents\My Games\Fallout4\Saves\\Exitsave0_EF9D3478__SanctuaryHillsWorld_000012_20231105120128_1_2.f4seectly correctly02) loaded correctly"
	[RSP+710 ] 0x0                (size_t) [0]
	[RSP+718 ] 0xE090CDF088       (void*)
	[RSP+720 ] 0x0                (size_t) [0]
	[RSP+728 ] 0x7FF89E4D44EA     (void* -> f4se_1_10_163.dll+00044EA	add rsp, 0x28)
	[RSP+730 ] 0x23CC3463FB0      (char*) "C:\Users\18633\Documents\My Games\Fallout4\Saves\\Exitsave0_EF9D3478__SanctuaryHillsWorld_000012_20231105120128_1_2.f4se"
	[RSP+738 ] 0xBB78AFEFECE3     (size_t) [206127022206179]
	[RSP+740 ] 0x41               (size_t) [65]
	[RSP+748 ] 0x0                (size_t) [0]
	[RSP+750 ] 0x2                (size_t) [2]
	[RSP+758 ] 0x23D00F0FEC0      (char*) "Exitsave0_EF9D3478__SanctuaryHillsWorld_000012_20231105120128_1_2"
	[RSP+760 ] 0x7FF89E5752B8     (char*) "F4SE"
	[RSP+768 ] 0x7FF89E52B371     (void* -> f4se_1_10_163.dll+005B371	mov r11, [0x00007FF89E59F7D0])
	[RSP+770 ] 0x23C538ED4A0      (void*)
	[RSP+778 ] 0xC                (size_t) [12]
	[RSP+780 ] 0xFFFFFFFF         (size_t) [4294967295]
	[RSP+788 ] 0x9                (size_t) [9]
	[RSP+790 ] 0x7FF89E5752B8     (char*) "F4SE"
	[RSP+798 ] 0x4100000002       (size_t) [279172874242]
	[RSP+7A0 ] 0x23D00F0FEC0      (char*) "Exitsave0_EF9D3478__SanctuaryHillsWorld_000012_20231105120128_1_2"
	[RSP+7A8 ] 0x7FF78D0334C0     (char*) "Exitsave0_EF9D3478__SanctuaryHillsWorld_000012_20231105120128_1_2"
	[RSP+7B0 ] 0xFFFFFF00         (size_t) [4294967040]
	[RSP+7B8 ] 0x0                (size_t) [0]
	[RSP+7C0 ] 0xE090CDF1B0       (void*)
	[RSP+7C8 ] 0x1                (size_t) [1]
	[RSP+7D0 ] 0x23CAF94E080      (void*)
	[RSP+7D8 ] 0x7FF89E4DEDC5     (void* -> f4se_1_10_163.dll+000EDC5	mov rcx, [0x00007FF89E59F7D8])
	[RSP+7E0 ] 0x23D00F0FE01      (void*)
	[RSP+7E8 ] 0x23D00F0FEC0      (char*) "Exitsave0_EF9D3478__SanctuaryHillsWorld_000012_20231105120128_1_2"
	[RSP+7F0 ] 0x23D00F0FEC0      (char*) "Exitsave0_EF9D3478__SanctuaryHillsWorld_000012_20231105120128_1_2"
	[RSP+7F8 ] 0x7FF8D77D50F5     (void* -> KERNELBASE.dll+00B50F5	nop [rax+rax*1], eax)
	[RSP+800 ] 0x0                (size_t) [0]
	[RSP+808 ] 0x0                (size_t) [0]
	[RSP+810 ] 0x0                (size_t) [0]
	[RSP+818 ] 0x0                (size_t) [0]
	[RSP+820 ] 0x0                (size_t) [0]
	[RSP+828 ] 0x0                (size_t) [0]
	[RSP+830 ] 0x2                (size_t) [2]
	[RSP+838 ] 0x7FF7882ADA7D     (void* -> Fallout4.exe+0CEDA7D	movzx r13d, al |  BGSSaveLoadManager::DoLoadGame(char*,int,uint,bool,bool)_CEDA7D)
	[RSP+840 ] 0x1                (size_t) [1]
	[RSP+848 ] 0xE090CDF260       (void*)
	[RSP+850 ] 0x23C4A7CAB00      (BGSSaveLoadManager*)
	[RSP+858 ] 0x2                (size_t) [2]
	[RSP+860 ] 0x0                (size_t) [0]
	[RSP+868 ] 0x0                (size_t) [0]
	[RSP+870 ] 0x8000             (size_t) [32768]
	[RSP+878 ] 0x7FF8870A622C     (void* -> Buffout4.dll+010622C	mov rcx, rax |  E:\Documents\source\repos\vcpkg\buildtrees\tbb\src\v2021.8.0-b8941aa9b2.clean\src\tbbmalloc\backend.cpp:836 ?genericGetBlock@Backend@internal@rml@@AEAAPEAVFreeBlock@23@H_K_N@Z)
	[RSP+880 ] 0x2                (size_t) [2]
	[RSP+888 ] 0x9983             (size_t) [39299]
	[RSP+890 ] 0x23C6DE52C80      (ScrapHeap*)
	[RSP+898 ] 0x23CFDE7FFF8      (void*)
	[RSP+8A0 ] 0x1                (size_t) [1]
	[RSP+8A8 ] 0x7FF700000001     (size_t) [140698833649665]
	[RSP+8B0 ] 0x23C6DE52D20      (char*) "X"
	[RSP+8B8 ] 0x0                (size_t) [0]
	[RSP+8C0 ] 0x2                (size_t) [2]
	[RSP+8C8 ] 0x7FF787712D26     (void* -> Fallout4.exe+0152D26	mov rbx, [rsp+0x30] |  TESForm::GetFormByNumericID(uint)_152D26)
	[RSP+8D0 ] 0x23C6426BE20      (void*)
	[RSP+8D8 ] 0x7FF7890D0DBA     (void* -> Fallout4.exe+1B10DBA	test al, al |  BSTArrayBase::AddUninitialized(BSTArrayBase::IAllocatorFunctor&,uint,uint)_1B10DBA)
	[RSP+8E0 ] 0x23CE40DDE98      (void*)
	[RSP+8E8 ] 0x0                (size_t) [0]
	[RSP+8F0 ] 0x23C64289980      (void*)
	[RSP+8F8 ] 0x8                (size_t) [8]
	[RSP+900 ] 0x0                (size_t) [0]
	[RSP+908 ] 0x3                (size_t) [3]
	[RSP+910 ] 0x0                (size_t) [0]
	[RSP+918 ] 0x7FF887285510     (void* -> Buffout4.dll+02E5510	adc [rbp+0x28], dl |  ?memPoolListLock@MemoryPool@internal@rml@@2VMallocMutex@@A_2E5510)
	[RSP+920 ] 0x0                (size_t) [0]
	[RSP+928 ] 0x3                (size_t) [3]
	[RSP+930 ] 0x0                (size_t) [0]
	[RSP+938 ] 0x7FF887285510     (void* -> Buffout4.dll+02E5510	adc [rbp+0x28], dl |  ?memPoolListLock@MemoryPool@internal@rml@@2VMallocMutex@@A_2E5510)
	[RSP+940 ] 0x2                (size_t) [2]
	[RSP+948 ] 0x7FF8870A573C     (void* -> Buffout4.dll+010573C	mov rbx, rax |  E:\Documents\source\repos\vcpkg\buildtrees\tbb\src\v2021.8.0-b8941aa9b2.clean\src\tbbmalloc\backend.cpp:1122 ?coalescAndPutList@Backend@internal@rml@@AEAA_NPEAVFreeBlock@23@_N1@Z)
	[RSP+950 ] 0x4000             (size_t) [16384]
	[RSP+958 ] 0x7FF887285510     (void* -> Buffout4.dll+02E5510	adc [rbp+0x28], dl |  ?memPoolListLock@MemoryPool@internal@rml@@2VMallocMutex@@A_2E5510)
	[RSP+960 ] 0x23D00F0C000      (void*)
	[RSP+968 ] 0x1                (size_t) [1]
	[RSP+970 ] 0x200              (size_t) [512]
	[RSP+978 ] 0x7FF887285540     (void* -> Buffout4.dll+02E5540	add [rax], al |  ?memPoolListLock@MemoryPool@internal@rml@@2VMallocMutex@@A_2E5540)
	[RSP+980 ] 0x0                (size_t) [0]
	[RSP+988 ] 0xE090CDF3E0       (void*)
	[RSP+990 ] 0x0                (size_t) [0]
	[RSP+998 ] 0x7FF887285510     (void* -> Buffout4.dll+02E5510	adc [rbp+0x28], dl |  ?memPoolListLock@MemoryPool@internal@rml@@2VMallocMutex@@A_2E5510)
	[RSP+9A0 ] 0x3                (size_t) [3]
	[RSP+9A8 ] 0x7FF7890D093F     (void* -> Fallout4.exe+1B1093F	cmp [rdi], eax |  BSReadWriteLock::LockForRead(void)_1B1093F)
	[RSP+9B0 ] 0x2                (size_t) [2]
	[RSP+9B8 ] 0x7FF7890D093F     (void* -> Fallout4.exe+1B1093F	cmp [rdi], eax |  BSReadWriteLock::LockForRead(void)_1B1093F)
	[RSP+9C0 ] 0x7FF887285510     (void* -> Buffout4.dll+02E5510	adc [rbp+0x28], dl |  ?memPoolListLock@MemoryPool@internal@rml@@2VMallocMutex@@A_2E5510)
	[RSP+9C8 ] 0x7FF8870A6A8B     (void* -> Buffout4.dll+0106A8B	mov r14, [rsp+0x48] |  E:\Documents\source\repos\vcpkg\buildtrees\tbb\src\v2021.8.0-b8941aa9b2.clean\src\tbbmalloc\backend.cpp:609 ?splitBlock@Backend@internal@rml@@AEAAPEAVFreeBlock@23@PEAV423@H_K_N2@Z)
	[RSP+9D0 ] 0x4000EF0          (size_t) [67112688]
	[RSP+9D8 ] 0x7FF787712D26     (void* -> Fallout4.exe+0152D26	mov rbx, [rsp+0x30] |  TESForm::GetFormByNumericID(uint)_152D26)
	[RSP+9E0 ] 0x23C6426BE20      (void*)
	[RSP+9E8 ] 0x7FF787712D26     (void* -> Fallout4.exe+0152D26	mov rbx, [rsp+0x30] |  TESForm::GetFormByNumericID(uint)_152D26)
	[RSP+9F0 ] 0x23C6426BE20      (void*)
	[RSP+9F8 ] 0x0                (size_t) [0]
	[RSP+A00 ] 0x23D007C6658      (char*) "J"
	[RSP+A08 ] 0x7FF787CED633     (void* -> Fallout4.exe+072D633	movzx eax, word ptr [rbx] |  TESParameters::InitItem(TESForm*,FUNCTION_DATA*,CONDITION_PARAM_TYPE)_72D633)
	[RSP+A10 ] 0x23D007C6658      (char*) "J"
	[RSP+A18 ] 0x23D8B95FFB4      (size_t) [2463358123956]
	[RSP+A20 ] 0x73726573555C3A43 (size_t) [8318823007734479427]
	[RSP+A28 ] 0x445C33333638315C (size_t) [4925868387482480988]
	[RSP+A30 ] 0x73746E656D75636F (size_t) [8319395793567310703]
	[RSP+A38 ] 0x656D614720794D5C (size_t) [7308604728407575900]
	[RSP+A40 ] 0x756F6C6C61465C73 (size_t) [8462101437596720243]
	[RSP+A48 ] 0x73657661535C3474 (size_t) [8315182447391945844]
	[RSP+A50 ] 0x766173746978455C (size_t) [8530226113039320412]
	[RSP+A58 ] 0x33443946455F3065 (size_t) [3694140568325009509]
	[RSP+A60 ] 0x6E61535F5F383734 (size_t) [7953730085997524788]
	[RSP+A68 ] 0x6948797261757463 (size_t) [7586447104473920611]
	[RSP+A70 ] 0x646C726F57736C6C (size_t) [7236284523811662956]
	[RSP+A78 ] 0x5F3231303030305F (size_t) [6859599265475342431]
	[RSP+A80 ] 0x3530313133323032 (size_t) [3832617370274377778]
	[RSP+A88 ] 0x315F383231303231 (size_t) [3557624018870743601]
	[RSP+A90 ] 0x736F662E325F     (size_t) [126922292867679]
	[RSP+A98 ] 0x23C64289980      (void*)
	[RSP+AA0 ] 0x8                (size_t) [8]
	[RSP+AA8 ] 0x7FF887285510     (void* -> Buffout4.dll+02E5510	adc [rbp+0x28], dl |  ?memPoolListLock@MemoryPool@internal@rml@@2VMallocMutex@@A_2E5510)
	[RSP+AB0 ] 0x23C64289980      (void*)
	[RSP+AB8 ] 0x7FF88709BA63     (void* -> Buffout4.dll+00FBA63	mov [rsp+0xD8], eax |  E:\Documents\source\repos\vcpkg\buildtrees\tbb\src\v2021.8.0-b8941aa9b2.clean\src\tbbmalloc\frontend.cpp:1050 ?getEmptyBlock@MemoryPool@internal@rml@@QEAAPEAVBlock@23@_K@Z)
	[RSP+AC0 ] 0x1                (size_t) [1]
	[RSP+AC8 ] 0x2                (size_t) [2]
	[RSP+AD0 ] 0x1                (size_t) [1]
	[RSP+AD8 ] 0x2                (size_t) [2]
	[RSP+AE0 ] 0xF00000008        (size_t) [64424509448]
	[RSP+AE8 ] 0x7FF8000001EC     (size_t) [140703128617452]
	[RSP+AF0 ] 0xCA400000023      (size_t) [13898514169891]
	[RSP+AF8 ] 0x1EC0000000F      (size_t) [2113123909647]
	[RSP+B00 ] 0x0                (size_t) [0]
	[RSP+B08 ] 0x7FF88709BC01     (void* -> Buffout4.dll+00FBC01	add [rax], al |  E:\Documents\source\repos\vcpkg\buildtrees\tbb\src\v2021.8.0-b8941aa9b2.clean\src\tbbmalloc\frontend.cpp:2312 ?getFromLLOCache@MemoryPool@internal@rml@@QEAAPEAXPEAVTLSData@23@_K1@Z)
	[RSP+B10 ] 0x7FF887285500     (void* -> Buffout4.dll+02E5500	add [rax], al |  ?memPoolListLock@MemoryPool@internal@rml@@2VMallocMutex@@A_2E5500)
	[RSP+B18 ] 0x7FF88709BCF1     (void* -> Buffout4.dll+00FBCF1	test bl, bl |  E:\Documents\source\repos\vcpkg\buildtrees\tbb\src\v2021.8.0-b8941aa9b2.clean\src\tbbmalloc\frontend.cpp:988 ?getTLS@MemoryPool@internal@rml@@QEAAPEAVTLSData@23@_N@Z E:\Documents\source\repos\vcpkg\buildtrees\tbb\src\v2021.8.0-b8941aa9b2.clean\src\tbbmalloc\frontend.cpp:2546 ?getTLS@MemoryPool@internal@rml@@QEAAPEAVTLSData@23@_N@Z)
	[RSP+B20 ] 0x0                (size_t) [0]
	[RSP+B28 ] 0x7FF88709BC01     (void* -> Buffout4.dll+00FBC01	add [rax], al |  E:\Documents\source\repos\vcpkg\buildtrees\tbb\src\v2021.8.0-b8941aa9b2.clean\src\tbbmalloc\frontend.cpp:2312 ?getFromLLOCache@MemoryPool@internal@rml@@QEAAPEAXPEAVTLSData@23@_K1@Z)
	[RSP+B30 ] 0x6576617374697845 (size_t) [7311138193584781381]
	[RSP+B38 ] 0x3433443946455F30 (size_t) [3761425126567272240]
	[RSP+B40 ] 0x636E61535F5F3837 (size_t) [7164771067903293495]
	[RSP+B48 ] 0x6C69487972617574 (size_t) [7811854715098068340]
	[RSP+B50 ] 0x5F646C726F57736C (size_t) [6873738170024293228]
	[RSP+B58 ] 0x325F323130303030 (size_t) [3629675011527159856]
	[RSP+B60 ] 0x3135303131333230 (size_t) [3545793269461103152]
	[RSP+B68 ] 0x5F315F3832313032 (size_t) [6859368402426867762]
	[RSP+B70 ] 0xE090CD0032       (void*)
	[RSP+B78 ] 0x7FF88709BDB5     (void* -> Buffout4.dll+00FBDB5	mov r8d, eax |  E:\Documents\source\repos\vcpkg\buildtrees\tbb\src\v2021.8.0-b8941aa9b2.clean\src\tbbmalloc\frontend.cpp:2567 ?getTLS@MemoryPool@internal@rml@@QEAAPEAVTLSData@23@_N@Z)
	[RSP+B80 ] 0x7FF887285500     (void* -> Buffout4.dll+02E5500	add [rax], al |  ?memPoolListLock@MemoryPool@internal@rml@@2VMallocMutex@@A_2E5500)
	[RSP+B88 ] 0x7FF7890D093F     (void* -> Fallout4.exe+1B1093F	cmp [rdi], eax |  BSReadWriteLock::LockForRead(void)_1B1093F)
	[RSP+B90 ] 0x7FF800000002     (size_t) [140703128616962]
	[RSP+B98 ] 0x7FF88709B53E     (void* -> Buffout4.dll+00FB53E	cmp eax, ebx |  E:\Documents\source\repos\vcpkg\buildtrees\tbb\src\v2021.8.0-b8941aa9b2.clean\src\tbbmalloc\frontend.cpp:2537 ?freeOwnObject@Block@internal@rml@@QEAAXPEAX@Z)
	[RSP+BA0 ] 0x7FF78A209DB8     (void* -> Fallout4.exe+2C49DB8	loopne 0x00007FF78A209DD0 |  hkbInternal::hks::execute<0>(hkbInternal::lua_State*,hkbInternal::hksInstruction*,int)_2C49DB8)
	[RSP+BA8 ] 0x23CEB1B3CD0      (void*)
	[RSP+BB0 ] 0x0                (size_t) [0]
	[RSP+BB8 ] 0x7FF789602234     (void* -> Fallout4.exe+2042234	movzx eax, bl |  UI::GetMenuOpen(BSFixedString&)_2042234)
	[RSP+BC0 ] 0x7FF78D026DD0     (UI*)
	[RSP+BC8 ] 0x0                (size_t) [0]
	[RSP+BD0 ] 0x23CEB1B3CD0      (void*)
	[RSP+BD8 ] 0x7FF88709C84C     (void* -> Buffout4.dll+00FC84C	mov rbx, rax |  E:\Documents\source\repos\vcpkg\buildtrees\tbb\src\v2021.8.0-b8941aa9b2.clean\src\tbbmalloc\frontend.cpp:2934 scalable_malloc E:\Documents\source\repos\vcpkg\buildtrees\tbb\src\v2021.8.0-b8941aa9b2.clean\src\tbbmalloc\frontend.cpp:2995 scalable_malloc)
	[RSP+BE0 ] 0x23C6417FE00      (void*)
	[RSP+BE8 ] 0x7FF78845AC99     (void* -> Fallout4.exe+0E9AC99	test al, al |  PlayerCharacter::HandlePositionPlayerRequest(void)_E9AC99)
	[RSP+BF0 ] 0xF0ACD451         (size_t) [4037858385]
	[RSP+BF8 ] 0x0                (size_t) [0]
	[RSP+C00 ] 0x23CB1B8B040      (PlayerCharacter*)
		Flags: 0x00400408
		FormID: 0x00000014
		FormType: kACHR (65)
		Object Reference: 
		File: "UniquePlayer.esp"
		Modified by: Fallout4.esm -> IngameLoadingCrashFix.esl -> NPC Spawner.esp -> UniquePlayer.esp
		Flags: 0x00440009
		FormID: 0x00000007
		FormType: kNPC_ (45)
		Flags: 0x00400408
		FormID: 0x00000014
		FormType: kACHR (65)
	[RSP+C08 ] 0x7FF78D026DD0     (UI*)
	[RSP+C10 ] 0x7FF78AC8E430     (type_info*)
	[RSP+C18 ] 0x0                (size_t) [0]
	[RSP+C20 ] 0x7FF78AC8DF48     (type_info*)
	[RSP+C28 ] 0x0                (size_t) [0]
	[RSP+C30 ] 0x0                (size_t) [0]
	[RSP+C38 ] 0x7FF78AC8B140     (type_info*)
	[RSP+C40 ] 0x6576617374697845 (size_t) [7311138193584781381]
	[RSP+C48 ] 0x3433443946455F30 (size_t) [3761425126567272240]
	[RSP+C50 ] 0x636E61535F5F3837 (size_t) [7164771067903293495]
	[RSP+C58 ] 0x6C69487972617574 (size_t) [7811854715098068340]
	[RSP+C60 ] 0x5F646C726F57736C (size_t) [6873738170024293228]
	[RSP+C68 ] 0x325F323130303030 (size_t) [3629675011527159856]
	[RSP+C70 ] 0x3135303131333230 (size_t) [3545793269461103152]
	[RSP+C78 ] 0x5F315F3832313032 (size_t) [6859368402426867762]
	[RSP+C80 ] 0x736F662E32       (size_t) [495790206514]
	[RSP+C88 ] 0x23CCB4DC820      (BGSKeyword*)
		File: "SS2.esm"
		Flags: 0x00000009
		EditorID: "SS2_WorkbenchTag_CityPlannersDesk"
		FormID: 0x13014576
		FormType: kKYWD (04)
	[RSP+C90 ] 0x23D007CBB00      (BGSConstructibleObject*)
		File: "SS2-PraRandomAddon.esp"
		Flags: 0x00000008
		EditorID: "praSS2_co_CityPlannerDesk_Packed"
		FormID: 0x04034525
		FormType: kCOBJ (143)
	[RSP+C98 ] 0x23CCB76A53C      (void*)
	[RSP+CA0 ] 0x23D00B52C80      (TESObjectMISC*)
		File: "SS2-PraRandomAddon.esp"
		Flags: 0x00400008
		EditorID: "praSS2_PackedLargeCityPlannerDesk"
		FormID: 0x04034527
		FormType: kMISC (35)
		GetFullName: "Packed Huge Leader Desk"
	[RSP+CA8 ] 0x7FF78829CEFE     (void* -> Fallout4.exe+0CDCEFE	test al, al |  BGSSaveLoadGame::ShouldAddChanges(TESForm*,bool)_CDCEFE)
	[RSP+CB0 ] 0x23D007CBB00      (BGSConstructibleObject*)
		File: "SS2-PraRandomAddon.esp"
		Flags: 0x00000008
		EditorID: "praSS2_co_CityPlannerDesk_Packed"
		FormID: 0x04034525
		FormType: kCOBJ (143)
	[RSP+CB8 ] 0x23D007CBB00      (BGSConstructibleObject*)
		File: "SS2-PraRandomAddon.esp"
		Flags: 0x00000008
		EditorID: "praSS2_co_CityPlannerDesk_Packed"
		FormID: 0x04034525
		FormType: kCOBJ (143)
	[RSP+CC0 ] 0x7FF78D1A8080     (void* -> Fallout4.exe+5BE8080	add [rax], al |  aDiveBombChance_5BE8080)
	[RSP+CC8 ] 0x7FF78D1A8088     (void* -> Fallout4.exe+5BE8088	add [rax], al |  aDiveBombChance_5BE8088)
	[RSP+CD0 ] 0x23D007CBB00      (BGSConstructibleObject*)
		File: "SS2-PraRandomAddon.esp"
		Flags: 0x00000008
		EditorID: "praSS2_co_CityPlannerDesk_Packed"
		FormID: 0x04034525
		FormType: kCOBJ (143)
	[RSP+CD8 ] 0x7FF7878A7E0C     (void* -> Fallout4.exe+02E7E0C	mov rsi, [rsp+0x50] |  BGSConstructibleObject::InitItemImpl(void)_2E7E0C)
	[RSP+CE0 ] 0x2                (size_t) [2]
	[RSP+CE8 ] 0x2                (size_t) [2]
	[RSP+CF0 ] 0x1                (size_t) [1]
	[RSP+CF8 ] 0xE090CDF738       (void*)
	[RSP+D00 ] 0x0                (size_t) [0]
	[RSP+D08 ] 0x1                (size_t) [1]
	[RSP+D10 ] 0x23D007CBB00      (BGSConstructibleObject*)
		File: "SS2-PraRandomAddon.esp"
		Flags: 0x00000008
		EditorID: "praSS2_co_CityPlannerDesk_Packed"
		FormID: 0x04034525
		FormType: kCOBJ (143)
	[RSP+D18 ] 0x7FF88709BDB5     (void* -> Buffout4.dll+00FBDB5	mov r8d, eax |  E:\Documents\source\repos\vcpkg\buildtrees\tbb\src\v2021.8.0-b8941aa9b2.clean\src\tbbmalloc\frontend.cpp:2567 ?getTLS@MemoryPool@internal@rml@@QEAAPEAVTLSData@23@_N@Z)
	[RSP+D20 ] 0x23D13014576      (void*)
	[RSP+D28 ] 0x2                (size_t) [2]
	[RSP+D30 ] 0x23C6DE52D20      (char*) "X"
	[RSP+D38 ] 0x7FF88709B53E     (void* -> Buffout4.dll+00FB53E	cmp eax, ebx |  E:\Documents\source\repos\vcpkg\buildtrees\tbb\src\v2021.8.0-b8941aa9b2.clean\src\tbbmalloc\frontend.cpp:2537 ?freeOwnObject@Block@internal@rml@@QEAAXPEAX@Z)
	[RSP+D40 ] 0x8                (size_t) [8]
	[RSP+D48 ] 0x4                (size_t) [4]
	[RSP+D50 ] 0x73726573555C3A43 (size_t) [8318823007734479427]
	[RSP+D58 ] 0x445C33333638315C (size_t) [4925868387482480988]
	[RSP+D60 ] 0x73746E656D75636F (size_t) [8319395793567310703]
	[RSP+D68 ] 0x656D614720794D5C (size_t) [7308604728407575900]
	[RSP+D70 ] 0x756F6C6C61465C73 (size_t) [8462101437596720243]
	[RSP+D78 ] 0x73657661535C3474 (size_t) [8315182447391945844]
	[RSP+D80 ] 0xFFFF005C         (size_t) [4294901852]
	[RSP+D88 ] 0x7FF88709BDB5     (void* -> Buffout4.dll+00FBDB5	mov r8d, eax |  E:\Documents\source\repos\vcpkg\buildtrees\tbb\src\v2021.8.0-b8941aa9b2.clean\src\tbbmalloc\frontend.cpp:2567 ?getTLS@MemoryPool@internal@rml@@QEAAPEAVTLSData@23@_N@Z)
	[RSP+D90 ] 0xFFFFFF01         (size_t) [4294967041]
	[RSP+D98 ] 0x7FF7890D11C2     (void* -> Fallout4.exe+1B111C2	mov [rbx], rbp |  BSTArrayHeapAllocator::Reallocate(uint,uint,uint,uint,uint)_1B111C2)
	[RSP+DA0 ] 0x8                (size_t) [8]
	[RSP+DA8 ] 0x7FF787B5B5A1     (void* -> Fallout4.exe+059B5A1	mov rcx, [0x00007FF78ACD49A0] |  BGSSceneActionDialogue::SetFOVChangeRate(float)_59B5A1)
	[RSP+DB0 ] 0x23CF9476D00      (BGSSceneActionDialogue*)
	[RSP+DB8 ] 0x23CF4FB9A80      (BGSSceneActionDialogue*)
	[RSP+DC0 ] 0x7FF78D1A8080     (void* -> Fallout4.exe+5BE8080	add [rax], al |  aDiveBombChance_5BE8080)
	[RSP+DC8 ] 0x7FF78D1A8088     (void* -> Fallout4.exe+5BE8088	add [rax], al |  aDiveBombChance_5BE8088)
	[RSP+DD0 ] 0x0                (size_t) [0]
	[RSP+DD8 ] 0x7FF787B55639     (void* -> Fallout4.exe+0595639	mov rcx, [0x00007FF78ACD49A0] |  BGSSceneActionDialogue::GetFOVChangeRate(void)_595639)
	[RSP+DE0 ] 0x23CF4FB9A80      (BGSSceneActionDialogue*)
	[RSP+DE8 ] 0x23CF4FB9A80      (BGSSceneActionDialogue*)
	[RSP+DF0 ] 0x23CF9476D00      (BGSSceneActionDialogue*)
	[RSP+DF8 ] 0x7FF787B4AF0C     (void* -> Fallout4.exe+058AF0C	cmp eax, 0xFFFFFFFF |  BGSScene::AddAction(BGSSceneAction*)_58AF0C)
	[RSP+E00 ] 0x23CF9476D00      (BGSSceneActionDialogue*)
	[RSP+E08 ] 0x7FF787B589FF     (void* -> Fallout4.exe+05989FF	mov rax, [rdi+0x58] |  BGSSceneActionDialogue::Copy(BGSSceneAction*)_5989FF)
	[RSP+E10 ] 0x461B6AA          (size_t) [73512618]
	[RSP+E18 ] 0x461B6AA          (size_t) [73512618]
	[RSP+E20 ] 0x7FF78A20A948     (void* -> Fallout4.exe+2C4A948	shl byte ptr [rdx], 0x01 |  hkbInternal::hks::execute<0>(hkbInternal::lua_State*,hkbInternal::hksInstruction*,int)_2C4A948)
	[RSP+E28 ] 0x23CF4FAE890      (void*)
	[RSP+E30 ] 0x23CF4FAB4A0      (void*)
	[RSP+E38 ] 0x7FF787B52694     (void* -> Fallout4.exe+0592694	mov rcx, [r14+0x10] |  BSTArray<BGSSceneAction*,BSTArrayHeapAllocator>::ForEach<_lambda_d9ad01da6ead444646f4cb5307e31ed4_>(_lambda_d9ad01da6ead444646f4cb5307e31ed4_&)_592694)
	[RSP+E40 ] 0x23CF4FB9A80      (BGSSceneActionDialogue*)
	[RSP+E48 ] 0x23CF9476D00      (BGSSceneActionDialogue*)
	[RSP+E50 ] 0x0                (size_t) [0]
	[RSP+E58 ] 0x23CF4FB9A80      (BGSSceneActionDialogue*)
	[RSP+E60 ] 0x1                (size_t) [1]
	[RSP+E68 ] 0xE08F8FFBF0       (void*)
	[RSP+E70 ] 0x7FF78D1A8084     (void* -> Fallout4.exe+5BE8084	add [rax], al |  aDiveBombChance_5BE8084)
	[RSP+E78 ] 0x1                (size_t) [1]
	[RSP+E80 ] 0x7FF78D1A8080     (void* -> Fallout4.exe+5BE8080	add [rax], al |  aDiveBombChance_5BE8080)
	[RSP+E88 ] 0x7FF78D1A8088     (void* -> Fallout4.exe+5BE8088	add [rax], al |  aDiveBombChance_5BE8088)
	[RSP+E90 ] 0x23C6417FF20      (void*)
	[RSP+E98 ] 0x0                (size_t) [0]
	[RSP+EA0 ] 0x0                (size_t) [0]
	[RSP+EA8 ] 0x7FF7882B3A4D     (void* -> Fallout4.exe+0CF3A4D	mov [rbx+0x1A], al |  LoadGameJob::JobFn(void*)_CF3A4D)
	[RSP+EB0 ] 0x1                (size_t) [1]
	[RSP+EB8 ] 0x7FF78D0334C0     (char*) "Exitsave0_EF9D3478__SanctuaryHillsWorld_000012_20231105120128_1_2"
	[RSP+EC0 ] 0xFFFFFFFF         (size_t) [4294967295]
	[RSP+EC8 ] 0x0                (size_t) [0]
	[RSP+ED0 ] 0x23CD046CB00      (void*)
	[RSP+ED8 ] 0x7FF8D7753F01     (void* -> KERNELBASE.dll+0033F01	test eax, 0x89480000)
	[RSP+EE0 ] 0x7FF78D1AAB00     (void* -> Fallout4.exe+5BEAB00	and bh, bh |  aDiveBombChance_5BEAB00)
	[RSP+EE8 ] 0x7FF789110F26     (void* -> Fallout4.exe+1B50F26	mov ecx, [rbx+0x0C] |  BSJobs::JobListLocal::RunJobsInternal(uint,BSJobs::ThreadJobListState&,bool)_1B50F26)
	[RSP+EF0 ] 0x7FF78D1AAB00     (void* -> Fallout4.exe+5BEAB00	and bh, bh |  aDiveBombChance_5BEAB00)
	[RSP+EF8 ] 0x0                (size_t) [0]
	[RSP+F00 ] 0x0                (size_t) [0]
	[RSP+F08 ] 0x7FF8D778748D     (void* -> KERNELBASE.dll+006748D	nop [rax+rax*1], eax)
	[RSP+F10 ] 0x0                (size_t) [0]
	[RSP+F18 ] 0x0                (size_t) [0]
	[RSP+F20 ] 0x7FF78D1BFAC0     (void* -> Fallout4.exe+5BFFAC0	and [rdi], bh |  aDiveBombChance_5BFFAC0)
	[RSP+F28 ] 0x0                (size_t) [0]
	[RSP+F30 ] 0x7FF78D1AAAB0     (BSJobs::JobThread*)
	[RSP+F38 ] 0x7FF789111432     (void* -> Fallout4.exe+1B51432	mov r14d, eax |  BSJobs::JobThread::RunJob(void)_1B51432)
	[RSP+F40 ] 0x0                (size_t) [0]
	[RSP+F48 ] 0x7FF78D1AAAB0     (BSJobs::JobThread*)
	[RSP+F50 ] 0x0                (size_t) [0]
	[RSP+F58 ] 0xE090CDF8D0       (char*) "`J"
	[RSP+F60 ] 0x0                (size_t) [0]
	[RSP+F68 ] 0x0                (size_t) [0]
	[RSP+F70 ] 0x0                (size_t) [0]
	[RSP+F78 ] 0x7FF789113F67     (void* -> Fallout4.exe+1B53F67	movzx eax, byte ptr [rbx+0xA74] |  BSJobs::JobThread::ThreadProc(void)_1B53F67)
	[RSP+F80 ] 0x7FF78D1AAAB0     (BSJobs::JobThread*)
	[RSP+F88 ] 0x0                (size_t) [0]
	[RSP+F90 ] 0x0                (size_t) [0]
	[RSP+F98 ] 0x0                (size_t) [0]
	[RSP+FA0 ] 0x7FF78D1AAAB0     (BSJobs::JobThread*)
	[RSP+FA8 ] 0x7FF7890DCFED     (void* -> Fallout4.exe+1B1CFED	mov rcx, [0x00007FF78D11BD38] |  BSThread::CallThreadProc(void)_1B1CFED)
	[RSP+FB0 ] 0x4A60             (size_t) [19040]
	[RSP+FB8 ] 0xE090CDF8F0       (void*)
	[RSP+FC0 ] 0x23C6415BC90      (void*)
	[RSP+FC8 ] 0x0                (size_t) [0]
	[RSP+FD0 ] 0x7FF78D1AAAB0     (BSJobs::JobThread*)
	[RSP+FD8 ] 0x0                (size_t) [0]
	[RSP+FE0 ] 0x0                (size_t) [0]
	[RSP+FE8 ] 0x7FF8D7AE257D     (void* -> KERNEL32.DLL+001257D	mov ecx, eax)
	[RSP+FF0 ] 0x0                (size_t) [0]
	[RSP+FF8 ] 0x0                (size_t) [0]
	[RSP+1000] 0x0                (size_t) [0]
	[RSP+1008] 0x0                (size_t) [0]
	[RSP+1010] 0x0                (size_t) [0]
	[RSP+1018] 0x7FF8D9DCAA78     (void* -> ntdll.dll+005AA78	jmp 0x00007FF8D9DCAA99)
	[RSP+1020] 0x0                (size_t) [0]
	[RSP+1028] 0x0                (size_t) [0]
	[RSP+1030] 0x0                (size_t) [0]
	[RSP+1038] 0x0                (size_t) [0]
	[RSP+1040] 0x0                (size_t) [0]
	[RSP+1048] 0x0                (size_t) [0]
	[RSP+1050] 0xFF542F1A00000000 (size_t) [uint: 18398382166430973952 int: -48361907278577664]
	[RSP+1058] 0x0                (size_t) [0]
	[RSP+1060] 0x4F0FFFFFB30      (size_t) [5433133628208]
	[RSP+1068] 0x7FF8D787C550     (void* -> KERNELBASE.dll+015C550	mov [rsp+0x10], rbx)
	[RSP+1070] 0xE090CDD9C0       (void*)
	[RSP+1078] 0x34FA9280001FFE0A (size_t) [3817524712605482506]
	[RSP+1080] 0x7FF828D3EA4A     (size_t) [140703813593674]
	[RSP+1088] 0xE090CDD9C0       (void*)
	[RSP+1090] 0x0                (size_t) [0]
	[RSP+1098] 0x0                (size_t) [0]
	[RSP+10A0] 0x0                (size_t) [0]
	[RSP+10A8] 0x0                (size_t) [0]
	[RSP+10B0] 0x0                (size_t) [0]
	[RSP+10B8] 0x0                (size_t) [0]
	[RSP+10C0] 0x0                (size_t) [0]
	[RSP+10C8] 0x0                (size_t) [0]
	[RSP+10D0] 0x0                (size_t) [0]
	[RSP+10D8] 0x0                (size_t) [0]
	[RSP+10E0] 0x0                (size_t) [0]
	[RSP+10E8] 0x0                (size_t) [0]
	[RSP+10F0] 0x0                (size_t) [0]
	[RSP+10F8] 0x0                (size_t) [0]
	[RSP+1100] 0x0                (size_t) [0]
	[RSP+1108] 0x0                (size_t) [0]
	[RSP+1110] 0x0                (size_t) [0]
	[RSP+1118] 0x0                (size_t) [0]
	[RSP+1120] 0x0                (size_t) [0]
	[RSP+1128] 0x0                (size_t) [0]
	[RSP+1130] 0x0                (size_t) [0]
	[RSP+1138] 0x0                (size_t) [0]
	[RSP+1140] 0x0                (size_t) [0]
	[RSP+1148] 0x0                (size_t) [0]
	[RSP+1150] 0x0                (size_t) [0]
	[RSP+1158] 0x0                (size_t) [0]
	[RSP+1160] 0x0                (size_t) [0]
	[RSP+1168] 0x0                (size_t) [0]
	[RSP+1170] 0x0                (size_t) [0]
	[RSP+1178] 0x0                (size_t) [0]
	[RSP+1180] 0x0                (size_t) [0]
	[RSP+1188] 0x0                (size_t) [0]
	[RSP+1190] 0x0                (size_t) [0]
	[RSP+1198] 0x0                (size_t) [0]
	[RSP+11A0] 0x0                (size_t) [0]
	[RSP+11A8] 0x0                (size_t) [0]
	[RSP+11B0] 0x0                (size_t) [0]
	[RSP+11B8] 0x0                (size_t) [0]
	[RSP+11C0] 0x0                (size_t) [0]
	[RSP+11C8] 0x0                (size_t) [0]
	[RSP+11D0] 0x0                (size_t) [0]
	[RSP+11D8] 0x0                (size_t) [0]
	[RSP+11E0] 0x0                (size_t) [0]
	[RSP+11E8] 0x0                (size_t) [0]
	[RSP+11F0] 0x0                (size_t) [0]
	[RSP+11F8] 0x0                (size_t) [0]
	[RSP+1200] 0x0                (size_t) [0]
	[RSP+1208] 0x0                (size_t) [0]
	[RSP+1210] 0x0                (size_t) [0]
	[RSP+1218] 0x0                (size_t) [0]
	[RSP+1220] 0x0                (size_t) [0]
	[RSP+1228] 0x0                (size_t) [0]
	[RSP+1230] 0x0                (size_t) [0]
	[RSP+1238] 0x0                (size_t) [0]
	[RSP+1240] 0x0                (size_t) [0]
	[RSP+1248] 0x0                (size_t) [0]
	[RSP+1250] 0x0                (size_t) [0]
	[RSP+1258] 0x0                (size_t) [0]
	[RSP+1260] 0x0                (size_t) [0]
	[RSP+1268] 0x0                (size_t) [0]
	[RSP+1270] 0x0                (size_t) [0]
	[RSP+1278] 0x0                (size_t) [0]
	[RSP+1280] 0x0                (size_t) [0]
	[RSP+1288] 0x0                (size_t) [0]
	[RSP+1290] 0x0                (size_t) [0]
	[RSP+1298] 0x0                (size_t) [0]
	[RSP+12A0] 0x0                (size_t) [0]
	[RSP+12A8] 0x0                (size_t) [0]
	[RSP+12B0] 0x0                (size_t) [0]
	[RSP+12B8] 0x0                (size_t) [0]
	[RSP+12C0] 0x0                (size_t) [0]
	[RSP+12C8] 0x0                (size_t) [0]
	[RSP+12D0] 0x0                (size_t) [0]
	[RSP+12D8] 0x0                (size_t) [0]
	[RSP+12E0] 0x0                (size_t) [0]
	[RSP+12E8] 0x0                (size_t) [0]
	[RSP+12F0] 0x0                (size_t) [0]
	[RSP+12F8] 0x0                (size_t) [0]
	[RSP+1300] 0x0                (size_t) [0]
	[RSP+1308] 0x0                (size_t) [0]
	[RSP+1310] 0x0                (size_t) [0]
	[RSP+1318] 0x0                (size_t) [0]
	[RSP+1320] 0x0                (size_t) [0]
	[RSP+1328] 0x0                (size_t) [0]
	[RSP+1330] 0x0                (size_t) [0]
	[RSP+1338] 0x0                (size_t) [0]
	[RSP+1340] 0x0                (size_t) [0]
	[RSP+1348] 0x0                (size_t) [0]
	[RSP+1350] 0x0                (size_t) [0]
	[RSP+1358] 0x0                (size_t) [0]
	[RSP+1360] 0x0                (size_t) [0]
	[RSP+1368] 0x0                (size_t) [0]
	[RSP+1370] 0x0                (size_t) [0]
	[RSP+1378] 0x0                (size_t) [0]
	[RSP+1380] 0x0                (size_t) [0]
	[RSP+1388] 0x0                (size_t) [0]
	[RSP+1390] 0x0                (size_t) [0]
	[RSP+1398] 0x0                (size_t) [0]
	[RSP+13A0] 0x0                (size_t) [0]
	[RSP+13A8] 0x0                (size_t) [0]
	[RSP+13B0] 0x0                (size_t) [0]
	[RSP+13B8] 0x0                (size_t) [0]
	[RSP+13C0] 0x0                (size_t) [0]
	[RSP+13C8] 0x0                (size_t) [0]
	[RSP+13D0] 0x0                (size_t) [0]
	[RSP+13D8] 0x0                (size_t) [0]
	[RSP+13E0] 0x0                (size_t) [0]
	[RSP+13E8] 0x0                (size_t) [0]
	[RSP+13F0] 0x0                (size_t) [0]
	[RSP+13F8] 0x0                (size_t) [0]
	[RSP+1400] 0x0                (size_t) [0]
	[RSP+1408] 0x0                (size_t) [0]
	[RSP+1410] 0x0                (size_t) [0]
	[RSP+1418] 0x0                (size_t) [0]
	[RSP+1420] 0x0                (size_t) [0]
	[RSP+1428] 0x0                (size_t) [0]
	[RSP+1430] 0x0                (size_t) [0]
	[RSP+1438] 0x0                (size_t) [0]
	[RSP+1440] 0x0                (size_t) [0]
	[RSP+1448] 0x0                (size_t) [0]
	[RSP+1450] 0x0                (size_t) [0]
	[RSP+1458] 0x0                (size_t) [0]
	[RSP+1460] 0x0                (size_t) [0]
	[RSP+1468] 0x0                (size_t) [0]
	[RSP+1470] 0x0                (size_t) [0]
	[RSP+1478] 0x0                (size_t) [0]
	[RSP+1480] 0x0                (size_t) [0]
	[RSP+1488] 0x0                (size_t) [0]
	[RSP+1490] 0x0                (size_t) [0]
	[RSP+1498] 0x0                (size_t) [0]
	[RSP+14A0] 0x0                (size_t) [0]
	[RSP+14A8] 0x0                (size_t) [0]
	[RSP+14B0] 0x0                (size_t) [0]
	[RSP+14B8] 0x0                (size_t) [0]
	[RSP+14C0] 0x0                (size_t) [0]
	[RSP+14C8] 0x0                (size_t) [0]
	[RSP+14D0] 0x0                (size_t) [0]
	[RSP+14D8] 0x0                (size_t) [0]
	[RSP+14E0] 0x0                (size_t) [0]
	[RSP+14E8] 0x0                (size_t) [0]
	[RSP+14F0] 0x0                (size_t) [0]
	[RSP+14F8] 0x0                (size_t) [0]
	[RSP+1500] 0x0                (size_t) [0]
	[RSP+1508] 0x0                (size_t) [0]
	[RSP+1510] 0x0                (size_t) [0]
	[RSP+1518] 0x0                (size_t) [0]
	[RSP+1520] 0x0                (size_t) [0]
	[RSP+1528] 0x0                (size_t) [0]
	[RSP+1530] 0x0                (size_t) [0]
	[RSP+1538] 0x0                (size_t) [0]
	[RSP+1540] 0x0                (size_t) [0]
	[RSP+1548] 0x0                (size_t) [0]
	[RSP+1550] 0x0                (size_t) [0]
	[RSP+1558] 0x0                (size_t) [0]
	[RSP+1560] 0x0                (size_t) [0]
	[RSP+1568] 0x0                (size_t) [0]
	[RSP+1570] 0x0                (size_t) [0]
	[RSP+1578] 0x0                (size_t) [0]
	[RSP+1580] 0x0                (size_t) [0]
	[RSP+1588] 0x0                (size_t) [0]
	[RSP+1590] 0x0                (size_t) [0]
	[RSP+1598] 0x0                (size_t) [0]
	[RSP+15A0] 0x0                (size_t) [0]
	[RSP+15A8] 0x0                (size_t) [0]
	[RSP+15B0] 0x0                (size_t) [0]
	[RSP+15B8] 0x0                (size_t) [0]
	[RSP+15C0] 0x0                (size_t) [0]
	[RSP+15C8] 0x0                (size_t) [0]
	[RSP+15D0] 0x0                (size_t) [0]
	[RSP+15D8] 0x0                (size_t) [0]
	[RSP+15E0] 0x0                (size_t) [0]
	[RSP+15E8] 0x0                (size_t) [0]
	[RSP+15F0] 0x0                (size_t) [0]
	[RSP+15F8] 0x0                (size_t) [0]
	[RSP+1600] 0x0                (size_t) [0]
	[RSP+1608] 0x0                (size_t) [0]
	[RSP+1610] 0x0                (size_t) [0]
	[RSP+1618] 0x0                (size_t) [0]
	[RSP+1620] 0x0                (size_t) [0]
	[RSP+1628] 0x0                (size_t) [0]
	[RSP+1630] 0x0                (size_t) [0]
	[RSP+1638] 0x0                (size_t) [0]
	[RSP+1640] 0x0                (size_t) [0]
	[RSP+1648] 0x0                (size_t) [0]
	[RSP+1650] 0x0                (size_t) [0]
	[RSP+1658] 0x0                (size_t) [0]
	[RSP+1660] 0x0                (size_t) [0]
	[RSP+1668] 0x0                (size_t) [0]
	[RSP+1670] 0x0                (size_t) [0]
	[RSP+1678] 0x0                (size_t) [0]
	[RSP+1680] 0x0                (size_t) [0]
	[RSP+1688] 0x0                (size_t) [0]
	[RSP+1690] 0x0                (size_t) [0]
	[RSP+1698] 0x0                (size_t) [0]
	[RSP+16A0] 0x0                (size_t) [0]
	[RSP+16A8] 0x0                (size_t) [0]
	[RSP+16B0] 0x0                (size_t) [0]
	[RSP+16B8] 0x0                (size_t) [0]
	[RSP+16C0] 0x0                (size_t) [0]
	[RSP+16C8] 0x0                (size_t) [0]
	[RSP+16D0] 0x0                (size_t) [0]
	[RSP+16D8] 0x0                (size_t) [0]

MODULES:
	XINPUT1_3.dll                      0x000000400000
	X3DAudio1_7.dll                    0x000051F80000
	steam_api64.dll                    0x000051F90000
	LL_fourPlay_1_10_163.dll           0x000180000000
	Fallout4.exe                       0x7FF7875C0000
	nvwgf2umx.dll                      0x7FF822A60000
	nvldumdx.dll                       0x7FF833A90000
	ResampleDmo.DLL                    0x7FF84B3D0000
	DSOUND.DLL                         0x7FF84B490000
	nvspcap64.dll                      0x7FF8863C0000
	gameoverlayrenderer64.dll          0x7FF8866A0000
	XDI.dll                            0x7FF886990000
	wsfw_identifier.dll                0x7FF886A00000
	RobCo_Patcher.dll                  0x7FF886B00000
	po3_SpellPerkItemDistributorF4.dll 0x7FF886BF0000
	mcm.dll                            0x7FF886D00000
	HHS.dll                            0x7FF886DA0000
	f4ee.dll                           0x7FF886E90000
	Buffout4.dll                       0x7FF886FA0000
	BakaScrapHeap.dll                  0x7FF8872C0000
	BakaFramework.dll                  0x7FF887390000
	tier0_s64.dll                      0x7FF887480000
	steamclient64.dll                  0x7FF887620000
	IPHLPAPI.DLL                       0x7FF888C50000
	ProjectMojave.dll                  0x7FF88C860000
	place.dll                          0x7FF88F060000
	HighFPSPhysicsFix.dll              0x7FF898450000
	PowerGridTools.dll                 0x7FF898700000
	FavoritesMenuEx.dll                0x7FF898820000
	F4z Ro D'oh.dll                    0x7FF89CED0000
	cbp.dll                            0x7FF89D040000
	f4se_1_10_163.dll                  0x7FF89E4D0000
	GFSDK_SSAO_D3D11.win64.dll         0x7FF89E5B0000
	cudart64_75.dll                    0x7FF8A1280000
	symamsi.dll                        0x7FF8A4430000
	ConsoleUtilF4.dll                  0x7FF8A4570000
	msdmo.dll                          0x7FF8A5E10000
	ncryptsslp.dll                     0x7FF8A6210000
	GFSDK_GodraysLib.x64.dll           0x7FF8A62A0000
	flexRelease_x64.dll                0x7FF8A6300000
	MSVCR110.dll                       0x7FF8A6450000
	MSVCP110.dll                       0x7FF8A6A20000
	bink2w64.dll                       0x7FF8A6AD0000
	XAudio2_7.dll                      0x7FF8A6F20000
	flexExtRelease_x64.dll             0x7FF8A7290000
	enbhelperf4.dll                    0x7FF8A7B30000
	BodyPartsUI.dll                    0x7FF8A7B70000
	achievements.dll                   0x7FF8A7BC0000
	vstdlib_s64.dll                    0x7FF8A7D80000
	OneCoreCommonProxyStub.dll         0x7FF8AD280000
	MessageBus.dll                     0x7FF8B3BF0000
	WINSPOOL.DRV                       0x7FF8B58E0000
	MSIMG32.dll                        0x7FF8B5A00000
	Windows.UI.dll                     0x7FF8B61C0000
	VCRUNTIME140_1.dll                 0x7FF8B87C0000
	MSVCP140.dll                       0x7FF8B87D0000
	VCRUNTIME140.dll                   0x7FF8B8860000
	COMCTL32.dll                       0x7FF8B9F30000
	WeaponDebrisCrashFix.dll           0x7FF8BE670000
	SprintStutteringFix.dll            0x7FF8BF710000
	webio.dll                          0x7FF8BF960000
	winmmbase.dll                      0x7FF8C0A40000
	MpOav.dll                          0x7FF8C3320000
	amsi.dll                           0x7FF8C33F0000
	wbemsvc.dll                        0x7FF8C54E0000
	fastprox.dll                       0x7FF8C5500000
	textinputframework.dll             0x7FF8C66E0000
	wbemcomn.dll                       0x7FF8C6880000
	AUDIOSES.DLL                       0x7FF8C7280000
	nvapi64.dll                        0x7FF8C7730000
	igc64.dll                          0x7FF8C8690000
	igdgmm64.dll                       0x7FF8CAA90000
	MMDevApi.dll                       0x7FF8CB470000
	rasadhlp.dll                       0x7FF8CB650000
	OneCoreUAPCommonProxyStub.dll      0x7FF8CB7A0000
	igd10iumd64.dll                    0x7FF8CC2C0000
	f4se_steam_loader.dll              0x7FF8CD7A0000
	wbemprox.dll                       0x7FF8CDCB0000
	fwpuclnt.dll                       0x7FF8CDE40000
	drvstore.dll                       0x7FF8CDF50000
	cryptnet.dll                       0x7FF8CE130000
	dhcpcsvc.DLL                       0x7FF8CF3A0000
	dhcpcsvc6.DLL                      0x7FF8CF5C0000
	WINMM.dll                          0x7FF8CF630000
	CoreUIComponents.dll               0x7FF8CFAD0000
	WINHTTP.dll                        0x7FF8CFF80000
	VERSION.dll                        0x7FF8D0450000
	avrt.dll                           0x7FF8D08B0000
	nvToolsExt64_1.dll                 0x7FF8D1080000
	directxdatabasehelper.dll          0x7FF8D10E0000
	MSVCP140_ATOMIC_WAIT.dll           0x7FF8D11C0000
	d3d11.dll                          0x7FF8D2F00000
	dcomp.dll                          0x7FF8D3750000
	CoreMessaging.dll                  0x7FF8D3DC0000
	apphelp.dll                        0x7FF8D41B0000
	WINNSI.DLL                         0x7FF8D4330000
	UxTheme.dll                        0x7FF8D43A0000
	dxcore.dll                         0x7FF8D4480000
	dxgi.dll                           0x7FF8D44D0000
	dwmapi.dll                         0x7FF8D46C0000
	resourcepolicyclient.dll           0x7FF8D4910000
	DbgHelp.dll                        0x7FF8D4CD0000
	wintypes.dll                       0x7FF8D4F10000
	windows.storage.dll                0x7FF8D5050000
	HID.DLL                            0x7FF8D5950000
	IpHlpAPI.dll                       0x7FF8D5BB0000
	DNSAPI.dll                         0x7FF8D5C20000
	Secur32.dll                        0x7FF8D5F00000
	schannel.DLL                       0x7FF8D5F70000
	rsaenh.dll                         0x7FF8D6080000
	kernel.appcore.dll                 0x7FF8D60C0000
	ntmarta.dll                        0x7FF8D6140000
	SSPICLI.DLL                        0x7FF8D63F0000
	UMPDC.dll                          0x7FF8D6580000
	powrprof.dll                       0x7FF8D65B0000
	MSWSOCK.dll                        0x7FF8D66A0000
	USERENV.dll                        0x7FF8D6790000
	CRYPTSP.dll                        0x7FF8D68F0000
	CRYPTBASE.DLL                      0x7FF8D6910000
	wldp.dll                           0x7FF8D69A0000
	NTASN1.dll                         0x7FF8D6A20000
	ncrypt.dll                         0x7FF8D6A60000
	bcrypt.dll                         0x7FF8D6A90000
	msasn1.dll                         0x7FF8D6D90000
	devobj.dll                         0x7FF8D6DB0000
	CFGMGR32.dll                       0x7FF8D6DE0000
	DPAPI.DLL                          0x7FF8D6E50000
	profapi.dll                        0x7FF8D7020000
	win32u.dll                         0x7FF8D70F0000
	bcryptPrimitives.dll               0x7FF8D7120000
	wintrust.dll                       0x7FF8D71A0000
	gdi32full.dll                      0x7FF8D7210000
	CRYPT32.dll                        0x7FF8D73F0000
	ucrtbase.dll                       0x7FF8D7560000
	msvcp_win.dll                      0x7FF8D7680000
	KERNELBASE.dll                     0x7FF8D7720000
	KERNEL32.DLL                       0x7FF8D7AD0000
	WS2_32.dll                         0x7FF8D7BA0000
	SETUPAPI.dll                       0x7FF8D7C20000
	SHLWAPI.dll                        0x7FF8D80A0000
	USER32.dll                         0x7FF8D8100000
	PSAPI.DLL                          0x7FF8D82B0000
	COMDLG32.dll                       0x7FF8D8350000
	RPCRT4.dll                         0x7FF8D8450000
	NSI.dll                            0x7FF8D85E0000
	OLEAUT32.dll                       0x7FF8D85F0000
	imagehlp.dll                       0x7FF8D86E0000
	IMM32.DLL                          0x7FF8D8700000
	sechost.dll                        0x7FF8D8760000
	MSCTF.dll                          0x7FF8D8810000
	GDI32.dll                          0x7FF8D8960000
	ADVAPI32.dll                       0x7FF8D8990000
	shcore.dll                         0x7FF8D8A40000
	combase.dll                        0x7FF8D8B40000
	msvcrt.dll                         0x7FF8D8ED0000
	ole32.dll                          0x7FF8D8FD0000
	clbcatq.dll                        0x7FF8D9170000
	SHELL32.dll                        0x7FF8D9290000
	ntdll.dll                          0x7FF8D9D70000

F4SE PLUGINS:
	achievements.dll
	BakaFramework.dll v1.10
	BakaScrapHeap.dll v1.3
	BodyPartsUI.dll v1
	Buffout4.dll v1.31.1
	cbp.dll
	ConsoleUtilF4.dll v1.0.1
	enbhelperf4.dll v1
	f4ee.dll
	F4z Ro D'oh.dll v1.1.6.1030
	FavoritesMenuEx.dll
	HHS.dll
	HighFPSPhysicsFix.dll
	LL_fourPlay_1_10_163.dll v46
	mcm.dll
	place.dll
	po3_SpellPerkItemDistributorF4.dll v2
	PowerGridTools.dll
	ProjectMojave.dll
	RobCo_Patcher.dll v3.5
	SprintStutteringFix.dll
	WeaponDebrisCrashFix.dll
	wsfw_identifier.dll
	XDI.dll

PLUGINS:
	[00]     Fallout4.esm
	[01]     DLCRobot.esm
	[02]     DLCworkshop01.esm
	[03]     DLCCoast.esm
	[04]     DLCworkshop02.esm
	[05]     DLCworkshop03.esm
	[06]     DLCNukaWorld.esm
	[07]     Unofficial Fallout 4 Patch.esp
	[08]     XDI.esm
	[09]     ArmorKeywords.esm
	[0A]     HUDFramework.esm
	[0B]     WorkshopFramework.esm
	[0C]     Homemaker.esm
	[0D]     Snap'n Build.esm
	[0E]     Loads.esm
	[0F]     AAF.esm
	[10]     MaleBodies_AMPatch.esm
	[11]     SpringCleaning.esm
	[12]     DCGuard_Overhaul.esp
	[13]     SS2.esm
	[14]     SS2_XPAC_Chapter2.esm
	[15]     NewCalibers.esp
	[16]     ProjectMojave.esm
	[17]     TortureDevices.esm
	[18]     SkimpyArmorKeywordResource.esm
	[19]     Devious Devices.esm
	[1A]     SettlementKeywords.esm
	[1B]     EthreonMasterPlan.esm
	[1C]     TrueStormsFO4.esm
	[1D]     Robot Home Defence.esm
	[1E]     CWSS Redux.esp
	[1F]     TacticalReload.esm
	[20]     Games.esm
	[21]     BarstoolGames.esm
	[22]     SettlementMenuManager.esp
	[23]     FlirtyCommonwealth.esp
	[24]     PiperCaitCurieDialogueOverhaul.esp
	[25]     Yona_Weapon_DefenseGun.esp
	[26]     F4NVServiceRifleRedux.esp
	[27]     WorkshopPlus.esp
	[28]     SSEX.esp
	[29]     cVc Fishery.esp
	[2A]     SavageCabbage_Animations.esp
	[2B]     Insignificant Object Remover.esp
	[2C]     KLPostersAdult.esp
	[2D]     PeopleCollars.esp
	[2E]     Clean & Smooth - Commonwealth Collection.esp
	[2F]     Another Pine Forest Mod.esp
	[30]     NukaWorldPlus.esp
	[31]     Boston Breeder.esp
	[32]     WelcometoGoodneighbor.esp
	[33]     nuka_world_settlements.esp
	[34]     3DNPC_FO4.esp
	[35]     VIS-G Item Sorting.esp
	[36]     Armorsmith Extended.esp
	[37]     AM Skingen.esp
	[38]     Generalofthearmy.esp
	[39]     Fixed_Rexford.esp
	[3A]     Stm_DiamondCityExpansion.esp
	[3B]     GoodneighborExpanded.esp
	[3C]     OutcastsAndRemnants.esp
	[3D]     CleanSettlement Greenhouse.esp
	[3E]     America Rising - A Tale of the Enclave.esp
	[3F]     Eli_Armour_Compendium.esp
	[40]     CombinedArmsNV.esp
	[41]     CombinedArmsEXPack.esp
	[42]     QBZ191.esp
	[43]     BetterFarHarbor_Open.esp
	[44]     Sanctuary Pre-Walled.esp
	[45]     AA FusionCityRising.esp
	[46]     RecruitableSettlers.esp
	[47]     INVB_WastelandDairy.esp
	[48]     NukaRDC.esp
	[49]     NightstrikerCreatureMod.esp
	[4A]     AnimalLoverWastelandSeducer.esp
	[4B]     CheatTerminal.esp
	[4C]     BoundInPublic.esp
	[4D]     EroticArt.esp
	[4E]     InstituteSettlements2.esp
	[4F]     SS2_FDK_TinyLiving.esp
	[50]     RecruitableSettlersFH.esp
	[51]     DX_FetishFashion_Part1.esp
	[52]     CCOVulgarVillainsReplacer.esp
	[53]     2pacSkimpy.esp
	[54]     RealHandcuffs.esp
	[55]     Beggar_Whore.esp
	[56]     AA HotC - Standalone.esp
	[57]     SS2HappyTrails.esp
	[58]     EroticArt - Expanded.esp
	[59]     FSS_Officer.esp
	[5A]     FP_FamilyPlanningEnhanced.esp
	[5B]     INVB_WastelandOffspring.esp
	[5C]     BeastWhisperer.esp
	[5D]     AAF_SEU.esp
	[5E]     FPEAddonPack.esp
	[5F]     AAF_GrayAnimations.esp
	[60]     BraveAnims.esp
	[61]     DX Courser X-92 Power Suit.esp
	[62]     BobbleGirl.esp
	[63]     Loads of Ammo - Leveled Lists.esp
	[64]     SlaveTattoos.esp
	[65]     PIP-Pad.esp
	[66]     LooksMenu Customization Compendium.esp
	[67]     Extended weapon mods.esp
	[68]     Crazy_Animations_Gun.esp
	[69]     Mutated Lust.esp
	[6A]     FusionGirl.esp
	[6B]     CBBE.esp
	[6C]     RZSex.esp
	[6D]     SS2_XDI Patch.esp
	[6E]     Farelle_Animations.esp
	[6F]     LooksMenu.esp
	[70]     TatsAfterRape.esp
	[71]     FO4_AnimationsByLeito.esp
	[72]     AAF_CreaturePack01.esp
	[73]     Vadermania[AAF_anims].esp
	[74]     Rufgt's Animations.esp
	[75]     Vioxsis_Strap-Ons.esp
	[76]     Crazy_Multi-Tool.esp
	[77]     CumOverlays.esp
	[78]     SS2WastelandVenturers.esp
	[79]     [SS20Addon] SimSettlements SuperStructures.esp
	[7A]     ohSIM_Sim2_Settlements_Scrappers_Addon.esp
	[7B]     Cho1_ss2_Barmod_Conversion.esp
	[7C]     SS2_Addon_R2R.esp
	[7D]     ZaZOut4.esp
	[7E]     AAF_CreaturePack02DLC.esp
	[7F]     SS2_ruined_simsettlement_addonpack.esp
	[80]     SS2-Jampads2.esp
	[81]     AAF_BadEnd_Animations.esp
	[82]     DansesWearableHolotags_v01-2.esp
	[83]     Just Business.esp
	[84]     AAF_Four-Play_Animations_Crazy6987.esp
	[85]     Deathclaw_nude.esp
	[86]     ErectionFix_SilverPerv.esp
	[87]     FP_SexualHarassment.esp
	[88]     AFVPurgatory.esp
	[89]     SS2_Addon_PSC_Plots.esp
	[8A]     JunkTownTwo.esp
	[8B]     UAP Moans.esp
	[8C]     AAF_Violate.esp
	[8D]     AtomicAnnieLagrieGun.esp
	[8E]     DX_Black_Widow.esp
	[8F]     FCOM.esp
	[90]     FPE_Resources.esp
	[91]     INVB_Enslavement.esp
	[92]     INVB_WastelandResources.esp
	[93]     FPAttributes.esp
	[94]     VtawWardrobe8.esp
	[95]     AWKCR - Mod Power Armor Engine Glitch Fix.esp
	[96]     DangerousNights.esp
	[97]     GetDirty.esp
	[98]     AzarPonytailHairstyles.esp
	[99]     KSHairdos.esp
	[9A]     LongerPowerLines3x.esp
	[9B]     ASVektor.esp
	[9C]     NanoSuit.esp
	[9D]     The Eyes Of Beauty.esp
	[9E]     The Eyes of Beauty Looking Stranger.esp
	[9F]     TheEyesOfBeauty.esp
	[A0]     AdvBubbleTurretSet-RealNP.esp
	[A1]     AlternateFurniture.esp
	[A2]     AlternateSettlements.esp
	[A3]     Better Vendor Stalls.esp
	[A4]     MinutemenPropaganda.esp
	[A5]     Minutemenoverhaul.esp
	[A6]     NPC Spawner.esp
	[A7]     Northland Diggers.esp
	[A8]     Northland.esp
	[A9]     Settle-SRR.esp
	[AA]     TD_DLC01Workshop_Addons.esp
	[AB]     CCOSaucySettlersCraftable.esp
	[AC]     CCOVulgarVillainsCraftable.esp
	[AD]     3DNPC brothel clothing.esp
	[AE]     ButcherMeatRack.esp
	[AF]     Homemaker - Streetlights Use Passive Power.esp
	[B0]     Homemaker - Unlocked Institute Objects.esp
	[B1]     ClothingShelves.esp
	[B2]     Crimsomrider's Immersive Market.esp
	[B3]     InsElevator.esp
	[B4]     dinomore.esp
	[B5]     EFF.esp
	[B6]     FilledBrahminFeedTroughs.esp
	[B7]     Girls Workshop.esp
	[B8]     move that workbench!.esp
	[B9]     dD-Enhanced Blood Basic.esp
	[BA]     AES_Renovated Furniture.esp
	[BB]     RRTV_MyFirstInfirmary.esp
	[BC]     SS2WastelandReconstructionKit.esp
	[BD]     Passthrough.esp
	[BE]     FIS-Naming-Weap-Armo-EN.esp
	[BF]     10mmRevolver.esp
	[C0]     BattleRifle.esp
	[C1]     DD_bleu_Ump_Extreme_Lore_friendly_edition.esp
	[C2]     3dscopes.esp
	[C3]     M14.esp
	[C4]     M2216.esp
	[C5]     TrueStormsFO4-EarlierSunsets.esp
	[C6]     TrueStormsFO4-FarHarbor.esp
	[C7]     TrueStormsFO4-EarlierSunsetsFH.esp
	[C8]     LadyKillerBed.esp
	[C9]     Workshop Planters For Crops.esp
	[CA]     BetterJunkFences.esp
	[CB]     AnimChemRedux.esp
	[CC]     AnimatedRadaway.esp
	[CD]     Campsite.esp
	[CE]     Casio_W59.esp
	[CF]     CompanionStatus.esp
	[D0]     GibsofGlory.esp
	[D1]     PIP-Pad_LMCC.esp
	[D2]     STEALTH AND DETECTION SYSTEM(base).esp
	[D3]     WheelMenu.esp
	[D4]     Raider Pet.esp
	[D5]     Atomic Lust.esp
	[D6]     ImmersiveAnimationFramework.esp
	[D7]     SS2_CityPlanPack_RiseOfTheCommonwealth.esp
	[D8]     SS2 - All Lights Cast Shadows.esp
	[D9]     RecruitableSettlersLeaders2.esp
	[DA]     SS2 Excess Resource Manager.esp
	[DB]     SimHomestead2.esp
	[DC]     UniqueFollowers.esp
	[DD]     UniquePlayer.esp
	[DE]     WestTekTacticalOptics.esp
	[DF]     FoFEyes.esp
	[E0]     KSHairdos_oel.esp
	[E1]     DelightfulCarla.esp
	[E2]     YoungMamaMurphy.esp
	[E3]     Cho1SS2FlagsMod.esp
	[E4]     SS2Tweaks.esp
	[E5]     LD50_Leaders.esp
	[E6]     GITS_suit_by_OniNigma.esp
	[E7]     ZeX-BodyGen-F.esp
	[E8]     ZeX-BodyGen-M.esp
	[E9]     ZeX-InGameSliders.esp
	[EA]     HN66Fo4_EasyGirl_BS.esp
	[EB]     WastelandRags.esp
	[EC]     TheKite_ScoopDigger.esp
	[ED]     TheKite_ScoopDiggerPiperReplacer.esp
	[EE]     ASA.esp
	[EF]     TheKite_VTS.esp
	[F0]     CCOSilverShroudReplacer.esp
	[F1]     DX_FetishFashion_Part2.esp
	[F2]     HN66Fo4_TRS.esp
	[F3]     TheKite_MilitiaWoman.esp
	[F4]     TheKite_HCD_SynthUniform.esp
	[F5]     TheKite_HCD_SynthUniform_Replacer.esp
	[F6]     CCOFoxyFactionsReplacer.esp
	[F7]     Hot and Horny Wastelands Billboards.esp
	[F8]     RepairSanctuary.esp
	[F9]     Sephrajins Outfit Sets.esp
	[FA]     SC_ExpandedScrapList.esp
	[FB]     VIS-G Legendary Modifications.esp
	[FC]     StartMeUp.esp
	[FD]     PlayerComments.esp
	[FE]     StartMeUpNukaWorldPatch.esp
	[FF]     Scrap Everything - Ultimate Edition.esp
	[00]     SimSettlements2_AddOnPack_ApocalypticAdditions_SirLach.esp
	[01]     SS2Extended.esp
	[02]     CSM SS2 Pack.esp
	[03]     JunkTown-FENCES2.esp
	[04]     SS2-PraRandomAddon.esp
	[05]     JunkTown2 - EXTREME.esp
	[FE:000] MTM-NukaTownEastArchwayFix.esl
	[FE:001] BakaFramework.esm
	[FE:002] SupplyLinesPlus.esl
	[FE:003] UlfEquip.esm
	[FE:004] Quick_Modification_Weapon_by_tooun.esl
	[FE:005] Bememoth Separated Cart.esl
	[FE:006] HoloDisplay.esl
	[FE:007] Working_Aquariums.esl
	[FE:008] Dogs can grab player.esl
	[FE:009] IngameLoadingCrashFix.esl
	[FE:00A] AAFThemes.esl
	[FE:00B] NPSShopping.esl
	[FE:00C] SS2WorkshopHUDOverride.esl
	[FE:00D] BodyTalk3-RaiderNormalsFix.esl
	[FE:00E] INVB_WastelandStory.esp
	[FE:00F] Unused Map Markers - Cut Content Restored.esp
	[FE:010] SS2_Addon_Favelabulous.esp
	[FE:011] Dank_ECO.esp
	[FE:012] Dank_ECO-INNR.esp
	[FE:013] Dank_ECO_DLCCoast.esp
	[FE:014] Dank_ECO_DLCNukaWorld.esp
	[FE:015] Dank_ECO_DLCRobot.esp
	[FE:016] ConditionBoy.esp
	[FE:017] DiscreteFemaleSkeleton.esp
	[FE:018] Feral Ghoul Bite Skills.esp
	[FE:019] AM Skingen - Automatron.esp
	[FE:01A] AM Skingen - Far Harbour.esp
	[FE:01B] AM Skingen - Nuka World.esp
	[FE:01C] Atomic Muscle.esp
	[FE:01D] RealHandcuffs_AWKCR_Compatibility.esp
	[FE:01E] RealHandcuffs_DD_Compatibility.esp
	[FE:01F] RealHandcuffs_JB_Compatibility.esp
	[FE:020] Behemoth No Cart.esp
	[FE:021] BraveAnims_Fix.esp
	[FE:022] PenPos.esp
	[FE:023] Zaz Particle Effects.esp
	[FE:024] AAF_Violate_DLC_Patch.esp
	[FE:025] ss2c23dnpcpatch.esp
	[FE:026] AAF_Violate_FCOM_Patch.esp
	[FE:027] AAF_Violate_Feral_Animations.esp
	[FE:028] AAF_Violate_Nightstriker_Patch.esp
	[FE:029] AAF_Dirty_Sex.esp
	[FE:02A] BuildableNukaStuff.esp
	[FE:02B] DiamondCityExpansion-RedSeat.esp
	[FE:02C] DCENS.esp
	[FE:02D] HotC_AAF_Scenes.esp
	[FE:02E] eXoMagazineShelf.esp
	[FE:02F] SEU_Voiced_Extension.esp
	[FE:030] CompanionStatus-Settings.esp
	[FE:031] M8rDisablePipboyEffects.esp
	[FE:032] ImmersiveRadiation.esp
	[FE:033] RussianStimpack.esp
	[FE:034] Stimpaks help you breathe.esp
	[FE:035] GetDirty_NoCleanlinessPatchForCWSS.esp
	[FE:036] StartMeUpShaunDefaultAppearance.esp
	[FE:037] IAF - Far Harbor & Nuka World.esp
	[FE:038] SS2 Better Outfits.esp
	[FE:039] SS2 Junk Storage Capacity.esp
	[FE:03A] SS2Addon_MS_BareEssentials.esp
	[FE:03B] SS2_WestTek.esp
	[FE:03C] SS2_NobodysLeaders2.esp
	[FE:03D] SS2_NobodysLeaders2_Automatron.esp
	[FE:03E] SS2_NobodysLeaders2_VaultTecWorkshop.esp
	[FE:03F] SS2_RobotMod.esp
	[FE:040] Sim Settlers 2 Go Shopping.esp
	[FE:041] SimSettlements2ChildSupport.esp
	[FE:042] SS2WhisperPowerPlots.esp
	[FE:043] Vault-Tec Mask.esp
	[FE:044] Institute Suit.esp
	[FE:045] TheKite_Railroad_Handmaiden.esp
	[FE:046] FO4HHS.esp
	[FE:047] CCOCheekyCasualsReplacer.esp
	[FE:048] Crafting Mastery 2 - Fair Nuka Mixes.esp
	[FE:049] Devious Devices Face Morphs.esp
	[FE:04A] SS2AOP_VaultTecTools.esp
	[FE:04B] SS2WalledGardensAndMore.esp
