Fallout 4 v1.10.163
Buffout 4 v1.28.6

Unhandled exception "EXCEPTION_ACCESS_VIOLATION" at 0x7FF74FB08F6A Fallout4.exe+1AF8F6A

	[Compatibility]
		F4EE: true
	[Crashlog]
		AutoOpen: false
		PromptUpload: false
	[Fixes]
		ActorIsHostileToActor: true
		CellInit: true
		CreateD3DAndSwapChain: true
		EncounterZoneReset: true
		GreyMovies: true
		MagicEffectApplyEvent: true
		MovementPlanner: true
		PackageAllocateLocation: true
		SafeExit: true
		TESObjectREFRGetEncounterZone: true
		UnalignedLoad: true
		UtilityShader: true
	[Patches]
		Achievements: true
		ArchiveLimit: false
		BSMTAManager: true
		BSPreCulledObjects: true
		BSTextureStreamerLocalHeap: false
		HavokMemorySystem: true
		INISettingCollection: true
		InputSwitch: false
		MaxStdIO: 2048
		MemoryManager: true
		MemoryManagerDebug: false
		ScaleformAllocator: true
		SmallBlockAllocator: true
		WorkshopMenu: true
	[Warnings]
		CreateTexture2D: true
		ImageSpaceAdapter: true

SYSTEM SPECS:
	OS: Microsoft Windows 11 Pro v10.0.22621
	CPU: AuthenticAMD AMD Ryzen 7 7800X3D 8-Core Processor           
	GPU #1: Nvidia AD104 [GeForce RTX 4070]
	GPU #2: AMD Raphael
	GPU #3: Microsoft Basic Render Driver
	PHYSICAL MEMORY: 24.09 GB/63.15 GB

PROBABLE CALL STACK:
	[ 0] 0x7FF74FB08F6A      Fallout4.exe+1AF8F6A -> 1447818+0x3A
	[ 1] 0x7FF74FB93FC9      Fallout4.exe+1B83FC9 -> 116219+0x1F9
	[ 2] 0x7FF74FB95FD7      Fallout4.exe+1B85FD7 -> 847044+0x57
	[ 3] 0x7FF74FB86832      Fallout4.exe+1B76832 -> 270048+0x42
	[ 4] 0x7FF74FB8A34B      Fallout4.exe+1B7A34B -> 1309589+0x9B
	[ 5] 0x7FF74FB89F44      Fallout4.exe+1B79F44 -> 1285198+0x1C4
	[ 6] 0x7FF74FB7FCDC      Fallout4.exe+1B6FCDC -> 1566228+0x61C
	[ 7] 0x7FF74FB8D93A      Fallout4.exe+1B7D93A -> 1261045+0x3A
	[ 8] 0x7FF74E12D319      Fallout4.exe+011D319 -> 1279060+0x199
	[ 9] 0x7FF74ED51FC4      Fallout4.exe+0D41FC4 -> 1411710+0x94
	[10] 0x7FF74ED4F3ED      Fallout4.exe+0D3F3ED -> 1429949+0x15D
	[11] 0x7FF74ED4F022      Fallout4.exe+0D3F022 -> 407290+0x32
	[12] 0x7FF74ED635A9      Fallout4.exe+0D535A9 -> 1085735+0x29
	[13] 0x7FFEFDD3A8AC f4se_1_10_163.dll+000A8AC
	[14] 0x7FF74FB2CFED      Fallout4.exe+1B1CFED -> 1079791+0x3D
	[15] 0x7FFFA39E257D      KERNEL32.DLL+001257D
	[16] 0x7FFFA470AA78         ntdll.dll+005AA78

REGISTERS:
	RAX 0x0                (size_t)
	RCX 0x1000             (size_t)
	RDX 0x0                (size_t)
	RBX 0x7FF753C17038     (void* -> Fallout4.exe+5C07038)
	RSP 0xB5A21CEC00       (void*)
	RBP 0x1                (size_t)
	RSI 0x7FF753C17038     (void* -> Fallout4.exe+5C07038)
	RDI 0x274CC802440      (BSResource::`anonymous namespace'::LooseFileAsyncStream*)
	R8  0x326162FA46A777   (size_t)
	R9  0x274CC802440      (BSResource::`anonymous namespace'::LooseFileAsyncStream*)
	R10 0x7FF753B77580     (void* -> Fallout4.exe+5B67580)
	R11 0xB5A21CEAF0       (void*)
	R12 0x273AAE1BC78      (char*) "DATA\"
	R13 0x0                (size_t)
	R14 0x273AAE1BD20      (BSResource::LooseFileLocation*)
	R15 0x2748C87A100      (char*) "	"

STACK:
	[RSP+0   ] 0xB5A21CEC70       (void*)
	[RSP+8   ] 0x274CC802440      (BSResource::`anonymous namespace'::LooseFileAsyncStream*)
	[RSP+10  ] 0x1                (size_t)
	[RSP+18  ] 0x9                (size_t)
	[RSP+20  ] 0x9                (size_t)
	[RSP+28  ] 0x7FF74FB93FC9     (void* -> Fallout4.exe+1B83FC9)
	[RSP+30  ] 0x0                (size_t)
	[RSP+38  ] 0xB5A21CEC80       (void*)
	[RSP+40  ] 0x7FF753B77580     (void* -> Fallout4.exe+5B67580)
	[RSP+48  ] 0x7FFF65F9AEB7     (void* -> usvfs_x64.dll+009AEB7)
	[RSP+50  ] 0x27403AF2AF4      (void*)
	[RSP+58  ] 0x0                (size_t)
	[RSP+60  ] 0x273AAE1BD20      (BSResource::LooseFileLocation*)
	[RSP+68  ] 0x100              (size_t)
	[RSP+70  ] 0x0                (size_t)
	[RSP+78  ] 0x274CC802440      (BSResource::`anonymous namespace'::LooseFileAsyncStream*)
	[RSP+80  ] 0x0                (size_t)
	[RSP+88  ] 0x0                (size_t)
	[RSP+90  ] 0x6D616574535C3A44 (size_t)
	[RSP+98  ] 0x5C7972617262694C (size_t)
	[RSP+A0  ] 0x7070616D61657473 (size_t)
	[RSP+A8  ] 0x6E6F6D6D6F635C73 (size_t)
	[RSP+B0  ] 0x74756F6C6C61465C (size_t)
	[RSP+B8  ] 0x5C415441445C3420 (size_t)
	[RSP+C0  ] 0x5F676F6C53656854 (size_t)
	[RSP+C8  ] 0x4C53452D465F4344 (size_t)
	[RSP+D0  ] 0x2E6E69614D202D20 (size_t)
	[RSP+D8  ] 0x27400326162      (void*)
	[RSP+E0  ] 0xB5A21CF530       (char*) "TheSlog_DC_F-ESL - Main.ba2"
	[RSP+E8  ] 0x100              (size_t)
	[RSP+F0  ] 0x246              (size_t)
	[RSP+F8  ] 0x0                (size_t)
	[RSP+100 ] 0x0                (size_t)
	[RSP+108 ] 0x273D0D3E1B0      (void*)
	[RSP+110 ] 0x273AAE5F7C0      (void*)
	[RSP+118 ] 0x100              (size_t)
	[RSP+120 ] 0x1                (size_t)
	[RSP+128 ] 0x7FF74FB52FE8     (void* -> Fallout4.exe+1B42FE8)
	[RSP+130 ] 0x0                (size_t)
	[RSP+138 ] 0xC5F4BB4A0F280000 (size_t)
	[RSP+140 ] 0x202              (size_t)
	[RSP+148 ] 0x7FFFA1E43B7F     (void* -> KERNELBASE.dll+0023B7F)
	[RSP+150 ] 0xFFFFFFFFFFFFFFFF (size_t)
	[RSP+158 ] 0x7FFED4ADBDCE     (void* -> Buffout4.dll+004BDCE)
	[RSP+160 ] 0x1                (size_t)
	[RSP+168 ] 0x7FF74FB52FE8     (void* -> Fallout4.exe+1B42FE8)
	[RSP+170 ] 0x100              (size_t)
	[RSP+178 ] 0x7FF74FB9580B     (void* -> Fallout4.exe+1B8580B)
	[RSP+180 ] 0x7FFED4DA8CA0     (void* -> Buffout4.dll+0318CA0)
	[RSP+188 ] 0x7FFED4ADC289     (void* -> Buffout4.dll+004C289)
	[RSP+190 ] 0x273AAE5F7C0      (void*)
	[RSP+198 ] 0x100              (size_t)
	[RSP+1A0 ] 0xB5A21CF190       (void*)
	[RSP+1A8 ] 0xB5A21CF530       (char*) "TheSlog_DC_F-ESL - Main.ba2"
	[RSP+1B0 ] 0x2748C87A100      (char*) "	"
	[RSP+1B8 ] 0x100              (size_t)
	[RSP+1C0 ] 0x3000             (size_t)
	[RSP+1C8 ] 0x274CC7D1E18      (char*) "TheSlog_DC_F-ESL - Main.ba2"
	[RSP+1D0 ] 0x7FF753C17038     (void* -> Fallout4.exe+5C07038)
	[RSP+1D8 ] 0x7FF74FB95FD7     (void* -> Fallout4.exe+1B85FD7)
	[RSP+1E0 ] 0x7FF703AF2AF4     (size_t)
	[RSP+1E8 ] 0x274C9969300      (BSResource::`anonymous namespace'::LooseFileStream*)
	[RSP+1F0 ] 0x7FF753C16838     (void* -> Fallout4.exe+5C06838)
	[RSP+1F8 ] 0x7FF753C17038     (void* -> Fallout4.exe+5C07038)
	[RSP+200 ] 0xB5A21CEE20       (void*)
	[RSP+208 ] 0x7FF74FB58300     (void* -> Fallout4.exe+1B48300)
	[RSP+210 ] 0x7FF753C16008     (BSResource::Archive2::Index*)
	[RSP+218 ] 0x7FF74FB86832     (void* -> Fallout4.exe+1B76832)
	[RSP+220 ] 0x2748C87A100      (char*) "	"
	[RSP+228 ] 0xB5A21CF190       (void*)
	[RSP+230 ] 0xB5A21CF1B0       (void*)
	[RSP+238 ] 0x100              (size_t)
	[RSP+240 ] 0x2748C87A100      (char*) "	"
	[RSP+248 ] 0x9                (size_t)
	[RSP+250 ] 0xB5A21CF190       (void*)
	[RSP+258 ] 0x7FF74FB8A34B     (void* -> Fallout4.exe+1B7A34B)
	[RSP+260 ] 0x7FF753C16008     (BSResource::Archive2::Index*)
	[RSP+268 ] 0x7FF753C17C60     (void* -> Fallout4.exe+5C07C60)
	[RSP+270 ] 0x7FF753C16008     (BSResource::Archive2::Index*)
	[RSP+278 ] 0x5201             (size_t)
	[RSP+280 ] 0xB5A21CF190       (void*)
	[RSP+288 ] 0x274C965A860      (void*)
	[RSP+290 ] 0xB5A21CF030       (char*) "ed\0000DA26_Physics.NIF"
	[RSP+298 ] 0x7FF74FB89F44     (void* -> Fallout4.exe+1B79F44)
	[RSP+2A0 ] 0x274C965A840      (void*)
	[RSP+2A8 ] 0x7FF753C17C68     (void* -> Fallout4.exe+5C07C68)
	[RSP+2B0 ] 0x0                (size_t)
	[RSP+2B8 ] 0x3AF2AF4          (size_t)
	[RSP+2C0 ] 0x0                (size_t)
	[RSP+2C8 ] 0x7FF74FB88A2B     (void* -> Fallout4.exe+1B78A2B)
	[RSP+2D0 ] 0x0                (size_t)
	[RSP+2D8 ] 0x7FF753C16000     (void* -> Fallout4.exe+5C06000)
	[RSP+2E0 ] 0x4C524E47         (size_t)
	[RSP+2E8 ] 0x0                (size_t)
	[RSP+2F0 ] 0xB5A21CF1B0       (void*)
	[RSP+2F8 ] 0x7FF74FB7F0FB     (void* -> Fallout4.exe+1B6F0FB)
	[RSP+300 ] 0x1D8              (size_t)
	[RSP+308 ] 0xB5A21CF030       (char*) "ed\0000DA26_Physics.NIF"
	[RSP+310 ] 0x9                (size_t)
	[RSP+318 ] 0x7FF753C16000     (void* -> Fallout4.exe+5C06000)
	[RSP+320 ] 0x4C524E47         (size_t)
	[RSP+328 ] 0x7FF74FB7FCDC     (void* -> Fallout4.exe+1B6FCDC)
	[RSP+330 ] 0x0                (size_t)
	[RSP+338 ] 0xB5A21CF190       (void*)
	[RSP+340 ] 0x274C965A840      (void*)
	[RSP+348 ] 0xB5A21CF12C       (void*)
	[RSP+350 ] 0xB5A21CEFB8       (void*)
	[RSP+358 ] 0x0                (size_t)
	[RSP+360 ] 0x36               (size_t)
	[RSP+368 ] 0x274CC7D1E00      (void*)
	[RSP+370 ] 0x274B86A0E80      (void*)
	[RSP+378 ] 0x0                (size_t)
	[RSP+380 ] 0x100000           (size_t)
	[RSP+388 ] 0x100000           (size_t)
	[RSP+390 ] 0x4278             (size_t)
	[RSP+398 ] 0x100000           (size_t)
	[RSP+3A0 ] 0x158445442        (size_t)
	[RSP+3A8 ] 0x1D84C524E47      (size_t)
	[RSP+3B0 ] 0x3AED85C          (size_t)
	[RSP+3B8 ] 0x5298             (size_t)
	[RSP+3C0 ] 0xC5411956E0B8     (size_t)
	[RSP+3C8 ] 0x7FFF65FD0CD7     (void* -> usvfs_x64.dll+00D0CD7)
	[RSP+3D0 ] 0x273F17BE018      (void*)
	[RSP+3D8 ] 0x100000           (size_t)
	[RSP+3E0 ] 0x3261623222CA23   (size_t)
	[RSP+3E8 ] 0x7FFF00000000     (size_t)
	[RSP+3F0 ] 0x274B87A2EC0      (char*) "/"
	[RSP+3F8 ] 0x0                (size_t)
	[RSP+400 ] 0x3AED85C          (size_t)
	[RSP+408 ] 0x3AF2AF4          (size_t)
	[RSP+410 ] 0x5298             (size_t)
	[RSP+418 ] 0x5298             (size_t)
	[RSP+420 ] 0x505C736568736500 (size_t)
	[RSP+428 ] 0x6E69626D6F436572 (size_t)
	[RSP+430 ] 0x44303030305C6465 (size_t)
	[RSP+438 ] 0x737968505F363241 (size_t)
	[RSP+440 ] 0x46494E2E736369   (size_t)
	[RSP+448 ] 0x46494E0046494E   (size_t)
	[RSP+450 ] 0xC5411956FF08     (size_t)
	[RSP+458 ] 0x46494E2E34313030 (size_t)
	[RSP+460 ] 0xB5A21CF400       (void*)
	[RSP+468 ] 0x7FFEF3F843B8     (void* -> MSVCR110.dll+00243B8)
	[RSP+470 ] 0xB500000002       (size_t)
	[RSP+478 ] 0x274B41C1F50      (void*)
	[RSP+480 ] 0x274B41C1F60      (void*)
	[RSP+488 ] 0x7FFEF3FB3659     (void* -> MSVCR110.dll+0053659)
	[RSP+490 ] 0x7FF750C67A60     (char*) "%s%s"
	[RSP+498 ] 0x7FFEF3F876E9     (void* -> MSVCR110.dll+00276E9)
	[RSP+4A0 ] 0xB5A21CF400       (void*)
	[RSP+4A8 ] 0x46494E0046494E00 (size_t)
	[RSP+4B0 ] 0xFFFFFFF5         (size_t)
	[RSP+4B8 ] 0xB5A21CF400       (void*)
	[RSP+4C0 ] 0xB                (size_t)
	[RSP+4C8 ] 0x7FFEF3FB4087     (void* -> MSVCR110.dll+0054087)
	[RSP+4D0 ] 0x7FF750C66390     (char*) " - Main.ba2"
	[RSP+4D8 ] 0xB5A21CF1D0       (void*)
	[RSP+4E0 ] 0x0                (size_t)
	[RSP+4E8 ] 0x7FFFA46EAB01     (void* -> ntdll.dll+003AB01)
	[RSP+4F0 ] 0x274B41C1F60      (void*)
	[RSP+4F8 ] 0x273F1730000      (void*)
	[RSP+500 ] 0xB5A21CF230       (void*)
	[RSP+508 ] 0x0                (size_t)
	[RSP+510 ] 0xB0000001B        (size_t)
	[RSP+518 ] 0x27300000000      (size_t)
	[RSP+520 ] 0x1D800000000      (size_t)
	[RSP+528 ] 0x1D8              (size_t)
	[RSP+530 ] 0x4                (size_t)
	[RSP+538 ] 0x2748C87A100      (char*) "	"
	[RSP+540 ] 0x273AAE1BD20      (BSResource::LooseFileLocation*)
	[RSP+548 ] 0x7FF753C16000     (void* -> Fallout4.exe+5C06000)
	[RSP+550 ] 0x274CA0C6FE0      (BSResource::`anonymous namespace'::LooseFileStream*)
	[RSP+558 ] 0x274B41C1F60      (void*)
	[RSP+560 ] 0x7FF750C67A64     (void* -> Fallout4.exe+2C57A64)
	[RSP+568 ] 0x7FFF00000313     (size_t)
	[RSP+570 ] 0x273F1764710      (void*)
	[RSP+578 ] 0x273F37B2080      (void*)
	[RSP+580 ] 0x274B41C1F50      (void*)
	[RSP+588 ] 0x31330315801      (size_t)
	[RSP+590 ] 0x274C9969300      (BSResource::`anonymous namespace'::LooseFileStream*)
	[RSP+598 ] 0xB5A21CEF70       (void*)
	[RSP+5A0 ] 0xB5A21CEFF0       (void*)
	[RSP+5A8 ] 0x7FFF000001D8     (size_t)
	[RSP+5B0 ] 0x3261623222CA23   (size_t)
	[RSP+5B8 ] 0x7FFF00000000     (size_t)
	[RSP+5C0 ] 0xB5A21CF530       (char*) "TheSlog_DC_F-ESL - Main.ba2"
	[RSP+5C8 ] 0x1D84C524E47      (size_t)
	[RSP+5D0 ] 0x273D244BE70      (char*) "D"
	[RSP+5D8 ] 0x6C006A           (size_t)
	[RSP+5E0 ] 0x273D244BE70      (char*) "D"
	[RSP+5E8 ] 0x1                (size_t)
	[RSP+5F0 ] 0x274CA0C6FE0      (BSResource::`anonymous namespace'::LooseFileStream*)
	[RSP+5F8 ] 0x0                (size_t)
	[RSP+600 ] 0x0                (size_t)
	[RSP+608 ] 0x0                (size_t)
	[RSP+610 ] 0x274C9969300      (BSResource::`anonymous namespace'::LooseFileStream*)
	[RSP+618 ] 0x0                (size_t)
	[RSP+620 ] 0xB5A21CF1D8       (char*) "j"
	[RSP+628 ] 0xC5F4BB4A00000042 (size_t)
	[RSP+630 ] 0x0                (size_t)
	[RSP+638 ] 0x7FFF65FD014A     (void* -> usvfs_x64.dll+00D014A)
	[RSP+640 ] 0x20000000C        (size_t)
	[RSP+648 ] 0x7FFFA4703320     (void* -> ntdll.dll+0053320)
	[RSP+650 ] 0x0                (size_t)
	[RSP+658 ] 0x7FFF65F6C993     (void* -> usvfs_x64.dll+006C993)
	[RSP+660 ] 0x274B21282C0      (void*)
	[RSP+668 ] 0x7FFF65FD01D9     (void* -> usvfs_x64.dll+00D01D9)
	[RSP+670 ] 0x273D244B66F      (void*)
	[RSP+678 ] 0x7FFED4ADA221     (void* -> Buffout4.dll+004A221)
	[RSP+680 ] 0xC5411956FD78     (size_t)
	[RSP+688 ] 0x273D23EC170      (void*)
	[RSP+690 ] 0x273D2426020      (void*)
	[RSP+698 ] 0x7FFF65F9AEB7     (void* -> usvfs_x64.dll+009AEB7)
	[RSP+6A0 ] 0x273AAD56840      (void*)
	[RSP+6A8 ] 0x7FFED4ADA54E     (void* -> Buffout4.dll+004A54E)
	[RSP+6B0 ] 0x7FFED4DA8CA0     (void* -> Buffout4.dll+0318CA0)
	[RSP+6B8 ] 0x3F               (size_t)
	[RSP+6C0 ] 0x273D0D1EC40      (void*)
	[RSP+6C8 ] 0x7FFF65FD014A     (void* -> usvfs_x64.dll+00D014A)
	[RSP+6D0 ] 0x7FFF66018A00     (char*) "usvfs::hook_NtClose"
	[RSP+6D8 ] 0x7FFFA4703320     (void* -> ntdll.dll+0053320)
	[RSP+6E0 ] 0x273F17DEA10      (void*)
	[RSP+6E8 ] 0x274CC7D0000      (void*)
	[RSP+6F0 ] 0x0                (size_t)
	[RSP+6F8 ] 0x7FFF65FD01D9     (void* -> usvfs_x64.dll+00D01D9)
	[RSP+700 ] 0x7FFFA474F5C0     (void* -> ntdll.dll+009F5C0)
	[RSP+708 ] 0x7FFED4ADADC6     (void* -> Buffout4.dll+004ADC6)
	[RSP+710 ] 0xB5A21CF468       (void*)
	[RSP+718 ] 0x273AAD56780      (void*)
	[RSP+720 ] 0x8                (size_t)
	[RSP+728 ] 0x0                (size_t)
	[RSP+730 ] 0x273AAD56840      (void*)
	[RSP+738 ] 0x274C95A2FF8      (char*) "TheSlog_DC_F-ESL.esp"
	[RSP+740 ] 0x14               (size_t)
	[RSP+748 ] 0x7FFED4ADBF65     (void* -> Buffout4.dll+004BF65)
	[RSP+750 ] 0x7FFED4DA8CA0     (void* -> Buffout4.dll+0318CA0)
	[RSP+758 ] 0x7FFED4DA8CA0     (void* -> Buffout4.dll+0318CA0)
	[RSP+760 ] 0x7FFE0000B338     (size_t)
	[RSP+768 ] 0x3F               (size_t)
	[RSP+770 ] 0xB5A21CF468       (void*)
	[RSP+778 ] 0x2748C87A100      (char*) "	"
	[RSP+780 ] 0x0                (size_t)
	[RSP+788 ] 0x591A             (size_t)
	[RSP+790 ] 0x7FF753BF7720     (void* -> Fallout4.exe+5BE7720)
	[RSP+798 ] 0x7FFED4ADC1EC     (void* -> Buffout4.dll+004C1EC)
	[RSP+7A0 ] 0x34               (size_t)
	[RSP+7A8 ] 0x1B               (size_t)
	[RSP+7B0 ] 0x1C               (size_t)
	[RSP+7B8 ] 0xB5A21CF530       (char*) "TheSlog_DC_F-ESL - Main.ba2"
	[RSP+7C0 ] 0x1C               (size_t)
	[RSP+7C8 ] 0x7FFEF3F96480     (void* -> MSVCR110.dll+0036480)
	[RSP+7D0 ] 0xB5A21CF430       (void*)
	[RSP+7D8 ] 0x7FFEF3F9416E     (void* -> MSVCR110.dll+003416E)
	[RSP+7E0 ] 0x440070007073652E (size_t)
	[RSP+7E8 ] 0x53452D465F526E43 (size_t)
	[RSP+7F0 ] 0x1B               (size_t)
	[RSP+7F8 ] 0x7FF74FB531F9     (void* -> Fallout4.exe+1B431F9)
	[RSP+800 ] 0x1B               (size_t)
	[RSP+808 ] 0x7FF750E1F340     (void* -> Fallout4.exe+2E0F340)
	[RSP+810 ] 0x7FF750E1F340     (void* -> Fallout4.exe+2E0F340)
	[RSP+818 ] 0x7FF753BF7720     (void* -> Fallout4.exe+5BE7720)
	[RSP+820 ] 0x1B               (size_t)
	[RSP+828 ] 0x7FF74FB53F5D     (void* -> Fallout4.exe+1B43F5D)
	[RSP+830 ] 0x0                (size_t)
	[RSP+838 ] 0x7FF753B77580     (void* -> Fallout4.exe+5B67580)
	[RSP+840 ] 0x7FF753BF7720     (void* -> Fallout4.exe+5BE7720)
	[RSP+848 ] 0xB5A21CF530       (char*) "TheSlog_DC_F-ESL - Main.ba2"
	[RSP+850 ] 0xB50000001C       (size_t)
	[RSP+858 ] 0x274C95A6500      (void*)
	[RSP+860 ] 0x1C0000001B       (size_t)
	[RSP+868 ] 0x274CC7D1E00      (void*)
	[RSP+870 ] 0x0                (size_t)
	[RSP+878 ] 0x0                (size_t)
	[RSP+880 ] 0x0                (size_t)
	[RSP+888 ] 0x274C95A5600      (void*)
	[RSP+890 ] 0x0                (size_t)
	[RSP+898 ] 0x274C95A6570      (void*)
	[RSP+8A0 ] 0xB5A21CF600       (void*)
	[RSP+8A8 ] 0x7FF74FB8D93A     (void* -> Fallout4.exe+1B7D93A)
	[RSP+8B0 ] 0x27458445442      (void*)
	[RSP+8B8 ] 0x7FF750C5BB83     (void* -> Fallout4.exe+2C4BB83)
	[RSP+8C0 ] 0x0                (size_t)
	[RSP+8C8 ] 0x274C9969300      (BSResource::`anonymous namespace'::LooseFileStream*)
	[RSP+8D0 ] 0x7FF750E238C8     (void* -> Fallout4.exe+2E138C8)
	[RSP+8D8 ] 0xB5A21CF500       (void*)
	[RSP+8E0 ] 0x0                (size_t)
	[RSP+8E8 ] 0x7FF753C17F20     (BSResource::`anonymous namespace'::GlobalPaths*)
	[RSP+8F0 ] 0x7FF750C5BB83     (void* -> Fallout4.exe+2C4BB83)
	[RSP+8F8 ] 0x7FF74E12D319     (void* -> Fallout4.exe+011D319)
	[RSP+900 ] 0x7FF750C5BB83     (void* -> Fallout4.exe+2C4BB83)
	[RSP+908 ] 0x274C95A5600      (void*)
	[RSP+910 ] 0x7FF750C67A60     (char*) "%s%s"
	[RSP+918 ] 0xB5A21CF760       (char*) "TheSlog_DC_F-ESL"
	[RSP+920 ] 0x7FF750C66390     (char*) " - Main.ba2"
	[RSP+928 ] 0xC5F4BB4A0F280000 (size_t)
	[RSP+930 ] 0x5F676F6C53656854 (size_t)
	[RSP+938 ] 0x4C53452D465F4344 (size_t)
	[RSP+940 ] 0x2E6E69614D202D20 (size_t)
	[RSP+948 ] 0x326162           (size_t)
	[RSP+950 ] 0x0                (size_t)
	[RSP+958 ] 0x0                (size_t)
	[RSP+960 ] 0x0                (size_t)
	[RSP+968 ] 0x0                (size_t)
	[RSP+970 ] 0x0                (size_t)
	[RSP+978 ] 0x0                (size_t)
	[RSP+980 ] 0x0                (size_t)
	[RSP+988 ] 0x0                (size_t)
	[RSP+990 ] 0x0                (size_t)
	[RSP+998 ] 0x0                (size_t)
	[RSP+9A0 ] 0x0                (size_t)
	[RSP+9A8 ] 0x0                (size_t)
	[RSP+9B0 ] 0x0                (size_t)
	[RSP+9B8 ] 0x0                (size_t)
	[RSP+9C0 ] 0x0                (size_t)
	[RSP+9C8 ] 0x0                (size_t)
	[RSP+9D0 ] 0x0                (size_t)
	[RSP+9D8 ] 0x0                (size_t)
	[RSP+9E0 ] 0x0                (size_t)
	[RSP+9E8 ] 0x0                (size_t)
	[RSP+9F0 ] 0x0                (size_t)
	[RSP+9F8 ] 0x0                (size_t)
	[RSP+A00 ] 0x0                (size_t)
	[RSP+A08 ] 0x0                (size_t)
	[RSP+A10 ] 0x0                (size_t)
	[RSP+A18 ] 0x0                (size_t)
	[RSP+A20 ] 0x0                (size_t)
	[RSP+A28 ] 0x0                (size_t)
	[RSP+A30 ] 0x0                (size_t)
	[RSP+A38 ] 0x7FF74E0567B2     (void* -> Fallout4.exe+00467B2)
	[RSP+A40 ] 0x7F007073652E     (size_t)
	[RSP+A48 ] 0xF64D             (size_t)
	[RSP+A50 ] 0x7FF753B77580     (void* -> Fallout4.exe+5B67580)
	[RSP+A58 ] 0x7FFEF4021630     (void* -> MSVCR110.dll+00C1630)
	[RSP+A60 ] 0x0                (size_t)
	[RSP+A68 ] 0x0                (size_t)
	[RSP+A70 ] 0x6E6547444F4C782A (size_t)
	[RSP+A78 ] 0x2E74757074754F5F (size_t)
	[RSP+A80 ] 0x707365           (size_t)
	[RSP+A88 ] 0x7073652E4C53     (size_t)
	[RSP+A90 ] 0x7073652E4C53     (size_t)
	[RSP+A98 ] 0x7073652E65000000 (size_t)
	[RSP+AA0 ] 0x2E6863614C720000 (size_t)
	[RSP+AA8 ] 0x707365           (size_t)
	[RSP+AB0 ] 0x0                (size_t)
	[RSP+AB8 ] 0x7FF74FB8F62C     (void* -> Fallout4.exe+1B7F62C)
	[RSP+AC0 ] 0x7FF753C17F20     (BSResource::`anonymous namespace'::GlobalPaths*)
	[RSP+AC8 ] 0xB5A21CF910       (char*) "cccrsfo4001-pipcoa.esl"
	[RSP+AD0 ] 0x1                (size_t)
	[RSP+AD8 ] 0xB5A21CF820       (void*)
	[RSP+AE0 ] 0x6363635C41544144 (size_t)
	[RSP+AE8 ] 0x313030346F667372 (size_t)
	[RSP+AF0 ] 0x2E616F637069702D (size_t)
	[RSP+AF8 ] 0x6C707200006C7365 (size_t)
	[RSP+B00 ] 0x6C73652E617A61   (size_t)
	[RSP+B08 ] 0x6C73006C         (size_t)
	[RSP+B10 ] 0x0                (size_t)
	[RSP+B18 ] 0x7FF750D4C119     (void* -> Fallout4.exe+2D3C119)
	[RSP+B20 ] 0x0                (size_t)
	[RSP+B28 ] 0xB5A21CF798       (void*)
	[RSP+B30 ] 0x7FF750E238C8     (void* -> Fallout4.exe+2E138C8)
	[RSP+B38 ] 0x7FF74FB8FC81     (void* -> Fallout4.exe+1B7FC81)
	[RSP+B40 ] 0x27458445442      (void*)
	[RSP+B48 ] 0xB5A21CF640       (char*) ".esp"
	[RSP+B50 ] 0x1040004          (size_t)
	[RSP+B58 ] 0x274C6B7B3A0      (BSResource::`anonymous namespace'::LooseFileStream*)
	[RSP+B60 ] 0x5F676F6C53656854 (size_t)
	[RSP+B68 ] 0x4C53452D465F4344 (size_t)
	[RSP+B70 ] 0x445F616A6E004C00 (size_t)
	[RSP+B78 ] 0x53452D465F526E43 (size_t)
	[RSP+B80 ] 0x654D20007400004C (size_t)
	[RSP+B88 ] 0x535F736E00656772 (size_t)
	[RSP+B90 ] 0x65006863614C7269 (size_t)
	[RSP+B98 ] 0x7FF753C17E00     (void* -> Fallout4.exe+5C07E00)
	[RSP+BA0 ] 0x0                (size_t)
	[RSP+BA8 ] 0xB5A21CF6A0       (void*)
	[RSP+BB0 ] 0xB501040004       (size_t)
	[RSP+BB8 ] 0x7FFFA4703320     (void* -> ntdll.dll+0053320)
	[RSP+BC0 ] 0x346F666163676363 (size_t)
	[RSP+BC8 ] 0x756761702D353230 (size_t)
	[RSP+BD0 ] 0xB5A21CF922       (char*) ".esl"
	[RSP+BD8 ] 0x7FFED4ADBF65     (void* -> Buffout4.dll+004BF65)
	[RSP+BE0 ] 0x274C9B33D00      (void*)
	[RSP+BE8 ] 0x7FF74FB87B42     (void* -> Fallout4.exe+1B77B42)
	[RSP+BF0 ] 0x0                (size_t)
	[RSP+BF8 ] 0x7FF74FB91C78     (void* -> Fallout4.exe+1B81C78)
	[RSP+C00 ] 0x0                (size_t)
	[RSP+C08 ] 0x0                (size_t)
	[RSP+C10 ] 0x0                (size_t)
	[RSP+C18 ] 0x0                (size_t)
	[RSP+C20 ] 0xB5A21CF8C0       (void*)
	[RSP+C28 ] 0x7FFED4ADC1EC     (void* -> Buffout4.dll+004C1EC)
	[RSP+C30 ] 0x100              (size_t)
	[RSP+C38 ] 0x0                (size_t)
	[RSP+C40 ] 0x8                (size_t)
	[RSP+C48 ] 0x0                (size_t)
	[RSP+C50 ] 0x20               (size_t)
	[RSP+C58 ] 0x7FF74FB21042     (void* -> Fallout4.exe+1B11042)
	[RSP+C60 ] 0xB5A21CF910       (char*) "cccrsfo4001-pipcoa.esl"
	[RSP+C68 ] 0xB5A21CF760       (char*) "TheSlog_DC_F-ESL"
	[RSP+C70 ] 0x27301040010      (size_t)
	[RSP+C78 ] 0x0                (size_t)
	[RSP+C80 ] 0x0                (size_t)
	[RSP+C88 ] 0x7FF74ED51FC4     (void* -> Fallout4.exe+0D41FC4)
	[RSP+C90 ] 0x274C95A6530      (void*)
	[RSP+C98 ] 0x4B611FF3         (size_t)
	[RSP+CA0 ] 0x274CC7D1E00      (void*)
	[RSP+CA8 ] 0x7FF750C66440     (void* -> Fallout4.exe+2C56440)
	[RSP+CB0 ] 0x7FF750C5A948     (void* -> Fallout4.exe+2C4A948)
	[RSP+CB8 ] 0xB5A21CF8C0       (void*)
	[RSP+CC0 ] 0x274C95A5600      (void*)
	[RSP+CC8 ] 0x200              (size_t)
	[RSP+CD0 ] 0x7FF7000001EE     (size_t)
	[RSP+CD8 ] 0x7FF753C17F01     (void* -> Fallout4.exe+5C07F01)
	[RSP+CE0 ] 0x273AAE2C2F8      (char*) "cccrsfo4001-pipcoa.esl"
	[RSP+CE8 ] 0x7FF74ED4F3ED     (void* -> Fallout4.exe+0D3F3ED)
	[RSP+CF0 ] 0x9E               (size_t)
	[RSP+CF8 ] 0x0                (size_t)
	[RSP+D00 ] 0x0                (size_t)
	[RSP+D08 ] 0x9E               (size_t)
	[RSP+D10 ] 0x346F667372636363 (size_t)
	[RSP+D18 ] 0x637069702D313030 (size_t)
	[RSP+D20 ] 0x6C73652E616F     (size_t)
	[RSP+D28 ] 0x652E617A616C7072 (size_t)
	[RSP+D30 ] 0x6C73006C006C73   (size_t)
	[RSP+D38 ] 0x2749157FD80      (void*)
	[RSP+D40 ] 0x2749157FF40      (hkLifoAllocator*)
	[RSP+D48 ] 0x7FF74F8A3A79     (void* -> Fallout4.exe+1893A79)
	[RSP+D50 ] 0x2749157FF40      (hkLifoAllocator*)
	[RSP+D58 ] 0x7FFED4D72200     (Patches::HavokMemorySystemPatch::detail::hkMemorySystem*)
	[RSP+D60 ] 0x1                (size_t)
	[RSP+D68 ] 0x2                (size_t)
	[RSP+D70 ] 0x2                (size_t)
	[RSP+D78 ] 0x7FF74FDE649B     (void* -> Fallout4.exe+1DD649B)
	[RSP+D80 ] 0x3                (size_t)
	[RSP+D88 ] 0x2749157FD80      (void*)
	[RSP+D90 ] 0x3                (size_t)
	[RSP+D98 ] 0xB5A21CFA30       (void*)
	[RSP+DA0 ] 0x2                (size_t)
	[RSP+DA8 ] 0x1                (size_t)
	[RSP+DB0 ] 0xB5A21CFA30       (void*)
	[RSP+DB8 ] 0x7FF74FDCC55D     (void* -> Fallout4.exe+1DBC55D)
	[RSP+DC0 ] 0x3                (size_t)
	[RSP+DC8 ] 0x0                (size_t)
	[RSP+DD0 ] 0x2749157FD80      (void*)
	[RSP+DD8 ] 0x0                (size_t)
	[RSP+DE0 ] 0xB5A21CFA08       (void*)
	[RSP+DE8 ] 0xB5A21CFA68       (void*)
	[RSP+DF0 ] 0xC0766C8300009F80 (size_t)
	[RSP+DF8 ] 0xC0766C83         (size_t)
	[RSP+E00 ] 0x0                (size_t)
	[RSP+E08 ] 0x2749157FD80      (void*)
	[RSP+E10 ] 0x0                (size_t)
	[RSP+E18 ] 0xB5A21CF910       (char*) "cccrsfo4001-pipcoa.esl"
	[RSP+E20 ] 0x1040016          (size_t)
	[RSP+E28 ] 0x7FF74E0344E3     (void* -> Fallout4.exe+00244E3)
	[RSP+E30 ] 0x2748C87A100      (char*) "	"
	[RSP+E38 ] 0x7FF74ED4F022     (void* -> Fallout4.exe+0D3F022)
	[RSP+E40 ] 0x7FF750C66440     (void* -> Fallout4.exe+2C56440)
	[RSP+E48 ] 0x2                (size_t)
	[RSP+E50 ] 0x0                (size_t)
	[RSP+E58 ] 0x7FF74FB2D9F4     (void* -> Fallout4.exe+1B1D9F4)
	[RSP+E60 ] 0x0                (size_t)
	[RSP+E68 ] 0x7FF74ED635A9     (void* -> Fallout4.exe+0D535A9)
	[RSP+E70 ] 0x274919699C0      (`anonymous namespace'::InitGameDataThread*)
	[RSP+E78 ] 0x0                (size_t)
	[RSP+E80 ] 0x0                (size_t)
	[RSP+E88 ] 0x0                (size_t)
	[RSP+E90 ] 0x274919699C0      (`anonymous namespace'::InitGameDataThread*)
	[RSP+E98 ] 0x7FFEFDD3A8AC     (void* -> f4se_1_10_163.dll+000A8AC)
	[RSP+EA0 ] 0x0                (size_t)
	[RSP+EA8 ] 0x0                (size_t)
	[RSP+EB0 ] 0x0                (size_t)
	[RSP+EB8 ] 0x0                (size_t)
	[RSP+EC0 ] 0x0                (size_t)
	[RSP+EC8 ] 0x0                (size_t)
	[RSP+ED0 ] 0x274919699C0      (`anonymous namespace'::InitGameDataThread*)
	[RSP+ED8 ] 0x0                (size_t)
	[RSP+EE0 ] 0x0                (size_t)
	[RSP+EE8 ] 0x7FF74FB2CFED     (void* -> Fallout4.exe+1B1CFED)
	[RSP+EF0 ] 0x0                (size_t)
	[RSP+EF8 ] 0xB5A21CFB10       (void*)
	[RSP+F00 ] 0x273AAE1BC90      (void*)
	[RSP+F08 ] 0x0                (size_t)
	[RSP+F10 ] 0x274919699C0      (`anonymous namespace'::InitGameDataThread*)
	[RSP+F18 ] 0x0                (size_t)
	[RSP+F20 ] 0x0                (size_t)
	[RSP+F28 ] 0x7FFFA39E257D     (void* -> KERNEL32.DLL+001257D)
	[RSP+F30 ] 0x0                (size_t)
	[RSP+F38 ] 0x0                (size_t)
	[RSP+F40 ] 0x0                (size_t)
	[RSP+F48 ] 0x0                (size_t)
	[RSP+F50 ] 0x0                (size_t)
	[RSP+F58 ] 0x7FFFA470AA78     (void* -> ntdll.dll+005AA78)
	[RSP+F60 ] 0x0                (size_t)
	[RSP+F68 ] 0x0                (size_t)
	[RSP+F70 ] 0x0                (size_t)
	[RSP+F78 ] 0x0                (size_t)
	[RSP+F80 ] 0x0                (size_t)
	[RSP+F88 ] 0x0                (size_t)
	[RSP+F90 ] 0xCC7DE02200000000 (size_t)
	[RSP+F98 ] 0x0                (size_t)
	[RSP+FA0 ] 0x4F0FFFFFB30      (size_t)
	[RSP+FA8 ] 0x7FFFA1F7C550     (void* -> KERNELBASE.dll+015C550)
	[RSP+FB0 ] 0xB5A21CD700       (void*)
	[RSP+FB8 ] 0xDB62895C80001FFF (size_t)
	[RSP+FC0 ] 0x7FFF6D8A2572     (size_t)
	[RSP+FC8 ] 0xB5A21CD700       (void*)
	[RSP+FD0 ] 0x0                (size_t)
	[RSP+FD8 ] 0x0                (size_t)
	[RSP+FE0 ] 0x0                (size_t)
	[RSP+FE8 ] 0x0                (size_t)
	[RSP+FF0 ] 0x0                (size_t)
	[RSP+FF8 ] 0x0                (size_t)
	[RSP+1000] 0x0                (size_t)
	[RSP+1008] 0x0                (size_t)
	[RSP+1010] 0x0                (size_t)
	[RSP+1018] 0x0                (size_t)
	[RSP+1020] 0x0                (size_t)
	[RSP+1028] 0x0                (size_t)
	[RSP+1030] 0x0                (size_t)
	[RSP+1038] 0x0                (size_t)
	[RSP+1040] 0x0                (size_t)
	[RSP+1048] 0x0                (size_t)
	[RSP+1050] 0x0                (size_t)
	[RSP+1058] 0x0                (size_t)
	[RSP+1060] 0x0                (size_t)
	[RSP+1068] 0x0                (size_t)
	[RSP+1070] 0x0                (size_t)
	[RSP+1078] 0x0                (size_t)
	[RSP+1080] 0x0                (size_t)
	[RSP+1088] 0x0                (size_t)
	[RSP+1090] 0x0                (size_t)
	[RSP+1098] 0x0                (size_t)
	[RSP+10A0] 0x0                (size_t)
	[RSP+10A8] 0x0                (size_t)
	[RSP+10B0] 0x0                (size_t)
	[RSP+10B8] 0x0                (size_t)
	[RSP+10C0] 0x0                (size_t)
	[RSP+10C8] 0x0                (size_t)
	[RSP+10D0] 0x0                (size_t)
	[RSP+10D8] 0x0                (size_t)
	[RSP+10E0] 0x0                (size_t)
	[RSP+10E8] 0x0                (size_t)
	[RSP+10F0] 0x0                (size_t)
	[RSP+10F8] 0x0                (size_t)
	[RSP+1100] 0x0                (size_t)
	[RSP+1108] 0x0                (size_t)
	[RSP+1110] 0x0                (size_t)
	[RSP+1118] 0x0                (size_t)
	[RSP+1120] 0x0                (size_t)
	[RSP+1128] 0x0                (size_t)
	[RSP+1130] 0x0                (size_t)
	[RSP+1138] 0x0                (size_t)
	[RSP+1140] 0x0                (size_t)
	[RSP+1148] 0x0                (size_t)
	[RSP+1150] 0x0                (size_t)
	[RSP+1158] 0x0                (size_t)
	[RSP+1160] 0x0                (size_t)
	[RSP+1168] 0x0                (size_t)
	[RSP+1170] 0x0                (size_t)
	[RSP+1178] 0x0                (size_t)
	[RSP+1180] 0x0                (size_t)
	[RSP+1188] 0x0                (size_t)
	[RSP+1190] 0x0                (size_t)
	[RSP+1198] 0x0                (size_t)
	[RSP+11A0] 0x0                (size_t)
	[RSP+11A8] 0x0                (size_t)
	[RSP+11B0] 0x0                (size_t)
	[RSP+11B8] 0x0                (size_t)
	[RSP+11C0] 0x0                (size_t)
	[RSP+11C8] 0x0                (size_t)
	[RSP+11D0] 0x0                (size_t)
	[RSP+11D8] 0x0                (size_t)
	[RSP+11E0] 0x0                (size_t)
	[RSP+11E8] 0x0                (size_t)
	[RSP+11F0] 0x0                (size_t)
	[RSP+11F8] 0x0                (size_t)
	[RSP+1200] 0x0                (size_t)
	[RSP+1208] 0x0                (size_t)
	[RSP+1210] 0x0                (size_t)
	[RSP+1218] 0x0                (size_t)
	[RSP+1220] 0x0                (size_t)
	[RSP+1228] 0x0                (size_t)
	[RSP+1230] 0x0                (size_t)
	[RSP+1238] 0x0                (size_t)
	[RSP+1240] 0x0                (size_t)
	[RSP+1248] 0x0                (size_t)
	[RSP+1250] 0x0                (size_t)
	[RSP+1258] 0x0                (size_t)
	[RSP+1260] 0x0                (size_t)
	[RSP+1268] 0x0                (size_t)
	[RSP+1270] 0x0                (size_t)
	[RSP+1278] 0x0                (size_t)
	[RSP+1280] 0x0                (size_t)
	[RSP+1288] 0x0                (size_t)
	[RSP+1290] 0x0                (size_t)
	[RSP+1298] 0x0                (size_t)
	[RSP+12A0] 0x0                (size_t)
	[RSP+12A8] 0x0                (size_t)
	[RSP+12B0] 0x0                (size_t)
	[RSP+12B8] 0x0                (size_t)
	[RSP+12C0] 0x0                (size_t)
	[RSP+12C8] 0x0                (size_t)
	[RSP+12D0] 0x0                (size_t)
	[RSP+12D8] 0x0                (size_t)
	[RSP+12E0] 0x0                (size_t)
	[RSP+12E8] 0x0                (size_t)
	[RSP+12F0] 0x0                (size_t)
	[RSP+12F8] 0x0                (size_t)
	[RSP+1300] 0x0                (size_t)
	[RSP+1308] 0x0                (size_t)
	[RSP+1310] 0x0                (size_t)
	[RSP+1318] 0x0                (size_t)
	[RSP+1320] 0x0                (size_t)
	[RSP+1328] 0x0                (size_t)
	[RSP+1330] 0x0                (size_t)
	[RSP+1338] 0x0                (size_t)
	[RSP+1340] 0x0                (size_t)
	[RSP+1348] 0x0                (size_t)
	[RSP+1350] 0x0                (size_t)
	[RSP+1358] 0x0                (size_t)
	[RSP+1360] 0x0                (size_t)
	[RSP+1368] 0x0                (size_t)
	[RSP+1370] 0x0                (size_t)
	[RSP+1378] 0x0                (size_t)
	[RSP+1380] 0x0                (size_t)
	[RSP+1388] 0x0                (size_t)
	[RSP+1390] 0x0                (size_t)
	[RSP+1398] 0x0                (size_t)
	[RSP+13A0] 0x0                (size_t)
	[RSP+13A8] 0x0                (size_t)
	[RSP+13B0] 0x0                (size_t)
	[RSP+13B8] 0x0                (size_t)
	[RSP+13C0] 0x0                (size_t)
	[RSP+13C8] 0x0                (size_t)
	[RSP+13D0] 0x0                (size_t)
	[RSP+13D8] 0x0                (size_t)
	[RSP+13E0] 0x0                (size_t)
	[RSP+13E8] 0x0                (size_t)
	[RSP+13F0] 0x0                (size_t)
	[RSP+13F8] 0x0                (size_t)

MODULES:
	XINPUT1_3.dll                      0x000000400000
	steam_api64.dll                    0x000067ED0000
	X3DAudio1_7.dll                    0x000067F10000
	d3d11.dll                          0x000180000000
	imagehlp.dll                       0x027381000000
	LL_fourPlay_1_10_163.dll           0x02739D140000
	WeaponDebrisCrashFix.dll           0x0273A7C30000
	tbb.dll                            0x0273F32F0000
	tbbmalloc.dll                      0x0273F33A0000
	Fallout4.exe                       0x7FF74E010000
	d3dcompiler_47_64.dll              0x7FFEB03B0000
	NvCamera64.dll                     0x7FFEB0B00000
	nvngx_dlssg.dll                    0x7FFEB1370000
	d3d11on12.dll                      0x7FFEB3170000
	XAudio2_7.dll                      0x7FFEB4E80000
	nvofapi64.dll                      0x7FFEB4F10000
	DINPUT8.dll                        0x7FFEB5430000
	d3dcompiler_46e.dll                0x7FFEB5510000
	vulkan-1.dll                       0x7FFEB5B70000
	nvcuda.dll                         0x7FFEB5CD0000
	_nvngx.dll                         0x7FFEB6E50000
	sl.dlss_g.dll                      0x7FFEB6FF0000
	sl.common.dll                      0x7FFEB71A0000
	gameoverlayrenderer64.dll          0x7FFEB7250000
	XDI.dll                            0x7FFEB73E0000
	wsfw_identifier.dll                0x7FFEB7450000
	WhoseQuestIsItAnywayF4.dll         0x7FFEB7550000
	WeightlessItems.dll                0x7FFEB75B0000
	UnlimitedFastTravel.dll            0x7FFEB7600000
	SUP_F4SE.dll                       0x7FFEB7650000
	ShadowBoostFO4.dll                 0x7FFEB7900000
	RobCo_Patcher.dll                  0x7FFEB79D0000
	PRKF.dll                           0x7FFEB7AC0000
	po3_SpellPerkItemDistributorF4.dll 0x7FFEB7B50000
	nvngx_dlss.dll                     0x7FFEB7C60000
	steamclient64.dll                  0x7FFEB9E40000
	dxgi.dll                           0x7FFEBB460000
	SettlementOfUnlimitedSize.dll      0x7FFEBD1D0000
	RustyFaceFix.dll                   0x7FFEBD460000
	PrivateProfileRedirector.dll       0x7FFEBD4B0000
	po3_SimpleOffenceSuppressionF4.dll 0x7FFEBD510000
	po3_BaseObjectSwapperF4.dll        0x7FFEBD5A0000
	D3DCOMPILER_43.dll                 0x7FFEBD6B0000
	PowerGridTools.dll                 0x7FFEBEE90000
	place.dll                          0x7FFEBEF00000
	nvcuda64.dll                       0x7FFEC39B0000
	PlotUI.dll                         0x7FFECB760000
	MODExplorer.dll                    0x7FFECB7A0000
	mcm.dll                            0x7FFECB820000
	lootman.dll                        0x7FFECB8C0000
	WINHTTP.dll                        0x7FFECB930000
	Outfit-ReDress-Fix.dll             0x7FFECBC00000
	LighthousePapyrusExtender.dll      0x7FFECBC50000
	CONCRT140.dll                      0x7FFECBD70000
	GardenOfEdenPapyrusExtender.dll    0x7FFECBDC0000
	F4z Ro D'oh.dll                    0x7FFECBF50000
	f4ee.dll                           0x7FFECBFC0000
	EscapeFreeze.dll                   0x7FFECC0D0000
	BakaPowerArmorStorage.dll          0x7FFECC190000
	BakaMaxPapyrusOps.dll              0x7FFECC280000
	BakaFullscreenPipboy.dll           0x7FFECC330000
	Interior-NavCut-Fix.dll            0x7FFED4710000
	GCBugFix.dll                       0x7FFED4820000
	DirectHit.dll                      0x7FFED4940000
	BakaFramework.dll                  0x7FFED49A0000
	Buffout4.dll                       0x7FFED4A90000
	DisableExitSave.dll                0x7FFED7EC0000
	crafting_highlight_fix.dll         0x7FFED7F10000
	BakaAutoLockpicking.dll            0x7FFED7F60000
	HighFPSPhysicsFix.dll              0x7FFED8000000
	sl.interposer.dll                  0x7FFED8DB0000
	Fallout4Upscaler.dll               0x7FFEDA620000
	ConsoleUtilF4.dll                  0x7FFEDAE70000
	PDPerfPlugin.dll                   0x7FFEDAEC0000
	tier0_s64.dll                      0x7FFEDAF20000
	sl.reflex.dll                      0x7FFEDE7A0000
	spdlog.dll                         0x7FFEDE7D0000
	ESPExplorer.dll                    0x7FFEE0970000
	ConsoleEx.dll                      0x7FFEE3BE0000
	BetterConsole.dll                  0x7FFEE4500000
	GFSDK_SSAO_D3D11.win64.dll         0x7FFEE4570000
	MSVCR110.dll                       0x7FFEF3F60000
	cudart64_75.dll                    0x7FFEF8F20000
	ArmorPenetrationBugFix.dll         0x7FFEFCA10000
	flexRelease_x64.dll                0x7FFEFCA60000
	pppl.dll                           0x7FFEFCBE0000
	MSVCP110.dll                       0x7FFEFCC20000
	GFSDK_GodraysLib.x64.dll           0x7FFEFD880000
	bink2w64.dll                       0x7FFEFDC80000
	f4se_1_10_163.dll                  0x7FFEFDD30000
	enbhelperf4.dll                    0x7FFEFED30000
	d3dx11_43.dll                      0x7FFF029E0000
	PriorityMod.dll                    0x7FFF03AA0000
	flexExtRelease_x64.dll             0x7FFF04840000
	ResampleDmo.DLL                    0x7FFF048A0000
	DSOUND.DLL                         0x7FFF04960000
	libdiskCacheEnabler.dll            0x7FFF051C0000
	f4se_steam_loader.dll              0x7FFF053B0000
	fmt.dll                            0x7FFF05990000
	encounter_zone_recalculation.dll   0x7FFF05D60000
	D3D12Core.dll                      0x7FFF07010000
	vstdlib_s64.dll                    0x7FFF0B520000
	dxilconv.dll                       0x7FFF0C6D0000
	msdmo.dll                          0x7FFF275C0000
	XINPUT9_1_0.dll                    0x7FFF28290000
	nvToolsExt64_1.dll                 0x7FFF28740000
	xinput1_4.dll                      0x7FFF42220000
	nvspcap64.dll                      0x7FFF57300000
	usvfs_x64.dll                      0x7FFF65F00000
	ncryptsslp.dll                     0x7FFF66C10000
	NvTelemetryBridge64.dll            0x7FFF66E10000
	D3DSCache.dll                      0x7FFF720A0000
	UIAutomationCore.DLL               0x7FFF738F0000
	threadpoolwinrt.dll                0x7FFF79F00000
	inputhost.dll                      0x7FFF81760000
	WININET.dll                        0x7FFF82FF0000
	MessageBus.dll                     0x7FFF83D40000
	textinputframework.dll             0x7FFF84590000
	ondemandconnroutehelper.dll        0x7FFF84C40000
	dbgcore.DLL                        0x7FFF85310000
	winmmbase.dll                      0x7FFF86E70000
	Windows.UI.dll                     0x7FFF86EA0000
	VCRUNTIME140_1.dll                 0x7FFF87020000
	MSVCP140.dll                       0x7FFF87030000
	VCRUNTIME140.dll                   0x7FFF870C0000
	nvwgf2umx.dll                      0x7FFF87610000
	MessageBus.dll                     0x7FFF8CCF0000
	AUDIOSES.DLL                       0x7FFF90230000
	nvgpucomp64.dll                    0x7FFF90E80000
	nvapi64.dll                        0x7FFF93070000
	WINMM.dll                          0x7FFF93820000
	srvcli.dll                         0x7FFF94520000
	iertutil.dll                       0x7FFF94550000
	urlmon.dll                         0x7FFF94810000
	SPINF.dll                          0x7FFF94FF0000
	NvTelemetryAPI64.dll               0x7FFF95330000
	OLEACC.dll                         0x7FFF95570000
	COMCTL32.dll                       0x7FFF95680000
	gdiplus.dll                        0x7FFF95920000
	MSIMG32.dll                        0x7FFF95AE0000
	MMDevApi.dll                       0x7FFF95CE0000
	DEVRTL.dll                         0x7FFF96020000
	nvldumdx.dll                       0x7FFF96C90000
	rasadhlp.dll                       0x7FFF970D0000
	twinapi.appcore.dll                0x7FFF97AE0000
	dbghelp.dll                        0x7FFF980C0000
	drvstore.dll                       0x7FFF992C0000
	cryptnet.dll                       0x7FFF994F0000
	VERSION.dll                        0x7FFF998B0000
	fwpuclnt.dll                       0x7FFF999B0000
	dhcpcsvc.DLL                       0x7FFF9A950000
	WINHTTP.DLL                        0x7FFF9A970000
	CoreUIComponents.dll               0x7FFF9AAB0000
	avrt.dll                           0x7FFF9B200000
	directxdatabasehelper.dll          0x7FFF9B4D0000
	d3d12.dll                          0x7FFF9C050000
	D3DCOMPILER_47.dll                 0x7FFF9CB30000
	WindowsCodecs.dll                  0x7FFF9CF20000
	d3d11.dll                          0x7FFF9D780000
	dcomp.dll                          0x7FFF9E1B0000
	CoreMessaging.dll                  0x7FFF9E990000
	UxTheme.dll                        0x7FFF9ED90000
	dxgi.dll                           0x7FFF9EF00000
	dwmapi.dll                         0x7FFF9F010000
	WINNSI.DLL                         0x7FFF9F040000
	dxcore.dll                         0x7FFF9F080000
	resourcepolicyclient.dll           0x7FFF9F320000
	wintypes.dll                       0x7FFF9F810000
	windows.storage.dll                0x7FFF9F950000
	HID.DLL                            0x7FFFA0250000
	netutils.dll                       0x7FFFA0470000
	IPHLPAPI.DLL                       0x7FFFA0560000
	DNSAPI.dll                         0x7FFFA0590000
	UMPDC.dll                          0x7FFFA0860000
	powrprof.dll                       0x7FFFA0880000
	Secur32.dll                        0x7FFFA08F0000
	schannel.DLL                       0x7FFFA0970000
	rsaenh.dll                         0x7FFFA0A80000
	kernel.appcore.dll                 0x7FFFA0AC0000
	ntmarta.dll                        0x7FFFA0B40000
	SSPICLI.DLL                        0x7FFFA0D80000
	MSWSOCK.dll                        0x7FFFA0F90000
	gpapi.dll                          0x7FFFA1000000
	USERENV.dll                        0x7FFFA1030000
	wldp.dll                           0x7FFFA1210000
	CRYPTBASE.DLL                      0x7FFFA1290000
	CRYPTSP.dll                        0x7FFFA12B0000
	NTASN1.dll                         0x7FFFA1360000
	ncrypt.dll                         0x7FFFA13A0000
	bcrypt.dll                         0x7FFFA13D0000
	MSASN1.dll                         0x7FFFA16D0000
	devobj.dll                         0x7FFFA16F0000
	cfgmgr32.dll                       0x7FFFA1720000
	DPAPI.DLL                          0x7FFFA1790000
	profapi.dll                        0x7FFFA1960000
	CRYPT32.dll                        0x7FFFA1A30000
	bcryptPrimitives.dll               0x7FFFA1BA0000
	msvcp_win.dll                      0x7FFFA1C20000
	WINTRUST.dll                       0x7FFFA1D80000
	win32u.dll                         0x7FFFA1DF0000
	KERNELBASE.dll                     0x7FFFA1E20000
	gdi32full.dll                      0x7FFFA21D0000
	ucrtbase.dll                       0x7FFFA22F0000
	RPCRT4.dll                         0x7FFFA2430000
	PSAPI.DLL                          0x7FFFA25B0000
	msvcrt.dll                         0x7FFFA2640000
	GDI32.dll                          0x7FFFA26F0000
	WS2_32.dll                         0x7FFFA2720000
	USER32.dll                         0x7FFFA2980000
	clbcatq.dll                        0x7FFFA2B30000
	shcore.dll                         0x7FFFA2BE0000
	ADVAPI32.dll                       0x7FFFA2D30000
	SHELL32.dll                        0x7FFFA2DE0000
	combase.dll                        0x7FFFA3640000
	KERNEL32.DLL                       0x7FFFA39D0000
	NSI.dll                            0x7FFFA3AA0000
	sechost.dll                        0x7FFFA3AB0000
	COMDLG32.dll                       0x7FFFA3BF0000
	IMM32.DLL                          0x7FFFA3CF0000
	SHLWAPI.dll                        0x7FFFA3D30000
	ole32.dll                          0x7FFFA3E10000
	OLEAUT32.dll                       0x7FFFA3FC0000
	SETUPAPI.dll                       0x7FFFA40A0000
	MSCTF.dll                          0x7FFFA4520000
	ntdll.dll                          0x7FFFA46B0000

F4SE PLUGINS:
	ArmorPenetrationBugFix.dll v1
	BakaAutoLockpicking.dll v2
	BakaFramework.dll v1.10
	BakaFullscreenPipboy.dll v1.8
	BakaMaxPapyrusOps.dll v1.1
	BakaPowerArmorStorage.dll v1.3
	BetterConsole.dll
	Buffout4.dll v1.28.6
	ConsoleEx.dll v1
	ConsoleUtilF4.dll v1.0.1
	crafting_highlight_fix.dll
	DirectHit.dll v1
	DisableExitSave.dll
	enbhelperf4.dll v1
	encounter_zone_recalculation.dll
	EscapeFreeze.dll v1
	ESPExplorer.dll
	f4ee.dll
	F4z Ro D'oh.dll v1.1.6.1030
	Fallout4Upscaler.dll v1
	fmt.dll
	GardenOfEdenPapyrusExtender.dll v13.4
	GCBugFix.dll v1
	HighFPSPhysicsFix.dll
	Interior-NavCut-Fix.dll v1.0.3
	libdiskCacheEnabler.dll
	LighthousePapyrusExtender.dll v1.4
	LL_fourPlay_1_10_163.dll
	lootman.dll
	mcm.dll
	MODExplorer.dll
	Outfit-ReDress-Fix.dll v1
	place.dll
	PlotUI.dll
	po3_BaseObjectSwapperF4.dll v1
	po3_SimpleOffenceSuppressionF4.dll v1
	po3_SpellPerkItemDistributorF4.dll v2
	PowerGridTools.dll
	pppl.dll
	PriorityMod.dll
	PrivateProfileRedirector.dll
	PRKF.dll
	RobCo_Patcher.dll v3.5
	RustyFaceFix.dll v2.0.1
	SettlementOfUnlimitedSize.dll
	ShadowBoostFO4.dll
	spdlog.dll v1.10
	SUP_F4SE.dll
	UnlimitedFastTravel.dll
	WeaponDebrisCrashFix.dll
	WeightlessItems.dll
	WhoseQuestIsItAnywayF4.dll v1
	wsfw_identifier.dll
	XDI.dll

PLUGINS:
