Fallout 4 v1.10.163
Buffout 4 v1.26.2

Unhandled exception "EXCEPTION_ACCESS_VIOLATION" at 0x7FF77881F5FF Fallout4.exe+177F5FF

	[Compatibility]
		F4EE: true
	[Fixes]
		ActorIsHostileToActor: true
		CellInit: true
		CreateD3DAndSwapChain: true
		EncounterZoneReset: true
		GreyMovies: true
		MagicEffectApplyEvent: true
		MovementPlanner: true
		PackageAllocateLocation: true
		SafeExit: true
		TESObjectREFRGetEncounterZone: true
		UnalignedLoad: true
		UtilityShader: true
	[Patches]
		Achievements: false
		BSMTAManager: true
		BSPreCulledObjects: true
		BSTextureStreamerLocalHeap: true
		HavokMemorySystem: true
		INISettingCollection: true
		InputSwitch: false
		MaxStdIO: -1
		MemoryManager: true
		MemoryManagerDebug: false
		ScaleformAllocator: true
		SmallBlockAllocator: true
		WorkshopMenu: true
	[Warnings]
		CreateTexture2D: true
		ImageSpaceAdapter: true

SYSTEM SPECS:
	OS: Microsoft Windows 10 Home v10.0.19041
	CPU: GenuineIntel Intel(R) Core(TM) i7-8700K CPU @ 3.70GHz
	GPU #1: Nvidia GP104 [GeForce GTX 1070 Ti]
	GPU #2: Microsoft Basic Render Driver
	PHYSICAL MEMORY: 30.61 GB/63.96 GB

PROBABLE CALL STACK:
	[0] 0x7FF77881F5FF Fallout4.exe+177F5FF -> 722014+0x2F

REGISTERS:
	RAX 0x0                (size_t)
	RCX 0x1B3EF914A58      (hknpSoftContactModifier*)
	RDX 0x1B2D8E88450      (void*)
	RBX 0xFFFFFFFF         (size_t)
	RSP 0x83904BD028       (void*)
	RBP 0x83904BD130       (void*)
	RSI 0x3                (size_t)
	RDI 0x1B2AEEB48C8      (void*)
	R8  0x1B3C00AD010      (void*)
	R9  0x1B51257A360      (void*)
	R10 0x83904BEB10       (void*)
	R11 0x1B2D8E88450      (void*)
	R12 0x1B3C00AD010      (void*)
	R13 0x83904BEB10       (void*)
	R14 0x1B2AEEB4800      (void*)
	R15 0x83904BE9E0       (void*)

STACK:
	[RSP+0   ] 0x7FF7789AF165     (void* -> Fallout4.exe+190F165)
	[RSP+8   ] 0x2                (size_t)
	[RSP+10  ] 0x83904BD130       (void*)
	[RSP+18  ] 0x1                (size_t)
	[RSP+20  ] 0x1B51257A360      (void*)
	[RSP+28  ] 0x83904BE9E0       (void*)
	[RSP+30  ] 0x83904BEB10       (void*)
	[RSP+38  ] 0x83904BD9A0       (void*)
	[RSP+40  ] 0x83904BD304       (void*)
	[RSP+48  ] 0x400000000        (size_t)
	[RSP+50  ] 0x3F6710FC00000C0C (size_t)
	[RSP+58  ] 0x40B72F1FFFFFFFFF (size_t)
	[RSP+60  ] 0x40B72F1F40B72F1F (size_t)
	[RSP+68  ] 0x83904BD6E0       (void*)
	[RSP+70  ] 0x7FF77D5E3CE0     (hknpBSShapeCodec*)
	[RSP+78  ] 0x2000000B2        (size_t)
	[RSP+80  ] 0x3A000000A1       (size_t)
	[RSP+88  ] 0x7FC000007FC00000 (size_t)
	[RSP+90  ] 0x7FC000007FC00000 (size_t)
	[RSP+98  ] 0x4                (size_t)
	[RSP+A0  ] 0x0                (size_t)
	[RSP+A8  ] 0x7FC000007FC00000 (size_t)
	[RSP+B0  ] 0x7FC000007FC00000 (size_t)
	[RSP+B8  ] 0x1B335B04B80      (hknpConvexPolytopeShape*)
	[RSP+C0  ] 0x0                (size_t)
	[RSP+C8  ] 0xBFB1AAB4BFB1AAB4 (size_t)
	[RSP+D0  ] 0x0                (size_t)
	[RSP+D8  ] 0x1B2DCB2F900      (void*)
	[RSP+E0  ] 0x83904BD6E0       (void*)
	[RSP+E8  ] 0x7FC000007FC00000 (size_t)
	[RSP+F0  ] 0x7FC000007FC00000 (size_t)
	[RSP+F8  ] 0x1B28ACCD440      (hknpConvexPolytopeShape*)
	[RSP+100 ] 0xD2C9FFFFF        (size_t)
	[RSP+108 ] 0x7FC000007FC00000 (size_t)
	[RSP+110 ] 0x7FC000007FC00000 (size_t)
	[RSP+118 ] 0x40134118         (size_t)
	[RSP+120 ] 0xC0134118         (size_t)
	[RSP+128 ] 0x3F80000000000004 (size_t)
	[RSP+130 ] 0x3F8000003F800000 (size_t)
	[RSP+138 ] 0x7FC000007FC00000 (size_t)
	[RSP+140 ] 0x7FC000007FC00000 (size_t)
	[RSP+148 ] 0x1B2DCB30B00      (void*)
	[RSP+150 ] 0x3FEDB7393F3CBB35 (size_t)
	[RSP+158 ] 0x3F8000003F800000 (size_t)
	[RSP+160 ] 0x3F8000003F800000 (size_t)
	[RSP+168 ] 0x7FC000007FC00000 (size_t)
	[RSP+170 ] 0x7FC000007FC00000 (size_t)
	[RSP+178 ] 0x3F7FFFFF00000000 (size_t)
	[RSP+180 ] 0x0                (size_t)
	[RSP+188 ] 0x0                (size_t)
	[RSP+190 ] 0x0                (size_t)
	[RSP+198 ] 0x100000000        (size_t)
	[RSP+1A0 ] 0x0                (size_t)
	[RSP+1A8 ] 0x7FC000007FC00000 (size_t)
	[RSP+1B0 ] 0x7FC000007FC00000 (size_t)
	[RSP+1B8 ] 0x80000000         (size_t)
	[RSP+1C0 ] 0x0                (size_t)
	[RSP+1C8 ] 0x1700000001       (size_t)
	[RSP+1D0 ] 0x1B516E4A7A0      (void*)
	[RSP+1D8 ] 0x7FC000007FC00000 (size_t)
	[RSP+1E0 ] 0x7FC000007FC00000 (size_t)
	[RSP+1E8 ] 0x8300000100       (size_t)
	[RSP+1F0 ] 0x83904BF000       (void*)
	[RSP+1F8 ] 0x7FC000007FC00000 (size_t)
	[RSP+200 ] 0x7FC000007FC00000 (size_t)
	[RSP+208 ] 0x0                (size_t)
	[RSP+210 ] 0x0                (size_t)
	[RSP+218 ] 0x3FB1AAB400000000 (size_t)
	[RSP+220 ] 0xBFB1AAB400000000 (size_t)
	[RSP+228 ] 0xB4000000B4000000 (size_t)
	[RSP+230 ] 0xB4000000B4000000 (size_t)
	[RSP+238 ] 0x7FC000007FC00000 (size_t)
	[RSP+240 ] 0x7FC000007FC00000 (size_t)
	[RSP+248 ] 0x7FC000007FC00000 (size_t)
	[RSP+250 ] 0x7FC000007FC00000 (size_t)
	[RSP+258 ] 0xC013411800000000 (size_t)
	[RSP+260 ] 0xC0134118         (size_t)
	[RSP+268 ] 0x7FC000007FC00000 (size_t)
	[RSP+270 ] 0x7FC000007FC00000 (size_t)
	[RSP+278 ] 0x7FF70000007F     (size_t)
	[RSP+280 ] 0x1B374EB8600      (void*)
	[RSP+288 ] 0x7FC000007FC00000 (size_t)
	[RSP+290 ] 0x7FC000007FC00000 (size_t)
	[RSP+298 ] 0x0                (size_t)
	[RSP+2A0 ] 0x3DB4E8513F800000 (size_t)
	[RSP+2A8 ] 0x7FC00000FFC00000 (size_t)
	[RSP+2B0 ] 0x7FC000007FC00000 (size_t)
	[RSP+2B8 ] 0x4322568A         (size_t)
	[RSP+2C0 ] 0x83904BF070       (void*)
	[RSP+2C8 ] 0xBF80000000000000 (size_t)
	[RSP+2D0 ] 0xBD8BD22880000000 (size_t)
	[RSP+2D8 ] 0x804322568A       (size_t)
	[RSP+2E0 ] 0x0                (size_t)
	[RSP+2E8 ] 0x3C23D70A3C23D70A (size_t)
	[RSP+2F0 ] 0x3C23D70A3C23D70A (size_t)
	[RSP+2F8 ] 0x0                (size_t)
	[RSP+300 ] 0x0                (size_t)
	[RSP+308 ] 0xBD8BD228BF934112 (size_t)
	[RSP+310 ] 0x3F000007BF31AAC2 (size_t)
	[RSP+318 ] 0x7FC00000FFC00000 (size_t)
	[RSP+320 ] 0xFFC000007FC00000 (size_t)
	[RSP+328 ] 0x7FC00000FFC00000 (size_t)
	[RSP+330 ] 0x7FC000007FC00000 (size_t)
	[RSP+338 ] 0x7FC00000FFC00000 (size_t)
	[RSP+340 ] 0x7FC000007FC00000 (size_t)
	[RSP+348 ] 0x7FC00000FFC00000 (size_t)
	[RSP+350 ] 0x7FC000007FC00000 (size_t)
	[RSP+358 ] 0x1B200000001      (void*)
	[RSP+360 ] 0x1B3357822A0      (hknpCompressedMeshShape*)
	[RSP+368 ] 0x4288A27E4288A27E (size_t)
	[RSP+370 ] 0x4288A27E4288A27E (size_t)
	[RSP+378 ] 0x3FB33333         (size_t)
	[RSP+380 ] 0x7FFF417F6529     (void* -> MSVCR110.dll+0036529)
	[RSP+388 ] 0x0                (size_t)
	[RSP+390 ] 0x0                (size_t)
	[RSP+398 ] 0x0                (size_t)
	[RSP+3A0 ] 0x0                (size_t)
	[RSP+3A8 ] 0xFFC00000FFC00000 (size_t)
	[RSP+3B0 ] 0xFFC00000FFC00000 (size_t)
	[RSP+3B8 ] 0x0                (size_t)
	[RSP+3C0 ] 0x7FF778E7770D     (void* -> Fallout4.exe+1DD770D)
	[RSP+3C8 ] 0x7FC000007FC00000 (size_t)
	[RSP+3D0 ] 0x7FC000007FC00000 (size_t)
	[RSP+3D8 ] 0x3F7FFFFF00000000 (size_t)
	[RSP+3E0 ] 0x0                (size_t)
	[RSP+3E8 ] 0xBC23D7043F934120 (size_t)
	[RSP+3F0 ] 0x3F000002BF31AAC2 (size_t)
	[RSP+3F8 ] 0x1                (size_t)
	[RSP+400 ] 0x7FF77979411F     (void* -> Fallout4.exe+26F411F)
	[RSP+408 ] 0x83904BD500       (void*)
	[RSP+410 ] 0x1B268337EE0      (BSScript::ObjectTypeInfo*)
		Name: "ScriptObject"
	[RSP+418 ] 0x0                (size_t)
	[RSP+420 ] 0xC0134118C0134118 (size_t)
	[RSP+428 ] 0xBFB1AAB4         (size_t)
	[RSP+430 ] 0xBFB1AAB400000000 (size_t)
	[RSP+438 ] 0x7FC000007FC00000 (size_t)
	[RSP+440 ] 0xBF918F97FFC00000 (size_t)
	[RSP+448 ] 0xC013411800000000 (size_t)
	[RSP+450 ] 0x4013411800000000 (size_t)
	[RSP+458 ] 0x3FB1AAB4         (size_t)
	[RSP+460 ] 0xBFB1AAB4         (size_t)
	[RSP+468 ] 0x4040000040400000 (size_t)
	[RSP+470 ] 0x4040000040400000 (size_t)
	[RSP+478 ] 0xC1D78A09C280F675 (size_t)
	[RSP+480 ] 0xC3EB665A         (size_t)
	[RSP+488 ] 0x421B531BB9556E40 (size_t)
	[RSP+490 ] 0x435BB93D         (size_t)
	[RSP+498 ] 0xFFC000007FC00000 (size_t)
	[RSP+4A0 ] 0xBF918F977FC00000 (size_t)
	[RSP+4A8 ] 0x7FC000007FC00000 (size_t)
	[RSP+4B0 ] 0x7FC000007FC00000 (size_t)
	[RSP+4B8 ] 0x7FC000007FC00000 (size_t)
	[RSP+4C0 ] 0x7FC000007FC00000 (size_t)
	[RSP+4C8 ] 0xFFC000007FC00000 (size_t)
	[RSP+4D0 ] 0x7FC000007FC00000 (size_t)
	[RSP+4D8 ] 0x7FC000007FC00000 (size_t)
	[RSP+4E0 ] 0x7FC000007FC00000 (size_t)
	[RSP+4E8 ] 0x7FC000007FC00000 (size_t)
	[RSP+4F0 ] 0x7FC000007FC00000 (size_t)
	[RSP+4F8 ] 0x7FC000007FC00000 (size_t)
	[RSP+500 ] 0x7FC000007FC00000 (size_t)
	[RSP+508 ] 0x7FC000007FC00000 (size_t)
	[RSP+510 ] 0x7FC000007FC00000 (size_t)
	[RSP+518 ] 0x4129143340F9DCE4 (size_t)
	[RSP+520 ] 0x3F8000004003ACBA (size_t)
	[RSP+528 ] 0x4129143340F9DCE4 (size_t)
	[RSP+530 ] 0x3F8000004003ACBA (size_t)
	[RSP+538 ] 0x0                (size_t)
	[RSP+540 ] 0x0                (size_t)
	[RSP+548 ] 0x0                (size_t)
	[RSP+550 ] 0x0                (size_t)
	[RSP+558 ] 0x0                (size_t)
	[RSP+560 ] 0x0                (size_t)
	[RSP+568 ] 0x0                (size_t)
	[RSP+570 ] 0x0                (size_t)
	[RSP+578 ] 0x0                (size_t)
	[RSP+580 ] 0x0                (size_t)
	[RSP+588 ] 0x1B41E566100      (void*)
	[RSP+590 ] 0x83904BEA28       (void*)
	[RSP+598 ] 0xC1C8913EC0A01B6B (size_t)
	[RSP+5A0 ] 0xC313D94B416A161E (size_t)
	[RSP+5A8 ] 0x34376496B578AB07 (size_t)
	[RSP+5B0 ] 0x41492AF4BF7FFFFF (size_t)
	[RSP+5B8 ] 0x1B53C690288      (size_t)
	[RSP+5C0 ] 0xFFFF7FFFFFFF     (size_t)
	[RSP+5C8 ] 0x80029FFFFFFFF    (size_t)
	[RSP+5D0 ] 0x0                (size_t)
	[RSP+5D8 ] 0x500000C5B        (size_t)
	[RSP+5E0 ] 0x80080001014FFFFF (size_t)
	[RSP+5E8 ] 0x64003D4          (size_t)
	[RSP+5F0 ] 0x100000001        (size_t)
	[RSP+5F8 ] 0x7FC000007FC00000 (size_t)
	[RSP+600 ] 0x7FC000007FC00000 (size_t)
	[RSP+608 ] 0x7FC000007FC00000 (size_t)
	[RSP+610 ] 0x7FC000007FC00000 (size_t)
	[RSP+618 ] 0x7FC000007FC00000 (size_t)
	[RSP+620 ] 0x7FC000007FC00000 (size_t)
	[RSP+628 ] 0x7FC000007FC00000 (size_t)
	[RSP+630 ] 0x7FC000007FC00000 (size_t)
	[RSP+638 ] 0x7FC000007FC00000 (size_t)
	[RSP+640 ] 0x7FC000007FC00000 (size_t)
	[RSP+648 ] 0xC009F4FD40AB2728 (size_t)
	[RSP+650 ] 0x3F800000C0A83FCC (size_t)
	[RSP+658 ] 0x41CD06CC41480CA6 (size_t)
	[RSP+660 ] 0x3F8000003FF80E16 (size_t)
	[RSP+668 ] 0x7FF700000001     (size_t)
	[RSP+670 ] 0x0                (size_t)
	[RSP+678 ] 0x1B2A45F4A04      (void*)
	[RSP+680 ] 0x3F00000000000001 (size_t)
	[RSP+688 ] 0x413AAD1540DCCAAA (size_t)
	[RSP+690 ] 0x3F800000C0A83FCC (size_t)
	[RSP+698 ] 0x41E8AC1641478AFB (size_t)
	[RSP+6A0 ] 0x3F800000401F1D7E (size_t)
	[RSP+6A8 ] 0x41E8AC1641480CA6 (size_t)
	[RSP+6B0 ] 0x3F8000004020D6D3 (size_t)
	[RSP+6B8 ] 0x7FC000007FC00000 (size_t)
	[RSP+6C0 ] 0x7FC000007FC00000 (size_t)
	[RSP+6C8 ] 0x7FC000007FC00000 (size_t)
	[RSP+6D0 ] 0x7FC000007FC00000 (size_t)
	[RSP+6D8 ] 0x7FC000007FC00000 (size_t)
	[RSP+6E0 ] 0x7FC000007FC00000 (size_t)
	[RSP+6E8 ] 0x7FC000007FC00000 (size_t)
	[RSP+6F0 ] 0x7FC000007FC00000 (size_t)
	[RSP+6F8 ] 0x7FC000007FC00000 (size_t)
	[RSP+700 ] 0x7FC000007FC00000 (size_t)
	[RSP+708 ] 0x7FC000007FC00000 (size_t)
	[RSP+710 ] 0x7FC000007FC00000 (size_t)
	[RSP+718 ] 0x1B2DCB65510      (void*)
	[RSP+720 ] 0x2AAAAAAAAAAAAAAB (size_t)
	[RSP+728 ] 0x1B2847FAA20      (hknpCompressedMeshShape*)
	[RSP+730 ] 0x2                (size_t)
	[RSP+738 ] 0x83904BD900       (void*)
	[RSP+740 ] 0x0                (size_t)
	[RSP+748 ] 0x83904BD8E0       (void*)
	[RSP+750 ] 0x1B29332B910      (void*)
	[RSP+758 ] 0xC013411800000000 (size_t)
	[RSP+760 ] 0xC0134118         (size_t)
	[RSP+768 ] 0x7FC000007FC00000 (size_t)
	[RSP+770 ] 0x7FC000007FC00000 (size_t)
	[RSP+778 ] 0x7FC000007FC00000 (size_t)
	[RSP+780 ] 0x7FC000007FC00000 (size_t)
	[RSP+788 ] 0x7FC000007FC00000 (size_t)
	[RSP+790 ] 0x7FC000007FC00000 (size_t)
	[RSP+798 ] 0x7FC000007FC00000 (size_t)
	[RSP+7A0 ] 0x7FC000007FC00000 (size_t)
	[RSP+7A8 ] 0xC107AF000000001F (size_t)
	[RSP+7B0 ] 0xBFB81400         (size_t)
	[RSP+7B8 ] 0x1B289BC0A9B      (void*)
	[RSP+7C0 ] 0x41328900         (size_t)
	[RSP+7C8 ] 0x41DB632DC195401A (size_t)
	[RSP+7D0 ] 0x3F800000411FBF54 (size_t)
	[RSP+7D8 ] 0x421C5B1D4195401E (size_t)
	[RSP+7E0 ] 0x3F80000041DF3968 (size_t)
	[RSP+7E8 ] 0x20               (size_t)
	[RSP+7F0 ] 0x7FF778BE3F5D     (void* -> Fallout4.exe+1B43F5D)
	[RSP+7F8 ] 0x1B289BC0AA0      (void*)
	[RSP+800 ] 0x7FF77CC07580     (void* -> Fallout4.exe+5B67580)
	[RSP+808 ] 0x3F8000003F800000 (size_t)
	[RSP+810 ] 0x3F8000003F800000 (size_t)
	[RSP+818 ] 0x0                (size_t)
	[RSP+820 ] 0xBFB1AAB4BFB1AAB4 (size_t)
	[RSP+828 ] 0x7FC000007FC00000 (size_t)
	[RSP+830 ] 0x7FC000007FC00000 (size_t)
	[RSP+838 ] 0x7FC000007FC00000 (size_t)
	[RSP+840 ] 0x7FC000007FC00000 (size_t)
	[RSP+848 ] 0x7FC000007FC00000 (size_t)
	[RSP+850 ] 0x7FC000007FC00000 (size_t)
	[RSP+858 ] 0x7FC000007FC00000 (size_t)
	[RSP+860 ] 0x7FC000007FC00000 (size_t)
	[RSP+868 ] 0xFFFFFFFF00000000 (size_t)
	[RSP+870 ] 0xFFFFFFFFFFFFFFFF (size_t)
	[RSP+878 ] 0x83904BE2D0       (void*)
	[RSP+880 ] 0x83904BEFF0       (void*)
	[RSP+888 ] 0x1B293328650      (void*)
	[RSP+890 ] 0x7FF7786254D2     (void* -> Fallout4.exe+15854D2)
	[RSP+898 ] 0x83904BDA70       (void*)
	[RSP+8A0 ] 0x0                (size_t)
	[RSP+8A8 ] 0x1B3357822A0      (hknpCompressedMeshShape*)
	[RSP+8B0 ] 0x83904BE1D0       (void*)
	[RSP+8B8 ] 0x1B41E566100      (void*)
	[RSP+8C0 ] 0x8000004000000000 (size_t)
	[RSP+8C8 ] 0x1B41E566100      (void*)
	[RSP+8D0 ] 0x1700000040       (size_t)
	[RSP+8D8 ] 0x8300000000       (size_t)
	[RSP+8E0 ] 0x0                (size_t)
	[RSP+8E8 ] 0x41B076AFC14F988C (size_t)
	[RSP+8F0 ] 0x414675C4         (size_t)
	[RSP+8F8 ] 0x3D0F4F60C075D9B7 (size_t)
	[RSP+900 ] 0x3F8000003F02F5B0 (size_t)
	[RSP+908 ] 0x3F7FFFFF00000000 (size_t)
	[RSP+910 ] 0x0                (size_t)
	[RSP+918 ] 0x3E6A16003E6A1600 (size_t)
	[RSP+920 ] 0x3E6A161F3E6A1600 (size_t)
	[RSP+928 ] 0x0                (size_t)
	[RSP+930 ] 0x0                (size_t)
	[RSP+938 ] 0x83904BEFF0       (void*)
	[RSP+940 ] 0x7FF77861D39F     (void* -> Fallout4.exe+157D39F)
	[RSP+948 ] 0x1B293328650      (void*)
	[RSP+950 ] 0x0                (size_t)
	[RSP+958 ] 0x1B449719840      (void*)
	[RSP+960 ] 0x0                (size_t)
	[RSP+968 ] 0x0                (size_t)
	[RSP+970 ] 0x0                (size_t)
	[RSP+978 ] 0x3F80000000000000 (size_t)
	[RSP+980 ] 0xBD38597500000000 (size_t)
	[RSP+988 ] 0xBF80000000000000 (size_t)
	[RSP+990 ] 0xBD8BD22880000000 (size_t)
	[RSP+998 ] 0xFFFFFFFFFFFFFFFF (size_t)
	[RSP+9A0 ] 0xFFFFFFFFFFFFFFFF (size_t)
	[RSP+9A8 ] 0x41B24ADBC14BF034 (size_t)
	[RSP+9B0 ] 0x3E6A161F414A1E1C (size_t)
	[RSP+9B8 ] 0x7FC000007FC00000 (size_t)
	[RSP+9C0 ] 0x7FC000007FC00000 (size_t)
	[RSP+9C8 ] 0xFF7FFFEEFF7FFFEE (size_t)
	[RSP+9D0 ] 0xFF7FFFEEFF7FFFEE (size_t)
	[RSP+9D8 ] 0xFF7FFFEEFF7FFFEE (size_t)
	[RSP+9E0 ] 0xFF7FFFEEFF7FFFEE (size_t)
	[RSP+9E8 ] 0xFF7FFFEEFF7FFFEE (size_t)
	[RSP+9F0 ] 0xFF7FFFEEFF7FFFEE (size_t)
	[RSP+9F8 ] 0x3F80000000000000 (size_t)
	[RSP+A00 ] 0xBD38597500000000 (size_t)
	[RSP+A08 ] 0x40BC6280C19ABA3C (size_t)
	[RSP+A10 ] 0x3F800000BF79E3AA (size_t)
	[RSP+A18 ] 0x3798044F379ABA43 (size_t)
	[RSP+A20 ] 0x3730C712         (size_t)
	[RSP+A28 ] 0x0                (size_t)
	[RSP+A30 ] 0x0                (size_t)
	[RSP+A38 ] 0x0                (size_t)
	[RSP+A40 ] 0x0                (size_t)
	[RSP+A48 ] 0x1B293328650      (void*)
	[RSP+A50 ] 0x0                (size_t)
	[RSP+A58 ] 0x7FC000007FC00000 (size_t)
	[RSP+A60 ] 0x7FC000007FC00000 (size_t)
	[RSP+A68 ] 0x0                (size_t)
	[RSP+A70 ] 0x0                (size_t)
	[RSP+A78 ] 0x7FC000007FC00000 (size_t)
	[RSP+A80 ] 0x7FC000007FC00000 (size_t)
	[RSP+A88 ] 0x1B3FFFFFFFF      (void*)
	[RSP+A90 ] 0x0                (size_t)
	[RSP+A98 ] 0x7FC000007FC00000 (size_t)
	[RSP+AA0 ] 0x7FC000007FC00000 (size_t)
	[RSP+AA8 ] 0x7FC000007FC00000 (size_t)
	[RSP+AB0 ] 0x7FC000007FC00000 (size_t)
	[RSP+AB8 ] 0x7FC000007FC00000 (size_t)
	[RSP+AC0 ] 0x7FC000007FC00000 (size_t)
	[RSP+AC8 ] 0x7FC000007FC00000 (size_t)
	[RSP+AD0 ] 0x7FC000007FC00000 (size_t)
	[RSP+AD8 ] 0x41B076AFC14F988C (size_t)
	[RSP+AE0 ] 0x414675C4         (size_t)
	[RSP+AE8 ] 0x83904BE1A0       (void*)
	[RSP+AF0 ] 0x83904BE1D0       (void*)
	[RSP+AF8 ] 0x83904BDF20       (void*)
	[RSP+B00 ] 0x83904BDE50       (void*)
	[RSP+B08 ] 0x7FC000007FC00000 (size_t)
	[RSP+B10 ] 0x7FC000007FC00000 (size_t)
	[RSP+B18 ] 0xBF80000000000000 (size_t)
	[RSP+B20 ] 0xBD8BD22880000000 (size_t)
	[RSP+B28 ] 0x7FC000007FC00000 (size_t)
	[RSP+B30 ] 0x7FC000007FC00000 (size_t)
	[RSP+B38 ] 0x5582ADA62FF9FDF6 (size_t)
	[RSP+B40 ] 0x0                (size_t)
	[RSP+B48 ] 0x4031ED1E3F45E728 (size_t)
	[RSP+B50 ] 0x3F800000C06803D4 (size_t)
	[RSP+B58 ] 0x1C8912F3         (size_t)
	[RSP+B60 ] 0x0                (size_t)
	[RSP+B68 ] 0x40A86F7640A86F76 (size_t)
	[RSP+B70 ] 0x40A86F7640A86F76 (size_t)
	[RSP+B78 ] 0x5582ADA62FF9FDF6 (size_t)
	[RSP+B80 ] 0x0                (size_t)
	[RSP+B88 ] 0x40DB72A440DB73A9 (size_t)
	[RSP+B90 ] 0x3F80000040EA161A (size_t)
	[RSP+B98 ] 0x1C897B79         (size_t)
	[RSP+BA0 ] 0x0                (size_t)
	[RSP+BA8 ] 0x1B200000022      (void*)
	[RSP+BB0 ] 0x2AAAAAAAAAAAAAAB (size_t)
	[RSP+BB8 ] 0x1B293367D70      (void*)
	[RSP+BC0 ] 0x83904BE7B0       (void*)
	[RSP+BC8 ] 0xBC23D7043F934120 (size_t)
	[RSP+BD0 ] 0x3F000002BF31AAC2 (size_t)
	[RSP+BD8 ] 0xBF3504F23F3504F4 (size_t)
	[RSP+BE0 ] 0x0                (size_t)
	[RSP+BE8 ] 0x0                (size_t)
	[RSP+BF0 ] 0x3F800000         (size_t)
	[RSP+BF8 ] 0x41B076AFC14F988C (size_t)
	[RSP+C00 ] 0x414675C4         (size_t)
	[RSP+C08 ] 0x83904BDD80       (void*)
	[RSP+C10 ] 0x7FFEF81BA2E9     (void* -> Buffout4.dll+004A2E9)
	[RSP+C18 ] 0xC0F15388C0DC9A06 (size_t)
	[RSP+C20 ] 0x3F800000C0EA1624 (size_t)
	[RSP+C28 ] 0x7FC000007FC00000 (size_t)
	[RSP+C30 ] 0x7FC000007FC00000 (size_t)
	[RSP+C38 ] 0x7FC000007FC00000 (size_t)
	[RSP+C40 ] 0x7FC000007FC00000 (size_t)
	[RSP+C48 ] 0x0                (size_t)
	[RSP+C50 ] 0xC0134118C0134118 (size_t)
	[RSP+C58 ] 0xBFB1AAB4         (size_t)
	[RSP+C60 ] 0xBFB1AAB400000000 (size_t)
	[RSP+C68 ] 0xC013411800000000 (size_t)
	[RSP+C70 ] 0xC0134118         (size_t)
	[RSP+C78 ] 0x0                (size_t)
	[RSP+C80 ] 0xBFB1AAB4BFB1AAB4 (size_t)
	[RSP+C88 ] 0x83904BE1D0       (void*)
	[RSP+C90 ] 0x83904BDE50       (void*)
	[RSP+C98 ] 0x83904BDE50       (void*)
	[RSP+CA0 ] 0x8300000000       (size_t)
	[RSP+CA8 ] 0x7FC000007FC00000 (size_t)
	[RSP+CB0 ] 0x7FC000007FC00000 (size_t)
	[RSP+CB8 ] 0x7FC000007FC00000 (size_t)
	[RSP+CC0 ] 0x7FC000007FC00000 (size_t)
	[RSP+CC8 ] 0x3E3A507E3E3A507E (size_t)
	[RSP+CD0 ] 0x7FF7786189A6     (void* -> Fallout4.exe+15789A6)
	[RSP+CD8 ] 0x41169B51FFFFFFFF (size_t)
	[RSP+CE0 ] 0x41073A30BE9CAD7D (size_t)
	[RSP+CE8 ] 0xC013411800000000 (size_t)
	[RSP+CF0 ] 0x4013411800000000 (size_t)
	[RSP+CF8 ] 0x3FB1AAB4         (size_t)
	[RSP+D00 ] 0xBFB1AAB4         (size_t)
	[RSP+D08 ] 0x83904BE350       (void*)
	[RSP+D10 ] 0x7FF778662B00     (void* -> Fallout4.exe+15C2B00)
	[RSP+D18 ] 0x83904BEFF0       (void*)
	[RSP+D20 ] 0x0                (size_t)
	[RSP+D28 ] 0x7ED4000100000005 (size_t)
	[RSP+D30 ] 0x1B3BBF64D90      (bhkNPCollisionObject*)
	[RSP+D38 ] 0x1B2DCB05330      (void*)
	[RSP+D40 ] 0x1B3357822A0      (hknpCompressedMeshShape*)
	[RSP+D48 ] 0x0                (size_t)
	[RSP+D50 ] 0x1B5FFFFFFFF      (size_t)
	[RSP+D58 ] 0x1B3357822A0      (hknpCompressedMeshShape*)
	[RSP+D60 ] 0xFFFFFFFF0000FFFF (size_t)
	[RSP+D68 ] 0x0                (size_t)
	[RSP+D70 ] 0x0                (size_t)
	[RSP+D78 ] 0x1B26B45FA80      (hknpSphereShape*)
	[RSP+D80 ] 0x0                (size_t)
	[RSP+D88 ] 0xFFFFFFFF         (size_t)
	[RSP+D90 ] 0x1B26B45FA80      (hknpSphereShape*)
	[RSP+D98 ] 0x1B3357822A0      (hknpCompressedMeshShape*)
	[RSP+DA0 ] 0x9                (size_t)
	[RSP+DA8 ] 0x7FF779D030D0     (char*) "Et"
	[RSP+DB0 ] 0x0                (size_t)
	[RSP+DB8 ] 0x5D               (size_t)
	[RSP+DC0 ] 0x7FF77882D0E2     (void* -> Fallout4.exe+178D0E2)
	[RSP+DC8 ] 0x1B1F1B2FFA0      (void*)
	[RSP+DD0 ] 0x83904BDEF0       (void*)
	[RSP+DD8 ] 0x83904BEFF0       (void*)
	[RSP+DE0 ] 0x300000002        (size_t)
	[RSP+DE8 ] 0x1B3357822A0      (hknpCompressedMeshShape*)
	[RSP+DF0 ] 0x83904BDE50       (void*)
	[RSP+DF8 ] 0x83904BDEA0       (void*)
	[RSP+E00 ] 0x83904BE350       (void*)
	[RSP+E08 ] 0xC00041AD40171700 (size_t)
	[RSP+E10 ] 0x83904BEFF0       (void*)
	[RSP+E18 ] 0x0                (size_t)
	[RSP+E20 ] 0x0                (size_t)
	[RSP+E28 ] 0x3D16FFFF         (size_t)
	[RSP+E30 ] 0x0                (size_t)
	[RSP+E38 ] 0x467A7EFA467FCEFA (size_t)
	[RSP+E40 ] 0x468DF31D         (size_t)
	[RSP+E48 ] 0x7FC000007FC00000 (size_t)
	[RSP+E50 ] 0x7FC000007FC00000 (size_t)
	[RSP+E58 ] 0xBD14371B3D16F0A4 (size_t)
	[RSP+E60 ] 0x3F0000053E468A57 (size_t)
	[RSP+E68 ] 0x41E4A6ADBE8548C6 (size_t)
	[RSP+E70 ] 0x3F0000063FFA36DF (size_t)
	[RSP+E78 ] 0x7FC000007FC00000 (size_t)
	[RSP+E80 ] 0x7FC000007FC00000 (size_t)
	[RSP+E88 ] 0x0                (size_t)
	[RSP+E90 ] 0xFFFFFFFF         (size_t)
	[RSP+E98 ] 0x7FC000007FC00000 (size_t)
	[RSP+EA0 ] 0x7FC000007FC00000 (size_t)
	[RSP+EA8 ] 0x7FC000007FC00000 (size_t)
	[RSP+EB0 ] 0x7FC000007FC00000 (size_t)
	[RSP+EB8 ] 0x7FC000007FC00000 (size_t)
	[RSP+EC0 ] 0x7FC000007FC00000 (size_t)
	[RSP+EC8 ] 0x8000000080000000 (size_t)
	[RSP+ED0 ] 0x8000000080000000 (size_t)
	[RSP+ED8 ] 0x7FC000007FC00000 (size_t)
	[RSP+EE0 ] 0x7FC000007FC00000 (size_t)
	[RSP+EE8 ] 0x8000000080000000 (size_t)
	[RSP+EF0 ] 0x8000000080000000 (size_t)
	[RSP+EF8 ] 0x7FC000007FC00000 (size_t)
	[RSP+F00 ] 0x7FC000007FC00000 (size_t)
	[RSP+F08 ] 0x0                (size_t)
	[RSP+F10 ] 0xFFFFFFFF         (size_t)
	[RSP+F18 ] 0x7FC000007FC00000 (size_t)
	[RSP+F20 ] 0x7FC000007FC00000 (size_t)
	[RSP+F28 ] 0x8000000080000000 (size_t)
	[RSP+F30 ] 0x8000000080000000 (size_t)
	[RSP+F38 ] 0x7FC000007FC00000 (size_t)
	[RSP+F40 ] 0x7FC000007FC00000 (size_t)
	[RSP+F48 ] 0x0                (size_t)
	[RSP+F50 ] 0x0                (size_t)
	[RSP+F58 ] 0xC1C62CC3C0CD8796 (size_t)
	[RSP+F60 ] 0x414675C4         (size_t)
	[RSP+F68 ] 0xFFC00000FFC00000 (size_t)
	[RSP+F70 ] 0xFFC00000FFC00000 (size_t)
	[RSP+F78 ] 0x4013880040138000 (size_t)
	[RSP+F80 ] 0x40138000         (size_t)
	[RSP+F88 ] 0x3F7FFFFE3F7FFFFE (size_t)
	[RSP+F90 ] 0x3F7FFFFE3F7FFFFE (size_t)
	[RSP+F98 ] 0x7FC000007FC00000 (size_t)
	[RSP+FA0 ] 0x7FC000007FC00000 (size_t)
	[RSP+FA8 ] 0xBF7FFFFFBF7FFFFF (size_t)
	[RSP+FB0 ] 0xBF7FFFFFBF7FFFFF (size_t)
	[RSP+FB8 ] 0x0                (size_t)
	[RSP+FC0 ] 0x0                (size_t)
	[RSP+FC8 ] 0x0                (size_t)
	[RSP+FD0 ] 0x0                (size_t)
	[RSP+FD8 ] 0x8C000400500004   (size_t)
	[RSP+FE0 ] 0x980008           (size_t)
	[RSP+FE8 ] 0xBF800001BF800001 (size_t)
	[RSP+FF0 ] 0xBF800001BF800001 (size_t)
	[RSP+FF8 ] 0x0                (size_t)
	[RSP+1000] 0x0                (size_t)
	[RSP+1008] 0x7FC000007FC00000 (size_t)
	[RSP+1010] 0x7FC000007FC00000 (size_t)
	[RSP+1018] 0x0                (size_t)
	[RSP+1020] 0x0                (size_t)
	[RSP+1028] 0x0                (size_t)
	[RSP+1030] 0x0                (size_t)
	[RSP+1038] 0x0                (size_t)
	[RSP+1040] 0x0                (size_t)
	[RSP+1048] 0x7FC000007FC00000 (size_t)
	[RSP+1050] 0x7FC000007FC00000 (size_t)
	[RSP+1058] 0x0                (size_t)
	[RSP+1060] 0x0                (size_t)
	[RSP+1068] 0x7FC000007FC00000 (size_t)
	[RSP+1070] 0x7FC000007FC00000 (size_t)
	[RSP+1078] 0x300010203020100  (size_t)
	[RSP+1080] 0x0                (size_t)
	[RSP+1088] 0xFFC000007FC00000 (size_t)
	[RSP+1090] 0xBF918F977FC00000 (size_t)
	[RSP+1098] 0x10009C3          (size_t)
	[RSP+10A0] 0x0                (size_t)
	[RSP+10A8] 0xFFC000007FC00000 (size_t)
	[RSP+10B0] 0x7FC000007FC00000 (size_t)
	[RSP+10B8] 0x200004           (size_t)
	[RSP+10C0] 0x0                (size_t)
	[RSP+10C8] 0x8C000400500004   (size_t)
	[RSP+10D0] 0x980008           (size_t)
	[RSP+10D8] 0xBEEEC7D040B98CF0 (size_t)
	[RSP+10E0] 0x3F000000BFCCD2F2 (size_t)
	[RSP+10E8] 0xC013411800000000 (size_t)
	[RSP+10F0] 0xC0134118         (size_t)
	[RSP+10F8] 0x0                (size_t)
	[RSP+1100] 0xBFB1AAB4BFB1AAB4 (size_t)
	[RSP+1108] 0xBEEEC7D040B98CF0 (size_t)
	[RSP+1110] 0x3F000000BFCCD2F2 (size_t)
	[RSP+1118] 0xC013411800000000 (size_t)
	[RSP+1120] 0xC0134118         (size_t)
	[RSP+1128] 0x0                (size_t)
	[RSP+1130] 0xBFB1AAB4BFB1AAB4 (size_t)
	[RSP+1138] 0xBE84C4DB3F773E34 (size_t)
	[RSP+1140] 0xC0B7107F39366DA0 (size_t)
	[RSP+1148] 0x7FC000007FC00000 (size_t)
	[RSP+1150] 0x7FC000007FC00000 (size_t)
	[RSP+1158] 0x7FC000007FC00000 (size_t)
	[RSP+1160] 0x7FC000007FC00000 (size_t)
	[RSP+1168] 0x300010203020100  (size_t)
	[RSP+1170] 0x0                (size_t)
	[RSP+1178] 0x7FC000007FC00000 (size_t)
	[RSP+1180] 0x7FC000007FC00000 (size_t)
	[RSP+1188] 0x7FC000007FC00000 (size_t)
	[RSP+1190] 0x7FC000007FC00000 (size_t)
	[RSP+1198] 0x7FC000007FC00000 (size_t)
	[RSP+11A0] 0x7FC000007FC00000 (size_t)
	[RSP+11A8] 0x7FC000007FC00000 (size_t)
	[RSP+11B0] 0x7FC000007FC00000 (size_t)
	[RSP+11B8] 0x7FC000007FC00000 (size_t)
	[RSP+11C0] 0x7FC000007FC00000 (size_t)
	[RSP+11C8] 0x7FC000007FC00000 (size_t)
	[RSP+11D0] 0x7FC000007FC00000 (size_t)
	[RSP+11D8] 0xC013411800000000 (size_t)
	[RSP+11E0] 0xC0134118         (size_t)
	[RSP+11E8] 0x0                (size_t)
	[RSP+11F0] 0x7FF7789349D7     (void* -> Fallout4.exe+18949D7)
	[RSP+11F8] 0x7FC000007FC00000 (size_t)
	[RSP+1200] 0x7FC000007FC00000 (size_t)
	[RSP+1208] 0xC013411800000000 (size_t)
	[RSP+1210] 0xC0134118         (size_t)
	[RSP+1218] 0x0                (size_t)
	[RSP+1220] 0xBFB1AAB4BFB1AAB4 (size_t)
	[RSP+1228] 0x7FC000007FC00000 (size_t)
	[RSP+1230] 0x7FC000007FC00000 (size_t)
	[RSP+1238] 0xC0134118C0134118 (size_t)
	[RSP+1240] 0x0                (size_t)
	[RSP+1248] 0xBFB1AAB400000000 (size_t)
	[RSP+1250] 0xBFB1AAB4         (size_t)
	[RSP+1258] 0x0                (size_t)
	[RSP+1260] 0xFFFFFFFF         (size_t)
	[RSP+1268] 0x7FC000007FC00000 (size_t)
	[RSP+1270] 0x7FC000007FC00000 (size_t)
	[RSP+1278] 0x7FC000007FC00000 (size_t)
	[RSP+1280] 0x7FC000007FC00000 (size_t)
	[RSP+1288] 0x1B51257A310      (void*)
	[RSP+1290] 0x3F8000003F800000 (size_t)
	[RSP+1298] 0x7FC000007FC00000 (size_t)
	[RSP+12A0] 0x7FC000007FC00000 (size_t)
	[RSP+12A8] 0x7FC000007FC00000 (size_t)
	[RSP+12B0] 0x7FC000007FC00000 (size_t)
	[RSP+12B8] 0xFFC00000         (size_t)
	[RSP+12C0] 0x0                (size_t)
	[RSP+12C8] 0xFFC00000FFC00000 (size_t)
	[RSP+12D0] 0xFFC00000FFC00000 (size_t)
	[RSP+12D8] 0x0                (size_t)
	[RSP+12E0] 0x0                (size_t)
	[RSP+12E8] 0x0                (size_t)
	[RSP+12F0] 0x0                (size_t)
	[RSP+12F8] 0x0                (size_t)
	[RSP+1300] 0x0                (size_t)
	[RSP+1308] 0x0                (size_t)
	[RSP+1310] 0x0                (size_t)
	[RSP+1318] 0x0                (size_t)
	[RSP+1320] 0x0                (size_t)
	[RSP+1328] 0x0                (size_t)
	[RSP+1330] 0x0                (size_t)
	[RSP+1338] 0x0                (size_t)
	[RSP+1340] 0x0                (size_t)
	[RSP+1348] 0xB4000000B4000000 (size_t)
	[RSP+1350] 0xB4000000B4000000 (size_t)
	[RSP+1358] 0x7FC000007FC00000 (size_t)
	[RSP+1360] 0x7FC000007FC00000 (size_t)
	[RSP+1368] 0x3C8B43963C8B4396 (size_t)
	[RSP+1370] 0x3C8B43963C8B4396 (size_t)
	[RSP+1378] 0x3C8B43963C8B4396 (size_t)
	[RSP+1380] 0x3C8B43963C8B4396 (size_t)
	[RSP+1388] 0x1B518D6B3A0      (void*)
	[RSP+1390] 0x1                (size_t)
	[RSP+1398] 0x83904BE9E0       (void*)
	[RSP+13A0] 0x83904BEB10       (void*)
	[RSP+13A8] 0x7FC000007FC00000 (size_t)
	[RSP+13B0] 0x7FC000007FC00000 (size_t)
	[RSP+13B8] 0x1B2AEEB4930      (void*)
	[RSP+13C0] 0x1B41BD8B8B0      (void*)
	[RSP+13C8] 0x1B41BD8B8B0      (void*)
	[RSP+13D0] 0x83904BE9A0       (void*)
	[RSP+13D8] 0x83904BE9E0       (void*)
	[RSP+13E0] 0x1                (size_t)
	[RSP+13E8] 0x83904BEB10       (void*)
	[RSP+13F0] 0x1B518D6B3A0      (void*)
	[RSP+13F8] 0x1B300000000      (void*)
	[RSP+1400] 0x7FF778E30A38     (void* -> Fallout4.exe+1D90A38)
	[RSP+1408] 0x1B51257A2A0      (void*)
	[RSP+1410] 0x1B2D8E88450      (void*)
	[RSP+1418] 0x7FC000007FC00000 (size_t)
	[RSP+1420] 0x83904BEF90       (void*)
	[RSP+1428] 0x1B518D6B400      (void*)
	[RSP+1430] 0x80               (size_t)
	[RSP+1438] 0x7FC000007FC00000 (size_t)
	[RSP+1440] 0x7FC000007FC00000 (size_t)
	[RSP+1448] 0xBE945D4E001415BE (size_t)
	[RSP+1450] 0xBF7023EE         (size_t)
	[RSP+1458] 0x7FC000007FC00000 (size_t)
	[RSP+1460] 0x7FC000007FC00000 (size_t)
	[RSP+1468] 0xBF35E7D5BF1D281D (size_t)
	[RSP+1470] 0x3EB00C26         (size_t)
	[RSP+1478] 0x7FC000007FC00000 (size_t)
	[RSP+1480] 0x7FC000007FC00000 (size_t)
	[RSP+1488] 0x7FC000007FC00000 (size_t)
	[RSP+1490] 0x7FC000007FC00000 (size_t)
	[RSP+1498] 0x7FC000007FC00000 (size_t)
	[RSP+14A0] 0x7FC000007FC00000 (size_t)
	[RSP+14A8] 0x1                (size_t)
	[RSP+14B0] 0x83904BF650       (void*)
	[RSP+14B8] 0x7FC000007FC00000 (size_t)
	[RSP+14C0] 0x7FC000007FC00000 (size_t)
	[RSP+14C8] 0x1542             (size_t)
	[RSP+14D0] 0x8                (size_t)
	[RSP+14D8] 0x1B4149EBDF0      (bhkNPCollisionObject*)
	[RSP+14E0] 0x0                (size_t)
	[RSP+14E8] 0x7FC000007FC00000 (size_t)
	[RSP+14F0] 0x7FC000007FC00000 (size_t)
	[RSP+14F8] 0x7FC000007FC00000 (size_t)
	[RSP+1500] 0xFFC000007FC00000 (size_t)
	[RSP+1508] 0xBE945D4EBE428DF3 (size_t)
	[RSP+1510] 0xBF7023EE         (size_t)
	[RSP+1518] 0x3D3859753D4CD4A6 (size_t)
	[RSP+1520] 0x3F0000003E0A7D18 (size_t)
	[RSP+1528] 0x3D3859753D4CD4A6 (size_t)
	[RSP+1530] 0x3F0000023B4A14E0 (size_t)
	[RSP+1538] 0x3D385975BD4CD4E0 (size_t)
	[RSP+1540] 0x3F0000053B4A14E0 (size_t)
	[RSP+1548] 0x3D385975BD4CD4E0 (size_t)
	[RSP+1550] 0x3F0000033E0A7D18 (size_t)
	[RSP+1558] 0x3CFE22E83D9E5E76 (size_t)
	[RSP+1560] 0x3F0000033DB93016 (size_t)
	[RSP+1568] 0x3CE145863D9D07EA (size_t)
	[RSP+1570] 0x3F0000023DB6A488 (size_t)
	[RSP+1578] 0xBD8EF0013D2F67FF (size_t)
	[RSP+1580] 0x3F0000193C5DA2A4 (size_t)
	[RSP+1588] 0xBD8EF0013D2F67FF (size_t)
	[RSP+1590] 0x3F0000193C5DA2A4 (size_t)
	[RSP+1598] 0x1B4149EBF10      (bhkNPCollisionObject*)
	[RSP+15A0] 0x1B4149EBDF0      (bhkNPCollisionObject*)
	[RSP+15A8] 0xBF35E7E7BF1D2806 (size_t)
	[RSP+15B0] 0x3EB00C29         (size_t)
	[RSP+15B8] 0x3F24239FBF44258A (size_t)
	[RSP+15C0] 0xBD2FEC22         (size_t)
	[RSP+15C8] 0xBE946311BE42802F (size_t)
	[RSP+15D0] 0xBF7023BC         (size_t)
	[RSP+15D8] 0xC3A21BDBC4DFC1F5 (size_t)
	[RSP+15E0] 0x3F8000004283AA1D (size_t)
	[RSP+15E8] 0xBF35E7E7BF1D2806 (size_t)
	[RSP+15F0] 0x3EB00C29         (size_t)
	[RSP+15F8] 0x3F24239FBF44258A (size_t)
	[RSP+1600] 0xBD2FEC22         (size_t)
	[RSP+1608] 0xBE946311BE42802F (size_t)
	[RSP+1610] 0xBF7023BC         (size_t)
	[RSP+1618] 0xC3A21BDBC4DFC1F5 (size_t)
	[RSP+1620] 0x3F8000004283AA1D (size_t)
	[RSP+1628] 0x1                (size_t)
	[RSP+1630] 0x83904BF650       (void*)
	[RSP+1638] 0x1B3EF931D00      (BSFadeNode*)
		Name: "P-Receiver"
	[RSP+1640] 0x7FF778E30A68     (void* -> Fallout4.exe+1D90A68)
	[RSP+1648] 0x1B41BD8BC10      (void*)
	[RSP+1650] 0xB0               (size_t)
	[RSP+1658] 0x2                (size_t)
	[RSP+1660] 0x0                (size_t)
	[RSP+1668] 0xBF35E7D9BF1D2817 (size_t)
	[RSP+1670] 0x3EB00C27         (size_t)
	[RSP+1678] 0x3F2424FEBF4424A1 (size_t)
	[RSP+1680] 0xBD2FA8C4         (size_t)
	[RSP+1688] 0xBE945D45BE428E09 (size_t)
	[RSP+1690] 0xBF7023EE         (size_t)
	[RSP+1698] 0x0                (size_t)
	[RSP+16A0] 0x0                (size_t)
	[RSP+16A8] 0x0                (size_t)
	[RSP+16B0] 0x0                (size_t)
	[RSP+16B8] 0x0                (size_t)
	[RSP+16C0] 0x0                (size_t)
	[RSP+16C8] 0x0                (size_t)
	[RSP+16D0] 0x0                (size_t)
	[RSP+16D8] 0xBD8BD228BF934112 (size_t)
	[RSP+16E0] 0x3F000007BF31AAC2 (size_t)
	[RSP+16E8] 0xBD8BD2283F934120 (size_t)
	[RSP+16F0] 0x3F000004BF31AAC2 (size_t)
	[RSP+16F8] 0xBD8BD2283F934120 (size_t)
	[RSP+1700] 0x3F0000013F31AAA8 (size_t)
	[RSP+1708] 0xBD8BD228BF934112 (size_t)
	[RSP+1710] 0x3F0000063F31AAA8 (size_t)
	[RSP+1718] 0x0                (size_t)
	[RSP+1720] 0x0                (size_t)
	[RSP+1728] 0x0                (size_t)
	[RSP+1730] 0x0                (size_t)
	[RSP+1738] 0x0                (size_t)
	[RSP+1740] 0x0                (size_t)
	[RSP+1748] 0x0                (size_t)
	[RSP+1750] 0x0                (size_t)
	[RSP+1758] 0x0                (size_t)
	[RSP+1760] 0x0                (size_t)
	[RSP+1768] 0x7FC000007FC00000 (size_t)
	[RSP+1770] 0x7FC000007FC00000 (size_t)
	[RSP+1778] 0x1B43FD1DC60      (hknpStreamContactSolver*)
	[RSP+1780] 0x83904BEB10       (void*)
	[RSP+1788] 0x83904BEB10       (void*)
	[RSP+1790] 0x83904BEF90       (void*)
	[RSP+1798] 0x83904BE9F0       (void*)
	[RSP+17A0] 0x7FF778756840     (void* -> Fallout4.exe+16B6840)
	[RSP+17A8] 0x1B51722E780      (void*)
	[RSP+17B0] 0x83001415BE       (size_t)
	[RSP+17B8] 0x1                (size_t)
	[RSP+17C0] 0x1B51722E780      (void*)
	[RSP+17C8] 0x83904BE8A0       (void*)
	[RSP+17D0] 0x83904BE9A0       (void*)
	[RSP+17D8] 0x0                (size_t)
	[RSP+17E0] 0x0                (size_t)
	[RSP+17E8] 0x0                (size_t)
	[RSP+17F0] 0x0                (size_t)
	[RSP+17F8] 0x0                (size_t)
	[RSP+1800] 0x0                (size_t)
	[RSP+1808] 0x0                (size_t)
	[RSP+1810] 0x0                (size_t)
	[RSP+1818] 0x0                (size_t)
	[RSP+1820] 0x0                (size_t)
	[RSP+1828] 0x0                (size_t)
	[RSP+1830] 0x0                (size_t)
	[RSP+1838] 0x0                (size_t)
	[RSP+1840] 0x0                (size_t)
	[RSP+1848] 0x0                (size_t)
	[RSP+1850] 0x0                (size_t)
	[RSP+1858] 0x0                (size_t)
	[RSP+1860] 0x0                (size_t)
	[RSP+1868] 0x7FC000007FC00000 (size_t)
	[RSP+1870] 0x7FC000007FC00000 (size_t)
	[RSP+1878] 0x7FF7789A858D     (void* -> Fallout4.exe+190858D)
	[RSP+1880] 0x0                (size_t)
	[RSP+1888] 0x1B2D8E88450      (void*)
	[RSP+1890] 0x1B2CD63E980      (void*)
	[RSP+1898] 0x0                (size_t)
	[RSP+18A0] 0x1B51257A360      (void*)
	[RSP+18A8] 0x83904BF230       (void*)
	[RSP+18B0] 0x1B51722E780      (void*)
	[RSP+18B8] 0x83904BE9F0       (void*)
	[RSP+18C0] 0x7FF778993009     (void* -> Fallout4.exe+18F3009)
	[RSP+18C8] 0x1B2D8E88450      (void*)
	[RSP+18D0] 0x83904BF288       (void*)
	[RSP+18D8] 0x1B3C00AD010      (void*)
	[RSP+18E0] 0x1B200000001      (void*)
	[RSP+18E8] 0x1B400000000      (void*)
	[RSP+18F0] 0x83904BE9A0       (void*)
	[RSP+18F8] 0x83904BE9E0       (void*)
	[RSP+1900] 0x1B51257A360      (void*)
	[RSP+1908] 0x1B51257A360      (void*)
	[RSP+1910] 0x83904BEB10       (void*)
	[RSP+1918] 0xC09A2F94C1CBBC5B (size_t)
	[RSP+1920] 0x3F8000003F86379A (size_t)
	[RSP+1928] 0x1                (size_t)
	[RSP+1930] 0x83904BF650       (void*)
	[RSP+1938] 0x1B51722E780      (void*)
	[RSP+1940] 0x0                (size_t)
	[RSP+1948] 0x1B25BE64E50      (void*)
	[RSP+1950] 0xFFFFFFFF00000000 (size_t)
	[RSP+1958] 0x83904BEF18       (void*)
	[RSP+1960] 0x0                (size_t)
	[RSP+1968] 0x1B3E194D1C0      (void*)
	[RSP+1970] 0xBECD6DDD         (size_t)
	[RSP+1978] 0x1B2DCB2F900      (void*)
	[RSP+1980] 0x1B25BE64E50      (void*)
	[RSP+1988] 0x1B2CD63E980      (void*)
	[RSP+1990] 0x1B28ACCD440      (hknpConvexPolytopeShape*)
	[RSP+1998] 0x1B2AEEB7A90      (void*)
	[RSP+19A0] 0x3F800000FFFFFFFF (size_t)
	[RSP+19A8] 0x1B28ACCD440      (hknpConvexPolytopeShape*)
	[RSP+19B0] 0x1B2DCB2F900      (void*)
	[RSP+19B8] 0x1B2DCB30B00      (void*)
	[RSP+19C0] 0x1B25BE64E50      (void*)
	[RSP+19C8] 0x1B2CD63F480      (void*)
	[RSP+19D0] 0x1B335B04B80      (hknpConvexPolytopeShape*)
	[RSP+19D8] 0x1B2AEEB7D10      (void*)
	[RSP+19E0] 0x3F800000FFFFFFFF (size_t)
	[RSP+19E8] 0x1B335B04B80      (hknpConvexPolytopeShape*)
	[RSP+19F0] 0x1B2DCB30B00      (void*)
	[RSP+19F8] 0x1B2AEEB7A90      (void*)
	[RSP+1A00] 0x1B41BD8B790      (void*)
	[RSP+1A08] 0x1B100000820      (size_t)
	[RSP+1A10] 0x1B3CF1AB400      (void*)
	[RSP+1A18] 0x1B50FFAAB80      (void*)
	[RSP+1A20] 0x11               (size_t)
	[RSP+1A28] 0x1B25BE64E50      (void*)
	[RSP+1A30] 0xBECD6DDD         (size_t)
	[RSP+1A38] 0x83904BEEF0       (void*)
	[RSP+1A40] 0x3ED7A3B6         (size_t)
	[RSP+1A48] 0x3DF393D93F11C4A2 (size_t)
	[RSP+1A50] 0x3F503B7A         (size_t)
	[RSP+1A58] 0x1B1F1B2FFA0      (void*)
	[RSP+1A60] 0x0                (size_t)
	[RSP+1A68] 0x0                (size_t)
	[RSP+1A70] 0x0                (size_t)
	[RSP+1A78] 0x7FC00000FFC00000 (size_t)
	[RSP+1A80] 0xFFC000007FC00000 (size_t)
	[RSP+1A88] 0x7FC00000FFC00000 (size_t)
	[RSP+1A90] 0x7FC000007FC00000 (size_t)
	[RSP+1A98] 0x7FC00000FFC00000 (size_t)
	[RSP+1AA0] 0x7FC000007FC00000 (size_t)
	[RSP+1AA8] 0x7FC00000FFC00000 (size_t)
	[RSP+1AB0] 0x7FC000007FC00000 (size_t)
	[RSP+1AB8] 0x1B442893380      (NiNode*)
		Name: "RArm_ForeArm2"
	[RSP+1AC0] 0x7FF778E30A38     (void* -> Fallout4.exe+1D90A38)
	[RSP+1AC8] 0x3C8B4396         (size_t)
	[RSP+1AD0] 0x0                (size_t)
	[RSP+1AD8] 0x0                (size_t)
	[RSP+1AE0] 0x0                (size_t)
	[RSP+1AE8] 0x7FC0000000000001 (size_t)
	[RSP+1AF0] 0xBF69D85A         (size_t)
	[RSP+1AF8] 0x7FC000007FC00000 (size_t)
	[RSP+1B00] 0xBF918F97FFC00000 (size_t)
	[RSP+1B08] 0x0                (size_t)
	[RSP+1B10] 0x0                (size_t)
	[RSP+1B18] 0x7FC000007FC00000 (size_t)
	[RSP+1B20] 0x7FC000007FC00000 (size_t)
	[RSP+1B28] 0x7FC000007FC00000 (size_t)
	[RSP+1B30] 0x7FC000007FC00000 (size_t)
	[RSP+1B38] 0x7FC000007FC00000 (size_t)
	[RSP+1B40] 0x7FC000007FC00000 (size_t)
	[RSP+1B48] 0x7FC000007FC00000 (size_t)
	[RSP+1B50] 0x7FC000007FC00000 (size_t)
	[RSP+1B58] 0x7FC000007FC00000 (size_t)
	[RSP+1B60] 0x7FC000007FC00000 (size_t)
	[RSP+1B68] 0x7FC000007FC00000 (size_t)
	[RSP+1B70] 0x7FC000007FC00000 (size_t)
	[RSP+1B78] 0x10001            (size_t)
	[RSP+1B80] 0x1B2AEEB7D10      (void*)
	[RSP+1B88] 0xFFFFFFFFFFFFFFFF (size_t)
	[RSP+1B90] 0x1B51257A360      (void*)
	[RSP+1B98] 0x1B51257A360      (void*)
	[RSP+1BA0] 0x0                (size_t)
	[RSP+1BA8] 0x0                (size_t)
	[RSP+1BB0] 0x0                (size_t)
	[RSP+1BB8] 0x0                (size_t)
	[RSP+1BC0] 0x0                (size_t)
	[RSP+1BC8] 0x3F8000003F800000 (size_t)
	[RSP+1BD0] 0x3F8000003F800000 (size_t)
	[RSP+1BD8] 0x3F8000003F800000 (size_t)
	[RSP+1BE0] 0x3F8000003F800000 (size_t)
	[RSP+1BE8] 0x0                (size_t)
	[RSP+1BF0] 0x0                (size_t)
	[RSP+1BF8] 0x0                (size_t)
	[RSP+1C00] 0x0                (size_t)
	[RSP+1C08] 0x0                (size_t)
	[RSP+1C10] 0x0                (size_t)
	[RSP+1C18] 0x0                (size_t)
	[RSP+1C20] 0x0                (size_t)
	[RSP+1C28] 0x0                (size_t)
	[RSP+1C30] 0x0                (size_t)
	[RSP+1C38] 0x1B41D6C2480      (NiNode*)
		Name: "RArm_UpperTwist1"
	[RSP+1C40] 0x7FF778E30A38     (void* -> Fallout4.exe+1D90A38)
	[RSP+1C48] 0x1B400001551      (void*)
	[RSP+1C50] 0x0                (size_t)
	[RSP+1C58] 0x1B442893600      (NiNode*)
		Name: "RArm_ForeArm1"
	[RSP+1C60] 0x7FF778E1CDEC     (void* -> Fallout4.exe+1D7CDEC)
	[RSP+1C68] 0x3E2628EE3EBF11F1 (size_t)
	[RSP+1C70] 0xBF69D85A         (size_t)
	[RSP+1C78] 0x3F688CFC3E9C296A (size_t)
	[RSP+1C80] 0x3E926B26         (size_t)
	[RSP+1C88] 0x6                (size_t)
	[RSP+1C90] 0x1B1F1B2FFA0      (void*)
	[RSP+1C98] 0x1B2D8E88450      (void*)
	[RSP+1CA0] 0x1B2D8E88450      (void*)
	[RSP+1CA8] 0x83904BEE90       (void*)
	[RSP+1CB0] 0x7FF778804DE6     (void* -> Fallout4.exe+1764DE6)
	[RSP+1CB8] 0x1B3CF1AB400      (void*)
	[RSP+1CC0] 0x1B2D79A1AE0      (void*)
	[RSP+1CC8] 0x1B1EF301F70      (char*) "3"
	[RSP+1CD0] 0x0                (size_t)
	[RSP+1CD8] 0x1                (size_t)
	[RSP+1CE0] 0x7FF7787FDFDB     (void* -> Fallout4.exe+175DFDB)
	[RSP+1CE8] 0x0                (size_t)
	[RSP+1CF0] 0x0                (size_t)
	[RSP+1CF8] 0x1B442893740      (NiNode*)
		Name: "RArm_UpperArm"
	[RSP+1D00] 0x1B2D8E88800      (void*)
	[RSP+1D08] 0x1B1F1B2FFA0      (void*)
	[RSP+1D10] 0x1B2D8E88450      (void*)
	[RSP+1D18] 0x1B457954100      (void*)
	[RSP+1D20] 0x1B3C00AD000      (hknpNarrowPhaseTask*)
	[RSP+1D28] 0x81               (size_t)
	[RSP+1D30] 0x810              (size_t)
	[RSP+1D38] 0x83904BEE90       (void*)
	[RSP+1D40] 0x7FF77899A901     (void* -> Fallout4.exe+18FA901)
	[RSP+1D48] 0x1B2D8E88450      (void*)
	[RSP+1D50] 0x1B3C00AD010      (void*)
	[RSP+1D58] 0x81               (size_t)
	[RSP+1D60] 0x83904BF198       (void*)
	[RSP+1D68] 0x1B3E194D1C0      (void*)
	[RSP+1D70] 0x0                (size_t)
	[RSP+1D78] 0x83904BF168       (void*)
	[RSP+1D80] 0x1B3E194D3C0      (void*)
	[RSP+1D88] 0x0                (size_t)
	[RSP+1D90] 0x83904BEEF0       (void*)
	[RSP+1D98] 0x83904BEF18       (void*)
	[RSP+1DA0] 0x83904BEF40       (void*)
	[RSP+1DA8] 0x83904BEF68       (void*)
	[RSP+1DB0] 0x83904BF018       (void*)
	[RSP+1DB8] 0x83904BF040       (void*)
	[RSP+1DC0] 0x83904BEFF0       (void*)
	[RSP+1DC8] 0x1B51722E780      (void*)
	[RSP+1DD0] 0x1B51722E8A0      (void*)
	[RSP+1DD8] 0x1B51722E9C0      (void*)
	[RSP+1DE0] 0x83904BF230       (void*)
	[RSP+1DE8] 0x1B519268180      (void*)
	[RSP+1DF0] 0x0                (size_t)
	[RSP+1DF8] 0x1B512579680      (void*)
	[RSP+1E00] 0x0                (size_t)
	[RSP+1E08] 0x3E1C39C63F215D2D (size_t)
	[RSP+1E10] 0x3F42DD68         (size_t)
	[RSP+1E18] 0x1B44F58C100      (hknpSolverData*)
	[RSP+1E20] 0x0                (size_t)
	[RSP+1E28] 0x1B518D6AB80      (void*)
	[RSP+1E30] 0x0                (size_t)
	[RSP+1E38] 0x0                (size_t)
	[RSP+1E40] 0x0                (size_t)
	[RSP+1E48] 0x0                (size_t)
	[RSP+1E50] 0x0                (size_t)
	[RSP+1E58] 0x0                (size_t)
	[RSP+1E60] 0x0                (size_t)
	[RSP+1E68] 0x0                (size_t)
	[RSP+1E70] 0x0                (size_t)
	[RSP+1E78] 0x1B51C85AB80      (void*)
	[RSP+1E80] 0x0                (size_t)
	[RSP+1E88] 0x0                (size_t)
	[RSP+1E90] 0x0                (size_t)
	[RSP+1E98] 0x0                (size_t)
	[RSP+1EA0] 0x0                (size_t)
	[RSP+1EA8] 0x3EF667AE3F08A044 (size_t)
	[RSP+1EB0] 0x3F3204AC         (size_t)
	[RSP+1EB8] 0x0                (size_t)
	[RSP+1EC0] 0xBF36AA60         (size_t)
	[RSP+1EC8] 0x1B2D79A15E0      (void*)
	[RSP+1ED0] 0x1B512579680      (void*)
	[RSP+1ED8] 0x1100000CC0       (size_t)
	[RSP+1EE0] 0x1B3CF1AB400      (void*)
	[RSP+1EE8] 0x0                (size_t)
	[RSP+1EF0] 0x1B2D79A16E0      (void*)
	[RSP+1EF8] 0x1B51CAC5680      (void*)
	[RSP+1F00] 0x0                (size_t)
	[RSP+1F08] 0x1B3CF1AB400      (void*)
	[RSP+1F10] 0x0                (size_t)
	[RSP+1F18] 0x1B2D79A17E0      (void*)
	[RSP+1F20] 0x1B519268180      (void*)
	[RSP+1F28] 0x0                (size_t)
	[RSP+1F30] 0x1B3CF1AB400      (void*)
	[RSP+1F38] 0x1B40AEFDA80      (NiNode*)
		Name: "Chest"
	[RSP+1F40] 0x1B2D79A18E0      (void*)
	[RSP+1F48] 0x1B50FEAEB80      (void*)
	[RSP+1F50] 0x0                (size_t)
	[RSP+1F58] 0x1B3CF1AB400      (void*)
	[RSP+1F60] 0x0                (size_t)
	[RSP+1F68] 0x1B25AA60BC0      (void*)
	[RSP+1F70] 0x1B518D6AB80      (void*)
	[RSP+1F78] 0x1100000880       (size_t)
	[RSP+1F80] 0x1B3CF1AB400      (void*)
	[RSP+1F88] 0x3F50E143BF120A43 (size_t)
	[RSP+1F90] 0x100000088        (size_t)
	[RSP+1F98] 0x1B25AA60CC0      (void*)
	[RSP+1FA0] 0x1B51C85AB80      (void*)
	[RSP+1FA8] 0x0                (size_t)
	[RSP+1FB0] 0x1B3CF1AB400      (void*)
	[RSP+1FB8] 0x0                (size_t)
	[RSP+1FC0] 0x0                (size_t)
	[RSP+1FC8] 0x1B25AA60AC0      (void*)
	[RSP+1FD0] 0x1B1A9643680      (void*)
	[RSP+1FD8] 0x12000000D8       (size_t)
	[RSP+1FE0] 0x1B3CF1AA0E0      (void*)
	[RSP+1FE8] 0x0                (size_t)
	[RSP+1FF0] 0x1B2D79A19E0      (void*)
	[RSP+1FF8] 0x1B51999AB80      (void*)
	[RSP+2000] 0x0                (size_t)
	[RSP+2008] 0x1B3CF1AB400      (void*)
	[RSP+2010] 0x8                (size_t)
	[RSP+2018] 0x1B2D79A1AE0      (void*)
	[RSP+2020] 0x1B1A8E97600      (void*)
	[RSP+2028] 0x0                (size_t)
	[RSP+2030] 0x1B3CF1AB400      (void*)
	[RSP+2038] 0x3ED128223F3BE2C7 (size_t)
	[RSP+2040] 0x1B2D79A1BE0      (void*)
	[RSP+2048] 0x1B51B381680      (void*)
	[RSP+2050] 0x0                (size_t)
	[RSP+2058] 0x1B3CF1AB400      (void*)
	[RSP+2060] 0x3F800000428D0E0B (size_t)
	[RSP+2068] 0x0                (size_t)
	[RSP+2070] 0x3F55AB5E         (size_t)
	[RSP+2078] 0x6                (size_t)
	[RSP+2080] 0xBF0AEB11         (size_t)
	[RSP+2088] 0x3F56AEA3BF095911 (size_t)
	[RSP+2090] 0xBDC12F5C         (size_t)
	[RSP+2098] 0xC3B3457AC4E377AE (size_t)
	[RSP+20A0] 0x3F800000428D0E0B (size_t)
	[RSP+20A8] 0x1                (size_t)
	[RSP+20B0] 0x83904BF650       (void*)
	[RSP+20B8] 0x1B40AEFDD00      (NiNode*)
		Name: "SPINE1"
	[RSP+20C0] 0x7FF778E30A68     (void* -> Fallout4.exe+1D90A68)
	[RSP+20C8] 0x2                (size_t)
	[RSP+20D0] 0x10               (size_t)
	[RSP+20D8] 0x1B40AEFDD00      (NiNode*)
		Name: "SPINE1"
	[RSP+20E0] 0x0                (size_t)
	[RSP+20E8] 0x3EB882723ED543C6 (size_t)
	[RSP+20F0] 0x3F55AB5E         (size_t)
	[RSP+20F8] 0x3ED128223F3BE2C7 (size_t)
	[RSP+2100] 0xBF0AEB11         (size_t)
	[RSP+2108] 0x3F56AEA3BF095911 (size_t)
	[RSP+2110] 0xBDC12F5C         (size_t)
	[RSP+2118] 0xC3B3457AC4E377AE (size_t)
	[RSP+2120] 0x3F800000428D0E0B (size_t)
	[RSP+2128] 0x83904BEF90       (void*)
	[RSP+2130] 0x83904BEFC0       (void*)
	[RSP+2138] 0x83904BF068       (void*)
	[RSP+2140] 0xBF0AEB11         (size_t)
	[RSP+2148] 0x0                (size_t)
	[RSP+2150] 0xBDC12F5C         (size_t)
	[RSP+2158] 0xC0A3ECFFC1CFFF0D (size_t)
	[RSP+2160] 0x3F8000003F80FB06 (size_t)
	[RSP+2168] 0x1                (size_t)
	[RSP+2170] 0x0                (size_t)
	[RSP+2178] 0x0                (size_t)
	[RSP+2180] 0x0                (size_t)
	[RSP+2188] 0x1B3E194D0C0      (void*)
	[RSP+2190] 0x0                (size_t)
	[RSP+2198] 0x1B3CF1AB400      (void*)
	[RSP+21A0] 0x1B4157D82B0      (bhkNPCollisionObject*)
	[RSP+21A8] 0x3E838E3B3E82B573 (size_t)
	[RSP+21B0] 0x3F6E9DF8         (size_t)
	[RSP+21B8] 0x3EEBF71E3F50BCA5 (size_t)
	[RSP+21C0] 0xBEB36352         (size_t)
	[RSP+21C8] 0x3F597614BF05048A (size_t)
	[RSP+21D0] 0xBDBC1C80         (size_t)
	[RSP+21D8] 0xC3B3C204C4E39695 (size_t)
	[RSP+21E0] 0x3F8000004285FBD4 (size_t)
	[RSP+21E8] 0x3E838E3B3E82B573 (size_t)
	[RSP+21F0] 0x3F6E9DF8         (size_t)
	[RSP+21F8] 0x3EEBF71E3F50BCA5 (size_t)
	[RSP+2200] 0xBEB36352         (size_t)
	[RSP+2208] 0x100000001        (size_t)
	[RSP+2210] 0x100000001        (size_t)
	[RSP+2218] 0x100000001        (size_t)
	[RSP+2220] 0x100000001        (size_t)
	[RSP+2228] 0x100000001        (size_t)
	[RSP+2230] 0x100000001        (size_t)
	[RSP+2238] 0x100000013        (size_t)
	[RSP+2240] 0x100000001        (size_t)
	[RSP+2248] 0x100000001        (size_t)
	[RSP+2250] 0x100000001        (size_t)
	[RSP+2258] 0x100000001        (size_t)
	[RSP+2260] 0x100000001        (size_t)
	[RSP+2268] 0x100000001        (size_t)
	[RSP+2270] 0x100000001        (size_t)
	[RSP+2278] 0x100000001        (size_t)
	[RSP+2280] 0x100000001        (size_t)
	[RSP+2288] 0x100000001        (size_t)
	[RSP+2290] 0x100000001        (size_t)
	[RSP+2298] 0x100000001        (size_t)
	[RSP+22A0] 0x100000001        (size_t)
	[RSP+22A8] 0x100000001        (size_t)
	[RSP+22B0] 0x100000001        (size_t)
	[RSP+22B8] 0x100000001        (size_t)
	[RSP+22C0] 0x100000001        (size_t)
	[RSP+22C8] 0x100000001        (size_t)
	[RSP+22D0] 0x100000001        (size_t)
	[RSP+22D8] 0x100000001        (size_t)
	[RSP+22E0] 0x100000001        (size_t)
	[RSP+22E8] 0x100000001        (size_t)
	[RSP+22F0] 0x100000001        (size_t)
	[RSP+22F8] 0x100000001        (size_t)
	[RSP+2300] 0x100000001        (size_t)
	[RSP+2308] 0x100000001        (size_t)
	[RSP+2310] 0x100000001        (size_t)
	[RSP+2318] 0x100000001        (size_t)
	[RSP+2320] 0x100000001        (size_t)
	[RSP+2328] 0x100000001        (size_t)
	[RSP+2330] 0x100000001        (size_t)
	[RSP+2338] 0x100000001        (size_t)
	[RSP+2340] 0x100000001        (size_t)
	[RSP+2348] 0x100000001        (size_t)
	[RSP+2350] 0x100000001        (size_t)
	[RSP+2358] 0x100000001        (size_t)
	[RSP+2360] 0x100000001        (size_t)
	[RSP+2368] 0x100000001        (size_t)
	[RSP+2370] 0x100000001        (size_t)
	[RSP+2378] 0x100000001        (size_t)
	[RSP+2380] 0x100000001        (size_t)
	[RSP+2388] 0x100000001        (size_t)
	[RSP+2390] 0x100000001        (size_t)
	[RSP+2398] 0x100000001        (size_t)
	[RSP+23A0] 0x100000001        (size_t)
	[RSP+23A8] 0x100000001        (size_t)
	[RSP+23B0] 0x100000001        (size_t)
	[RSP+23B8] 0x100000001        (size_t)
	[RSP+23C0] 0x100000001        (size_t)
	[RSP+23C8] 0x100000001        (size_t)
	[RSP+23D0] 0x100000001        (size_t)
	[RSP+23D8] 0x100000001        (size_t)
	[RSP+23E0] 0x100000001        (size_t)
	[RSP+23E8] 0x100000001        (size_t)
	[RSP+23F0] 0x100000001        (size_t)
	[RSP+23F8] 0x100000001        (size_t)
	[RSP+2400] 0x100000001        (size_t)
	[RSP+2408] 0x100000001        (size_t)
	[RSP+2410] 0x100000001        (size_t)
	[RSP+2418] 0x100000001        (size_t)
	[RSP+2420] 0x100000001        (size_t)
	[RSP+2428] 0x100000001        (size_t)
	[RSP+2430] 0x100000001        (size_t)
	[RSP+2438] 0x100000001        (size_t)
	[RSP+2440] 0x100000001        (size_t)
	[RSP+2448] 0x100000001        (size_t)
	[RSP+2450] 0x100000001        (size_t)
	[RSP+2458] 0x100000001        (size_t)
	[RSP+2460] 0x100000001        (size_t)
	[RSP+2468] 0x100000001        (size_t)
	[RSP+2470] 0x100000001        (size_t)
	[RSP+2478] 0x100000001        (size_t)
	[RSP+2480] 0x100000001        (size_t)
	[RSP+2488] 0x100000001        (size_t)
	[RSP+2490] 0x100000001        (size_t)
	[RSP+2498] 0x100000001        (size_t)
	[RSP+24A0] 0x100000001        (size_t)
	[RSP+24A8] 0x100000001        (size_t)
	[RSP+24B0] 0x100000001        (size_t)
	[RSP+24B8] 0x100000001        (size_t)
	[RSP+24C0] 0x100000001        (size_t)
	[RSP+24C8] 0x100000001        (size_t)
	[RSP+24D0] 0x100000001        (size_t)
	[RSP+24D8] 0x100000001        (size_t)
	[RSP+24E0] 0x100000001        (size_t)
	[RSP+24E8] 0x100000001        (size_t)
	[RSP+24F0] 0x100000001        (size_t)
	[RSP+24F8] 0x100000001        (size_t)
	[RSP+2500] 0x100000001        (size_t)
	[RSP+2508] 0x100000001        (size_t)
	[RSP+2510] 0x100000001        (size_t)
	[RSP+2518] 0x100000001        (size_t)
	[RSP+2520] 0x100000001        (size_t)
	[RSP+2528] 0x100000001        (size_t)
	[RSP+2530] 0x100000001        (size_t)
	[RSP+2538] 0x100000001        (size_t)
	[RSP+2540] 0x100000001        (size_t)
	[RSP+2548] 0x100000001        (size_t)
	[RSP+2550] 0x100000001        (size_t)
	[RSP+2558] 0x100000001        (size_t)
	[RSP+2560] 0x100000001        (size_t)
	[RSP+2568] 0x100000001        (size_t)
	[RSP+2570] 0x100000001        (size_t)
	[RSP+2578] 0x100000001        (size_t)
	[RSP+2580] 0x100000001        (size_t)
	[RSP+2588] 0x100000001        (size_t)
	[RSP+2590] 0x100000001        (size_t)
	[RSP+2598] 0x100000001        (size_t)
	[RSP+25A0] 0x100000001        (size_t)
	[RSP+25A8] 0x100000001        (size_t)
	[RSP+25B0] 0x100000001        (size_t)
	[RSP+25B8] 0x100000001        (size_t)
	[RSP+25C0] 0x100000001        (size_t)
	[RSP+25C8] 0x100000001        (size_t)
	[RSP+25D0] 0x100000001        (size_t)
	[RSP+25D8] 0x100000001        (size_t)
	[RSP+25E0] 0x100000001        (size_t)
	[RSP+25E8] 0x100000001        (size_t)
	[RSP+25F0] 0x100000001        (size_t)
	[RSP+25F8] 0x100000001        (size_t)
	[RSP+2600] 0x100000001        (size_t)
	[RSP+2608] 0x100000001        (size_t)
	[RSP+2610] 0x100000001        (size_t)
	[RSP+2618] 0x100000000        (size_t)
	[RSP+2620] 0x100000001        (size_t)
	[RSP+2628] 0x0                (size_t)
	[RSP+2630] 0x6                (size_t)
	[RSP+2638] 0x1B51722D828      (void*)
	[RSP+2640] 0x7FF77CC88080     (void* -> Fallout4.exe+5BE8080)
	[RSP+2648] 0x1B1EF301F70      (char*) "3"
	[RSP+2650] 0x8390DBF660       (void*)
	[RSP+2658] 0x2                (size_t)
	[RSP+2660] 0x14               (size_t)
	[RSP+2668] 0x17               (size_t)
	[RSP+2670] 0x7FF778E1BEE4     (void* -> Fallout4.exe+1D7BEE4)
	[RSP+2678] 0x81               (size_t)
	[RSP+2680] 0x7FF70000000C     (size_t)
	[RSP+2688] 0xFF               (size_t)
	[RSP+2690] 0x810              (size_t)
	[RSP+2698] 0x7FF77CC88088     (void* -> Fallout4.exe+5BE8088)
	[RSP+26A0] 0x1B268FAE240      (void*)
	[RSP+26A8] 0x0                (size_t)
	[RSP+26B0] 0x7FF778BF0F26     (void* -> Fallout4.exe+1B50F26)
	[RSP+26B8] 0x0                (size_t)
	[RSP+26C0] 0x1                (size_t)
	[RSP+26C8] 0x7FF77CC88084     (void* -> Fallout4.exe+5BE8084)
	[RSP+26D0] 0x7FF77CC8B598     (void* -> Fallout4.exe+5BEB598)
	[RSP+26D8] 0x0                (size_t)
	[RSP+26E0] 0x0                (size_t)
	[RSP+26E8] 0x7FF77CC9F300     (void* -> Fallout4.exe+5BFF300)
	[RSP+26F0] 0x1                (size_t)
	[RSP+26F8] 0x7FF77CC8B528     (BSJobs::JobThread*)
	[RSP+2700] 0x7FF778BF1432     (void* -> Fallout4.exe+1B51432)
	[RSP+2708] 0x1                (size_t)
	[RSP+2710] 0x7FF77CC8B548     (void* -> Fallout4.exe+5BEB548)
	[RSP+2718] 0x0                (size_t)
	[RSP+2720] 0x83904BF7A0       (void*)
	[RSP+2728] 0x0                (size_t)
	[RSP+2730] 0x0                (size_t)
	[RSP+2738] 0x0                (size_t)
	[RSP+2740] 0x7FF778BF3F67     (void* -> Fallout4.exe+1B53F67)
	[RSP+2748] 0x7FF77CC8B528     (BSJobs::JobThread*)
	[RSP+2750] 0x0                (size_t)
	[RSP+2758] 0x0                (size_t)
	[RSP+2760] 0x0                (size_t)
	[RSP+2768] 0x7FF77CC8B528     (BSJobs::JobThread*)
	[RSP+2770] 0x7FF778BBCFED     (void* -> Fallout4.exe+1B1CFED)
	[RSP+2778] 0x48CC             (size_t)
	[RSP+2780] 0x83904BF7C0       (void*)
	[RSP+2788] 0x1B1A65EBC90      (void*)
	[RSP+2790] 0x0                (size_t)
	[RSP+2798] 0x7FF77CC8B528     (BSJobs::JobThread*)
	[RSP+27A0] 0x0                (size_t)
	[RSP+27A8] 0x0                (size_t)
	[RSP+27B0] 0x7FFFA2067034     (void* -> KERNEL32.DLL+0017034)
	[RSP+27B8] 0x0                (size_t)
	[RSP+27C0] 0x0                (size_t)
	[RSP+27C8] 0x0                (size_t)
	[RSP+27D0] 0x0                (size_t)
	[RSP+27D8] 0x0                (size_t)
	[RSP+27E0] 0x7FFFA27A2651     (void* -> ntdll.dll+0052651)
	[RSP+27E8] 0x0                (size_t)
	[RSP+27F0] 0x0                (size_t)
	[RSP+27F8] 0x0                (size_t)
	[RSP+2800] 0x0                (size_t)
	[RSP+2808] 0x0                (size_t)
	[RSP+2810] 0x0                (size_t)
	[RSP+2818] 0x658508F200000000 (size_t)
	[RSP+2820] 0x0                (size_t)
	[RSP+2828] 0x0                (size_t)
	[RSP+2830] 0x7FFFA03DFE70     (void* -> KERNELBASE.dll+010FE70)
	[RSP+2838] 0x83904BC100       (void*)
	[RSP+2840] 0x1FFFF16E3DA08000 (size_t)
	[RSP+2848] 0x7FFFC5B8F682     (size_t)
	[RSP+2850] 0x83904BC100       (void*)
	[RSP+2858] 0x0                (size_t)
	[RSP+2860] 0x0                (size_t)
	[RSP+2868] 0x0                (size_t)
	[RSP+2870] 0x0                (size_t)
	[RSP+2878] 0x0                (size_t)
	[RSP+2880] 0x0                (size_t)
	[RSP+2888] 0x0                (size_t)
	[RSP+2890] 0x0                (size_t)
	[RSP+2898] 0x0                (size_t)
	[RSP+28A0] 0x0                (size_t)
	[RSP+28A8] 0x0                (size_t)
	[RSP+28B0] 0x0                (size_t)
	[RSP+28B8] 0x0                (size_t)
	[RSP+28C0] 0x0                (size_t)
	[RSP+28C8] 0x0                (size_t)
	[RSP+28D0] 0x0                (size_t)
	[RSP+28D8] 0x0                (size_t)
	[RSP+28E0] 0x0                (size_t)
	[RSP+28E8] 0x0                (size_t)
	[RSP+28F0] 0x0                (size_t)
	[RSP+28F8] 0x0                (size_t)
	[RSP+2900] 0x0                (size_t)
	[RSP+2908] 0x0                (size_t)
	[RSP+2910] 0x0                (size_t)
	[RSP+2918] 0x0                (size_t)
	[RSP+2920] 0x0                (size_t)
	[RSP+2928] 0x0                (size_t)
	[RSP+2930] 0x0                (size_t)
	[RSP+2938] 0x0                (size_t)
	[RSP+2940] 0x0                (size_t)
	[RSP+2948] 0x0                (size_t)
	[RSP+2950] 0x0                (size_t)
	[RSP+2958] 0x0                (size_t)
	[RSP+2960] 0x0                (size_t)
	[RSP+2968] 0x0                (size_t)
	[RSP+2970] 0x0                (size_t)
	[RSP+2978] 0x0                (size_t)
	[RSP+2980] 0x0                (size_t)
	[RSP+2988] 0x0                (size_t)
	[RSP+2990] 0x0                (size_t)
	[RSP+2998] 0x0                (size_t)
	[RSP+29A0] 0x0                (size_t)
	[RSP+29A8] 0x0                (size_t)
	[RSP+29B0] 0x0                (size_t)
	[RSP+29B8] 0x0                (size_t)
	[RSP+29C0] 0x0                (size_t)
	[RSP+29C8] 0x0                (size_t)
	[RSP+29D0] 0x0                (size_t)
	[RSP+29D8] 0x0                (size_t)
	[RSP+29E0] 0x0                (size_t)
	[RSP+29E8] 0x0                (size_t)
	[RSP+29F0] 0x0                (size_t)
	[RSP+29F8] 0x0                (size_t)
	[RSP+2A00] 0x0                (size_t)
	[RSP+2A08] 0x0                (size_t)
	[RSP+2A10] 0x0                (size_t)
	[RSP+2A18] 0x0                (size_t)
	[RSP+2A20] 0x0                (size_t)
	[RSP+2A28] 0x0                (size_t)
	[RSP+2A30] 0x0                (size_t)
	[RSP+2A38] 0x0                (size_t)
	[RSP+2A40] 0x0                (size_t)
	[RSP+2A48] 0x0                (size_t)
	[RSP+2A50] 0x0                (size_t)
	[RSP+2A58] 0x0                (size_t)
	[RSP+2A60] 0x0                (size_t)
	[RSP+2A68] 0x0                (size_t)
	[RSP+2A70] 0x0                (size_t)
	[RSP+2A78] 0x0                (size_t)
	[RSP+2A80] 0x0                (size_t)
	[RSP+2A88] 0x0                (size_t)
	[RSP+2A90] 0x0                (size_t)
	[RSP+2A98] 0x0                (size_t)
	[RSP+2AA0] 0x0                (size_t)
	[RSP+2AA8] 0x0                (size_t)
	[RSP+2AB0] 0x0                (size_t)
	[RSP+2AB8] 0x0                (size_t)
	[RSP+2AC0] 0x0                (size_t)
	[RSP+2AC8] 0x0                (size_t)
	[RSP+2AD0] 0x0                (size_t)
	[RSP+2AD8] 0x0                (size_t)
	[RSP+2AE0] 0x0                (size_t)
	[RSP+2AE8] 0x0                (size_t)
	[RSP+2AF0] 0x0                (size_t)
	[RSP+2AF8] 0x0                (size_t)
	[RSP+2B00] 0x0                (size_t)
	[RSP+2B08] 0x0                (size_t)
	[RSP+2B10] 0x0                (size_t)
	[RSP+2B18] 0x0                (size_t)
	[RSP+2B20] 0x0                (size_t)
	[RSP+2B28] 0x0                (size_t)
	[RSP+2B30] 0x0                (size_t)
	[RSP+2B38] 0x0                (size_t)
	[RSP+2B40] 0x0                (size_t)
	[RSP+2B48] 0x0                (size_t)
	[RSP+2B50] 0x0                (size_t)
	[RSP+2B58] 0x0                (size_t)
	[RSP+2B60] 0x0                (size_t)
	[RSP+2B68] 0x0                (size_t)
	[RSP+2B70] 0x0                (size_t)
	[RSP+2B78] 0x0                (size_t)
	[RSP+2B80] 0x0                (size_t)
	[RSP+2B88] 0x0                (size_t)
	[RSP+2B90] 0x0                (size_t)
	[RSP+2B98] 0x0                (size_t)
	[RSP+2BA0] 0x0                (size_t)
	[RSP+2BA8] 0x0                (size_t)
	[RSP+2BB0] 0x0                (size_t)
	[RSP+2BB8] 0x0                (size_t)
	[RSP+2BC0] 0x0                (size_t)
	[RSP+2BC8] 0x0                (size_t)
	[RSP+2BD0] 0x0                (size_t)
	[RSP+2BD8] 0x0                (size_t)
	[RSP+2BE0] 0x0                (size_t)
	[RSP+2BE8] 0x0                (size_t)
	[RSP+2BF0] 0x0                (size_t)
	[RSP+2BF8] 0x0                (size_t)
	[RSP+2C00] 0x0                (size_t)
	[RSP+2C08] 0x0                (size_t)
	[RSP+2C10] 0x0                (size_t)
	[RSP+2C18] 0x0                (size_t)
	[RSP+2C20] 0x0                (size_t)
	[RSP+2C28] 0x0                (size_t)
	[RSP+2C30] 0x0                (size_t)
	[RSP+2C38] 0x0                (size_t)
	[RSP+2C40] 0x0                (size_t)
	[RSP+2C48] 0x0                (size_t)
	[RSP+2C50] 0x0                (size_t)
	[RSP+2C58] 0x0                (size_t)
	[RSP+2C60] 0x0                (size_t)
	[RSP+2C68] 0x0                (size_t)
	[RSP+2C70] 0x0                (size_t)
	[RSP+2C78] 0x0                (size_t)
	[RSP+2C80] 0x0                (size_t)
	[RSP+2C88] 0x0                (size_t)
	[RSP+2C90] 0x0                (size_t)
	[RSP+2C98] 0x0                (size_t)
	[RSP+2CA0] 0x0                (size_t)
	[RSP+2CA8] 0x0                (size_t)
	[RSP+2CB0] 0x0                (size_t)
	[RSP+2CB8] 0x0                (size_t)
	[RSP+2CC0] 0x0                (size_t)
	[RSP+2CC8] 0x0                (size_t)
	[RSP+2CD0] 0x0                (size_t)
	[RSP+2CD8] 0x0                (size_t)
	[RSP+2CE0] 0x0                (size_t)
	[RSP+2CE8] 0x0                (size_t)
	[RSP+2CF0] 0x0                (size_t)
	[RSP+2CF8] 0x0                (size_t)
	[RSP+2D00] 0x0                (size_t)
	[RSP+2D08] 0x0                (size_t)
	[RSP+2D10] 0x0                (size_t)
	[RSP+2D18] 0x0                (size_t)
	[RSP+2D20] 0x0                (size_t)
	[RSP+2D28] 0x0                (size_t)
	[RSP+2D30] 0x0                (size_t)
	[RSP+2D38] 0x0                (size_t)
	[RSP+2D40] 0x0                (size_t)
	[RSP+2D48] 0x0                (size_t)
	[RSP+2D50] 0x0                (size_t)
	[RSP+2D58] 0x0                (size_t)
	[RSP+2D60] 0x0                (size_t)
	[RSP+2D68] 0x0                (size_t)
	[RSP+2D70] 0x0                (size_t)
	[RSP+2D78] 0x0                (size_t)
	[RSP+2D80] 0x0                (size_t)
	[RSP+2D88] 0x0                (size_t)
	[RSP+2D90] 0x0                (size_t)
	[RSP+2D98] 0x0                (size_t)
	[RSP+2DA0] 0x0                (size_t)
	[RSP+2DA8] 0x0                (size_t)
	[RSP+2DB0] 0x0                (size_t)
	[RSP+2DB8] 0x0                (size_t)
	[RSP+2DC0] 0x0                (size_t)
	[RSP+2DC8] 0x0                (size_t)
	[RSP+2DD0] 0x0                (size_t)
	[RSP+2DD8] 0x0                (size_t)
	[RSP+2DE0] 0x0                (size_t)
	[RSP+2DE8] 0x0                (size_t)
	[RSP+2DF0] 0x0                (size_t)
	[RSP+2DF8] 0x0                (size_t)
	[RSP+2E00] 0x0                (size_t)
	[RSP+2E08] 0x0                (size_t)
	[RSP+2E10] 0x0                (size_t)
	[RSP+2E18] 0x0                (size_t)
	[RSP+2E20] 0x0                (size_t)
	[RSP+2E28] 0x0                (size_t)
	[RSP+2E30] 0x0                (size_t)
	[RSP+2E38] 0x0                (size_t)
	[RSP+2E40] 0x0                (size_t)
	[RSP+2E48] 0x0                (size_t)
	[RSP+2E50] 0x0                (size_t)
	[RSP+2E58] 0x0                (size_t)
	[RSP+2E60] 0x0                (size_t)
	[RSP+2E68] 0x0                (size_t)
	[RSP+2E70] 0x0                (size_t)
	[RSP+2E78] 0x0                (size_t)
	[RSP+2E80] 0x0                (size_t)
	[RSP+2E88] 0x0                (size_t)
	[RSP+2E90] 0x0                (size_t)
	[RSP+2E98] 0x0                (size_t)
	[RSP+2EA0] 0x0                (size_t)
	[RSP+2EA8] 0x0                (size_t)
	[RSP+2EB0] 0x0                (size_t)
	[RSP+2EB8] 0x0                (size_t)
	[RSP+2EC0] 0x0                (size_t)
	[RSP+2EC8] 0x0                (size_t)
	[RSP+2ED0] 0x0                (size_t)
	[RSP+2ED8] 0x0                (size_t)
	[RSP+2EE0] 0x0                (size_t)
	[RSP+2EE8] 0x0                (size_t)
	[RSP+2EF0] 0x0                (size_t)
	[RSP+2EF8] 0x0                (size_t)
	[RSP+2F00] 0x0                (size_t)
	[RSP+2F08] 0x0                (size_t)
	[RSP+2F10] 0x0                (size_t)
	[RSP+2F18] 0x0                (size_t)
	[RSP+2F20] 0x0                (size_t)
	[RSP+2F28] 0x0                (size_t)
	[RSP+2F30] 0x0                (size_t)
	[RSP+2F38] 0x0                (size_t)
	[RSP+2F40] 0x0                (size_t)
	[RSP+2F48] 0x0                (size_t)
	[RSP+2F50] 0x0                (size_t)
	[RSP+2F58] 0x0                (size_t)
	[RSP+2F60] 0x0                (size_t)
	[RSP+2F68] 0x0                (size_t)
	[RSP+2F70] 0x0                (size_t)
	[RSP+2F78] 0x0                (size_t)
	[RSP+2F80] 0x0                (size_t)
	[RSP+2F88] 0x0                (size_t)
	[RSP+2F90] 0x0                (size_t)
	[RSP+2F98] 0x0                (size_t)
	[RSP+2FA0] 0x0                (size_t)
	[RSP+2FA8] 0x0                (size_t)
	[RSP+2FB0] 0x0                (size_t)
	[RSP+2FB8] 0x0                (size_t)
	[RSP+2FC0] 0x0                (size_t)
	[RSP+2FC8] 0x0                (size_t)
	[RSP+2FD0] 0x0                (size_t)

MODULES:

F4SE PLUGINS:
	Buffout4.dll v1.26.2
	BulletCountedReload.dll
	cbp.dll
	ClassicHolsteredWeapons.dll
	crafting_highlight_fix.dll
	f4ee.dll
	f4pm.dll
	HHS.dll
	HighFPSPhysicsFix.dll
	LooksmenuPlayerRotation.dll
	mcm.dll
	place.dll
	PowerGridTools.dll
	PriorityMod.dll
	PrivateProfileRedirector.dll
	rename_anything.dll
	SprintStutteringFix.dll
	UnlimitedFastTravel.dll
	UnlimitedSurvivalMode.dll
	WeaponDebrisCrashFix.dll
	WmkActiveEffects.dll
	wsfw_identifier.dll
	XDI.dll

PLUGINS:
	[00]     Fallout4.esm
	[01]     DLCRobot.esm
	[02]     DLCworkshop01.esm
	[03]     DLCCoast.esm
	[04]     DLCworkshop02.esm
	[05]     DLCworkshop03.esm
	[06]     DLCNukaWorld.esm
	[07]     cctosfo4001-neosky.esm
	[08]     Unofficial Fallout 4 Patch.esp
	[09]     HUDFramework.esm
	[0A]     Snap'n Build.esm
	[0B]     AutoUnequipPipboy.esm
	[0C]     XDI.esm
	[0D]     Homemaker.esm
	[0E]     CWWorkshopMaster.esm
	[0F]     WorkshopFramework.esm
	[10]     SS2.esm
	[11]     SS2_XPAC_Chapter2.esm
	[12]     CWSS Redux.esp
	[13]     PANPC.esm
	[14]     PACE.esm
	[15]     ArmorKeywords.esm
	[16]     CROSS_CosmeticFramework.esm
	[17]     ShinyFixer.esp
	[18]     EvilViking13_PatchworkSanctuaryBridge.esp
	[19]     F4NVServiceRifleRedux.esp
	[1A]     FilledBrahminFeedTroughs.esp
	[1B]     Publick Occurrences Expanded.esp
	[1C]     WorkshopPlus.esp
	[1D]     Lots More Male Hairstyles.esp
	[1E]     InstitWeapPosit.esp
	[1F]     CROSS_Cybernetics.esp
	[20]     DV-No Levelled Vertibirds.esp
	[21]     SettleObjExpandPack.esp
	[22]     rfortaleza2.esp
	[23]     SkjAlert_All_DLC.esp
	[24]     MoreBeards.esp
	[25]     Better Explosives Redux.esp
	[26]     CROSS_GoreCrits.esp
	[27]     Armorsmith Extended.esp
	[28]     MoreHairstyles4Male3.1.esp
	[29]     Realistic_conversations.esp
	[2A]     DnxTattoos.esp
	[2B]     MisfitInk.esp
	[2C]     MTM-LaserPlasmaWeaponMods.esp
	[2D]     FG_ReloadSounds.esp
	[2E]     RecruitableSettlers.esp
	[2F]     Homemaker - Unlocked Institute Objects.esp
	[30]     Live Action Handy.esp
	[31]     LooksMenu.esp
	[32]     VtawWardrobe5.esp
	[33]     PRC Patch for Enbs.esp
	[34]     Vertibird Alt Fix - Far Harbor.esp
	[35]     SSNPC - Minutemen.esp
	[36]     FHLeveledListIntegration.esp
	[37]     CROSS_Uni_Scarf.esp
	[38]     SlowTime.esp
	[39]     Edit_Hancock.esp
	[3A]     See You Sleep CW editon - Beta.esp
	[3B]     pipebgone.esp
	[3C]     M72GaussRifle.esp
	[3D]     SWG.esp
	[3E]     RegsPrefabs.esp
	[3F]     Passthrough.esp
	[40]     Eli_Armour_Compendium.esp
	[41]     Realistic Death Physics - ALL DLC.esp
	[42]     LooksMenu Customization Compendium.esp
	[43]     RutahTattooPack_FO4.esp
	[44]     KSHairdos.esp
	[45]     RAW INPUT.esp
	[46]     spacefiddle_Follower-Stealth-Distance-Fixes.esp
	[47]     CROSS_GoreCrits_FarHarborPatch.esp
	[48]     MoreHairstyles4Female4.1.esp
	[49]     LMNSOverlays.esp
	[4A]     RobotFactionPaint.esp
	[4B]     rfortaleza2-pauldron.esp
	[4C]     X01Light.esp
	[4D]     SettleObjExpandPack-AllLightShadowEnabler.esp
	[4E]     Crimsomrider's Unique Furniture.esp
	[4F]     AarwynLFR.esp
	[50]     Merged Audio.esp
	[51]     Reverb and Ambiance Overhaul.esp
	[52]     NoVanillaRadiantDLCLocations.esp
	[53]     CheatTerminal.esp
	[54]     MiamiEnclave.esp
	[55]     Archimedes-II.esp
	[56]     T-51 Settlers.esp
	[57]     VtawWardrobe6.esp
	[58]     RedShiftPowerArmor.esp
	[59]     ValiusHDTextures2K.esp
	[5A]     UniqueUniques.esp
	[5B]     RU556.esp
	[5C]     plasmaproject.esp
	[5D]     RaiderOverhaul.esp
	[5E]     Crimsomrider's Accessories.esp
	[5F]     Tactical Flashlights.esp
	[60]     Tactical Flashlights - Settings.esp
	[61]     DT_GunnerOutfitPack.esp
	[62]     Consistent Power Armor Overhaul.esp
	[63]     Brotherhood Power Armor Overhaul.esp
	[64]     PAMAP.esp
	[65]     NotJustBasements.esp
	[66]     Vault-Tec Historical Preservation Initiative.esp
	[67]     waterLODfix.esp
	[68]     GR001-AutomatronRebooted.esp
	[69]     NiceBush.esp
	[6A]     CustomCamera.esp
	[6B]     DCWestSuperMutants.esp
	[6C]     KSHairsFemsheppingRadbeetle.esp
	[6D]     PhotoMode.esp
	[6E]     PiperCaitCurieDialogueOverhaul.esp
	[6F]     wackyweaponsworkshopsp.esp
	[70]     Live Dismemberment - Brutal.esp
	[71]     X12Plasmacaster.esp
	[72]     MK18.esp
	[73]     cVc Dead Wasteland 6.esp
	[74]     GCM.esp
	[75]     FO4 NPCs Travel.esp
	[76]     VtawWardrobe7.esp
	[77]     WestTekTacticalOptics.esp
	[78]     instituteproject.esp
	[79]     1CAS_ServiceRifle.esp
	[7A]     FCOM.esp
	[7B]     FCOM-NieroIEX.esp
	[7C]     Wana_SA58.esp
	[7D]     Live Dismemberment - Liebermode.esp
	[7E]     AER15.esp
	[7F]     RRTV_FizztopGrilleEnhancements.esp
	[80]     Weapon Rack Extended.esp
	[81]     WorkshopRearranged.esp
	[82]     NAC.esp
	[83]     NAC-NW.esp
	[84]     NAC-FH.esp
	[85]     UniqueFemalePlayer.esp
	[86]     SurvivalOptions.esp
	[87]     AmazingFollowerTweaks.esp
	[88]     Live Dismemberment - Regular.esp
	[89]     MutantMenagerie.esp
	[8A]     CraftingFramework.esp
	[8B]     DX_Pornstar_Fashion.esp
	[8C]     65SeriesPistols.esp
	[8D]     Insignificant Object Remover.esp
	[8E]     ReducedEnergyRecoil.esp
	[8F]     OCDecorator.esp
	[90]     OCDispenser.esp
	[91]     OCDecoratorDLC.esp
	[92]     SettlementMenuManager.esp
	[93]     SimSettlements2_AddOnPack_ApocalypticAdditions_SirLach.esp
	[94]     JunkTownTwo.esp
	[95]     SS2_ruined_simsettlement_addonpack.esp
	[96]     LD50_Leaders.esp
	[97]     SS2-PraRandomAddon.esp
	[98]     SS2_XDI Compatibility Patch.esp
	[99]     SS2-Jampads2.esp
	[9A]     ohSIM_Sim2_Settlements_Scrappers_Addon.esp
	[9B]     SS2_FDK_TinyLiving.esp
	[9C]     SS2WastelandVenturers.esp
	[9D]     dinoshelf.esp
	[9E]     creativeclutter.esp
	[9F]     woodysWastelandStuff.esp
	[A0]     GruffyddsSignsAndPosters.esp
	[A1]     SPTFIRE-ALLDLC.esp
	[A2]     TrainBar.esp
	[A3]     FO4LaserBolts.esp
	[A4]     VtawWardrobe8.esp
	[A5]     CC Faction Paints Applied.esp
	[A6]     CBBE.esp
	[A7]     CBBEFix.esp
	[A8]     CleanMySettlement.esp
	[A9]     PAReFrame.esp
	[AA]     MG69.esp
	[AB]     EF_ElevatorFix.esp
	[AC]     PRP.esp
	[AD]     railroad_uniform.esp
	[AE]     railroad_uniform_leveledList.esp
	[AF]     Vivid Fallout - All in One - Best Choice.esp
	[B0]     AidanWatts3dAssets.esp
	[B1]     Murkwater revisited.esp
	[B2]     VtawWeddingDress.esp
	[B3]     SS2WastelandReconstructionKit.esp
	[B4]     AnimatedCandles.esp
	[B5]     pulsecarbine.esp
	[B6]     llamaCompanionHeather.esp
	[B7]     llamaCompanionHeather-AE Patch.esp
	[B8]     Vault Alt Suit.esp
	[B9]     Shino Vault Pack.esp
	[BA]     HomemadeLasRevolver.esp
	[BB]     ENBLightsHDRPatch.esp
	[BC]     RailwayPistol.esp
	[BD]     Sexy_Hancock.esp
	[BE]     Zanthir_Minigun.esp
	[BF]     MakeshiftCMG.esp
	[C0]     SelectRapidMG.esp
	[C1]     SelectMarksman.esp
	[C2]     Zanthir_SuperSledgeIntegrated.esp
	[C3]     Live Action Handy - With GlowMap.esp
	[C4]     AtomsGloryThreads.esp
	[C5]     CF_AtomicWarlord.esp
	[C6]     FOLON_Camelot_Merc.esp
	[C7]     LAER.esp
	[C8]     FO4LaserBolts - InstituteRoyalBlue.esp
	[C9]     DMHelmetMerge.esp
	[CA]     SS2Extended.esp
	[CB]     [SS20Addon] SimSettlements SuperStructures.esp
	[CC]     KURO.esp
	[CD]     Universal Working Bathroom Fixtures (CWSS and DLCs).esp
	[CE]     skewer.esp
	[CF]     GreaseRatGarbs.esp
	[D0]     Enclave-X02.esp
	[D1]     A Forest.esp
	[D2]     TrueGrass.esp
	[D3]     Grasslands - Healthy.esp
	[D4]     BOREALIS Grasses.esp
	[D5]     VELDT.esp
	[D6]     ReGrowth - Settlement Lawn Mowing.esp
	[D7]     Better Landscape Grass.esp
	[D8]     Vertibird Faction Paint Schemes.esp
	[D9]     PrydwenOverhaul2.esp
	[DA]     HiPolyFaces.esp
	[DB]     The Eyes Of Beauty.esp
	[DC]     TheEyesOfBeauty.esp
	[DD]     ConceptPlasma.esp
	[DE]     SleekStylesPack.esp
	[DF]     MutilatedDeadBodies.esp
	[E0]     BetterBostonAirport.esp
	[E1]     GaussRevolver.esp
	[E2]     DCVendorClutter.esp
	[E3]     Diamond City Interior Cleanup.esp
	[E4]     Diamond City Exterior Cleanup - No Outskirts.esp
	[E5]     Kellogg_House.esp
	[E6]     Eli_Faction Housing Overhaul - AiO.esp
	[E7]     Backpacks of the Commonwealth.esp
	[E8]     VtawBodyconDress.esp
	[E9]     Pip2000MkVi_Replacer.esp
	[EA]     VtawWardrobe9.esp
	[FE:000] ccbgsfo4016-prey.esl
	[FE:001] ccbgsfo4020-powerarmorskin(black).esl
	[FE:002] ccbgsfo4044-hellfirepowerarmor.esl
	[FE:003] ccfsvfo4001-modularmilitarybackpack.esl
	[FE:004] ccfsvfo4002-midcenturymodern.esl
	[FE:005] ccfrsfo4001-handmadeshotgun.esl
	[FE:006] cceejfo4001-decorationpack.esl
	[FE:007] ccgcafo4001-factionws01army.esl
	[FE:008] ccgcafo4002-factionws02acat.esl
	[FE:009] ccgcafo4003-factionws03bos.esl
	[FE:00A] ccgcafo4004-factionws04gun.esl
	[FE:00B] ccgcafo4005-factionws05hrpink.esl
	[FE:00C] ccgcafo4006-factionws06hrshark.esl
	[FE:00D] ccgcafo4007-factionws07hrflames.esl
	[FE:00E] ccgcafo4008-factionws08inst.esl
	[FE:00F] ccgcafo4009-factionws09mm.esl
	[FE:010] ccgcafo4010-factionws10rr.esl
	[FE:011] ccgcafo4011-factionws11vt.esl
	[FE:012] ccgcafo4012-factionas01acat.esl
	[FE:013] ccgcafo4013-factionas02bos.esl
	[FE:014] ccgcafo4014-factionas03gun.esl
	[FE:015] ccgcafo4015-factionas04hrpink.esl
	[FE:016] ccgcafo4016-factionas05hrshark.esl
	[FE:017] ccgcafo4017-factionas06inst.esl
	[FE:018] ccgcafo4018-factionas07mm.esl
	[FE:019] ccgcafo4019-factionas08nuk.esl
	[FE:01A] ccgcafo4020-factionas09rr.esl
	[FE:01B] ccgcafo4021-factionas10hrflames.esl
	[FE:01C] ccgcafo4022-factionas11vt.esl
	[FE:01D] ccgcafo4023-factionas12army.esl
	[FE:01E] ccawnfo4001-brandedattire.esl
	[FE:01F] ccbgsfo4063-papat.esl
	[FE:020] ccbgsfo4101-as_shi.esl
	[FE:021] ccbgsfo4115-x02.esl
	[FE:022] ccbgsfo4091-as_bats.esl
	[FE:023] ccbgsfo4097-as_jack-olantern.esl
	[FE:024] ccbgsfo4111-ws_jack-olantern.esl
	[FE:025] ccbgsfo4113-ws_reillysrangers.esl
	[FE:026] ccbgsfo4112-ws_pickman.esl
	[FE:027] ccbgsfo4110-ws_enclave.esl
	[FE:028] ccbgsfo4108-ws_childrenofatom.esl
	[FE:029] ccbgsfo4099-as_reillysrangers.esl
	[FE:02A] ccbgsfo4098-as_pickman.esl
	[FE:02B] ccbgsfo4096-as_enclave.esl
	[FE:02C] ccbgsfo4095-as_childrenofatom.esl
	[FE:02D] ccfrsfo4003-cr75l.esl
	[FE:02E] ccbgsfo4117-capmerc.esl
	[FE:02F] ccbgsfo4046-tescan.esl
	[FE:030] CROSS_CoA.esl
	[FE:031] MesmerizingMagnolia.esl
	[FE:032] PD_LowerWeapon.esl
	[FE:033] Swinging Meat Bags.esl
	[FE:034] R91AssaultRifle.esl
	[FE:035] LootableCars.esl
	[FE:036] NewFace_Settlers.esl
	[FE:037] Evil Detective Outfit.esl
	[FE:038] WeaponsHD.esl
	[FE:039] RBValentineJawSync.esl
	[FE:03A] Wealthier Commonwealth.esl
	[FE:03B] PreWarSafes.esl
	[FE:03C] Smoke-able Cigars.esl
	[FE:03D] bTankTop.esl
	[FE:03E] LMBTOverlays.esl
	[FE:03F] HN66Fo4_Nails.esl
	[FE:040] ChemsLabCrates.esl
	[FE:041] CROSS_Uni_BosUniform.esl
	[FE:042] wasterArmor.esl
	[FE:043] TommyStickMag.esl
	[FE:044] ASA.esl
	[FE:045] rpampas.esl
	[FE:046] KSHairdos_oel.esl
	[FE:047] Retex_Skeletons.esl
	[FE:048] Glock86.esl
	[FE:049] Mauser.esl
	[FE:04A] Vault81Etiquette.esl
	[FE:04B] Liberator.esl
	[FE:04C] 9mmPistol.esl
	[FE:04D] Tomacuzi9.esl
	[FE:04E] InstituteFastTravelLocation.esl
	[FE:04F] G11.esl
	[FE:050] TheKite_Railroad_Handmaiden.esl
	[FE:051] InstitutePowerArmor.esl
	[FE:052] YK42B.esl
	[FE:053] StarlightLOD.esl
	[FE:054] M2045MagnumRevolverRifle.esl
	[FE:055] Bricks Concrete and Wood sidings HD.esl
	[FE:056] NickValentinesDay.esl
	[FE:057] WmkActiveEffects.esl
	[FE:058] Vivid Fallout - All in One - 4k.esl
	[FE:059] Eli_Vault-Tec Outfits.esl
	[FE:05A] detailedferalghouls.esl
	[FE:05B] CompactCrafting.esl
	[FE:05C] CompanionAccuracy.esl
	[FE:05D] PD_VisualReload.esl
	[FE:05E] HaxRPG7.esl
	[FE:05F] BerettaM9FS.esl
	[FE:060] 1FOM_FireAxe.esl
	[FE:061] AORobcoReconScope.esl
	[FE:062] VWPlus_G11.esl
	[FE:063] VWP_WATTZ.esl
	[FE:064] CROSS_Techmask.esl
	[FE:065] Power Radius 5x.esl
	[FE:066] Companion Gravestones.esl
	[FE:067] Companion Pictures and Posters.esl
	[FE:068] Nuka Ants In The Commonwealth.esl
	[FE:069] DeployableTurretsPack.esl
	[FE:06A] MorePowerArmorStations.esl
	[FE:06B] vneck.esl
	[FE:06C] winryTop.esl
	[FE:06D] BrighterSettlementLights_ExtraBrightv1.1.esl
	[FE:06E] PWR.esl
	[FE:06F] PlantableGrass.esl
	[FE:070] Immersive_Molotovs_Flamer_Ruddy88ExtendedESL.esl
	[FE:071] Fleshy FEV Hounds.esl
	[FE:072] squireoutfit.esl
	[FE:073] JC-Shirt and Jeans.esl
	[FE:074] F4NV-N99.esl
	[FE:075] GhoulMask.esl
	[FE:076] TheKite_HCD_SynthUniform.esl
	[FE:077] TheKite_VTS.esl
	[FE:078] TheKite_CaitSet.esl
	[FE:079] TheKite_ScoopDigger.esl
	[FE:07A] TheKite_CharredVaultSuit.esl
	[FE:07B] CROSS_Swimsuit.esl
	[FE:07C] Taboolicious_StreetBrawler.esl
	[FE:07D] Automatron Protectrons Expanded.esl
	[FE:07E] BetterRoboticsDisposal.esl
	[FE:07F] HuntingShotgun.esl
	[FE:080] DiamondCityAutoClose.esl
	[FE:081] ExcavatorPA.esl
	[FE:082] ClassicSuperSledge.esl
	[FE:083] WM Chinese Assault Rifle - Standalone.esl
	[FE:084] TrueReporter.esl
	[FE:085] MagnoliaBurlesqueOutfit.esl
	[FE:086] PowerArmorBackpacks.esl
	[FE:087] Wallmageddon.esl
	[FE:088] MonkeyDepoTommy.esl
	[FE:089] SigSauer127.esl
	[FE:08A] ImmersiveTeleportation.esl
	[FE:08B] pleatedSkirt.esl
	[FE:08C] CPTop.esl
	[FE:08D] CPBottom.esl
	[FE:08E] CPBoots.esl
	[FE:08F] WearableBandAids.esl
	[FE:090] ggxGrenadeHolster.esl
	[FE:091] jShorts.esl
	[FE:092] bBottoms.esl
	[FE:093] jLeatherBra.esl
	[FE:094] hoodedJacket.esl
	[FE:095] AmaraGloves.esl
	[FE:096] AmaraVest.esl
	[FE:097] AmaraNecklace.esl
	[FE:098] leatherLaceTop.esl
	[FE:099] fTankTop.esl
	[FE:09A] fTankTop_extraVariations.esl
	[FE:09B] rageGloves.esl
	[FE:09C] rageGloves_blackout.esl
	[FE:09D] AmaraJeans.esl
	[FE:09E] AmaraBoots.esl
	[FE:09F] AmaraJeansTP.esl
	[FE:0A0] AmaraShirt.esl
	[FE:0A1] AmaraSash.esl
	[FE:0A2] AmaraShirtTP.esl
	[FE:0A3] AmaraSashTP.esl
	[FE:0A4] JmenaruHairPack.esl
	[FE:0A5] TacticalBeanie.esl
	[FE:0A6] Motoko Hair.esl
	[FE:0A7] Recharger.esl
	[FE:0A8] FlaconOil_BA2_2K_Part3.esl
	[FE:0A9] FlaconOil_BA2_2K_Part2.esl
	[FE:0AA] FlaconOil_BA2_2K_Part1.esl
	[FE:0AB] Lucid's Texture Upgrades.esl
	[FE:0AC] NMC Bundle HIGH.esl
	[FE:0AD] BetterCoastalWaves.esl
	[FE:0AE] IceStorms Poses.esl
	[FE:0AF] Hulk Smash by COOTS.esl
	[FE:0B0] PA_ShoulderFix.esl
	[FE:0B1] laserproject4k.esl
	[FE:0B2] Park Bench NPC Animation Fix.esl
	[FE:0B3] PlasmaGatlingCaster.esl
	[FE:0B4] F76 Gauss Minigun.esl
	[FE:0B5] AntiqueSynthUniform.esl
	[FE:0B6] VtawBlackRubber.esl
	[FE:0B7] Elegant Hardware.esl
	[FE:0B8] VtawWarrior.esl
	[FE:0B9] VtawSonya.esl
	[FE:0BA] VtawShirt.esl
	[FE:0BB] VtawShevaOffice.esl
	[FE:0BC] VtawSensualWear.esl
	[FE:0BD] VtawSeductive.esl
	[FE:0BE] VtawRonin.esl
	[FE:0BF] VtawPRICE.esl
	[FE:0C0] VtawPhantom.esl
	[FE:0C1] VtawNightSpy.esl
	[FE:0C2] VtawMystique.esl
	[FE:0C3] VtawLunarAssaultSuit.esl
	[FE:0C4] VtawLullaby.esl
	[FE:0C5] VtawLoba.esl
	[FE:0C6] VtawLittleDanger.esl
	[FE:0C7] VtawLancer.esl
	[FE:0C8] VtawJoy.esl
	[FE:0C9] VtawHalfLifeAlyx.esl
	[FE:0CA] VtawDark.esl
	[FE:0CB] VtawDahlia.esl
	[FE:0CC] VtawCowGirl.esl
	[FE:0CD] VtawClaire.esl
	[FE:0CE] VtawBoha.esl
	[FE:0CF] VtawBecca.esl
	[FE:0D0] VtawBabydoll.esl
	[FE:0D1] VtawYenn.esl
	[FE:0D2] VtawLeony.esl
	[FE:0D3] VtawInstituteScout.esl
	[FE:0D4] VtawHarleyQuinn.esl
	[FE:0D5] VtawClaire2.esl
	[FE:0D6] VtawGhost.esl
	[FE:0D7] vtawrebel.esl
	[FE:0D8] VtawTorn.esl
	[FE:0D9] VtawNurse.esl
	[FE:0DA] VtawMiranda.esl
	[FE:0DB] VtawSaraBellum.esl
	[FE:0DC] VtawLana.esl
	[FE:0DD] VtawSportDress.esl
	[FE:0DE] Vtawleatherdress.esl
	[FE:0DF] VtawJumpsuit.esl
	[FE:0E0] IceStormsShoes.esl
	[FE:0E1] VtawCharmant.esl
	[FE:0E2] VtawHolidayNights.esl
	[FE:0E3] ODW - RB-13.esl
	[FE:0E4] PowerArmorIntercomVoice_Balanced.esl
	[FE:0E5] ECV_RemnantsArmor.esl
	[FE:0E6] MGSBB.esl
	[FE:0E7] Mors Sit Anywhere.esl
	[FE:0E8] Synth Helmet Light.esl
	[FE:0E9] GITS_suit_by_OniNigma.esl
	[FE:0EA] Rage_octocamo_suit.esl
	[FE:0EB] Assorted Revolutionary Capes.esl
	[FE:0EC] zgchairpack.esl
	[FE:0ED] ruined_handmadeturrets.esl
	[FE:0EE] CusMarkMacTurret.esl
	[FE:0EF] Quintessential Quarries.esl
	[FE:0F0] Burly Bunkers.esl
	[FE:0F1] Mantis.esl
	[FE:0F2] jags78_UtilityBelt.esl
	[FE:0F3] FO4_Bug_Fixes_Pack.esl
	[FE:0F4] Better Containers.esl
	[FE:0F5] ConsumeWithoutPickup.esl
	[FE:0F6] VaultTec Chest Armor.esl
	[FE:0F7] pacify03.esl
	[FE:0F8] El Cazador Armor.esl
	[FE:0F9] WD_44.esl
	[FE:0FA] huntingrifleset4k.esl
	[FE:0FB] Airport_Glass_Transparency_Fix.esl
	[FE:0FC] IceStormsBladePumps.esl
	[FE:0FD] Q-35 Matter Modulator.esl
	[FE:0FE] ballisticproject4k.esl
	[FE:0FF] Jetpacks FAO.esl
	[FE:100] VtawOveralls.esl
	[FE:101] VtawPrivateApron.esl
	[FE:102] VtawKatana.esl
	[FE:103] AutoAxe.esl
	[FE:104] IceStormsStrappyStilettos.esl
	[FE:105] CWBrotherhoodOutfits.esl
	[FE:106] ParagonHairs.esl
	[FE:107] FF7R.esl
	[FE:108] BDO Hair.esl
	[FE:109] T65PA.esl
	[FE:10A] IceStormsGRL45.esl
	[FE:10B] CWRaiders.esl
	[FE:10C] AzarPonytailHairstyles.esl
	[FE:10D] VtawLady.esl
	[FE:10E] Geckos.esl
	[FE:10F] F4CW10mmSMG.esl
	[FE:110] M1928A1.esl
	[FE:111] F4NVSingleActionArmy.esl
	[FE:112] jmenaruGlasses.esl
	[FE:113] IBiteTShirt.esl
	[FE:114] jhair5.esl
	[FE:115] openLeatherJacket.esl
	[FE:116] cropTop.esl
	[FE:117] VtawMarchDress.esl
	[FE:118] TechBikini.esl
	[FE:119] CAPA.esl
	[FE:11A] CW32Pistol.esl
	[FE:11B] GCM_DLC_Far_Harbor.esl
	[FE:11C] GCM_DLC_Automatron.esl
	[FE:11D] SSTWorkshopPowerPack.esl
	[FE:11E] CritEffectTaunts.esl
	[FE:11F] flamerproject4k.esl
	[FE:120] Natural Bundle Masonry Set.esl
	[FE:121] leafblowerjunkjet4k.esl
	[FE:122] deathclawshd4k.esl
	[FE:123] MWSentryTurret.esl
	[FE:124] CWWorkshopPackPart2.esl
	[FE:125] jhair6.esl
	[FE:126] jmenaruHair.esl
	[FE:127] IceStormsAsymmetricPumps.esl
	[FE:128] EquippableMechArm.esl
	[FE:129] CoAFanaticsGirl.esl
	[FE:12A] lnrLMFO4AllInOne-PubesForeverOverlays.esl
	[FE:12B] Automatron Clean Paint.esp
	[FE:12C] Skb-MinigunsRebirth.esl
	[FE:12D] Zapgun.esl
	[FE:12E] CWHuntingRifle.esl
	[FE:12F] DroppableQuestItemsAllDLC.esl
	[FE:130] TeslaHeavyGun.esl
	[FE:131] CW10mmPistol.esl
	[FE:132] dinomore.esl
	[FE:133] CWOutfitPackPart2.esl
	[FE:134] Cazadors.esl
	[FE:135] jhair8.esl
	[FE:136] NCRArmourPack.esl
	[FE:137] CUWPP.esl
	[FE:138] Military Vehicles Retextured.esl
	[FE:139] CWBrahmin.esl
	[FE:13A] BloodRadMoleStayTopside.esl
	[FE:13B] CWGaussRifle.esl
	[FE:13C] shawmemorial4k.esl
	[FE:13D] ClassicMeleePack.esl
	[FE:13E] EnclavePack.esl
	[FE:13F] Centaur.esl
	[FE:140] WulfSalvageCombatArmor.esl
	[FE:141] ClassicUnarmedPack.esl
	[FE:142] SelectRevolver.esl
	[FE:143] PMOutfitPack.esl
	[FE:144] CCMMB_CutContent.esl
	[FE:145] Preydiation Suit.esl
	[FE:146] AORobcoReconScopePaintJobs.esl
	[FE:147] IceStormsHair.esl
	[FE:148] CROSS_VertibirdFlightsuit.esl
	[FE:149] Skb_MachinegunsRebirth.esl
	[FE:14A] HellcatPA.esl
	[FE:14B] HeavySelectShotgun.esl
	[FE:14C] WulfRaiderAccessories.esl
	[FE:14D] HiPolyFacesCompanionPlugin.esl
	[FE:14E] Wana_ScrewdriverReplacer.esl
	[FE:14F] UBHoodie.esl
	[FE:150] leatherDress.esl
	[FE:151] m69jacket.esl
	[FE:152] yokoBikini.esl
	[FE:153] jmSportsOutfit.esl
	[FE:154] sbpShirt.esl
	[FE:155] sailorSkirt.esl
	[FE:156] sArmor.esl
	[FE:157] sailorBikini.esl
	[FE:158] policeGirlTop.esl
	[FE:159] cropHoodie.esl
	[FE:15A] AOutfit.esl
	[FE:15B] jmOpenShirt.esl
	[FE:15C] Ladder.esl
	[FE:15D] Complimentary Gameplay Enh - Radio Holotape Sounds.esp
	[FE:15E] Complimentary Gameplay Enh - Broadsider Tweaks.esp
	[FE:15F] Complimentary Gameplay Enh - Movement Tweaks.esp
	[FE:160] VtawUtilityPack1.esp
	[FE:161] AlysrazaOverlays.esp
	[FE:162] Legendary Mod Additions.esp
	[FE:163] CROSS_BreakActionLaser.esp
	[FE:164] Complimentary Gameplay Enh - Ironsight DOF.esp
	[FE:165] Lots More Facial Hair.esp
	[FE:166] ToughGirlAttire.esp
	[FE:167] Complimentary Gameplay Enh - Moon Resize.esp
	[FE:168] Immersive Corpses.esp
	[FE:169] DavesPoses.esp
	[FE:16A] ClassicSniper.esp
	[FE:16B] VtawWardrobe4.esp
	[FE:16C] VtawJuly.esp
	[FE:16D] VtawAcademy.esp
	[FE:16E] Smaller Institute Weapons.esp
	[FE:16F] Complimentary Gameplay Enh - Collision of dead bodies.esp
	[FE:170] Automatron Decals.esp
	[FE:171] UsefulCrank.esp
	[FE:172] Complimentary Gameplay Enh - Food Heal Over Time.esp
	[FE:173] AGOMBz.esp
	[FE:174] VtawBunny.esp
	[FE:175] VtawPrivatePasties.esp
	[FE:176] NukaRadBans.esp
	[FE:177] Complimentary Gameplay Enh - Minigun Vertibird.esp
	[FE:178] No Bloody Mess.esp
	[FE:179] MiscHairstyle.esp
	[FE:17A] VtawWardrobe2.esp
	[FE:17B] Fixed Alpha Map.esp
	[FE:17C] VtawWardrobe1.esp
	[FE:17D] Complimentary Gameplay Enh - Legendary Enemy FX.esp
	[FE:17E] Complimentary Gameplay Enh - Combat Styles Accuracy.esp
	[FE:17F] CROSS_MojaveManhunter.esp
	[FE:180] VeryRichMerchants.esp
	[FE:181] Splinterz.esp
	[FE:182] Complimentary Gameplay Enh - Pipboy PA Lights.esp
	[FE:183] Complimentary Gameplay Enh - Sandbox Radius.esp
	[FE:184] DV-Deadly Vertibirds.esp
	[FE:185] VtawShadowYamato.esp
	[FE:186] VtawBattleSuit.esp
	[FE:187] Amelia and Dan at Bunker Hill.esp
	[FE:188] KindKasumi.esp
	[FE:189] 2pacSkimpy.esp
	[FE:18A] CCOSilverShroudReplacer.esp
	[FE:18B] DTGunnerOutfit_LeveledListPatch.esp
	[FE:18C] PetAnyDog.esp
	[FE:18D] FO4HHS.esp
	[FE:18E] jags78_CoMa.esp
	[FE:18F] Flicker Fixer.esp
	[FE:190] Dickys Pinup Outfit.esp
	[FE:191] SunLightAlignment.esp
	[FE:192] X12Plasmacaster-DamageModifiers.esp
	[FE:193] X12Plasmacaster-FactionSkins.esp
	[FE:194] X12Plasmacaster-SkinRusty.esp
	[FE:195] TFRangerGear.esp
	[FE:196] Sunshine.esp
	[FE:197] ElMudoStore.esp
	[FE:198] WinCowbowRepeater.esp
	[FE:199] GageAnchorage.esp
	[FE:19A] LooneyLongfellow.esp
	[FE:19B] MagsBlack.esp
	[FE:19C] NookyMonster DPO Textures ESL.esp
	[FE:19D] VtawVirginKiller.esp
	[FE:19E] Classic Combat Armor.esp
	[FE:19F] CROSS_BrotherhoodRecon.esp
	[FE:1A0] CourierDuster.esp
	[FE:1A1] StealthSuitDrk.esp
	[FE:1A2] FemsheppingsMegaSurgeryCenterRenovated.esp
	[FE:1A3] Textured Hair.esp
	[FE:1A4] Better Cooking Stations.esp
	[FE:1A5] CROSS_InstituteExpeditionarySuit.esp
	[FE:1A6] Makeshiftshotgun.esp
	[FE:1A7] WinchesterP94Balanced2.esp
	[FE:1A8] WinchesterP94PlasmaTweaks.esp
	[FE:1A9] VtawScientist.esp
	[FE:1AA] fog.esp
	[FE:1AB] Thematic and Practical.esp
	[FE:1AC] Thematic and Practical - DLC.esp
	[FE:1AD] Survivalist GoBags-Chem Station.esp
	[FE:1AE] M2_Flamethrower_2.2.esp
	[FE:1AF] AER-14.esp
	[FE:1B0] D98R_EarTacLight.esp
	[FE:1B1] TerrainUndersides.esp
	[FE:1B2] VtawClubDress.esp
	[FE:1B3] UltracitePA.esp
	[FE:1B4] PRL8Shotgun.esp
	[FE:1B5] ConceptCentaur.esp
	[FE:1B6] AutomatronPrewarPaints.esp
	[FE:1B7] StoreYourKeys.esp
	[FE:1B8] CWCreateABot.esp
	[FE:1B9] RBMirrorScars.esp
	[FE:1BA] RS2_M60.esp
	[FE:1BB] ImiUzi.esp
	[FE:1BC] ImiUziLvlList.esp
	[FE:1BD] WattzLaserGun.esp
	[FE:1BE] essen_protovta.esp
	[FE:1BF] VtawStreetFashion.esp
	[FE:1C0] FissionBattery.esp
	[FE:1C1] Explosives Expanded.esp
	[FE:1C2] Sun's Poses.esp
	[FE:1C3] VtawFused.esp
	[FE:1C4] TEC9.esp
	[FE:1C5] Chiappa_Rhino.esp
	[FE:1C6] Animated Drinking.esp
	[FE:1C7] AnimChemRedux.esp
	[FE:1C8] CROSS_CourserStrigidae.esp
	[FE:1C9] Cait CBBE Standalone 1.esp
	[FE:1CA] CROSS_RugerMkV.esp
	[FE:1CB] VtawActivewear.esp
	[FE:1CC] Far West Minutemen.esp
	[FE:1CD] WestTekDummyOptics.esp
	[FE:1CE] Secret Service Armor.esp
	[FE:1CF] ApalLeotard.esp
	[FE:1D0] RSh-12.esp
	[FE:1D1] VtawFreeSpirit.esp
	[FE:1D2] RCsCenterfoldPoses.esp
	[FE:1D3] CCOCheekyCasualsCraftable.esp
	[FE:1D4] CCOFoxyFactionsCraftable.esp
	[FE:1D5] CCOVulgarVillainsCraftable.esp
	[FE:1D6] CCOSaucySettlersCraftable.esp
	[FE:1D7] MoreRobotVoices.esp
	[FE:1D8] Remington700.esp
	[FE:1D9] LaserpIstolBothHands.esp
	[FE:1DA] Mk41GyrojetHMG.esp
	[FE:1DB] VWR - Explosives.esp
	[FE:1DC] HellfireRedone.esp
	[FE:1DD] Plasma Gun Rifle Grip.esp
	[FE:1DE] cVc Dead Wasteland 6 DLC.esp
	[FE:1DF] cVc Dead Wasteland 6 DLC2.esp
	[FE:1E0] VtawVelma.esp
	[FE:1E1] DP_CaravanShotgun.esp
	[FE:1E2] Caravan Shotgun Bug Fixes.esp
	[FE:1E3] AER15_DamageModifiers.esp
	[FE:1E4] Beretta92FS-SwordCutlass.esp
	[FE:1E5] NoThirstyChems.esp
	[FE:1E6] WeaponWallRacks.esp
	[FE:1E7] HAAS Automatron.esp
	[FE:1E8] nukaproject.esp
	[FE:1E9] VtawSweetDress.esp
	[FE:1EA] Tone_OverQueen.esp
	[FE:1EB] EquippableDogmeatSkinsRedux.esp
	[FE:1EC] VtawSpider.esp
	[FE:1ED] VtawSummerMiniDress.esp
	[FE:1EE] VtawUmbra.esp
	[FE:1EF] VtawKasuga.esp
	[FE:1F0] VtawHalloween2021.esp
	[FE:1F1] CraftingFramework_LMA_ESL.esp
	[FE:1F2] CraftingFramework_Free.esp
	[FE:1F3] CraftingFramework_LME.esp
	[FE:1F4] CraftingFramework_ChipLoot.esp
	[FE:1F5] CraftingFramework_MLM.esp
	[FE:1F6] HAAS Core.esp
	[FE:1F7] HAAS Nuka World.esp
	[FE:1F8] HAAS Far Harbor.esp
	[FE:1F9] CALENDAR 2022.esp
	[FE:1FA] SSNPC - DCResidentsAIO.esp
	[FE:1FB] ConcordNPCOverhaul.esp
	[FE:1FC] SS2WhisperPowerPlots.esp
	[FE:1FD] SS2_XDI Patch-Basic_esl.esp
	[FE:1FE] DX_Vault_111_Outfit.esp
	[FE:1FF] DD_TrulyGhoulish.esp
	[FE:200] ClassicGhoulRace2022.esp
	[FE:201] VtawMaxyDress.esp
	[FE:202] SS2WalledGardensAndMore.esp
	[FE:203] Power Armor HUD Switcher.esp
	[FE:204] PA_ShoulderFix.esp
	[FE:205] BlurKillerComplete.esp
	[FE:206] Fallout 4 AI Overhaul.esp
	[FE:207] DaksCombatRifle.esp
	[FE:208] TeslaVisual.esp
	[FE:209] Mama Murphys Chair Redone.esp
	[FE:20A] GoodneighborEntranceMapMarker.esp
	[FE:20B] DiamondCityGateMapMarker.esp
	[FE:20C] CR-TrainBar_Candles.esp
	[FE:20D] PEACEKEEPER.esp
	[FE:20E] PewPew.esp
	[FE:20F] htcwHighLevelPerks.esp
	[FE:210] htcwHighLevelPerks_Patch_LegendaryModification_Automatron.esp
	[FE:211] CookedPrewarFood EN.esp
	[FE:212] DX_FetishFashion_Part1.esp
	[FE:213] VtawCP77Panam.esp
	[FE:214] VtawCP77Wizzy.esp
	[FE:215] VtawCP77Rogue.esp
	[FE:216] P94PlasmaRifle.esp
	[FE:217] MTM-SpaceLaserProjectiles.esp
	[FE:218] MTM-TeslaRifleMods.esp
	[FE:219] RiotShotgun.esp
	[FE:21A] WastelandRags.esp
	[FE:21B] Vtaw2022MarchDress.esp
	[FE:21C] smmg.esp
	[FE:21D] Elzee Breathe.esp
	[FE:21E] rb_dancecyclopedia.esp
	[FE:21F] RBDiMAFace.esp
	[FE:220] RB_SynthkindRedefined.esp
	[FE:221] RB_SynthkindRedefined_NVD_Addon.esp
	[FE:222] VtawMileena.esp
	[FE:223] DX_DarkMistress.esp
	[FE:224] VtawPortal.esp
	[FE:225] VtawKimono.esp
	[FE:226] VtawCammy.esp
	[FE:227] DX_Bikini_Collection_pt2.esp
	[FE:228] DX_Bikini_Collection_pt3.esp
	[FE:229] DX_Bikini_Collection_pt4.esp
	[FE:22A] Diamond City Shanty Town.esp
	[FE:22B] MODGirlyAnimation.esp
	[FE:22C] Livewire by Shiagur.esp
	[FE:22D] Assault Rifle Reanimated.esp
	[FE:22E] DX_FetishFashion_Part2.esp
	[FE:22F] DX_Bikini_Collection_pt1.esp
	[FE:230] JF_LaserMusketPaints.esp
	[FE:231] PinUp illuminated Poster.esp
	[FE:232] VtawTennis.esp
	[FE:233] AtomsGloryThreadsPatch_CoAOverhaul.esp
	[FE:234] SS2Extended_OutfitInjectionPatch.esp
	[FE:235] YK42B_Reborn.esp
	[FE:236] Look At Me IE.esp
	[FE:237] Better Rubble.esp
	[FE:238] AForest-TrueGrass.esp
	[FE:239] VELDT - New Coke.esp
	[FE:23A] VELDT - Original Recipe.esp
	[FE:23B] VELDT - Floral Aroma.esp
	[FE:23C] BOREALIS.esp
	[FE:23D] VELDT.BOREALIS PATCH.esp
	[FE:23E] Maxson.esp
	[FE:23F] OverseerDesks.esp
	[FE:240] LKsMagnoliaAgentX..esp
	[FE:241] LKsMagnolia..esp
	[FE:242] Bashed Patch, 0.esp
	[FE:243] NastyNisha_MystolleVersion.esp
	[FE:244] Mason.esp
	[FE:245] CaptivatingCompanions.esp
	[FE:246] NVRH Enhanced.esp
	[FE:247] PA_ImprovisedBackpack.esp
	[FE:248] Diamond City Interior Cleanup - DCVenCl Patch.esp
	[FE:249] Elzee Have a Seat.esp
	[FE:24A] Elzee Cut SFX Restored.esp
	[FE:24B] ImmersiveDrumlinDiner.esp
	[FE:24C] Ony'sMovement-.-.esp
	[FE:24D] Blasted Billboards.esp
	[FE:24E] Peeling Posters.esp
	[FE:24F] Makeshifttextures.esp
	[FE:250] Gloomy Glass.esp
