Fallout 4 v1.10.163
Buffout 4 v1.26.2

Unhandled exception "EXCEPTION_ACCESS_VIOLATION" at 0x7FF6F34995BE Fallout4.exe+16B95BE

	[Compatibility]
		F4EE: true
	[Fixes]
		ActorIsHostileToActor: true
		CellInit: true
		CreateD3DAndSwapChain: true
		EncounterZoneReset: true
		GreyMovies: true
		MagicEffectApplyEvent: true
		MovementPlanner: true
		PackageAllocateLocation: true
		SafeExit: true
		TESObjectREFRGetEncounterZone: true
		UnalignedLoad: true
		UtilityShader: true
	[Patches]
		Achievements: false
		BSMTAManager: true
		BSPreCulledObjects: true
		BSTextureStreamerLocalHeap: true
		HavokMemorySystem: true
		INISettingCollection: true
		InputSwitch: false
		MaxStdIO: -1
		MemoryManager: false
		MemoryManagerDebug: false
		ScaleformAllocator: true
		SmallBlockAllocator: true
		WorkshopMenu: true
	[Warnings]
		CreateTexture2D: true
		ImageSpaceAdapter: true

SYSTEM SPECS:
	OS: Microsoft Windows 10 Pro v10.0.19041
	CPU: GenuineIntel Intel(R) Core(TM) i5-10600KF CPU @ 4.10GHz
	GPU #1: Nvidia GP104 [GeForce GTX 1070]
	GPU #2: Microsoft Basic Render Driver
	PHYSICAL MEMORY: 14.04 GB/15.91 GB

PROBABLE CALL STACK:
	[ 0] 0x7FF6F34995BE Fallout4.exe+16B95BE -> 1242880+0x1FE
	[ 1] 0x7FF6F385B316 Fallout4.exe+1A7B316 -> 1112196+0x246
	[ 2] 0x7FF6F37C192E Fallout4.exe+19E192E -> 119167+0x10E
	[ 3] 0x7FF6F37C0809 Fallout4.exe+19E0809 -> 764531+0xB9
	[ 4] 0x7FF6F3B5BEE4 Fallout4.exe+1D7BEE4 -> 232790+0xC4
	[ 5] 0x7FF6F3930F26 Fallout4.exe+1B50F26 -> 329005+0xC6
	[ 6] 0x7FF6F3931432 Fallout4.exe+1B51432 -> 194800+0x202
	[ 7] 0x7FF6F3933F67 Fallout4.exe+1B53F67 -> 1492866+0x67
	[ 8] 0x7FF6F38FCFED Fallout4.exe+1B1CFED -> 1079791+0x3D
	[ 9] 0x7FFFE0F27034 KERNEL32.DLL+0017034
	[10] 0x7FFFE1C22651    ntdll.dll+0052651

REGISTERS:
	RAX 0x0                (size_t)
	RCX 0x5                (size_t)
	RDX 0x0                (size_t)
	RBX 0x1B2FF604D20      (void*)
	RSP 0x38F771F1B0       (void*)
	RBP 0x38F771F2B0       (void*)
	RSI 0x0                (size_t)
	RDI 0x0                (size_t)
	R8  0x0                (size_t)
	R9  0x7                (size_t)
	R10 0x7FF6F1DE0000     (void*)
	R11 0x1B2AD031700      (hknpStreamContactSolver*)
	R12 0x38F771F870       (void*)
	R13 0x1                (size_t)
	R14 0x1B2FF604D20      (void*)
	R15 0x1B31D1BF110      (void*)

STACK:
	[RSP+0  ] 0x1B2C6A8FC00      (void*)
	[RSP+8  ] 0x0                (size_t)
	[RSP+10 ] 0xBDBFC66ABD03AD26 (size_t)
	[RSP+18 ] 0x25D02578         (size_t)
	[RSP+20 ] 0x400001620        (size_t)
	[RSP+28 ] 0xB1               (size_t)
	[RSP+30 ] 0x1B2FF604D00      (void*)
	[RSP+38 ] 0x1B2FF604D20      (void*)
	[RSP+40 ] 0x700000000        (size_t)
	[RSP+48 ] 0x1B2C16705A0      (void*)
	[RSP+50 ] 0xB0               (size_t)
	[RSP+58 ] 0x1B32D85FF40      (void*)
	[RSP+60 ] 0x0                (size_t)
	[RSP+68 ] 0x3100000A90       (size_t)
	[RSP+70 ] 0x1B2C16705A0      (void*)
	[RSP+78 ] 0x10000001D00      (size_t)
	[RSP+80 ] 0x3C19FE2D3C19FE2D (size_t)
	[RSP+88 ] 0x3C19FE2D3C19FE2D (size_t)
	[RSP+90 ] 0x3A890E1A3A890E1A (size_t)
	[RSP+98 ] 0x3A890E1A3A890E1A (size_t)
	[RSP+A0 ] 0x3EAF29883EAF2988 (size_t)
	[RSP+A8 ] 0x3EAF29883EAF2988 (size_t)
	[RSP+B0 ] 0xBF9152A1BF9152A1 (size_t)
	[RSP+B8 ] 0xBF9152A1BF9152A1 (size_t)
	[RSP+C0 ] 0x0                (size_t)
	[RSP+C8 ] 0x0                (size_t)
	[RSP+D0 ] 0x3B076120BC8BE9B6 (size_t)
	[RSP+D8 ] 0xBF620C9A39EECFCE (size_t)
	[RSP+E0 ] 0x0                (size_t)
	[RSP+E8 ] 0x0                (size_t)
	[RSP+F0 ] 0xBC017F92BBC89010 (size_t)
	[RSP+F8 ] 0xBCA96E0EBCB70436 (size_t)
	[RSP+100] 0x0                (size_t)
	[RSP+108] 0x0                (size_t)
	[RSP+110] 0x3A5800003B6B0000 (size_t)
	[RSP+118] 0x3BDB00003A3D0000 (size_t)
	[RSP+120] 0x1B306D06780      (void*)
	[RSP+128] 0x1B306D068A0      (void*)
	[RSP+130] 0x3FE8FE2F3FE8FE2F (size_t)
	[RSP+138] 0x3FE8FE2F3FE8FE2F (size_t)
	[RSP+140] 0x53000003E4       (size_t)
	[RSP+148] 0x1B2B533A600      (void*)
	[RSP+150] 0x6                (size_t)
	[RSP+158] 0x1B32D860240      (void*)
	[RSP+160] 0x0                (size_t)
	[RSP+168] 0x0                (size_t)
	[RSP+170] 0x1B2C16705A0      (void*)
	[RSP+178] 0xAD5              (size_t)
	[RSP+180] 0x1B32D860340      (void*)
	[RSP+188] 0x0                (size_t)
	[RSP+190] 0x0                (size_t)
	[RSP+198] 0x1B2C16705A0      (void*)
	[RSP+1A0] 0x11               (size_t)
	[RSP+1A8] 0x1B32D860440      (void*)
	[RSP+1B0] 0x0                (size_t)
	[RSP+1B8] 0x0                (size_t)
	[RSP+1C0] 0x1B306D06780      (void*)
	[RSP+1C8] 0x1B306D06780      (void*)
	[RSP+1D0] 0x0                (size_t)
	[RSP+1D8] 0x0                (size_t)
	[RSP+1E0] 0x0                (size_t)
	[RSP+1E8] 0x27               (size_t)
	[RSP+1F0] 0x1BDF3F7BBC44     (size_t)
	[RSP+1F8] 0x1BED             (size_t)
	[RSP+200] 0xC403F11EC61B2250 (size_t)
	[RSP+208] 0x3F7FFFFB449F7C01 (size_t)
	[RSP+210] 0x1B2FF604D20      (void*)
	[RSP+218] 0x1B325D06940      (void*)
	[RSP+220] 0x20               (size_t)
	[RSP+228] 0x21               (size_t)
	[RSP+230] 0x1B2FF5BEA40      (void*)
	[RSP+238] 0x7FF6F36CE532     (void* -> Fallout4.exe+18EE532)
	[RSP+240] 0x1B325D06640      (void*)
	[RSP+248] 0x1F               (size_t)
	[RSP+250] 0xBD46AE9200000020 (size_t)
	[RSP+258] 0x3F7FB100         (size_t)
	[RSP+260] 0xBF7B6DEE00000020 (size_t)
	[RSP+268] 0xBD48C75D         (size_t)
	[RSP+270] 0x1ADE3F7BBC4B     (size_t)
	[RSP+278] 0x1AE6             (size_t)
	[RSP+280] 0xC404FE59C61B1F12 (size_t)
	[RSP+288] 0x3F7FFFFB449D1948 (size_t)
	[RSP+290] 0x38F771F280       (void*)
	[RSP+298] 0x38F771F2B0       (void*)
	[RSP+2A0] 0x38F771F358       (void*)
	[RSP+2A8] 0x0                (size_t)
	[RSP+2B0] 0x0                (size_t)
	[RSP+2B8] 0x0                (size_t)
	[RSP+2C0] 0xBEA18C493E9956FD (size_t)
	[RSP+2C8] 0xBE2AEAEB         (size_t)
	[RSP+2D0] 0x0                (size_t)
	[RSP+2D8] 0x0                (size_t)
	[RSP+2E0] 0x3B214A773C8870E8 (size_t)
	[RSP+2E8] 0x3E9956FDBD5AE022 (size_t)
	[RSP+2F0] 0x0                (size_t)
	[RSP+2F8] 0x0                (size_t)
	[RSP+300] 0x412F000042570000 (size_t)
	[RSP+308] 0x3E080000412F0000 (size_t)
	[RSP+310] 0x0                (size_t)
	[RSP+318] 0x0                (size_t)
	[RSP+320] 0x1B306D06B20      (void*)
	[RSP+328] 0x0                (size_t)
	[RSP+330] 0x0                (size_t)
	[RSP+338] 0x0                (size_t)
	[RSP+340] 0x1B325D06F10      (void*)
	[RSP+348] 0x3F7FFFFC00000023 (size_t)
	[RSP+350] 0x3C7D93F700000024 (size_t)
	[RSP+358] 0x3F7FF600         (size_t)
	[RSP+360] 0xBF7CBEB800000024 (size_t)
	[RSP+368] 0x3C86B37C         (size_t)
	[RSP+370] 0x100000001        (size_t)
	[RSP+378] 0x100000001        (size_t)
	[RSP+380] 0x1B31B486540      (void*)
	[RSP+388] 0x100000001        (size_t)
	[RSP+390] 0x100000001        (size_t)
	[RSP+398] 0x100000001        (size_t)
	[RSP+3A0] 0x100000007        (size_t)
	[RSP+3A8] 0x100000001        (size_t)
	[RSP+3B0] 0x100000001        (size_t)
	[RSP+3B8] 0x100000001        (size_t)
	[RSP+3C0] 0x100000001        (size_t)
	[RSP+3C8] 0x100000001        (size_t)
	[RSP+3D0] 0xBE2AEAEBBEA18C49 (size_t)
	[RSP+3D8] 0x3E9956FD3E9956FD (size_t)
	[RSP+3E0] 0x0                (size_t)
	[RSP+3E8] 0x0                (size_t)
	[RSP+3F0] 0x100000001        (size_t)
	[RSP+3F8] 0x1200000003       (size_t)
	[RSP+400] 0x39EECFCE3B076120 (size_t)
	[RSP+408] 0xBC8BE9B6BC8BE9B6 (size_t)
	[RSP+410] 0x100000001        (size_t)
	[RSP+418] 0x100000001        (size_t)
	[RSP+420] 0x4283B8C84283B8C8 (size_t)
	[RSP+428] 0x4283B8C84283B8C8 (size_t)
	[RSP+430] 0x100000001        (size_t)
	[RSP+438] 0x100000001        (size_t)
	[RSP+440] 0x100000001        (size_t)
	[RSP+448] 0x100000001        (size_t)
	[RSP+450] 0x100000001        (size_t)
	[RSP+458] 0x100000001        (size_t)
	[RSP+460] 0x3FAA64523FAA6452 (size_t)
	[RSP+468] 0x3FAA64523FAA6452 (size_t)
	[RSP+470] 0x100000001        (size_t)
	[RSP+478] 0x100000001        (size_t)
	[RSP+480] 0x100000001        (size_t)
	[RSP+488] 0x100000001        (size_t)
	[RSP+490] 0x10000018C        (size_t)
	[RSP+498] 0x100000001        (size_t)
	[RSP+4A0] 0x355560E5355560E5 (size_t)
	[RSP+4A8] 0x355560E5355560E5 (size_t)
	[RSP+4B0] 0x10000002B        (size_t)
	[RSP+4B8] 0x100000001        (size_t)
	[RSP+4C0] 0x100000001        (size_t)
	[RSP+4C8] 0x100000001        (size_t)
	[RSP+4D0] 0x33661D8833661D88 (size_t)
	[RSP+4D8] 0x33661D8833661D88 (size_t)
	[RSP+4E0] 0x40D1933040D19330 (size_t)
	[RSP+4E8] 0x40D1933040D19330 (size_t)
	[RSP+4F0] 0x100000001        (size_t)
	[RSP+4F8] 0x100000001        (size_t)
	[RSP+500] 0x100000001        (size_t)
	[RSP+508] 0x100000001        (size_t)
	[RSP+510] 0x100000001        (size_t)
	[RSP+518] 0x100000001        (size_t)
	[RSP+520] 0x100000001        (size_t)
	[RSP+528] 0x100000001        (size_t)
	[RSP+530] 0x3C17A28E3C17A28E (size_t)
	[RSP+538] 0x3C17A28E3C17A28E (size_t)
	[RSP+540] 0x100000001        (size_t)
	[RSP+548] 0x100000001        (size_t)
	[RSP+550] 0x100000001        (size_t)
	[RSP+558] 0x100000001        (size_t)
	[RSP+560] 0x100000001        (size_t)
	[RSP+568] 0x100000001        (size_t)
	[RSP+570] 0x500000010        (size_t)
	[RSP+578] 0x100000001        (size_t)
	[RSP+580] 0x0                (size_t)
	[RSP+588] 0x100000001        (size_t)
	[RSP+590] 0x0                (size_t)
	[RSP+598] 0x0                (size_t)
	[RSP+5A0] 0x0                (size_t)
	[RSP+5A8] 0x0                (size_t)
	[RSP+5B0] 0x0                (size_t)
	[RSP+5B8] 0x0                (size_t)
	[RSP+5C0] 0x0                (size_t)
	[RSP+5C8] 0x0                (size_t)
	[RSP+5D0] 0x0                (size_t)
	[RSP+5D8] 0x0                (size_t)
	[RSP+5E0] 0x0                (size_t)
	[RSP+5E8] 0x0                (size_t)
	[RSP+5F0] 0x0                (size_t)
	[RSP+5F8] 0x0                (size_t)
	[RSP+600] 0x0                (size_t)
	[RSP+608] 0x0                (size_t)
	[RSP+610] 0x3F800000         (size_t)
	[RSP+618] 0x0                (size_t)
	[RSP+620] 0x0                (size_t)
	[RSP+628] 0x0                (size_t)
	[RSP+630] 0x0                (size_t)
	[RSP+638] 0x1B306D5B1C8      (void*)
	[RSP+640] 0x1B31B486520      (void*)
	[RSP+648] 0x1B2C3F27D48      (void*)
	[RSP+650] 0x1B31D1BF110      (void*)
	[RSP+658] 0x1B2C3F27D48      (void*)
	[RSP+660] 0x1B2C3B68C30      (void*)
	[RSP+668] 0x7FF6F385B316     (void* -> Fallout4.exe+1A7B316)
	[RSP+670] 0x1B2ABA00D50      (void*)
	[RSP+678] 0x1B31D1BF110      (void*)
	[RSP+680] 0x1B3246C04B0      (void*)
	[RSP+688] 0x38F771F870       (void*)
	[RSP+690] 0x1B31B486520      (void*)
	[RSP+698] 0x1B306D06780      (void*)
	[RSP+6A0] 0x1B306D06780      (void*)
	[RSP+6A8] 0x1B2C3F27D48      (void*)
	[RSP+6B0] 0x1B2C3F27D48      (void*)
	[RSP+6B8] 0x0                (size_t)
	[RSP+6C0] 0x0                (size_t)
	[RSP+6C8] 0x100000001        (size_t)
	[RSP+6D0] 0x3F8000003F800000 (size_t)
	[RSP+6D8] 0x3F8000003F800000 (size_t)
	[RSP+6E0] 0x1                (size_t)
	[RSP+6E8] 0x100000001        (size_t)
	[RSP+6F0] 0x9                (size_t)
	[RSP+6F8] 0x0                (size_t)
	[RSP+700] 0x7FF6F79C8001     (void* -> Fallout4.exe+5BE8001)
	[RSP+708] 0x2                (size_t)
	[RSP+710] 0x0                (size_t)
	[RSP+718] 0x7FF6F37C192E     (void* -> Fallout4.exe+19E192E)
	[RSP+720] 0x1B31D1BF110      (void*)
	[RSP+728] 0x1B32CB5BB28      (void*)
	[RSP+730] 0x1B200000000      (size_t)
	[RSP+738] 0x1B2C3B68C30      (void*)
	[RSP+740] 0x100000002        (size_t)
	[RSP+748] 0x1B2C3B68C09      (void*)
	[RSP+750] 0x100000036        (size_t)
	[RSP+758] 0x100000000        (size_t)
	[RSP+760] 0x1B306D5B1C8      (void*)
	[RSP+768] 0x100000001        (size_t)
	[RSP+770] 0x0                (size_t)
	[RSP+778] 0x1B443010430      (void*)
	[RSP+780] 0x7FF6F79C8080     (void* -> Fallout4.exe+5BE8080)
	[RSP+788] 0x1B2FC680040      (char*) "3"
	[RSP+790] 0x1B32CB5BB10      (void*)
	[RSP+798] 0x7FF6F37C0809     (void* -> Fallout4.exe+19E0809)
	[RSP+7A0] 0x1B2ABA00D50      (void*)
	[RSP+7A8] 0x2C               (size_t)
	[RSP+7B0] 0x9                (size_t)
	[RSP+7B8] 0x2                (size_t)
	[RSP+7C0] 0x1B400000002      (size_t)
	[RSP+7C8] 0x1B32CB5BB28      (void*)
	[RSP+7D0] 0x18               (size_t)
	[RSP+7D8] 0x7FF6F3B5BEE4     (void* -> Fallout4.exe+1D7BEE4)
	[RSP+7E0] 0x2                (size_t)
	[RSP+7E8] 0x38F841FC10       (void*)
	[RSP+7F0] 0x3800000000       (size_t)
	[RSP+7F8] 0x3F8              (size_t)
	[RSP+800] 0x7FF6F79C8088     (void* -> Fallout4.exe+5BE8088)
	[RSP+808] 0x1B2AD093860      (void*)
	[RSP+810] 0x0                (size_t)
	[RSP+818] 0x7FF6F3930F26     (void* -> Fallout4.exe+1B50F26)
	[RSP+820] 0x0                (size_t)
	[RSP+828] 0x1                (size_t)
	[RSP+830] 0x7FF6F79C8084     (void* -> Fallout4.exe+5BE8084)
	[RSP+838] 0x7FF6F79C8BD8     (void* -> Fallout4.exe+5BE8BD8)
	[RSP+840] 0x0                (size_t)
	[RSP+848] 0x0                (size_t)
	[RSP+850] 0x7FF6F79DF580     (void* -> Fallout4.exe+5BFF580)
	[RSP+858] 0x2                (size_t)
	[RSP+860] 0x7FF6F79C8B48     (BSJobs::JobThread*)
	[RSP+868] 0x7FF6F3931432     (void* -> Fallout4.exe+1B51432)
	[RSP+870] 0x2                (size_t)
	[RSP+878] 0x7FF6F79C8B88     (char*) "h\"
	[RSP+880] 0x0                (size_t)
	[RSP+888] 0x38F771FA90       (void*)
	[RSP+890] 0x0                (size_t)
	[RSP+898] 0x0                (size_t)
	[RSP+8A0] 0x0                (size_t)
	[RSP+8A8] 0x7FF6F3933F67     (void* -> Fallout4.exe+1B53F67)
	[RSP+8B0] 0x7FF6F79C8B48     (BSJobs::JobThread*)
	[RSP+8B8] 0x0                (size_t)
	[RSP+8C0] 0x0                (size_t)
	[RSP+8C8] 0x0                (size_t)
	[RSP+8D0] 0x7FF6F79C8B48     (BSJobs::JobThread*)
	[RSP+8D8] 0x7FF6F38FCFED     (void* -> Fallout4.exe+1B1CFED)
	[RSP+8E0] 0x4918             (size_t)
	[RSP+8E8] 0x38F771FAB0       (void*)
	[RSP+8F0] 0x1B2AB9DEE70      (void*)
	[RSP+8F8] 0x0                (size_t)
	[RSP+900] 0x7FF6F79C8B48     (BSJobs::JobThread*)
	[RSP+908] 0x0                (size_t)
	[RSP+910] 0x0                (size_t)
	[RSP+918] 0x7FFFE0F27034     (void* -> KERNEL32.DLL+0017034)
	[RSP+920] 0x0                (size_t)
	[RSP+928] 0x0                (size_t)
	[RSP+930] 0x0                (size_t)
	[RSP+938] 0x0                (size_t)
	[RSP+940] 0x0                (size_t)
	[RSP+948] 0x7FFFE1C22651     (void* -> ntdll.dll+0052651)
	[RSP+950] 0x0                (size_t)
	[RSP+958] 0x0                (size_t)
	[RSP+960] 0x0                (size_t)
	[RSP+968] 0x0                (size_t)
	[RSP+970] 0x0                (size_t)
	[RSP+978] 0x0                (size_t)
	[RSP+980] 0x6015008D00000000 (size_t)
	[RSP+988] 0x0                (size_t)
	[RSP+990] 0x0                (size_t)
	[RSP+998] 0x7FFFDF46FE70     (void* -> KERNELBASE.dll+010FE70)
	[RSP+9A0] 0x38F771E280       (void*)
	[RSP+9A8] 0xF7E80003FFFDFA9F (size_t)
	[RSP+9B0] 0x7FFFBF53FEFD     (size_t)
	[RSP+9B8] 0x38F771E280       (void*)
	[RSP+9C0] 0x0                (size_t)
	[RSP+9C8] 0x0                (size_t)
	[RSP+9D0] 0x0                (size_t)
	[RSP+9D8] 0x0                (size_t)
	[RSP+9E0] 0x0                (size_t)
	[RSP+9E8] 0x0                (size_t)
	[RSP+9F0] 0x0                (size_t)
	[RSP+9F8] 0x0                (size_t)
	[RSP+A00] 0x0                (size_t)
	[RSP+A08] 0x0                (size_t)
	[RSP+A10] 0x0                (size_t)
	[RSP+A18] 0x0                (size_t)
	[RSP+A20] 0x0                (size_t)
	[RSP+A28] 0x0                (size_t)
	[RSP+A30] 0x0                (size_t)
	[RSP+A38] 0x0                (size_t)
	[RSP+A40] 0x0                (size_t)
	[RSP+A48] 0x0                (size_t)
	[RSP+A50] 0x0                (size_t)
	[RSP+A58] 0x0                (size_t)
	[RSP+A60] 0x0                (size_t)
	[RSP+A68] 0x0                (size_t)
	[RSP+A70] 0x0                (size_t)
	[RSP+A78] 0x0                (size_t)
	[RSP+A80] 0x0                (size_t)
	[RSP+A88] 0x0                (size_t)
	[RSP+A90] 0x0                (size_t)
	[RSP+A98] 0x0                (size_t)
	[RSP+AA0] 0x0                (size_t)
	[RSP+AA8] 0x0                (size_t)
	[RSP+AB0] 0x0                (size_t)
	[RSP+AB8] 0x0                (size_t)
	[RSP+AC0] 0x0                (size_t)
	[RSP+AC8] 0x0                (size_t)
	[RSP+AD0] 0x0                (size_t)
	[RSP+AD8] 0x0                (size_t)
	[RSP+AE0] 0x0                (size_t)
	[RSP+AE8] 0x0                (size_t)
	[RSP+AF0] 0x0                (size_t)
	[RSP+AF8] 0x0                (size_t)
	[RSP+B00] 0x0                (size_t)
	[RSP+B08] 0x0                (size_t)
	[RSP+B10] 0x0                (size_t)
	[RSP+B18] 0x0                (size_t)
	[RSP+B20] 0x0                (size_t)
	[RSP+B28] 0x0                (size_t)
	[RSP+B30] 0x0                (size_t)
	[RSP+B38] 0x0                (size_t)
	[RSP+B40] 0x0                (size_t)
	[RSP+B48] 0x0                (size_t)
	[RSP+B50] 0x0                (size_t)
	[RSP+B58] 0x0                (size_t)
	[RSP+B60] 0x0                (size_t)
	[RSP+B68] 0x0                (size_t)
	[RSP+B70] 0x0                (size_t)
	[RSP+B78] 0x0                (size_t)
	[RSP+B80] 0x0                (size_t)
	[RSP+B88] 0x0                (size_t)
	[RSP+B90] 0x0                (size_t)
	[RSP+B98] 0x0                (size_t)
	[RSP+BA0] 0x0                (size_t)
	[RSP+BA8] 0x0                (size_t)
	[RSP+BB0] 0x0                (size_t)
	[RSP+BB8] 0x0                (size_t)
	[RSP+BC0] 0x0                (size_t)
	[RSP+BC8] 0x0                (size_t)
	[RSP+BD0] 0x0                (size_t)
	[RSP+BD8] 0x0                (size_t)
	[RSP+BE0] 0x0                (size_t)
	[RSP+BE8] 0x0                (size_t)
	[RSP+BF0] 0x0                (size_t)
	[RSP+BF8] 0x0                (size_t)
	[RSP+C00] 0x0                (size_t)
	[RSP+C08] 0x0                (size_t)
	[RSP+C10] 0x0                (size_t)
	[RSP+C18] 0x0                (size_t)
	[RSP+C20] 0x0                (size_t)
	[RSP+C28] 0x0                (size_t)
	[RSP+C30] 0x0                (size_t)
	[RSP+C38] 0x0                (size_t)
	[RSP+C40] 0x0                (size_t)
	[RSP+C48] 0x0                (size_t)
	[RSP+C50] 0x0                (size_t)
	[RSP+C58] 0x0                (size_t)
	[RSP+C60] 0x0                (size_t)
	[RSP+C68] 0x0                (size_t)
	[RSP+C70] 0x0                (size_t)
	[RSP+C78] 0x0                (size_t)
	[RSP+C80] 0x0                (size_t)
	[RSP+C88] 0x0                (size_t)
	[RSP+C90] 0x0                (size_t)
	[RSP+C98] 0x0                (size_t)
	[RSP+CA0] 0x0                (size_t)
	[RSP+CA8] 0x0                (size_t)
	[RSP+CB0] 0x0                (size_t)
	[RSP+CB8] 0x0                (size_t)
	[RSP+CC0] 0x0                (size_t)
	[RSP+CC8] 0x0                (size_t)
	[RSP+CD0] 0x0                (size_t)
	[RSP+CD8] 0x0                (size_t)
	[RSP+CE0] 0x0                (size_t)
	[RSP+CE8] 0x0                (size_t)
	[RSP+CF0] 0x0                (size_t)
	[RSP+CF8] 0x0                (size_t)
	[RSP+D00] 0x0                (size_t)
	[RSP+D08] 0x0                (size_t)
	[RSP+D10] 0x0                (size_t)
	[RSP+D18] 0x0                (size_t)
	[RSP+D20] 0x0                (size_t)
	[RSP+D28] 0x0                (size_t)
	[RSP+D30] 0x0                (size_t)
	[RSP+D38] 0x0                (size_t)
	[RSP+D40] 0x0                (size_t)
	[RSP+D48] 0x0                (size_t)
	[RSP+D50] 0x0                (size_t)
	[RSP+D58] 0x0                (size_t)
	[RSP+D60] 0x0                (size_t)
	[RSP+D68] 0x0                (size_t)
	[RSP+D70] 0x0                (size_t)
	[RSP+D78] 0x0                (size_t)
	[RSP+D80] 0x0                (size_t)
	[RSP+D88] 0x0                (size_t)
	[RSP+D90] 0x0                (size_t)
	[RSP+D98] 0x0                (size_t)
	[RSP+DA0] 0x0                (size_t)
	[RSP+DA8] 0x0                (size_t)
	[RSP+DB0] 0x0                (size_t)
	[RSP+DB8] 0x0                (size_t)
	[RSP+DC0] 0x0                (size_t)
	[RSP+DC8] 0x0                (size_t)
	[RSP+DD0] 0x0                (size_t)
	[RSP+DD8] 0x0                (size_t)
	[RSP+DE0] 0x0                (size_t)
	[RSP+DE8] 0x0                (size_t)
	[RSP+DF0] 0x0                (size_t)
	[RSP+DF8] 0x0                (size_t)
	[RSP+E00] 0x0                (size_t)
	[RSP+E08] 0x0                (size_t)
	[RSP+E10] 0x0                (size_t)
	[RSP+E18] 0x0                (size_t)
	[RSP+E20] 0x0                (size_t)
	[RSP+E28] 0x0                (size_t)
	[RSP+E30] 0x0                (size_t)
	[RSP+E38] 0x0                (size_t)
	[RSP+E40] 0x0                (size_t)
	[RSP+E48] 0x0                (size_t)

MODULES:

F4SE PLUGINS:
	BakaScrapHeap.dll v1.3
	BetterConsole.dll
	Buffout4.dll v1.26.2
	ClassicHolsteredWeapons.dll
	crafting_highlight_fix.dll
	Discord_Presence_F4SE.dll
	encounter_zone_recalculation.dll
	ESPExplorer.dll
	f4ee.dll
	HHS.dll
	HighFPSPhysicsFix.dll
	LL_fourPlay_1_10_163.dll
	mcm.dll
	modify_frequency.dll
	place.dll
	po3_SpellPerkItemDistributorF4.dll v2
	PowerGridTools.dll
	PRKF.dll
	rename_anything.dll
	ShadowBoostFO4.dll
	SideAim.dll v1.4
	UneducatedShooter.dll v1
	UnlimitedFastTravel.dll
	UnlimitedSurvivalMode.dll
	WmkActiveEffects.dll
	wsfw_identifier.dll
	XDI.dll

PLUGINS:
	ERROR
