Fallout 4 v1.10.163
Buffout 4 v1.28.6

Unhandled exception "EXCEPTION_ACCESS_VIOLATION" at 0x7FF6DFD79300 Fallout4.exe+0DB9300

	[Compatibility]
		F4EE: false
	[Crashlog]
		AutoOpen: true
		PromptUpload: true
	[Fixes]
		ActorIsHostileToActor: true
		CellInit: true
		CreateD3DAndSwapChain: true
		EncounterZoneReset: true
		GreyMovies: true
		MagicEffectApplyEvent: true
		MovementPlanner: true
		PackageAllocateLocation: true
		SafeExit: true
		TESObjectREFRGetEncounterZone: true
		UnalignedLoad: true
		UtilityShader: true
	[Patches]
		Achievements: true
		ArchiveLimit: false
		BSMTAManager: true
		BSPreCulledObjects: true
		BSTextureStreamerLocalHeap: false
		HavokMemorySystem: true
		INISettingCollection: false
		InputSwitch: false
		MaxStdIO: 2048
		MemoryManager: true
		MemoryManagerDebug: false
		ScaleformAllocator: true
		SmallBlockAllocator: true
		WorkshopMenu: true
	[Warnings]
		CreateTexture2D: true
		ImageSpaceAdapter: true

SYSTEM SPECS:
	OS: Microsoft Windows 11 Pro v10.0.22631
	CPU: GenuineIntel 12th Gen Intel(R) Core(TM) i5-12500H
	GPU #1: Nvidia AD107M [GeForce0RTX040500Max-Q0/0Mobile]
	GPU #2: Intel Alder Lake-P Integrated Graphics Controller
	GPU #3: Microsoft Basic Render Driver
	PHYSICAL MEMORY: 11.66 GB/15.65 GB

PROBABLE CALL STACK:
	[00] 0x7FF6DFD79300      Fallout4.exe+0DB9300 -> 62480+0x10
	[01] 0x7FF6DFD6DBCC      Fallout4.exe+0DADBCC -> 643034+0xEC
	[02] 0x7FF6DF112C3C      Fallout4.exe+0152C3C -> 1420843+0x7C
	[03] 0x7FF6DFCFE89A      Fallout4.exe+0D3E89A -> 330940+0xCA
	[04] 0x7FF6DFCF7D0D      Fallout4.exe+0D37D0D -> 708657+0x32D
	[05] 0x7FF6DFCFF253      Fallout4.exe+0D3F253 -> 407290+0x263
	[06] 0x7FF6DFD135A9      Fallout4.exe+0D535A9 -> 1085735+0x29
	[07] 0x7FF989F5A8AC f4se_1_10_163.dll+000A8AC
	[08] 0x7FF6E0ADCFED      Fallout4.exe+1B1CFED -> 1079791+0x3D
	[09] 0x7FF9D853257D      KERNEL32.DLL+001257D
	[10] 0x7FF9D8EAAA48         ntdll.dll+005AA48

REGISTERS:
	RAX 0x0                (size_t)
	RCX 0x22B50CEA080      (PlayerCharacter*)
		Object Reference: 
			File: ""
			Flags: 0x00000008
			Form ID: 0x00000007
			Form Type: 45
		File: ""
		Flags: 0x00000408
		Form ID: 0x00000014
		Form Type: 65
	RDX 0x0                (size_t)
	RBX 0x22B50CEA080      (PlayerCharacter*)
		Object Reference: 
			File: ""
			Flags: 0x00000008
			Form ID: 0x00000007
			Form Type: 45
		File: ""
		Flags: 0x00000408
		Form ID: 0x00000014
		Form Type: 65
	RSP 0x8054E7F9D0       (void*)
	RBP 0x9C0              (size_t)
	RSI 0x22B50CEA080      (PlayerCharacter*)
		Object Reference: 
			File: ""
			Flags: 0x00000008
			Form ID: 0x00000007
			Form Type: 45
		File: ""
		Flags: 0x00000408
		Form ID: 0x00000014
		Form Type: 65
	RDI 0x22B50CEA080      (PlayerCharacter*)
		Object Reference: 
			File: ""
			Flags: 0x00000008
			Form ID: 0x00000007
			Form Type: 45
		File: ""
		Flags: 0x00000408
		Form ID: 0x00000014
		Form Type: 65
	R8  0x22A893E4300      (void*)
	R9  0x22B50045A10      (void*)
	R10 0x47D50001         (size_t)
	R11 0x8054E7F3C8       (void*)
	R12 0x0                (size_t)
	R13 0x0                (size_t)
	R14 0x22AD6EECEE0      (void*)
	R15 0x9C0              (size_t)

STACK:
	[RSP+000] 0x22B50CEA080      (PlayerCharacter*)
		Object Reference: 
			File: ""
			Flags: 0x00000008
			Form ID: 0x00000007
			Form Type: 45
		File: ""
		Flags: 0x00000408
		Form ID: 0x00000014
		Form Type: 65
	[RSP+800] 0x9C0              (size_t)
	[RSP+100] 0x22AD6EED8A0      (char*) "b"
	[RSP+180] 0x22B50CEA080      (PlayerCharacter*)
		Object Reference: 
			File: ""
			Flags: 0x00000008
			Form ID: 0x00000007
			Form Type: 45
		File: ""
		Flags: 0x00000408
		Form ID: 0x00000014
		Form Type: 65
	[RSP+200] 0x22AD6EED8A0      (char*) "b"
	[RSP+280] 0x7FF6DFD6DBCC     (void* -> Fallout4.exe+0DADBCC)
	[RSP+300] 0x22B50CEA080      (PlayerCharacter*)
		Object Reference: 
			File: ""
			Flags: 0x00000008
			Form ID: 0x00000007
			Form Type: 45
		File: ""
		Flags: 0x00000408
		Form ID: 0x00000014
		Form Type: 65
	[RSP+380] 0x6700000066       (size_t)
	[RSP+400] 0x0                (size_t)
	[RSP+480] 0x0                (size_t)
	[RSP+500] 0x66               (size_t)
	[RSP+580] 0x7FF6DF112C3C     (void* -> Fallout4.exe+0152C3C)
	[RSP+600] 0x22B50CEA080      (PlayerCharacter*)
		Object Reference: 
			File: ""
			Flags: 0x00000008
			Form ID: 0x00000007
			Form Type: 45
		File: ""
		Flags: 0x00000408
		Form ID: 0x00000014
		Form Type: 65
	[RSP+680] 0x66               (size_t)
	[RSP+700] 0x0                (size_t)
	[RSP+780] 0x0                (size_t)
	[RSP+800] 0x22B50CEA080      (PlayerCharacter*)
		Object Reference: 
			File: ""
			Flags: 0x00000008
			Form ID: 0x00000007
			Form Type: 45
		File: ""
		Flags: 0x00000408
		Form ID: 0x00000014
		Form Type: 65
	[RSP+880] 0x0                (size_t)
	[RSP+900] 0x0                (size_t)
	[RSP+980] 0x0                (size_t)
	[RSP+A00] 0x0                (size_t)
	[RSP+A80] 0x0                (size_t)
	[RSP+B00] 0x0                (size_t)
	[RSP+B80] 0x0                (size_t)
	[RSP+C00] 0x0                (size_t)
	[RSP+C80] 0x0                (size_t)
	[RSP+D00] 0x0                (size_t)
	[RSP+D80] 0x0                (size_t)
	[RSP+E00] 0x0                (size_t)
	[RSP+E80] 0x0                (size_t)
	[RSP+F00] 0x0                (size_t)
	[RSP+F80] 0x0                (size_t)
	[RSP+100] 0x0                (size_t)
	[RSP+108] 0x0                (size_t)
	[RSP+110] 0x0                (size_t)
	[RSP+118] 0x0                (size_t)
	[RSP+120] 0x0                (size_t)
	[RSP+128] 0x0                (size_t)
	[RSP+130] 0x0                (size_t)
	[RSP+138] 0x0                (size_t)
	[RSP+140] 0x0                (size_t)
	[RSP+148] 0x0                (size_t)
	[RSP+150] 0x0                (size_t)
	[RSP+158] 0x0                (size_t)
	[RSP+160] 0x0                (size_t)
	[RSP+168] 0x0                (size_t)
	[RSP+170] 0x0                (size_t)
	[RSP+178] 0x0                (size_t)
	[RSP+180] 0x0                (size_t)
	[RSP+188] 0x0                (size_t)
	[RSP+190] 0x0                (size_t)
	[RSP+198] 0x0                (size_t)
	[RSP+1A0] 0x0                (size_t)
	[RSP+1A8] 0x0                (size_t)
	[RSP+1B0] 0x0                (size_t)
	[RSP+1B8] 0x0                (size_t)
	[RSP+1C0] 0x0                (size_t)
	[RSP+1C8] 0x0                (size_t)
	[RSP+1D0] 0x0                (size_t)
	[RSP+1D8] 0x0                (size_t)
	[RSP+1E0] 0x0                (size_t)
	[RSP+1E8] 0x0                (size_t)
	[RSP+1F0] 0x22AD6EECE00      (void*)
	[RSP+1F8] 0x7FF6DFCFE89A     (void* -> Fallout4.exe+0D3E89A)
	[RSP+200] 0x2                (size_t)
	[RSP+208] 0x0                (size_t)
	[RSP+210] 0x0                (size_t)
	[RSP+218] 0x0                (size_t)
	[RSP+220] 0x0                (size_t)
	[RSP+228] 0x22AD6EECE00      (void*)
	[RSP+230] 0x4500000045000000 (size_t)
	[RSP+238] 0x0                (size_t)
	[RSP+240] 0x22A892E2800      (SceneGraph*)
		Name: "WorldRoot Node"
	[RSP+248] 0x7FF6DFCF7D0D     (void* -> Fallout4.exe+0D37D0D)
	[RSP+250] 0x7FF6E274E400     (void* -> Fallout4.exe+378E400)
	[RSP+258] 0x22A893ECCC0      (NiNode*)
		Name: "ObjectLODRoot"
	[RSP+260] 0x7FF6E274E400     (void* -> Fallout4.exe+378E400)
	[RSP+268] 0x22AD6EECE00      (void*)
	[RSP+270] 0x0                (size_t)
	[RSP+278] 0x22A893ECF40      (NiNode*)
		Name: "WaterLOD"
	[RSP+280] 0x0                (size_t)
	[RSP+288] 0x0                (size_t)
	[RSP+290] 0x80000            (size_t)
	[RSP+298] 0x7FF600000000     (size_t)
	[RSP+2A0] 0x5610             (size_t)
	[RSP+2A8] 0x7FF9D8EEFB20     (void* -> ntdll.dll+009FB20)
	[RSP+2B0] 0x5610             (size_t)
	[RSP+2B8] 0x0                (size_t)
	[RSP+2C0] 0x7FF6E4A9D640     (GameScript::PathingCallbackMgr*)
	[RSP+2C8] 0x7FF6E0AD0DBA     (void* -> Fallout4.exe+1B10DBA)
	[RSP+2D0] 0x7FF6E4A65178     (void* -> Fallout4.exe+5AA5178)
	[RSP+2D8] 0x7FF6E4A65168     (void* -> Fallout4.exe+5AA5168)
	[RSP+2E0] 0x246              (size_t)
	[RSP+2E8] 0x0                (size_t)
	[RSP+2F0] 0x0                (size_t)
	[RSP+2F8] 0x22B39EBDF70      (void*)
	[RSP+300] 0x7FF6E4A65160     (void* -> Fallout4.exe+5AA5160)
	[RSP+308] 0x7FF6E0301B9B     (void* -> Fallout4.exe+1341B9B)
	[RSP+310] 0x7FF6E4A65160     (void* -> Fallout4.exe+5AA5160)
	[RSP+318] 0x0                (size_t)
	[RSP+320] 0x22AD6EED8A0      (char*) "b"
	[RSP+328] 0x42EC3ADB4E5B0000 (size_t)
	[RSP+330] 0x206              (size_t)
	[RSP+338] 0x22AF37FBDCE      (void* -> Buffout4.dll+004BDCE)
	[RSP+340] 0x5610             (size_t)
	[RSP+348] 0x0                (size_t)
	[RSP+350] 0x7FF6E1C0A948     (void* -> Fallout4.exe+2C4A948)
	[RSP+358] 0x7FF6E4A65168     (void* -> Fallout4.exe+5AA5168)
	[RSP+360] 0x7FF6E4A9D640     (GameScript::PathingCallbackMgr*)
	[RSP+368] 0x7FF6E02FFDE6     (void* -> Fallout4.exe+133FDE6)
	[RSP+370] 0x0                (size_t)
	[RSP+378] 0x22AD6EED8A0      (char*) "b"
	[RSP+380] 0x2                (size_t)
	[RSP+388] 0x0                (size_t)
	[RSP+390] 0x22AD6EED8A0      (char*) "b"
	[RSP+398] 0x7FF6E0331DAA     (void* -> Fallout4.exe+1371DAA)
	[RSP+3A0] 0x2                (size_t)
	[RSP+3A8] 0x0                (size_t)
	[RSP+3B0] 0x0                (size_t)
	[RSP+3B8] 0x0                (size_t)
	[RSP+3C0] 0x0                (size_t)
	[RSP+3C8] 0x7FF6DFCFF253     (void* -> Fallout4.exe+0D3F253)
	[RSP+3D0] 0x2                (size_t)
	[RSP+3D8] 0x0                (size_t)
	[RSP+3E0] 0x0                (size_t)
	[RSP+3E8] 0x22AD6EED8A0      (char*) "b"
	[RSP+3F0] 0x0                (size_t)
	[RSP+3F8] 0x7FF6DFD135A9     (void* -> Fallout4.exe+0D535A9)
	[RSP+400] 0x22AE2D75BA0      (`anonymous namespace'::InitGameDataThread*)
	[RSP+408] 0x0                (size_t)
	[RSP+410] 0x0                (size_t)
	[RSP+418] 0x0                (size_t)
	[RSP+420] 0x22AE2D75BA0      (`anonymous namespace'::InitGameDataThread*)
	[RSP+428] 0x7FF989F5A8AC     (void* -> f4se_1_10_163.dll+000A8AC)
	[RSP+430] 0x0                (size_t)
	[RSP+438] 0x0                (size_t)
	[RSP+440] 0x0                (size_t)
	[RSP+448] 0x0                (size_t)
	[RSP+450] 0x0                (size_t)
	[RSP+458] 0x0                (size_t)
	[RSP+460] 0x22AE2D75BA0      (`anonymous namespace'::InitGameDataThread*)
	[RSP+468] 0x0                (size_t)
	[RSP+470] 0x0                (size_t)
	[RSP+478] 0x7FF6E0ADCFED     (void* -> Fallout4.exe+1B1CFED)
	[RSP+480] 0x0                (size_t)
	[RSP+488] 0x8054E7FE70       (void*)
	[RSP+490] 0x22A892CBC90      (void*)
	[RSP+498] 0x0                (size_t)
	[RSP+4A0] 0x22AE2D75BA0      (`anonymous namespace'::InitGameDataThread*)
	[RSP+4A8] 0x0                (size_t)
	[RSP+4B0] 0x0                (size_t)
	[RSP+4B8] 0x7FF9D853257D     (void* -> KERNEL32.DLL+001257D)
	[RSP+4C0] 0x0                (size_t)
	[RSP+4C8] 0x0                (size_t)
	[RSP+4D0] 0x0                (size_t)
	[RSP+4D8] 0x0                (size_t)
	[RSP+4E0] 0x0                (size_t)
	[RSP+4E8] 0x7FF9D8EAAA48     (void* -> ntdll.dll+005AA48)
	[RSP+4F0] 0x0                (size_t)
	[RSP+4F8] 0x0                (size_t)
	[RSP+500] 0x0                (size_t)
	[RSP+508] 0x0                (size_t)
	[RSP+510] 0x0                (size_t)
	[RSP+518] 0x0                (size_t)
	[RSP+520] 0xB3B7570F00000000 (size_t)
	[RSP+528] 0x0                (size_t)
	[RSP+530] 0x4F0FFFFFB30      (size_t)
	[RSP+538] 0x7FF9D660CBB0     (void* -> KERNELBASE.dll+015CBB0)
	[RSP+540] 0x8054E7EB00       (void*)
	[RSP+548] 0x397E0000FFF2CBAF (size_t)
	[RSP+550] 0x7FF965D79CBF     (size_t)
	[RSP+558] 0x8054E7EB00       (void*)
	[RSP+560] 0x0                (size_t)
	[RSP+568] 0x0                (size_t)
	[RSP+570] 0x0                (size_t)
	[RSP+578] 0x0                (size_t)
	[RSP+580] 0x0                (size_t)
	[RSP+588] 0x0                (size_t)
	[RSP+590] 0x0                (size_t)
	[RSP+598] 0x0                (size_t)
	[RSP+5A0] 0x0                (size_t)
	[RSP+5A8] 0x0                (size_t)
	[RSP+5B0] 0x0                (size_t)
	[RSP+5B8] 0x0                (size_t)
	[RSP+5C0] 0x0                (size_t)
	[RSP+5C8] 0x0                (size_t)
	[RSP+5D0] 0x0                (size_t)
	[RSP+5D8] 0x0                (size_t)
	[RSP+5E0] 0x0                (size_t)
	[RSP+5E8] 0x0                (size_t)
	[RSP+5F0] 0x0                (size_t)
	[RSP+5F8] 0x0                (size_t)
	[RSP+600] 0x0                (size_t)
	[RSP+608] 0x0                (size_t)
	[RSP+610] 0x0                (size_t)
	[RSP+618] 0x0                (size_t)
	[RSP+620] 0x0                (size_t)
	[RSP+628] 0x0                (size_t)

MODULES:
	XINPUT1_3.dll                      0x000000400000
	X3DAudio1_7.dll                    0x0000690A0000
	steam_api64.dll                    0x0000690B0000
	Buffout4.dll                       0x022AF37B0000
	Fallout4.exe                       0x7FF6DEFC0000
	d3dcompiler_47_64.dll              0x7FF929000000
	BackportedBA2Support.dll           0x7FF929410000
	NvCamera64.dll                     0x7FF932820000
	steamclient64.dll                  0x7FF933090000
	IPHLPAPI.DLL                       0x7FF93AA20000
	gameoverlayrenderer64.dll          0x7FF93C590000
	wsfw_identifier.dll                0x7FF93C730000
	GardenOfEdenPapyrusExtender.dll    0x7FF93EE90000
	XAudio2_7.dll                      0x7FF9407D0000
	RobCo_Patcher.dll                  0x7FF940AF0000
	RememberPickAngleUpdated.dll       0x7FF940BD0000
	nvspcap64.dll                      0x7FF96E200000
	DINPUT8.dll                        0x7FF96E850000
	XDI.dll                            0x7FF976A00000
	LighthousePapyrusExtender.dll      0x7FF97AFF0000
	HHS.dll                            0x7FF97B120000
	f4ee.dll                           0x7FF97B210000
	UnlimitedSurvivalMode.dll          0x7FF97B390000
	PrivateProfileRedirector.dll       0x7FF97B940000
	PowerGridTools.dll                 0x7FF97B9A0000
	mcm.dll                            0x7FF97C400000
	po3_SimpleOffenceSuppressionF4.dll 0x7FF97E0D0000
	PapyrusScriptRunner.dll            0x7FF97EF10000
	ClassicHolsteredWeapons.dll        0x7FF97FFA0000
	HighFPSPhysicsFix.dll              0x7FF980410000
	CONCRT140.dll                      0x7FF981CF0000
	ToYourFaceFO4.dll                  0x7FF981D40000
	SprintSpeedController.dll          0x7FF985D10000
	ReloadFix.dll                      0x7FF9872B0000
	usvfs_x64.dll                      0x7FF987300000
	Outfit-ReDress-Fix.dll             0x7FF987950000
	Interior-NavCut-Fix.dll            0x7FF9889A0000
	GCBugFix.dll                       0x7FF988FF0000
	CCExtenderF4.dll                   0x7FF989880000
	cbp.dll                            0x7FF9898F0000
	BulletCountedReload.dll            0x7FF989960000
	GFSDK_SSAO_D3D11.win64.dll         0x7FF9899F0000
	flexRelease_x64.dll                0x7FF989A80000
	f4se_1_10_163.dll                  0x7FF989F50000
	EnergyWeaponCalcFix.dll            0x7FF98A1E0000
	MSVCP110.dll                       0x7FF98BBA0000
	MSVCR110.dll                       0x7FF98BC50000
	BakaMaxPapyrusOps.dll              0x7FF98BD30000
	vstdlib_s64.dll                    0x7FF98BDE0000
	tier0_s64.dll                      0x7FF98BEA0000
	crafting_highlight_fix.dll         0x7FF98C720000
	bink2w64.dll                       0x7FF9933D0000
	BlockingOverhaul.dll               0x7FF9944B0000
	cudart64_75.dll                    0x7FF9964F0000
	GFSDK_GodraysLib.x64.dll           0x7FF9974B0000
	flexExtRelease_x64.dll             0x7FF9988C0000
	f4se_steam_loader.dll              0x7FF99A1A0000
	BetterConsole.dll                  0x7FF9A1190000
	OneCoreCommonProxyStub.dll         0x7FF9A25D0000
	WeaponDebrisCrashFix.dll           0x7FF9A2920000
	inputhost.dll                      0x7FF9A3150000
	textinputframework.dll             0x7FF9A4730000
	MessageBus.dll                     0x7FF9A7480000
	winmmbase.dll                      0x7FF9AF270000
	VCRUNTIME140_1.dll                 0x7FF9B0490000
	VCRUNTIME140.dll                   0x7FF9B0670000
	MSVCP140.dll                       0x7FF9B0690000
	encounter_zone_recalculation.dll   0x7FF9B1790000
	SprintStutteringFix.dll            0x7FF9B18E0000
	MSVCP140_ATOMIC_WAIT.dll           0x7FF9B1900000
	ArmorPenetrationBugFix.dll         0x7FF9B1920000
	Windows.UI.dll                     0x7FF9B50D0000
	AmmoRemover.dll                    0x7FF9B60D0000
	ResampleDmo.DLL                    0x7FF9B6100000
	DSOUND.DLL                         0x7FF9B6530000
	msdmo.dll                          0x7FF9B67B0000
	nvwgf2umx.dll                      0x7FF9B8AB0000
	nvapi64.dll                        0x7FF9BCBA0000
	COMCTL32.dll                       0x7FF9C0CD0000
	WINSPOOL.DRV                       0x7FF9C0F70000
	AUDIOSES.DLL                       0x7FF9C11F0000
	nvToolsExt64_1.dll                 0x7FF9C2500000
	nvgpucomp64.dll                    0x7FF9C2580000
	MMDevApi.dll                       0x7FF9C6AC0000
	NvMessageBus.dll                   0x7FF9C8330000
	OneCoreUAPCommonProxyStub.dll      0x7FF9C9DC0000
	drvstore.dll                       0x7FF9CA7D0000
	cryptnet.dll                       0x7FF9CAA80000
	VERSION.dll                        0x7FF9CAD90000
	CoreUIComponents.dll               0x7FF9CC130000
	XINPUT9_1_0.dll                    0x7FF9CC910000
	directxdatabasehelper.dll          0x7FF9CCA00000
	WINMM.dll                          0x7FF9CCA50000
	avrt.dll                           0x7FF9CCDA0000
	WindowsCodecs.dll                  0x7FF9CE9C0000
	d3d11.dll                          0x7FF9CF190000
	dcomp.dll                          0x7FF9CF670000
	CoreMessaging.dll                  0x7FF9CFDA0000
	nvldumdx.dll                       0x7FF9CFF70000
	dhcpcsvc.DLL                       0x7FF9D0290000
	WINHTTP.dll                        0x7FF9D0370000
	MSIMG32.dll                        0x7FF9D0800000
	UxTheme.dll                        0x7FF9D0830000
	dxgi.dll                           0x7FF9D09F0000
	dwmapi.dll                         0x7FF9D0B00000
	dxcore.dll                         0x7FF9D3420000
	resourcepolicyclient.dll           0x7FF9D37A0000
	DbgHelp.dll                        0x7FF9D39D0000
	wintypes.dll                       0x7FF9D3F80000
	windows.storage.dll                0x7FF9D40C0000
	HID.DLL                            0x7FF9D49C0000
	IpHlpAPI.dll                       0x7FF9D4C90000
	UMPDC.dll                          0x7FF9D4FD0000
	POWRPROF.dll                       0x7FF9D4FF0000
	Secur32.dll                        0x7FF9D5070000
	kernel.appcore.dll                 0x7FF9D51E0000
	rsaenh.dll                         0x7FF9D5200000
	ntmarta.dll                        0x7FF9D52A0000
	SSPICLI.DLL                        0x7FF9D54E0000
	MSWSOCK.dll                        0x7FF9D56F0000
	CRYPTSP.dll                        0x7FF9D5950000
	CRYPTBASE.DLL                      0x7FF9D5970000
	wldp.dll                           0x7FF9D5A00000
	msasn1.dll                         0x7FF9D5E00000
	devobj.dll                         0x7FF9D5E20000
	CFGMGR32.dll                       0x7FF9D5E50000
	profapi.dll                        0x7FF9D60A0000
	gdi32full.dll                      0x7FF9D6170000
	bcryptPrimitives.dll               0x7FF9D6290000
	CRYPT32.dll                        0x7FF9D6310000
	win32u.dll                         0x7FF9D6480000
	KERNELBASE.dll                     0x7FF9D64B0000
	bcrypt.dll                         0x7FF9D6860000
	msvcp_win.dll                      0x7FF9D6890000
	ucrtbase.dll                       0x7FF9D6930000
	wintrust.dll                       0x7FF9D6B10000
	imagehlp.dll                       0x7FF9D6B80000
	COMDLG32.dll                       0x7FF9D6BA0000
	IMM32.DLL                          0x7FF9D6CA0000
	RPCRT4.dll                         0x7FF9D6E70000
	SHLWAPI.dll                        0x7FF9D6F90000
	shcore.dll                         0x7FF9D6FF0000
	PSAPI.DLL                          0x7FF9D70F0000
	NSI.dll                            0x7FF9D7100000
	sechost.dll                        0x7FF9D7110000
	clbcatq.dll                        0x7FF9D71C0000
	GDI32.dll                          0x7FF9D7270000
	ole32.dll                          0x7FF9D72A0000
	SHELL32.dll                        0x7FF9D74D0000
	USER32.dll                         0x7FF9D7D30000
	SETUPAPI.dll                       0x7FF9D80A0000
	KERNEL32.DLL                       0x7FF9D8520000
	combase.dll                        0x7FF9D85F0000
	MSCTF.dll                          0x7FF9D8980000
	WS2_32.dll                         0x7FF9D8AE0000
	ADVAPI32.dll                       0x7FF9D8BB0000
	OLEAUT32.dll                       0x7FF9D8C80000
	msvcrt.dll                         0x7FF9D8D60000
	ntdll.dll                          0x7FF9D8E50000

F4SE PLUGINS:
	AmmoRemover.dll v1.0.5
	ArmorPenetrationBugFix.dll v1
	BackportedBA2Support.dll v1
	BakaMaxPapyrusOps.dll v1.1
	BetterConsole.dll
	BlockingOverhaul.dll v1
	Buffout4.dll v1.28.6
	BulletCountedReload.dll
	cbp.dll
	CCExtenderF4.dll v1.2
	ClassicHolsteredWeapons.dll
	crafting_highlight_fix.dll
	encounter_zone_recalculation.dll
	EnergyWeaponCalcFix.dll v1
	f4ee.dll
	GardenOfEdenPapyrusExtender.dll v18.2
	GCBugFix.dll v1
	HHS.dll
	HighFPSPhysicsFix.dll
	Interior-NavCut-Fix.dll v1.0.3
	LighthousePapyrusExtender.dll v1.4
	mcm.dll
	Outfit-ReDress-Fix.dll v1
	PapyrusScriptRunner.dll v1.3.1
	po3_SimpleOffenceSuppressionF4.dll v1
	PowerGridTools.dll
	PrivateProfileRedirector.dll
	ReloadFix.dll v1.2.4
	RememberPickAngleUpdated.dll
	RobCo_Patcher.dll v3.6
	SprintSpeedController.dll v1
	SprintStutteringFix.dll
	ToYourFaceFO4.dll
	UnlimitedSurvivalMode.dll
	WeaponDebrisCrashFix.dll
	wsfw_identifier.dll
	XDI.dll

PLUGINS: